
R version 4.3.0 (2023-04-21) -- "Already Tomorrow"
Copyright (C) 2023 The R Foundation for Statistical Computing
Platform: x86_64-pc-linux-gnu (64-bit)

R is free software and comes with ABSOLUTELY NO WARRANTY.
You are welcome to redistribute it under certain conditions.
Type 'license()' or 'licence()' for distribution details.

  Natural language support but running in an English locale

R is a collaborative project with many contributors.
Type 'contributors()' for more information and
'citation()' on how to cite R or R packages in publications.

Type 'demo()' for some demos, 'help()' for on-line help, or
'help.start()' for an HTML browser interface to help.
Type 'q()' to quit R.

> rm(list = ls())
> gc()
         used (Mb) gc trigger (Mb) max used (Mb)
Ncells 284765 15.3     664565 35.5   464468 24.9
Vcells 490458  3.8    8388608 64.0  1837328 14.1
> library(dplyr)

Attaching package: ‘dplyr’

The following objects are masked from ‘package:stats’:

    filter, lag

The following objects are masked from ‘package:base’:

    intersect, setdiff, setequal, union

> library(readr)
> library(foreach)
> library(doParallel)
Loading required package: iterators
Loading required package: parallel
> 
> # Set up the number of cores used for parallelization.
> message(detectCores())
32
> num_cores <- 32
> registerDoParallel(num_cores)
> 
> #########################
> #### SEIR Simulation ####
> #########################
> time <- 365 # Number of days.
> inf <- 7 # Average infectious period length.
> N <- 1000 # Population size.
> 
> create_hh <- function() {
+   # Randomly sample household sizes such that total population is 1000 
+   # individuals.
+   hh_size <- sample(x = c(3, 4, 5, 6), size = 340, replace = T)
+   
+   # Keep households such that total population is < 1000.
+   hh_size <- hh_size[which(cumsum(hh_size) < N)]
+   
+   leftover <- N - sum(hh_size)
+   if (leftover < 3) {
+     hh <- 1:length(hh_size)
+     sampled <- sample(hh[hh_size < 6], leftover)
+     hh_size[sampled] <- hh_size[sampled] + 1
+   } else {
+     hh_size <- c(hh_size, leftover)
+   }
+   return(hh_size)
+ }
> 
> SEIR <- function(params, inf = 7, verbose = F) {
+   hh_size <- create_hh()
+   
+   # Create frame for running the simulation.
+   # ID: ID of individual.
+   # SIZE: size of individual's household.
+   # HH: ID of individual's household.
+   # S: susceptibility status.
+   # E: exposed status.
+   # E_count: number of days since exposed.
+   # I: infectious status.
+   # I_count: number of days since infectious.
+   # R: recovered status.
+   # INC: incubation period.
+   # INF: infectious period.
+   data <- data.frame(ID = 1:N,
+                      SIZE = rep(hh_size, times = hh_size),
+                      HH = rep(1:length(hh_size), times = hh_size), 
+                      S = c(0, rep(1, N - 1)), 
+                      E = c(1, rep(0, N - 1)),
+                      E_count = c(1, rep(0, N - 1)), 
+                      I = 0,
+                      I_count = 0, 
+                      R = 0, 
+                      INC = c(round(rlnorm(1, meanlog = log(29.8), sdlog = 0.45)), rep(0, N - 1)),
+                      INF = 0)
+   
+   # Create frame for storing results.
+   # ID: ID of individual.
+   # SIZE: size of individual's household.
+   # HH: ID of individual's household.
+   # TYPE: the kind of infection: household (H), community (C), or both (B).
+   # TIME: when the individual became infectious.
+   # S_NUM: number of susceptible people in individual's household when their 
+   #        infectious period begins.
+   # I_NUM: number of people in household that this individual infected over 
+   #        their infectious period.
+   results <- data[, 1:3] %>% mutate(TYPE = NA, TIME = NA, S_NUM = NA, I_NUM = 0)
+   results$TYPE[1] <- '0'
+     
+   for(t in 1:time) {
+     if (verbose) {
+       if (t %% 10 == 0) {
+         cat(paste0(t, ' '))
+       }
+     }
+     
+     # Anyone who has been infectious for as many days as their infectious period
+     # is now recovered.
+     recovered <- (data$INF > 0) & (data$I_count == data$INF)
+     if(sum(recovered, na.rm = T) > 0) {
+       data$R[recovered] <- 1
+       data$I[recovered] <- 0
+       data$I_count[recovered] <- 0 
+     }
+     
+     # Anyone who has been incubating for as many days as their incubation period
+     # is now infectious.
+     new_inf <- (data$INC > 0) & (data$E_count == data$INC)
+     num_new_inf <- sum(new_inf, na.rm = T)
+     if(num_new_inf > 0) {
+       # Change status to newly infectious and add infectious period.
+       data$I[new_inf] <- 1
+       random_inf <- rnorm(num_new_inf, mean = inf, sd = 1) %>% round()
+       data$INF[new_inf] <- random_inf
+       
+       # Remove exposure status and exposure count.
+       data$E[new_inf] <- 0
+       data$E_count[new_inf] <- 0 
+       
+       results$TIME[new_inf] <- t
+     }
+     
+     beta_E <- params[1]
+     risk_E <- pmin(beta_E * data$S, 1)
+     
+     new_exposed <- rbinom(N, 1, risk_E)
+     num_new_exposed <- sum(new_exposed, na.rm = T)
+     if(num_new_exposed > 0) {
+       # Change status to newly exposed and add incubation period.
+       data$E[new_exposed == 1] <- 1
+       random_inc <- rlnorm(num_new_exposed, meanlog = log(29.8), sdlog = 0.45) %>% round()
+       data$INC[new_exposed == 1] <- random_inc
+       
+       # Remove susceptible status.
+       data$S[new_exposed == 1] <- 0
+         
+       # Label infection types.
+       results$TYPE[new_exposed == 1] <- 'E'
+     }
+     
+     # Increment exposure and infectious counters.
+     data$E_count[data$E == 1] <- data$E_count[data$E == 1] + 1
+     data$I_count[data$I == 1] <- data$I_count[data$I == 1] + 1
+   }
+   return(results)
+ }
> 
> metrics <- function(results) {
+   # Incidence is the proportion of the population that became infected.
+   idc <- mean(!is.na(results$TIME))
+   return(c(idc))
+ }
> 
> ##############################
> #### Metropolis Algorithm ####
> ##############################
> score <- function(fit, tgt) {
+   # The score is the L² distance of the observed values from the target.
+   return(sum((fit - tgt)^2))
+ }
> 
> # The likelihood is calculated by first averaging the incidence and SAR over n
> # simulations with the state parameters. The likelihood is the negative log
> # score of the average incidence and SAR.
> likelihood <- function(state, tgt, n = 300) {
+   # If any parameter is negative, do not transition to that state.
+   if (any(state < 0)) {
+     return(-Inf)
+   }
+   # Otherwise, find the average incidence and SAR and compute likelihood.
+   vals <- foreach (i = 1:n, .combine = c) %dopar% {
+     results <- SEIR(state)
+     metrics(results)
+   }
+   vals <- matrix(vals, n, byrow = T)
+   fit <- colMeans(vals)
+   return(-log(score(fit, tgt)))
+ }
> 
> # Proposal function
> q <- function(state, sds = c(0.0000001)) {
+   # Sample from a multivariate normal distributions centered at the current 
+   # state. The SDs roughly correspond to the step-size of the chain for each 
+   # parameter.
+   return(rnorm(n = 1, mean = state, sd = sds))
+ }
> 
> # MCMC
> metropolis <- function(start, tgt, num_sim, num_iter) {
+   path <- matrix(NA, num_iter + 1, 1)
+   liks <- rep(NA, num_iter + 1)
+   
+   # Initialize current state.
+   curr <- start
+   curr_lik <- likelihood(curr, tgt, num_sim)
+   
+   # Initialize best state.
+   best <- curr
+   best_lik <- curr_lik
+   for (i in 1:num_iter) {
+     # Save the current state and its likelihood.
+     path[i, ] <- curr
+     liks[i] <- curr_lik
+       
+     cat('[', 
+         format(round(curr[1], 7), nsmall = 7, scientific = F), ']\t',
+         format(round(curr_lik, 3), nsmall = 3), '\t', sep = '')
+     
+     # Get a proposed state and calculate its likelihood.
+     prop <- q(curr)
+     prop_lik <- likelihood(prop, tgt, num_sim)
+     
+     cat('[', 
+         format(round(prop[1], 7), nsmall = 7, scientific = F), ']\t',
+         format(round(prop_lik, 3), nsmall = 3), '\t', sep = '')
+       
+     # Compute the ratio of the scores of the two states and generate a uniform 
+     # bit.
+     r <- exp(prop_lik - curr_lik)
+     p <- runif(1)
+     
+     # Print the current progress.
+     cat(format(round(r, 3), nsmall = 3), '\t', format(round(p, 3), nsmall = 3), '\n', sep = '')
+     
+     # Transition if the proposed state is better or if the coin flip succeeds.
+     if (p < r) { 
+       curr <- prop
+       curr_lik <- prop_lik
+       
+       # If the new likelihood is better than the best we've seen so far, replace 
+       # the best.
+       if (curr_lik > best_lik) {
+         best <- curr
+         best_lik <- curr_lik
+       }
+     }
+     
+     # Save the path, best state, and likelihoods so far.
+     write.table(path, file = 'path.txt', row.names = F, col.names = F)
+     write.table(liks, file = 'liks.txt', row.names = F, col.names = F)
+     write.table(best, file = 'best.txt', row.names = F, col.names = F)
+   }
+   path[num_iter + 1, ] <- curr
+   liks[num_iter + 1] <- curr_lik
+   return(list(path, liks, best))
+ }
> 
> # Solve for optimal values via MCMC.
> tgt <- c(0.05)
> start <- c(0.000150961321565693)
> results <- metropolis(start, tgt, num_sim = 5000, num_iter = 1000)
[0.0001510]	17.329	[0.0001509]	18.007	1.969	0.220
[0.0001509]	18.007	[0.0001509]	17.560	0.640	0.256
[0.0001509]	17.560	[0.0001507]	16.983	0.562	0.211
[0.0001507]	16.983	[0.0001505]	19.922	18.900	0.889
[0.0001505]	19.922	[0.0001504]	15.938	0.019	0.793
[0.0001505]	19.922	[0.0001504]	15.654	0.014	0.401
[0.0001505]	19.922	[0.0001503]	16.727	0.041	0.280
[0.0001505]	19.922	[0.0001505]	16.508	0.033	0.006
[0.0001505]	16.508	[0.0001505]	17.026	1.679	0.155
[0.0001505]	17.026	[0.0001506]	17.417	1.477	0.972
[0.0001506]	17.417	[0.0001506]	15.827	0.204	0.245
[0.0001506]	17.417	[0.0001506]	17.893	1.610	0.342
[0.0001506]	17.893	[0.0001507]	17.009	0.413	0.620
[0.0001506]	17.893	[0.0001507]	16.703	0.304	0.812
[0.0001506]	17.893	[0.0001506]	15.442	0.086	0.456
[0.0001506]	17.893	[0.0001507]	17.536	0.700	0.632
[0.0001507]	17.536	[0.0001507]	15.759	0.169	0.429
[0.0001507]	17.536	[0.0001508]	19.028	4.445	0.991
[0.0001508]	19.028	[0.0001508]	17.486	0.214	0.974
[0.0001508]	19.028	[0.0001508]	17.247	0.168	0.083
[0.0001508]	17.247	[0.0001508]	17.642	1.484	0.306
[0.0001508]	17.642	[0.0001507]	16.866	0.460	0.937
[0.0001508]	17.642	[0.0001508]	17.141	0.606	0.078
[0.0001508]	17.141	[0.0001508]	17.131	0.990	0.767
[0.0001508]	17.131	[0.0001508]	17.555	1.528	0.667
[0.0001508]	17.555	[0.0001508]	15.679	0.153	0.788
[0.0001508]	17.555	[0.0001508]	18.527	2.646	0.744
[0.0001508]	18.527	[0.0001509]	16.046	0.084	0.429
[0.0001508]	18.527	[0.0001507]	16.121	0.090	0.999
[0.0001508]	18.527	[0.0001508]	17.908	0.538	0.235
[0.0001508]	17.908	[0.0001508]	17.362	0.579	0.851
[0.0001508]	17.908	[0.0001510]	18.308	1.491	0.184
[0.0001510]	18.308	[0.0001509]	17.129	0.307	0.795
[0.0001510]	18.308	[0.0001510]	17.599	0.492	0.452
[0.0001510]	17.599	[0.0001510]	16.108	0.225	0.850
[0.0001510]	17.599	[0.0001509]	23.423	338.201	0.006
[0.0001509]	23.423	[0.0001508]	17.705	0.003	0.774
[0.0001509]	23.423	[0.0001508]	17.708	0.003	0.484
[0.0001509]	23.423	[0.0001508]	17.238	0.002	0.519
[0.0001509]	23.423	[0.0001508]	19.706	0.024	0.655
[0.0001509]	23.423	[0.0001508]	16.542	0.001	0.771
[0.0001509]	23.423	[0.0001508]	21.806	0.199	0.074
[0.0001508]	21.806	[0.0001509]	17.596	0.015	0.511
[0.0001508]	21.806	[0.0001507]	16.155	0.004	0.425
[0.0001508]	21.806	[0.0001509]	16.661	0.006	0.862
[0.0001508]	21.806	[0.0001507]	17.018	0.008	0.458
[0.0001508]	21.806	[0.0001507]	17.067	0.009	0.952
[0.0001508]	21.806	[0.0001508]	16.522	0.005	0.683
[0.0001508]	21.806	[0.0001509]	17.048	0.009	0.967
[0.0001508]	21.806	[0.0001509]	17.378	0.012	0.354
[0.0001508]	21.806	[0.0001509]	18.798	0.049	0.702
[0.0001508]	21.806	[0.0001507]	15.904	0.003	0.847
[0.0001508]	21.806	[0.0001510]	23.575	5.861	0.163
[0.0001510]	23.575	[0.0001510]	17.463	0.002	0.366
[0.0001510]	23.575	[0.0001508]	17.101	0.002	0.665
[0.0001510]	23.575	[0.0001511]	20.273	0.037	0.577
[0.0001510]	23.575	[0.0001510]	20.253	0.036	0.513
[0.0001510]	23.575	[0.0001510]	16.755	0.001	0.899
[0.0001510]	23.575	[0.0001510]	23.797	1.249	0.917
[0.0001510]	23.797	[0.0001510]	16.922	0.001	0.833
[0.0001510]	23.797	[0.0001510]	18.769	0.007	0.467
[0.0001510]	23.797	[0.0001510]	16.016	0.000	0.269
[0.0001510]	23.797	[0.0001510]	17.565	0.002	0.145
[0.0001510]	23.797	[0.0001511]	20.325	0.031	0.045
[0.0001510]	23.797	[0.0001509]	18.562	0.005	0.956
[0.0001510]	23.797	[0.0001508]	17.292	0.001	0.567
[0.0001510]	23.797	[0.0001509]	17.322	0.002	0.478
[0.0001510]	23.797	[0.0001512]	16.907	0.001	0.540
[0.0001510]	23.797	[0.0001508]	17.369	0.002	0.528
[0.0001510]	23.797	[0.0001509]	17.108	0.001	0.066
[0.0001510]	23.797	[0.0001510]	16.511	0.001	0.469
[0.0001510]	23.797	[0.0001507]	17.348	0.002	0.841
[0.0001510]	23.797	[0.0001510]	15.975	0.000	0.579
[0.0001510]	23.797	[0.0001508]	16.579	0.001	0.905
[0.0001510]	23.797	[0.0001510]	16.510	0.001	0.382
[0.0001510]	23.797	[0.0001509]	16.416	0.001	0.828
[0.0001510]	23.797	[0.0001509]	19.416	0.013	0.214
[0.0001510]	23.797	[0.0001509]	20.532	0.038	0.746
[0.0001510]	23.797	[0.0001509]	16.583	0.001	0.293
[0.0001510]	23.797	[0.0001511]	17.700	0.002	0.008
[0.0001510]	23.797	[0.0001509]	16.061	0.000	0.096
[0.0001510]	23.797	[0.0001510]	19.045	0.009	0.892
[0.0001510]	23.797	[0.0001509]	16.403	0.001	0.183
[0.0001510]	23.797	[0.0001509]	17.135	0.001	0.543
[0.0001510]	23.797	[0.0001510]	18.511	0.005	0.158
[0.0001510]	23.797	[0.0001509]	17.570	0.002	0.016
[0.0001510]	23.797	[0.0001510]	18.327	0.004	0.950
[0.0001510]	23.797	[0.0001510]	18.124	0.003	0.307
[0.0001510]	23.797	[0.0001507]	15.847	0.000	0.230
[0.0001510]	23.797	[0.0001510]	17.424	0.002	0.524
[0.0001510]	23.797	[0.0001509]	16.700	0.001	0.976
[0.0001510]	23.797	[0.0001510]	18.511	0.005	0.638
[0.0001510]	23.797	[0.0001510]	18.212	0.004	0.505
[0.0001510]	23.797	[0.0001508]	17.594	0.002	0.656
[0.0001510]	23.797	[0.0001509]	18.623	0.006	0.292
[0.0001510]	23.797	[0.0001511]	17.661	0.002	0.315
[0.0001510]	23.797	[0.0001509]	16.858	0.001	0.337
[0.0001510]	23.797	[0.0001511]	23.575	0.801	0.418
[0.0001511]	23.575	[0.0001510]	17.524	0.002	0.078
[0.0001511]	23.575	[0.0001510]	26.245	14.440	0.804
[0.0001510]	26.245	[0.0001511]	20.590	0.004	0.563
[0.0001510]	26.245	[0.0001512]	18.813	0.001	0.908
[0.0001510]	26.245	[0.0001508]	17.048	0.000	0.826
[0.0001510]	26.245	[0.0001511]	17.946	0.000	0.668
[0.0001510]	26.245	[0.0001510]	16.769	0.000	0.569
[0.0001510]	26.245	[0.0001510]	17.148	0.000	0.146
[0.0001510]	26.245	[0.0001511]	23.575	0.069	0.807
[0.0001510]	26.245	[0.0001511]	17.742	0.000	0.430
[0.0001510]	26.245	[0.0001511]	16.416	0.000	0.981
[0.0001510]	26.245	[0.0001510]	19.580	0.001	0.992
[0.0001510]	26.245	[0.0001510]	21.360	0.008	0.157
[0.0001510]	26.245	[0.0001510]	17.639	0.000	0.371
[0.0001510]	26.245	[0.0001509]	17.272	0.000	0.790
[0.0001510]	26.245	[0.0001511]	16.428	0.000	0.895
[0.0001510]	26.245	[0.0001513]	16.871	0.000	0.669
[0.0001510]	26.245	[0.0001511]	17.990	0.000	0.019
[0.0001510]	26.245	[0.0001512]	19.931	0.002	0.349
[0.0001510]	26.245	[0.0001510]	19.403	0.001	0.329
[0.0001510]	26.245	[0.0001511]	16.379	0.000	0.179
[0.0001510]	26.245	[0.0001511]	20.896	0.005	0.904
[0.0001510]	26.245	[0.0001509]	17.667	0.000	0.172
[0.0001510]	26.245	[0.0001512]	17.182	0.000	0.323
[0.0001510]	26.245	[0.0001512]	18.985	0.001	0.036
[0.0001510]	26.245	[0.0001509]	16.478	0.000	0.161
[0.0001510]	26.245	[0.0001511]	25.183	0.346	0.088
[0.0001511]	25.183	[0.0001512]	18.183	0.001	0.564
[0.0001511]	25.183	[0.0001510]	16.579	0.000	0.544
[0.0001511]	25.183	[0.0001511]	18.393	0.001	0.880
[0.0001511]	25.183	[0.0001511]	16.527	0.000	0.820
[0.0001511]	25.183	[0.0001511]	18.358	0.001	0.270
[0.0001511]	25.183	[0.0001511]	17.552	0.000	0.915
[0.0001511]	25.183	[0.0001511]	20.578	0.010	0.449
[0.0001511]	25.183	[0.0001510]	17.952	0.001	0.964
[0.0001511]	25.183	[0.0001510]	17.486	0.000	0.459
[0.0001511]	25.183	[0.0001512]	20.453	0.009	0.435
[0.0001511]	25.183	[0.0001511]	17.703	0.001	0.626
[0.0001511]	25.183	[0.0001512]	25.720	1.710	0.720
[0.0001512]	25.720	[0.0001511]	16.776	0.000	0.723
[0.0001512]	25.720	[0.0001511]	18.570	0.001	0.485
[0.0001512]	25.720	[0.0001512]	17.756	0.000	0.604
[0.0001512]	25.720	[0.0001511]	16.334	0.000	0.073
[0.0001512]	25.720	[0.0001511]	17.208	0.000	0.220
[0.0001512]	25.720	[0.0001511]	18.421	0.001	0.142
[0.0001512]	25.720	[0.0001511]	17.402	0.000	0.598
[0.0001512]	25.720	[0.0001510]	17.978	0.000	0.721
[0.0001512]	25.720	[0.0001511]	18.201	0.001	0.332
[0.0001512]	25.720	[0.0001512]	18.985	0.001	0.797
[0.0001512]	25.720	[0.0001514]	17.602	0.000	0.034
[0.0001512]	25.720	[0.0001511]	16.714	0.000	0.357
[0.0001512]	25.720	[0.0001512]	18.030	0.000	0.772
[0.0001512]	25.720	[0.0001511]	19.028	0.001	0.857
[0.0001512]	25.720	[0.0001514]	18.010	0.000	0.129
[0.0001512]	25.720	[0.0001513]	20.712	0.007	0.040
[0.0001512]	25.720	[0.0001511]	20.398	0.005	0.619
[0.0001512]	25.720	[0.0001514]	17.412	0.000	0.896
[0.0001512]	25.720	[0.0001512]	17.694	0.000	0.397
[0.0001512]	25.720	[0.0001511]	19.078	0.001	0.888
[0.0001512]	25.720	[0.0001514]	17.463	0.000	0.998
[0.0001512]	25.720	[0.0001512]	19.624	0.002	0.503
[0.0001512]	25.720	[0.0001512]	17.893	0.000	0.382
[0.0001512]	25.720	[0.0001513]	18.219	0.001	0.668
[0.0001512]	25.720	[0.0001512]	17.962	0.000	0.007
[0.0001512]	25.720	[0.0001514]	17.711	0.000	0.784
[0.0001512]	25.720	[0.0001514]	20.555	0.006	0.643
[0.0001512]	25.720	[0.0001513]	19.100	0.001	0.430
[0.0001512]	25.720	[0.0001512]	19.931	0.003	0.960
[0.0001512]	25.720	[0.0001511]	19.295	0.002	0.277
[0.0001512]	25.720	[0.0001513]	16.490	0.000	0.475
[0.0001512]	25.720	[0.0001512]	21.115	0.010	0.808
[0.0001512]	25.720	[0.0001513]	19.545	0.002	0.598
[0.0001512]	25.720	[0.0001511]	24.668	0.349	0.428
[0.0001512]	25.720	[0.0001512]	18.897	0.001	0.159
[0.0001512]	25.720	[0.0001513]	26.245	1.690	0.924
[0.0001513]	26.245	[0.0001515]	20.981	0.005	0.848
[0.0001513]	26.245	[0.0001513]	17.832	0.000	0.540
[0.0001513]	26.245	[0.0001513]	17.756	0.000	0.291
[0.0001513]	26.245	[0.0001513]	18.226	0.000	0.979
[0.0001513]	26.245	[0.0001513]	23.282	0.052	0.957
[0.0001513]	26.245	[0.0001513]	17.498	0.000	0.218
[0.0001513]	26.245	[0.0001513]	20.687	0.004	0.416
[0.0001513]	26.245	[0.0001514]	20.431	0.003	0.745
[0.0001513]	26.245	[0.0001512]	18.212	0.000	0.657
[0.0001513]	26.245	[0.0001514]	23.523	0.066	0.484
[0.0001513]	26.245	[0.0001513]	19.295	0.001	0.643
[0.0001513]	26.245	[0.0001514]	17.171	0.000	0.652
[0.0001513]	26.245	[0.0001514]	18.267	0.000	0.233
[0.0001513]	26.245	[0.0001513]	22.411	0.022	0.924
[0.0001513]	26.245	[0.0001512]	17.788	0.000	0.847
[0.0001513]	26.245	[0.0001512]	19.668	0.001	0.717
[0.0001513]	26.245	[0.0001515]	21.193	0.006	0.739
[0.0001513]	26.245	[0.0001512]	20.072	0.002	0.141
[0.0001513]	26.245	[0.0001513]	17.722	0.000	0.901
[0.0001513]	26.245	[0.0001513]	19.660	0.001	0.181
[0.0001513]	26.245	[0.0001513]	17.958	0.000	0.564
[0.0001513]	26.245	[0.0001513]	16.964	0.000	0.623
[0.0001513]	26.245	[0.0001513]	18.631	0.000	0.651
[0.0001513]	26.245	[0.0001514]	17.095	0.000	0.891
[0.0001513]	26.245	[0.0001512]	21.742	0.011	0.854
[0.0001513]	26.245	[0.0001513]	22.036	0.015	0.302
[0.0001513]	26.245	[0.0001512]	19.775	0.002	0.898
[0.0001513]	26.245	[0.0001516]	19.914	0.002	0.414
[0.0001513]	26.245	[0.0001513]	19.282	0.001	0.832
[0.0001513]	26.245	[0.0001513]	17.921	0.000	0.250
[0.0001513]	26.245	[0.0001516]	19.595	0.001	0.884
[0.0001513]	26.245	[0.0001514]	18.985	0.001	0.556
[0.0001513]	26.245	[0.0001515]	17.199	0.000	0.638
[0.0001513]	26.245	[0.0001513]	16.778	0.000	0.980
[0.0001513]	26.245	[0.0001513]	21.431	0.008	0.211
[0.0001513]	26.245	[0.0001514]	19.545	0.001	0.778
[0.0001513]	26.245	[0.0001512]	21.561	0.009	0.854
[0.0001513]	26.245	[0.0001511]	19.706	0.001	0.199
[0.0001513]	26.245	[0.0001511]	19.706	0.001	0.434
[0.0001513]	26.245	[0.0001514]	18.285	0.000	0.282
[0.0001513]	26.245	[0.0001513]	24.858	0.250	0.781
[0.0001513]	26.245	[0.0001514]	18.083	0.000	0.590
[0.0001513]	26.245	[0.0001513]	17.583	0.000	0.766
[0.0001513]	26.245	[0.0001514]	18.741	0.001	0.385
[0.0001513]	26.245	[0.0001514]	19.034	0.001	0.029
[0.0001513]	26.245	[0.0001513]	19.094	0.001	0.755
[0.0001513]	26.245	[0.0001513]	18.162	0.000	0.279
[0.0001513]	26.245	[0.0001514]	18.718	0.001	0.073
[0.0001513]	26.245	[0.0001513]	20.304	0.003	0.500
[0.0001513]	26.245	[0.0001514]	23.026	0.040	0.641
[0.0001513]	26.245	[0.0001511]	16.755	0.000	0.383
[0.0001513]	26.245	[0.0001513]	17.327	0.000	0.114
[0.0001513]	26.245	[0.0001513]	16.168	0.000	0.144
[0.0001513]	26.245	[0.0001513]	18.713	0.001	0.684
[0.0001513]	26.245	[0.0001514]	22.661	0.028	0.728
[0.0001513]	26.245	[0.0001515]	20.614	0.004	0.850
[0.0001513]	26.245	[0.0001512]	18.159	0.000	0.240
[0.0001513]	26.245	[0.0001513]	17.955	0.000	0.887
[0.0001513]	26.245	[0.0001513]	20.815	0.004	0.756
[0.0001513]	26.245	[0.0001512]	16.698	0.000	0.036
[0.0001513]	26.245	[0.0001512]	24.579	0.189	0.705
[0.0001513]	26.245	[0.0001513]	18.502	0.000	0.289
[0.0001513]	26.245	[0.0001513]	24.115	0.119	0.469
[0.0001513]	26.245	[0.0001514]	29.464	25.000	0.800
[0.0001514]	29.464	[0.0001513]	19.301	0.000	0.849
[0.0001514]	29.464	[0.0001514]	17.496	0.000	0.452
[0.0001514]	29.464	[0.0001515]	18.073	0.000	0.327
[0.0001514]	29.464	[0.0001514]	20.018	0.000	0.714
[0.0001514]	29.464	[0.0001514]	22.799	0.001	0.124
[0.0001514]	29.464	[0.0001514]	16.962	0.000	0.643
[0.0001514]	29.464	[0.0001514]	18.230	0.000	0.553
[0.0001514]	29.464	[0.0001513]	17.596	0.000	0.357
[0.0001514]	29.464	[0.0001514]	17.994	0.000	0.576
[0.0001514]	29.464	[0.0001513]	19.034	0.000	0.600
[0.0001514]	29.464	[0.0001512]	17.486	0.000	0.866
[0.0001514]	29.464	[0.0001513]	16.927	0.000	0.522
[0.0001514]	29.464	[0.0001514]	17.241	0.000	0.467
[0.0001514]	29.464	[0.0001515]	18.141	0.000	0.804
[0.0001514]	29.464	[0.0001514]	22.532	0.001	0.767
[0.0001514]	29.464	[0.0001513]	18.746	0.000	0.128
[0.0001514]	29.464	[0.0001513]	19.216	0.000	0.858
[0.0001514]	29.464	[0.0001514]	17.583	0.000	0.085
[0.0001514]	29.464	[0.0001515]	19.609	0.000	0.577
[0.0001514]	29.464	[0.0001512]	17.308	0.000	0.651
[0.0001514]	29.464	[0.0001514]	18.494	0.000	0.029
[0.0001514]	29.464	[0.0001514]	24.412	0.006	0.676
[0.0001514]	29.464	[0.0001514]	23.282	0.002	0.754
[0.0001514]	29.464	[0.0001514]	21.941	0.001	0.894
[0.0001514]	29.464	[0.0001514]	19.573	0.000	0.100
[0.0001514]	29.464	[0.0001514]	18.393	0.000	0.751
[0.0001514]	29.464	[0.0001514]	17.591	0.000	0.245
[0.0001514]	29.464	[0.0001513]	17.267	0.000	0.000
[0.0001514]	29.464	[0.0001512]	17.529	0.000	0.027
[0.0001514]	29.464	[0.0001512]	21.504	0.000	0.593
[0.0001514]	29.464	[0.0001513]	21.084	0.000	0.786
[0.0001514]	29.464	[0.0001513]	19.083	0.000	0.658
[0.0001514]	29.464	[0.0001515]	18.536	0.000	0.006
[0.0001514]	29.464	[0.0001512]	16.964	0.000	0.285
[0.0001514]	29.464	[0.0001513]	17.114	0.000	0.976
[0.0001514]	29.464	[0.0001512]	23.918	0.004	0.067
[0.0001514]	29.464	[0.0001515]	18.453	0.000	0.712
[0.0001514]	29.464	[0.0001515]	18.073	0.000	0.604
[0.0001514]	29.464	[0.0001514]	17.777	0.000	0.912
[0.0001514]	29.464	[0.0001513]	20.045	0.000	0.316
[0.0001514]	29.464	[0.0001513]	21.309	0.000	0.995
[0.0001514]	29.464	[0.0001515]	18.654	0.000	0.829
[0.0001514]	29.464	[0.0001513]	20.325	0.000	0.920
[0.0001514]	29.464	[0.0001514]	17.771	0.000	0.149
[0.0001514]	29.464	[0.0001513]	19.872	0.000	0.710
[0.0001514]	29.464	[0.0001513]	16.705	0.000	0.262
[0.0001514]	29.464	[0.0001515]	19.767	0.000	0.115
[0.0001514]	29.464	[0.0001513]	17.914	0.000	0.670
[0.0001514]	29.464	[0.0001513]	17.247	0.000	0.103
[0.0001514]	29.464	[0.0001515]	20.366	0.000	0.947
[0.0001514]	29.464	[0.0001513]	18.465	0.000	0.576
[0.0001514]	29.464	[0.0001513]	25.880	0.028	0.941
[0.0001514]	29.464	[0.0001513]	18.784	0.000	0.660
[0.0001514]	29.464	[0.0001513]	24.048	0.004	0.370
[0.0001514]	29.464	[0.0001513]	17.987	0.000	0.249
[0.0001514]	29.464	[0.0001513]	17.647	0.000	0.584
[0.0001514]	29.464	[0.0001514]	19.931	0.000	0.864
[0.0001514]	29.464	[0.0001513]	19.163	0.000	0.487
[0.0001514]	29.464	[0.0001513]	17.046	0.000	0.875
[0.0001514]	29.464	[0.0001514]	18.755	0.000	0.487
[0.0001514]	29.464	[0.0001513]	23.739	0.003	0.865
[0.0001514]	29.464	[0.0001514]	24.115	0.005	0.918
[0.0001514]	29.464	[0.0001512]	16.941	0.000	0.238
[0.0001514]	29.464	[0.0001514]	19.100	0.000	0.381
[0.0001514]	29.464	[0.0001514]	18.056	0.000	0.266
[0.0001514]	29.464	[0.0001515]	23.423	0.002	0.520
[0.0001514]	29.464	[0.0001513]	20.567	0.000	0.313
[0.0001514]	29.464	[0.0001514]	19.383	0.000	0.301
[0.0001514]	29.464	[0.0001514]	22.799	0.001	0.583
[0.0001514]	29.464	[0.0001512]	19.258	0.000	0.234
[0.0001514]	29.464	[0.0001514]	23.575	0.003	0.584
[0.0001514]	29.464	[0.0001513]	20.543	0.000	0.445
[0.0001514]	29.464	[0.0001515]	19.476	0.000	0.768
[0.0001514]	29.464	[0.0001515]	20.712	0.000	0.755
[0.0001514]	29.464	[0.0001516]	20.910	0.000	0.447
[0.0001514]	29.464	[0.0001514]	20.869	0.000	0.491
[0.0001514]	29.464	[0.0001514]	17.148	0.000	0.211
[0.0001514]	29.464	[0.0001514]	18.289	0.000	0.792
[0.0001514]	29.464	[0.0001513]	19.646	0.000	0.095
[0.0001514]	29.464	[0.0001514]	21.680	0.000	0.334
[0.0001514]	29.464	[0.0001515]	18.553	0.000	0.174
[0.0001514]	29.464	[0.0001513]	18.837	0.000	0.668
[0.0001514]	29.464	[0.0001513]	19.390	0.000	0.854
[0.0001514]	29.464	[0.0001515]	19.602	0.000	0.945
[0.0001514]	29.464	[0.0001515]	19.864	0.000	0.304
[0.0001514]	29.464	[0.0001514]	17.414	0.000	0.677
[0.0001514]	29.464	[0.0001514]	21.343	0.000	0.003
[0.0001514]	29.464	[0.0001515]	18.169	0.000	0.174
[0.0001514]	29.464	[0.0001514]	19.288	0.000	0.712
[0.0001514]	29.464	[0.0001512]	18.732	0.000	0.833
[0.0001514]	29.464	[0.0001513]	19.815	0.000	0.412
[0.0001514]	29.464	[0.0001514]	17.348	0.000	0.654
[0.0001514]	29.464	[0.0001515]	21.309	0.000	0.907
[0.0001514]	29.464	[0.0001513]	17.446	0.000	0.561
[0.0001514]	29.464	[0.0001512]	19.301	0.000	0.288
[0.0001514]	29.464	[0.0001512]	17.426	0.000	0.117
[0.0001514]	29.464	[0.0001511]	16.853	0.000	0.567
[0.0001514]	29.464	[0.0001514]	26.245	0.040	0.554
[0.0001514]	29.464	[0.0001512]	18.553	0.000	0.706
[0.0001514]	29.464	[0.0001514]	17.658	0.000	0.622
[0.0001514]	29.464	[0.0001513]	18.867	0.000	0.899
[0.0001514]	29.464	[0.0001513]	20.184	0.000	0.034
[0.0001514]	29.464	[0.0001514]	20.263	0.000	0.666
[0.0001514]	29.464	[0.0001514]	19.889	0.000	0.336
[0.0001514]	29.464	[0.0001513]	19.123	0.000	0.438
[0.0001514]	29.464	[0.0001512]	20.650	0.000	0.069
[0.0001514]	29.464	[0.0001512]	25.434	0.018	0.704
[0.0001514]	29.464	[0.0001514]	21.162	0.000	0.816
[0.0001514]	29.464	[0.0001512]	18.654	0.000	0.146
[0.0001514]	29.464	[0.0001514]	18.205	0.000	0.668
[0.0001514]	29.464	[0.0001515]	17.791	0.000	0.028
[0.0001514]	29.464	[0.0001513]	18.237	0.000	0.963
[0.0001514]	29.464	[0.0001513]	18.494	0.000	0.149
[0.0001514]	29.464	[0.0001511]	16.257	0.000	0.583
[0.0001514]	29.464	[0.0001513]	17.529	0.000	0.164
[0.0001514]	29.464	[0.0001513]	18.892	0.000	0.457
[0.0001514]	29.464	[0.0001514]	19.609	0.000	0.781
[0.0001514]	29.464	[0.0001513]	19.174	0.000	0.527
[0.0001514]	29.464	[0.0001511]	17.557	0.000	0.883
[0.0001514]	29.464	[0.0001514]	17.994	0.000	0.999
[0.0001514]	29.464	[0.0001513]	17.288	0.000	0.891
[0.0001514]	29.464	[0.0001514]	17.949	0.000	0.573
[0.0001514]	29.464	[0.0001514]	18.933	0.000	0.575
[0.0001514]	29.464	[0.0001513]	21.806	0.000	0.017
[0.0001514]	29.464	[0.0001513]	21.010	0.000	0.751
[0.0001514]	29.464	[0.0001515]	18.033	0.000	0.581
[0.0001514]	29.464	[0.0001514]	18.449	0.000	0.854
[0.0001514]	29.464	[0.0001514]	17.422	0.000	0.651
[0.0001514]	29.464	[0.0001514]	18.274	0.000	0.768
[0.0001514]	29.464	[0.0001514]	18.959	0.000	0.007
[0.0001514]	29.464	[0.0001512]	22.086	0.001	0.150
[0.0001514]	29.464	[0.0001513]	21.115	0.000	0.452
[0.0001514]	29.464	[0.0001514]	19.089	0.000	0.327
[0.0001514]	29.464	[0.0001514]	18.141	0.000	0.966
[0.0001514]	29.464	[0.0001513]	17.868	0.000	0.963
[0.0001514]	29.464	[0.0001514]	16.414	0.000	0.708
[0.0001514]	29.464	[0.0001514]	20.398	0.000	0.311
[0.0001514]	29.464	[0.0001513]	20.214	0.000	0.508
[0.0001514]	29.464	[0.0001514]	17.366	0.000	0.493
[0.0001514]	29.464	[0.0001514]	18.718	0.000	0.767
[0.0001514]	29.464	[0.0001514]	19.396	0.000	0.813
[0.0001514]	29.464	[0.0001514]	18.832	0.000	0.304
[0.0001514]	29.464	[0.0001513]	21.193	0.000	0.367
[0.0001514]	29.464	[0.0001513]	18.389	0.000	0.315
[0.0001514]	29.464	[0.0001514]	18.943	0.000	0.665
[0.0001514]	29.464	[0.0001513]	16.663	0.000	0.889
[0.0001514]	29.464	[0.0001514]	18.312	0.000	0.309
[0.0001514]	29.464	[0.0001513]	18.304	0.000	0.341
[0.0001514]	29.464	[0.0001514]	18.007	0.000	0.862
[0.0001514]	29.464	[0.0001514]	17.899	0.000	0.650
[0.0001514]	29.464	[0.0001513]	19.767	0.000	0.892
[0.0001514]	29.464	[0.0001514]	18.437	0.000	0.435
[0.0001514]	29.464	[0.0001513]	21.209	0.000	0.584
[0.0001514]	29.464	[0.0001516]	21.620	0.000	0.030
[0.0001514]	29.464	[0.0001516]	18.274	0.000	0.405
[0.0001514]	29.464	[0.0001514]	27.266	0.111	0.255
[0.0001514]	29.464	[0.0001514]	18.897	0.000	0.100
[0.0001514]	29.464	[0.0001514]	24.185	0.005	0.101
[0.0001514]	29.464	[0.0001516]	17.336	0.000	0.663
[0.0001514]	29.464	[0.0001515]	18.198	0.000	0.722
[0.0001514]	29.464	[0.0001512]	20.304	0.000	0.171
[0.0001514]	29.464	[0.0001514]	19.151	0.000	0.117
[0.0001514]	29.464	[0.0001513]	19.956	0.000	0.452
[0.0001514]	29.464	[0.0001514]	18.358	0.000	0.468
[0.0001514]	29.464	[0.0001513]	17.052	0.000	0.082
[0.0001514]	29.464	[0.0001513]	18.107	0.000	0.750
[0.0001514]	29.464	[0.0001513]	21.504	0.000	0.171
[0.0001514]	29.464	[0.0001514]	20.009	0.000	0.249
[0.0001514]	29.464	[0.0001513]	18.187	0.000	0.532
[0.0001514]	29.464	[0.0001514]	20.750	0.000	0.926
[0.0001514]	29.464	[0.0001513]	20.304	0.000	0.946
[0.0001514]	29.464	[0.0001517]	17.815	0.000	0.746
[0.0001514]	29.464	[0.0001515]	19.186	0.000	0.089
[0.0001514]	29.464	[0.0001514]	16.233	0.000	0.225
[0.0001514]	29.464	[0.0001513]	20.486	0.000	0.546
[0.0001514]	29.464	[0.0001515]	18.274	0.000	0.286
[0.0001514]	29.464	[0.0001514]	25.572	0.020	0.322
[0.0001514]	29.464	[0.0001512]	19.140	0.000	0.969
[0.0001514]	29.464	[0.0001514]	18.803	0.000	0.027
[0.0001514]	29.464	[0.0001513]	25.434	0.018	0.417
[0.0001514]	29.464	[0.0001514]	18.007	0.000	0.279
[0.0001514]	29.464	[0.0001512]	16.950	0.000	0.008
[0.0001514]	29.464	[0.0001513]	17.106	0.000	0.069
[0.0001514]	29.464	[0.0001512]	17.009	0.000	0.006
[0.0001514]	29.464	[0.0001514]	17.751	0.000	0.030
[0.0001514]	29.464	[0.0001514]	17.182	0.000	0.141
[0.0001514]	29.464	[0.0001513]	23.282	0.002	0.184
[0.0001514]	29.464	[0.0001512]	17.402	0.000	0.018
[0.0001514]	29.464	[0.0001513]	18.933	0.000	0.387
[0.0001514]	29.464	[0.0001513]	22.061	0.001	0.137
[0.0001514]	29.464	[0.0001514]	20.883	0.000	0.592
[0.0001514]	29.464	[0.0001512]	17.478	0.000	0.795
[0.0001514]	29.464	[0.0001513]	19.839	0.000	0.055
[0.0001514]	29.464	[0.0001514]	17.108	0.000	0.645
[0.0001514]	29.464	[0.0001513]	22.297	0.001	0.237
[0.0001514]	29.464	[0.0001515]	19.276	0.000	0.010
[0.0001514]	29.464	[0.0001510]	19.012	0.000	0.378
[0.0001514]	29.464	[0.0001514]	17.402	0.000	0.584
[0.0001514]	29.464	[0.0001513]	18.704	0.000	0.699
[0.0001514]	29.464	[0.0001514]	18.369	0.000	0.489
[0.0001514]	29.464	[0.0001513]	19.246	0.000	0.692
[0.0001514]	29.464	[0.0001514]	20.498	0.000	0.327
[0.0001514]	29.464	[0.0001515]	19.815	0.000	0.017
[0.0001514]	29.464	[0.0001514]	21.561	0.000	0.778
[0.0001514]	29.464	[0.0001515]	20.072	0.000	0.898
[0.0001514]	29.464	[0.0001513]	19.061	0.000	0.434
[0.0001514]	29.464	[0.0001512]	18.897	0.000	0.536
[0.0001514]	29.464	[0.0001514]	21.561	0.000	0.829
[0.0001514]	29.464	[0.0001514]	20.855	0.000	0.065
[0.0001514]	29.464	[0.0001515]	16.522	0.000	0.270
[0.0001514]	29.464	[0.0001514]	17.473	0.000	0.293
[0.0001514]	29.464	[0.0001514]	17.850	0.000	0.764
[0.0001514]	29.464	[0.0001514]	17.063	0.000	0.464
[0.0001514]	29.464	[0.0001515]	19.390	0.000	0.536
[0.0001514]	29.464	[0.0001513]	18.086	0.000	0.834
[0.0001514]	29.464	[0.0001515]	19.490	0.000	0.063
[0.0001514]	29.464	[0.0001514]	17.612	0.000	0.242
[0.0001514]	29.464	[0.0001514]	19.660	0.000	0.227
[0.0001514]	29.464	[0.0001512]	17.097	0.000	0.099
[0.0001514]	29.464	[0.0001514]	21.054	0.000	0.451
[0.0001514]	29.464	[0.0001514]	25.880	0.028	0.709
[0.0001514]	29.464	[0.0001513]	18.297	0.000	0.117
[0.0001514]	29.464	[0.0001514]	18.278	0.000	0.483
[0.0001514]	29.464	[0.0001513]	18.583	0.000	0.967
[0.0001514]	29.464	[0.0001515]	19.668	0.000	0.333
[0.0001514]	29.464	[0.0001513]	17.238	0.000	0.224
[0.0001514]	29.464	[0.0001514]	18.779	0.000	0.118
[0.0001514]	29.464	[0.0001513]	18.169	0.000	0.756
[0.0001514]	29.464	[0.0001513]	17.381	0.000	0.401
[0.0001514]	29.464	[0.0001513]	17.930	0.000	0.840
[0.0001514]	29.464	[0.0001514]	20.486	0.000	0.578
[0.0001514]	29.464	[0.0001513]	17.887	0.000	0.072
[0.0001514]	29.464	[0.0001513]	19.252	0.000	0.616
[0.0001514]	29.464	[0.0001513]	16.596	0.000	0.659
[0.0001514]	29.464	[0.0001514]	19.823	0.000	0.057
[0.0001514]	29.464	[0.0001515]	21.395	0.000	0.070
[0.0001514]	29.464	[0.0001515]	22.162	0.001	0.633
[0.0001514]	29.464	[0.0001515]	17.560	0.000	0.889
[0.0001514]	29.464	[0.0001514]	18.949	0.000	0.643
[0.0001514]	29.464	[0.0001513]	18.494	0.000	0.475
[0.0001514]	29.464	[0.0001516]	19.595	0.000	0.705
[0.0001514]	29.464	[0.0001513]	17.672	0.000	0.135
[0.0001514]	29.464	[0.0001513]	26.054	0.033	0.417
[0.0001514]	29.464	[0.0001515]	19.839	0.000	0.309
[0.0001514]	29.464	[0.0001512]	17.952	0.000	0.464
[0.0001514]	29.464	[0.0001514]	17.768	0.000	0.901
[0.0001514]	29.464	[0.0001515]	18.304	0.000	0.936
[0.0001514]	29.464	[0.0001512]	18.596	0.000	0.451
[0.0001514]	29.464	[0.0001513]	17.334	0.000	0.959
[0.0001514]	29.464	[0.0001514]	18.145	0.000	0.831
[0.0001514]	29.464	[0.0001513]	18.985	0.000	0.760
[0.0001514]	29.464	[0.0001511]	17.030	0.000	0.402
[0.0001514]	29.464	[0.0001515]	17.407	0.000	0.034
[0.0001514]	29.464	[0.0001513]	18.832	0.000	0.531
[0.0001514]	29.464	[0.0001513]	17.591	0.000	0.852
[0.0001514]	29.464	[0.0001512]	18.453	0.000	0.208
[0.0001514]	29.464	[0.0001513]	18.515	0.000	0.957
[0.0001514]	29.464	[0.0001514]	20.027	0.000	0.985
[0.0001514]	29.464	[0.0001515]	19.545	0.000	0.519
[0.0001514]	29.464	[0.0001513]	19.222	0.000	0.923
[0.0001514]	29.464	[0.0001513]	17.171	0.000	0.701
[0.0001514]	29.464	[0.0001513]	20.952	0.000	0.962
[0.0001514]	29.464	[0.0001514]	20.675	0.000	0.074
[0.0001514]	29.464	[0.0001514]	16.995	0.000	0.582
[0.0001514]	29.464	[0.0001513]	17.683	0.000	0.737
[0.0001514]	29.464	[0.0001513]	21.660	0.000	0.228
[0.0001514]	29.464	[0.0001511]	20.662	0.000	0.736
[0.0001514]	29.464	[0.0001513]	22.501	0.001	0.126
[0.0001514]	29.464	[0.0001513]	26.245	0.040	0.046
[0.0001514]	29.464	[0.0001514]	18.465	0.000	0.619
[0.0001514]	29.464	[0.0001514]	17.283	0.000	0.233
[0.0001514]	29.464	[0.0001514]	17.456	0.000	0.907
[0.0001514]	29.464	[0.0001515]	20.345	0.000	0.156
[0.0001514]	29.464	[0.0001513]	21.660	0.000	0.091
[0.0001514]	29.464	[0.0001514]	18.667	0.000	0.716
[0.0001514]	29.464	[0.0001513]	21.449	0.000	0.283
[0.0001514]	29.464	[0.0001513]	17.714	0.000	0.071
[0.0001514]	29.464	[0.0001514]	19.023	0.000	0.825
[0.0001514]	29.464	[0.0001513]	23.683	0.003	0.579
[0.0001514]	29.464	[0.0001513]	18.049	0.000	0.386
[0.0001514]	29.464	[0.0001513]	20.464	0.000	0.412
[0.0001514]	29.464	[0.0001513]	21.467	0.000	0.229
[0.0001514]	29.464	[0.0001512]	18.241	0.000	0.745
[0.0001514]	29.464	[0.0001513]	17.639	0.000	0.423
[0.0001514]	29.464	[0.0001513]	18.252	0.000	0.699
[0.0001514]	29.464	[0.0001514]	21.025	0.000	0.630
[0.0001514]	29.464	[0.0001513]	16.939	0.000	0.915
[0.0001514]	29.464	[0.0001513]	18.769	0.000	0.730
[0.0001514]	29.464	[0.0001513]	20.981	0.000	0.383
[0.0001514]	29.464	[0.0001513]	18.832	0.000	0.694
[0.0001514]	29.464	[0.0001515]	19.815	0.000	0.472
[0.0001514]	29.464	[0.0001513]	19.028	0.000	0.819
[0.0001514]	29.464	[0.0001512]	17.634	0.000	0.481
[0.0001514]	29.464	[0.0001515]	19.939	0.000	0.810
[0.0001514]	29.464	[0.0001514]	18.267	0.000	0.028
[0.0001514]	29.464	[0.0001513]	27.631	0.160	0.273
[0.0001514]	29.464	[0.0001513]	19.123	0.000	0.918
[0.0001514]	29.464	[0.0001513]	16.452	0.000	0.998
[0.0001514]	29.464	[0.0001512]	18.046	0.000	0.147
[0.0001514]	29.464	[0.0001513]	17.955	0.000	0.178
[0.0001514]	29.464	[0.0001513]	18.918	0.000	0.134
[0.0001514]	29.464	[0.0001514]	18.365	0.000	0.592
[0.0001514]	29.464	[0.0001512]	24.258	0.005	0.662
[0.0001514]	29.464	[0.0001515]	17.079	0.000	0.267
[0.0001514]	29.464	[0.0001513]	16.755	0.000	0.811
[0.0001514]	29.464	[0.0001515]	19.566	0.000	0.548
[0.0001514]	29.464	[0.0001514]	18.335	0.000	0.738
[0.0001514]	29.464	[0.0001514]	18.148	0.000	0.492
[0.0001514]	29.464	[0.0001514]	21.343	0.000	0.805
[0.0001514]	29.464	[0.0001512]	18.631	0.000	0.113
[0.0001514]	29.464	[0.0001513]	18.718	0.000	0.155
[0.0001514]	29.464	[0.0001514]	19.072	0.000	0.602
[0.0001514]	29.464	[0.0001512]	19.991	0.000	0.827
[0.0001514]	29.464	[0.0001511]	20.027	0.000	0.564
[0.0001514]	29.464	[0.0001513]	19.974	0.000	0.938
[0.0001514]	29.464	[0.0001514]	20.614	0.000	0.179
[0.0001514]	29.464	[0.0001516]	18.912	0.000	0.847
[0.0001514]	29.464	[0.0001513]	18.991	0.000	0.792
[0.0001514]	29.464	[0.0001514]	19.566	0.000	0.244
[0.0001514]	29.464	[0.0001511]	16.700	0.000	0.480
[0.0001514]	29.464	[0.0001514]	19.609	0.000	0.476
[0.0001514]	29.464	[0.0001513]	21.965	0.001	0.089
[0.0001514]	29.464	[0.0001513]	23.472	0.002	0.799
[0.0001514]	29.464	[0.0001513]	19.638	0.000	0.168
[0.0001514]	29.464	[0.0001513]	17.547	0.000	0.631
[0.0001514]	29.464	[0.0001514]	24.115	0.005	0.907
[0.0001514]	29.464	[0.0001514]	21.806	0.000	0.383
[0.0001514]	29.464	[0.0001513]	17.832	0.000	0.898
[0.0001514]	29.464	[0.0001514]	17.859	0.000	0.897
[0.0001514]	29.464	[0.0001516]	21.850	0.000	0.508
[0.0001514]	29.464	[0.0001514]	16.395	0.000	0.690
[0.0001514]	29.464	[0.0001513]	17.067	0.000	0.941
[0.0001514]	29.464	[0.0001513]	17.823	0.000	0.613
[0.0001514]	29.464	[0.0001513]	20.109	0.000	0.530
[0.0001514]	29.464	[0.0001514]	20.614	0.000	0.540
[0.0001514]	29.464	[0.0001515]	17.686	0.000	0.133
[0.0001514]	29.464	[0.0001513]	Inf	Inf	0.712
[0.0001513]	Inf	[0.0001513]	22.441	0.000	0.276
[0.0001513]	Inf	[0.0001511]	17.697	0.000	0.672
[0.0001513]	Inf	[0.0001513]	18.405	0.000	0.688
[0.0001513]	Inf	[0.0001514]	20.146	0.000	0.192
[0.0001513]	Inf	[0.0001513]	18.887	0.000	0.510
[0.0001513]	Inf	[0.0001514]	18.457	0.000	0.114
[0.0001513]	Inf	[0.0001512]	18.765	0.000	0.608
[0.0001513]	Inf	[0.0001514]	18.699	0.000	0.182
[0.0001513]	Inf	[0.0001513]	17.254	0.000	0.273
[0.0001513]	Inf	[0.0001513]	21.146	0.000	0.881
[0.0001513]	Inf	[0.0001512]	17.456	0.000	0.295
[0.0001513]	Inf	[0.0001514]	20.952	0.000	0.062
[0.0001513]	Inf	[0.0001516]	18.141	0.000	0.177
[0.0001513]	Inf	[0.0001514]	17.914	0.000	0.138
[0.0001513]	Inf	[0.0001514]	19.713	0.000	0.410
[0.0001513]	Inf	[0.0001513]	20.156	0.000	0.309
[0.0001513]	Inf	[0.0001513]	19.106	0.000	0.023
[0.0001513]	Inf	[0.0001512]	17.009	0.000	0.983
[0.0001513]	Inf	[0.0001514]	21.275	0.000	0.824
[0.0001513]	Inf	[0.0001513]	17.829	0.000	0.147
[0.0001513]	Inf	[0.0001514]	18.907	0.000	0.570
[0.0001513]	Inf	[0.0001514]	29.464	0.000	0.766
[0.0001513]	Inf	[0.0001514]	22.188	0.000	0.081
[0.0001513]	Inf	[0.0001515]	24.961	0.000	0.682
[0.0001513]	Inf	[0.0001514]	27.266	0.000	0.393
[0.0001513]	Inf	[0.0001514]	18.169	0.000	0.659
[0.0001513]	Inf	[0.0001514]	23.797	0.000	0.133
[0.0001513]	Inf	[0.0001513]	21.309	0.000	0.509
[0.0001513]	Inf	[0.0001516]	18.882	0.000	0.024
[0.0001513]	Inf	[0.0001512]	18.636	0.000	0.831
[0.0001513]	Inf	[0.0001515]	17.683	0.000	0.639
[0.0001513]	Inf	[0.0001516]	18.267	0.000	0.491
[0.0001513]	Inf	[0.0001513]	18.241	0.000	0.211
[0.0001513]	Inf	[0.0001514]	18.985	0.000	0.617
[0.0001513]	Inf	[0.0001514]	25.720	0.000	0.590
[0.0001513]	Inf	[0.0001515]	17.313	0.000	0.042
[0.0001513]	Inf	[0.0001514]	16.670	0.000	0.993
[0.0001513]	Inf	[0.0001514]	23.327	0.000	0.878
[0.0001513]	Inf	[0.0001513]	17.946	0.000	0.362
[0.0001513]	Inf	[0.0001512]	18.223	0.000	0.829
[0.0001513]	Inf	[0.0001513]	18.494	0.000	0.989
[0.0001513]	Inf	[0.0001514]	17.570	0.000	0.805
[0.0001513]	Inf	[0.0001514]	19.240	0.000	0.054
[0.0001513]	Inf	[0.0001513]	21.193	0.000	0.952
[0.0001513]	Inf	[0.0001514]	19.288	0.000	0.900
[0.0001513]	Inf	[0.0001512]	22.215	0.000	0.187
[0.0001513]	Inf	[0.0001514]	20.377	0.000	0.104
[0.0001513]	Inf	[0.0001513]	23.982	0.000	0.951
[0.0001513]	Inf	[0.0001513]	21.561	0.000	0.441
[0.0001513]	Inf	[0.0001511]	17.446	0.000	0.255
[0.0001513]	Inf	[0.0001515]	18.928	0.000	0.874
[0.0001513]	Inf	[0.0001515]	18.708	0.000	0.234
[0.0001513]	Inf	[0.0001511]	17.466	0.000	0.706
[0.0001513]	Inf	[0.0001514]	21.561	0.000	0.635
[0.0001513]	Inf	[0.0001513]	17.334	0.000	0.370
[0.0001513]	Inf	[0.0001513]	18.219	0.000	0.045
[0.0001513]	Inf	[0.0001513]	19.270	0.000	0.761
[0.0001513]	Inf	[0.0001514]	19.638	0.000	0.603
[0.0001513]	Inf	[0.0001513]	17.791	0.000	0.751
[0.0001513]	Inf	[0.0001514]	17.304	0.000	0.558
[0.0001513]	Inf	[0.0001513]	19.991	0.000	0.437
[0.0001513]	Inf	[0.0001513]	17.634	0.000	0.549
[0.0001513]	Inf	[0.0001515]	22.471	0.000	0.890
[0.0001513]	Inf	[0.0001514]	18.003	0.000	0.499
[0.0001513]	Inf	[0.0001514]	19.638	0.000	0.227
[0.0001513]	Inf	[0.0001514]	22.269	0.000	0.924
[0.0001513]	Inf	[0.0001516]	17.583	0.000	0.705
[0.0001513]	Inf	[0.0001514]	20.842	0.000	0.362
[0.0001513]	Inf	[0.0001512]	20.910	0.000	0.308
[0.0001513]	Inf	[0.0001515]	18.155	0.000	0.624
[0.0001513]	Inf	[0.0001514]	17.557	0.000	0.797
[0.0001513]	Inf	[0.0001513]	16.692	0.000	0.509
[0.0001513]	Inf	[0.0001514]	17.009	0.000	0.184
[0.0001513]	Inf	[0.0001515]	18.425	0.000	0.332
[0.0001513]	Inf	[0.0001512]	19.050	0.000	0.255
[0.0001513]	Inf	[0.0001515]	20.165	0.000	0.341
[0.0001513]	Inf	[0.0001514]	17.565	0.000	0.549
[0.0001513]	Inf	[0.0001514]	18.741	0.000	0.373
[0.0001513]	Inf	[0.0001513]	19.566	0.000	0.491
[0.0001513]	Inf	[0.0001515]	18.928	0.000	0.352
[0.0001513]	Inf	[0.0001514]	20.602	0.000	0.564
[0.0001513]	Inf	[0.0001514]	21.258	0.000	0.677
[0.0001513]	Inf	[0.0001513]	18.409	0.000	0.420
[0.0001513]	Inf	[0.0001514]	19.517	0.000	0.840
[0.0001513]	Inf	[0.0001513]	27.631	0.000	0.736
[0.0001513]	Inf	[0.0001515]	22.799	0.000	0.062
[0.0001513]	Inf	[0.0001513]	18.592	0.000	0.296
[0.0001513]	Inf	[0.0001515]	18.765	0.000	0.261
[0.0001513]	Inf	[0.0001514]	30.850	0.000	0.220
[0.0001513]	Inf	[0.0001514]	22.353	0.000	0.436
[0.0001513]	Inf	[0.0001514]	19.111	0.000	0.125
[0.0001513]	Inf	[0.0001513]	18.401	0.000	0.016
[0.0001513]	Inf	[0.0001514]	22.188	0.000	0.825
[0.0001513]	Inf	[0.0001514]	17.407	0.000	0.081
[0.0001513]	Inf	[0.0001515]	21.467	0.000	0.965
[0.0001513]	Inf	[0.0001511]	23.066	0.000	0.092
[0.0001513]	Inf	[0.0001516]	24.258	0.000	0.583
[0.0001513]	Inf	[0.0001516]	20.243	0.000	0.191
[0.0001513]	Inf	[0.0001515]	18.949	0.000	0.897
[0.0001513]	Inf	[0.0001514]	20.750	0.000	0.190
[0.0001513]	Inf	[0.0001513]	17.362	0.000	0.828
[0.0001513]	Inf	[0.0001513]	17.301	0.000	0.479
[0.0001513]	Inf	[0.0001514]	17.618	0.000	0.913
[0.0001513]	Inf	[0.0001514]	18.421	0.000	0.758
[0.0001513]	Inf	[0.0001513]	17.539	0.000	0.685
[0.0001513]	Inf	[0.0001515]	18.527	0.000	0.263
[0.0001513]	Inf	[0.0001514]	20.081	0.000	0.957
[0.0001513]	Inf	[0.0001513]	17.011	0.000	0.664
[0.0001513]	Inf	[0.0001514]	19.864	0.000	0.623
[0.0001513]	Inf	[0.0001511]	19.186	0.000	0.032
[0.0001513]	Inf	[0.0001512]	18.285	0.000	0.968
[0.0001513]	Inf	[0.0001513]	17.112	0.000	0.765
[0.0001513]	Inf	[0.0001514]	20.118	0.000	0.007
[0.0001513]	Inf	[0.0001513]	17.832	0.000	0.981
[0.0001513]	Inf	[0.0001511]	16.702	0.000	0.735
[0.0001513]	Inf	[0.0001513]	18.030	0.000	0.490
[0.0001513]	Inf	[0.0001515]	20.712	0.000	0.275
[0.0001513]	Inf	[0.0001513]	18.449	0.000	0.652
[0.0001513]	Inf	[0.0001513]	17.675	0.000	0.963
[0.0001513]	Inf	[0.0001514]	22.764	0.000	0.223
[0.0001513]	Inf	[0.0001513]	24.761	0.000	0.332
[0.0001513]	Inf	[0.0001514]	20.431	0.000	0.664
[0.0001513]	Inf	[0.0001514]	18.393	0.000	0.280
[0.0001513]	Inf	[0.0001513]	17.691	0.000	0.432
[0.0001513]	Inf	[0.0001512]	17.664	0.000	0.576
[0.0001513]	Inf	[0.0001514]	19.573	0.000	0.077
[0.0001513]	Inf	[0.0001513]	18.985	0.000	0.528
[0.0001513]	Inf	[0.0001514]	25.720	0.000	0.620
[0.0001513]	Inf	[0.0001512]	20.712	0.000	0.238
[0.0001513]	Inf	[0.0001514]	17.705	0.000	0.088
[0.0001513]	Inf	[0.0001515]	21.486	0.000	0.480
[0.0001513]	Inf	[0.0001513]	16.702	0.000	0.059
[0.0001513]	Inf	[0.0001512]	19.559	0.000	0.626
[0.0001513]	Inf	[0.0001514]	17.978	0.000	0.480
[0.0001513]	Inf	[0.0001513]	18.605	0.000	0.826
[0.0001513]	Inf	[0.0001515]	18.069	0.000	0.098
[0.0001513]	Inf	[0.0001512]	21.226	0.000	0.260
[0.0001513]	Inf	[0.0001514]	18.201	0.000	0.736
[0.0001513]	Inf	[0.0001515]	20.045	0.000	0.136
[0.0001513]	Inf	[0.0001512]	19.089	0.000	0.558
[0.0001513]	Inf	[0.0001513]	19.169	0.000	0.372
[0.0001513]	Inf	[0.0001516]	22.695	0.000	0.211
[0.0001513]	Inf	[0.0001513]	21.413	0.000	0.158
[0.0001513]	Inf	[0.0001514]	23.797	0.000	0.466
[0.0001513]	Inf	[0.0001516]	19.573	0.000	0.368
[0.0001513]	Inf	[0.0001513]	21.292	0.000	0.611
[0.0001513]	Inf	[0.0001513]	19.307	0.000	0.135
[0.0001513]	Inf	[0.0001515]	17.542	0.000	0.172
[0.0001513]	Inf	[0.0001514]	18.148	0.000	0.696
[0.0001513]	Inf	[0.0001515]	19.580	0.000	0.304
[0.0001513]	Inf	[0.0001513]	19.905	0.000	0.678
[0.0001513]	Inf	[0.0001513]	17.615	0.000	0.464
[0.0001513]	Inf	[0.0001514]	18.822	0.000	0.609
[0.0001513]	Inf	[0.0001513]	18.755	0.000	0.361
[0.0001513]	Inf	[0.0001515]	17.618	0.000	0.378
[0.0001513]	Inf	[0.0001513]	16.903	0.000	0.965
[0.0001513]	Inf	[0.0001513]	17.914	0.000	0.556
[0.0001513]	Inf	[0.0001513]	22.764	0.000	0.956
[0.0001513]	Inf	[0.0001513]	17.081	0.000	0.111
[0.0001513]	Inf	[0.0001514]	19.476	0.000	0.309
[0.0001513]	Inf	[0.0001513]	18.532	0.000	0.346
[0.0001513]	Inf	[0.0001513]	17.315	0.000	0.493
[0.0001513]	Inf	[0.0001514]	18.708	0.000	0.892
[0.0001513]	Inf	[0.0001514]	17.139	0.000	0.827
[0.0001513]	Inf	[0.0001512]	17.254	0.000	0.027
[0.0001513]	Inf	[0.0001514]	19.001	0.000	0.160
[0.0001513]	Inf	[0.0001515]	20.995	0.000	0.463
[0.0001513]	Inf	[0.0001514]	20.981	0.000	0.026
[0.0001513]	Inf	[0.0001514]	18.096	0.000	0.117
[0.0001513]	Inf	[0.0001514]	22.532	0.000	0.772
[0.0001513]	Inf	[0.0001514]	17.943	0.000	0.146
[0.0001513]	Inf	[0.0001513]	19.791	0.000	0.354
[0.0001513]	Inf	[0.0001513]	22.111	0.000	0.880
[0.0001513]	Inf	[0.0001512]	19.490	0.000	0.389
[0.0001513]	Inf	[0.0001513]	18.970	0.000	0.810
[0.0001513]	Inf	[0.0001513]	24.668	0.000	0.876
[0.0001513]	Inf	[0.0001513]	17.921	0.000	0.600
[0.0001513]	Inf	[0.0001512]	19.270	0.000	0.798
[0.0001513]	Inf	[0.0001513]	18.216	0.000	0.305
[0.0001513]	Inf	[0.0001513]	18.358	0.000	0.027
[0.0001513]	Inf	[0.0001513]	18.596	0.000	0.569
[0.0001513]	Inf	[0.0001513]	19.897	0.000	0.689
[0.0001513]	Inf	[0.0001514]	17.369	0.000	0.199
[0.0001513]	Inf	[0.0001512]	17.466	0.000	0.444
[0.0001513]	Inf	[0.0001515]	18.252	0.000	0.054
[0.0001513]	Inf	[0.0001513]	19.023	0.000	0.055
[0.0001513]	Inf	[0.0001513]	21.523	0.000	0.215
[0.0001513]	Inf	[0.0001512]	20.009	0.000	0.019
[0.0001513]	Inf	[0.0001513]	16.801	0.000	0.854
[0.0001513]	Inf	[0.0001514]	18.553	0.000	0.766
[0.0001513]	Inf	[0.0001514]	18.425	0.000	0.781
[0.0001513]	Inf	[0.0001513]	17.216	0.000	0.842
[0.0001513]	Inf	[0.0001511]	19.039	0.000	0.235
[0.0001513]	Inf	[0.0001513]	21.785	0.000	0.908
[0.0001513]	Inf	[0.0001512]	17.700	0.000	0.797
[0.0001513]	Inf	[0.0001515]	18.365	0.000	0.467
[0.0001513]	Inf	[0.0001514]	22.411	0.000	0.693
[0.0001513]	Inf	[0.0001513]	23.066	0.000	0.294
[0.0001513]	Inf	[0.0001514]	16.954	0.000	0.565
[0.0001513]	Inf	[0.0001513]	18.536	0.000	0.685
[0.0001513]	Inf	[0.0001513]	23.628	0.000	0.469
[0.0001513]	Inf	[0.0001514]	20.304	0.000	0.999
[0.0001513]	Inf	[0.0001513]	19.510	0.000	0.578
[0.0001513]	Inf	[0.0001515]	24.961	0.000	0.651
[0.0001513]	Inf	[0.0001515]	21.700	0.000	0.126
[0.0001513]	Inf	[0.0001512]	18.429	0.000	0.139
[0.0001513]	Inf	[0.0001511]	18.219	0.000	0.418
[0.0001513]	Inf	[0.0001512]	23.237	0.000	0.001
[0.0001513]	Inf	[0.0001512]	17.914	0.000	0.467
[0.0001513]	Inf	[0.0001515]	19.905	0.000	0.742
[0.0001513]	Inf	[0.0001514]	18.389	0.000	0.288
[0.0001513]	Inf	[0.0001514]	20.204	0.000	0.005
[0.0001513]	Inf	[0.0001513]	16.868	0.000	0.405
[0.0001513]	Inf	[0.0001515]	24.668	0.000	0.303
[0.0001513]	Inf	[0.0001514]	20.952	0.000	0.943
[0.0001513]	Inf	[0.0001513]	19.683	0.000	0.619
[0.0001513]	Inf	[0.0001513]	17.971	0.000	0.910
[0.0001513]	Inf	[0.0001513]	17.393	0.000	0.080
[0.0001513]	Inf	[0.0001513]	18.892	0.000	0.917
[0.0001513]	Inf	[0.0001514]	18.190	0.000	0.856
[0.0001513]	Inf	[0.0001514]	18.523	0.000	0.143
[0.0001513]	Inf	[0.0001514]	17.327	0.000	0.495
[0.0001513]	Inf	[0.0001513]	20.776	0.000	0.471
[0.0001513]	Inf	[0.0001513]	18.033	0.000	0.430
[0.0001513]	Inf	[0.0001512]	18.553	0.000	0.934
[0.0001513]	Inf	[0.0001514]	18.083	0.000	0.163
[0.0001513]	Inf	[0.0001513]	17.236	0.000	0.855
[0.0001513]	Inf	[0.0001512]	18.774	0.000	0.112
[0.0001513]	Inf	[0.0001516]	18.827	0.000	0.855
[0.0001513]	Inf	[0.0001513]	20.924	0.000	0.691
[0.0001513]	Inf	[0.0001513]	17.631	0.000	0.788
[0.0001513]	Inf	[0.0001514]	21.431	0.000	0.580
[0.0001513]	Inf	[0.0001514]	19.965	0.000	0.795
[0.0001513]	Inf	[0.0001515]	19.151	0.000	0.774
[0.0001513]	Inf	[0.0001516]	17.357	0.000	0.778
[0.0001513]	Inf	[0.0001515]	20.995	0.000	0.078
[0.0001513]	Inf	[0.0001515]	18.046	0.000	0.338
[0.0001513]	Inf	[0.0001513]	18.381	0.000	0.725
[0.0001513]	Inf	[0.0001514]	16.855	0.000	0.338
[0.0001513]	Inf	[0.0001512]	19.204	0.000	0.696
[0.0001513]	Inf	[0.0001514]	19.931	0.000	0.045
[0.0001513]	Inf	[0.0001514]	20.137	0.000	0.464
[0.0001513]	Inf	[0.0001512]	21.918	0.000	0.346
[0.0001513]	Inf	[0.0001513]	19.123	0.000	0.849
[0.0001513]	Inf	[0.0001513]	17.493	0.000	0.587
[0.0001513]	Inf	[0.0001514]	17.299	0.000	0.955
[0.0001513]	Inf	[0.0001512]	17.327	0.000	0.078
[0.0001513]	Inf	[0.0001512]	20.273	0.000	0.924
[0.0001513]	Inf	[0.0001513]	17.148	0.000	0.326
[0.0001513]	Inf	[0.0001514]	17.751	0.000	0.747
[0.0001513]	Inf	[0.0001514]	22.729	0.000	0.993
[0.0001513]	Inf	[0.0001514]	23.575	0.000	0.106
[0.0001513]	Inf	[0.0001513]	17.476	0.000	0.628
[0.0001513]	Inf	[0.0001515]	19.815	0.000	0.733
[0.0001513]	Inf	[0.0001512]	18.867	0.000	0.119
[0.0001513]	Inf	[0.0001511]	18.482	0.000	0.071
[0.0001513]	Inf	[0.0001512]	16.846	0.000	0.851
[0.0001513]	Inf	[0.0001515]	19.023	0.000	0.218
[0.0001513]	Inf	[0.0001513]	17.529	0.000	0.850
[0.0001513]	Inf	[0.0001514]	19.338	0.000	0.604
[0.0001513]	Inf	[0.0001513]	16.271	0.000	0.777
[0.0001513]	Inf	[0.0001515]	18.003	0.000	0.144
[0.0001513]	Inf	[0.0001513]	19.357	0.000	0.446
[0.0001513]	Inf	[0.0001515]	17.927	0.000	0.421
[0.0001513]	Inf	[0.0001514]	22.136	0.000	0.710
[0.0001513]	Inf	[0.0001512]	18.490	0.000	0.734
[0.0001513]	Inf	[0.0001513]	17.899	0.000	0.123
[0.0001513]	Inf	[0.0001515]	18.636	0.000	0.014
[0.0001513]	Inf	[0.0001514]	20.388	0.000	0.862
[0.0001513]	Inf	[0.0001515]	17.946	0.000	0.215
[0.0001513]	Inf	[0.0001514]	18.842	0.000	0.954
[0.0001513]	Inf	[0.0001513]	19.050	0.000	0.198
[0.0001513]	Inf	[0.0001514]	20.555	0.000	0.882
[0.0001513]	Inf	[0.0001513]	21.561	0.000	0.349
[0.0001513]	Inf	[0.0001513]	21.918	0.000	0.497
[0.0001513]	Inf	[0.0001515]	18.605	0.000	0.702
[0.0001513]	Inf	[0.0001513]	24.185	0.000	0.745
[0.0001513]	Inf	[0.0001514]	18.943	0.000	0.240
[0.0001513]	Inf	[0.0001514]	19.638	0.000	0.725
[0.0001513]	Inf	[0.0001513]	24.761	0.000	0.561
[0.0001513]	Inf	[0.0001514]	16.647	0.000	0.595
[0.0001513]	Inf	[0.0001512]	18.297	0.000	0.816
[0.0001513]	Inf	[0.0001514]	16.273	0.000	0.974
[0.0001513]	Inf	[0.0001513]	16.215	0.000	0.244
[0.0001513]	Inf	[0.0001513]	25.572	0.000	0.862
[0.0001513]	Inf	[0.0001513]	21.069	0.000	0.997
[0.0001513]	Inf	[0.0001514]	21.785	0.000	0.432
[0.0001513]	Inf	[0.0001514]	18.457	0.000	0.605
[0.0001513]	Inf	[0.0001513]	17.503	0.000	0.345
[0.0001513]	Inf	[0.0001514]	18.832	0.000	0.084
[0.0001513]	Inf	[0.0001513]	19.616	0.000	0.585
[0.0001513]	Inf	[0.0001514]	16.827	0.000	0.875
[0.0001513]	Inf	[0.0001512]	17.800	0.000	0.879
[0.0001513]	Inf	[0.0001515]	20.335	0.000	0.249
[0.0001513]	Inf	[0.0001513]	18.760	0.000	0.814
[0.0001513]	Inf	[0.0001514]	20.045	0.000	0.627
[0.0001513]	Inf	[0.0001515]	20.737	0.000	0.549
[0.0001513]	Inf	[0.0001514]	17.295	0.000	0.438
[0.0001513]	Inf	[0.0001512]	16.931	0.000	0.970
[0.0001513]	Inf	[0.0001515]	20.475	0.000	0.815
[0.0001513]	Inf	[0.0001512]	26.691	0.000	0.905
[0.0001513]	Inf	[0.0001515]	20.938	0.000	0.925
[0.0001513]	Inf	[0.0001515]	18.970	0.000	0.563
[0.0001513]	Inf	[0.0001514]	20.578	0.000	0.985
[0.0001513]	Inf	[0.0001515]	19.609	0.000	0.094
[0.0001513]	Inf	[0.0001514]	17.463	0.000	0.059
[0.0001513]	Inf	[0.0001513]	19.436	0.000	0.654
[0.0001513]	Inf	[0.0001511]	17.206	0.000	0.754
[0.0001513]	Inf	[0.0001512]	18.373	0.000	0.062
[0.0001513]	Inf	[0.0001513]	26.054	0.000	0.786
[0.0001513]	Inf	[0.0001513]	18.897	0.000	0.713
[0.0001513]	Inf	[0.0001512]	16.632	0.000	0.627
[0.0001513]	Inf	[0.0001513]	16.700	0.000	0.649
[0.0001513]	Inf	[0.0001512]	19.288	0.000	0.622
[0.0001513]	Inf	[0.0001513]	18.289	0.000	0.779
[0.0001513]	Inf	[0.0001515]	22.382	0.000	0.009
[0.0001513]	Inf	[0.0001514]	22.242	0.000	0.981
[0.0001513]	Inf	[0.0001514]	19.595	0.000	0.118
[0.0001513]	Inf	[0.0001512]	17.206	0.000	0.794
[0.0001513]	Inf	[0.0001513]	20.602	0.000	0.162
[0.0001513]	Inf	[0.0001512]	16.810	0.000	0.884
[0.0001513]	Inf	[0.0001513]	22.325	0.000	0.364
[0.0001513]	Inf	[0.0001514]	17.936	0.000	0.162
[0.0001513]	Inf	[0.0001512]	20.578	0.000	0.618
[0.0001513]	Inf	[0.0001513]	20.737	0.000	0.484
[0.0001513]	Inf	[0.0001512]	18.059	0.000	0.618
[0.0001513]	Inf	[0.0001514]	21.069	0.000	0.545
[0.0001513]	Inf	[0.0001512]	20.214	0.000	0.450
[0.0001513]	Inf	[0.0001514]	20.009	0.000	0.958
[0.0001513]	Inf	[0.0001514]	18.553	0.000	0.997
[0.0001513]	Inf	[0.0001512]	22.628	0.000	0.849
[0.0001513]	Inf	[0.0001513]	19.228	0.000	0.560
[0.0001513]	Inf	[0.0001514]	17.052	0.000	0.351
[0.0001513]	Inf	[0.0001512]	16.434	0.000	0.310
[0.0001513]	Inf	[0.0001513]	20.000	0.000	0.853
[0.0001513]	Inf	[0.0001512]	20.214	0.000	0.699
[0.0001513]	Inf	[0.0001512]	17.697	0.000	0.284
[0.0001513]	Inf	[0.0001516]	20.304	0.000	0.544
[0.0001513]	Inf	[0.0001514]	18.393	0.000	0.317
[0.0001513]	Inf	[0.0001513]	20.883	0.000	0.231
[0.0001513]	Inf	[0.0001513]	19.483	0.000	0.307
[0.0001513]	Inf	[0.0001513]	20.650	0.000	0.213
[0.0001513]	Inf	[0.0001514]	20.204	0.000	0.774
[0.0001513]	Inf	[0.0001513]	17.768	0.000	0.247
[0.0001513]	Inf	[0.0001515]	18.798	0.000	0.063
[0.0001513]	Inf	[0.0001513]	18.601	0.000	0.529
[0.0001513]	Inf	[0.0001513]	18.511	0.000	0.945
[0.0001513]	Inf	[0.0001513]	19.948	0.000	0.764
[0.0001513]	Inf	[0.0001515]	20.555	0.000	0.154
[0.0001513]	Inf	[0.0001513]	21.600	0.000	0.606
[0.0001513]	Inf	[0.0001514]	18.852	0.000	0.040
[0.0001513]	Inf	[0.0001513]	18.166	0.000	0.391
[0.0001513]	Inf	[0.0001513]	18.219	0.000	0.049
[0.0001513]	Inf	[0.0001513]	22.835	0.000	0.588
[0.0001513]	Inf	[0.0001513]	18.441	0.000	0.799
[0.0001513]	Inf	[0.0001513]	17.059	0.000	0.420
[0.0001513]	Inf	[0.0001513]	18.319	0.000	0.982
[0.0001513]	Inf	[0.0001515]	18.297	0.000	0.953
[0.0001513]	Inf	[0.0001512]	18.237	0.000	0.557
[0.0001513]	Inf	[0.0001512]	18.704	0.000	0.997
[0.0001513]	Inf	[0.0001514]	19.001	0.000	0.856
[0.0001513]	Inf	[0.0001513]	21.620	0.000	0.326
[0.0001513]	Inf	[0.0001514]	16.776	0.000	0.383
[0.0001513]	Inf	[0.0001515]	17.921	0.000	0.596
[0.0001513]	Inf	[0.0001513]	17.656	0.000	0.478
[0.0001513]	Inf	[0.0001514]	19.783	0.000	0.573
[0.0001513]	Inf	[0.0001513]	18.300	0.000	0.785
[0.0001513]	Inf	[0.0001513]	17.343	0.000	0.199
[0.0001513]	Inf	[0.0001513]	17.794	0.000	0.646
[0.0001513]	Inf	[0.0001513]	25.305	0.000	0.460
[0.0001513]	Inf	[0.0001514]	21.680	0.000	0.642
[0.0001513]	Inf	[0.0001514]	21.523	0.000	0.233
[0.0001513]	Inf	[0.0001515]	17.675	0.000	0.566
[0.0001513]	Inf	[0.0001514]	25.880	0.000	0.115
[0.0001513]	Inf	[0.0001513]	16.907	0.000	0.731
[0.0001513]	Inf	[0.0001513]	27.631	0.000	0.637
[0.0001513]	Inf	[0.0001513]	21.449	0.000	0.888
[0.0001513]	Inf	[0.0001514]	24.961	0.000	0.372
[0.0001513]	Inf	[0.0001511]	17.534	0.000	0.336
[0.0001513]	Inf	[0.0001513]	18.991	0.000	0.879
[0.0001513]	Inf	[0.0001512]	19.683	0.000	0.633
[0.0001513]	Inf	[0.0001514]	18.212	0.000	0.932
[0.0001513]	Inf	[0.0001515]	17.182	0.000	0.519
[0.0001513]	Inf	[0.0001513]	22.729	0.000	0.862
[0.0001513]	Inf	[0.0001513]	20.194	0.000	0.801
[0.0001513]	Inf	[0.0001514]	19.456	0.000	0.885
[0.0001513]	Inf	[0.0001515]	19.134	0.000	0.852
[0.0001513]	Inf	[0.0001515]	18.760	0.000	0.496
[0.0001513]	Inf	[0.0001514]	25.572	0.000	0.858
[0.0001513]	Inf	[0.0001514]	20.543	0.000	0.211
[0.0001513]	Inf	[0.0001514]	17.016	0.000	0.438
[0.0001513]	Inf	[0.0001512]	21.343	0.000	0.980
[0.0001513]	Inf	[0.0001514]	22.564	0.000	0.257
[0.0001513]	Inf	[0.0001513]	20.356	0.000	0.742
[0.0001513]	Inf	[0.0001512]	18.000	0.000	0.620
[0.0001513]	Inf	[0.0001514]	18.566	0.000	0.879
[0.0001513]	Inf	[0.0001514]	21.449	0.000	0.604
[0.0001513]	Inf	[0.0001513]	18.798	0.000	0.217
[0.0001513]	Inf	[0.0001514]	21.640	0.000	0.474
[0.0001513]	Inf	[0.0001514]	18.645	0.000	0.073
[0.0001513]	Inf	[0.0001514]	29.464	0.000	0.397
[0.0001513]	Inf	[0.0001513]	16.184	0.000	0.653
[0.0001513]	Inf	[0.0001512]	16.831	0.000	0.685
[0.0001513]	Inf	[0.0001514]	17.313	0.000	0.623
[0.0001513]	Inf	[0.0001515]	21.486	0.000	0.975
[0.0001513]	Inf	[0.0001514]	17.589	0.000	0.719
[0.0001513]	Inf	[0.0001514]	17.974	0.000	0.220
[0.0001513]	Inf	[0.0001515]	22.382	0.000	0.472
[0.0001513]	Inf	[0.0001512]	15.961	0.000	0.917
[0.0001513]	Inf	[0.0001514]	22.695	0.000	0.916
[0.0001513]	Inf	[0.0001513]	17.557	0.000	0.295
[0.0001513]	Inf	[0.0001513]	17.596	0.000	0.151
[0.0001513]	Inf	[0.0001514]	17.943	0.000	0.023
[0.0001513]	Inf	[0.0001515]	21.069	0.000	0.134
[0.0001513]	Inf	[0.0001513]	19.409	0.000	0.833
[0.0001513]	Inf	[0.0001514]	19.675	0.000	0.159
[0.0001513]	Inf	[0.0001514]	21.918	0.000	0.836
[0.0001513]	Inf	[0.0001514]	19.483	0.000	0.210
[0.0001513]	Inf	[0.0001515]	20.356	0.000	0.390
[0.0001513]	Inf	[0.0001513]	18.159	0.000	0.417
[0.0001513]	Inf	[0.0001515]	17.466	0.000	0.492
[0.0001513]	Inf	[0.0001515]	18.069	0.000	0.496
[0.0001513]	Inf	[0.0001513]	18.103	0.000	0.888
[0.0001513]	Inf	[0.0001514]	18.473	0.000	0.052
[0.0001513]	Inf	[0.0001513]	18.241	0.000	0.399
[0.0001513]	Inf	[0.0001513]	22.162	0.000	0.554
> path <- results[[1]]
> liks <- results[[2]]
> best <- results[[3]]
> write.table(path, file = 'path.txt', row.names = F, col.names = F)
> write.table(liks, file = 'liks.txt', row.names = F, col.names = F)
> write.table(best, file = 'best.txt', row.names = F, col.names = F)
> 
> 
> proc.time()
     user    system   elapsed 
744927.74  18886.23  25829.14 
