
R version 4.3.0 (2023-04-21) -- "Already Tomorrow"
Copyright (C) 2023 The R Foundation for Statistical Computing
Platform: x86_64-pc-linux-gnu (64-bit)

R is free software and comes with ABSOLUTELY NO WARRANTY.
You are welcome to redistribute it under certain conditions.
Type 'license()' or 'licence()' for distribution details.

  Natural language support but running in an English locale

R is a collaborative project with many contributors.
Type 'contributors()' for more information and
'citation()' on how to cite R or R packages in publications.

Type 'demo()' for some demos, 'help()' for on-line help, or
'help.start()' for an HTML browser interface to help.
Type 'q()' to quit R.

> rm(list = ls())
> gc()
         used (Mb) gc trigger (Mb) max used (Mb)
Ncells 284765 15.3     664565 35.5   464468 24.9
Vcells 490458  3.8    8388608 64.0  1837328 14.1
> library(dplyr)

Attaching package: ‘dplyr’

The following objects are masked from ‘package:stats’:

    filter, lag

The following objects are masked from ‘package:base’:

    intersect, setdiff, setequal, union

> library(readr)
> library(foreach)
> library(doParallel)
Loading required package: iterators
Loading required package: parallel
> 
> # Set up the number of cores used for parallelization.
> message(detectCores())
32
> num_cores <- 32
> registerDoParallel(num_cores)
> 
> #########################
> #### SEIR Simulation ####
> #########################
> time <- 365 # Number of days.
> inf <- 7 # Average infectious period length.
> N <- 1000 # Population size.
> 
> create_hh <- function() {
+   # Randomly sample household sizes such that total population is 1000 
+   # individuals.
+   hh_size <- sample(x = c(3, 4, 5, 6), size = 340, replace = T)
+   
+   # Keep households such that total population is < 1000.
+   hh_size <- hh_size[which(cumsum(hh_size) < N)]
+   
+   leftover <- N - sum(hh_size)
+   if (leftover < 3) {
+     hh <- 1:length(hh_size)
+     sampled <- sample(hh[hh_size < 6], leftover)
+     hh_size[sampled] <- hh_size[sampled] + 1
+   } else {
+     hh_size <- c(hh_size, leftover)
+   }
+   return(hh_size)
+ }
> 
> SEIR_mix <- function(params, inf = 7, verbose = F) {
+   hh_size <- create_hh()
+   
+   # Create frame for running the simulation.
+   # ID: ID of individual.
+   # SIZE: size of individual's household.
+   # HH: ID of individual's household.
+   # S: susceptibility status.
+   # E: exposed status.
+   # E_count: number of days since exposed.
+   # I: infectious status.
+   # I_count: number of days since infectious.
+   # R: recovered status.
+   # INC: incubation period.
+   # INF: infectious period.
+   data <- data.frame(ID = 1:N,
+                      SIZE = rep(hh_size, times = hh_size),
+                      HH = rep(1:length(hh_size), times = hh_size), 
+                      S = c(0, rep(1, N - 1)), 
+                      E = c(1, rep(0, N - 1)),
+                      E_count = c(1, rep(0, N - 1)), 
+                      I = 0,
+                      I_count = 0, 
+                      R = 0, 
+                      INC = c(rlnorm(1, meanlog = log(29.8), sdlog = 0.45), rep(0, N - 1)),
+                      INF = 0)
+   
+   # Create frame for storing results.
+   # ID: ID of individual.
+   # SIZE: size of individual's household.
+   # HH: ID of individual's household.
+   # TYPE: the kind of infection: household (H), community (C), or both (B).
+   # TIME: when the individual became infectious.
+   # S_NUM: number of susceptible people in individual's household when their 
+   #        infectious period begins.
+   # I_NUM: number of people in household that this individual infected over 
+   #        their infectious period.
+   results <- data[, 1:3] %>% mutate(TYPE = NA, TIME = NA, S_NUM = NA, I_NUM = 0)
+   results$TYPE[1] <- '0'
+   
+   for(t in 1:time) {
+     if (verbose) {
+       if (t %% 10 == 0) {
+         cat(paste0(t, ' '))
+       }
+     }
+     
+     # Anyone who has been infectious for as many days as their infectious period
+     # is now recovered.
+     recovered <- (data$INF > 0) & (data$I_count == data$INF)
+     if(sum(recovered, na.rm = T) > 0) {
+       data$R[recovered] <- 1
+       data$I[recovered] <- 0
+       data$I_count[recovered] <- 0 
+     }
+     
+     new_inf <- (data$INC > 0) & (data$E_count == data$INC)
+     num_new_inf <- sum(new_inf, na.rm = T)
+     if(num_new_inf > 0) {
+       # Change status to newly infectious and add infectious period.
+       data$I[new_inf] <- 1
+       random_inf <- rnorm(num_new_inf, mean = inf, sd = 1) %>% round()
+       data$INF[new_inf] <- random_inf
+       
+       # Remove exposure status and exposure count.
+       data$E[new_inf] <- 0
+       data$E_count[new_inf] <- 0 
+       
+       # Record time at which infectious period starts.
+       results$TIME[new_inf] <- t
+       
+       # Save the number of susceptible people in each infectious individual's 
+       # household.
+       S_data <- data %>% group_by(HH) %>% 
+         mutate(S_TOT = sum(S)) %>% 
+         select(HH, S_TOT)
+       results$S_NUM[new_inf == 1] <- S_data$S_TOT[new_inf == 1]
+     }
+     
+     # I_H is the number of infections inside each household.
+     # I_C is the number of infections outside each household.
+     I_data <- data %>% group_by(HH) %>% 
+       mutate(I_H = sum(I)) %>% 
+       ungroup() %>% 
+       mutate(I_C = sum(I) - I_H)
+     
+     beta_H <- params[1]
+     beta_C <- params[2]
+     beta_E <- params[3]
+     risk_H <- pmin(beta_H * data$S * I_data$I_H / N, 1)
+     risk_C <- pmin(beta_C * data$S * I_data$I_C / N, 1)
+     risk_E <- pmin(beta_E * data$S, 1)
+ 
+     new_inf_H <- rbinom(N, 1, risk_H)
+     new_inf_C <- rbinom(N, 1, risk_C)
+     new_inf_E <- rbinom(N, 1, risk_E)
+     new_exposed <- (new_inf_H == 1) | (new_inf_C == 1) | (new_inf_E == 1)
+     num_new_exposed <- sum(new_exposed, na.rm = T)
+     if (num_new_exposed > 0) {
+       # Change status to newly exposed and add incubation period.
+       data$E[new_exposed] <- 1
+       random_inc <- rlnorm(num_new_exposed, meanlog = log(29.8), sdlog = 0.45) %>% round()
+       data$INC[new_exposed] <- random_inc
+       
+       # Remove susceptible status.
+       data$S[new_exposed] <- 0
+       
+       # Get number of new infections in each household.
+       I_data <- I_data %>%
+         select(ID, HH, I, I_H) %>%
+         mutate(new_I_H = new_inf_H) %>%
+         group_by(HH) %>%
+         # Find households with at least 1 currently infectious individual. If 
+         # exactly 1 infectious individual in household, assign all new H 
+         # exposures to that individual. If there are multiple infectious 
+         # individuals, assign all infections to the infectious individual with 
+         # the first ID.
+         mutate(new_I_H = ifelse(I == 1 & ID == first(ID[I == 1]), 
+                                 sum(new_I_H), 0))
+       
+       results$I_NUM <- results$I_NUM + I_data$new_I_H
+       
+       # Label infections types.
+       results$TYPE[new_inf_H == 1] <- 'H'
+       results$TYPE[new_inf_C == 1] <- 'C'
+       results$TYPE[new_inf_E == 1] <- 'E'
+       results$TYPE[(new_inf_H == 1) & (new_inf_C == 1)] <- 'HC'
+       results$TYPE[(new_inf_H == 1) & (new_inf_E == 1)] <- 'HE'
+       results$TYPE[(new_inf_C == 1) & (new_inf_E == 1)] <- 'CE'
+       results$TYPE[(new_inf_H == 1) & (new_inf_C == 1) & (new_inf_E == 1)] <- 'HCE'
+     }
+     
+     # Increment exposure and infectious counters.
+     data$E_count[data$E == 1] <- data$E_count[data$E == 1] + 1
+     data$I_count[data$I == 1] <- data$I_count[data$I == 1] + 1
+   }
+   return(results)
+ }
> 
> metrics <- function(results) {
+   # Incidence is the proportion of the population that became infected.
+   idc <- mean(!is.na(results$TIME))
+   
+   cases <- results[!is.na(results$TIME), ]
+   prp <- mean((cases$TYPE != 'E') & (cases$TYPE != '0'))
+     
+   return(c(idc, prp))
+ }
> 
> #########
> ## 50% ##
> #########
> 
> # 5% Cumulative Incidence
> beta_H <- 28
> beta_C <- 0.006
> beta_E <- 0.00008
> params <- c(beta_H, beta_C, beta_E)
> 
> n_sims <- 1000
> i <- 1
> j <- 0
> while (i <= n_sims) {
+     results <- SEIR_mix(params)
+     j <- j + 1
+     cat(paste0(j, '\t', i, '\n'))
+     if (all(metrics(results) > c(0.04, 0.48)) & all(metrics(results) < c(0.06, 0.52))) {
+         write.csv(results, file = paste0('5/', i, '.csv'), row.names = F)
+         i <- i + 1
+     }
+ }
1	1
2	2
3	3
4	3
5	3
6	3
7	3
8	3
9	3
10	3
11	3
12	3
13	3
14	3
15	3
16	3
17	3
18	3
19	3
20	3
21	3
22	3
23	3
24	3
25	3
26	3
27	3
28	3
29	4
30	4
31	5
32	5
33	5
34	5
35	6
36	6
37	6
38	6
39	6
40	6
41	6
42	7
43	7
44	8
45	8
46	8
47	8
48	8
49	8
50	8
51	8
52	9
53	9
54	9
55	9
56	10
57	10
58	10
59	10
60	10
61	10
62	10
63	10
64	10
65	10
66	10
67	10
68	10
69	10
70	10
71	11
72	11
73	11
74	11
75	11
76	11
77	11
78	12
79	12
80	12
81	12
82	12
83	12
84	12
85	12
86	12
87	12
88	12
89	12
90	12
91	12
92	13
93	13
94	13
95	13
96	14
97	14
98	14
99	14
100	14
101	15
102	15
103	15
104	16
105	16
106	16
107	17
108	17
109	17
110	17
111	17
112	17
113	18
114	19
115	19
116	19
117	19
118	19
119	19
120	19
121	19
122	19
123	20
124	21
125	22
126	22
127	23
128	24
129	24
130	24
131	24
132	24
133	24
134	25
135	25
136	25
137	26
138	26
139	27
140	28
141	28
142	28
143	28
144	29
145	29
146	29
147	29
148	29
149	29
150	29
151	29
152	30
153	31
154	31
155	31
156	31
157	31
158	31
159	31
160	31
161	31
162	31
163	31
164	31
165	31
166	31
167	31
168	31
169	31
170	31
171	32
172	32
173	33
174	34
175	35
176	35
177	35
178	35
179	36
180	37
181	37
182	37
183	37
184	37
185	37
186	37
187	37
188	37
189	37
190	38
191	39
192	39
193	39
194	39
195	39
196	39
197	39
198	39
199	39
200	39
201	39
202	39
203	39
204	39
205	39
206	39
207	39
208	39
209	39
210	39
211	39
212	39
213	39
214	39
215	39
216	39
217	39
218	40
219	40
220	40
221	41
222	41
223	41
224	41
225	41
226	41
227	41
228	41
229	41
230	41
231	41
232	41
233	41
234	41
235	41
236	41
237	41
238	41
239	42
240	42
241	42
242	43
243	43
244	43
245	43
246	43
247	43
248	43
249	43
250	43
251	43
252	43
253	43
254	43
255	43
256	44
257	44
258	44
259	44
260	44
261	44
262	44
263	44
264	44
265	44
266	44
267	44
268	44
269	44
270	44
271	44
272	44
273	44
274	44
275	44
276	45
277	45
278	45
279	45
280	45
281	45
282	45
283	45
284	45
285	46
286	46
287	46
288	47
289	47
290	48
291	48
292	48
293	48
294	48
295	49
296	49
297	49
298	49
299	49
300	50
301	50
302	50
303	50
304	50
305	51
306	51
307	51
308	51
309	51
310	51
311	51
312	51
313	51
314	51
315	52
316	52
317	52
318	53
319	53
320	54
321	54
322	55
323	55
324	55
325	55
326	55
327	55
328	56
329	57
330	57
331	57
332	57
333	58
334	59
335	59
336	59
337	59
338	59
339	60
340	61
341	61
342	61
343	61
344	61
345	61
346	61
347	62
348	62
349	62
350	63
351	63
352	63
353	63
354	63
355	63
356	63
357	63
358	63
359	63
360	63
361	64
362	64
363	64
364	64
365	64
366	64
367	64
368	64
369	64
370	64
371	64
372	65
373	65
374	65
375	65
376	65
377	65
378	65
379	65
380	65
381	65
382	65
383	65
384	65
385	65
386	66
387	66
388	67
389	67
390	67
391	68
392	68
393	68
394	68
395	68
396	68
397	68
398	68
399	68
400	68
401	68
402	69
403	69
404	69
405	69
406	69
407	69
408	69
409	69
410	69
411	69
412	69
413	69
414	69
415	69
416	70
417	70
418	70
419	70
420	70
421	70
422	70
423	70
424	70
425	70
426	70
427	70
428	70
429	71
430	71
431	71
432	72
433	72
434	72
435	72
436	72
437	72
438	72
439	72
440	72
441	73
442	74
443	74
444	74
445	74
446	74
447	75
448	75
449	75
450	75
451	75
452	76
453	76
454	76
455	76
456	76
457	76
458	76
459	76
460	76
461	76
462	76
463	76
464	76
465	76
466	76
467	76
468	77
469	77
470	77
471	77
472	77
473	77
474	78
475	78
476	78
477	78
478	78
479	78
480	78
481	78
482	78
483	78
484	78
485	78
486	78
487	78
488	78
489	78
490	79
491	79
492	79
493	79
494	79
495	79
496	79
497	79
498	79
499	80
500	80
501	80
502	80
503	80
504	80
505	80
506	80
507	80
508	80
509	80
510	80
511	80
512	80
513	80
514	81
515	81
516	81
517	81
518	81
519	81
520	81
521	81
522	82
523	82
524	82
525	83
526	83
527	83
528	83
529	83
530	83
531	83
532	83
533	84
534	84
535	85
536	85
537	85
538	85
539	85
540	85
541	85
542	85
543	85
544	85
545	85
546	85
547	85
548	85
549	85
550	86
551	86
552	86
553	86
554	86
555	86
556	86
557	86
558	86
559	86
560	87
561	87
562	87
563	87
564	88
565	88
566	88
567	88
568	88
569	89
570	89
571	89
572	89
573	89
574	89
575	89
576	89
577	89
578	89
579	89
580	89
581	89
582	89
583	89
584	89
585	89
586	89
587	89
588	89
589	89
590	89
591	89
592	89
593	89
594	89
595	89
596	89
597	89
598	90
599	90
600	90
601	90
602	90
603	90
604	90
605	90
606	90
607	90
608	90
609	90
610	90
611	90
612	90
613	90
614	90
615	90
616	90
617	91
618	91
619	91
620	92
621	92
622	93
623	93
624	93
625	93
626	94
627	94
628	94
629	94
630	95
631	95
632	95
633	95
634	95
635	95
636	95
637	96
638	96
639	96
640	96
641	96
642	96
643	96
644	96
645	96
646	96
647	96
648	96
649	96
650	96
651	96
652	96
653	97
654	97
655	98
656	98
657	98
658	98
659	99
660	99
661	99
662	99
663	99
664	99
665	99
666	99
667	99
668	99
669	99
670	99
671	99
672	99
673	99
674	99
675	99
676	99
677	99
678	99
679	99
680	99
681	99
682	99
683	99
684	99
685	99
686	99
687	99
688	99
689	99
690	99
691	99
692	100
693	100
694	100
695	100
696	100
697	100
698	101
699	101
700	101
701	101
702	101
703	101
704	101
705	101
706	101
707	101
708	102
709	102
710	102
711	102
712	102
713	102
714	103
715	103
716	103
717	103
718	103
719	103
720	103
721	103
722	103
723	103
724	104
725	104
726	104
727	104
728	104
729	105
730	105
731	105
732	105
733	105
734	105
735	105
736	105
737	105
738	106
739	106
740	106
741	107
742	107
743	107
744	108
745	108
746	108
747	108
748	108
749	108
750	109
751	109
752	109
753	109
754	109
755	109
756	109
757	110
758	110
759	110
760	110
761	111
762	111
763	111
764	111
765	111
766	111
767	111
768	111
769	111
770	111
771	111
772	111
773	112
774	112
775	112
776	112
777	112
778	112
779	113
780	113
781	113
782	113
783	113
784	113
785	114
786	114
787	114
788	114
789	115
790	115
791	115
792	115
793	115
794	115
795	115
796	115
797	116
798	116
799	116
800	116
801	116
802	116
803	117
804	117
805	117
806	117
807	117
808	118
809	118
810	118
811	118
812	118
813	118
814	118
815	118
816	119
817	119
818	119
819	119
820	120
821	120
822	120
823	120
824	120
825	120
826	120
827	120
828	120
829	120
830	120
831	120
832	120
833	120
834	120
835	120
836	121
837	121
838	121
839	121
840	122
841	122
842	122
843	122
844	122
845	122
846	122
847	122
848	122
849	122
850	123
851	123
852	124
853	124
854	124
855	124
856	124
857	124
858	124
859	124
860	124
861	124
862	124
863	124
864	124
865	124
866	124
867	124
868	125
869	125
870	125
871	125
872	125
873	126
874	127
875	127
876	127
877	127
878	127
879	127
880	127
881	127
882	127
883	127
884	127
885	127
886	127
887	127
888	127
889	127
890	127
891	127
892	127
893	128
894	128
895	128
896	129
897	129
898	129
899	129
900	129
901	129
902	129
903	129
904	129
905	129
906	129
907	129
908	129
909	130
910	130
911	130
912	130
913	130
914	130
915	130
916	130
917	131
918	131
919	131
920	131
921	131
922	131
923	131
924	132
925	132
926	132
927	133
928	133
929	133
930	133
931	133
932	133
933	133
934	133
935	133
936	133
937	134
938	135
939	135
940	135
941	135
942	135
943	135
944	135
945	135
946	135
947	135
948	135
949	135
950	135
951	135
952	135
953	135
954	135
955	135
956	135
957	135
958	136
959	136
960	136
961	136
962	136
963	136
964	136
965	136
966	136
967	136
968	136
969	136
970	136
971	136
972	137
973	137
974	137
975	137
976	137
977	137
978	137
979	137
980	137
981	137
982	138
983	138
984	138
985	139
986	139
987	139
988	139
989	139
990	139
991	139
992	139
993	139
994	139
995	139
996	139
997	139
998	139
999	140
1000	140
1001	140
1002	140
1003	140
1004	141
1005	141
1006	142
1007	142
1008	142
1009	143
1010	143
1011	144
1012	144
1013	144
1014	145
1015	145
1016	145
1017	145
1018	145
1019	145
1020	145
1021	145
1022	145
1023	145
1024	145
1025	146
1026	146
1027	146
1028	146
1029	146
1030	146
1031	146
1032	146
1033	146
1034	146
1035	146
1036	146
1037	146
1038	146
1039	146
1040	146
1041	146
1042	146
1043	146
1044	146
1045	146
1046	147
1047	147
1048	147
1049	147
1050	147
1051	147
1052	147
1053	147
1054	147
1055	147
1056	147
1057	147
1058	148
1059	148
1060	148
1061	148
1062	148
1063	149
1064	149
1065	149
1066	149
1067	149
1068	149
1069	149
1070	150
1071	150
1072	150
1073	150
1074	150
1075	150
1076	150
1077	150
1078	150
1079	150
1080	150
1081	150
1082	150
1083	150
1084	150
1085	150
1086	150
1087	150
1088	150
1089	150
1090	150
1091	150
1092	150
1093	150
1094	150
1095	150
1096	150
1097	150
1098	150
1099	150
1100	151
1101	151
1102	152
1103	152
1104	152
1105	152
1106	152
1107	152
1108	152
1109	152
1110	152
1111	152
1112	152
1113	152
1114	153
1115	153
1116	153
1117	154
1118	154
1119	154
1120	154
1121	154
1122	155
1123	155
1124	155
1125	155
1126	155
1127	155
1128	155
1129	155
1130	155
1131	155
1132	155
1133	155
1134	155
1135	156
1136	156
1137	157
1138	157
1139	157
1140	158
1141	158
1142	158
1143	159
1144	159
1145	159
1146	159
1147	159
1148	160
1149	160
1150	160
1151	160
1152	160
1153	161
1154	162
1155	163
1156	163
1157	163
1158	163
1159	163
1160	163
1161	163
1162	163
1163	163
1164	163
1165	164
1166	165
1167	165
1168	166
1169	167
1170	167
1171	167
1172	167
1173	168
1174	168
1175	168
1176	168
1177	169
1178	169
1179	169
1180	169
1181	169
1182	169
1183	169
1184	169
1185	169
1186	169
1187	169
1188	169
1189	169
1190	169
1191	169
1192	169
1193	169
1194	169
1195	169
1196	169
1197	170
1198	170
1199	171
1200	171
1201	171
1202	171
1203	171
1204	171
1205	171
1206	171
1207	171
1208	171
1209	171
1210	171
1211	171
1212	171
1213	171
1214	171
1215	171
1216	171
1217	171
1218	171
1219	171
1220	171
1221	171
1222	171
1223	171
1224	172
1225	172
1226	172
1227	172
1228	172
1229	172
1230	172
1231	172
1232	172
1233	172
1234	172
1235	172
1236	172
1237	173
1238	173
1239	173
1240	173
1241	173
1242	173
1243	173
1244	173
1245	173
1246	174
1247	174
1248	174
1249	174
1250	174
1251	174
1252	175
1253	176
1254	176
1255	176
1256	176
1257	177
1258	177
1259	177
1260	177
1261	177
1262	177
1263	177
1264	178
1265	178
1266	178
1267	179
1268	179
1269	179
1270	179
1271	179
1272	179
1273	180
1274	180
1275	180
1276	180
1277	181
1278	181
1279	181
1280	181
1281	182
1282	182
1283	182
1284	182
1285	182
1286	182
1287	182
1288	182
1289	182
1290	182
1291	182
1292	183
1293	183
1294	183
1295	183
1296	183
1297	184
1298	184
1299	184
1300	185
1301	185
1302	185
1303	185
1304	185
1305	185
1306	185
1307	185
1308	185
1309	186
1310	186
1311	187
1312	187
1313	187
1314	187
1315	187
1316	187
1317	187
1318	187
1319	187
1320	187
1321	187
1322	187
1323	187
1324	187
1325	187
1326	187
1327	187
1328	188
1329	188
1330	188
1331	188
1332	188
1333	188
1334	188
1335	188
1336	188
1337	188
1338	188
1339	188
1340	189
1341	189
1342	190
1343	191
1344	191
1345	191
1346	191
1347	192
1348	192
1349	192
1350	192
1351	192
1352	192
1353	193
1354	193
1355	193
1356	194
1357	194
1358	195
1359	195
1360	195
1361	195
1362	195
1363	195
1364	195
1365	195
1366	195
1367	195
1368	195
1369	195
1370	195
1371	195
1372	195
1373	196
1374	196
1375	196
1376	196
1377	196
1378	196
1379	196
1380	196
1381	196
1382	196
1383	196
1384	196
1385	196
1386	196
1387	196
1388	196
1389	196
1390	196
1391	196
1392	196
1393	196
1394	197
1395	198
1396	198
1397	198
1398	198
1399	198
1400	198
1401	198
1402	198
1403	198
1404	198
1405	198
1406	198
1407	198
1408	198
1409	198
1410	198
1411	198
1412	198
1413	198
1414	198
1415	198
1416	198
1417	198
1418	198
1419	198
1420	198
1421	198
1422	198
1423	198
1424	198
1425	198
1426	198
1427	198
1428	199
1429	199
1430	199
1431	200
1432	200
1433	200
1434	200
1435	200
1436	200
1437	200
1438	200
1439	200
1440	201
1441	202
1442	202
1443	202
1444	202
1445	202
1446	202
1447	202
1448	202
1449	202
1450	203
1451	203
1452	203
1453	204
1454	204
1455	204
1456	204
1457	205
1458	205
1459	205
1460	205
1461	205
1462	206
1463	207
1464	207
1465	207
1466	208
1467	209
1468	209
1469	210
1470	210
1471	210
1472	210
1473	210
1474	210
1475	210
1476	210
1477	210
1478	210
1479	210
1480	210
1481	210
1482	210
1483	210
1484	211
1485	212
1486	212
1487	212
1488	212
1489	212
1490	212
1491	212
1492	212
1493	212
1494	212
1495	212
1496	212
1497	213
1498	213
1499	213
1500	213
1501	213
1502	213
1503	213
1504	213
1505	213
1506	214
1507	214
1508	214
1509	214
1510	214
1511	214
1512	214
1513	214
1514	214
1515	214
1516	215
1517	215
1518	215
1519	215
1520	216
1521	216
1522	216
1523	216
1524	216
1525	216
1526	216
1527	217
1528	217
1529	218
1530	218
1531	218
1532	218
1533	218
1534	219
1535	219
1536	219
1537	219
1538	220
1539	220
1540	220
1541	220
1542	220
1543	220
1544	220
1545	221
1546	221
1547	221
1548	221
1549	221
1550	221
1551	221
1552	221
1553	221
1554	221
1555	221
1556	222
1557	222
1558	222
1559	222
1560	222
1561	222
1562	222
1563	223
1564	223
1565	223
1566	223
1567	223
1568	223
1569	223
1570	224
1571	225
1572	225
1573	225
1574	225
1575	225
1576	225
1577	226
1578	226
1579	226
1580	226
1581	226
1582	226
1583	226
1584	226
1585	226
1586	226
1587	226
1588	226
1589	226
1590	226
1591	226
1592	226
1593	226
1594	227
1595	228
1596	228
1597	228
1598	228
1599	228
1600	228
1601	228
1602	228
1603	228
1604	228
1605	228
1606	229
1607	229
1608	229
1609	229
1610	229
1611	229
1612	229
1613	229
1614	230
1615	230
1616	230
1617	230
1618	230
1619	230
1620	230
1621	230
1622	230
1623	230
1624	230
1625	230
1626	230
1627	230
1628	230
1629	230
1630	230
1631	230
1632	230
1633	230
1634	230
1635	230
1636	230
1637	230
1638	230
1639	230
1640	230
1641	230
1642	230
1643	230
1644	230
1645	230
1646	230
1647	230
1648	230
1649	230
1650	230
1651	231
1652	231
1653	231
1654	232
1655	232
1656	232
1657	232
1658	232
1659	232
1660	232
1661	232
1662	232
1663	232
1664	232
1665	232
1666	232
1667	232
1668	232
1669	232
1670	232
1671	232
1672	233
1673	233
1674	233
1675	233
1676	234
1677	234
1678	234
1679	234
1680	234
1681	234
1682	234
1683	234
1684	234
1685	235
1686	235
1687	235
1688	235
1689	235
1690	236
1691	236
1692	236
1693	236
1694	236
1695	236
1696	236
1697	236
1698	236
1699	236
1700	236
1701	236
1702	236
1703	236
1704	236
1705	236
1706	236
1707	236
1708	236
1709	236
1710	236
1711	237
1712	237
1713	237
1714	237
1715	237
1716	237
1717	237
1718	237
1719	237
1720	237
1721	237
1722	237
1723	237
1724	237
1725	237
1726	237
1727	237
1728	237
1729	237
1730	238
1731	238
1732	238
1733	238
1734	238
1735	238
1736	238
1737	238
1738	238
1739	238
1740	239
1741	240
1742	240
1743	240
1744	241
1745	241
1746	241
1747	241
1748	241
1749	242
1750	242
1751	242
1752	242
1753	242
1754	242
1755	243
1756	244
1757	244
1758	244
1759	244
1760	244
1761	245
1762	245
1763	245
1764	245
1765	245
1766	245
1767	245
1768	245
1769	246
1770	246
1771	246
1772	246
1773	247
1774	247
1775	247
1776	247
1777	247
1778	247
1779	247
1780	247
1781	247
1782	247
1783	247
1784	247
1785	247
1786	247
1787	247
1788	248
1789	248
1790	248
1791	248
1792	248
1793	249
1794	249
1795	249
1796	249
1797	249
1798	249
1799	250
1800	250
1801	250
1802	250
1803	250
1804	250
1805	250
1806	250
1807	250
1808	250
1809	250
1810	250
1811	250
1812	250
1813	250
1814	251
1815	251
1816	252
1817	252
1818	253
1819	253
1820	253
1821	254
1822	255
1823	255
1824	255
1825	255
1826	255
1827	255
1828	255
1829	255
1830	255
1831	255
1832	255
1833	256
1834	256
1835	256
1836	256
1837	256
1838	256
1839	257
1840	257
1841	257
1842	257
1843	257
1844	257
1845	257
1846	257
1847	257
1848	257
1849	257
1850	258
1851	258
1852	258
1853	258
1854	258
1855	259
1856	260
1857	260
1858	260
1859	260
1860	260
1861	260
1862	260
1863	260
1864	260
1865	260
1866	260
1867	260
1868	260
1869	260
1870	260
1871	260
1872	260
1873	260
1874	260
1875	260
1876	261
1877	261
1878	262
1879	262
1880	262
1881	263
1882	263
1883	263
1884	263
1885	263
1886	263
1887	263
1888	263
1889	263
1890	263
1891	263
1892	263
1893	263
1894	263
1895	263
1896	264
1897	264
1898	264
1899	264
1900	264
1901	264
1902	264
1903	264
1904	264
1905	264
1906	265
1907	266
1908	266
1909	266
1910	266
1911	266
1912	267
1913	267
1914	267
1915	267
1916	267
1917	267
1918	267
1919	267
1920	267
1921	267
1922	267
1923	268
1924	268
1925	268
1926	268
1927	268
1928	268
1929	268
1930	268
1931	268
1932	268
1933	268
1934	268
1935	268
1936	268
1937	269
1938	269
1939	269
1940	270
1941	270
1942	270
1943	270
1944	270
1945	270
1946	270
1947	270
1948	270
1949	271
1950	271
1951	271
1952	271
1953	271
1954	271
1955	272
1956	272
1957	272
1958	272
1959	272
1960	273
1961	273
1962	273
1963	273
1964	273
1965	273
1966	273
1967	273
1968	273
1969	273
1970	273
1971	273
1972	273
1973	273
1974	273
1975	273
1976	273
1977	273
1978	273
1979	273
1980	273
1981	273
1982	273
1983	274
1984	275
1985	275
1986	275
1987	275
1988	275
1989	275
1990	275
1991	276
1992	276
1993	276
1994	276
1995	276
1996	276
1997	277
1998	277
1999	277
2000	277
2001	277
2002	277
2003	277
2004	277
2005	277
2006	277
2007	277
2008	277
2009	277
2010	277
2011	277
2012	277
2013	277
2014	277
2015	277
2016	277
2017	277
2018	277
2019	277
2020	278
2021	278
2022	279
2023	279
2024	279
2025	279
2026	280
2027	281
2028	281
2029	281
2030	281
2031	281
2032	282
2033	282
2034	282
2035	282
2036	283
2037	283
2038	283
2039	283
2040	283
2041	283
2042	283
2043	283
2044	283
2045	283
2046	283
2047	283
2048	284
2049	284
2050	284
2051	284
2052	284
2053	284
2054	284
2055	284
2056	284
2057	284
2058	284
2059	284
2060	284
2061	284
2062	284
2063	285
2064	285
2065	285
2066	285
2067	285
2068	285
2069	285
2070	286
2071	286
2072	286
2073	286
2074	286
2075	287
2076	287
2077	287
2078	287
2079	287
2080	287
2081	287
2082	287
2083	287
2084	287
2085	287
2086	287
2087	287
2088	288
2089	288
2090	288
2091	288
2092	288
2093	288
2094	288
2095	288
2096	288
2097	288
2098	288
2099	288
2100	288
2101	289
2102	289
2103	289
2104	289
2105	289
2106	289
2107	289
2108	290
2109	290
2110	290
2111	290
2112	290
2113	290
2114	290
2115	290
2116	290
2117	290
2118	290
2119	290
2120	290
2121	290
2122	290
2123	290
2124	290
2125	290
2126	290
2127	291
2128	291
2129	291
2130	291
2131	291
2132	291
2133	291
2134	291
2135	292
2136	293
2137	293
2138	293
2139	293
2140	293
2141	293
2142	293
2143	293
2144	293
2145	293
2146	293
2147	293
2148	293
2149	293
2150	293
2151	293
2152	293
2153	293
2154	293
2155	293
2156	293
2157	293
2158	293
2159	293
2160	293
2161	293
2162	293
2163	293
2164	293
2165	293
2166	293
2167	294
2168	294
2169	294
2170	294
2171	294
2172	294
2173	294
2174	294
2175	294
2176	294
2177	294
2178	294
2179	295
2180	295
2181	296
2182	296
2183	296
2184	297
2185	297
2186	297
2187	298
2188	299
2189	299
2190	299
2191	299
2192	299
2193	299
2194	300
2195	300
2196	300
2197	300
2198	300
2199	300
2200	301
2201	301
2202	301
2203	301
2204	301
2205	301
2206	301
2207	301
2208	301
2209	301
2210	301
2211	301
2212	301
2213	301
2214	301
2215	302
2216	302
2217	302
2218	302
2219	302
2220	302
2221	302
2222	302
2223	303
2224	303
2225	303
2226	303
2227	303
2228	303
2229	303
2230	304
2231	304
2232	304
2233	304
2234	304
2235	304
2236	304
2237	304
2238	305
2239	305
2240	305
2241	305
2242	305
2243	305
2244	305
2245	305
2246	305
2247	305
2248	305
2249	305
2250	305
2251	306
2252	306
2253	306
2254	307
2255	307
2256	307
2257	307
2258	307
2259	307
2260	308
2261	309
2262	309
2263	310
2264	310
2265	310
2266	310
2267	310
2268	310
2269	310
2270	310
2271	310
2272	310
2273	310
2274	310
2275	311
2276	312
2277	312
2278	312
2279	312
2280	312
2281	312
2282	312
2283	312
2284	312
2285	312
2286	312
2287	312
2288	312
2289	312
2290	312
2291	312
2292	312
2293	312
2294	312
2295	313
2296	313
2297	313
2298	313
2299	313
2300	313
2301	314
2302	314
2303	314
2304	314
2305	314
2306	314
2307	314
2308	314
2309	314
2310	314
2311	314
2312	314
2313	314
2314	314
2315	314
2316	315
2317	315
2318	316
2319	316
2320	316
2321	316
2322	316
2323	316
2324	316
2325	316
2326	316
2327	316
2328	317
2329	317
2330	317
2331	317
2332	317
2333	317
2334	317
2335	317
2336	317
2337	317
2338	317
2339	317
2340	318
2341	318
2342	318
2343	318
2344	318
2345	319
2346	319
2347	319
2348	320
2349	320
2350	320
2351	320
2352	320
2353	320
2354	320
2355	320
2356	320
2357	320
2358	320
2359	320
2360	320
2361	320
2362	321
2363	321
2364	321
2365	321
2366	321
2367	321
2368	321
2369	321
2370	321
2371	321
2372	321
2373	321
2374	321
2375	321
2376	321
2377	321
2378	321
2379	321
2380	321
2381	321
2382	321
2383	321
2384	321
2385	321
2386	321
2387	322
2388	322
2389	323
2390	323
2391	323
2392	323
2393	323
2394	323
2395	323
2396	323
2397	323
2398	323
2399	323
2400	324
2401	324
2402	325
2403	326
2404	326
2405	326
2406	326
2407	326
2408	326
2409	326
2410	326
2411	326
2412	326
2413	326
2414	326
2415	326
2416	326
2417	326
2418	326
2419	326
2420	326
2421	327
2422	327
2423	327
2424	327
2425	327
2426	327
2427	327
2428	327
2429	327
2430	327
2431	327
2432	327
2433	327
2434	327
2435	327
2436	327
2437	327
2438	327
2439	327
2440	327
2441	327
2442	327
2443	327
2444	327
2445	327
2446	327
2447	327
2448	327
2449	327
2450	327
2451	328
2452	328
2453	328
2454	328
2455	328
2456	328
2457	328
2458	328
2459	328
2460	328
2461	328
2462	328
2463	328
2464	328
2465	328
2466	328
2467	328
2468	328
2469	328
2470	328
2471	328
2472	328
2473	328
2474	328
2475	328
2476	328
2477	328
2478	328
2479	328
2480	328
2481	328
2482	328
2483	328
2484	328
2485	328
2486	328
2487	328
2488	328
2489	328
2490	328
2491	328
2492	328
2493	328
2494	328
2495	328
2496	328
2497	329
2498	329
2499	330
2500	330
2501	330
2502	330
2503	331
2504	331
2505	331
2506	331
2507	331
2508	331
2509	331
2510	331
2511	331
2512	331
2513	331
2514	332
2515	332
2516	332
2517	332
2518	332
2519	332
2520	332
2521	332
2522	332
2523	332
2524	332
2525	332
2526	333
2527	333
2528	333
2529	333
2530	333
2531	333
2532	333
2533	333
2534	333
2535	333
2536	333
2537	333
2538	333
2539	333
2540	333
2541	333
2542	333
2543	333
2544	333
2545	333
2546	333
2547	333
2548	333
2549	333
2550	334
2551	334
2552	334
2553	335
2554	335
2555	335
2556	335
2557	335
2558	335
2559	335
2560	335
2561	335
2562	335
2563	335
2564	336
2565	336
2566	337
2567	337
2568	337
2569	337
2570	337
2571	337
2572	337
2573	337
2574	337
2575	337
2576	338
2577	338
2578	338
2579	338
2580	338
2581	338
2582	338
2583	338
2584	338
2585	338
2586	338
2587	339
2588	339
2589	339
2590	339
2591	339
2592	339
2593	340
2594	340
2595	340
2596	340
2597	340
2598	340
2599	340
2600	340
2601	340
2602	340
2603	340
2604	340
2605	340
2606	340
2607	340
2608	340
2609	340
2610	340
2611	340
2612	340
2613	340
2614	341
2615	341
2616	341
2617	341
2618	341
2619	341
2620	341
2621	342
2622	342
2623	342
2624	342
2625	343
2626	343
2627	343
2628	343
2629	343
2630	343
2631	343
2632	343
2633	343
2634	343
2635	343
2636	343
2637	343
2638	343
2639	344
2640	344
2641	344
2642	344
2643	344
2644	344
2645	344
2646	344
2647	344
2648	344
2649	345
2650	345
2651	346
2652	346
2653	346
2654	346
2655	346
2656	346
2657	346
2658	346
2659	346
2660	347
2661	347
2662	347
2663	347
2664	347
2665	348
2666	348
2667	348
2668	348
2669	349
2670	349
2671	349
2672	349
2673	349
2674	350
2675	350
2676	350
2677	350
2678	350
2679	350
2680	350
2681	350
2682	350
2683	350
2684	351
2685	351
2686	351
2687	351
2688	351
2689	351
2690	351
2691	351
2692	351
2693	351
2694	351
2695	352
2696	352
2697	352
2698	352
2699	352
2700	353
2701	353
2702	353
2703	353
2704	353
2705	353
2706	353
2707	353
2708	353
2709	353
2710	353
2711	354
2712	354
2713	354
2714	354
2715	354
2716	354
2717	354
2718	354
2719	354
2720	354
2721	354
2722	354
2723	354
2724	355
2725	355
2726	355
2727	355
2728	355
2729	355
2730	355
2731	355
2732	355
2733	355
2734	355
2735	356
2736	357
2737	357
2738	357
2739	357
2740	357
2741	357
2742	357
2743	357
2744	357
2745	357
2746	357
2747	357
2748	357
2749	357
2750	357
2751	357
2752	357
2753	357
2754	358
2755	358
2756	358
2757	358
2758	358
2759	358
2760	358
2761	358
2762	358
2763	358
2764	359
2765	359
2766	360
2767	360
2768	360
2769	360
2770	360
2771	360
2772	360
2773	360
2774	360
2775	360
2776	360
2777	360
2778	360
2779	361
2780	362
2781	362
2782	362
2783	362
2784	362
2785	362
2786	362
2787	362
2788	362
2789	362
2790	363
2791	363
2792	364
2793	365
2794	365
2795	366
2796	366
2797	366
2798	367
2799	367
2800	368
2801	368
2802	368
2803	368
2804	368
2805	369
2806	369
2807	369
2808	369
2809	369
2810	369
2811	369
2812	369
2813	370
2814	370
2815	370
2816	370
2817	370
2818	370
2819	370
2820	370
2821	370
2822	370
2823	370
2824	370
2825	370
2826	370
2827	370
2828	370
2829	371
2830	371
2831	371
2832	371
2833	372
2834	373
2835	373
2836	373
2837	373
2838	373
2839	373
2840	373
2841	374
2842	374
2843	374
2844	374
2845	374
2846	374
2847	374
2848	374
2849	375
2850	376
2851	376
2852	376
2853	376
2854	376
2855	377
2856	377
2857	377
2858	377
2859	377
2860	377
2861	377
2862	377
2863	377
2864	377
2865	378
2866	378
2867	378
2868	378
2869	378
2870	378
2871	378
2872	378
2873	378
2874	379
2875	379
2876	379
2877	379
2878	379
2879	380
2880	380
2881	380
2882	380
2883	380
2884	380
2885	380
2886	381
2887	381
2888	381
2889	381
2890	381
2891	381
2892	381
2893	381
2894	382
2895	382
2896	382
2897	382
2898	382
2899	382
2900	382
2901	382
2902	382
2903	382
2904	382
2905	383
2906	384
2907	384
2908	384
2909	384
2910	384
2911	384
2912	385
2913	385
2914	385
2915	385
2916	385
2917	385
2918	385
2919	385
2920	385
2921	385
2922	385
2923	385
2924	385
2925	385
2926	385
2927	385
2928	385
2929	385
2930	385
2931	385
2932	385
2933	385
2934	386
2935	387
2936	387
2937	387
2938	387
2939	387
2940	388
2941	388
2942	388
2943	388
2944	388
2945	389
2946	389
2947	389
2948	390
2949	390
2950	390
2951	390
2952	390
2953	391
2954	391
2955	391
2956	391
2957	391
2958	391
2959	391
2960	391
2961	391
2962	391
2963	392
2964	392
2965	392
2966	392
2967	392
2968	392
2969	392
2970	392
2971	392
2972	392
2973	392
2974	392
2975	392
2976	392
2977	392
2978	393
2979	393
2980	394
2981	394
2982	394
2983	394
2984	394
2985	394
2986	394
2987	395
2988	395
2989	396
2990	396
2991	396
2992	396
2993	396
2994	396
2995	397
2996	397
2997	397
2998	397
2999	397
3000	397
3001	397
3002	397
3003	397
3004	397
3005	398
3006	399
3007	399
3008	400
3009	400
3010	400
3011	400
3012	401
3013	401
3014	401
3015	402
3016	402
3017	402
3018	402
3019	402
3020	402
3021	403
3022	403
3023	403
3024	403
3025	403
3026	403
3027	404
3028	404
3029	404
3030	404
3031	404
3032	404
3033	404
3034	404
3035	404
3036	404
3037	404
3038	405
3039	406
3040	406
3041	406
3042	406
3043	406
3044	406
3045	406
3046	406
3047	406
3048	406
3049	406
3050	406
3051	406
3052	406
3053	406
3054	406
3055	406
3056	406
3057	406
3058	406
3059	406
3060	406
3061	406
3062	407
3063	407
3064	407
3065	407
3066	407
3067	407
3068	408
3069	408
3070	408
3071	408
3072	408
3073	408
3074	408
3075	408
3076	408
3077	408
3078	408
3079	408
3080	408
3081	408
3082	409
3083	409
3084	410
3085	410
3086	410
3087	410
3088	410
3089	410
3090	410
3091	410
3092	410
3093	410
3094	410
3095	410
3096	410
3097	410
3098	410
3099	410
3100	410
3101	410
3102	410
3103	410
3104	410
3105	410
3106	410
3107	410
3108	411
3109	412
3110	412
3111	412
3112	412
3113	412
3114	412
3115	412
3116	413
3117	413
3118	413
3119	413
3120	413
3121	413
3122	413
3123	413
3124	413
3125	413
3126	413
3127	413
3128	413
3129	413
3130	413
3131	413
3132	413
3133	414
3134	414
3135	414
3136	414
3137	414
3138	414
3139	414
3140	414
3141	414
3142	414
3143	414
3144	414
3145	414
3146	414
3147	414
3148	414
3149	414
3150	415
3151	416
3152	416
3153	416
3154	416
3155	416
3156	416
3157	416
3158	416
3159	416
3160	416
3161	417
3162	417
3163	417
3164	417
3165	417
3166	417
3167	418
3168	418
3169	418
3170	418
3171	418
3172	418
3173	419
3174	419
3175	419
3176	419
3177	419
3178	419
3179	419
3180	419
3181	419
3182	419
3183	419
3184	420
3185	420
3186	420
3187	420
3188	420
3189	420
3190	420
3191	420
3192	420
3193	420
3194	420
3195	420
3196	420
3197	420
3198	420
3199	420
3200	420
3201	420
3202	420
3203	420
3204	420
3205	420
3206	420
3207	420
3208	420
3209	420
3210	420
3211	420
3212	420
3213	420
3214	420
3215	420
3216	420
3217	420
3218	421
3219	421
3220	421
3221	421
3222	421
3223	421
3224	421
3225	421
3226	421
3227	421
3228	421
3229	422
3230	422
3231	422
3232	423
3233	423
3234	423
3235	423
3236	423
3237	423
3238	424
3239	425
3240	425
3241	425
3242	425
3243	425
3244	425
3245	425
3246	425
3247	425
3248	425
3249	425
3250	425
3251	425
3252	425
3253	425
3254	426
3255	426
3256	426
3257	426
3258	426
3259	426
3260	426
3261	426
3262	426
3263	426
3264	426
3265	426
3266	426
3267	426
3268	426
3269	426
3270	426
3271	426
3272	426
3273	426
3274	426
3275	426
3276	426
3277	426
3278	426
3279	427
3280	427
3281	427
3282	427
3283	427
3284	428
3285	428
3286	428
3287	428
3288	429
3289	429
3290	429
3291	429
3292	429
3293	429
3294	429
3295	429
3296	429
3297	429
3298	429
3299	430
3300	430
3301	430
3302	430
3303	430
3304	430
3305	430
3306	431
3307	431
3308	431
3309	431
3310	431
3311	431
3312	431
3313	432
3314	432
3315	432
3316	432
3317	432
3318	432
3319	432
3320	432
3321	433
3322	433
3323	433
3324	433
3325	433
3326	433
3327	433
3328	433
3329	433
3330	433
3331	433
3332	433
3333	433
3334	433
3335	433
3336	434
3337	434
3338	434
3339	434
3340	434
3341	434
3342	434
3343	435
3344	435
3345	435
3346	435
3347	435
3348	435
3349	435
3350	436
3351	436
3352	436
3353	437
3354	437
3355	437
3356	437
3357	437
3358	437
3359	437
3360	437
3361	437
3362	437
3363	438
3364	438
3365	438
3366	438
3367	438
3368	438
3369	438
3370	438
3371	438
3372	438
3373	438
3374	438
3375	438
3376	438
3377	438
3378	438
3379	439
3380	439
3381	439
3382	439
3383	439
3384	439
3385	439
3386	439
3387	439
3388	440
3389	440
3390	440
3391	440
3392	440
3393	441
3394	441
3395	441
3396	441
3397	441
3398	441
3399	441
3400	441
3401	441
3402	441
3403	442
3404	443
3405	444
3406	444
3407	444
3408	444
3409	444
3410	445
3411	446
3412	446
3413	446
3414	446
3415	446
3416	446
3417	446
3418	446
3419	446
3420	447
3421	447
3422	447
3423	448
3424	448
3425	448
3426	448
3427	448
3428	448
3429	448
3430	448
3431	448
3432	448
3433	448
3434	449
3435	449
3436	449
3437	449
3438	449
3439	449
3440	449
3441	449
3442	449
3443	449
3444	449
3445	449
3446	449
3447	449
3448	449
3449	449
3450	449
3451	449
3452	449
3453	449
3454	449
3455	449
3456	449
3457	449
3458	449
3459	449
3460	449
3461	449
3462	449
3463	450
3464	451
3465	452
3466	452
3467	452
3468	452
3469	452
3470	452
3471	453
3472	453
3473	453
3474	453
3475	453
3476	454
3477	454
3478	454
3479	454
3480	454
3481	454
3482	454
3483	454
3484	454
3485	454
3486	454
3487	454
3488	454
3489	454
3490	454
3491	454
3492	454
3493	454
3494	454
3495	454
3496	454
3497	454
3498	454
3499	454
3500	454
3501	454
3502	454
3503	454
3504	454
3505	454
3506	454
3507	455
3508	455
3509	455
3510	455
3511	455
3512	455
3513	455
3514	455
3515	456
3516	456
3517	456
3518	456
3519	456
3520	456
3521	456
3522	456
3523	456
3524	456
3525	456
3526	456
3527	457
3528	457
3529	457
3530	457
3531	457
3532	457
3533	457
3534	458
3535	458
3536	458
3537	459
3538	459
3539	459
3540	459
3541	459
3542	459
3543	459
3544	459
3545	459
3546	459
3547	460
3548	460
3549	460
3550	460
3551	460
3552	461
3553	461
3554	461
3555	461
3556	461
3557	461
3558	461
3559	461
3560	462
3561	462
3562	462
3563	462
3564	462
3565	462
3566	462
3567	462
3568	462
3569	462
3570	462
3571	462
3572	462
3573	462
3574	462
3575	462
3576	463
3577	464
3578	464
3579	465
3580	465
3581	465
3582	465
3583	465
3584	465
3585	465
3586	465
3587	465
3588	465
3589	465
3590	466
3591	467
3592	467
3593	467
3594	467
3595	467
3596	467
3597	467
3598	467
3599	467
3600	467
3601	467
3602	467
3603	467
3604	467
3605	467
3606	467
3607	467
3608	467
3609	467
3610	467
3611	467
3612	467
3613	467
3614	467
3615	467
3616	467
3617	468
3618	468
3619	468
3620	468
3621	468
3622	468
3623	468
3624	468
3625	468
3626	468
3627	469
3628	469
3629	469
3630	469
3631	470
3632	470
3633	470
3634	470
3635	471
3636	471
3637	471
3638	471
3639	471
3640	471
3641	472
3642	472
3643	472
3644	472
3645	472
3646	472
3647	472
3648	472
3649	472
3650	472
3651	472
3652	472
3653	472
3654	472
3655	472
3656	472
3657	473
3658	473
3659	473
3660	473
3661	473
3662	473
3663	473
3664	473
3665	473
3666	473
3667	473
3668	473
3669	473
3670	474
3671	474
3672	474
3673	474
3674	474
3675	474
3676	474
3677	474
3678	474
3679	475
3680	475
3681	475
3682	476
3683	476
3684	476
3685	476
3686	476
3687	476
3688	476
3689	476
3690	476
3691	476
3692	476
3693	476
3694	476
3695	476
3696	477
3697	477
3698	477
3699	478
3700	478
3701	478
3702	479
3703	479
3704	479
3705	480
3706	480
3707	481
3708	481
3709	481
3710	481
3711	482
3712	482
3713	482
3714	482
3715	482
3716	482
3717	482
3718	483
3719	484
3720	484
3721	484
3722	484
3723	484
3724	485
3725	485
3726	485
3727	485
3728	485
3729	485
3730	485
3731	485
3732	485
3733	485
3734	486
3735	486
3736	486
3737	487
3738	487
3739	487
3740	487
3741	487
3742	487
3743	487
3744	487
3745	487
3746	488
3747	488
3748	488
3749	488
3750	488
3751	488
3752	489
3753	489
3754	489
3755	489
3756	489
3757	489
3758	490
3759	490
3760	490
3761	490
3762	490
3763	490
3764	490
3765	490
3766	491
3767	491
3768	492
3769	492
3770	492
3771	493
3772	494
3773	494
3774	495
3775	495
3776	495
3777	495
3778	495
3779	495
3780	495
3781	495
3782	495
3783	495
3784	495
3785	495
3786	495
3787	495
3788	495
3789	495
3790	495
3791	495
3792	495
3793	495
3794	495
3795	495
3796	495
3797	495
3798	495
3799	495
3800	495
3801	495
3802	495
3803	496
3804	496
3805	496
3806	496
3807	496
3808	496
3809	496
3810	497
3811	497
3812	497
3813	497
3814	497
3815	497
3816	497
3817	497
3818	497
3819	497
3820	497
3821	497
3822	497
3823	497
3824	498
3825	498
3826	498
3827	499
3828	499
3829	499
3830	499
3831	499
3832	499
3833	500
3834	500
3835	500
3836	501
3837	501
3838	501
3839	501
3840	501
3841	501
3842	502
3843	502
3844	502
3845	502
3846	502
3847	502
3848	502
3849	502
3850	502
3851	502
3852	503
3853	503
3854	504
3855	505
3856	505
3857	506
3858	507
3859	507
3860	507
3861	508
3862	508
3863	508
3864	508
3865	508
3866	508
3867	509
3868	510
3869	510
3870	510
3871	510
3872	510
3873	510
3874	511
3875	511
3876	511
3877	511
3878	511
3879	512
3880	513
3881	514
3882	514
3883	515
3884	515
3885	515
3886	515
3887	515
3888	515
3889	515
3890	515
3891	515
3892	515
3893	515
3894	515
3895	515
3896	515
3897	515
3898	515
3899	515
3900	515
3901	515
3902	515
3903	515
3904	515
3905	515
3906	515
3907	516
3908	516
3909	516
3910	516
3911	517
3912	517
3913	517
3914	517
3915	518
3916	519
3917	519
3918	519
3919	519
3920	519
3921	519
3922	519
3923	519
3924	519
3925	519
3926	519
3927	519
3928	519
3929	519
3930	520
3931	520
3932	520
3933	520
3934	521
3935	521
3936	522
3937	522
3938	522
3939	522
3940	522
3941	522
3942	522
3943	523
3944	523
3945	523
3946	523
3947	523
3948	524
3949	524
3950	524
3951	524
3952	524
3953	525
3954	525
3955	525
3956	525
3957	525
3958	526
3959	526
3960	526
3961	526
3962	526
3963	527
3964	527
3965	527
3966	527
3967	527
3968	527
3969	527
3970	527
3971	527
3972	527
3973	528
3974	528
3975	528
3976	529
3977	529
3978	529
3979	529
3980	530
3981	530
3982	530
3983	531
3984	531
3985	531
3986	531
3987	531
3988	531
3989	532
3990	532
3991	532
3992	532
3993	532
3994	532
3995	532
3996	532
3997	532
3998	532
3999	533
4000	534
4001	535
4002	535
4003	535
4004	535
4005	535
4006	535
4007	535
4008	535
4009	535
4010	535
4011	535
4012	535
4013	536
4014	536
4015	536
4016	536
4017	536
4018	536
4019	536
4020	536
4021	536
4022	536
4023	536
4024	536
4025	537
4026	537
4027	537
4028	538
4029	538
4030	538
4031	538
4032	538
4033	538
4034	539
4035	540
4036	540
4037	540
4038	540
4039	540
4040	541
4041	541
4042	541
4043	541
4044	541
4045	541
4046	542
4047	542
4048	542
4049	542
4050	542
4051	542
4052	542
4053	542
4054	542
4055	543
4056	543
4057	543
4058	543
4059	543
4060	543
4061	543
4062	543
4063	543
4064	543
4065	543
4066	543
4067	543
4068	543
4069	543
4070	544
4071	544
4072	544
4073	544
4074	544
4075	544
4076	544
4077	544
4078	544
4079	544
4080	544
4081	544
4082	545
4083	545
4084	545
4085	545
4086	545
4087	545
4088	545
4089	545
4090	545
4091	545
4092	545
4093	545
4094	545
4095	545
4096	545
4097	545
4098	545
4099	545
4100	545
4101	545
4102	545
4103	545
4104	545
4105	545
4106	545
4107	545
4108	545
4109	545
4110	545
4111	545
4112	545
4113	545
4114	546
4115	546
4116	546
4117	546
4118	546
4119	546
4120	546
4121	546
4122	546
4123	547
4124	547
4125	547
4126	547
4127	547
4128	547
4129	547
4130	547
4131	547
4132	547
4133	547
4134	547
4135	547
4136	547
4137	547
4138	547
4139	547
4140	547
4141	548
4142	548
4143	548
4144	548
4145	548
4146	548
4147	548
4148	548
4149	549
4150	550
4151	550
4152	550
4153	550
4154	551
4155	551
4156	551
4157	551
4158	551
4159	551
4160	551
4161	551
4162	551
4163	551
4164	551
4165	551
4166	551
4167	551
4168	551
4169	551
4170	551
4171	551
4172	551
4173	551
4174	551
4175	551
4176	551
4177	551
4178	551
4179	551
4180	551
4181	552
4182	552
4183	552
4184	552
4185	552
4186	552
4187	552
4188	552
4189	552
4190	552
4191	552
4192	552
4193	552
4194	552
4195	552
4196	552
4197	552
4198	552
4199	552
4200	552
4201	553
4202	553
4203	553
4204	553
4205	553
4206	553
4207	553
4208	553
4209	553
4210	553
4211	553
4212	553
4213	553
4214	553
4215	553
4216	553
4217	553
4218	553
4219	553
4220	553
4221	553
4222	554
4223	555
4224	555
4225	555
4226	555
4227	555
4228	555
4229	555
4230	555
4231	555
4232	556
4233	556
4234	556
4235	556
4236	556
4237	556
4238	557
4239	557
4240	557
4241	557
4242	557
4243	557
4244	557
4245	557
4246	557
4247	557
4248	557
4249	557
4250	557
4251	557
4252	557
4253	558
4254	559
4255	560
4256	561
4257	561
4258	561
4259	561
4260	561
4261	561
4262	561
4263	561
4264	561
4265	561
4266	561
4267	561
4268	561
4269	562
4270	562
4271	562
4272	562
4273	562
4274	562
4275	562
4276	562
4277	562
4278	562
4279	563
4280	563
4281	563
4282	563
4283	563
4284	564
4285	564
4286	564
4287	564
4288	564
4289	564
4290	564
4291	564
4292	564
4293	564
4294	565
4295	565
4296	565
4297	565
4298	565
4299	565
4300	566
4301	566
4302	566
4303	566
4304	566
4305	566
4306	566
4307	566
4308	566
4309	566
4310	566
4311	566
4312	566
4313	566
4314	566
4315	566
4316	566
4317	567
4318	567
4319	567
4320	567
4321	568
4322	569
4323	570
4324	570
4325	570
4326	570
4327	570
4328	570
4329	570
4330	570
4331	570
4332	570
4333	570
4334	571
4335	571
4336	571
4337	571
4338	571
4339	571
4340	571
4341	571
4342	571
4343	571
4344	571
4345	571
4346	572
4347	572
4348	572
4349	573
4350	573
4351	573
4352	573
4353	573
4354	573
4355	573
4356	573
4357	573
4358	573
4359	573
4360	573
4361	573
4362	573
4363	573
4364	573
4365	573
4366	573
4367	573
4368	573
4369	574
4370	574
4371	575
4372	575
4373	575
4374	576
4375	576
4376	576
4377	576
4378	576
4379	576
4380	576
4381	576
4382	576
4383	577
4384	577
4385	577
4386	577
4387	577
4388	577
4389	577
4390	577
4391	578
4392	578
4393	578
4394	578
4395	578
4396	579
4397	579
4398	579
4399	579
4400	579
4401	579
4402	579
4403	579
4404	579
4405	580
4406	580
4407	580
4408	580
4409	580
4410	580
4411	581
4412	581
4413	581
4414	581
4415	581
4416	581
4417	582
4418	582
4419	582
4420	582
4421	582
4422	582
4423	582
4424	582
4425	582
4426	582
4427	582
4428	583
4429	583
4430	583
4431	583
4432	583
4433	584
4434	584
4435	584
4436	584
4437	584
4438	584
4439	584
4440	585
4441	585
4442	585
4443	585
4444	585
4445	585
4446	585
4447	585
4448	585
4449	585
4450	585
4451	585
4452	585
4453	585
4454	585
4455	586
4456	586
4457	586
4458	587
4459	587
4460	587
4461	588
4462	588
4463	588
4464	588
4465	588
4466	588
4467	589
4468	589
4469	589
4470	589
4471	589
4472	589
4473	589
4474	589
4475	589
4476	589
4477	589
4478	589
4479	589
4480	589
4481	589
4482	589
4483	589
4484	589
4485	590
4486	590
4487	591
4488	592
4489	592
4490	593
4491	594
4492	594
4493	594
4494	595
4495	595
4496	595
4497	595
4498	595
4499	595
4500	595
4501	595
4502	595
4503	595
4504	595
4505	595
4506	596
4507	597
4508	597
4509	597
4510	598
4511	598
4512	598
4513	598
4514	598
4515	598
4516	598
4517	598
4518	599
4519	599
4520	599
4521	599
4522	599
4523	599
4524	599
4525	599
4526	599
4527	599
4528	599
4529	599
4530	599
4531	599
4532	599
4533	599
4534	599
4535	599
4536	599
4537	599
4538	600
4539	600
4540	600
4541	600
4542	600
4543	600
4544	601
4545	601
4546	601
4547	601
4548	601
4549	601
4550	601
4551	601
4552	601
4553	601
4554	601
4555	602
4556	602
4557	602
4558	602
4559	602
4560	603
4561	603
4562	603
4563	603
4564	603
4565	603
4566	603
4567	604
4568	604
4569	604
4570	604
4571	605
4572	605
4573	605
4574	606
4575	606
4576	606
4577	606
4578	606
4579	606
4580	606
4581	606
4582	607
4583	607
4584	607
4585	607
4586	607
4587	607
4588	607
4589	607
4590	607
4591	607
4592	607
4593	607
4594	608
4595	608
4596	608
4597	608
4598	608
4599	608
4600	608
4601	608
4602	608
4603	608
4604	608
4605	608
4606	609
4607	609
4608	609
4609	609
4610	609
4611	609
4612	610
4613	610
4614	610
4615	610
4616	610
4617	610
4618	610
4619	610
4620	611
4621	611
4622	611
4623	611
4624	611
4625	611
4626	611
4627	612
4628	612
4629	612
4630	612
4631	613
4632	613
4633	613
4634	613
4635	613
4636	613
4637	613
4638	613
4639	613
4640	613
4641	613
4642	613
4643	613
4644	613
4645	613
4646	613
4647	613
