
R version 4.3.0 (2023-04-21) -- "Already Tomorrow"
Copyright (C) 2023 The R Foundation for Statistical Computing
Platform: x86_64-pc-linux-gnu (64-bit)

R is free software and comes with ABSOLUTELY NO WARRANTY.
You are welcome to redistribute it under certain conditions.
Type 'license()' or 'licence()' for distribution details.

  Natural language support but running in an English locale

R is a collaborative project with many contributors.
Type 'contributors()' for more information and
'citation()' on how to cite R or R packages in publications.

Type 'demo()' for some demos, 'help()' for on-line help, or
'help.start()' for an HTML browser interface to help.
Type 'q()' to quit R.

> rm(list = ls())
> gc()
         used (Mb) gc trigger (Mb) max used (Mb)
Ncells 284765 15.3     664565 35.5   464468 24.9
Vcells 490458  3.8    8388608 64.0  1837328 14.1
> library(dplyr)

Attaching package: ‘dplyr’

The following objects are masked from ‘package:stats’:

    filter, lag

The following objects are masked from ‘package:base’:

    intersect, setdiff, setequal, union

> library(foreach)
> library(doParallel)
Loading required package: iterators
Loading required package: parallel
> 
> # Set up the number of cores used for parallelization.
> message(detectCores())
32
> num_cores <- 32
> registerDoParallel(num_cores)
> 
> #########################
> #### SEIR Simulation ####
> #########################
> time <- 365 # Number of days.
> inf <- 7 # Average infectious period length.
> N <- 1000 # Population size.
> 
> create_hh <- function() {
+   # Randomly sample household sizes such that total population is 1000 
+   # individuals.
+   hh_size <- sample(x = c(3, 4, 5, 6), size = 340, replace = T)
+   
+   # Keep households such that total population is < 1000.
+   hh_size <- hh_size[which(cumsum(hh_size) < N)]
+   
+   leftover <- N - sum(hh_size)
+   if (leftover < 3) {
+     hh <- 1:length(hh_size)
+     sampled <- sample(hh[hh_size < 6], leftover)
+     hh_size[sampled] <- hh_size[sampled] + 1
+   } else {
+     hh_size <- c(hh_size, leftover)
+   }
+   return(hh_size)
+ }
> 
> SEIR_mix <- function(params, inf = 7, verbose = F) {
+   hh_size <- create_hh()
+   
+   # Create frame for running the simulation.
+   # ID: ID of individual.
+   # SIZE: size of individual's household.
+   # HH: ID of individual's household.
+   # S: susceptibility status.
+   # E: exposed status.
+   # E_count: number of days since exposed.
+   # I: infectious status.
+   # I_count: number of days since infectious.
+   # R: recovered status.
+   # INC: incubation period.
+   # INF: infectious period.
+   data <- data.frame(ID = 1:N,
+                      SIZE = rep(hh_size, times = hh_size),
+                      HH = rep(1:length(hh_size), times = hh_size), 
+                      S = c(0, rep(1, N - 1)), 
+                      E = c(1, rep(0, N - 1)),
+                      E_count = c(1, rep(0, N - 1)), 
+                      I = 0,
+                      I_count = 0, 
+                      R = 0, 
+                      INC = c(rlnorm(1, meanlog = log(29.8), sdlog = 0.45), rep(0, N - 1)),
+                      INF = 0)
+   
+   # Create frame for storing results.
+   # ID: ID of individual.
+   # SIZE: size of individual's household.
+   # HH: ID of individual's household.
+   # TYPE: the kind of infection: household (H), community (C), or both (B).
+   # TIME: when the individual became infectious.
+   # S_NUM: number of susceptible people in individual's household when their 
+   #        infectious period begins.
+   # I_NUM: number of people in household that this individual infected over 
+   #        their infectious period.
+   results <- data[, 1:3] %>% mutate(TYPE = NA, TIME = NA, S_NUM = NA, I_NUM = 0)
+   results$TYPE[1] <- '0'
+   
+   for(t in 1:time) {
+     if (verbose) {
+       if (t %% 10 == 0) {
+         cat(paste0(t, ' '))
+       }
+     }
+     
+     # Anyone who has been infectious for as many days as their infectious period
+     # is now recovered.
+     recovered <- (data$INF > 0) & (data$I_count == data$INF)
+     if(sum(recovered, na.rm = T) > 0) {
+       data$R[recovered] <- 1
+       data$I[recovered] <- 0
+       data$I_count[recovered] <- 0 
+     }
+     
+     new_inf <- (data$INC > 0) & (data$E_count == data$INC)
+     num_new_inf <- sum(new_inf, na.rm = T)
+     if(num_new_inf > 0) {
+       # Change status to newly infectious and add infectious period.
+       data$I[new_inf] <- 1
+       random_inf <- rnorm(num_new_inf, mean = inf, sd = 1) %>% round()
+       data$INF[new_inf] <- random_inf
+       
+       # Remove exposure status and exposure count.
+       data$E[new_inf] <- 0
+       data$E_count[new_inf] <- 0 
+       
+       # Record time at which infectious period starts.
+       results$TIME[new_inf] <- t
+       
+       # Save the number of susceptible people in each infectious individual's 
+       # household.
+       S_data <- data %>% group_by(HH) %>% 
+         mutate(S_TOT = sum(S)) %>% 
+         select(HH, S_TOT)
+       results$S_NUM[new_inf == 1] <- S_data$S_TOT[new_inf == 1]
+     }
+     
+     # I_H is the number of infections inside each household.
+     # I_C is the number of infections outside each household.
+     I_data <- data %>% group_by(HH) %>% 
+       mutate(I_H = sum(I)) %>% 
+       ungroup() %>% 
+       mutate(I_C = sum(I) - I_H)
+     
+     beta_H <- params[1]
+     beta_C <- params[2]
+     beta_E <- params[3]
+     risk_H <- pmin(beta_H * data$S * I_data$I_H / N, 1)
+     risk_C <- pmin(beta_C * data$S * I_data$I_C / N, 1)
+     risk_E <- pmin(beta_E * data$S, 1)
+ 
+     new_inf_H <- rbinom(N, 1, risk_H)
+     new_inf_C <- rbinom(N, 1, risk_C)
+     new_inf_E <- rbinom(N, 1, risk_E)
+     new_exposed <- (new_inf_H == 1) | (new_inf_C == 1) | (new_inf_E == 1)
+     num_new_exposed <- sum(new_exposed, na.rm = T)
+     if (num_new_exposed > 0) {
+       # Change status to newly exposed and add incubation period.
+       data$E[new_exposed] <- 1
+       random_inc <- rlnorm(num_new_exposed, meanlog = log(29.8), sdlog = 0.45) %>% round()
+       data$INC[new_exposed] <- random_inc
+       
+       # Remove susceptible status.
+       data$S[new_exposed] <- 0
+       
+       # Get number of new infections in each household.
+       I_data <- I_data %>%
+         select(ID, HH, I, I_H) %>%
+         mutate(new_I_H = new_inf_H) %>%
+         group_by(HH) %>%
+         # Find households with at least 1 currently infectious individual. If 
+         # exactly 1 infectious individual in household, assign all new H 
+         # exposures to that individual. If there are multiple infectious 
+         # individuals, assign all infections to the infectious individual with 
+         # the first ID.
+         mutate(new_I_H = ifelse(I == 1 & ID == first(ID[I == 1]), 
+                                 sum(new_I_H), 0))
+       
+       results$I_NUM <- results$I_NUM + I_data$new_I_H
+       
+       # Label infections types.
+       results$TYPE[new_inf_H == 1] <- 'H'
+       results$TYPE[new_inf_C == 1] <- 'C'
+       results$TYPE[new_inf_E == 1] <- 'E'
+       results$TYPE[(new_inf_H == 1) & (new_inf_C == 1)] <- 'HC'
+       results$TYPE[(new_inf_H == 1) & (new_inf_E == 1)] <- 'HE'
+       results$TYPE[(new_inf_C == 1) & (new_inf_E == 1)] <- 'CE'
+       results$TYPE[(new_inf_H == 1) & (new_inf_C == 1) & (new_inf_E == 1)] <- 'HCE'
+     }
+     
+     # Increment exposure and infectious counters.
+     data$E_count[data$E == 1] <- data$E_count[data$E == 1] + 1
+     data$I_count[data$I == 1] <- data$I_count[data$I == 1] + 1
+   }
+   return(results)
+ }
> 
> metrics <- function(results) {
+   # Incidence is the proportion of the population that became infected.
+   idc <- mean(!is.na(results$TIME))
+   
+   # The SAR is the average SAR for each individual that was infectious.
+   sar <- mean(results$I_NUM / results$S_NUM, na.rm = T)
+   
+   # The proportion of cases caused by household infections.
+   cases <- results[!is.na(results$TIME), ]
+   prp <- mean((cases$TYPE == 'H') | (cases$TYPE == 'HC') | (cases$TYPE == 'HCE'))
+ 
+   return(c(idc, sar, prp))
+ }
> 
> beta_Hs <- seq(26, 30, 1) # 5
> beta_Cs <- seq(0.000, 0.010, 0.001) # 11
> beta_Es <- seq(0.00001, 0.00015, 0.00001) # 15
> 
> d_H <- length(beta_Hs)
> d_C <- length(beta_Cs)
> d_E <- length(beta_Es)
> 
> reps <- 200
> idcs <- array(rep(NA, d_H * d_C * d_E * reps), dim = c(d_H, d_C, d_E, reps))
> sars <- array(rep(NA, d_H * d_C * d_E * reps), dim = c(d_H, d_C, d_E, reps))
> prps <- array(rep(NA, d_H * d_C * d_E * reps), dim = c(d_H, d_C, d_E, reps))
> t_tot <- 0
> for (i in 1:d_H) {
+   for (j in 1:d_C) {
+     for (k in 1:d_E) {
+       beta_H <- beta_Hs[i]
+       beta_C <- beta_Cs[j]
+       beta_E <- beta_Es[k]
+       
+       params <- c(beta_H, beta_C, beta_E)
+       
+       cat(paste0(format(beta_H, nsmall = 0), '/21\t', 
+                  format(beta_C, nsmall = 3), '/0.040\t',
+                  format(beta_E, nsmall = 5, scientific = F), '/0.00010\t'))
+         
+       t_0 <- Sys.time()
+       vals <- foreach (l = 1:reps, .combine = 'c') %dopar% {
+         results <- SEIR_mix(params) 
+         metrics(results)
+       }
+       t_1 <- Sys.time()
+       t_tot <- t_tot + (t_1 - t_0)
+         
+       cat(paste0(format(t_tot, nsmall = 2, digits = 4), '\t(', 
+                  format(t_1 - t_0, nsmall = 2, digits = 4), ')\t'))
+       
+       vals <- matrix(vals, reps, byrow = T)
+       idcs[i, j, k, ] <- vals[, 1]
+       sars[i, j, k, ] <- vals[, 2]
+       prps[i, j, k, ] <- vals[, 3]
+         
+       cat(paste0(format(round(mean(vals[, 1]), 3), nsmall = 3), '\t', 
+                  format(round(mean(vals[, 2]), 3), nsmall = 3), '\t', 
+                  format(round(mean(vals[, 3]), 3), nsmall = 3), '\n'))
+     }
+     cat('\n')
+     saveRDS(idcs, file = 'idcs.rds')
+     saveRDS(sars, file = 'sars.rds')
+     saveRDS(prps, file = 'prps.rds')
+     
+     write.table(idcs, file = 'idcs.txt', row.names = F, col.names = F)
+     write.table(sars, file = 'sars.txt', row.names = F, col.names = F)
+     write.table(prps, file = 'prps.txt', row.names = F, col.names = F)
+   }
+   message('\n')
+ }
26/21	0.000/0.040	0.00001/0.00010	51.94 secs	(51.94 secs)	0.006	NaN	NaN
26/21	0.000/0.040	0.00002/0.00010	107.64 secs	(55.70 secs)	0.012	0.159	0.427
26/21	0.000/0.040	0.00003/0.00010	165.99 secs	(58.35 secs)	0.018	0.160	0.412
26/21	0.000/0.040	0.00004/0.00010	228.50 secs	(1.042 mins)	0.024	0.168	0.441
26/21	0.000/0.040	0.00005/0.00010	293.00 secs	(1.075 mins)	0.030	0.161	0.427
26/21	0.000/0.040	0.00006/0.00010	361.54 secs	(1.142 mins)	0.035	0.161	0.430
26/21	0.000/0.040	0.00007/0.00010	431.38 secs	(1.164 mins)	0.042	0.164	0.437
26/21	0.000/0.040	0.00008/0.00010	504.71 secs	(1.222 mins)	0.048	0.165	0.438
26/21	0.000/0.040	0.00009/0.00010	581.71 secs	(1.283 mins)	0.054	0.164	0.439
26/21	0.000/0.040	0.00010/0.00010	660.99 secs	(1.321 mins)	0.058	0.166	0.443
26/21	0.000/0.040	0.00011/0.00010	741.72 secs	(1.345 mins)	0.065	0.168	0.442
26/21	0.000/0.040	0.00012/0.00010	826.31 secs	(1.41 mins)	0.069	0.163	0.437
26/21	0.000/0.040	0.00013/0.00010	910.57 secs	(1.404 mins)	0.073	0.162	0.434
26/21	0.000/0.040	0.00014/0.00010	998.55 secs	(1.466 mins)	0.080	0.164	0.438
26/21	0.000/0.040	0.00015/0.00010	1090.98 secs	(1.54 mins)	0.087	0.166	0.440

26/21	0.001/0.040	0.00001/0.00010	1143.29 secs	(52.31 secs)	0.006	NaN	NaN
26/21	0.001/0.040	0.00002/0.00010	1200.48 secs	(57.19 secs)	0.012	NaN	NaN
26/21	0.001/0.040	0.00003/0.00010	1259.47 secs	(58.99 secs)	0.017	0.156	0.414
26/21	0.001/0.040	0.00004/0.00010	1322.15 secs	(1.045 mins)	0.024	0.167	0.435
26/21	0.001/0.040	0.00005/0.00010	1388.93 secs	(1.113 mins)	0.029	0.165	0.433
26/21	0.001/0.040	0.00006/0.00010	1456.94 secs	(1.134 mins)	0.036	0.166	0.440
26/21	0.001/0.040	0.00007/0.00010	1528.50 secs	(1.193 mins)	0.042	0.161	0.433
26/21	0.001/0.040	0.00008/0.00010	1601.57 secs	(1.218 mins)	0.045	0.161	0.429
26/21	0.001/0.040	0.00009/0.00010	1679.12 secs	(1.292 mins)	0.053	0.163	0.434
26/21	0.001/0.040	0.00010/0.00010	1757.23 secs	(1.302 mins)	0.059	0.162	0.435
26/21	0.001/0.040	0.00011/0.00010	1837.91 secs	(1.345 mins)	0.064	0.164	0.437
26/21	0.001/0.040	0.00012/0.00010	1922.75 secs	(1.414 mins)	0.069	0.164	0.439
26/21	0.001/0.040	0.00013/0.00010	2008.91 secs	(1.436 mins)	0.075	0.166	0.442
26/21	0.001/0.040	0.00014/0.00010	2097.07 secs	(1.469 mins)	0.081	0.168	0.440
26/21	0.001/0.040	0.00015/0.00010	2187.81 secs	(1.512 mins)	0.086	0.163	0.441

26/21	0.002/0.040	0.00001/0.00010	2240.42 secs	(52.61 secs)	0.006	NaN	NaN
26/21	0.002/0.040	0.00002/0.00010	2297.08 secs	(56.66 secs)	0.012	0.152	0.406
26/21	0.002/0.040	0.00003/0.00010	2356.09 secs	(59.01 secs)	0.019	0.160	0.425
26/21	0.002/0.040	0.00004/0.00010	2417.87 secs	(1.03 mins)	0.023	0.161	0.421
26/21	0.002/0.040	0.00005/0.00010	2483.34 secs	(1.091 mins)	0.029	0.152	0.422
26/21	0.002/0.040	0.00006/0.00010	2551.36 secs	(1.134 mins)	0.036	0.164	0.441
26/21	0.002/0.040	0.00007/0.00010	2621.98 secs	(1.177 mins)	0.042	0.164	0.436
26/21	0.002/0.040	0.00008/0.00010	2695.90 secs	(1.232 mins)	0.047	0.159	0.429
26/21	0.002/0.040	0.00009/0.00010	2772.74 secs	(1.281 mins)	0.053	0.159	0.425
26/21	0.002/0.040	0.00010/0.00010	2851.78 secs	(1.317 mins)	0.059	0.167	0.441
26/21	0.002/0.040	0.00011/0.00010	2932.99 secs	(1.354 mins)	0.065	0.159	0.437
26/21	0.002/0.040	0.00012/0.00010	3017.27 secs	(1.405 mins)	0.071	0.163	0.440
26/21	0.002/0.040	0.00013/0.00010	3104.37 secs	(1.452 mins)	0.077	0.168	0.444
26/21	0.002/0.040	0.00014/0.00010	3193.23 secs	(1.481 mins)	0.082	0.163	0.434
26/21	0.002/0.040	0.00015/0.00010	3283.84 secs	(1.51 mins)	0.087	0.165	0.439

26/21	0.003/0.040	0.00001/0.00010	3336.97 secs	(53.13 secs)	0.006	NaN	NaN
26/21	0.003/0.040	0.00002/0.00010	3393.24 secs	(56.27 secs)	0.013	NaN	NaN
26/21	0.003/0.040	0.00003/0.00010	3452.77 secs	(59.53 secs)	0.018	0.162	0.419
26/21	0.003/0.040	0.00004/0.00010	3515.48 secs	(1.045 mins)	0.025	0.165	0.435
26/21	0.003/0.040	0.00005/0.00010	3582.71 secs	(1.121 mins)	0.032	0.164	0.443
26/21	0.003/0.040	0.00006/0.00010	3651.08 secs	(1.139 mins)	0.037	0.166	0.432
26/21	0.003/0.040	0.00007/0.00010	3722.18 secs	(1.185 mins)	0.042	0.161	0.435
26/21	0.003/0.040	0.00008/0.00010	3798.49 secs	(1.272 mins)	0.050	0.165	0.440
26/21	0.003/0.040	0.00009/0.00010	3877.96 secs	(1.324 mins)	0.054	0.162	0.434
26/21	0.003/0.040	0.00010/0.00010	3961.36 secs	(1.39 mins)	0.060	0.162	0.435
26/21	0.003/0.040	0.00011/0.00010	4047.73 secs	(1.44 mins)	0.066	0.165	0.439
26/21	0.003/0.040	0.00012/0.00010	4137.14 secs	(1.49 mins)	0.071	0.160	0.434
26/21	0.003/0.040	0.00013/0.00010	4230.28 secs	(1.552 mins)	0.078	0.166	0.443
26/21	0.003/0.040	0.00014/0.00010	4325.91 secs	(1.594 mins)	0.084	0.164	0.438
26/21	0.003/0.040	0.00015/0.00010	4421.32 secs	(1.59 mins)	0.088	0.164	0.433

26/21	0.004/0.040	0.00001/0.00010	4476.32 secs	(55.00 secs)	0.006	NaN	NaN
26/21	0.004/0.040	0.00002/0.00010	4535.97 secs	(59.65 secs)	0.012	0.157	0.417
26/21	0.004/0.040	0.00003/0.00010	4599.11 secs	(1.052 mins)	0.020	0.161	0.422
26/21	0.004/0.040	0.00004/0.00010	4665.52 secs	(1.107 mins)	0.025	0.158	0.426
26/21	0.004/0.040	0.00005/0.00010	4734.11 secs	(1.143 mins)	0.030	0.163	0.435
26/21	0.004/0.040	0.00006/0.00010	4805.61 secs	(1.192 mins)	0.036	0.161	0.429
26/21	0.004/0.040	0.00007/0.00010	4880.58 secs	(1.25 mins)	0.043	0.165	0.442
26/21	0.004/0.040	0.00008/0.00010	4955.16 secs	(1.243 mins)	0.047	0.161	0.430
26/21	0.004/0.040	0.00009/0.00010	5032.32 secs	(1.286 mins)	0.054	0.166	0.434
26/21	0.004/0.040	0.00010/0.00010	5112.76 secs	(1.341 mins)	0.060	0.162	0.436
26/21	0.004/0.040	0.00011/0.00010	5196.43 secs	(1.395 mins)	0.066	0.164	0.438
26/21	0.004/0.040	0.00012/0.00010	5281.30 secs	(1.414 mins)	0.073	0.165	0.440
26/21	0.004/0.040	0.00013/0.00010	5368.83 secs	(1.459 mins)	0.079	0.167	0.441
26/21	0.004/0.040	0.00014/0.00010	5459.31 secs	(1.508 mins)	0.083	0.167	0.441
26/21	0.004/0.040	0.00015/0.00010	5554.51 secs	(1.587 mins)	0.089	0.166	0.439

26/21	0.005/0.040	0.00001/0.00010	5608.26 secs	(53.76 secs)	0.006	NaN	NaN
26/21	0.005/0.040	0.00002/0.00010	5666.99 secs	(58.72 secs)	0.013	0.150	0.403
26/21	0.005/0.040	0.00003/0.00010	5726.71 secs	(59.72 secs)	0.018	0.151	0.397
26/21	0.005/0.040	0.00004/0.00010	5791.03 secs	(1.072 mins)	0.025	0.162	0.434
26/21	0.005/0.040	0.00005/0.00010	5859.26 secs	(1.137 mins)	0.031	0.157	0.426
26/21	0.005/0.040	0.00006/0.00010	5928.17 secs	(1.149 mins)	0.036	0.162	0.437
26/21	0.005/0.040	0.00007/0.00010	5999.08 secs	(1.182 mins)	0.042	0.162	0.435
26/21	0.005/0.040	0.00008/0.00010	6074.67 secs	(1.26 mins)	0.050	0.168	0.447
26/21	0.005/0.040	0.00009/0.00010	6153.59 secs	(1.315 mins)	0.055	0.166	0.437
26/21	0.005/0.040	0.00010/0.00010	6235.42 secs	(1.364 mins)	0.061	0.163	0.436
26/21	0.005/0.040	0.00011/0.00010	6316.50 secs	(1.351 mins)	0.066	0.164	0.435
26/21	0.005/0.040	0.00012/0.00010	6401.56 secs	(1.418 mins)	0.072	0.167	0.434
26/21	0.005/0.040	0.00013/0.00010	6488.59 secs	(1.45 mins)	0.077	0.163	0.434
26/21	0.005/0.040	0.00014/0.00010	6578.01 secs	(1.49 mins)	0.085	0.164	0.439
26/21	0.005/0.040	0.00015/0.00010	6669.65 secs	(1.527 mins)	0.090	0.164	0.436

26/21	0.006/0.040	0.00001/0.00010	6722.26 secs	(52.61 secs)	0.006	NaN	NaN
26/21	0.006/0.040	0.00002/0.00010	6780.77 secs	(58.50 secs)	0.013	0.154	0.408
26/21	0.006/0.040	0.00003/0.00010	6840.64 secs	(59.88 secs)	0.019	0.157	0.426
26/21	0.006/0.040	0.00004/0.00010	6903.98 secs	(1.056 mins)	0.026	0.158	0.429
26/21	0.006/0.040	0.00005/0.00010	6971.33 secs	(1.122 mins)	0.032	0.164	0.443
26/21	0.006/0.040	0.00006/0.00010	7043.20 secs	(1.198 mins)	0.039	0.162	0.433
26/21	0.006/0.040	0.00007/0.00010	7115.42 secs	(1.204 mins)	0.045	0.162	0.433
26/21	0.006/0.040	0.00008/0.00010	7192.16 secs	(1.279 mins)	0.050	0.168	0.439
26/21	0.006/0.040	0.00009/0.00010	7269.47 secs	(1.288 mins)	0.055	0.163	0.432
26/21	0.006/0.040	0.00010/0.00010	7350.24 secs	(1.346 mins)	0.063	0.165	0.449
26/21	0.006/0.040	0.00011/0.00010	7434.48 secs	(1.404 mins)	0.068	0.164	0.439
26/21	0.006/0.040	0.00012/0.00010	7522.06 secs	(1.46 mins)	0.074	0.166	0.439
26/21	0.006/0.040	0.00013/0.00010	7612.92 secs	(1.514 mins)	0.079	0.164	0.436
26/21	0.006/0.040	0.00014/0.00010	7703.63 secs	(1.512 mins)	0.086	0.167	0.443
26/21	0.006/0.040	0.00015/0.00010	7796.78 secs	(1.552 mins)	0.091	0.166	0.436

26/21	0.007/0.040	0.00001/0.00010	7850.76 secs	(53.99 secs)	0.006	NaN	NaN
26/21	0.007/0.040	0.00002/0.00010	7907.44 secs	(56.67 secs)	0.013	NaN	NaN
26/21	0.007/0.040	0.00003/0.00010	7967.23 secs	(59.79 secs)	0.019	0.166	0.436
26/21	0.007/0.040	0.00004/0.00010	8029.82 secs	(1.043 mins)	0.025	0.167	0.432
26/21	0.007/0.040	0.00005/0.00010	8096.81 secs	(1.116 mins)	0.033	0.166	0.442
26/21	0.007/0.040	0.00006/0.00010	8165.67 secs	(1.148 mins)	0.038	0.159	0.434
26/21	0.007/0.040	0.00007/0.00010	8236.39 secs	(1.179 mins)	0.043	0.161	0.431
26/21	0.007/0.040	0.00008/0.00010	8310.71 secs	(1.239 mins)	0.049	0.161	0.432
26/21	0.007/0.040	0.00009/0.00010	8389.14 secs	(1.307 mins)	0.057	0.165	0.442
26/21	0.007/0.040	0.00010/0.00010	8470.46 secs	(1.355 mins)	0.062	0.165	0.439
26/21	0.007/0.040	0.00011/0.00010	8554.28 secs	(1.397 mins)	0.068	0.162	0.434
26/21	0.007/0.040	0.00012/0.00010	8640.39 secs	(1.435 mins)	0.075	0.165	0.435
26/21	0.007/0.040	0.00013/0.00010	8729.46 secs	(1.484 mins)	0.081	0.168	0.444
26/21	0.007/0.040	0.00014/0.00010	8821.46 secs	(1.533 mins)	0.085	0.163	0.436
26/21	0.007/0.040	0.00015/0.00010	8914.44 secs	(1.55 mins)	0.090	0.165	0.436

26/21	0.008/0.040	0.00001/0.00010	8968.69 secs	(54.25 secs)	0.007	NaN	NaN
26/21	0.008/0.040	0.00002/0.00010	9025.90 secs	(57.21 secs)	0.013	0.146	0.398
26/21	0.008/0.040	0.00003/0.00010	9086.54 secs	(1.011 mins)	0.019	0.157	0.427
26/21	0.008/0.040	0.00004/0.00010	9149.18 secs	(1.044 mins)	0.025	0.154	0.414
26/21	0.008/0.040	0.00005/0.00010	9215.42 secs	(1.104 mins)	0.033	0.158	0.431
26/21	0.008/0.040	0.00006/0.00010	9284.41 secs	(1.15 mins)	0.038	0.162	0.429
26/21	0.008/0.040	0.00007/0.00010	9359.43 secs	(1.25 mins)	0.046	0.163	0.441
26/21	0.008/0.040	0.00008/0.00010	9435.22 secs	(1.263 mins)	0.051	0.161	0.432
26/21	0.008/0.040	0.00009/0.00010	9514.15 secs	(1.316 mins)	0.058	0.165	0.441
26/21	0.008/0.040	0.00010/0.00010	9596.50 secs	(1.372 mins)	0.064	0.169	0.443
26/21	0.008/0.040	0.00011/0.00010	9680.11 secs	(1.393 mins)	0.069	0.164	0.434
26/21	0.008/0.040	0.00012/0.00010	9765.60 secs	(1.425 mins)	0.074	0.166	0.439
26/21	0.008/0.040	0.00013/0.00010	9854.27 secs	(1.478 mins)	0.081	0.163	0.436
26/21	0.008/0.040	0.00014/0.00010	9944.53 secs	(1.504 mins)	0.087	0.163	0.435
26/21	0.008/0.040	0.00015/0.00010	10037.52 secs	(1.55 mins)	0.092	0.167	0.445

26/21	0.009/0.040	0.00001/0.00010	10091.56 secs	(54.03 secs)	0.007	NaN	NaN
26/21	0.009/0.040	0.00002/0.00010	10149.63 secs	(58.08 secs)	0.013	0.145	0.401
26/21	0.009/0.040	0.00003/0.00010	10209.87 secs	(1.004 mins)	0.020	0.159	0.433
26/21	0.009/0.040	0.00004/0.00010	10273.74 secs	(1.065 mins)	0.027	0.165	0.439
26/21	0.009/0.040	0.00005/0.00010	10342.18 secs	(1.141 mins)	0.031	0.158	0.425
26/21	0.009/0.040	0.00006/0.00010	10412.05 secs	(1.165 mins)	0.039	0.163	0.427
26/21	0.009/0.040	0.00007/0.00010	10484.41 secs	(1.206 mins)	0.044	0.162	0.433
26/21	0.009/0.040	0.00008/0.00010	10561.10 secs	(1.278 mins)	0.052	0.161	0.430
26/21	0.009/0.040	0.00009/0.00010	10639.86 secs	(1.313 mins)	0.058	0.161	0.432
26/21	0.009/0.040	0.00010/0.00010	10721.84 secs	(1.366 mins)	0.065	0.165	0.439
26/21	0.009/0.040	0.00011/0.00010	10806.20 secs	(1.406 mins)	0.069	0.163	0.431
26/21	0.009/0.040	0.00012/0.00010	10893.61 secs	(1.457 mins)	0.078	0.166	0.443
26/21	0.009/0.040	0.00013/0.00010	10984.93 secs	(1.522 mins)	0.081	0.166	0.437
26/21	0.009/0.040	0.00014/0.00010	11077.63 secs	(1.545 mins)	0.088	0.164	0.436
26/21	0.009/0.040	0.00015/0.00010	11171.57 secs	(1.566 mins)	0.093	0.162	0.433

26/21	0.010/0.040	0.00001/0.00010	11225.86 secs	(54.29 secs)	0.007	NaN	NaN
26/21	0.010/0.040	0.00002/0.00010	11283.68 secs	(57.82 secs)	0.014	0.159	0.421
26/21	0.010/0.040	0.00003/0.00010	11345.21 secs	(1.026 mins)	0.021	0.156	0.423
26/21	0.010/0.040	0.00004/0.00010	11408.60 secs	(1.057 mins)	0.027	0.163	0.438
26/21	0.010/0.040	0.00005/0.00010	11474.72 secs	(1.102 mins)	0.033	0.163	0.432
26/21	0.010/0.040	0.00006/0.00010	11547.96 secs	(1.221 mins)	0.040	0.164	0.437
26/21	0.010/0.040	0.00007/0.00010	11621.64 secs	(1.228 mins)	0.046	0.162	0.438
26/21	0.010/0.040	0.00008/0.00010	11699.97 secs	(1.306 mins)	0.053	0.166	0.443
26/21	0.010/0.040	0.00009/0.00010	11779.41 secs	(1.324 mins)	0.058	0.165	0.444
26/21	0.010/0.040	0.00010/0.00010	11863.50 secs	(1.401 mins)	0.064	0.164	0.434
26/21	0.010/0.040	0.00011/0.00010	11953.84 secs	(1.506 mins)	0.072	0.161	0.434
26/21	0.010/0.040	0.00012/0.00010	12043.88 secs	(1.501 mins)	0.074	0.162	0.434
26/21	0.010/0.040	0.00013/0.00010	12135.58 secs	(1.528 mins)	0.083	0.163	0.431
26/21	0.010/0.040	0.00014/0.00010	12226.06 secs	(1.508 mins)	0.087	0.163	0.434
26/21	0.010/0.040	0.00015/0.00010	12319.07 secs	(1.55 mins)	0.095	0.165	0.436



27/21	0.000/0.040	0.00001/0.00010	12371.85 secs	(52.78 secs)	0.006	NaN	NaN
27/21	0.000/0.040	0.00002/0.00010	12427.82 secs	(55.97 secs)	0.012	0.165	0.425
27/21	0.000/0.040	0.00003/0.00010	12486.66 secs	(58.84 secs)	0.018	0.163	0.433
27/21	0.000/0.040	0.00004/0.00010	12549.52 secs	(1.048 mins)	0.025	0.169	0.442
27/21	0.000/0.040	0.00005/0.00010	12616.08 secs	(1.109 mins)	0.031	0.173	0.452
27/21	0.000/0.040	0.00006/0.00010	12684.17 secs	(1.135 mins)	0.035	0.169	0.446
27/21	0.000/0.040	0.00007/0.00010	12757.39 secs	(1.22 mins)	0.043	0.171	0.458
27/21	0.000/0.040	0.00008/0.00010	12830.82 secs	(1.224 mins)	0.047	0.171	0.454
27/21	0.000/0.040	0.00009/0.00010	12908.10 secs	(1.288 mins)	0.054	0.170	0.450
27/21	0.000/0.040	0.00010/0.00010	12987.00 secs	(1.315 mins)	0.059	0.173	0.456
27/21	0.000/0.040	0.00011/0.00010	13067.78 secs	(1.346 mins)	0.065	0.170	0.449
27/21	0.000/0.040	0.00012/0.00010	13151.37 secs	(1.393 mins)	0.071	0.173	0.451
27/21	0.000/0.040	0.00013/0.00010	13238.00 secs	(1.444 mins)	0.076	0.169	0.444
27/21	0.000/0.040	0.00014/0.00010	13328.67 secs	(1.511 mins)	0.081	0.170	0.444
27/21	0.000/0.040	0.00015/0.00010	13419.40 secs	(1.512 mins)	0.086	0.169	0.445

27/21	0.001/0.040	0.00001/0.00010	13472.14 secs	(52.75 secs)	0.006	NaN	NaN
27/21	0.001/0.040	0.00002/0.00010	13528.90 secs	(56.76 secs)	0.013	0.160	0.412
27/21	0.001/0.040	0.00003/0.00010	13590.22 secs	(1.022 mins)	0.018	0.173	0.441
27/21	0.001/0.040	0.00004/0.00010	13653.04 secs	(1.047 mins)	0.025	0.168	0.445
27/21	0.001/0.040	0.00005/0.00010	13718.02 secs	(1.083 mins)	0.030	0.164	0.437
27/21	0.001/0.040	0.00006/0.00010	13787.85 secs	(1.164 mins)	0.037	0.170	0.445
27/21	0.001/0.040	0.00007/0.00010	13860.04 secs	(1.203 mins)	0.042	0.170	0.446
27/21	0.001/0.040	0.00008/0.00010	13932.88 secs	(1.214 mins)	0.048	0.168	0.447
27/21	0.001/0.040	0.00009/0.00010	14010.23 secs	(1.289 mins)	0.054	0.167	0.447
27/21	0.001/0.040	0.00010/0.00010	14088.82 secs	(1.31 mins)	0.058	0.166	0.446
27/21	0.001/0.040	0.00011/0.00010	14172.34 secs	(1.392 mins)	0.067	0.172	0.450
27/21	0.001/0.040	0.00012/0.00010	14256.00 secs	(1.394 mins)	0.071	0.172	0.449
27/21	0.001/0.040	0.00013/0.00010	14342.13 secs	(1.435 mins)	0.076	0.167	0.440
27/21	0.001/0.040	0.00014/0.00010	14432.53 secs	(1.507 mins)	0.084	0.169	0.446
27/21	0.001/0.040	0.00015/0.00010	14527.02 secs	(1.575 mins)	0.089	0.171	0.449

27/21	0.002/0.040	0.00001/0.00010	14580.57 secs	(53.55 secs)	0.006	NaN	NaN
27/21	0.002/0.040	0.00002/0.00010	14637.57 secs	(57.00 secs)	0.013	0.168	0.442
27/21	0.002/0.040	0.00003/0.00010	14698.23 secs	(1.011 mins)	0.019	0.171	0.443
27/21	0.002/0.040	0.00004/0.00010	14761.56 secs	(1.056 mins)	0.025	0.170	0.450
27/21	0.002/0.040	0.00005/0.00010	14827.97 secs	(1.107 mins)	0.031	0.175	0.451
27/21	0.002/0.040	0.00006/0.00010	14896.41 secs	(1.141 mins)	0.037	0.173	0.449
27/21	0.002/0.040	0.00007/0.00010	14968.17 secs	(1.196 mins)	0.043	0.172	0.458
27/21	0.002/0.040	0.00008/0.00010	15042.47 secs	(1.238 mins)	0.048	0.169	0.448
27/21	0.002/0.040	0.00009/0.00010	15120.45 secs	(1.30 mins)	0.055	0.171	0.450
27/21	0.002/0.040	0.00010/0.00010	15198.98 secs	(1.309 mins)	0.059	0.169	0.453
27/21	0.002/0.040	0.00011/0.00010	15281.18 secs	(1.37 mins)	0.066	0.168	0.447
27/21	0.002/0.040	0.00012/0.00010	15366.39 secs	(1.42 mins)	0.073	0.171	0.454
27/21	0.002/0.040	0.00013/0.00010	15453.77 secs	(1.456 mins)	0.077	0.169	0.446
27/21	0.002/0.040	0.00014/0.00010	15544.40 secs	(1.51 mins)	0.083	0.170	0.450
27/21	0.002/0.040	0.00015/0.00010	15637.14 secs	(1.546 mins)	0.091	0.171	0.448

27/21	0.003/0.040	0.00001/0.00010	15690.25 secs	(53.11 secs)	0.007	NaN	NaN
27/21	0.003/0.040	0.00002/0.00010	15747.69 secs	(57.44 secs)	0.013	0.156	0.407
27/21	0.003/0.040	0.00003/0.00010	15808.93 secs	(1.021 mins)	0.020	0.171	0.443
27/21	0.003/0.040	0.00004/0.00010	15872.71 secs	(1.063 mins)	0.025	0.165	0.432
27/21	0.003/0.040	0.00005/0.00010	15937.53 secs	(1.08 mins)	0.030	0.169	0.443
27/21	0.003/0.040	0.00006/0.00010	16007.73 secs	(1.17 mins)	0.036	0.172	0.444
27/21	0.003/0.040	0.00007/0.00010	16079.41 secs	(1.195 mins)	0.043	0.168	0.451
27/21	0.003/0.040	0.00008/0.00010	16155.20 secs	(1.263 mins)	0.049	0.168	0.448
27/21	0.003/0.040	0.00009/0.00010	16232.10 secs	(1.282 mins)	0.054	0.166	0.446
27/21	0.003/0.040	0.00010/0.00010	16312.52 secs	(1.34 mins)	0.061	0.170	0.444
27/21	0.003/0.040	0.00011/0.00010	16396.35 secs	(1.397 mins)	0.068	0.171	0.449
27/21	0.003/0.040	0.00012/0.00010	16481.04 secs	(1.411 mins)	0.074	0.170	0.449
27/21	0.003/0.040	0.00013/0.00010	16568.85 secs	(1.464 mins)	0.078	0.169	0.453
27/21	0.003/0.040	0.00014/0.00010	16659.28 secs	(1.507 mins)	0.083	0.170	0.447
27/21	0.003/0.040	0.00015/0.00010	16753.60 secs	(1.572 mins)	0.091	0.172	0.448

27/21	0.004/0.040	0.00001/0.00010	16806.34 secs	(52.74 secs)	0.006	NaN	NaN
27/21	0.004/0.040	0.00002/0.00010	16865.28 secs	(58.94 secs)	0.012	0.153	0.414
27/21	0.004/0.040	0.00003/0.00010	16928.46 secs	(1.053 mins)	0.020	0.164	0.441
27/21	0.004/0.040	0.00004/0.00010	16994.43 secs	(1.10 mins)	0.026	0.166	0.446
27/21	0.004/0.040	0.00005/0.00010	17062.66 secs	(1.137 mins)	0.031	0.171	0.446
27/21	0.004/0.040	0.00006/0.00010	17135.05 secs	(1.206 mins)	0.038	0.167	0.444
27/21	0.004/0.040	0.00007/0.00010	17210.03 secs	(1.25 mins)	0.044	0.171	0.451
27/21	0.004/0.040	0.00008/0.00010	17289.47 secs	(1.324 mins)	0.050	0.166	0.441
27/21	0.004/0.040	0.00009/0.00010	17370.70 secs	(1.354 mins)	0.055	0.169	0.446
27/21	0.004/0.040	0.00010/0.00010	17454.93 secs	(1.404 mins)	0.062	0.168	0.445
27/21	0.004/0.040	0.00011/0.00010	17543.56 secs	(1.477 mins)	0.067	0.171	0.447
27/21	0.004/0.040	0.00012/0.00010	17633.91 secs	(1.506 mins)	0.076	0.171	0.453
27/21	0.004/0.040	0.00013/0.00010	17725.40 secs	(1.525 mins)	0.079	0.169	0.442
27/21	0.004/0.040	0.00014/0.00010	17818.60 secs	(1.553 mins)	0.083	0.169	0.444
27/21	0.004/0.040	0.00015/0.00010	17912.97 secs	(1.573 mins)	0.092	0.174	0.453

27/21	0.005/0.040	0.00001/0.00010	17967.12 secs	(54.15 secs)	0.007	NaN	NaN
27/21	0.005/0.040	0.00002/0.00010	18023.69 secs	(56.57 secs)	0.013	0.166	0.408
27/21	0.005/0.040	0.00003/0.00010	18084.33 secs	(1.011 mins)	0.019	0.166	0.440
27/21	0.005/0.040	0.00004/0.00010	18148.27 secs	(1.066 mins)	0.027	0.166	0.446
27/21	0.005/0.040	0.00005/0.00010	18214.21 secs	(1.099 mins)	0.032	0.164	0.445
27/21	0.005/0.040	0.00006/0.00010	18284.62 secs	(1.173 mins)	0.039	0.171	0.449
27/21	0.005/0.040	0.00007/0.00010	18357.25 secs	(1.21 mins)	0.045	0.175	0.451
27/21	0.005/0.040	0.00008/0.00010	18433.45 secs	(1.27 mins)	0.051	0.177	0.458
27/21	0.005/0.040	0.00009/0.00010	18511.71 secs	(1.304 mins)	0.056	0.172	0.458
27/21	0.005/0.040	0.00010/0.00010	18592.15 secs	(1.341 mins)	0.063	0.171	0.447
27/21	0.005/0.040	0.00011/0.00010	18676.94 secs	(1.413 mins)	0.068	0.169	0.447
27/21	0.005/0.040	0.00012/0.00010	18764.14 secs	(1.453 mins)	0.075	0.170	0.450
27/21	0.005/0.040	0.00013/0.00010	18853.99 secs	(1.498 mins)	0.081	0.170	0.447
27/21	0.005/0.040	0.00014/0.00010	18946.52 secs	(1.542 mins)	0.086	0.172	0.446
27/21	0.005/0.040	0.00015/0.00010	19041.26 secs	(1.579 mins)	0.095	0.174	0.452

27/21	0.006/0.040	0.00001/0.00010	19095.02 secs	(53.76 secs)	0.007	NaN	NaN
27/21	0.006/0.040	0.00002/0.00010	19152.46 secs	(57.44 secs)	0.014	0.171	0.443
27/21	0.006/0.040	0.00003/0.00010	19213.13 secs	(1.011 mins)	0.019	0.168	0.439
27/21	0.006/0.040	0.00004/0.00010	19276.65 secs	(1.059 mins)	0.025	0.159	0.437
27/21	0.006/0.040	0.00005/0.00010	19343.43 secs	(1.113 mins)	0.032	0.169	0.451
27/21	0.006/0.040	0.00006/0.00010	19412.64 secs	(1.153 mins)	0.039	0.173	0.451
27/21	0.006/0.040	0.00007/0.00010	19485.59 secs	(1.216 mins)	0.043	0.168	0.444
27/21	0.006/0.040	0.00008/0.00010	19561.24 secs	(1.261 mins)	0.051	0.169	0.444
27/21	0.006/0.040	0.00009/0.00010	19641.38 secs	(1.336 mins)	0.059	0.170	0.448
27/21	0.006/0.040	0.00010/0.00010	19726.71 secs	(1.422 mins)	0.063	0.170	0.448
27/21	0.006/0.040	0.00011/0.00010	19814.68 secs	(1.466 mins)	0.071	0.169	0.455
27/21	0.006/0.040	0.00012/0.00010	19904.96 secs	(1.505 mins)	0.075	0.170	0.449
27/21	0.006/0.040	0.00013/0.00010	19996.33 secs	(1.523 mins)	0.082	0.170	0.453
27/21	0.006/0.040	0.00014/0.00010	20092.97 secs	(1.611 mins)	0.087	0.173	0.451
27/21	0.006/0.040	0.00015/0.00010	20190.11 secs	(1.619 mins)	0.093	0.172	0.455

27/21	0.007/0.040	0.00001/0.00010	20245.84 secs	(55.72 secs)	0.007	NaN	NaN
27/21	0.007/0.040	0.00002/0.00010	20305.83 secs	(60.00 secs)	0.013	0.158	0.419
27/21	0.007/0.040	0.00003/0.00010	20369.01 secs	(1.053 mins)	0.019	0.167	0.442
27/21	0.007/0.040	0.00004/0.00010	20434.80 secs	(1.097 mins)	0.027	0.171	0.442
27/21	0.007/0.040	0.00005/0.00010	20500.84 secs	(1.101 mins)	0.032	0.166	0.442
27/21	0.007/0.040	0.00006/0.00010	20570.83 secs	(1.167 mins)	0.039	0.170	0.445
27/21	0.007/0.040	0.00007/0.00010	20644.47 secs	(1.227 mins)	0.047	0.170	0.449
27/21	0.007/0.040	0.00008/0.00010	20719.75 secs	(1.255 mins)	0.052	0.173	0.452
27/21	0.007/0.040	0.00009/0.00010	20797.28 secs	(1.292 mins)	0.058	0.171	0.449
27/21	0.007/0.040	0.00010/0.00010	20881.03 secs	(1.396 mins)	0.064	0.167	0.445
27/21	0.007/0.040	0.00011/0.00010	20967.13 secs	(1.435 mins)	0.071	0.172	0.447
27/21	0.007/0.040	0.00012/0.00010	21055.93 secs	(1.48 mins)	0.076	0.168	0.444
27/21	0.007/0.040	0.00013/0.00010	21144.80 secs	(1.481 mins)	0.082	0.173	0.451
27/21	0.007/0.040	0.00014/0.00010	21235.00 secs	(1.503 mins)	0.087	0.169	0.447
27/21	0.007/0.040	0.00015/0.00010	21328.01 secs	(1.55 mins)	0.094	0.171	0.450

27/21	0.008/0.040	0.00001/0.00010	21380.94 secs	(52.93 secs)	0.006	NaN	NaN
27/21	0.008/0.040	0.00002/0.00010	21439.30 secs	(58.36 secs)	0.015	0.173	0.442
27/21	0.008/0.040	0.00003/0.00010	21500.80 secs	(1.025 mins)	0.020	0.159	0.421
27/21	0.008/0.040	0.00004/0.00010	21564.51 secs	(1.062 mins)	0.027	0.168	0.446
27/21	0.008/0.040	0.00005/0.00010	21633.03 secs	(1.142 mins)	0.034	0.168	0.448
27/21	0.008/0.040	0.00006/0.00010	21702.58 secs	(1.159 mins)	0.039	0.163	0.439
27/21	0.008/0.040	0.00007/0.00010	21776.00 secs	(1.224 mins)	0.047	0.168	0.443
27/21	0.008/0.040	0.00008/0.00010	21851.41 secs	(1.257 mins)	0.052	0.169	0.448
27/21	0.008/0.040	0.00009/0.00010	21929.69 secs	(1.305 mins)	0.059	0.170	0.446
27/21	0.008/0.040	0.00010/0.00010	22012.03 secs	(1.372 mins)	0.065	0.173	0.453
27/21	0.008/0.040	0.00011/0.00010	22096.73 secs	(1.412 mins)	0.070	0.169	0.446
27/21	0.008/0.040	0.00012/0.00010	22184.37 secs	(1.461 mins)	0.075	0.170	0.445
27/21	0.008/0.040	0.00013/0.00010	22275.67 secs	(1.522 mins)	0.084	0.172	0.452
27/21	0.008/0.040	0.00014/0.00010	22368.40 secs	(1.546 mins)	0.089	0.170	0.449
27/21	0.008/0.040	0.00015/0.00010	22463.55 secs	(1.586 mins)	0.095	0.172	0.451

27/21	0.009/0.040	0.00001/0.00010	22516.79 secs	(53.24 secs)	0.007	NaN	NaN
27/21	0.009/0.040	0.00002/0.00010	22573.19 secs	(56.40 secs)	0.013	0.168	0.424
27/21	0.009/0.040	0.00003/0.00010	22635.11 secs	(1.032 mins)	0.021	0.161	0.429
27/21	0.009/0.040	0.00004/0.00010	22699.28 secs	(1.07 mins)	0.028	0.165	0.443
27/21	0.009/0.040	0.00005/0.00010	22767.62 secs	(1.139 mins)	0.034	0.165	0.440
27/21	0.009/0.040	0.00006/0.00010	22838.62 secs	(1.183 mins)	0.040	0.161	0.435
27/21	0.009/0.040	0.00007/0.00010	22910.82 secs	(1.203 mins)	0.047	0.167	0.442
27/21	0.009/0.040	0.00008/0.00010	22987.58 secs	(1.279 mins)	0.052	0.169	0.446
27/21	0.009/0.040	0.00009/0.00010	23065.50 secs	(1.299 mins)	0.059	0.168	0.444
27/21	0.009/0.040	0.00010/0.00010	23148.54 secs	(1.384 mins)	0.066	0.171	0.451
27/21	0.009/0.040	0.00011/0.00010	23232.54 secs	(1.40 mins)	0.070	0.166	0.441
27/21	0.009/0.040	0.00012/0.00010	23320.25 secs	(1.462 mins)	0.077	0.169	0.443
27/21	0.009/0.040	0.00013/0.00010	23409.77 secs	(1.492 mins)	0.083	0.173	0.454
27/21	0.009/0.040	0.00014/0.00010	23501.16 secs	(1.523 mins)	0.087	0.165	0.441
27/21	0.009/0.040	0.00015/0.00010	23597.45 secs	(1.605 mins)	0.097	0.174	0.452

27/21	0.010/0.040	0.00001/0.00010	23650.58 secs	(53.13 secs)	0.007	NaN	NaN
27/21	0.010/0.040	0.00002/0.00010	23708.64 secs	(58.05 secs)	0.013	0.159	0.429
27/21	0.010/0.040	0.00003/0.00010	23770.92 secs	(1.038 mins)	0.020	0.160	0.436
27/21	0.010/0.040	0.00004/0.00010	23835.99 secs	(1.084 mins)	0.028	0.167	0.449
27/21	0.010/0.040	0.00005/0.00010	23903.53 secs	(1.126 mins)	0.034	0.165	0.449
27/21	0.010/0.040	0.00006/0.00010	23974.12 secs	(1.176 mins)	0.041	0.166	0.446
27/21	0.010/0.040	0.00007/0.00010	24045.96 secs	(1.197 mins)	0.047	0.171	0.449
27/21	0.010/0.040	0.00008/0.00010	24124.13 secs	(1.303 mins)	0.055	0.172	0.459
27/21	0.010/0.040	0.00009/0.00010	24204.47 secs	(1.339 mins)	0.060	0.175	0.452
27/21	0.010/0.040	0.00010/0.00010	24287.53 secs	(1.384 mins)	0.066	0.167	0.442
27/21	0.010/0.040	0.00011/0.00010	24372.29 secs	(1.413 mins)	0.072	0.169	0.448
27/21	0.010/0.040	0.00012/0.00010	24462.05 secs	(1.496 mins)	0.080	0.171	0.453
27/21	0.010/0.040	0.00013/0.00010	24554.73 secs	(1.545 mins)	0.086	0.170	0.449
27/21	0.010/0.040	0.00014/0.00010	24648.15 secs	(1.557 mins)	0.090	0.170	0.447
27/21	0.010/0.040	0.00015/0.00010	24743.01 secs	(1.581 mins)	0.096	0.172	0.448



28/21	0.000/0.040	0.00001/0.00010	24795.57 secs	(52.55 secs)	0.006	NaN	NaN
28/21	0.000/0.040	0.00002/0.00010	24851.21 secs	(55.64 secs)	0.012	0.162	0.430
28/21	0.000/0.040	0.00003/0.00010	24911.20 secs	(59.98 secs)	0.018	0.168	0.450
28/21	0.000/0.040	0.00004/0.00010	24975.10 secs	(1.065 mins)	0.026	0.180	0.463
28/21	0.000/0.040	0.00005/0.00010	25041.66 secs	(1.109 mins)	0.030	0.173	0.446
28/21	0.000/0.040	0.00006/0.00010	25109.92 secs	(1.138 mins)	0.036	0.176	0.458
28/21	0.000/0.040	0.00007/0.00010	25181.33 secs	(1.19 mins)	0.042	0.174	0.458
28/21	0.000/0.040	0.00008/0.00010	25256.29 secs	(1.249 mins)	0.049	0.177	0.466
28/21	0.000/0.040	0.00009/0.00010	25334.77 secs	(1.308 mins)	0.056	0.175	0.468
28/21	0.000/0.040	0.00010/0.00010	25415.80 secs	(1.351 mins)	0.061	0.174	0.461
28/21	0.000/0.040	0.00011/0.00010	25498.62 secs	(1.38 mins)	0.067	0.181	0.467
28/21	0.000/0.040	0.00012/0.00010	25583.17 secs	(1.409 mins)	0.073	0.178	0.462
28/21	0.000/0.040	0.00013/0.00010	25671.65 secs	(1.475 mins)	0.079	0.177	0.465
28/21	0.000/0.040	0.00014/0.00010	25761.04 secs	(1.49 mins)	0.083	0.177	0.462
28/21	0.000/0.040	0.00015/0.00010	25852.93 secs	(1.532 mins)	0.089	0.175	0.456

28/21	0.001/0.040	0.00001/0.00010	25906.18 secs	(53.24 secs)	0.007	NaN	NaN
28/21	0.001/0.040	0.00002/0.00010	25963.92 secs	(57.74 secs)	0.012	0.175	0.444
28/21	0.001/0.040	0.00003/0.00010	26022.55 secs	(58.63 secs)	0.019	0.171	0.452
28/21	0.001/0.040	0.00004/0.00010	26085.13 secs	(1.043 mins)	0.024	0.171	0.450
28/21	0.001/0.040	0.00005/0.00010	26152.01 secs	(1.115 mins)	0.031	0.175	0.457
28/21	0.001/0.040	0.00006/0.00010	26219.81 secs	(1.13 mins)	0.037	0.176	0.462
28/21	0.001/0.040	0.00007/0.00010	26292.08 secs	(1.204 mins)	0.043	0.177	0.453
28/21	0.001/0.040	0.00008/0.00010	26366.25 secs	(1.236 mins)	0.049	0.174	0.460
28/21	0.001/0.040	0.00009/0.00010	26443.39 secs	(1.286 mins)	0.054	0.176	0.462
28/21	0.001/0.040	0.00010/0.00010	26523.02 secs	(1.327 mins)	0.062	0.178	0.464
28/21	0.001/0.040	0.00011/0.00010	26605.05 secs	(1.367 mins)	0.065	0.174	0.455
28/21	0.001/0.040	0.00012/0.00010	26691.49 secs	(1.441 mins)	0.073	0.176	0.461
28/21	0.001/0.040	0.00013/0.00010	26778.84 secs	(1.456 mins)	0.078	0.173	0.457
28/21	0.001/0.040	0.00014/0.00010	26869.17 secs	(1.506 mins)	0.084	0.172	0.458
28/21	0.001/0.040	0.00015/0.00010	26963.22 secs	(1.567 mins)	0.090	0.179	0.459

28/21	0.002/0.040	0.00001/0.00010	27016.48 secs	(53.26 secs)	0.007	NaN	NaN
28/21	0.002/0.040	0.00002/0.00010	27074.14 secs	(57.65 secs)	0.013	0.176	0.456
28/21	0.002/0.040	0.00003/0.00010	27134.49 secs	(1.006 mins)	0.019	0.166	0.437
28/21	0.002/0.040	0.00004/0.00010	27198.17 secs	(1.061 mins)	0.025	0.175	0.460
28/21	0.002/0.040	0.00005/0.00010	27263.61 secs	(1.091 mins)	0.030	0.166	0.441
28/21	0.002/0.040	0.00006/0.00010	27333.26 secs	(1.161 mins)	0.038	0.172	0.444
28/21	0.002/0.040	0.00007/0.00010	27406.36 secs	(1.218 mins)	0.044	0.176	0.460
28/21	0.002/0.040	0.00008/0.00010	27480.46 secs	(1.235 mins)	0.048	0.174	0.457
28/21	0.002/0.040	0.00009/0.00010	27558.11 secs	(1.294 mins)	0.056	0.175	0.462
28/21	0.002/0.040	0.00010/0.00010	27638.88 secs	(1.346 mins)	0.063	0.179	0.465
28/21	0.002/0.040	0.00011/0.00010	27722.16 secs	(1.388 mins)	0.068	0.177	0.463
28/21	0.002/0.040	0.00012/0.00010	27807.18 secs	(1.417 mins)	0.072	0.180	0.464
28/21	0.002/0.040	0.00013/0.00010	27895.75 secs	(1.476 mins)	0.080	0.178	0.464
28/21	0.002/0.040	0.00014/0.00010	27986.72 secs	(1.516 mins)	0.085	0.177	0.459
28/21	0.002/0.040	0.00015/0.00010	28079.26 secs	(1.542 mins)	0.092	0.178	0.463

28/21	0.003/0.040	0.00001/0.00010	28132.19 secs	(52.93 secs)	0.007	NaN	NaN
28/21	0.003/0.040	0.00002/0.00010	28188.24 secs	(56.06 secs)	0.013	0.168	0.433
28/21	0.003/0.040	0.00003/0.00010	28248.63 secs	(1.006 mins)	0.021	0.180	0.461
28/21	0.003/0.040	0.00004/0.00010	28311.39 secs	(1.046 mins)	0.025	0.175	0.452
28/21	0.003/0.040	0.00005/0.00010	28378.54 secs	(1.119 mins)	0.033	0.176	0.464
28/21	0.003/0.040	0.00006/0.00010	28448.73 secs	(1.17 mins)	0.039	0.176	0.464
28/21	0.003/0.040	0.00007/0.00010	28521.50 secs	(1.213 mins)	0.045	0.173	0.458
28/21	0.003/0.040	0.00008/0.00010	28596.52 secs	(1.25 mins)	0.051	0.181	0.469
28/21	0.003/0.040	0.00009/0.00010	28674.52 secs	(1.30 mins)	0.058	0.183	0.465
28/21	0.003/0.040	0.00010/0.00010	28755.26 secs	(1.346 mins)	0.063	0.177	0.467
28/21	0.003/0.040	0.00011/0.00010	28842.41 secs	(1.453 mins)	0.068	0.176	0.460
28/21	0.003/0.040	0.00012/0.00010	28931.19 secs	(1.48 mins)	0.074	0.174	0.455
28/21	0.003/0.040	0.00013/0.00010	29022.92 secs	(1.529 mins)	0.079	0.178	0.460
28/21	0.003/0.040	0.00014/0.00010	29112.57 secs	(1.494 mins)	0.086	0.176	0.460
28/21	0.003/0.040	0.00015/0.00010	29206.22 secs	(1.561 mins)	0.092	0.176	0.460

28/21	0.004/0.040	0.00001/0.00010	29260.15 secs	(53.93 secs)	0.007	NaN	NaN
28/21	0.004/0.040	0.00002/0.00010	29317.87 secs	(57.72 secs)	0.014	0.166	0.429
28/21	0.004/0.040	0.00003/0.00010	29377.32 secs	(59.45 secs)	0.019	0.166	0.433
28/21	0.004/0.040	0.00004/0.00010	29438.94 secs	(1.027 mins)	0.025	0.161	0.431
28/21	0.004/0.040	0.00005/0.00010	29507.19 secs	(1.138 mins)	0.032	0.175	0.452
28/21	0.004/0.040	0.00006/0.00010	29577.30 secs	(1.168 mins)	0.039	0.173	0.461
28/21	0.004/0.040	0.00007/0.00010	29652.09 secs	(1.247 mins)	0.046	0.179	0.471
28/21	0.004/0.040	0.00008/0.00010	29732.78 secs	(1.345 mins)	0.051	0.171	0.453
28/21	0.004/0.040	0.00009/0.00010	29817.22 secs	(1.407 mins)	0.059	0.173	0.460
28/21	0.004/0.040	0.00010/0.00010	29899.28 secs	(1.368 mins)	0.063	0.174	0.460
28/21	0.004/0.040	0.00011/0.00010	29983.95 secs	(1.411 mins)	0.069	0.176	0.456
28/21	0.004/0.040	0.00012/0.00010	30068.83 secs	(1.415 mins)	0.074	0.177	0.457
28/21	0.004/0.040	0.00013/0.00010	30157.05 secs	(1.47 mins)	0.080	0.172	0.452
28/21	0.004/0.040	0.00014/0.00010	30247.59 secs	(1.509 mins)	0.086	0.176	0.461
28/21	0.004/0.040	0.00015/0.00010	30340.62 secs	(1.551 mins)	0.093	0.178	0.460

28/21	0.005/0.040	0.00001/0.00010	30393.62 secs	(53.00 secs)	0.006	NaN	NaN
28/21	0.005/0.040	0.00002/0.00010	30450.86 secs	(57.24 secs)	0.014	NaN	NaN
28/21	0.005/0.040	0.00003/0.00010	30512.27 secs	(1.023 mins)	0.020	0.166	0.442
28/21	0.005/0.040	0.00004/0.00010	30575.55 secs	(1.055 mins)	0.026	0.162	0.434
28/21	0.005/0.040	0.00005/0.00010	30642.97 secs	(1.124 mins)	0.033	0.170	0.458
28/21	0.005/0.040	0.00006/0.00010	30713.75 secs	(1.18 mins)	0.040	0.177	0.459
28/21	0.005/0.040	0.00007/0.00010	30786.11 secs	(1.206 mins)	0.044	0.175	0.454
28/21	0.005/0.040	0.00008/0.00010	30862.01 secs	(1.265 mins)	0.051	0.175	0.458
28/21	0.005/0.040	0.00009/0.00010	30940.71 secs	(1.312 mins)	0.060	0.181	0.467
28/21	0.005/0.040	0.00010/0.00010	31022.06 secs	(1.356 mins)	0.063	0.175	0.458
28/21	0.005/0.040	0.00011/0.00010	31107.48 secs	(1.424 mins)	0.072	0.179	0.471
28/21	0.005/0.040	0.00012/0.00010	31196.51 secs	(1.484 mins)	0.075	0.177	0.463
28/21	0.005/0.040	0.00013/0.00010	31286.01 secs	(1.492 mins)	0.082	0.176	0.456
28/21	0.005/0.040	0.00014/0.00010	31376.45 secs	(1.507 mins)	0.087	0.175	0.456
28/21	0.005/0.040	0.00015/0.00010	31468.76 secs	(1.538 mins)	0.094	0.174	0.458

28/21	0.006/0.040	0.00001/0.00010	31522.62 secs	(53.86 secs)	0.007	NaN	NaN
28/21	0.006/0.040	0.00002/0.00010	31579.94 secs	(57.33 secs)	0.014	0.176	0.450
28/21	0.006/0.040	0.00003/0.00010	31641.69 secs	(1.029 mins)	0.022	0.175	0.451
28/21	0.006/0.040	0.00004/0.00010	31704.69 secs	(1.05 mins)	0.027	0.171	0.451
28/21	0.006/0.040	0.00005/0.00010	31772.74 secs	(1.134 mins)	0.033	0.168	0.447
28/21	0.006/0.040	0.00006/0.00010	31845.23 secs	(1.208 mins)	0.040	0.179	0.461
28/21	0.006/0.040	0.00007/0.00010	31921.58 secs	(1.272 mins)	0.047	0.178	0.469
28/21	0.006/0.040	0.00008/0.00010	31997.79 secs	(1.27 mins)	0.053	0.178	0.466
28/21	0.006/0.040	0.00009/0.00010	32076.80 secs	(1.317 mins)	0.058	0.174	0.456
28/21	0.006/0.040	0.00010/0.00010	32159.73 secs	(1.382 mins)	0.063	0.175	0.454
28/21	0.006/0.040	0.00011/0.00010	32242.98 secs	(1.388 mins)	0.070	0.174	0.460
28/21	0.006/0.040	0.00012/0.00010	32329.47 secs	(1.441 mins)	0.077	0.177	0.460
28/21	0.006/0.040	0.00013/0.00010	32420.71 secs	(1.521 mins)	0.083	0.178	0.459
28/21	0.006/0.040	0.00014/0.00010	32513.77 secs	(1.551 mins)	0.089	0.174	0.456
28/21	0.006/0.040	0.00015/0.00010	32609.06 secs	(1.588 mins)	0.095	0.180	0.459

28/21	0.007/0.040	0.00001/0.00010	32662.48 secs	(53.42 secs)	0.007	NaN	NaN
28/21	0.007/0.040	0.00002/0.00010	32719.43 secs	(56.95 secs)	0.014	0.169	0.435
28/21	0.007/0.040	0.00003/0.00010	32780.64 secs	(1.02 mins)	0.020	0.169	0.443
28/21	0.007/0.040	0.00004/0.00010	32845.67 secs	(1.084 mins)	0.027	0.166	0.448
28/21	0.007/0.040	0.00005/0.00010	32912.97 secs	(1.122 mins)	0.033	0.170	0.450
28/21	0.007/0.040	0.00006/0.00010	32983.02 secs	(1.168 mins)	0.039	0.172	0.450
28/21	0.007/0.040	0.00007/0.00010	33056.43 secs	(1.223 mins)	0.046	0.178	0.459
28/21	0.007/0.040	0.00008/0.00010	33136.36 secs	(1.332 mins)	0.054	0.175	0.462
28/21	0.007/0.040	0.00009/0.00010	33215.70 secs	(1.322 mins)	0.060	0.173	0.459
28/21	0.007/0.040	0.00010/0.00010	33297.98 secs	(1.371 mins)	0.066	0.175	0.457
28/21	0.007/0.040	0.00011/0.00010	33383.29 secs	(1.422 mins)	0.072	0.175	0.460
28/21	0.007/0.040	0.00012/0.00010	33472.42 secs	(1.486 mins)	0.079	0.176	0.460
28/21	0.007/0.040	0.00013/0.00010	33562.62 secs	(1.503 mins)	0.084	0.178	0.465
28/21	0.007/0.040	0.00014/0.00010	33654.22 secs	(1.527 mins)	0.090	0.176	0.457
28/21	0.007/0.040	0.00015/0.00010	33751.08 secs	(1.614 mins)	0.098	0.178	0.464

28/21	0.008/0.040	0.00001/0.00010	33804.40 secs	(53.32 secs)	0.007	NaN	NaN
28/21	0.008/0.040	0.00002/0.00010	33861.15 secs	(56.75 secs)	0.013	0.165	0.427
28/21	0.008/0.040	0.00003/0.00010	33921.92 secs	(1.013 mins)	0.020	0.167	0.440
28/21	0.008/0.040	0.00004/0.00010	33986.79 secs	(1.081 mins)	0.028	0.172	0.455
28/21	0.008/0.040	0.00005/0.00010	34053.94 secs	(1.119 mins)	0.035	0.174	0.453
28/21	0.008/0.040	0.00006/0.00010	34124.75 secs	(1.18 mins)	0.041	0.180	0.466
28/21	0.008/0.040	0.00007/0.00010	34197.09 secs	(1.206 mins)	0.046	0.172	0.453
28/21	0.008/0.040	0.00008/0.00010	34274.19 secs	(1.285 mins)	0.053	0.175	0.455
28/21	0.008/0.040	0.00009/0.00010	34354.54 secs	(1.339 mins)	0.060	0.176	0.460
28/21	0.008/0.040	0.00010/0.00010	34436.18 secs	(1.361 mins)	0.067	0.178	0.466
28/21	0.008/0.040	0.00011/0.00010	34521.71 secs	(1.425 mins)	0.072	0.175	0.459
28/21	0.008/0.040	0.00012/0.00010	34608.61 secs	(1.448 mins)	0.076	0.176	0.457
28/21	0.008/0.040	0.00013/0.00010	34698.73 secs	(1.502 mins)	0.085	0.174	0.453
28/21	0.008/0.040	0.00014/0.00010	34792.21 secs	(1.558 mins)	0.092	0.178	0.460
28/21	0.008/0.040	0.00015/0.00010	34886.93 secs	(1.579 mins)	0.096	0.179	0.457

28/21	0.009/0.040	0.00001/0.00010	34941.04 secs	(54.12 secs)	0.007	NaN	NaN
28/21	0.009/0.040	0.00002/0.00010	34997.74 secs	(56.69 secs)	0.014	0.165	0.443
28/21	0.009/0.040	0.00003/0.00010	35058.40 secs	(1.011 mins)	0.021	0.173	0.449
28/21	0.009/0.040	0.00004/0.00010	35124.05 secs	(1.094 mins)	0.028	0.167	0.444
28/21	0.009/0.040	0.00005/0.00010	35190.87 secs	(1.114 mins)	0.034	0.171	0.451
28/21	0.009/0.040	0.00006/0.00010	35260.35 secs	(1.158 mins)	0.040	0.176	0.463
28/21	0.009/0.040	0.00007/0.00010	35334.28 secs	(1.232 mins)	0.049	0.176	0.460
28/21	0.009/0.040	0.00008/0.00010	35410.84 secs	(1.276 mins)	0.055	0.177	0.461
28/21	0.009/0.040	0.00009/0.00010	35491.86 secs	(1.35 mins)	0.061	0.175	0.454
28/21	0.009/0.040	0.00010/0.00010	35576.19 secs	(1.406 mins)	0.069	0.180	0.463
28/21	0.009/0.040	0.00011/0.00010	35660.44 secs	(1.404 mins)	0.073	0.176	0.460
28/21	0.009/0.040	0.00012/0.00010	35748.51 secs	(1.468 mins)	0.080	0.177	0.463
28/21	0.009/0.040	0.00013/0.00010	35840.95 secs	(1.541 mins)	0.088	0.175	0.463
28/21	0.009/0.040	0.00014/0.00010	35935.88 secs	(1.582 mins)	0.092	0.179	0.461
28/21	0.009/0.040	0.00015/0.00010	36032.08 secs	(1.603 mins)	0.099	0.177	0.457

28/21	0.010/0.040	0.00001/0.00010	36085.88 secs	(53.80 secs)	0.007	NaN	NaN
28/21	0.010/0.040	0.00002/0.00010	36143.87 secs	(57.99 secs)	0.014	NaN	NaN
28/21	0.010/0.040	0.00003/0.00010	36204.60 secs	(1.012 mins)	0.021	0.167	0.446
28/21	0.010/0.040	0.00004/0.00010	36269.28 secs	(1.078 mins)	0.027	0.181	0.462
28/21	0.010/0.040	0.00005/0.00010	36338.66 secs	(1.156 mins)	0.034	0.174	0.452
28/21	0.010/0.040	0.00006/0.00010	36410.98 secs	(1.205 mins)	0.043	0.180	0.464
28/21	0.010/0.040	0.00007/0.00010	36486.00 secs	(1.25 mins)	0.047	0.174	0.449
28/21	0.010/0.040	0.00008/0.00010	36563.00 secs	(1.283 mins)	0.054	0.174	0.456
28/21	0.010/0.040	0.00009/0.00010	36643.56 secs	(1.343 mins)	0.062	0.177	0.463
28/21	0.010/0.040	0.00010/0.00010	36725.42 secs	(1.364 mins)	0.068	0.173	0.462
28/21	0.010/0.040	0.00011/0.00010	36811.67 secs	(1.438 mins)	0.073	0.171	0.455
28/21	0.010/0.040	0.00012/0.00010	36899.76 secs	(1.468 mins)	0.080	0.176	0.457
28/21	0.010/0.040	0.00013/0.00010	36989.94 secs	(1.503 mins)	0.087	0.180	0.464
28/21	0.010/0.040	0.00014/0.00010	37084.57 secs	(1.577 mins)	0.092	0.176	0.457
28/21	0.010/0.040	0.00015/0.00010	37181.12 secs	(1.609 mins)	0.098	0.178	0.458



29/21	0.000/0.040	0.00001/0.00010	37233.96 secs	(52.84 secs)	0.007	NaN	NaN
29/21	0.000/0.040	0.00002/0.00010	37290.48 secs	(56.53 secs)	0.013	0.170	0.446
29/21	0.000/0.040	0.00003/0.00010	37349.62 secs	(59.14 secs)	0.020	0.181	0.458
29/21	0.000/0.040	0.00004/0.00010	37413.32 secs	(1.062 mins)	0.026	0.181	0.478
29/21	0.000/0.040	0.00005/0.00010	37480.11 secs	(1.113 mins)	0.031	0.179	0.462
29/21	0.000/0.040	0.00006/0.00010	37548.40 secs	(1.138 mins)	0.038	0.181	0.470
29/21	0.000/0.040	0.00007/0.00010	37621.46 secs	(1.218 mins)	0.044	0.180	0.467
29/21	0.000/0.040	0.00008/0.00010	37696.10 secs	(1.244 mins)	0.050	0.178	0.468
29/21	0.000/0.040	0.00009/0.00010	37773.49 secs	(1.29 mins)	0.056	0.183	0.471
29/21	0.000/0.040	0.00010/0.00010	37855.36 secs	(1.365 mins)	0.061	0.181	0.471
29/21	0.000/0.040	0.00011/0.00010	37939.17 secs	(1.397 mins)	0.068	0.178	0.467
29/21	0.000/0.040	0.00012/0.00010	38027.29 secs	(1.469 mins)	0.074	0.184	0.473
29/21	0.000/0.040	0.00013/0.00010	38116.19 secs	(1.482 mins)	0.078	0.185	0.464
29/21	0.000/0.040	0.00014/0.00010	38210.07 secs	(1.565 mins)	0.087	0.184	0.473
29/21	0.000/0.040	0.00015/0.00010	38303.02 secs	(1.549 mins)	0.090	0.182	0.465

29/21	0.001/0.040	0.00001/0.00010	38358.41 secs	(55.40 secs)	0.006	NaN	NaN
29/21	0.001/0.040	0.00002/0.00010	38415.69 secs	(57.28 secs)	0.013	0.174	0.438
29/21	0.001/0.040	0.00003/0.00010	38476.31 secs	(1.01 mins)	0.019	0.174	0.456
29/21	0.001/0.040	0.00004/0.00010	38540.72 secs	(1.074 mins)	0.026	0.181	0.470
29/21	0.001/0.040	0.00005/0.00010	38607.22 secs	(1.108 mins)	0.031	0.178	0.458
29/21	0.001/0.040	0.00006/0.00010	38675.34 secs	(1.135 mins)	0.037	0.179	0.474
29/21	0.001/0.040	0.00007/0.00010	38750.17 secs	(1.247 mins)	0.044	0.181	0.471
29/21	0.001/0.040	0.00008/0.00010	38826.70 secs	(1.275 mins)	0.050	0.185	0.467
29/21	0.001/0.040	0.00009/0.00010	38904.75 secs	(1.301 mins)	0.055	0.177	0.464
29/21	0.001/0.040	0.00010/0.00010	38986.68 secs	(1.365 mins)	0.062	0.182	0.472
29/21	0.001/0.040	0.00011/0.00010	39071.88 secs	(1.42 mins)	0.070	0.182	0.476
29/21	0.001/0.040	0.00012/0.00010	39158.59 secs	(1.445 mins)	0.074	0.181	0.467
29/21	0.001/0.040	0.00013/0.00010	39246.28 secs	(1.462 mins)	0.079	0.179	0.469
29/21	0.001/0.040	0.00014/0.00010	39338.21 secs	(1.532 mins)	0.086	0.183	0.472
29/21	0.001/0.040	0.00015/0.00010	39434.43 secs	(1.604 mins)	0.091	0.181	0.468

29/21	0.002/0.040	0.00001/0.00010	39489.35 secs	(54.92 secs)	0.006	NaN	NaN
29/21	0.002/0.040	0.00002/0.00010	39546.54 secs	(57.19 secs)	0.014	NaN	NaN
29/21	0.002/0.040	0.00003/0.00010	39607.52 secs	(1.016 mins)	0.020	0.179	0.450
29/21	0.002/0.040	0.00004/0.00010	39670.62 secs	(1.052 mins)	0.025	0.184	0.471
29/21	0.002/0.040	0.00005/0.00010	39737.78 secs	(1.119 mins)	0.032	0.184	0.477
29/21	0.002/0.040	0.00006/0.00010	39807.87 secs	(1.168 mins)	0.039	0.182	0.470
29/21	0.002/0.040	0.00007/0.00010	39880.36 secs	(1.208 mins)	0.045	0.181	0.464
29/21	0.002/0.040	0.00008/0.00010	39957.81 secs	(1.291 mins)	0.050	0.185	0.464
29/21	0.002/0.040	0.00009/0.00010	40035.98 secs	(1.303 mins)	0.058	0.183	0.472
29/21	0.002/0.040	0.00010/0.00010	40118.27 secs	(1.371 mins)	0.062	0.182	0.469
29/21	0.002/0.040	0.00011/0.00010	40205.78 secs	(1.459 mins)	0.070	0.185	0.476
29/21	0.002/0.040	0.00012/0.00010	40291.55 secs	(1.429 mins)	0.075	0.185	0.471
29/21	0.002/0.040	0.00013/0.00010	40382.04 secs	(1.508 mins)	0.082	0.180	0.472
29/21	0.002/0.040	0.00014/0.00010	40473.27 secs	(1.521 mins)	0.085	0.180	0.465
29/21	0.002/0.040	0.00015/0.00010	40568.22 secs	(1.582 mins)	0.092	0.183	0.470

29/21	0.003/0.040	0.00001/0.00010	40622.68 secs	(54.46 secs)	0.006	NaN	NaN
29/21	0.003/0.040	0.00002/0.00010	40680.25 secs	(57.57 secs)	0.013	0.170	0.441
29/21	0.003/0.040	0.00003/0.00010	40741.92 secs	(1.028 mins)	0.020	0.181	0.473
29/21	0.003/0.040	0.00004/0.00010	40805.22 secs	(1.055 mins)	0.026	0.178	0.457
29/21	0.003/0.040	0.00005/0.00010	40872.92 secs	(1.128 mins)	0.033	0.182	0.470
29/21	0.003/0.040	0.00006/0.00010	40943.57 secs	(1.178 mins)	0.039	0.183	0.468
29/21	0.003/0.040	0.00007/0.00010	41018.66 secs	(1.252 mins)	0.045	0.182	0.467
29/21	0.003/0.040	0.00008/0.00010	41096.58 secs	(1.299 mins)	0.050	0.177	0.465
29/21	0.003/0.040	0.00009/0.00010	41175.35 secs	(1.313 mins)	0.058	0.183	0.472
29/21	0.003/0.040	0.00010/0.00010	41257.58 secs	(1.37 mins)	0.061	0.179	0.462
29/21	0.003/0.040	0.00011/0.00010	41341.99 secs	(1.407 mins)	0.069	0.180	0.469
29/21	0.003/0.040	0.00012/0.00010	41428.26 secs	(1.438 mins)	0.074	0.179	0.465
29/21	0.003/0.040	0.00013/0.00010	41517.19 secs	(1.482 mins)	0.081	0.183	0.468
29/21	0.003/0.040	0.00014/0.00010	41608.23 secs	(1.517 mins)	0.086	0.183	0.470
29/21	0.003/0.040	0.00015/0.00010	41704.02 secs	(1.596 mins)	0.094	0.182	0.472

29/21	0.004/0.040	0.00001/0.00010	41756.63 secs	(52.61 secs)	0.007	NaN	NaN
29/21	0.004/0.040	0.00002/0.00010	41813.47 secs	(56.84 secs)	0.013	0.176	0.439
29/21	0.004/0.040	0.00003/0.00010	41874.52 secs	(1.018 mins)	0.019	0.174	0.439
29/21	0.004/0.040	0.00004/0.00010	41937.87 secs	(1.056 mins)	0.027	0.178	0.462
29/21	0.004/0.040	0.00005/0.00010	42004.49 secs	(1.11 mins)	0.032	0.175	0.457
29/21	0.004/0.040	0.00006/0.00010	42075.75 secs	(1.188 mins)	0.040	0.179	0.468
29/21	0.004/0.040	0.00007/0.00010	42150.16 secs	(1.24 mins)	0.046	0.180	0.466
29/21	0.004/0.040	0.00008/0.00010	42226.23 secs	(1.268 mins)	0.052	0.184	0.477
29/21	0.004/0.040	0.00009/0.00010	42306.63 secs	(1.34 mins)	0.060	0.183	0.476
29/21	0.004/0.040	0.00010/0.00010	42388.04 secs	(1.357 mins)	0.063	0.182	0.465
29/21	0.004/0.040	0.00011/0.00010	42476.74 secs	(1.478 mins)	0.071	0.185	0.472
29/21	0.004/0.040	0.00012/0.00010	42565.75 secs	(1.483 mins)	0.076	0.180	0.467
29/21	0.004/0.040	0.00013/0.00010	42655.02 secs	(1.488 mins)	0.083	0.185	0.472
29/21	0.004/0.040	0.00014/0.00010	42748.80 secs	(1.563 mins)	0.089	0.180	0.468
29/21	0.004/0.040	0.00015/0.00010	42842.17 secs	(1.556 mins)	0.094	0.180	0.466

29/21	0.005/0.040	0.00001/0.00010	42896.03 secs	(53.86 secs)	0.007	NaN	NaN
29/21	0.005/0.040	0.00002/0.00010	42958.11 secs	(1.035 mins)	0.013	0.174	0.436
29/21	0.005/0.040	0.00003/0.00010	43028.35 secs	(1.171 mins)	0.021	0.173	0.450
29/21	0.005/0.040	0.00004/0.00010	43099.09 secs	(1.179 mins)	0.026	0.177	0.456
29/21	0.005/0.040	0.00005/0.00010	43174.83 secs	(1.262 mins)	0.032	0.179	0.468
29/21	0.005/0.040	0.00006/0.00010	43248.73 secs	(1.232 mins)	0.041	0.187	0.485
29/21	0.005/0.040	0.00007/0.00010	43326.71 secs	(1.30 mins)	0.046	0.184	0.471
29/21	0.005/0.040	0.00008/0.00010	43406.84 secs	(1.335 mins)	0.053	0.182	0.473
29/21	0.005/0.040	0.00009/0.00010	43490.36 secs	(1.392 mins)	0.058	0.177	0.467
29/21	0.005/0.040	0.00010/0.00010	43579.69 secs	(1.489 mins)	0.065	0.184	0.471
29/21	0.005/0.040	0.00011/0.00010	43667.84 secs	(1.469 mins)	0.071	0.186	0.473
29/21	0.005/0.040	0.00012/0.00010	43759.68 secs	(1.531 mins)	0.076	0.179	0.467
29/21	0.005/0.040	0.00013/0.00010	43852.08 secs	(1.54 mins)	0.083	0.181	0.470
29/21	0.005/0.040	0.00014/0.00010	43944.60 secs	(1.542 mins)	0.090	0.182	0.471
29/21	0.005/0.040	0.00015/0.00010	44040.53 secs	(1.599 mins)	0.096	0.185	0.472

29/21	0.006/0.040	0.00001/0.00010	44095.04 secs	(54.50 secs)	0.006	NaN	NaN
29/21	0.006/0.040	0.00002/0.00010	44152.75 secs	(57.71 secs)	0.013	0.176	0.440
29/21	0.006/0.040	0.00003/0.00010	44213.65 secs	(1.015 mins)	0.019	0.169	0.445
29/21	0.006/0.040	0.00004/0.00010	44279.43 secs	(1.096 mins)	0.027	0.180	0.461
29/21	0.006/0.040	0.00005/0.00010	44349.41 secs	(1.166 mins)	0.034	0.184	0.476
29/21	0.006/0.040	0.00006/0.00010	44421.14 secs	(1.196 mins)	0.040	0.182	0.469
29/21	0.006/0.040	0.00007/0.00010	44495.18 secs	(1.234 mins)	0.047	0.182	0.465
29/21	0.006/0.040	0.00008/0.00010	44573.03 secs	(1.298 mins)	0.054	0.180	0.467
29/21	0.006/0.040	0.00009/0.00010	44654.29 secs	(1.354 mins)	0.062	0.183	0.474
29/21	0.006/0.040	0.00010/0.00010	44736.35 secs	(1.368 mins)	0.067	0.180	0.468
29/21	0.006/0.040	0.00011/0.00010	44821.82 secs	(1.424 mins)	0.072	0.180	0.468
29/21	0.006/0.040	0.00012/0.00010	44910.73 secs	(1.482 mins)	0.078	0.179	0.464
29/21	0.006/0.040	0.00013/0.00010	45000.90 secs	(1.503 mins)	0.082	0.186	0.473
29/21	0.006/0.040	0.00014/0.00010	45094.12 secs	(1.554 mins)	0.090	0.181	0.465
29/21	0.006/0.040	0.00015/0.00010	45190.10 secs	(1.60 mins)	0.096	0.182	0.467

29/21	0.007/0.040	0.00001/0.00010	45245.93 secs	(55.83 secs)	0.007	NaN	NaN
29/21	0.007/0.040	0.00002/0.00010	45303.29 secs	(57.36 secs)	0.013	0.159	0.414
29/21	0.007/0.040	0.00003/0.00010	45364.24 secs	(1.016 mins)	0.020	0.173	0.449
29/21	0.007/0.040	0.00004/0.00010	45428.32 secs	(1.068 mins)	0.027	0.178	0.452
29/21	0.007/0.040	0.00005/0.00010	45496.68 secs	(1.139 mins)	0.036	0.183	0.474
29/21	0.007/0.040	0.00006/0.00010	45566.60 secs	(1.165 mins)	0.039	0.177	0.462
29/21	0.007/0.040	0.00007/0.00010	45640.89 secs	(1.238 mins)	0.047	0.184	0.471
29/21	0.007/0.040	0.00008/0.00010	45717.95 secs	(1.284 mins)	0.053	0.179	0.463
29/21	0.007/0.040	0.00009/0.00010	45798.99 secs	(1.351 mins)	0.058	0.181	0.462
29/21	0.007/0.040	0.00010/0.00010	45881.18 secs	(1.37 mins)	0.067	0.183	0.473
29/21	0.007/0.040	0.00011/0.00010	45968.46 secs	(1.455 mins)	0.074	0.186	0.474
29/21	0.007/0.040	0.00012/0.00010	46056.32 secs	(1.464 mins)	0.078	0.185	0.475
29/21	0.007/0.040	0.00013/0.00010	46146.89 secs	(1.51 mins)	0.084	0.182	0.467
29/21	0.007/0.040	0.00014/0.00010	46239.94 secs	(1.551 mins)	0.091	0.182	0.473
29/21	0.007/0.040	0.00015/0.00010	46337.21 secs	(1.621 mins)	0.097	0.182	0.466

29/21	0.008/0.040	0.00001/0.00010	46391.45 secs	(54.23 secs)	0.007	NaN	NaN
29/21	0.008/0.040	0.00002/0.00010	46448.48 secs	(57.03 secs)	0.014	NaN	NaN
29/21	0.008/0.040	0.00003/0.00010	46509.80 secs	(1.022 mins)	0.020	0.180	0.455
29/21	0.008/0.040	0.00004/0.00010	46576.70 secs	(1.115 mins)	0.029	0.185	0.470
29/21	0.008/0.040	0.00005/0.00010	46644.55 secs	(1.131 mins)	0.035	0.181	0.466
29/21	0.008/0.040	0.00006/0.00010	46715.71 secs	(1.186 mins)	0.042	0.184	0.470
29/21	0.008/0.040	0.00007/0.00010	46789.42 secs	(1.229 mins)	0.048	0.180	0.471
29/21	0.008/0.040	0.00008/0.00010	46866.88 secs	(1.291 mins)	0.055	0.180	0.470
29/21	0.008/0.040	0.00009/0.00010	46946.68 secs	(1.33 mins)	0.061	0.182	0.467
29/21	0.008/0.040	0.00010/0.00010	47030.37 secs	(1.395 mins)	0.068	0.182	0.470
29/21	0.008/0.040	0.00011/0.00010	47115.93 secs	(1.426 mins)	0.072	0.180	0.466
29/21	0.008/0.040	0.00012/0.00010	47204.30 secs	(1.473 mins)	0.079	0.180	0.466
29/21	0.008/0.040	0.00013/0.00010	47296.08 secs	(1.53 mins)	0.086	0.184	0.470
29/21	0.008/0.040	0.00014/0.00010	47389.76 secs	(1.561 mins)	0.091	0.183	0.466
29/21	0.008/0.040	0.00015/0.00010	47487.00 secs	(1.621 mins)	0.099	0.184	0.470

29/21	0.009/0.040	0.00001/0.00010	47542.57 secs	(55.56 secs)	0.007	NaN	NaN
29/21	0.009/0.040	0.00002/0.00010	47600.03 secs	(57.46 secs)	0.013	0.176	0.449
29/21	0.009/0.040	0.00003/0.00010	47661.03 secs	(1.017 mins)	0.021	0.178	0.442
29/21	0.009/0.040	0.00004/0.00010	47725.98 secs	(1.082 mins)	0.029	0.183	0.473
29/21	0.009/0.040	0.00005/0.00010	47796.25 secs	(1.171 mins)	0.036	0.182	0.473
29/21	0.009/0.040	0.00006/0.00010	47867.81 secs	(1.193 mins)	0.043	0.178	0.476
29/21	0.009/0.040	0.00007/0.00010	47941.23 secs	(1.224 mins)	0.047	0.181	0.466
29/21	0.009/0.040	0.00008/0.00010	48019.87 secs	(1.311 mins)	0.055	0.180	0.465
29/21	0.009/0.040	0.00009/0.00010	48102.14 secs	(1.371 mins)	0.061	0.179	0.461
29/21	0.009/0.040	0.00010/0.00010	48185.09 secs	(1.383 mins)	0.067	0.181	0.468
29/21	0.009/0.040	0.00011/0.00010	48271.68 secs	(1.443 mins)	0.076	0.184	0.472
29/21	0.009/0.040	0.00012/0.00010	48361.19 secs	(1.492 mins)	0.080	0.184	0.470
29/21	0.009/0.040	0.00013/0.00010	48453.76 secs	(1.543 mins)	0.087	0.177	0.461
29/21	0.009/0.040	0.00014/0.00010	48548.90 secs	(1.586 mins)	0.094	0.180	0.465
29/21	0.009/0.040	0.00015/0.00010	48646.81 secs	(1.632 mins)	0.099	0.182	0.466

29/21	0.010/0.040	0.00001/0.00010	48702.56 secs	(55.75 secs)	0.007	NaN	NaN
29/21	0.010/0.040	0.00002/0.00010	48759.95 secs	(57.40 secs)	0.014	0.178	0.445
29/21	0.010/0.040	0.00003/0.00010	48821.11 secs	(1.019 mins)	0.021	0.179	0.461
29/21	0.010/0.040	0.00004/0.00010	48885.65 secs	(1.076 mins)	0.029	0.180	0.467
29/21	0.010/0.040	0.00005/0.00010	48953.53 secs	(1.131 mins)	0.035	0.179	0.463
29/21	0.010/0.040	0.00006/0.00010	49024.78 secs	(1.188 mins)	0.043	0.177	0.468
29/21	0.010/0.040	0.00007/0.00010	49099.74 secs	(1.249 mins)	0.050	0.182	0.469
29/21	0.010/0.040	0.00008/0.00010	49176.21 secs	(1.275 mins)	0.055	0.178	0.463
29/21	0.010/0.040	0.00009/0.00010	49256.60 secs	(1.34 mins)	0.064	0.183	0.471
29/21	0.010/0.040	0.00010/0.00010	49340.11 secs	(1.392 mins)	0.069	0.180	0.469
29/21	0.010/0.040	0.00011/0.00010	49426.95 secs	(1.447 mins)	0.076	0.183	0.468
29/21	0.010/0.040	0.00012/0.00010	49517.69 secs	(1.512 mins)	0.083	0.181	0.468
29/21	0.010/0.040	0.00013/0.00010	49610.02 secs	(1.539 mins)	0.088	0.182	0.466
29/21	0.010/0.040	0.00014/0.00010	49703.29 secs	(1.555 mins)	0.091	0.178	0.461
29/21	0.010/0.040	0.00015/0.00010	49798.75 secs	(1.591 mins)	0.101	0.184	0.473



30/21	0.000/0.040	0.00001/0.00010	49852.67 secs	(53.93 secs)	0.007	NaN	NaN
30/21	0.000/0.040	0.00002/0.00010	49908.74 secs	(56.07 secs)	0.013	0.180	0.462
30/21	0.000/0.040	0.00003/0.00010	49970.63 secs	(1.031 mins)	0.019	0.179	0.463
30/21	0.000/0.040	0.00004/0.00010	50034.07 secs	(1.057 mins)	0.025	0.184	0.474
30/21	0.000/0.040	0.00005/0.00010	50103.18 secs	(1.152 mins)	0.032	0.180	0.476
30/21	0.000/0.040	0.00006/0.00010	50175.87 secs	(1.212 mins)	0.038	0.182	0.476
30/21	0.000/0.040	0.00007/0.00010	50252.00 secs	(1.269 mins)	0.043	0.180	0.473
30/21	0.000/0.040	0.00008/0.00010	50331.54 secs	(1.326 mins)	0.051	0.188	0.479
30/21	0.000/0.040	0.00009/0.00010	50416.01 secs	(1.408 mins)	0.059	0.192	0.489
30/21	0.000/0.040	0.00010/0.00010	50502.57 secs	(1.443 mins)	0.064	0.188	0.480
30/21	0.000/0.040	0.00011/0.00010	50587.50 secs	(1.415 mins)	0.069	0.188	0.481
30/21	0.000/0.040	0.00012/0.00010	50673.17 secs	(1.428 mins)	0.074	0.191	0.482
30/21	0.000/0.040	0.00013/0.00010	50763.44 secs	(1.504 mins)	0.082	0.186	0.480
30/21	0.000/0.040	0.00014/0.00010	50855.00 secs	(1.526 mins)	0.086	0.188	0.478
30/21	0.000/0.040	0.00015/0.00010	50948.58 secs	(1.56 mins)	0.091	0.186	0.476

30/21	0.001/0.040	0.00001/0.00010	51001.63 secs	(53.05 secs)	0.007	NaN	NaN
30/21	0.001/0.040	0.00002/0.00010	51057.92 secs	(56.29 secs)	0.012	0.172	0.450
30/21	0.001/0.040	0.00003/0.00010	51118.86 secs	(1.016 mins)	0.020	0.181	0.471
30/21	0.001/0.040	0.00004/0.00010	51183.20 secs	(1.072 mins)	0.026	0.183	0.471
30/21	0.001/0.040	0.00005/0.00010	51252.72 secs	(1.159 mins)	0.033	0.184	0.466
30/21	0.001/0.040	0.00006/0.00010	51324.32 secs	(1.193 mins)	0.039	0.187	0.482
30/21	0.001/0.040	0.00007/0.00010	51396.78 secs	(1.208 mins)	0.045	0.190	0.485
30/21	0.001/0.040	0.00008/0.00010	51473.60 secs	(1.28 mins)	0.050	0.185	0.478
30/21	0.001/0.040	0.00009/0.00010	51550.55 secs	(1.283 mins)	0.055	0.182	0.470
30/21	0.001/0.040	0.00010/0.00010	51632.61 secs	(1.368 mins)	0.064	0.188	0.483
30/21	0.001/0.040	0.00011/0.00010	51716.51 secs	(1.398 mins)	0.068	0.187	0.479
30/21	0.001/0.040	0.00012/0.00010	51804.86 secs	(1.473 mins)	0.077	0.193	0.490
30/21	0.001/0.040	0.00013/0.00010	51894.83 secs	(1.499 mins)	0.080	0.188	0.478
30/21	0.001/0.040	0.00014/0.00010	51987.31 secs	(1.541 mins)	0.087	0.189	0.479
30/21	0.001/0.040	0.00015/0.00010	52081.38 secs	(1.568 mins)	0.093	0.189	0.479

30/21	0.002/0.040	0.00001/0.00010	52135.01 secs	(53.64 secs)	0.007	NaN	NaN
30/21	0.002/0.040	0.00002/0.00010	52192.41 secs	(57.40 secs)	0.013	0.182	0.443
30/21	0.002/0.040	0.00003/0.00010	52253.42 secs	(1.017 mins)	0.020	0.188	0.476
30/21	0.002/0.040	0.00004/0.00010	52318.25 secs	(1.08 mins)	0.028	0.188	0.484
30/21	0.002/0.040	0.00005/0.00010	52384.12 secs	(1.098 mins)	0.032	0.188	0.473
30/21	0.002/0.040	0.00006/0.00010	52454.77 secs	(1.177 mins)	0.040	0.187	0.479
30/21	0.002/0.040	0.00007/0.00010	52526.87 secs	(1.202 mins)	0.046	0.185	0.477
30/21	0.002/0.040	0.00008/0.00010	52602.58 secs	(1.262 mins)	0.052	0.186	0.475
30/21	0.002/0.040	0.00009/0.00010	52683.94 secs	(1.356 mins)	0.057	0.188	0.479
30/21	0.002/0.040	0.00010/0.00010	52766.35 secs	(1.373 mins)	0.063	0.184	0.473
30/21	0.002/0.040	0.00011/0.00010	52850.16 secs	(1.397 mins)	0.070	0.188	0.486
30/21	0.002/0.040	0.00012/0.00010	52936.98 secs	(1.447 mins)	0.076	0.191	0.480
30/21	0.002/0.040	0.00013/0.00010	53027.54 secs	(1.509 mins)	0.084	0.191	0.485
30/21	0.002/0.040	0.00014/0.00010	53119.24 secs	(1.528 mins)	0.086	0.185	0.468
30/21	0.002/0.040	0.00015/0.00010	53215.98 secs	(1.612 mins)	0.095	0.186	0.480

30/21	0.003/0.040	0.00001/0.00010	53270.49 secs	(54.51 secs)	0.007	NaN	NaN
30/21	0.003/0.040	0.00002/0.00010	53326.65 secs	(56.16 secs)	0.013	0.168	0.440
30/21	0.003/0.040	0.00003/0.00010	53386.57 secs	(59.92 secs)	0.020	0.177	0.472
30/21	0.003/0.040	0.00004/0.00010	53450.10 secs	(1.059 mins)	0.026	0.183	0.467
30/21	0.003/0.040	0.00005/0.00010	53516.63 secs	(1.109 mins)	0.034	0.189	0.485
30/21	0.003/0.040	0.00006/0.00010	53586.73 secs	(1.168 mins)	0.039	0.183	0.474
30/21	0.003/0.040	0.00007/0.00010	53661.21 secs	(1.241 mins)	0.046	0.189	0.479
30/21	0.003/0.040	0.00008/0.00010	53738.12 secs	(1.282 mins)	0.053	0.190	0.479
30/21	0.003/0.040	0.00009/0.00010	53818.77 secs	(1.344 mins)	0.060	0.190	0.481
30/21	0.003/0.040	0.00010/0.00010	53900.61 secs	(1.364 mins)	0.064	0.183	0.475
30/21	0.003/0.040	0.00011/0.00010	53985.73 secs	(1.419 mins)	0.072	0.189	0.484
30/21	0.003/0.040	0.00012/0.00010	54072.81 secs	(1.451 mins)	0.077	0.188	0.481
30/21	0.003/0.040	0.00013/0.00010	54162.49 secs	(1.495 mins)	0.082	0.187	0.475
30/21	0.003/0.040	0.00014/0.00010	54255.86 secs	(1.556 mins)	0.090	0.190	0.481
30/21	0.003/0.040	0.00015/0.00010	54352.50 secs	(1.611 mins)	0.095	0.185	0.476

30/21	0.004/0.040	0.00001/0.00010	54405.79 secs	(53.30 secs)	0.007	NaN	NaN
30/21	0.004/0.040	0.00002/0.00010	54463.13 secs	(57.33 secs)	0.014	0.186	0.456
30/21	0.004/0.040	0.00003/0.00010	54523.72 secs	(1.01 mins)	0.021	0.179	0.455
30/21	0.004/0.040	0.00004/0.00010	54588.72 secs	(1.083 mins)	0.027	0.185	0.471
30/21	0.004/0.040	0.00005/0.00010	54654.96 secs	(1.104 mins)	0.033	0.188	0.474
30/21	0.004/0.040	0.00006/0.00010	54726.03 secs	(1.185 mins)	0.041	0.186	0.475
30/21	0.004/0.040	0.00007/0.00010	54799.03 secs	(1.217 mins)	0.047	0.186	0.472
30/21	0.004/0.040	0.00008/0.00010	54876.42 secs	(1.29 mins)	0.052	0.184	0.477
30/21	0.004/0.040	0.00009/0.00010	54956.46 secs	(1.334 mins)	0.060	0.190	0.488
30/21	0.004/0.040	0.00010/0.00010	55039.17 secs	(1.378 mins)	0.065	0.187	0.473
30/21	0.004/0.040	0.00011/0.00010	55124.52 secs	(1.422 mins)	0.072	0.185	0.477
30/21	0.004/0.040	0.00012/0.00010	55215.27 secs	(1.512 mins)	0.078	0.188	0.479
30/21	0.004/0.040	0.00013/0.00010	55305.12 secs	(1.497 mins)	0.084	0.186	0.476
30/21	0.004/0.040	0.00014/0.00010	55398.04 secs	(1.549 mins)	0.090	0.188	0.480
30/21	0.004/0.040	0.00015/0.00010	55494.35 secs	(1.605 mins)	0.099	0.190	0.487

30/21	0.005/0.040	0.00001/0.00010	55549.89 secs	(55.53 secs)	0.007	NaN	NaN
30/21	0.005/0.040	0.00002/0.00010	55607.52 secs	(57.63 secs)	0.015	0.174	0.456
30/21	0.005/0.040	0.00003/0.00010	55668.08 secs	(1.009 mins)	0.021	0.184	0.462
30/21	0.005/0.040	0.00004/0.00010	55732.20 secs	(1.069 mins)	0.028	0.188	0.476
30/21	0.005/0.040	0.00005/0.00010	55799.21 secs	(1.117 mins)	0.033	0.182	0.469
30/21	0.005/0.040	0.00006/0.00010	55869.24 secs	(1.167 mins)	0.041	0.193	0.478
30/21	0.005/0.040	0.00007/0.00010	55942.53 secs	(1.222 mins)	0.047	0.190	0.483
30/21	0.005/0.040	0.00008/0.00010	56019.80 secs	(1.288 mins)	0.053	0.182	0.472
30/21	0.005/0.040	0.00009/0.00010	56098.74 secs	(1.316 mins)	0.060	0.185	0.481
30/21	0.005/0.040	0.00010/0.00010	56183.34 secs	(1.41 mins)	0.068	0.191	0.483
30/21	0.005/0.040	0.00011/0.00010	56268.75 secs	(1.423 mins)	0.072	0.190	0.478
30/21	0.005/0.040	0.00012/0.00010	56356.59 secs	(1.464 mins)	0.078	0.190	0.480
30/21	0.005/0.040	0.00013/0.00010	56448.58 secs	(1.533 mins)	0.087	0.188	0.483
30/21	0.005/0.040	0.00014/0.00010	56543.80 secs	(1.587 mins)	0.092	0.189	0.479
30/21	0.005/0.040	0.00015/0.00010	56639.08 secs	(1.588 mins)	0.096	0.187	0.479

30/21	0.006/0.040	0.00001/0.00010	56692.54 secs	(53.46 secs)	0.007	NaN	NaN
30/21	0.006/0.040	0.00002/0.00010	56749.50 secs	(56.96 secs)	0.014	0.165	0.441
30/21	0.006/0.040	0.00003/0.00010	56810.74 secs	(1.021 mins)	0.021	0.184	0.470
30/21	0.006/0.040	0.00004/0.00010	56874.36 secs	(1.06 mins)	0.028	0.180	0.462
30/21	0.006/0.040	0.00005/0.00010	56941.10 secs	(1.112 mins)	0.033	0.180	0.460
30/21	0.006/0.040	0.00006/0.00010	57013.16 secs	(1.201 mins)	0.041	0.185	0.473
30/21	0.006/0.040	0.00007/0.00010	57087.80 secs	(1.244 mins)	0.047	0.180	0.473
30/21	0.006/0.040	0.00008/0.00010	57165.12 secs	(1.289 mins)	0.056	0.189	0.479
30/21	0.006/0.040	0.00009/0.00010	57244.57 secs	(1.324 mins)	0.061	0.186	0.475
30/21	0.006/0.040	0.00010/0.00010	57328.26 secs	(1.395 mins)	0.068	0.186	0.477
30/21	0.006/0.040	0.00011/0.00010	57414.14 secs	(1.431 mins)	0.073	0.186	0.474
30/21	0.006/0.040	0.00012/0.00010	57502.20 secs	(1.468 mins)	0.079	0.189	0.483
30/21	0.006/0.040	0.00013/0.00010	57594.43 secs	(1.537 mins)	0.087	0.188	0.478
30/21	0.006/0.040	0.00014/0.00010	57687.49 secs	(1.551 mins)	0.091	0.186	0.472
30/21	0.006/0.040	0.00015/0.00010	57786.16 secs	(1.645 mins)	0.101	0.191	0.486

30/21	0.007/0.040	0.00001/0.00010	57839.30 secs	(53.14 secs)	0.007	NaN	NaN
30/21	0.007/0.040	0.00002/0.00010	57897.20 secs	(57.90 secs)	0.013	NaN	NaN
30/21	0.007/0.040	0.00003/0.00010	57958.56 secs	(1.023 mins)	0.022	0.187	0.471
30/21	0.007/0.040	0.00004/0.00010	58024.02 secs	(1.091 mins)	0.028	0.183	0.476
30/21	0.007/0.040	0.00005/0.00010	58092.44 secs	(1.14 mins)	0.034	0.188	0.477
30/21	0.007/0.040	0.00006/0.00010	58163.39 secs	(1.183 mins)	0.041	0.186	0.475
30/21	0.007/0.040	0.00007/0.00010	58237.27 secs	(1.231 mins)	0.046	0.184	0.474
30/21	0.007/0.040	0.00008/0.00010	58315.08 secs	(1.297 mins)	0.055	0.186	0.477
30/21	0.007/0.040	0.00009/0.00010	58400.11 secs	(1.417 mins)	0.063	0.186	0.480
30/21	0.007/0.040	0.00010/0.00010	58486.22 secs	(1.435 mins)	0.068	0.190	0.479
30/21	0.007/0.040	0.00011/0.00010	58577.51 secs	(1.521 mins)	0.075	0.187	0.481
30/21	0.007/0.040	0.00012/0.00010	58670.90 secs	(1.556 mins)	0.081	0.186	0.478
30/21	0.007/0.040	0.00013/0.00010	58768.13 secs	(1.62 mins)	0.087	0.188	0.480
30/21	0.007/0.040	0.00014/0.00010	58865.77 secs	(1.627 mins)	0.095	0.190	0.482
30/21	0.007/0.040	0.00015/0.00010	58967.06 secs	(1.688 mins)	0.100	0.192	0.486

30/21	0.008/0.040	0.00001/0.00010	59023.65 secs	(56.59 secs)	0.007	NaN	NaN
30/21	0.008/0.040	0.00002/0.00010	59083.86 secs	(1.004 mins)	0.015	0.180	0.455
30/21	0.008/0.040	0.00003/0.00010	59147.21 secs	(1.056 mins)	0.021	0.185	0.462
30/21	0.008/0.040	0.00004/0.00010	59214.87 secs	(1.128 mins)	0.029	0.185	0.468
30/21	0.008/0.040	0.00005/0.00010	59284.95 secs	(1.168 mins)	0.035	0.187	0.476
30/21	0.008/0.040	0.00006/0.00010	59358.66 secs	(1.229 mins)	0.040	0.183	0.470
30/21	0.008/0.040	0.00007/0.00010	59433.24 secs	(1.243 mins)	0.048	0.183	0.470
30/21	0.008/0.040	0.00008/0.00010	59513.14 secs	(1.332 mins)	0.058	0.191	0.484
30/21	0.008/0.040	0.00009/0.00010	59594.26 secs	(1.352 mins)	0.062	0.186	0.474
30/21	0.008/0.040	0.00010/0.00010	59677.45 secs	(1.386 mins)	0.067	0.187	0.478
30/21	0.008/0.040	0.00011/0.00010	59764.04 secs	(1.443 mins)	0.076	0.186	0.476
30/21	0.008/0.040	0.00012/0.00010	59854.28 secs	(1.504 mins)	0.083	0.190	0.483
30/21	0.008/0.040	0.00013/0.00010	59948.31 secs	(1.567 mins)	0.088	0.186	0.475
30/21	0.008/0.040	0.00014/0.00010	60043.78 secs	(1.591 mins)	0.094	0.188	0.474
30/21	0.008/0.040	0.00015/0.00010	60138.05 secs	(1.571 mins)	0.098	0.188	0.476

30/21	0.009/0.040	0.00001/0.00010	60193.00 secs	(54.95 secs)	0.007	NaN	NaN
30/21	0.009/0.040	0.00002/0.00010	60250.32 secs	(57.32 secs)	0.015	0.176	0.443
30/21	0.009/0.040	0.00003/0.00010	60311.61 secs	(1.021 mins)	0.022	0.187	0.473
30/21	0.009/0.040	0.00004/0.00010	60376.41 secs	(1.08 mins)	0.029	0.186	0.475
30/21	0.009/0.040	0.00005/0.00010	60444.49 secs	(1.135 mins)	0.035	0.186	0.472
30/21	0.009/0.040	0.00006/0.00010	60516.46 secs	(1.20 mins)	0.043	0.184	0.470
30/21	0.009/0.040	0.00007/0.00010	60590.36 secs	(1.232 mins)	0.049	0.190	0.477
30/21	0.009/0.040	0.00008/0.00010	60669.22 secs	(1.314 mins)	0.057	0.185	0.471
30/21	0.009/0.040	0.00009/0.00010	60750.56 secs	(1.356 mins)	0.063	0.188	0.480
30/21	0.009/0.040	0.00010/0.00010	60834.53 secs	(1.399 mins)	0.070	0.189	0.480
30/21	0.009/0.040	0.00011/0.00010	60920.99 secs	(1.441 mins)	0.077	0.188	0.477
30/21	0.009/0.040	0.00012/0.00010	61009.74 secs	(1.479 mins)	0.082	0.186	0.473
30/21	0.009/0.040	0.00013/0.00010	61100.54 secs	(1.513 mins)	0.088	0.186	0.476
30/21	0.009/0.040	0.00014/0.00010	61195.64 secs	(1.585 mins)	0.095	0.189	0.479
30/21	0.009/0.040	0.00015/0.00010	61293.90 secs	(1.638 mins)	0.101	0.187	0.474

30/21	0.010/0.040	0.00001/0.00010	61348.37 secs	(54.47 secs)	0.007	NaN	NaN
30/21	0.010/0.040	0.00002/0.00010	61406.74 secs	(58.37 secs)	0.014	0.173	0.441
30/21	0.010/0.040	0.00003/0.00010	61467.33 secs	(1.01 mins)	0.022	0.180	0.466
30/21	0.010/0.040	0.00004/0.00010	61532.66 secs	(1.089 mins)	0.028	0.186	0.473
30/21	0.010/0.040	0.00005/0.00010	61601.40 secs	(1.146 mins)	0.035	0.184	0.468
30/21	0.010/0.040	0.00006/0.00010	61673.25 secs	(1.197 mins)	0.043	0.187	0.483
30/21	0.010/0.040	0.00007/0.00010	61749.62 secs	(1.273 mins)	0.052	0.190	0.481
30/21	0.010/0.040	0.00008/0.00010	61827.54 secs	(1.299 mins)	0.057	0.190	0.478
30/21	0.010/0.040	0.00009/0.00010	61910.66 secs	(1.385 mins)	0.064	0.186	0.476
30/21	0.010/0.040	0.00010/0.00010	61993.68 secs	(1.384 mins)	0.069	0.182	0.469
30/21	0.010/0.040	0.00011/0.00010	62080.15 secs	(1.441 mins)	0.078	0.185	0.473
30/21	0.010/0.040	0.00012/0.00010	62170.36 secs	(1.503 mins)	0.085	0.187	0.479
30/21	0.010/0.040	0.00013/0.00010	62262.81 secs	(1.541 mins)	0.091	0.189	0.482
30/21	0.010/0.040	0.00014/0.00010	62358.73 secs	(1.599 mins)	0.097	0.188	0.478
30/21	0.010/0.040	0.00015/0.00010	62456.00 secs	(1.621 mins)	0.103	0.190	0.481



> 
> proc.time()
      user     system    elapsed 
1689820.60   39983.39   62596.21 
