
R version 4.3.0 (2023-04-21) -- "Already Tomorrow"
Copyright (C) 2023 The R Foundation for Statistical Computing
Platform: x86_64-pc-linux-gnu (64-bit)

R is free software and comes with ABSOLUTELY NO WARRANTY.
You are welcome to redistribute it under certain conditions.
Type 'license()' or 'licence()' for distribution details.

  Natural language support but running in an English locale

R is a collaborative project with many contributors.
Type 'contributors()' for more information and
'citation()' on how to cite R or R packages in publications.

Type 'demo()' for some demos, 'help()' for on-line help, or
'help.start()' for an HTML browser interface to help.
Type 'q()' to quit R.

> rm(list = ls())
> gc()
         used (Mb) gc trigger (Mb) max used (Mb)
Ncells 284765 15.3     664565 35.5   464468 24.9
Vcells 490458  3.8    8388608 64.0  1837328 14.1
> library(dplyr)

Attaching package: ‘dplyr’

The following objects are masked from ‘package:stats’:

    filter, lag

The following objects are masked from ‘package:base’:

    intersect, setdiff, setequal, union

> library(foreach)
> library(doParallel)
Loading required package: iterators
Loading required package: parallel
> 
> # Set up the number of cores used for parallelization.
> message(detectCores())
32
> num_cores <- 32
> registerDoParallel(num_cores)
> 
> #########################
> #### SEIR Simulation ####
> #########################
> time <- 365 # Number of days.
> inf <- 7 # Average infectious period length.
> N <- 1000 # Population size.
> 
> create_hh <- function() {
+   # Randomly sample household sizes such that total population is 1000 
+   # individuals.
+   hh_size <- sample(x = c(3, 4, 5, 6), size = 340, replace = T)
+   
+   # Keep households such that total population is < 1000.
+   hh_size <- hh_size[which(cumsum(hh_size) < N)]
+   
+   leftover <- N - sum(hh_size)
+   if (leftover < 3) {
+     hh <- 1:length(hh_size)
+     sampled <- sample(hh[hh_size < 6], leftover)
+     hh_size[sampled] <- hh_size[sampled] + 1
+   } else {
+     hh_size <- c(hh_size, leftover)
+   }
+   return(hh_size)
+ }
> 
> SEIR_mix <- function(params, inf = 7, verbose = F) {
+   hh_size <- create_hh()
+   
+   # Create frame for running the simulation.
+   # ID: ID of individual.
+   # SIZE: size of individual's household.
+   # HH: ID of individual's household.
+   # S: susceptibility status.
+   # E: exposed status.
+   # E_count: number of days since exposed.
+   # I: infectious status.
+   # I_count: number of days since infectious.
+   # R: recovered status.
+   # INC: incubation period.
+   # INF: infectious period.
+   data <- data.frame(ID = 1:N,
+                      SIZE = rep(hh_size, times = hh_size),
+                      HH = rep(1:length(hh_size), times = hh_size), 
+                      S = c(0, rep(1, N - 1)), 
+                      E = c(1, rep(0, N - 1)),
+                      E_count = c(1, rep(0, N - 1)), 
+                      I = 0,
+                      I_count = 0, 
+                      R = 0, 
+                      INC = c(rlnorm(1, meanlog = log(29.8), sdlog = 0.45), rep(0, N - 1)),
+                      INF = 0)
+   
+   # Create frame for storing results.
+   # ID: ID of individual.
+   # SIZE: size of individual's household.
+   # HH: ID of individual's household.
+   # TYPE: the kind of infection: household (H), community (C), or both (B).
+   # TIME: when the individual became infectious.
+   # S_NUM: number of susceptible people in individual's household when their 
+   #        infectious period begins.
+   # I_NUM: number of people in household that this individual infected over 
+   #        their infectious period.
+   results <- data[, 1:3] %>% mutate(TYPE = NA, TIME = NA, S_NUM = NA, I_NUM = 0)
+   results$TYPE[1] <- '0'
+   
+   for(t in 1:time) {
+     if (verbose) {
+       if (t %% 10 == 0) {
+         cat(paste0(t, ' '))
+       }
+     }
+     
+     # Anyone who has been infectious for as many days as their infectious period
+     # is now recovered.
+     recovered <- (data$INF > 0) & (data$I_count == data$INF)
+     if(sum(recovered, na.rm = T) > 0) {
+       data$R[recovered] <- 1
+       data$I[recovered] <- 0
+       data$I_count[recovered] <- 0 
+     }
+     
+     new_inf <- (data$INC > 0) & (data$E_count == data$INC)
+     num_new_inf <- sum(new_inf, na.rm = T)
+     if(num_new_inf > 0) {
+       # Change status to newly infectious and add infectious period.
+       data$I[new_inf] <- 1
+       random_inf <- rnorm(num_new_inf, mean = inf, sd = 1) %>% round()
+       data$INF[new_inf] <- random_inf
+       
+       # Remove exposure status and exposure count.
+       data$E[new_inf] <- 0
+       data$E_count[new_inf] <- 0 
+       
+       # Record time at which infectious period starts.
+       results$TIME[new_inf] <- t
+       
+       # Save the number of susceptible people in each infectious individual's 
+       # household.
+       S_data <- data %>% group_by(HH) %>% 
+         mutate(S_TOT = sum(S)) %>% 
+         select(HH, S_TOT)
+       results$S_NUM[new_inf == 1] <- S_data$S_TOT[new_inf == 1]
+     }
+     
+     # I_H is the number of infections inside each household.
+     # I_C is the number of infections outside each household.
+     I_data <- data %>% group_by(HH) %>% 
+       mutate(I_H = sum(I)) %>% 
+       ungroup() %>% 
+       mutate(I_C = sum(I) - I_H)
+     
+     beta_H <- params[1]
+     beta_C <- params[2]
+     beta_E <- params[3]
+     risk_H <- pmin(beta_H * data$S * I_data$I_H / N, 1)
+     risk_C <- pmin(beta_C * data$S * I_data$I_C / N, 1)
+     risk_E <- pmin(beta_E * data$S, 1)
+ 
+     new_inf_H <- rbinom(N, 1, risk_H)
+     new_inf_C <- rbinom(N, 1, risk_C)
+     new_inf_E <- rbinom(N, 1, risk_E)
+     new_exposed <- (new_inf_H == 1) | (new_inf_C == 1) | (new_inf_E == 1)
+     num_new_exposed <- sum(new_exposed, na.rm = T)
+     if (num_new_exposed > 0) {
+       # Change status to newly exposed and add incubation period.
+       data$E[new_exposed] <- 1
+       random_inc <- rlnorm(num_new_exposed, meanlog = log(29.8), sdlog = 0.45) %>% round()
+       data$INC[new_exposed] <- random_inc
+       
+       # Remove susceptible status.
+       data$S[new_exposed] <- 0
+       
+       # Get number of new infections in each household.
+       I_data <- I_data %>%
+         select(ID, HH, I, I_H) %>%
+         mutate(new_I_H = new_inf_H) %>%
+         group_by(HH) %>%
+         # Find households with at least 1 currently infectious individual. If 
+         # exactly 1 infectious individual in household, assign all new H 
+         # exposures to that individual. If there are multiple infectious 
+         # individuals, assign all infections to the infectious individual with 
+         # the first ID.
+         mutate(new_I_H = ifelse(I == 1 & ID == first(ID[I == 1]), 
+                                 sum(new_I_H), 0))
+       
+       results$I_NUM <- results$I_NUM + I_data$new_I_H
+       
+       # Label infections types.
+       results$TYPE[new_inf_H == 1] <- 'H'
+       results$TYPE[new_inf_C == 1] <- 'C'
+       results$TYPE[new_inf_E == 1] <- 'E'
+       results$TYPE[(new_inf_H == 1) & (new_inf_C == 1)] <- 'HC'
+       results$TYPE[(new_inf_H == 1) & (new_inf_E == 1)] <- 'HE'
+       results$TYPE[(new_inf_C == 1) & (new_inf_E == 1)] <- 'CE'
+       results$TYPE[(new_inf_H == 1) & (new_inf_C == 1) & (new_inf_E == 1)] <- 'HCE'
+     }
+     
+     # Increment exposure and infectious counters.
+     data$E_count[data$E == 1] <- data$E_count[data$E == 1] + 1
+     data$I_count[data$I == 1] <- data$I_count[data$I == 1] + 1
+   }
+   return(results)
+ }
> 
> metrics <- function(results) {
+   # Incidence is the proportion of the population that became infected.
+   idc <- mean(!is.na(results$TIME))
+   
+   # The SAR is the average SAR for each individual that was infectious.
+   sar <- mean(results$I_NUM / results$S_NUM, na.rm = T)
+   
+   # The proportion of cases caused by household infections.
+   cases <- results[!is.na(results$TIME), ]
+   prp <- mean((cases$TYPE != 'E') & (cases$TYPE != '0'))
+ 
+   return(c(idc, sar, prp))
+ }
> 
> beta_Hs <- seq(40, 44, 1) # 5
> beta_Cs <- seq(0.02, 0.04, 0.001) # 21
> beta_Es <- seq(0.00001, 0.00006, 0.00001) # 6
> 
> d_H <- length(beta_Hs)
> d_C <- length(beta_Cs)
> d_E <- length(beta_Es)
> 
> reps <- 200
> idcs <- array(rep(NA, d_H * d_C * d_E * reps), dim = c(d_H, d_C, d_E, reps))
> sars <- array(rep(NA, d_H * d_C * d_E * reps), dim = c(d_H, d_C, d_E, reps))
> prps <- array(rep(NA, d_H * d_C * d_E * reps), dim = c(d_H, d_C, d_E, reps))
> t_tot <- 0
> for (i in 1:d_H) {
+   for (j in 1:d_C) {
+     for (k in 1:d_E) {
+       beta_H <- beta_Hs[i]
+       beta_C <- beta_Cs[j]
+       beta_E <- beta_Es[k]
+       
+       params <- c(beta_H, beta_C, beta_E)
+       
+       cat(paste0(format(beta_H, nsmall = 0), '/30\t', 
+                  format(beta_C, nsmall = 3), '/0.065\t',
+                  format(beta_E, nsmall = 5, scientific = F), '/0.00010\t'))
+         
+       t_0 <- Sys.time()
+       vals <- foreach (l = 1:reps, .combine = 'c') %dopar% {
+         results <- SEIR_mix(params) 
+         metrics(results)
+       }
+       t_1 <- Sys.time()
+       t_tot <- t_tot + (t_1 - t_0)
+         
+       cat(paste0(format(t_tot, nsmall = 2, digits = 4), '\t(', 
+                  format(t_1 - t_0, nsmall = 2, digits = 4), ')\t'))
+       
+       vals <- matrix(vals, reps, byrow = T)
+       idcs[i, j, k, ] <- vals[, 1]
+       sars[i, j, k, ] <- vals[, 2]
+       prps[i, j, k, ] <- vals[, 3]
+         
+       cat(paste0(format(round(mean(vals[, 1]), 3), nsmall = 3), '\t', 
+                  format(round(mean(vals[, 2]), 3), nsmall = 3), '\t', 
+                  format(round(mean(vals[, 3]), 3), nsmall = 3), '\n'))
+     }
+     cat('\n')
+     saveRDS(idcs, file = 'idcs.rds')
+     saveRDS(sars, file = 'sars.rds')
+     saveRDS(prps, file = 'prps.rds')
+     
+     write.table(idcs, file = 'idcs.txt', row.names = F, col.names = F)
+     write.table(sars, file = 'sars.txt', row.names = F, col.names = F)
+     write.table(prps, file = 'prps.txt', row.names = F, col.names = F)
+   }
+   message('\n')
+ }
40/30	0.020/0.065	0.00001/0.00010	46.55 secs	(46.55 secs)	0.011	NaN	NaN
40/30	0.020/0.065	0.00002/0.00010	99.81 secs	(53.27 secs)	0.020	0.227	0.622
40/30	0.020/0.065	0.00003/0.00010	157.36 secs	(57.54 secs)	0.032	0.242	0.658
40/30	0.020/0.065	0.00004/0.00010	217.08 secs	(59.72 secs)	0.038	0.236	0.652
40/30	0.020/0.065	0.00005/0.00010	280.72 secs	(1.061 mins)	0.051	0.240	0.665
40/30	0.020/0.065	0.00006/0.00010	350.21 secs	(1.158 mins)	0.060	0.243	0.665

40/30	0.021/0.065	0.00001/0.00010	398.28 secs	(48.07 secs)	0.011	NaN	NaN
40/30	0.021/0.065	0.00002/0.00010	451.74 secs	(53.46 secs)	0.021	0.243	0.642
40/30	0.021/0.065	0.00003/0.00010	508.42 secs	(56.68 secs)	0.032	0.243	0.662
40/30	0.021/0.065	0.00004/0.00010	572.33 secs	(1.065 mins)	0.043	0.240	0.666
40/30	0.021/0.065	0.00005/0.00010	638.08 secs	(1.096 mins)	0.054	0.246	0.674
40/30	0.021/0.065	0.00006/0.00010	707.29 secs	(1.154 mins)	0.062	0.237	0.672

40/30	0.022/0.065	0.00001/0.00010	755.02 secs	(47.73 secs)	0.010	NaN	NaN
40/30	0.022/0.065	0.00002/0.00010	809.41 secs	(54.39 secs)	0.022	0.231	0.638
40/30	0.022/0.065	0.00003/0.00010	868.26 secs	(58.85 secs)	0.033	0.247	0.675
40/30	0.022/0.065	0.00004/0.00010	932.98 secs	(1.079 mins)	0.045	0.246	0.674
40/30	0.022/0.065	0.00005/0.00010	998.72 secs	(1.096 mins)	0.053	0.239	0.674
40/30	0.022/0.065	0.00006/0.00010	1069.00 secs	(1.171 mins)	0.064	0.238	0.674

40/30	0.023/0.065	0.00001/0.00010	1118.61 secs	(49.61 secs)	0.011	NaN	NaN
40/30	0.023/0.065	0.00002/0.00010	1172.39 secs	(53.78 secs)	0.021	0.220	0.613
40/30	0.023/0.065	0.00003/0.00010	1231.82 secs	(59.43 secs)	0.031	0.233	0.652
40/30	0.023/0.065	0.00004/0.00010	1294.18 secs	(1.039 mins)	0.044	0.239	0.679
40/30	0.023/0.065	0.00005/0.00010	1361.10 secs	(1.115 mins)	0.055	0.247	0.680
40/30	0.023/0.065	0.00006/0.00010	1428.92 secs	(1.13 mins)	0.064	0.238	0.684

40/30	0.024/0.065	0.00001/0.00010	1476.90 secs	(47.99 secs)	0.012	NaN	NaN
40/30	0.024/0.065	0.00002/0.00010	1531.93 secs	(55.02 secs)	0.023	0.236	0.662
40/30	0.024/0.065	0.00003/0.00010	1590.71 secs	(58.78 secs)	0.035	0.240	0.676
40/30	0.024/0.065	0.00004/0.00010	1652.81 secs	(1.035 mins)	0.044	0.245	0.686
40/30	0.024/0.065	0.00005/0.00010	1718.87 secs	(1.101 mins)	0.055	0.241	0.688
40/30	0.024/0.065	0.00006/0.00010	1790.27 secs	(1.19 mins)	0.064	0.241	0.683

40/30	0.025/0.065	0.00001/0.00010	1840.38 secs	(50.11 secs)	0.012	NaN	NaN
40/30	0.025/0.065	0.00002/0.00010	1894.62 secs	(54.24 secs)	0.022	NaN	NaN
40/30	0.025/0.065	0.00003/0.00010	1951.25 secs	(56.63 secs)	0.033	0.237	0.675
40/30	0.025/0.065	0.00004/0.00010	2012.16 secs	(1.015 mins)	0.044	0.241	0.686
40/30	0.025/0.065	0.00005/0.00010	2080.28 secs	(1.135 mins)	0.057	0.238	0.692
40/30	0.025/0.065	0.00006/0.00010	2154.26 secs	(1.233 mins)	0.067	0.240	0.689

40/30	0.026/0.065	0.00001/0.00010	2203.00 secs	(48.74 secs)	0.012	NaN	NaN
40/30	0.026/0.065	0.00002/0.00010	2257.18 secs	(54.19 secs)	0.022	0.234	0.664
40/30	0.026/0.065	0.00003/0.00010	2315.52 secs	(58.34 secs)	0.034	0.241	0.678
40/30	0.026/0.065	0.00004/0.00010	2378.84 secs	(1.055 mins)	0.046	0.234	0.679
40/30	0.026/0.065	0.00005/0.00010	2448.30 secs	(1.158 mins)	0.056	0.239	0.697
40/30	0.026/0.065	0.00006/0.00010	2519.36 secs	(1.184 mins)	0.066	0.236	0.689

40/30	0.027/0.065	0.00001/0.00010	2567.24 secs	(47.88 secs)	0.011	NaN	NaN
40/30	0.027/0.065	0.00002/0.00010	2623.21 secs	(55.97 secs)	0.025	NaN	NaN
40/30	0.027/0.065	0.00003/0.00010	2682.88 secs	(59.67 secs)	0.036	0.242	0.686
40/30	0.027/0.065	0.00004/0.00010	2747.75 secs	(1.081 mins)	0.046	0.235	0.684
40/30	0.027/0.065	0.00005/0.00010	2814.75 secs	(1.117 mins)	0.056	0.241	0.696
40/30	0.027/0.065	0.00006/0.00010	2885.50 secs	(1.179 mins)	0.067	0.239	0.700

40/30	0.028/0.065	0.00001/0.00010	2933.13 secs	(47.63 secs)	0.012	NaN	NaN
40/30	0.028/0.065	0.00002/0.00010	2988.87 secs	(55.74 secs)	0.025	0.242	0.690
40/30	0.028/0.065	0.00003/0.00010	3047.95 secs	(59.08 secs)	0.036	0.249	0.703
40/30	0.028/0.065	0.00004/0.00010	3111.29 secs	(1.056 mins)	0.046	0.241	0.700
40/30	0.028/0.065	0.00005/0.00010	3181.60 secs	(1.172 mins)	0.059	0.247	0.705
40/30	0.028/0.065	0.00006/0.00010	3255.12 secs	(1.225 mins)	0.069	0.239	0.705

40/30	0.029/0.065	0.00001/0.00010	3304.61 secs	(49.49 secs)	0.012	NaN	NaN
40/30	0.029/0.065	0.00002/0.00010	3359.16 secs	(54.55 secs)	0.026	0.236	0.676
40/30	0.029/0.065	0.00003/0.00010	3418.86 secs	(59.70 secs)	0.037	0.234	0.693
40/30	0.029/0.065	0.00004/0.00010	3486.00 secs	(1.119 mins)	0.050	0.244	0.707
40/30	0.029/0.065	0.00005/0.00010	3556.42 secs	(1.174 mins)	0.057	0.237	0.697
40/30	0.029/0.065	0.00006/0.00010	3630.23 secs	(1.23 mins)	0.068	0.242	0.712

40/30	0.030/0.065	0.00001/0.00010	3679.75 secs	(49.52 secs)	0.013	NaN	NaN
40/30	0.030/0.065	0.00002/0.00010	3734.25 secs	(54.50 secs)	0.024	0.231	0.664
40/30	0.030/0.065	0.00003/0.00010	3793.60 secs	(59.35 secs)	0.037	0.232	0.695
40/30	0.030/0.065	0.00004/0.00010	3861.69 secs	(1.135 mins)	0.051	0.238	0.717
40/30	0.030/0.065	0.00005/0.00010	3934.71 secs	(1.217 mins)	0.061	0.238	0.714
40/30	0.030/0.065	0.00006/0.00010	4008.76 secs	(1.234 mins)	0.074	0.245	0.718

40/30	0.031/0.065	0.00001/0.00010	4058.78 secs	(50.02 secs)	0.013	NaN	NaN
40/30	0.031/0.065	0.00002/0.00010	4114.31 secs	(55.52 secs)	0.026	0.231	0.694
40/30	0.031/0.065	0.00003/0.00010	4177.15 secs	(1.047 mins)	0.037	0.240	0.708
40/30	0.031/0.065	0.00004/0.00010	4241.97 secs	(1.08 mins)	0.050	0.237	0.701
40/30	0.031/0.065	0.00005/0.00010	4310.81 secs	(1.147 mins)	0.060	0.241	0.714
40/30	0.031/0.065	0.00006/0.00010	4385.27 secs	(1.241 mins)	0.074	0.241	0.717

40/30	0.032/0.065	0.00001/0.00010	4435.12 secs	(49.85 secs)	0.013	NaN	NaN
40/30	0.032/0.065	0.00002/0.00010	4489.70 secs	(54.59 secs)	0.024	0.233	0.662
40/30	0.032/0.065	0.00003/0.00010	4551.94 secs	(1.037 mins)	0.041	0.241	0.723
40/30	0.032/0.065	0.00004/0.00010	4617.91 secs	(1.10 mins)	0.051	0.237	0.722
40/30	0.032/0.065	0.00005/0.00010	4688.07 secs	(1.169 mins)	0.063	0.238	0.717
40/30	0.032/0.065	0.00006/0.00010	4761.81 secs	(1.229 mins)	0.074	0.242	0.726

40/30	0.033/0.065	0.00001/0.00010	4811.84 secs	(50.03 secs)	0.012	NaN	NaN
40/30	0.033/0.065	0.00002/0.00010	4866.45 secs	(54.61 secs)	0.026	0.235	0.679
40/30	0.033/0.065	0.00003/0.00010	4928.59 secs	(1.036 mins)	0.041	0.236	0.714
40/30	0.033/0.065	0.00004/0.00010	4995.50 secs	(1.115 mins)	0.052	0.236	0.721
40/30	0.033/0.065	0.00005/0.00010	5065.35 secs	(1.164 mins)	0.062	0.239	0.722
40/30	0.033/0.065	0.00006/0.00010	5140.49 secs	(1.252 mins)	0.075	0.241	0.726

40/30	0.034/0.065	0.00001/0.00010	5192.71 secs	(52.22 secs)	0.015	NaN	NaN
40/30	0.034/0.065	0.00002/0.00010	5246.84 secs	(54.12 secs)	0.028	0.236	0.711
40/30	0.034/0.065	0.00003/0.00010	5307.42 secs	(1.01 mins)	0.038	0.235	0.712
40/30	0.034/0.065	0.00004/0.00010	5372.07 secs	(1.077 mins)	0.050	0.240	0.719
40/30	0.034/0.065	0.00005/0.00010	5444.98 secs	(1.215 mins)	0.062	0.236	0.714
40/30	0.034/0.065	0.00006/0.00010	5518.81 secs	(1.231 mins)	0.073	0.239	0.723

40/30	0.035/0.065	0.00001/0.00010	5568.67 secs	(49.86 secs)	0.013	NaN	NaN
40/30	0.035/0.065	0.00002/0.00010	5626.21 secs	(57.53 secs)	0.027	NaN	NaN
40/30	0.035/0.065	0.00003/0.00010	5688.54 secs	(1.039 mins)	0.042	0.235	0.728
40/30	0.035/0.065	0.00004/0.00010	5754.61 secs	(1.101 mins)	0.051	0.237	0.722
40/30	0.035/0.065	0.00005/0.00010	5825.13 secs	(1.175 mins)	0.066	0.240	0.736
40/30	0.035/0.065	0.00006/0.00010	5901.51 secs	(1.273 mins)	0.079	0.239	0.735

40/30	0.036/0.065	0.00001/0.00010	5952.26 secs	(50.74 secs)	0.014	NaN	NaN
40/30	0.036/0.065	0.00002/0.00010	6009.31 secs	(57.05 secs)	0.026	NaN	NaN
40/30	0.036/0.065	0.00003/0.00010	6071.67 secs	(1.039 mins)	0.042	0.231	0.727
40/30	0.036/0.065	0.00004/0.00010	6138.79 secs	(1.119 mins)	0.054	0.243	0.731
40/30	0.036/0.065	0.00005/0.00010	6211.34 secs	(1.209 mins)	0.066	0.240	0.738
40/30	0.036/0.065	0.00006/0.00010	6287.82 secs	(1.275 mins)	0.079	0.241	0.740

40/30	0.037/0.065	0.00001/0.00010	6338.19 secs	(50.38 secs)	0.015	NaN	NaN
40/30	0.037/0.065	0.00002/0.00010	6394.88 secs	(56.69 secs)	0.028	0.231	0.698
40/30	0.037/0.065	0.00003/0.00010	6456.64 secs	(1.029 mins)	0.040	0.235	0.723
40/30	0.037/0.065	0.00004/0.00010	6522.89 secs	(1.104 mins)	0.053	0.238	0.734
40/30	0.037/0.065	0.00005/0.00010	6596.54 secs	(1.228 mins)	0.069	0.240	0.748
40/30	0.037/0.065	0.00006/0.00010	6673.68 secs	(1.286 mins)	0.082	0.241	0.745

40/30	0.038/0.065	0.00001/0.00010	6722.49 secs	(48.80 secs)	0.015	NaN	NaN
40/30	0.038/0.065	0.00002/0.00010	6779.92 secs	(57.43 secs)	0.029	0.237	0.717
40/30	0.038/0.065	0.00003/0.00010	6842.22 secs	(1.038 mins)	0.044	0.238	0.742
40/30	0.038/0.065	0.00004/0.00010	6908.01 secs	(1.096 mins)	0.056	0.240	0.742
40/30	0.038/0.065	0.00005/0.00010	6980.48 secs	(1.208 mins)	0.071	0.237	0.753
40/30	0.038/0.065	0.00006/0.00010	7057.57 secs	(1.285 mins)	0.085	0.238	0.748

40/30	0.039/0.065	0.00001/0.00010	7109.26 secs	(51.69 secs)	0.014	NaN	NaN
40/30	0.039/0.065	0.00002/0.00010	7167.49 secs	(58.23 secs)	0.032	0.225	0.713
40/30	0.039/0.065	0.00003/0.00010	7231.51 secs	(1.067 mins)	0.046	NaN	NaN
40/30	0.039/0.065	0.00004/0.00010	7302.32 secs	(1.18 mins)	0.060	0.237	0.740
40/30	0.039/0.065	0.00005/0.00010	7372.36 secs	(1.167 mins)	0.066	0.238	0.733
40/30	0.039/0.065	0.00006/0.00010	7450.20 secs	(1.297 mins)	0.085	0.237	0.756

40/30	0.040/0.065	0.00001/0.00010	7501.70 secs	(51.49 secs)	0.014	NaN	NaN
40/30	0.040/0.065	0.00002/0.00010	7561.01 secs	(59.32 secs)	0.031	0.235	0.726
40/30	0.040/0.065	0.00003/0.00010	7623.34 secs	(1.039 mins)	0.045	0.238	0.738
40/30	0.040/0.065	0.00004/0.00010	7692.35 secs	(1.15 mins)	0.059	0.245	0.764
40/30	0.040/0.065	0.00005/0.00010	7768.14 secs	(1.263 mins)	0.075	0.241	0.761
40/30	0.040/0.065	0.00006/0.00010	7848.86 secs	(1.345 mins)	0.088	0.243	0.765



41/30	0.020/0.065	0.00001/0.00010	7898.12 secs	(49.25 secs)	0.010	NaN	NaN
41/30	0.020/0.065	0.00002/0.00010	7952.60 secs	(54.49 secs)	0.022	0.238	0.631
41/30	0.020/0.065	0.00003/0.00010	8010.03 secs	(57.43 secs)	0.032	0.247	0.664
41/30	0.020/0.065	0.00004/0.00010	8072.14 secs	(1.035 mins)	0.041	0.238	0.663
41/30	0.020/0.065	0.00005/0.00010	8139.01 secs	(1.115 mins)	0.053	0.245	0.672
41/30	0.020/0.065	0.00006/0.00010	8209.54 secs	(1.175 mins)	0.061	0.247	0.671

41/30	0.021/0.065	0.00001/0.00010	8258.06 secs	(48.52 secs)	0.011	NaN	NaN
41/30	0.021/0.065	0.00002/0.00010	8309.91 secs	(51.85 secs)	0.022	0.239	0.665
41/30	0.021/0.065	0.00003/0.00010	8368.89 secs	(58.97 secs)	0.033	0.245	0.671
41/30	0.021/0.065	0.00004/0.00010	8431.53 secs	(1.044 mins)	0.041	0.245	0.666
41/30	0.021/0.065	0.00005/0.00010	8498.90 secs	(1.123 mins)	0.054	0.249	0.680
41/30	0.021/0.065	0.00006/0.00010	8567.99 secs	(1.152 mins)	0.060	0.242	0.666

41/30	0.022/0.065	0.00001/0.00010	8618.04 secs	(50.05 secs)	0.011	NaN	NaN
41/30	0.022/0.065	0.00002/0.00010	8671.55 secs	(53.51 secs)	0.022	NaN	NaN
41/30	0.022/0.065	0.00003/0.00010	8728.36 secs	(56.81 secs)	0.032	0.236	0.665
41/30	0.022/0.065	0.00004/0.00010	8792.48 secs	(1.069 mins)	0.044	0.247	0.679
41/30	0.022/0.065	0.00005/0.00010	8858.46 secs	(1.10 mins)	0.052	0.245	0.676
41/30	0.022/0.065	0.00006/0.00010	8928.46 secs	(1.167 mins)	0.062	0.246	0.678

41/30	0.023/0.065	0.00001/0.00010	8977.12 secs	(48.66 secs)	0.012	NaN	NaN
41/30	0.023/0.065	0.00002/0.00010	9029.96 secs	(52.84 secs)	0.023	0.237	0.660
41/30	0.023/0.065	0.00003/0.00010	9087.88 secs	(57.92 secs)	0.033	0.248	0.675
41/30	0.023/0.065	0.00004/0.00010	9150.20 secs	(1.039 mins)	0.042	0.245	0.678
41/30	0.023/0.065	0.00005/0.00010	9217.57 secs	(1.123 mins)	0.056	0.248	0.691
41/30	0.023/0.065	0.00006/0.00010	9290.03 secs	(1.208 mins)	0.063	0.244	0.684

41/30	0.024/0.065	0.00001/0.00010	9341.10 secs	(51.07 secs)	0.012	NaN	NaN
41/30	0.024/0.065	0.00002/0.00010	9395.94 secs	(54.84 secs)	0.024	NaN	NaN
41/30	0.024/0.065	0.00003/0.00010	9453.92 secs	(57.99 secs)	0.034	0.247	0.684
41/30	0.024/0.065	0.00004/0.00010	9515.80 secs	(1.031 mins)	0.043	0.244	0.681
41/30	0.024/0.065	0.00005/0.00010	9583.58 secs	(1.13 mins)	0.055	0.244	0.697
41/30	0.024/0.065	0.00006/0.00010	9656.87 secs	(1.221 mins)	0.066	0.240	0.689

41/30	0.025/0.065	0.00001/0.00010	9706.40 secs	(49.53 secs)	0.011	NaN	NaN
41/30	0.025/0.065	0.00002/0.00010	9760.33 secs	(53.93 secs)	0.022	0.239	0.649
41/30	0.025/0.065	0.00003/0.00010	9819.21 secs	(58.88 secs)	0.036	0.240	0.681
41/30	0.025/0.065	0.00004/0.00010	9883.06 secs	(1.064 mins)	0.045	0.243	0.674
41/30	0.025/0.065	0.00005/0.00010	9950.18 secs	(1.119 mins)	0.056	0.247	0.698
41/30	0.025/0.065	0.00006/0.00010	10020.37 secs	(1.17 mins)	0.068	0.252	0.701

41/30	0.026/0.065	0.00001/0.00010	10069.11 secs	(48.74 secs)	0.012	NaN	NaN
41/30	0.026/0.065	0.00002/0.00010	10124.45 secs	(55.34 secs)	0.023	NaN	NaN
41/30	0.026/0.065	0.00003/0.00010	10183.40 secs	(58.95 secs)	0.037	0.247	0.697
41/30	0.026/0.065	0.00004/0.00010	10246.28 secs	(1.048 mins)	0.045	0.242	0.691
41/30	0.026/0.065	0.00005/0.00010	10316.95 secs	(1.178 mins)	0.060	0.246	0.700
41/30	0.026/0.065	0.00006/0.00010	10390.31 secs	(1.223 mins)	0.071	0.246	0.700

41/30	0.027/0.065	0.00001/0.00010	10439.90 secs	(49.59 secs)	0.012	NaN	NaN
41/30	0.027/0.065	0.00002/0.00010	10495.93 secs	(56.03 secs)	0.025	0.246	0.686
41/30	0.027/0.065	0.00003/0.00010	10556.17 secs	(1.004 mins)	0.035	0.240	0.696
41/30	0.027/0.065	0.00004/0.00010	10621.55 secs	(1.09 mins)	0.046	0.245	0.703
41/30	0.027/0.065	0.00005/0.00010	10690.83 secs	(1.155 mins)	0.058	0.249	0.704
41/30	0.027/0.065	0.00006/0.00010	10768.88 secs	(1.301 mins)	0.071	0.245	0.701

41/30	0.028/0.065	0.00001/0.00010	10818.48 secs	(49.59 secs)	0.013	NaN	NaN
41/30	0.028/0.065	0.00002/0.00010	10874.87 secs	(56.39 secs)	0.026	NaN	NaN
41/30	0.028/0.065	0.00003/0.00010	10935.20 secs	(1.006 mins)	0.036	0.248	0.693
41/30	0.028/0.065	0.00004/0.00010	10998.99 secs	(1.063 mins)	0.047	0.248	0.701
41/30	0.028/0.065	0.00005/0.00010	11067.15 secs	(1.136 mins)	0.060	0.241	0.707
41/30	0.028/0.065	0.00006/0.00010	11140.67 secs	(1.225 mins)	0.072	0.249	0.713

41/30	0.029/0.065	0.00001/0.00010	11191.66 secs	(50.99 secs)	0.014	NaN	NaN
41/30	0.029/0.065	0.00002/0.00010	11246.94 secs	(55.28 secs)	0.024	0.235	0.671
41/30	0.029/0.065	0.00003/0.00010	11307.21 secs	(1.004 mins)	0.039	0.243	0.705
41/30	0.029/0.065	0.00004/0.00010	11371.78 secs	(1.076 mins)	0.050	0.249	0.712
41/30	0.029/0.065	0.00005/0.00010	11441.99 secs	(1.17 mins)	0.060	0.251	0.711
41/30	0.029/0.065	0.00006/0.00010	11516.42 secs	(1.241 mins)	0.072	0.249	0.712

41/30	0.030/0.065	0.00001/0.00010	11566.53 secs	(50.11 secs)	0.015	NaN	NaN
41/30	0.030/0.065	0.00002/0.00010	11622.88 secs	(56.34 secs)	0.026	NaN	NaN
41/30	0.030/0.065	0.00003/0.00010	11682.44 secs	(59.57 secs)	0.037	0.239	0.711
41/30	0.030/0.065	0.00004/0.00010	11747.75 secs	(1.088 mins)	0.047	0.245	0.710
41/30	0.030/0.065	0.00005/0.00010	11821.26 secs	(1.225 mins)	0.060	0.247	0.718
41/30	0.030/0.065	0.00006/0.00010	11896.67 secs	(1.257 mins)	0.071	0.239	0.717

41/30	0.031/0.065	0.00001/0.00010	11946.58 secs	(49.91 secs)	0.013	NaN	NaN
41/30	0.031/0.065	0.00002/0.00010	12002.43 secs	(55.86 secs)	0.027	NaN	NaN
41/30	0.031/0.065	0.00003/0.00010	12062.23 secs	(59.80 secs)	0.038	0.242	0.696
41/30	0.031/0.065	0.00004/0.00010	12126.51 secs	(1.071 mins)	0.051	0.243	0.714
41/30	0.031/0.065	0.00005/0.00010	12196.09 secs	(1.16 mins)	0.064	0.243	0.727
41/30	0.031/0.065	0.00006/0.00010	12270.24 secs	(1.236 mins)	0.072	0.249	0.718

41/30	0.032/0.065	0.00001/0.00010	12319.93 secs	(49.69 secs)	0.013	NaN	NaN
41/30	0.032/0.065	0.00002/0.00010	12376.16 secs	(56.22 secs)	0.026	0.240	0.706
41/30	0.032/0.065	0.00003/0.00010	12436.06 secs	(59.90 secs)	0.038	0.244	0.710
41/30	0.032/0.065	0.00004/0.00010	12500.19 secs	(1.069 mins)	0.050	0.243	0.712
41/30	0.032/0.065	0.00005/0.00010	12570.39 secs	(1.17 mins)	0.063	0.246	0.720
41/30	0.032/0.065	0.00006/0.00010	12645.88 secs	(1.258 mins)	0.075	0.247	0.727

41/30	0.033/0.065	0.00001/0.00010	12695.21 secs	(49.33 secs)	0.013	NaN	NaN
41/30	0.033/0.065	0.00002/0.00010	12750.99 secs	(55.78 secs)	0.028	0.237	0.697
41/30	0.033/0.065	0.00003/0.00010	12811.20 secs	(1.004 mins)	0.040	0.241	0.721
41/30	0.033/0.065	0.00004/0.00010	12877.01 secs	(1.097 mins)	0.055	0.250	0.739
41/30	0.033/0.065	0.00005/0.00010	12947.65 secs	(1.177 mins)	0.063	0.245	0.718
41/30	0.033/0.065	0.00006/0.00010	13021.83 secs	(1.236 mins)	0.076	0.249	0.731

41/30	0.034/0.065	0.00001/0.00010	13072.58 secs	(50.75 secs)	0.014	NaN	NaN
41/30	0.034/0.065	0.00002/0.00010	13127.39 secs	(54.80 secs)	0.027	0.231	0.684
41/30	0.034/0.065	0.00003/0.00010	13190.45 secs	(1.051 mins)	0.041	0.247	0.732
41/30	0.034/0.065	0.00004/0.00010	13257.42 secs	(1.116 mins)	0.053	0.239	0.723
41/30	0.034/0.065	0.00005/0.00010	13329.22 secs	(1.197 mins)	0.066	0.251	0.737
41/30	0.034/0.065	0.00006/0.00010	13407.70 secs	(1.308 mins)	0.076	0.246	0.737

41/30	0.035/0.065	0.00001/0.00010	13457.18 secs	(49.48 secs)	0.014	NaN	NaN
41/30	0.035/0.065	0.00002/0.00010	13513.80 secs	(56.61 secs)	0.029	0.234	0.700
41/30	0.035/0.065	0.00003/0.00010	13575.44 secs	(1.027 mins)	0.041	0.245	0.728
41/30	0.035/0.065	0.00004/0.00010	13642.14 secs	(1.112 mins)	0.054	0.244	0.734
41/30	0.035/0.065	0.00005/0.00010	13713.79 secs	(1.194 mins)	0.067	0.245	0.740
41/30	0.035/0.065	0.00006/0.00010	13791.56 secs	(1.296 mins)	0.081	0.248	0.748

41/30	0.036/0.065	0.00001/0.00010	13842.08 secs	(50.52 secs)	0.014	NaN	NaN
41/30	0.036/0.065	0.00002/0.00010	13899.18 secs	(57.09 secs)	0.028	NaN	NaN
41/30	0.036/0.065	0.00003/0.00010	13961.77 secs	(1.043 mins)	0.041	0.235	0.724
41/30	0.036/0.065	0.00004/0.00010	14027.58 secs	(1.097 mins)	0.052	0.244	0.732
41/30	0.036/0.065	0.00005/0.00010	14101.48 secs	(1.232 mins)	0.070	0.243	0.742
41/30	0.036/0.065	0.00006/0.00010	14179.15 secs	(1.295 mins)	0.080	0.244	0.748

41/30	0.037/0.065	0.00001/0.00010	14229.02 secs	(49.87 secs)	0.016	NaN	NaN
41/30	0.037/0.065	0.00002/0.00010	14289.37 secs	(1.006 mins)	0.030	0.235	0.717
41/30	0.037/0.065	0.00003/0.00010	14354.51 secs	(1.086 mins)	0.045	0.240	0.739
41/30	0.037/0.065	0.00004/0.00010	14424.46 secs	(1.166 mins)	0.058	0.251	0.754
41/30	0.037/0.065	0.00005/0.00010	14497.37 secs	(1.215 mins)	0.069	0.246	0.746
41/30	0.037/0.065	0.00006/0.00010	14577.93 secs	(1.343 mins)	0.083	0.250	0.758

41/30	0.038/0.065	0.00001/0.00010	14635.62 secs	(57.69 secs)	0.015	NaN	NaN
41/30	0.038/0.065	0.00002/0.00010	14702.59 secs	(1.116 mins)	0.030	0.246	0.714
41/30	0.038/0.065	0.00003/0.00010	14775.30 secs	(1.212 mins)	0.044	0.244	0.735
41/30	0.038/0.065	0.00004/0.00010	14846.41 secs	(1.185 mins)	0.054	0.242	0.744
41/30	0.038/0.065	0.00005/0.00010	14922.78 secs	(1.273 mins)	0.073	0.245	0.756
41/30	0.038/0.065	0.00006/0.00010	15000.90 secs	(1.302 mins)	0.084	0.251	0.754

41/30	0.039/0.065	0.00001/0.00010	15051.78 secs	(50.88 secs)	0.016	NaN	NaN
41/30	0.039/0.065	0.00002/0.00010	15109.52 secs	(57.75 secs)	0.030	NaN	NaN
41/30	0.039/0.065	0.00003/0.00010	15171.52 secs	(1.033 mins)	0.045	0.247	0.756
41/30	0.039/0.065	0.00004/0.00010	15240.05 secs	(1.142 mins)	0.059	0.244	0.752
41/30	0.039/0.065	0.00005/0.00010	15314.24 secs	(1.237 mins)	0.072	0.244	0.750
41/30	0.039/0.065	0.00006/0.00010	15393.00 secs	(1.313 mins)	0.087	0.248	0.762

41/30	0.040/0.065	0.00001/0.00010	15446.28 secs	(53.28 secs)	0.017	NaN	NaN
41/30	0.040/0.065	0.00002/0.00010	15505.75 secs	(59.47 secs)	0.031	0.249	0.730
41/30	0.040/0.065	0.00003/0.00010	15571.40 secs	(1.094 mins)	0.044	0.238	0.743
41/30	0.040/0.065	0.00004/0.00010	15644.19 secs	(1.213 mins)	0.062	0.249	0.768
41/30	0.040/0.065	0.00005/0.00010	15716.75 secs	(1.209 mins)	0.073	0.247	0.762
41/30	0.040/0.065	0.00006/0.00010	15798.93 secs	(1.37 mins)	0.092	0.247	0.768



42/30	0.020/0.065	0.00001/0.00010	15846.46 secs	(47.53 secs)	0.010	NaN	NaN
42/30	0.020/0.065	0.00002/0.00010	15900.09 secs	(53.63 secs)	0.022	0.243	0.656
42/30	0.020/0.065	0.00003/0.00010	15958.57 secs	(58.48 secs)	0.033	0.246	0.670
42/30	0.020/0.065	0.00004/0.00010	16019.20 secs	(1.01 mins)	0.041	0.242	0.661
42/30	0.020/0.065	0.00005/0.00010	16086.24 secs	(1.117 mins)	0.053	0.246	0.679
42/30	0.020/0.065	0.00006/0.00010	16156.89 secs	(1.177 mins)	0.063	0.249	0.673

42/30	0.021/0.065	0.00001/0.00010	16205.35 secs	(48.46 secs)	0.010	NaN	NaN
42/30	0.021/0.065	0.00002/0.00010	16259.99 secs	(54.64 secs)	0.022	0.248	0.651
42/30	0.021/0.065	0.00003/0.00010	16319.20 secs	(59.21 secs)	0.031	0.256	0.665
42/30	0.021/0.065	0.00004/0.00010	16383.72 secs	(1.075 mins)	0.042	0.244	0.675
42/30	0.021/0.065	0.00005/0.00010	16452.90 secs	(1.153 mins)	0.053	0.253	0.679
42/30	0.021/0.065	0.00006/0.00010	16524.29 secs	(1.19 mins)	0.064	0.252	0.679

42/30	0.022/0.065	0.00001/0.00010	16574.11 secs	(49.83 secs)	0.011	NaN	NaN
42/30	0.022/0.065	0.00002/0.00010	16627.38 secs	(53.27 secs)	0.023	0.244	0.662
42/30	0.022/0.065	0.00003/0.00010	16685.45 secs	(58.06 secs)	0.034	0.253	0.675
42/30	0.022/0.065	0.00004/0.00010	16749.48 secs	(1.067 mins)	0.046	0.256	0.688
42/30	0.022/0.065	0.00005/0.00010	16816.35 secs	(1.114 mins)	0.056	0.248	0.688
42/30	0.022/0.065	0.00006/0.00010	16887.43 secs	(1.185 mins)	0.065	0.250	0.687

42/30	0.023/0.065	0.00001/0.00010	16936.16 secs	(48.74 secs)	0.011	NaN	NaN
42/30	0.023/0.065	0.00002/0.00010	16991.44 secs	(55.28 secs)	0.025	0.248	0.674
42/30	0.023/0.065	0.00003/0.00010	17050.86 secs	(59.42 secs)	0.034	0.248	0.677
42/30	0.023/0.065	0.00004/0.00010	17114.67 secs	(1.063 mins)	0.044	0.256	0.686
42/30	0.023/0.065	0.00005/0.00010	17180.75 secs	(1.101 mins)	0.057	0.255	0.693
42/30	0.023/0.065	0.00006/0.00010	17251.42 secs	(1.178 mins)	0.067	0.252	0.692

42/30	0.024/0.065	0.00001/0.00010	17300.18 secs	(48.76 secs)	0.012	NaN	NaN
42/30	0.024/0.065	0.00002/0.00010	17355.39 secs	(55.21 secs)	0.024	NaN	NaN
42/30	0.024/0.065	0.00003/0.00010	17413.94 secs	(58.54 secs)	0.035	0.253	0.687
42/30	0.024/0.065	0.00004/0.00010	17477.08 secs	(1.052 mins)	0.046	0.255	0.692
42/30	0.024/0.065	0.00005/0.00010	17545.24 secs	(1.136 mins)	0.058	0.248	0.705
42/30	0.024/0.065	0.00006/0.00010	17615.40 secs	(1.169 mins)	0.067	0.250	0.691

42/30	0.025/0.065	0.00001/0.00010	17664.60 secs	(49.20 secs)	0.012	NaN	NaN
42/30	0.025/0.065	0.00002/0.00010	17718.81 secs	(54.22 secs)	0.022	0.233	0.648
42/30	0.025/0.065	0.00003/0.00010	17777.79 secs	(58.98 secs)	0.035	0.246	0.677
42/30	0.025/0.065	0.00004/0.00010	17844.29 secs	(1.108 mins)	0.046	0.247	0.698
42/30	0.025/0.065	0.00005/0.00010	17910.88 secs	(1.11 mins)	0.055	0.250	0.698
42/30	0.025/0.065	0.00006/0.00010	17981.81 secs	(1.182 mins)	0.068	0.253	0.699

42/30	0.026/0.065	0.00001/0.00010	18031.57 secs	(49.76 secs)	0.012	NaN	NaN
42/30	0.026/0.065	0.00002/0.00010	18087.68 secs	(56.11 secs)	0.024	0.242	0.677
42/30	0.026/0.065	0.00003/0.00010	18147.51 secs	(59.83 secs)	0.036	0.248	0.702
42/30	0.026/0.065	0.00004/0.00010	18211.24 secs	(1.062 mins)	0.047	0.247	0.695
42/30	0.026/0.065	0.00005/0.00010	18280.64 secs	(1.157 mins)	0.059	0.250	0.706
42/30	0.026/0.065	0.00006/0.00010	18353.81 secs	(1.22 mins)	0.072	0.253	0.707

42/30	0.027/0.065	0.00001/0.00010	18403.36 secs	(49.55 secs)	0.011	NaN	NaN
42/30	0.027/0.065	0.00002/0.00010	18458.78 secs	(55.42 secs)	0.026	0.247	0.680
42/30	0.027/0.065	0.00003/0.00010	18522.84 secs	(1.068 mins)	0.038	0.252	0.706
42/30	0.027/0.065	0.00004/0.00010	18588.18 secs	(1.089 mins)	0.048	0.252	0.705
42/30	0.027/0.065	0.00005/0.00010	18657.12 secs	(1.149 mins)	0.059	0.250	0.708
42/30	0.027/0.065	0.00006/0.00010	18729.62 secs	(1.208 mins)	0.073	0.250	0.718

42/30	0.028/0.065	0.00001/0.00010	18779.95 secs	(50.33 secs)	0.012	NaN	NaN
42/30	0.028/0.065	0.00002/0.00010	18833.92 secs	(53.97 secs)	0.025	0.246	0.682
42/30	0.028/0.065	0.00003/0.00010	18893.13 secs	(59.21 secs)	0.038	0.250	0.709
42/30	0.028/0.065	0.00004/0.00010	18956.23 secs	(1.052 mins)	0.047	0.252	0.702
42/30	0.028/0.065	0.00005/0.00010	19025.34 secs	(1.152 mins)	0.061	0.249	0.712
42/30	0.028/0.065	0.00006/0.00010	19102.10 secs	(1.279 mins)	0.070	0.248	0.708

42/30	0.029/0.065	0.00001/0.00010	19152.77 secs	(50.67 secs)	0.012	NaN	NaN
42/30	0.029/0.065	0.00002/0.00010	19207.13 secs	(54.37 secs)	0.024	0.240	0.673
42/30	0.029/0.065	0.00003/0.00010	19270.11 secs	(1.05 mins)	0.038	0.250	0.698
42/30	0.029/0.065	0.00004/0.00010	19334.47 secs	(1.073 mins)	0.050	0.250	0.714
42/30	0.029/0.065	0.00005/0.00010	19404.90 secs	(1.174 mins)	0.065	0.251	0.729
42/30	0.029/0.065	0.00006/0.00010	19479.76 secs	(1.248 mins)	0.077	0.256	0.726

42/30	0.030/0.065	0.00001/0.00010	19528.97 secs	(49.21 secs)	0.012	NaN	NaN
42/30	0.030/0.065	0.00002/0.00010	19586.00 secs	(57.03 secs)	0.027	NaN	NaN
42/30	0.030/0.065	0.00003/0.00010	19645.42 secs	(59.43 secs)	0.038	0.248	0.704
42/30	0.030/0.065	0.00004/0.00010	19710.31 secs	(1.081 mins)	0.049	0.251	0.711
42/30	0.030/0.065	0.00005/0.00010	19779.63 secs	(1.155 mins)	0.060	0.246	0.717
42/30	0.030/0.065	0.00006/0.00010	19859.05 secs	(1.324 mins)	0.077	0.251	0.733

42/30	0.031/0.065	0.00001/0.00010	19908.67 secs	(49.62 secs)	0.014	NaN	NaN
42/30	0.031/0.065	0.00002/0.00010	19964.90 secs	(56.23 secs)	0.028	0.246	0.703
42/30	0.031/0.065	0.00003/0.00010	20025.08 secs	(1.003 mins)	0.038	0.245	0.707
42/30	0.031/0.065	0.00004/0.00010	20090.91 secs	(1.097 mins)	0.050	0.247	0.718
42/30	0.031/0.065	0.00005/0.00010	20163.53 secs	(1.21 mins)	0.065	0.252	0.728
42/30	0.031/0.065	0.00006/0.00010	20240.58 secs	(1.284 mins)	0.078	0.258	0.735

42/30	0.032/0.065	0.00001/0.00010	20291.61 secs	(51.03 secs)	0.014	NaN	NaN
42/30	0.032/0.065	0.00002/0.00010	20349.00 secs	(57.39 secs)	0.025	NaN	NaN
42/30	0.032/0.065	0.00003/0.00010	20409.48 secs	(1.008 mins)	0.040	0.242	0.710
42/30	0.032/0.065	0.00004/0.00010	20475.55 secs	(1.101 mins)	0.053	0.253	0.727
42/30	0.032/0.065	0.00005/0.00010	20546.79 secs	(1.187 mins)	0.066	0.254	0.744
42/30	0.032/0.065	0.00006/0.00010	20623.48 secs	(1.278 mins)	0.077	0.253	0.734

42/30	0.033/0.065	0.00001/0.00010	20671.65 secs	(48.17 secs)	0.012	NaN	NaN
42/30	0.033/0.065	0.00002/0.00010	20728.00 secs	(56.35 secs)	0.027	0.242	0.705
42/30	0.033/0.065	0.00003/0.00010	20790.01 secs	(1.034 mins)	0.041	0.244	0.709
42/30	0.033/0.065	0.00004/0.00010	20856.87 secs	(1.114 mins)	0.054	0.247	0.733
42/30	0.033/0.065	0.00005/0.00010	20929.37 secs	(1.208 mins)	0.069	0.257	0.745
42/30	0.033/0.065	0.00006/0.00010	21003.41 secs	(1.234 mins)	0.077	0.249	0.728

42/30	0.034/0.065	0.00001/0.00010	21054.75 secs	(51.33 secs)	0.015	NaN	NaN
42/30	0.034/0.065	0.00002/0.00010	21110.52 secs	(55.78 secs)	0.028	0.246	0.718
42/30	0.034/0.065	0.00003/0.00010	21175.06 secs	(1.076 mins)	0.042	0.250	0.728
42/30	0.034/0.065	0.00004/0.00010	21247.68 secs	(1.21 mins)	0.057	0.248	0.743
42/30	0.034/0.065	0.00005/0.00010	21323.15 secs	(1.258 mins)	0.068	0.248	0.735
42/30	0.034/0.065	0.00006/0.00010	21397.34 secs	(1.236 mins)	0.076	0.254	0.737

42/30	0.035/0.065	0.00001/0.00010	21447.91 secs	(50.57 secs)	0.015	NaN	NaN
42/30	0.035/0.065	0.00002/0.00010	21505.42 secs	(57.51 secs)	0.028	0.247	0.711
42/30	0.035/0.065	0.00003/0.00010	21568.72 secs	(1.055 mins)	0.045	0.252	0.753
42/30	0.035/0.065	0.00004/0.00010	21636.28 secs	(1.126 mins)	0.056	0.244	0.733
42/30	0.035/0.065	0.00005/0.00010	21709.30 secs	(1.217 mins)	0.069	0.247	0.745
42/30	0.035/0.065	0.00006/0.00010	21785.50 secs	(1.27 mins)	0.080	0.248	0.742

42/30	0.036/0.065	0.00001/0.00010	21834.81 secs	(49.31 secs)	0.014	NaN	NaN
42/30	0.036/0.065	0.00002/0.00010	21892.79 secs	(57.97 secs)	0.031	NaN	NaN
42/30	0.036/0.065	0.00003/0.00010	21955.16 secs	(1.039 mins)	0.045	0.254	0.749
42/30	0.036/0.065	0.00004/0.00010	22023.42 secs	(1.138 mins)	0.058	0.247	0.750
42/30	0.036/0.065	0.00005/0.00010	22096.80 secs	(1.223 mins)	0.072	0.252	0.751
42/30	0.036/0.065	0.00006/0.00010	22174.68 secs	(1.298 mins)	0.082	0.252	0.751

42/30	0.037/0.065	0.00001/0.00010	22225.98 secs	(51.30 secs)	0.014	NaN	NaN
42/30	0.037/0.065	0.00002/0.00010	22283.80 secs	(57.83 secs)	0.031	0.243	0.723
42/30	0.037/0.065	0.00003/0.00010	22345.94 secs	(1.036 mins)	0.045	0.245	0.741
42/30	0.037/0.065	0.00004/0.00010	22416.11 secs	(1.17 mins)	0.058	0.252	0.754
42/30	0.037/0.065	0.00005/0.00010	22491.55 secs	(1.257 mins)	0.073	0.251	0.760
42/30	0.037/0.065	0.00006/0.00010	22570.43 secs	(1.315 mins)	0.087	0.251	0.762

42/30	0.038/0.065	0.00001/0.00010	22620.83 secs	(50.40 secs)	0.015	NaN	NaN
42/30	0.038/0.065	0.00002/0.00010	22677.80 secs	(56.97 secs)	0.029	0.248	0.729
42/30	0.038/0.065	0.00003/0.00010	22741.19 secs	(1.057 mins)	0.045	0.248	0.745
42/30	0.038/0.065	0.00004/0.00010	22811.57 secs	(1.173 mins)	0.061	0.249	0.760
42/30	0.038/0.065	0.00005/0.00010	22885.22 secs	(1.227 mins)	0.074	0.253	0.759
42/30	0.038/0.065	0.00006/0.00010	22966.09 secs	(1.348 mins)	0.090	0.249	0.765

42/30	0.039/0.065	0.00001/0.00010	23017.83 secs	(51.74 secs)	0.015	NaN	NaN
42/30	0.039/0.065	0.00002/0.00010	23076.97 secs	(59.14 secs)	0.032	0.244	0.729
42/30	0.039/0.065	0.00003/0.00010	23139.68 secs	(1.045 mins)	0.044	0.247	0.749
42/30	0.039/0.065	0.00004/0.00010	23207.48 secs	(1.13 mins)	0.060	0.246	0.752
42/30	0.039/0.065	0.00005/0.00010	23280.33 secs	(1.214 mins)	0.069	0.246	0.746
42/30	0.039/0.065	0.00006/0.00010	23361.98 secs	(1.361 mins)	0.089	0.253	0.765

42/30	0.040/0.065	0.00001/0.00010	23413.82 secs	(51.83 secs)	0.016	NaN	NaN
42/30	0.040/0.065	0.00002/0.00010	23472.96 secs	(59.15 secs)	0.034	0.238	0.737
42/30	0.040/0.065	0.00003/0.00010	23537.58 secs	(1.077 mins)	0.045	0.247	0.758
42/30	0.040/0.065	0.00004/0.00010	23606.24 secs	(1.144 mins)	0.059	0.251	0.757
42/30	0.040/0.065	0.00005/0.00010	23683.16 secs	(1.282 mins)	0.080	0.252	0.776
42/30	0.040/0.065	0.00006/0.00010	23770.15 secs	(1.45 mins)	0.089	0.251	0.768



43/30	0.020/0.065	0.00001/0.00010	23820.76 secs	(50.61 secs)	0.011	NaN	NaN
43/30	0.020/0.065	0.00002/0.00010	23877.39 secs	(56.63 secs)	0.021	0.244	0.644
43/30	0.020/0.065	0.00003/0.00010	23936.38 secs	(59.00 secs)	0.033	0.259	0.673
43/30	0.020/0.065	0.00004/0.00010	24000.99 secs	(1.077 mins)	0.043	0.250	0.680
43/30	0.020/0.065	0.00005/0.00010	24071.69 secs	(1.178 mins)	0.054	0.262	0.688
43/30	0.020/0.065	0.00006/0.00010	24145.41 secs	(1.229 mins)	0.065	0.259	0.689

43/30	0.021/0.065	0.00001/0.00010	24194.91 secs	(49.50 secs)	0.012	NaN	NaN
43/30	0.021/0.065	0.00002/0.00010	24249.34 secs	(54.43 secs)	0.020	NaN	NaN
43/30	0.021/0.065	0.00003/0.00010	24311.47 secs	(1.036 mins)	0.032	0.247	0.662
43/30	0.021/0.065	0.00004/0.00010	24376.60 secs	(1.085 mins)	0.044	0.252	0.678
43/30	0.021/0.065	0.00005/0.00010	24446.93 secs	(1.172 mins)	0.055	0.257	0.685
43/30	0.021/0.065	0.00006/0.00010	24520.95 secs	(1.234 mins)	0.063	0.252	0.680

43/30	0.022/0.065	0.00001/0.00010	24571.63 secs	(50.68 secs)	0.012	NaN	NaN
43/30	0.022/0.065	0.00002/0.00010	24626.37 secs	(54.74 secs)	0.023	0.251	0.669
43/30	0.022/0.065	0.00003/0.00010	24685.85 secs	(59.49 secs)	0.034	0.247	0.663
43/30	0.022/0.065	0.00004/0.00010	24748.93 secs	(1.051 mins)	0.047	0.251	0.688
43/30	0.022/0.065	0.00005/0.00010	24816.58 secs	(1.127 mins)	0.056	0.255	0.686
43/30	0.022/0.065	0.00006/0.00010	24886.41 secs	(1.164 mins)	0.067	0.259	0.692

43/30	0.023/0.065	0.00001/0.00010	24936.75 secs	(50.34 secs)	0.012	NaN	NaN
43/30	0.023/0.065	0.00002/0.00010	24993.56 secs	(56.82 secs)	0.022	0.253	0.657
43/30	0.023/0.065	0.00003/0.00010	25053.02 secs	(59.46 secs)	0.033	0.253	0.674
43/30	0.023/0.065	0.00004/0.00010	25118.60 secs	(1.093 mins)	0.046	0.260	0.692
43/30	0.023/0.065	0.00005/0.00010	25187.92 secs	(1.155 mins)	0.056	0.258	0.693
43/30	0.023/0.065	0.00006/0.00010	25259.78 secs	(1.198 mins)	0.065	0.259	0.695

43/30	0.024/0.065	0.00001/0.00010	25307.38 secs	(47.60 secs)	0.011	NaN	NaN
43/30	0.024/0.065	0.00002/0.00010	25363.71 secs	(56.33 secs)	0.023	0.246	0.672
43/30	0.024/0.065	0.00003/0.00010	25423.93 secs	(1.004 mins)	0.035	0.253	0.683
43/30	0.024/0.065	0.00004/0.00010	25485.82 secs	(1.031 mins)	0.046	0.257	0.697
43/30	0.024/0.065	0.00005/0.00010	25554.60 secs	(1.146 mins)	0.060	0.261	0.708
43/30	0.024/0.065	0.00006/0.00010	25627.56 secs	(1.216 mins)	0.069	0.258	0.708

43/30	0.025/0.065	0.00001/0.00010	25676.19 secs	(48.63 secs)	0.011	NaN	NaN
43/30	0.025/0.065	0.00002/0.00010	25731.23 secs	(55.04 secs)	0.023	0.248	0.667
43/30	0.025/0.065	0.00003/0.00010	25793.32 secs	(1.035 mins)	0.036	0.259	0.696
43/30	0.025/0.065	0.00004/0.00010	25855.88 secs	(1.043 mins)	0.045	0.250	0.690
43/30	0.025/0.065	0.00005/0.00010	25923.21 secs	(1.122 mins)	0.056	0.251	0.700
43/30	0.025/0.065	0.00006/0.00010	25994.74 secs	(1.192 mins)	0.070	0.259	0.711

43/30	0.026/0.065	0.00001/0.00010	26044.56 secs	(49.81 secs)	0.012	NaN	NaN
43/30	0.026/0.065	0.00002/0.00010	26099.91 secs	(55.36 secs)	0.023	0.253	0.667
43/30	0.026/0.065	0.00003/0.00010	26161.80 secs	(1.031 mins)	0.036	0.258	0.702
43/30	0.026/0.065	0.00004/0.00010	26225.65 secs	(1.064 mins)	0.047	0.254	0.697
43/30	0.026/0.065	0.00005/0.00010	26295.48 secs	(1.164 mins)	0.062	0.257	0.720
43/30	0.026/0.065	0.00006/0.00010	26367.39 secs	(1.198 mins)	0.068	0.258	0.708

43/30	0.027/0.065	0.00001/0.00010	26416.79 secs	(49.40 secs)	0.013	NaN	NaN
43/30	0.027/0.065	0.00002/0.00010	26472.67 secs	(55.88 secs)	0.023	0.248	0.666
43/30	0.027/0.065	0.00003/0.00010	26533.08 secs	(1.007 mins)	0.037	0.253	0.702
43/30	0.027/0.065	0.00004/0.00010	26598.90 secs	(1.097 mins)	0.048	0.257	0.708
43/30	0.027/0.065	0.00005/0.00010	26667.20 secs	(1.138 mins)	0.061	0.258	0.718
43/30	0.027/0.065	0.00006/0.00010	26741.43 secs	(1.237 mins)	0.074	0.256	0.718

43/30	0.028/0.065	0.00001/0.00010	26793.62 secs	(52.19 secs)	0.013	NaN	NaN
43/30	0.028/0.065	0.00002/0.00010	26851.02 secs	(57.41 secs)	0.027	0.259	0.702
43/30	0.028/0.065	0.00003/0.00010	26911.48 secs	(1.008 mins)	0.037	0.247	0.704
43/30	0.028/0.065	0.00004/0.00010	26976.14 secs	(1.078 mins)	0.050	0.259	0.716
43/30	0.028/0.065	0.00005/0.00010	27046.56 secs	(1.174 mins)	0.062	0.258	0.727
43/30	0.028/0.065	0.00006/0.00010	27122.20 secs	(1.261 mins)	0.073	0.256	0.717

43/30	0.029/0.065	0.00001/0.00010	27172.59 secs	(50.39 secs)	0.013	NaN	NaN
43/30	0.029/0.065	0.00002/0.00010	27227.43 secs	(54.84 secs)	0.024	0.240	0.662
43/30	0.029/0.065	0.00003/0.00010	27286.95 secs	(59.52 secs)	0.039	0.259	0.725
43/30	0.029/0.065	0.00004/0.00010	27352.95 secs	(1.10 mins)	0.049	0.254	0.712
43/30	0.029/0.065	0.00005/0.00010	27423.97 secs	(1.184 mins)	0.062	0.259	0.720
43/30	0.029/0.065	0.00006/0.00010	27498.24 secs	(1.238 mins)	0.073	0.256	0.723

43/30	0.030/0.065	0.00001/0.00010	27549.51 secs	(51.28 secs)	0.015	NaN	NaN
43/30	0.030/0.065	0.00002/0.00010	27606.34 secs	(56.83 secs)	0.030	0.250	0.709
43/30	0.030/0.065	0.00003/0.00010	27666.23 secs	(59.89 secs)	0.039	0.254	0.711
43/30	0.030/0.065	0.00004/0.00010	27730.82 secs	(1.077 mins)	0.050	0.251	0.720
43/30	0.030/0.065	0.00005/0.00010	27800.93 secs	(1.168 mins)	0.063	0.256	0.731
43/30	0.030/0.065	0.00006/0.00010	27876.45 secs	(1.259 mins)	0.078	0.258	0.736

43/30	0.031/0.065	0.00001/0.00010	27929.54 secs	(53.10 secs)	0.015	NaN	NaN
43/30	0.031/0.065	0.00002/0.00010	27984.50 secs	(54.95 secs)	0.027	0.248	0.706
43/30	0.031/0.065	0.00003/0.00010	28044.94 secs	(1.007 mins)	0.039	0.257	0.717
43/30	0.031/0.065	0.00004/0.00010	28111.49 secs	(1.109 mins)	0.052	0.256	0.726
43/30	0.031/0.065	0.00005/0.00010	28182.88 secs	(1.19 mins)	0.063	0.251	0.728
43/30	0.031/0.065	0.00006/0.00010	28260.72 secs	(1.297 mins)	0.074	0.251	0.724

43/30	0.032/0.065	0.00001/0.00010	28311.79 secs	(51.07 secs)	0.014	NaN	NaN
43/30	0.032/0.065	0.00002/0.00010	28367.20 secs	(55.40 secs)	0.027	NaN	NaN
43/30	0.032/0.065	0.00003/0.00010	28428.63 secs	(1.024 mins)	0.040	0.254	0.721
43/30	0.032/0.065	0.00004/0.00010	28493.73 secs	(1.085 mins)	0.054	NaN	NaN
43/30	0.032/0.065	0.00005/0.00010	28564.75 secs	(1.184 mins)	0.067	0.256	0.739
43/30	0.032/0.065	0.00006/0.00010	28643.38 secs	(1.31 mins)	0.079	0.254	0.736

43/30	0.033/0.065	0.00001/0.00010	28694.30 secs	(50.92 secs)	0.014	NaN	NaN
43/30	0.033/0.065	0.00002/0.00010	28753.74 secs	(59.44 secs)	0.029	0.249	0.716
43/30	0.033/0.065	0.00003/0.00010	28814.60 secs	(1.014 mins)	0.040	0.251	0.729
43/30	0.033/0.065	0.00004/0.00010	28883.12 secs	(1.142 mins)	0.057	0.262	0.741
43/30	0.033/0.065	0.00005/0.00010	28960.15 secs	(1.284 mins)	0.072	0.259	0.748
43/30	0.033/0.065	0.00006/0.00010	29037.08 secs	(1.282 mins)	0.079	0.255	0.742

43/30	0.034/0.065	0.00001/0.00010	29087.99 secs	(50.90 secs)	0.015	NaN	NaN
43/30	0.034/0.065	0.00002/0.00010	29145.65 secs	(57.66 secs)	0.029	0.251	0.706
43/30	0.034/0.065	0.00003/0.00010	29209.65 secs	(1.067 mins)	0.044	0.250	0.735
43/30	0.034/0.065	0.00004/0.00010	29275.87 secs	(1.104 mins)	0.055	0.253	0.731
43/30	0.034/0.065	0.00005/0.00010	29348.79 secs	(1.215 mins)	0.073	0.260	0.754
43/30	0.034/0.065	0.00006/0.00010	29427.64 secs	(1.314 mins)	0.080	0.257	0.743

43/30	0.035/0.065	0.00001/0.00010	29478.68 secs	(51.04 secs)	0.015	NaN	NaN
43/30	0.035/0.065	0.00002/0.00010	29536.52 secs	(57.83 secs)	0.032	NaN	NaN
43/30	0.035/0.065	0.00003/0.00010	29599.16 secs	(1.044 mins)	0.041	0.258	0.726
43/30	0.035/0.065	0.00004/0.00010	29669.54 secs	(1.173 mins)	0.057	0.257	0.743
43/30	0.035/0.065	0.00005/0.00010	29743.35 secs	(1.23 mins)	0.070	0.259	0.749
43/30	0.035/0.065	0.00006/0.00010	29823.68 secs	(1.339 mins)	0.086	0.253	0.752

43/30	0.036/0.065	0.00001/0.00010	29875.35 secs	(51.67 secs)	0.016	NaN	NaN
43/30	0.036/0.065	0.00002/0.00010	29931.64 secs	(56.29 secs)	0.031	0.254	0.717
43/30	0.036/0.065	0.00003/0.00010	29996.73 secs	(1.085 mins)	0.043	0.256	0.733
43/30	0.036/0.065	0.00004/0.00010	30064.83 secs	(1.135 mins)	0.058	0.254	0.743
43/30	0.036/0.065	0.00005/0.00010	30139.81 secs	(1.25 mins)	0.071	0.256	0.758
43/30	0.036/0.065	0.00006/0.00010	30219.35 secs	(1.326 mins)	0.085	0.254	0.753

43/30	0.037/0.065	0.00001/0.00010	30270.22 secs	(50.87 secs)	0.016	NaN	NaN
43/30	0.037/0.065	0.00002/0.00010	30329.65 secs	(59.42 secs)	0.032	0.246	0.731
43/30	0.037/0.065	0.00003/0.00010	30393.03 secs	(1.056 mins)	0.044	0.251	0.741
43/30	0.037/0.065	0.00004/0.00010	30461.42 secs	(1.14 mins)	0.061	0.258	0.757
43/30	0.037/0.065	0.00005/0.00010	30536.15 secs	(1.245 mins)	0.076	0.257	0.764
43/30	0.037/0.065	0.00006/0.00010	30617.16 secs	(1.35 mins)	0.088	0.258	0.763

43/30	0.038/0.065	0.00001/0.00010	30669.55 secs	(52.39 secs)	0.015	NaN	NaN
43/30	0.038/0.065	0.00002/0.00010	30728.91 secs	(59.37 secs)	0.033	0.252	0.750
43/30	0.038/0.065	0.00003/0.00010	30793.74 secs	(1.08 mins)	0.046	0.254	0.758
43/30	0.038/0.065	0.00004/0.00010	30863.05 secs	(1.155 mins)	0.059	0.256	0.757
43/30	0.038/0.065	0.00005/0.00010	30941.05 secs	(1.30 mins)	0.075	0.261	0.768
43/30	0.038/0.065	0.00006/0.00010	31018.88 secs	(1.297 mins)	0.085	0.258	0.760

43/30	0.039/0.065	0.00001/0.00010	31069.97 secs	(51.09 secs)	0.016	NaN	NaN
43/30	0.039/0.065	0.00002/0.00010	31129.45 secs	(59.49 secs)	0.032	NaN	NaN
43/30	0.039/0.065	0.00003/0.00010	31195.56 secs	(1.102 mins)	0.049	0.252	0.758
43/30	0.039/0.065	0.00004/0.00010	31264.21 secs	(1.144 mins)	0.060	0.247	0.752
43/30	0.039/0.065	0.00005/0.00010	31338.41 secs	(1.237 mins)	0.076	0.254	0.766
43/30	0.039/0.065	0.00006/0.00010	31419.49 secs	(1.351 mins)	0.089	0.257	0.766

43/30	0.040/0.065	0.00001/0.00010	31470.67 secs	(51.17 secs)	0.017	NaN	NaN
43/30	0.040/0.065	0.00002/0.00010	31532.75 secs	(1.035 mins)	0.033	0.246	0.751
43/30	0.040/0.065	0.00003/0.00010	31597.99 secs	(1.087 mins)	0.046	0.252	0.757
43/30	0.040/0.065	0.00004/0.00010	31668.55 secs	(1.176 mins)	0.064	0.252	0.770
43/30	0.040/0.065	0.00005/0.00010	31744.71 secs	(1.269 mins)	0.077	0.261	0.771
43/30	0.040/0.065	0.00006/0.00010	31826.07 secs	(1.356 mins)	0.092	0.257	0.773



44/30	0.020/0.065	0.00001/0.00010	31874.67 secs	(48.60 secs)	0.010	NaN	NaN
44/30	0.020/0.065	0.00002/0.00010	31928.52 secs	(53.85 secs)	0.022	NaN	NaN
44/30	0.020/0.065	0.00003/0.00010	31987.14 secs	(58.62 secs)	0.033	0.263	0.672
44/30	0.020/0.065	0.00004/0.00010	32050.87 secs	(1.062 mins)	0.045	0.261	0.681
44/30	0.020/0.065	0.00005/0.00010	32116.13 secs	(1.088 mins)	0.054	0.260	0.693
44/30	0.020/0.065	0.00006/0.00010	32187.64 secs	(1.192 mins)	0.063	0.263	0.686

44/30	0.021/0.065	0.00001/0.00010	32235.22 secs	(47.58 secs)	0.011	NaN	NaN
44/30	0.021/0.065	0.00002/0.00010	32290.07 secs	(54.86 secs)	0.023	0.257	0.650
44/30	0.021/0.065	0.00003/0.00010	32348.98 secs	(58.91 secs)	0.034	0.260	0.680
44/30	0.021/0.065	0.00004/0.00010	32412.15 secs	(1.053 mins)	0.047	0.259	0.692
44/30	0.021/0.065	0.00005/0.00010	32480.59 secs	(1.141 mins)	0.057	0.267	0.704
44/30	0.021/0.065	0.00006/0.00010	32552.35 secs	(1.196 mins)	0.066	0.259	0.696

44/30	0.022/0.065	0.00001/0.00010	32600.24 secs	(47.89 secs)	0.011	NaN	NaN
44/30	0.022/0.065	0.00002/0.00010	32654.09 secs	(53.85 secs)	0.023	0.253	0.664
44/30	0.022/0.065	0.00003/0.00010	32713.83 secs	(59.74 secs)	0.036	0.262	0.694
44/30	0.022/0.065	0.00004/0.00010	32777.77 secs	(1.066 mins)	0.045	0.261	0.697
44/30	0.022/0.065	0.00005/0.00010	32846.61 secs	(1.147 mins)	0.056	0.260	0.694
44/30	0.022/0.065	0.00006/0.00010	32921.20 secs	(1.243 mins)	0.066	0.264	0.697

44/30	0.023/0.065	0.00001/0.00010	32970.97 secs	(49.77 secs)	0.012	NaN	NaN
44/30	0.023/0.065	0.00002/0.00010	33026.00 secs	(55.03 secs)	0.023	0.258	0.670
44/30	0.023/0.065	0.00003/0.00010	33087.47 secs	(1.025 mins)	0.036	0.268	0.702
44/30	0.023/0.065	0.00004/0.00010	33150.56 secs	(1.052 mins)	0.046	0.262	0.692
44/30	0.023/0.065	0.00005/0.00010	33218.82 secs	(1.138 mins)	0.058	0.266	0.706
44/30	0.023/0.065	0.00006/0.00010	33291.71 secs	(1.215 mins)	0.068	0.262	0.707

44/30	0.024/0.065	0.00001/0.00010	33343.45 secs	(51.74 secs)	0.012	NaN	NaN
44/30	0.024/0.065	0.00002/0.00010	33406.30 secs	(1.048 mins)	0.025	0.263	0.686
44/30	0.024/0.065	0.00003/0.00010	33468.46 secs	(1.036 mins)	0.036	0.264	0.699
44/30	0.024/0.065	0.00004/0.00010	33537.87 secs	(1.157 mins)	0.047	0.261	0.705
44/30	0.024/0.065	0.00005/0.00010	33610.74 secs	(1.214 mins)	0.060	0.260	0.704
44/30	0.024/0.065	0.00006/0.00010	33687.23 secs	(1.275 mins)	0.069	0.263	0.698

44/30	0.025/0.065	0.00001/0.00010	33739.61 secs	(52.38 secs)	0.014	NaN	NaN
44/30	0.025/0.065	0.00002/0.00010	33798.47 secs	(58.86 secs)	0.026	0.260	0.674
44/30	0.025/0.065	0.00003/0.00010	33857.63 secs	(59.16 secs)	0.035	0.259	0.699
44/30	0.025/0.065	0.00004/0.00010	33922.03 secs	(1.073 mins)	0.048	0.259	0.702
44/30	0.025/0.065	0.00005/0.00010	33988.17 secs	(1.102 mins)	0.057	0.261	0.704
44/30	0.025/0.065	0.00006/0.00010	34059.39 secs	(1.187 mins)	0.068	0.257	0.703

44/30	0.026/0.065	0.00001/0.00010	34108.75 secs	(49.36 secs)	0.012	NaN	NaN
44/30	0.026/0.065	0.00002/0.00010	34163.85 secs	(55.10 secs)	0.025	0.253	0.684
44/30	0.026/0.065	0.00003/0.00010	34223.66 secs	(59.81 secs)	0.036	0.263	0.705
44/30	0.026/0.065	0.00004/0.00010	34288.54 secs	(1.081 mins)	0.050	0.263	0.708
44/30	0.026/0.065	0.00005/0.00010	34357.09 secs	(1.142 mins)	0.062	0.258	0.715
44/30	0.026/0.065	0.00006/0.00010	34432.00 secs	(1.249 mins)	0.075	0.260	0.722

44/30	0.027/0.065	0.00001/0.00010	34484.24 secs	(52.23 secs)	0.014	NaN	NaN
44/30	0.027/0.065	0.00002/0.00010	34541.20 secs	(56.96 secs)	0.026	0.253	0.682
44/30	0.027/0.065	0.00003/0.00010	34606.58 secs	(1.09 mins)	0.040	0.264	0.715
44/30	0.027/0.065	0.00004/0.00010	34678.29 secs	(1.195 mins)	0.050	0.258	0.713
44/30	0.027/0.065	0.00005/0.00010	34750.93 secs	(1.211 mins)	0.063	0.261	0.723
44/30	0.027/0.065	0.00006/0.00010	34830.24 secs	(1.322 mins)	0.074	0.258	0.718

44/30	0.028/0.065	0.00001/0.00010	34882.32 secs	(52.08 secs)	0.012	NaN	NaN
44/30	0.028/0.065	0.00002/0.00010	34940.81 secs	(58.50 secs)	0.027	NaN	NaN
44/30	0.028/0.065	0.00003/0.00010	35003.15 secs	(1.039 mins)	0.037	0.257	0.713
44/30	0.028/0.065	0.00004/0.00010	35071.07 secs	(1.132 mins)	0.050	0.256	0.717
44/30	0.028/0.065	0.00005/0.00010	35146.40 secs	(1.256 mins)	0.062	0.263	0.727
44/30	0.028/0.065	0.00006/0.00010	35222.97 secs	(1.276 mins)	0.076	0.260	0.728

44/30	0.029/0.065	0.00001/0.00010	35277.54 secs	(54.57 secs)	0.015	NaN	NaN
44/30	0.029/0.065	0.00002/0.00010	35335.39 secs	(57.85 secs)	0.027	0.247	0.692
44/30	0.029/0.065	0.00003/0.00010	35401.64 secs	(1.104 mins)	0.042	0.252	0.722
44/30	0.029/0.065	0.00004/0.00010	35472.99 secs	(1.189 mins)	0.051	0.255	0.719
44/30	0.029/0.065	0.00005/0.00010	35547.34 secs	(1.239 mins)	0.063	0.258	0.725
44/30	0.029/0.065	0.00006/0.00010	35629.13 secs	(1.363 mins)	0.077	0.262	0.733

44/30	0.030/0.065	0.00001/0.00010	35682.04 secs	(52.91 secs)	0.011	NaN	NaN
44/30	0.030/0.065	0.00002/0.00010	35740.59 secs	(58.55 secs)	0.026	0.261	0.697
44/30	0.030/0.065	0.00003/0.00010	35804.52 secs	(1.065 mins)	0.039	0.256	0.724
44/30	0.030/0.065	0.00004/0.00010	35873.18 secs	(1.144 mins)	0.053	0.263	0.735
44/30	0.030/0.065	0.00005/0.00010	35945.13 secs	(1.199 mins)	0.064	0.264	0.733
44/30	0.030/0.065	0.00006/0.00010	36022.70 secs	(1.293 mins)	0.079	0.262	0.738

44/30	0.031/0.065	0.00001/0.00010	36074.05 secs	(51.35 secs)	0.016	NaN	NaN
44/30	0.031/0.065	0.00002/0.00010	36132.07 secs	(58.02 secs)	0.026	0.251	0.712
44/30	0.031/0.065	0.00003/0.00010	36195.47 secs	(1.057 mins)	0.042	0.268	0.742
44/30	0.031/0.065	0.00004/0.00010	36261.99 secs	(1.109 mins)	0.053	0.254	0.725
44/30	0.031/0.065	0.00005/0.00010	36334.57 secs	(1.21 mins)	0.069	0.260	0.746
44/30	0.031/0.065	0.00006/0.00010	36411.09 secs	(1.275 mins)	0.079	0.260	0.743

44/30	0.032/0.065	0.00001/0.00010	36461.73 secs	(50.64 secs)	0.014	NaN	NaN
44/30	0.032/0.065	0.00002/0.00010	36520.23 secs	(58.50 secs)	0.028	0.244	0.684
44/30	0.032/0.065	0.00003/0.00010	36585.69 secs	(1.091 mins)	0.042	0.259	0.735
44/30	0.032/0.065	0.00004/0.00010	36651.95 secs	(1.104 mins)	0.051	0.261	0.730
44/30	0.032/0.065	0.00005/0.00010	36722.94 secs	(1.183 mins)	0.066	0.258	0.739
44/30	0.032/0.065	0.00006/0.00010	36796.59 secs	(1.228 mins)	0.077	0.257	0.739

44/30	0.033/0.065	0.00001/0.00010	36847.80 secs	(51.21 secs)	0.014	NaN	NaN
44/30	0.033/0.065	0.00002/0.00010	36905.80 secs	(57.99 secs)	0.030	0.254	0.716
44/30	0.033/0.065	0.00003/0.00010	36968.75 secs	(1.049 mins)	0.042	0.257	0.734
44/30	0.033/0.065	0.00004/0.00010	37035.73 secs	(1.116 mins)	0.056	0.263	0.753
44/30	0.033/0.065	0.00005/0.00010	37108.52 secs	(1.213 mins)	0.067	0.262	0.749
44/30	0.033/0.065	0.00006/0.00010	37185.26 secs	(1.279 mins)	0.081	0.263	0.750

44/30	0.034/0.065	0.00001/0.00010	37235.40 secs	(50.14 secs)	0.014	NaN	NaN
44/30	0.034/0.065	0.00002/0.00010	37294.01 secs	(58.62 secs)	0.030	0.261	0.721
44/30	0.034/0.065	0.00003/0.00010	37354.89 secs	(1.015 mins)	0.041	0.255	0.726
44/30	0.034/0.065	0.00004/0.00010	37422.04 secs	(1.119 mins)	0.056	0.260	0.744
44/30	0.034/0.065	0.00005/0.00010	37497.96 secs	(1.265 mins)	0.072	0.261	0.756
44/30	0.034/0.065	0.00006/0.00010	37575.48 secs	(1.292 mins)	0.084	0.261	0.752

44/30	0.035/0.065	0.00001/0.00010	37627.08 secs	(51.60 secs)	0.015	NaN	NaN
44/30	0.035/0.065	0.00002/0.00010	37684.82 secs	(57.74 secs)	0.029	0.260	0.718
44/30	0.035/0.065	0.00003/0.00010	37748.99 secs	(1.069 mins)	0.044	0.255	0.750
44/30	0.035/0.065	0.00004/0.00010	37818.78 secs	(1.163 mins)	0.059	0.262	0.757
44/30	0.035/0.065	0.00005/0.00010	37895.25 secs	(1.275 mins)	0.071	0.260	0.757
44/30	0.035/0.065	0.00006/0.00010	37974.12 secs	(1.315 mins)	0.086	0.263	0.763

44/30	0.036/0.065	0.00001/0.00010	38025.57 secs	(51.45 secs)	0.015	NaN	NaN
44/30	0.036/0.065	0.00002/0.00010	38082.67 secs	(57.10 secs)	0.031	0.256	0.724
44/30	0.036/0.065	0.00003/0.00010	38146.93 secs	(1.071 mins)	0.045	0.263	0.756
44/30	0.036/0.065	0.00004/0.00010	38218.44 secs	(1.192 mins)	0.061	0.262	0.766
44/30	0.036/0.065	0.00005/0.00010	38294.63 secs	(1.27 mins)	0.073	0.261	0.760
44/30	0.036/0.065	0.00006/0.00010	38376.40 secs	(1.363 mins)	0.092	0.263	0.769

44/30	0.037/0.065	0.00001/0.00010	38426.92 secs	(50.52 secs)	0.017	NaN	NaN
44/30	0.037/0.065	0.00002/0.00010	38486.34 secs	(59.43 secs)	0.032	0.261	0.735
44/30	0.037/0.065	0.00003/0.00010	38551.13 secs	(1.08 mins)	0.045	0.251	0.743
44/30	0.037/0.065	0.00004/0.00010	38619.81 secs	(1.145 mins)	0.057	0.258	0.754
44/30	0.037/0.065	0.00005/0.00010	38695.11 secs	(1.255 mins)	0.071	0.260	0.754
44/30	0.037/0.065	0.00006/0.00010	38776.85 secs	(1.362 mins)	0.091	0.262	0.772

44/30	0.038/0.065	0.00001/0.00010	38829.35 secs	(52.50 secs)	0.017	NaN	NaN
44/30	0.038/0.065	0.00002/0.00010	38887.21 secs	(57.86 secs)	0.031	0.246	0.734
44/30	0.038/0.065	0.00003/0.00010	38950.44 secs	(1.054 mins)	0.048	0.251	0.755
44/30	0.038/0.065	0.00004/0.00010	39023.60 secs	(1.219 mins)	0.066	0.265	0.777
44/30	0.038/0.065	0.00005/0.00010	39099.58 secs	(1.266 mins)	0.074	0.259	0.766
44/30	0.038/0.065	0.00006/0.00010	39179.69 secs	(1.335 mins)	0.091	0.265	0.777

44/30	0.039/0.065	0.00001/0.00010	39233.54 secs	(53.85 secs)	0.019	NaN	NaN
44/30	0.039/0.065	0.00002/0.00010	39293.00 secs	(59.46 secs)	0.034	0.263	0.756
44/30	0.039/0.065	0.00003/0.00010	39355.72 secs	(1.045 mins)	0.046	0.261	0.755
44/30	0.039/0.065	0.00004/0.00010	39428.43 secs	(1.212 mins)	0.064	0.258	0.778
44/30	0.039/0.065	0.00005/0.00010	39509.69 secs	(1.354 mins)	0.083	0.266	0.788
44/30	0.039/0.065	0.00006/0.00010	39589.52 secs	(1.33 mins)	0.093	0.258	0.773

44/30	0.040/0.065	0.00001/0.00010	39641.60 secs	(52.09 secs)	0.018	NaN	NaN
44/30	0.040/0.065	0.00002/0.00010	39703.50 secs	(1.032 mins)	0.033	0.256	0.743
44/30	0.040/0.065	0.00003/0.00010	39768.39 secs	(1.082 mins)	0.047	0.259	0.761
44/30	0.040/0.065	0.00004/0.00010	39837.58 secs	(1.153 mins)	0.066	0.266	0.776
44/30	0.040/0.065	0.00005/0.00010	39914.85 secs	(1.288 mins)	0.079	0.263	0.776
44/30	0.040/0.065	0.00006/0.00010	39995.74 secs	(1.348 mins)	0.094	0.262	0.781



> 
> proc.time()
      user     system    elapsed 
1060368.59   25257.16   40174.84 
