
R version 4.3.0 (2023-04-21) -- "Already Tomorrow"
Copyright (C) 2023 The R Foundation for Statistical Computing
Platform: x86_64-pc-linux-gnu (64-bit)

R is free software and comes with ABSOLUTELY NO WARRANTY.
You are welcome to redistribute it under certain conditions.
Type 'license()' or 'licence()' for distribution details.

  Natural language support but running in an English locale

R is a collaborative project with many contributors.
Type 'contributors()' for more information and
'citation()' on how to cite R or R packages in publications.

Type 'demo()' for some demos, 'help()' for on-line help, or
'help.start()' for an HTML browser interface to help.
Type 'q()' to quit R.

> rm(list = ls())
> gc()
         used (Mb) gc trigger (Mb) max used (Mb)
Ncells 284765 15.3     664565 35.5   464468 24.9
Vcells 490458  3.8    8388608 64.0  1837328 14.1
> library(dplyr)

Attaching package: ‘dplyr’

The following objects are masked from ‘package:stats’:

    filter, lag

The following objects are masked from ‘package:base’:

    intersect, setdiff, setequal, union

> library(readr)
> library(foreach)
> library(doParallel)
Loading required package: iterators
Loading required package: parallel
> 
> # Set up the number of cores used for parallelization.
> message(detectCores())
32
> num_cores <- 32
> registerDoParallel(num_cores)
> 
> #########################
> #### SEIR Simulation ####
> #########################
> time <- 365 # Number of days.
> inf <- 7 # Average infectious period length.
> N <- 1000 # Population size.
> 
> create_hh <- function() {
+   # Randomly sample household sizes such that total population is 1000 
+   # individuals.
+   hh_size <- sample(x = c(3, 4, 5, 6), size = 340, replace = T)
+   
+   # Keep households such that total population is < 1000.
+   hh_size <- hh_size[which(cumsum(hh_size) < N)]
+   
+   leftover <- N - sum(hh_size)
+   if (leftover < 3) {
+     hh <- 1:length(hh_size)
+     sampled <- sample(hh[hh_size < 6], leftover)
+     hh_size[sampled] <- hh_size[sampled] + 1
+   } else {
+     hh_size <- c(hh_size, leftover)
+   }
+   return(hh_size)
+ }
> 
> SEIR_mix <- function(params, inf = 7, verbose = F) {
+   hh_size <- create_hh()
+   
+   # Create frame for running the simulation.
+   # ID: ID of individual.
+   # SIZE: size of individual's household.
+   # HH: ID of individual's household.
+   # S: susceptibility status.
+   # E: exposed status.
+   # E_count: number of days since exposed.
+   # I: infectious status.
+   # I_count: number of days since infectious.
+   # R: recovered status.
+   # INC: incubation period.
+   # INF: infectious period.
+   data <- data.frame(ID = 1:N,
+                      SIZE = rep(hh_size, times = hh_size),
+                      HH = rep(1:length(hh_size), times = hh_size), 
+                      S = c(0, rep(1, N - 1)), 
+                      E = c(1, rep(0, N - 1)),
+                      E_count = c(1, rep(0, N - 1)), 
+                      I = 0,
+                      I_count = 0, 
+                      R = 0, 
+                      INC = c(rlnorm(1, meanlog = log(29.8), sdlog = 0.45), rep(0, N - 1)),
+                      INF = 0)
+   
+   # Create frame for storing results.
+   # ID: ID of individual.
+   # SIZE: size of individual's household.
+   # HH: ID of individual's household.
+   # TYPE: the kind of infection: household (H), community (C), or both (B).
+   # TIME: when the individual became infectious.
+   # S_NUM: number of susceptible people in individual's household when their 
+   #        infectious period begins.
+   # I_NUM: number of people in household that this individual infected over 
+   #        their infectious period.
+   results <- data[, 1:3] %>% mutate(TYPE = NA, TIME = NA, S_NUM = NA, I_NUM = 0)
+   results$TYPE[1] <- '0'
+   
+   for(t in 1:time) {
+     if (verbose) {
+       if (t %% 10 == 0) {
+         cat(paste0(t, ' '))
+       }
+     }
+     
+     # Anyone who has been infectious for as many days as their infectious period
+     # is now recovered.
+     recovered <- (data$INF > 0) & (data$I_count == data$INF)
+     if(sum(recovered, na.rm = T) > 0) {
+       data$R[recovered] <- 1
+       data$I[recovered] <- 0
+       data$I_count[recovered] <- 0 
+     }
+     
+     new_inf <- (data$INC > 0) & (data$E_count == data$INC)
+     num_new_inf <- sum(new_inf, na.rm = T)
+     if(num_new_inf > 0) {
+       # Change status to newly infectious and add infectious period.
+       data$I[new_inf] <- 1
+       random_inf <- rnorm(num_new_inf, mean = inf, sd = 1) %>% round()
+       data$INF[new_inf] <- random_inf
+       
+       # Remove exposure status and exposure count.
+       data$E[new_inf] <- 0
+       data$E_count[new_inf] <- 0 
+       
+       # Record time at which infectious period starts.
+       results$TIME[new_inf] <- t
+       
+       # Save the number of susceptible people in each infectious individual's 
+       # household.
+       S_data <- data %>% group_by(HH) %>% 
+         mutate(S_TOT = sum(S)) %>% 
+         select(HH, S_TOT)
+       results$S_NUM[new_inf == 1] <- S_data$S_TOT[new_inf == 1]
+     }
+     
+     # I_H is the number of infections inside each household.
+     # I_C is the number of infections outside each household.
+     I_data <- data %>% group_by(HH) %>% 
+       mutate(I_H = sum(I)) %>% 
+       ungroup() %>% 
+       mutate(I_C = sum(I) - I_H)
+     
+     beta_H <- params[1]
+     beta_C <- params[2]
+     beta_E <- params[3]
+     risk_H <- pmin(beta_H * data$S * I_data$I_H / N, 1)
+     risk_C <- pmin(beta_C * data$S * I_data$I_C / N, 1)
+     risk_E <- pmin(beta_E * data$S, 1)
+ 
+     new_inf_H <- rbinom(N, 1, risk_H)
+     new_inf_C <- rbinom(N, 1, risk_C)
+     new_inf_E <- rbinom(N, 1, risk_E)
+     new_exposed <- (new_inf_H == 1) | (new_inf_C == 1) | (new_inf_E == 1)
+     num_new_exposed <- sum(new_exposed, na.rm = T)
+     if (num_new_exposed > 0) {
+       # Change status to newly exposed and add incubation period.
+       data$E[new_exposed] <- 1
+       random_inc <- rlnorm(num_new_exposed, meanlog = log(29.8), sdlog = 0.45) %>% round()
+       data$INC[new_exposed] <- random_inc
+       
+       # Remove susceptible status.
+       data$S[new_exposed] <- 0
+       
+       # Get number of new infections in each household.
+       I_data <- I_data %>%
+         select(ID, HH, I, I_H) %>%
+         mutate(new_I_H = new_inf_H) %>%
+         group_by(HH) %>%
+         # Find households with at least 1 currently infectious individual. If 
+         # exactly 1 infectious individual in household, assign all new H 
+         # exposures to that individual. If there are multiple infectious 
+         # individuals, assign all infections to the infectious individual with 
+         # the first ID.
+         mutate(new_I_H = ifelse(I == 1 & ID == first(ID[I == 1]), 
+                                 sum(new_I_H), 0))
+       
+       results$I_NUM <- results$I_NUM + I_data$new_I_H
+       
+       # Label infections types.
+       results$TYPE[new_inf_H == 1] <- 'H'
+       results$TYPE[new_inf_C == 1] <- 'C'
+       results$TYPE[new_inf_E == 1] <- 'E'
+       results$TYPE[(new_inf_H == 1) & (new_inf_C == 1)] <- 'HC'
+       results$TYPE[(new_inf_H == 1) & (new_inf_E == 1)] <- 'HE'
+       results$TYPE[(new_inf_C == 1) & (new_inf_E == 1)] <- 'CE'
+       results$TYPE[(new_inf_H == 1) & (new_inf_C == 1) & (new_inf_E == 1)] <- 'HCE'
+     }
+     
+     # Increment exposure and infectious counters.
+     data$E_count[data$E == 1] <- data$E_count[data$E == 1] + 1
+     data$I_count[data$I == 1] <- data$I_count[data$I == 1] + 1
+   }
+   return(results)
+ }
> 
> metrics <- function(results) {
+   # Incidence is the proportion of the population that became infected.
+   idc <- mean(!is.na(results$TIME))
+   
+   cases <- results[!is.na(results$TIME), ]
+   prp <- mean((cases$TYPE != 'E') & (cases$TYPE != '0'))
+     
+   return(c(idc, prp))
+ }
> 
> #########
> ## 75% ##
> #########
> 
> # 5% Cumulative Incidence
> beta_H <- 44
> beta_C <- 0.038
> beta_E <- 0.00003
> params <- c(beta_H, beta_C, beta_E)
> 
> n_sims <- 1000
> i <- 1
> j <- 0
> while (i <= n_sims) {
+     results <- SEIR_mix(params)
+     j <- j + 1
+     cat(paste0(j, '\t', i, '\n'))
+     if (all(metrics(results) > c(0.04, 0.73)) & all(metrics(results) < c(0.06, 0.77))) {
+         write.csv(results, file = paste0('5/', i, '.csv'), row.names = F)
+         i <- i + 1
+     }
+ }
1	1
2	1
3	1
4	1
5	1
6	1
7	1
8	1
9	2
10	2
11	2
12	2
13	2
14	3
15	3
16	3
17	4
18	4
19	5
20	5
21	5
22	5
23	5
24	5
25	5
26	5
27	5
28	5
29	5
30	5
31	5
32	5
33	5
34	5
35	5
36	5
37	5
38	5
39	5
40	5
41	5
42	5
43	5
44	5
45	5
46	5
47	6
48	6
49	6
50	6
51	6
52	7
53	7
54	7
55	7
56	7
57	7
58	7
59	7
60	7
61	7
62	7
63	7
64	7
65	7
66	7
67	7
68	7
69	7
70	7
71	7
72	8
73	8
74	8
75	8
76	8
77	8
78	8
79	8
80	8
81	8
82	8
83	8
84	8
85	8
86	8
87	8
88	8
89	8
90	8
91	8
92	8
93	8
94	8
95	8
96	8
97	8
98	8
99	8
100	8
101	8
102	8
103	8
104	8
105	8
106	8
107	8
108	8
109	8
110	9
111	9
112	9
113	9
114	9
115	9
116	9
117	9
118	9
119	9
120	9
121	9
122	9
123	9
124	9
125	9
126	9
127	9
128	9
129	10
130	10
131	10
132	10
133	10
134	10
135	10
136	10
137	10
138	10
139	10
140	10
141	10
142	10
143	10
144	10
145	10
146	10
147	10
148	10
149	10
150	10
151	10
152	10
153	10
154	10
155	10
156	10
157	10
158	10
159	10
160	10
161	10
162	10
163	10
164	10
165	10
166	10
167	10
168	10
169	10
170	10
171	10
172	10
173	10
174	10
175	10
176	10
177	10
178	10
179	10
180	10
181	10
182	10
183	11
184	11
185	11
186	11
187	11
188	11
189	11
190	11
191	11
192	11
193	11
194	11
195	11
196	11
197	11
198	11
199	11
200	11
201	11
202	11
203	11
204	11
205	11
206	11
207	11
208	12
209	12
210	12
211	12
212	12
213	12
214	12
215	12
216	12
217	12
218	12
219	12
220	12
221	12
222	12
223	12
224	12
225	12
226	12
227	12
228	12
229	12
230	12
231	13
232	13
233	13
234	13
235	14
236	14
237	14
238	14
239	14
240	14
241	14
242	15
243	15
244	15
245	15
246	16
247	16
248	16
249	17
250	17
251	17
252	17
253	17
254	17
255	17
256	17
257	17
258	17
259	17
260	17
261	17
262	17
263	17
264	17
265	17
266	17
267	17
268	17
269	17
270	17
271	17
272	17
273	17
274	17
275	17
276	17
277	17
278	17
279	18
280	18
281	18
282	18
283	19
284	19
285	19
286	19
287	19
288	19
289	19
290	19
291	19
292	19
293	19
294	19
295	19
296	19
297	19
298	20
299	20
300	20
301	20
302	20
303	20
304	20
305	20
306	20
307	20
308	20
309	20
310	20
311	20
312	20
313	20
314	21
315	21
316	21
317	22
318	22
319	22
320	23
321	23
322	23
323	23
324	23
325	23
326	23
327	23
328	24
329	24
330	24
331	25
332	25
333	25
334	25
335	25
336	25
337	25
338	25
339	25
340	25
341	26
342	26
343	26
344	26
345	26
346	26
347	26
348	26
349	26
350	26
351	26
352	26
353	26
354	27
355	27
356	27
357	27
358	27
359	27
360	27
361	27
362	27
363	27
364	27
365	27
366	27
367	27
368	27
369	27
370	27
371	27
372	27
373	27
374	27
375	27
376	27
377	27
378	27
379	27
380	27
381	27
382	27
383	27
384	27
385	27
386	27
387	27
388	27
389	27
390	27
391	27
392	27
393	27
394	27
395	28
396	28
397	28
398	28
399	28
400	28
401	28
402	28
403	28
404	28
405	28
406	29
407	29
408	29
409	29
410	29
411	29
412	29
413	29
414	29
415	29
416	29
417	29
418	29
419	29
420	29
421	29
422	29
423	29
424	29
425	29
426	29
427	29
428	29
429	29
430	29
431	29
432	29
433	29
434	29
435	29
436	29
437	29
438	29
439	29
440	29
441	29
442	30
443	30
444	30
445	31
446	31
447	31
448	31
449	31
450	31
451	31
452	31
453	31
454	31
455	31
456	32
457	32
458	32
459	32
460	33
461	33
462	33
463	33
464	33
465	33
466	33
467	34
468	34
469	34
470	34
471	34
472	34
473	34
474	34
475	34
476	34
477	34
478	34
479	34
480	34
481	34
482	34
483	34
484	34
485	34
486	34
487	34
488	34
489	34
490	34
491	34
492	34
493	34
494	34
495	35
496	35
497	35
498	35
499	35
500	36
501	36
502	36
503	36
504	36
505	36
506	36
507	36
508	36
509	36
510	37
511	37
512	37
513	37
514	37
515	37
516	37
517	37
518	37
519	37
520	37
521	37
522	37
523	37
524	37
525	37
526	37
527	37
528	37
529	37
530	37
531	37
532	37
533	37
534	37
535	37
536	37
537	37
538	37
539	37
540	37
541	37
542	37
543	38
544	38
545	38
546	38
547	38
548	38
549	38
550	38
551	38
552	38
553	38
554	38
555	38
556	38
557	38
558	38
559	38
560	38
561	39
562	39
563	39
564	39
565	40
566	40
567	40
568	41
569	41
570	41
571	41
572	41
573	41
574	41
575	42
576	42
577	42
578	42
579	42
580	42
581	43
582	43
583	43
584	43
585	43
586	43
587	43
588	43
589	43
590	44
591	44
592	44
593	44
594	44
595	44
596	44
597	44
598	44
599	45
600	45
601	45
602	45
603	45
604	46
605	46
606	46
607	46
608	46
609	46
610	46
611	46
612	46
613	46
614	46
615	46
616	47
617	47
618	48
619	48
620	48
621	48
622	48
623	48
624	48
625	48
626	48
627	49
628	49
629	49
630	49
631	49
632	49
633	49
634	49
635	49
636	49
637	49
638	49
639	49
640	49
641	49
642	49
643	49
644	49
645	49
646	49
647	49
648	49
649	49
650	49
651	49
652	49
653	49
654	49
655	49
656	49
657	49
658	49
659	49
660	49
661	49
662	49
663	50
664	50
665	50
666	50
667	50
668	50
669	50
670	50
671	50
672	50
673	50
674	50
675	50
676	50
677	50
678	50
679	51
680	51
681	51
682	51
683	51
684	51
685	52
686	53
687	53
688	53
689	53
690	53
691	53
692	53
693	53
694	53
695	53
696	53
697	53
698	54
699	54
700	54
701	54
702	54
703	54
704	54
705	54
706	54
707	54
708	54
709	54
710	54
711	54
712	55
713	55
714	55
715	55
716	55
717	55
718	55
719	55
720	55
721	55
722	55
723	55
724	55
725	55
726	55
727	55
728	55
729	55
730	55
731	55
732	55
733	55
734	55
735	55
736	55
737	55
738	55
739	55
740	55
741	55
742	55
743	56
744	56
745	56
746	57
747	57
748	57
749	57
750	57
751	57
752	57
753	58
754	58
755	58
756	58
757	58
758	58
759	58
760	58
761	58
762	58
763	58
764	58
765	58
766	59
767	59
768	59
769	59
770	59
771	59
772	59
773	59
774	59
775	59
776	59
777	60
778	60
779	60
780	60
781	60
782	60
783	60
784	60
785	60
786	60
787	60
788	60
789	60
790	60
791	60
792	60
793	60
794	60
795	60
796	60
797	60
798	61
799	61
800	61
801	61
802	61
803	61
804	61
805	61
806	61
807	61
808	61
809	61
810	61
811	61
812	61
813	61
814	61
815	61
816	61
817	61
818	61
819	61
820	61
821	61
822	61
823	61
824	61
825	61
826	61
827	61
828	61
829	61
830	61
831	61
832	61
833	61
834	61
835	61
836	61
837	61
838	61
839	61
840	61
841	61
842	61
843	61
844	61
845	61
846	61
847	61
848	61
849	61
850	61
851	61
852	61
853	61
854	62
855	62
856	62
857	62
858	62
859	62
860	62
861	62
862	62
863	62
864	63
865	63
866	63
867	63
868	63
869	63
870	64
871	64
872	64
873	64
874	64
875	65
876	65
877	66
878	66
879	66
880	66
881	66
882	66
883	66
884	66
885	66
886	66
887	66
888	66
889	67
890	67
891	67
892	67
893	67
894	67
895	67
896	67
897	67
898	67
899	67
900	67
901	67
902	67
903	67
904	67
905	67
906	67
907	67
908	67
909	67
910	67
911	67
912	67
913	67
914	67
915	67
916	67
917	67
918	67
919	67
920	67
921	67
922	67
923	67
924	67
925	67
926	67
927	67
928	67
929	67
930	67
931	67
932	67
933	67
934	67
935	67
936	67
937	67
938	67
939	67
940	67
941	67
942	67
943	67
944	67
945	67
946	67
947	67
948	67
949	67
950	67
951	67
952	67
953	67
954	67
955	67
956	67
957	67
958	67
959	67
960	67
961	67
962	67
963	67
964	67
965	67
966	68
967	68
968	68
969	68
970	69
971	69
972	69
973	69
974	69
975	69
976	70
977	71
978	71
979	71
980	71
981	71
982	71
983	71
984	71
985	71
986	71
987	71
988	71
989	71
990	71
991	71
992	71
993	71
994	71
995	71
996	72
997	73
998	74
999	74
1000	74
1001	74
1002	74
1003	74
1004	74
1005	74
1006	75
1007	75
1008	75
1009	75
1010	75
1011	75
1012	75
1013	76
1014	77
1015	77
1016	77
1017	77
1018	77
1019	77
1020	77
1021	78
1022	78
1023	78
1024	78
1025	78
1026	78
1027	78
1028	79
1029	79
1030	79
1031	80
1032	80
1033	80
1034	80
1035	81
1036	81
1037	81
1038	81
1039	81
1040	81
1041	81
1042	81
1043	81
1044	82
1045	82
1046	82
1047	82
1048	82
1049	82
1050	83
1051	83
1052	83
1053	83
1054	83
1055	83
1056	83
1057	83
1058	83
1059	83
1060	83
1061	83
1062	83
1063	83
1064	84
1065	84
1066	84
1067	84
1068	84
1069	84
1070	84
1071	84
1072	85
1073	85
1074	85
1075	85
1076	85
1077	85
1078	85
1079	85
1080	85
1081	85
1082	85
1083	85
1084	85
1085	85
1086	85
1087	86
1088	86
1089	86
1090	86
1091	86
1092	86
1093	86
1094	86
1095	86
1096	86
1097	86
1098	86
1099	86
1100	86
1101	86
1102	86
1103	86
1104	86
1105	87
1106	87
1107	87
1108	87
1109	87
1110	87
1111	87
1112	87
1113	87
1114	87
1115	87
1116	87
1117	87
1118	87
1119	87
1120	87
1121	87
1122	87
1123	87
1124	88
1125	88
1126	88
1127	88
1128	88
1129	88
1130	88
1131	88
1132	88
1133	88
1134	88
1135	88
1136	88
1137	88
1138	89
1139	89
1140	89
1141	89
1142	89
1143	89
1144	89
1145	89
1146	89
1147	90
1148	90
1149	90
1150	90
1151	90
1152	90
1153	90
1154	90
1155	90
1156	91
1157	92
1158	92
1159	92
1160	92
1161	92
1162	92
1163	92
1164	92
1165	92
1166	92
1167	92
1168	92
1169	92
1170	92
1171	92
1172	92
1173	92
1174	92
1175	92
1176	92
1177	92
1178	92
1179	92
1180	92
1181	92
1182	92
1183	92
1184	92
1185	92
1186	92
1187	92
1188	93
1189	93
1190	93
1191	93
1192	93
1193	93
1194	93
1195	93
1196	93
1197	93
1198	94
1199	94
1200	94
1201	94
1202	94
1203	94
1204	94
1205	94
1206	94
1207	94
1208	95
1209	95
1210	95
1211	95
1212	95
1213	95
1214	95
1215	95
1216	95
1217	95
1218	95
1219	95
1220	95
1221	95
1222	95
1223	96
1224	96
1225	96
1226	96
1227	96
1228	96
1229	96
1230	96
1231	97
1232	97
1233	97
1234	97
1235	97
1236	97
1237	97
1238	97
1239	97
1240	97
1241	97
1242	97
1243	97
1244	97
1245	97
1246	97
1247	97
1248	97
1249	97
1250	97
1251	97
1252	97
1253	97
1254	97
1255	97
1256	98
1257	98
1258	98
1259	98
1260	98
1261	98
1262	98
1263	98
1264	98
1265	98
1266	98
1267	98
1268	98
1269	98
1270	98
1271	99
1272	99
1273	99
1274	99
1275	99
1276	99
1277	99
1278	99
1279	99
1280	99
1281	99
1282	99
1283	99
1284	100
1285	101
1286	101
1287	101
1288	101
1289	101
1290	101
1291	101
1292	101
1293	102
1294	102
1295	102
1296	102
1297	102
1298	102
1299	102
1300	102
1301	102
1302	102
1303	102
1304	102
1305	102
1306	102
1307	102
1308	102
1309	102
1310	102
1311	102
1312	102
1313	102
1314	102
1315	102
1316	102
1317	102
1318	102
1319	102
1320	102
1321	102
1322	102
1323	102
1324	102
1325	102
1326	102
1327	102
1328	102
1329	102
1330	102
1331	103
1332	103
1333	104
1334	104
1335	104
1336	104
1337	104
1338	104
1339	104
1340	104
1341	104
1342	104
1343	104
1344	104
1345	104
1346	105
1347	105
1348	105
1349	105
1350	105
1351	105
1352	105
1353	105
1354	105
1355	105
1356	105
1357	105
1358	105
1359	105
1360	105
1361	105
1362	105
1363	105
1364	105
1365	105
1366	105
1367	105
1368	105
1369	105
1370	105
1371	105
1372	105
1373	105
1374	105
1375	105
1376	105
1377	105
1378	105
1379	105
1380	105
1381	105
1382	105
1383	105
1384	105
1385	105
1386	105
1387	105
1388	105
1389	105
1390	105
1391	105
1392	105
1393	105
1394	105
1395	105
1396	105
1397	105
1398	105
1399	105
1400	105
1401	105
1402	105
1403	106
1404	106
1405	106
1406	106
1407	106
1408	106
1409	106
1410	106
1411	106
1412	106
1413	106
1414	106
1415	106
1416	106
1417	106
1418	106
1419	106
1420	106
1421	106
1422	106
1423	107
1424	108
1425	108
1426	108
1427	108
1428	108
1429	108
1430	108
1431	108
1432	108
1433	108
1434	108
1435	108
1436	108
1437	108
1438	108
1439	108
1440	108
1441	108
1442	108
1443	108
1444	108
1445	108
1446	108
1447	108
1448	108
1449	108
1450	108
1451	108
1452	108
1453	108
1454	108
1455	108
1456	108
1457	108
1458	108
1459	108
1460	108
1461	108
1462	108
1463	108
1464	108
1465	108
1466	108
1467	108
1468	108
1469	108
1470	108
1471	108
1472	108
1473	108
1474	108
1475	108
1476	108
1477	108
1478	108
1479	108
1480	108
1481	109
1482	109
1483	109
1484	109
1485	109
1486	109
1487	109
1488	109
1489	109
1490	109
1491	109
1492	109
1493	109
1494	109
1495	109
1496	109
1497	109
1498	109
1499	109
1500	109
1501	109
1502	109
1503	109
1504	109
1505	109
1506	109
1507	109
1508	109
1509	109
1510	110
1511	110
1512	110
1513	110
1514	110
1515	110
1516	110
1517	110
1518	110
1519	110
1520	110
1521	110
1522	110
1523	110
1524	111
1525	111
1526	111
1527	111
1528	111
1529	111
1530	111
1531	111
1532	111
1533	111
1534	111
1535	111
1536	111
1537	111
1538	111
1539	111
1540	111
1541	111
1542	111
1543	112
1544	112
1545	112
1546	112
1547	112
1548	112
1549	112
1550	112
1551	112
1552	112
1553	112
1554	112
1555	112
1556	112
1557	112
1558	112
1559	112
1560	112
1561	112
1562	112
1563	112
1564	112
1565	113
1566	113
1567	113
1568	113
1569	113
1570	113
1571	113
1572	113
1573	113
1574	114
1575	114
1576	114
1577	114
1578	114
1579	114
1580	114
1581	115
1582	115
1583	115
1584	115
1585	115
1586	115
1587	115
1588	115
1589	115
1590	115
1591	115
1592	115
1593	115
1594	115
1595	115
1596	115
1597	115
1598	115
1599	115
1600	115
1601	115
1602	115
1603	115
1604	115
1605	115
1606	115
1607	115
1608	115
1609	115
1610	115
1611	115
1612	115
1613	115
1614	115
1615	115
1616	115
1617	115
1618	115
1619	115
1620	115
1621	115
1622	115
1623	115
1624	115
1625	115
1626	115
1627	115
1628	115
1629	115
1630	115
1631	115
1632	115
1633	115
1634	115
1635	115
1636	115
1637	115
1638	115
1639	115
1640	116
1641	116
1642	116
1643	116
1644	116
1645	116
1646	116
1647	116
1648	116
1649	116
1650	116
1651	116
1652	116
1653	116
1654	116
1655	116
1656	116
1657	116
1658	116
1659	117
1660	117
1661	117
1662	117
1663	117
1664	117
1665	117
1666	117
1667	117
1668	117
1669	117
1670	117
1671	117
1672	117
1673	117
1674	117
1675	117
1676	117
1677	117
1678	117
1679	117
1680	117
1681	117
1682	117
1683	117
1684	117
1685	117
1686	117
1687	117
1688	117
1689	117
1690	117
1691	117
1692	117
1693	117
1694	117
1695	117
1696	117
1697	117
1698	117
1699	117
1700	117
1701	117
1702	117
1703	117
1704	117
1705	117
1706	117
1707	117
1708	118
1709	118
1710	118
1711	118
1712	118
1713	118
1714	118
1715	118
1716	118
1717	118
1718	118
1719	118
1720	118
1721	119
1722	119
1723	119
1724	119
1725	119
1726	119
1727	119
1728	119
1729	119
1730	119
1731	119
1732	119
1733	119
1734	119
1735	119
1736	119
1737	119
1738	119
1739	119
1740	119
1741	119
1742	119
1743	119
1744	119
1745	119
1746	119
1747	119
1748	119
1749	119
1750	119
1751	119
1752	119
1753	119
1754	119
1755	119
1756	120
1757	120
1758	120
1759	120
1760	120
1761	120
1762	120
1763	120
1764	120
1765	120
1766	120
1767	120
1768	120
1769	120
1770	120
1771	120
1772	120
1773	120
1774	120
1775	120
1776	120
1777	120
1778	120
1779	120
1780	120
1781	120
1782	120
1783	120
1784	120
1785	120
1786	120
1787	120
1788	120
1789	120
1790	120
1791	120
1792	120
1793	120
1794	120
1795	120
1796	120
1797	120
1798	120
1799	120
1800	120
1801	120
1802	120
1803	120
1804	120
1805	120
1806	121
1807	121
1808	121
1809	121
1810	121
1811	121
1812	121
1813	122
1814	122
1815	122
1816	122
1817	122
1818	122
1819	123
1820	123
1821	123
1822	123
1823	123
1824	123
1825	123
1826	123
1827	123
1828	123
1829	123
1830	123
1831	123
1832	123
1833	123
1834	123
1835	123
1836	123
1837	123
1838	123
1839	123
1840	124
1841	124
1842	124
1843	124
1844	125
1845	125
1846	125
1847	125
1848	125
1849	125
1850	125
1851	125
1852	125
1853	125
1854	125
1855	125
1856	126
1857	126
1858	126
1859	126
1860	126
1861	126
1862	126
1863	126
1864	126
1865	126
1866	126
1867	126
1868	126
1869	126
1870	127
1871	127
1872	127
1873	127
1874	127
1875	128
1876	128
1877	128
1878	128
1879	128
1880	128
1881	128
1882	128
1883	128
1884	128
1885	128
1886	128
1887	128
1888	128
1889	128
1890	128
1891	128
1892	128
1893	128
1894	128
1895	128
1896	128
1897	128
1898	128
1899	128
1900	128
1901	128
1902	128
1903	128
1904	128
1905	128
1906	128
1907	128
1908	128
1909	128
1910	128
1911	128
1912	128
1913	128
1914	128
1915	129
1916	129
1917	129
1918	129
1919	129
1920	129
1921	129
1922	129
1923	129
1924	129
1925	129
1926	129
1927	129
1928	129
1929	129
1930	129
1931	129
1932	129
1933	129
1934	129
1935	129
1936	129
1937	129
1938	129
1939	130
1940	130
1941	130
1942	130
1943	130
1944	130
1945	130
1946	130
1947	130
1948	130
1949	130
1950	130
1951	131
1952	131
1953	131
1954	131
1955	131
1956	131
1957	131
1958	131
1959	131
1960	132
1961	132
1962	132
1963	132
1964	132
1965	132
1966	132
1967	132
1968	132
1969	132
1970	132
1971	132
1972	132
1973	132
1974	132
1975	132
1976	132
1977	132
1978	132
1979	132
1980	132
1981	132
1982	132
1983	132
1984	132
1985	132
1986	132
1987	132
1988	132
1989	132
1990	132
1991	132
1992	132
1993	132
1994	133
1995	133
1996	133
1997	133
1998	133
1999	133
2000	133
2001	133
2002	133
2003	133
2004	133
2005	133
2006	133
2007	133
2008	133
2009	133
2010	133
2011	133
2012	134
2013	134
2014	134
2015	134
2016	134
2017	134
2018	134
2019	134
2020	135
2021	135
2022	135
2023	135
2024	135
2025	135
2026	135
2027	135
2028	135
2029	135
2030	135
2031	135
2032	135
2033	135
2034	135
2035	135
2036	135
2037	135
2038	135
2039	135
2040	135
2041	135
2042	135
2043	135
2044	135
2045	135
2046	135
2047	135
2048	135
2049	135
2050	136
2051	136
2052	136
2053	137
2054	137
2055	137
2056	137
2057	137
2058	137
2059	137
2060	137
2061	138
2062	138
2063	138
2064	138
2065	138
2066	138
2067	138
2068	138
2069	138
2070	138
2071	138
2072	138
2073	138
2074	138
2075	139
2076	139
2077	139
2078	139
2079	140
2080	140
2081	140
2082	140
2083	140
2084	140
2085	141
2086	141
2087	141
2088	141
2089	141
2090	141
2091	141
2092	141
2093	141
2094	141
2095	141
2096	141
2097	141
2098	141
2099	141
2100	142
2101	142
2102	142
2103	142
2104	142
2105	143
2106	143
2107	143
2108	143
2109	143
2110	143
2111	143
2112	143
2113	143
2114	143
2115	143
2116	143
2117	143
2118	143
2119	143
2120	143
2121	143
2122	143
2123	143
2124	143
2125	143
2126	143
2127	143
2128	143
2129	143
2130	143
2131	143
2132	143
2133	143
2134	143
2135	143
2136	143
2137	143
2138	143
2139	143
2140	143
2141	143
2142	143
2143	143
2144	143
2145	143
2146	143
2147	143
2148	143
2149	143
2150	143
2151	144
2152	144
2153	144
2154	144
2155	145
2156	145
2157	145
2158	145
2159	145
2160	145
2161	145
2162	145
2163	145
2164	145
2165	145
2166	145
2167	145
2168	145
2169	145
2170	145
2171	146
2172	146
2173	146
2174	146
2175	146
2176	146
2177	146
2178	146
2179	146
2180	147
2181	147
2182	147
2183	147
2184	147
2185	147
2186	147
2187	147
2188	147
2189	147
2190	147
2191	148
2192	148
2193	148
2194	148
2195	148
2196	148
2197	148
2198	148
2199	148
2200	148
2201	148
2202	148
2203	148
2204	148
2205	148
2206	148
2207	149
2208	149
2209	149
2210	149
2211	150
2212	150
2213	150
2214	150
2215	150
2216	150
2217	150
2218	151
2219	151
2220	151
2221	151
2222	152
2223	152
2224	152
2225	152
2226	152
2227	153
2228	153
2229	153
2230	153
2231	153
2232	153
2233	153
2234	153
2235	153
2236	153
2237	153
2238	153
2239	153
2240	153
2241	153
2242	153
2243	153
2244	153
2245	153
2246	154
2247	154
2248	154
2249	154
2250	154
2251	154
2252	154
2253	154
2254	155
2255	155
2256	155
2257	155
2258	155
2259	155
2260	155
2261	155
2262	155
2263	155
2264	155
2265	155
2266	155
2267	155
2268	156
2269	156
2270	156
2271	156
2272	156
2273	156
2274	156
2275	156
2276	156
2277	156
2278	156
2279	157
2280	157
2281	157
2282	157
2283	157
2284	157
2285	157
2286	157
2287	157
2288	157
2289	157
2290	157
2291	157
2292	157
2293	157
2294	157
2295	157
2296	157
2297	157
2298	157
2299	157
2300	157
2301	157
2302	157
2303	157
2304	157
2305	157
2306	157
2307	157
2308	157
2309	157
2310	157
2311	157
2312	157
2313	157
2314	157
2315	157
2316	157
2317	157
2318	157
2319	157
2320	157
2321	158
2322	158
2323	158
2324	158
2325	158
2326	158
2327	158
2328	159
2329	159
2330	159
2331	159
2332	159
2333	159
2334	159
2335	160
2336	160
2337	160
2338	160
2339	160
2340	160
2341	160
2342	160
2343	160
2344	160
2345	160
2346	160
2347	160
2348	160
2349	160
2350	160
2351	160
2352	160
2353	161
2354	161
2355	161
2356	161
2357	161
2358	161
2359	161
2360	161
2361	161
2362	161
2363	161
2364	161
2365	161
2366	161
2367	161
2368	161
2369	161
2370	161
2371	162
2372	162
2373	162
2374	162
2375	162
2376	162
2377	162
2378	162
2379	162
2380	162
2381	163
2382	163
2383	163
2384	163
2385	163
2386	163
2387	163
2388	163
2389	163
2390	164
2391	164
2392	165
2393	165
2394	165
2395	165
2396	165
2397	165
2398	165
2399	165
2400	165
2401	165
2402	165
2403	165
2404	166
2405	166
2406	166
2407	166
2408	166
2409	166
2410	166
2411	166
2412	166
2413	167
2414	167
2415	167
2416	167
2417	167
2418	167
2419	167
2420	167
2421	167
2422	168
2423	168
2424	168
2425	168
2426	168
2427	168
2428	168
2429	168
2430	168
2431	168
2432	168
2433	168
2434	168
2435	168
2436	168
2437	168
2438	168
2439	169
2440	170
2441	170
2442	170
2443	170
2444	170
2445	170
2446	170
2447	170
2448	170
2449	170
2450	170
2451	171
2452	171
2453	171
2454	171
2455	171
2456	171
2457	171
2458	171
2459	171
2460	171
2461	171
2462	171
2463	171
2464	172
2465	172
2466	172
2467	173
2468	173
2469	173
2470	173
2471	173
2472	173
2473	174
2474	174
2475	174
2476	174
2477	174
2478	174
2479	174
2480	174
2481	174
2482	174
2483	174
2484	174
2485	174
2486	174
2487	174
2488	174
2489	174
2490	174
2491	174
2492	174
2493	174
2494	174
2495	174
2496	175
2497	176
2498	176
2499	177
2500	177
2501	177
2502	178
2503	178
2504	178
2505	178
2506	178
2507	178
2508	178
2509	178
2510	178
2511	178
2512	178
2513	178
2514	178
2515	178
2516	178
2517	178
2518	179
2519	179
2520	179
2521	179
2522	179
2523	180
2524	180
2525	180
2526	180
2527	180
2528	180
2529	180
2530	180
2531	180
2532	180
2533	180
2534	180
2535	180
2536	180
2537	180
2538	180
2539	180
2540	180
2541	180
2542	180
2543	180
2544	180
2545	180
2546	180
2547	180
2548	180
2549	180
2550	180
2551	180
2552	181
2553	181
2554	181
2555	181
2556	181
2557	181
2558	181
2559	181
2560	181
2561	181
2562	181
2563	182
2564	182
2565	182
2566	182
2567	182
2568	182
2569	182
2570	182
2571	182
2572	182
2573	182
2574	182
2575	182
2576	182
2577	182
2578	182
2579	182
2580	182
2581	182
2582	182
2583	182
2584	182
2585	182
2586	182
2587	182
2588	182
2589	182
2590	182
2591	182
2592	182
2593	182
2594	182
2595	182
2596	182
2597	182
2598	182
2599	182
2600	182
2601	182
2602	182
2603	183
2604	183
2605	183
2606	183
2607	183
2608	183
2609	183
2610	183
2611	183
2612	183
2613	184
2614	184
2615	184
2616	184
2617	184
2618	184
2619	184
2620	184
2621	184
2622	184
2623	184
2624	184
2625	184
2626	184
2627	184
2628	184
2629	184
2630	184
2631	184
2632	184
2633	184
2634	184
2635	184
2636	184
2637	184
2638	184
2639	184
2640	184
2641	184
2642	185
2643	185
2644	185
2645	185
2646	186
2647	186
2648	186
2649	186
2650	186
2651	186
2652	186
2653	186
2654	186
2655	186
2656	186
2657	186
2658	186
2659	186
2660	186
2661	186
2662	186
2663	186
2664	186
2665	187
2666	187
2667	187
2668	187
2669	187
2670	187
2671	187
2672	187
2673	187
2674	187
2675	187
2676	187
2677	187
2678	187
2679	187
2680	187
2681	188
2682	188
2683	188
2684	188
2685	188
2686	188
2687	188
2688	188
2689	188
2690	188
2691	188
2692	188
2693	188
2694	188
2695	188
2696	188
2697	188
2698	188
2699	188
2700	188
2701	189
2702	189
2703	189
2704	190
2705	190
2706	190
2707	190
2708	190
2709	190
2710	190
2711	190
2712	190
2713	190
2714	190
2715	190
2716	190
2717	190
2718	190
2719	190
2720	190
2721	190
2722	190
2723	191
2724	192
2725	192
2726	192
2727	192
2728	192
2729	192
2730	192
2731	193
2732	193
2733	194
2734	194
2735	194
2736	194
2737	194
2738	194
2739	194
2740	194
2741	195
2742	195
2743	195
2744	196
2745	196
2746	196
2747	197
2748	197
2749	197
2750	197
2751	197
2752	197
2753	197
2754	197
2755	197
2756	197
2757	197
2758	197
2759	197
2760	197
2761	197
2762	197
2763	197
2764	197
2765	197
2766	197
2767	197
2768	197
2769	197
2770	197
2771	197
2772	197
2773	197
2774	197
2775	197
2776	197
2777	197
2778	197
2779	197
2780	197
2781	197
2782	197
2783	197
2784	197
2785	197
2786	197
2787	197
2788	198
2789	198
2790	198
2791	198
2792	198
2793	198
2794	198
2795	198
2796	198
2797	198
2798	198
2799	198
2800	198
2801	198
2802	198
2803	198
2804	198
2805	198
2806	198
2807	198
2808	198
2809	198
2810	198
2811	198
2812	198
2813	198
2814	198
2815	198
2816	198
2817	198
2818	198
2819	198
2820	198
2821	198
2822	198
2823	198
2824	199
2825	199
2826	199
2827	199
2828	199
2829	199
2830	199
2831	199
2832	199
2833	199
2834	199
2835	199
2836	199
2837	199
2838	199
2839	199
2840	199
2841	199
2842	199
2843	199
2844	199
2845	199
2846	200
2847	200
2848	200
2849	200
2850	200
2851	200
2852	200
2853	200
2854	200
2855	200
2856	200
2857	200
2858	201
2859	201
2860	201
2861	201
2862	201
2863	201
2864	201
2865	201
2866	201
2867	201
2868	201
2869	201
2870	201
2871	201
2872	201
2873	201
2874	201
2875	201
2876	201
2877	201
2878	201
2879	201
2880	201
2881	201
2882	201
2883	201
2884	201
2885	201
2886	201
2887	201
2888	201
2889	201
2890	201
2891	201
2892	201
2893	201
2894	201
2895	201
2896	201
2897	201
2898	201
2899	201
2900	201
2901	201
2902	201
2903	201
2904	201
2905	201
2906	201
2907	201
2908	201
2909	201
2910	201
2911	201
2912	201
2913	201
2914	201
2915	201
2916	201
2917	201
2918	201
2919	201
2920	201
2921	201
2922	201
2923	201
2924	201
2925	201
2926	201
2927	201
2928	201
2929	201
2930	201
2931	201
2932	201
2933	201
2934	201
2935	201
2936	201
2937	201
2938	201
2939	201
2940	201
2941	202
2942	202
2943	203
2944	203
2945	203
2946	204
2947	204
2948	204
2949	204
2950	204
2951	204
2952	204
2953	204
2954	204
2955	204
2956	204
2957	204
2958	204
2959	204
2960	204
2961	205
2962	205
2963	205
2964	205
2965	205
2966	205
2967	205
2968	205
2969	205
2970	205
2971	205
2972	205
2973	205
2974	205
2975	205
2976	206
2977	206
2978	206
2979	206
2980	206
2981	206
2982	206
2983	206
2984	206
2985	206
2986	206
2987	206
2988	206
2989	206
2990	206
2991	206
2992	206
2993	206
2994	206
2995	206
2996	206
2997	206
2998	206
2999	206
3000	206
3001	206
3002	206
3003	206
3004	206
3005	206
3006	206
3007	206
3008	206
3009	206
3010	206
3011	206
3012	206
3013	206
3014	206
3015	206
3016	206
3017	206
3018	207
3019	207
3020	207
3021	207
3022	207
3023	207
3024	207
3025	207
3026	207
3027	207
3028	207
3029	208
3030	208
3031	208
3032	208
3033	208
3034	209
3035	209
3036	210
3037	210
3038	210
3039	210
3040	210
3041	210
3042	210
3043	210
3044	210
3045	210
3046	210
3047	210
3048	210
3049	210
3050	210
3051	210
3052	210
3053	210
3054	210
3055	210
3056	210
3057	210
3058	210
3059	210
3060	210
3061	210
3062	210
3063	210
3064	210
3065	210
3066	210
3067	210
3068	210
3069	210
3070	211
3071	211
3072	211
3073	211
3074	211
3075	211
3076	211
3077	211
3078	211
3079	211
3080	211
3081	212
3082	212
3083	212
3084	212
3085	213
3086	213
3087	213
3088	213
3089	213
3090	214
3091	214
3092	214
3093	214
3094	214
3095	214
3096	214
3097	214
3098	214
3099	215
3100	215
3101	215
3102	215
3103	215
3104	215
3105	215
3106	215
3107	215
3108	216
3109	216
3110	216
3111	216
3112	216
3113	216
3114	216
3115	216
3116	216
3117	216
3118	216
3119	216
3120	216
3121	216
3122	216
3123	216
3124	216
3125	216
3126	216
3127	216
3128	216
3129	216
3130	216
3131	216
3132	216
3133	216
3134	216
3135	216
3136	216
3137	216
3138	216
3139	216
3140	216
3141	216
3142	216
3143	216
3144	216
3145	216
3146	216
3147	216
3148	216
3149	216
3150	216
3151	216
3152	216
3153	216
3154	216
3155	216
3156	216
3157	216
3158	217
3159	217
3160	217
3161	218
3162	218
3163	218
3164	218
3165	218
3166	218
3167	218
3168	218
3169	218
3170	218
3171	218
3172	218
3173	218
3174	218
3175	218
3176	218
3177	218
3178	218
3179	218
3180	218
3181	218
3182	218
3183	218
3184	218
3185	218
3186	218
3187	218
3188	218
3189	218
3190	218
3191	218
3192	218
3193	218
3194	218
3195	218
3196	218
3197	218
3198	218
3199	218
3200	218
3201	218
3202	218
3203	218
3204	218
3205	218
3206	218
3207	218
3208	218
3209	218
3210	218
3211	218
3212	218
3213	218
3214	218
3215	218
3216	218
3217	218
3218	218
3219	218
3220	218
3221	219
3222	219
3223	219
3224	219
3225	220
3226	220
3227	220
3228	220
3229	220
3230	220
3231	220
3232	220
3233	220
3234	220
3235	220
3236	220
3237	220
3238	220
3239	220
3240	220
3241	220
3242	220
3243	220
3244	220
3245	220
3246	220
3247	220
3248	220
3249	220
3250	221
3251	221
3252	221
3253	221
3254	221
3255	221
3256	221
3257	221
3258	221
3259	221
3260	221
3261	221
3262	221
3263	221
3264	221
3265	221
3266	221
3267	221
3268	221
3269	221
3270	221
3271	221
3272	221
3273	221
3274	221
3275	221
3276	221
3277	221
3278	221
3279	221
3280	221
3281	221
3282	221
3283	222
3284	222
3285	222
3286	222
3287	222
3288	222
3289	222
3290	222
3291	222
3292	222
3293	222
3294	222
3295	222
3296	222
3297	222
3298	223
3299	223
3300	223
3301	223
3302	223
3303	223
3304	223
3305	223
3306	223
3307	223
3308	223
3309	223
3310	223
3311	224
3312	224
3313	224
3314	224
3315	224
3316	224
3317	224
3318	224
3319	224
3320	224
3321	224
3322	224
3323	225
3324	225
3325	225
3326	225
3327	225
3328	225
3329	225
3330	225
3331	225
3332	225
3333	225
3334	225
3335	225
3336	225
3337	225
3338	225
3339	225
3340	225
3341	225
3342	225
3343	225
3344	225
3345	225
3346	225
3347	225
3348	225
3349	225
3350	225
3351	225
3352	225
3353	225
3354	225
3355	225
3356	225
3357	225
3358	225
3359	225
3360	225
3361	225
3362	225
3363	225
3364	225
3365	225
3366	225
3367	226
3368	226
3369	226
3370	226
3371	226
3372	226
3373	226
3374	226
3375	227
3376	227
3377	227
3378	227
3379	227
3380	227
3381	227
3382	227
3383	227
3384	227
3385	227
3386	227
3387	227
3388	227
3389	227
3390	227
3391	227
3392	227
3393	227
3394	227
3395	227
3396	227
3397	227
3398	227
3399	227
3400	227
3401	227
3402	227
3403	227
3404	227
3405	227
3406	227
3407	227
3408	227
3409	227
3410	227
3411	227
3412	227
3413	227
3414	227
3415	227
3416	227
3417	227
3418	227
3419	227
3420	227
3421	227
3422	227
3423	227
3424	227
3425	227
3426	227
3427	227
3428	227
3429	227
3430	227
3431	227
3432	227
3433	227
3434	227
3435	227
3436	227
3437	227
3438	227
3439	227
3440	228
3441	228
3442	229
3443	229
3444	229
3445	229
3446	229
3447	230
3448	230
3449	230
3450	230
3451	230
3452	230
3453	230
3454	230
3455	230
3456	230
3457	230
3458	230
3459	231
3460	231
3461	231
3462	231
3463	231
3464	231
3465	231
3466	231
3467	231
3468	231
3469	231
3470	231
3471	231
3472	231
3473	231
3474	231
3475	231
3476	231
3477	231
3478	231
3479	231
3480	231
3481	231
3482	231
3483	231
3484	231
3485	231
3486	232
3487	232
3488	232
3489	232
3490	232
3491	232
3492	232
3493	232
3494	232
3495	232
3496	232
3497	232
3498	233
3499	233
3500	233
3501	233
3502	233
3503	233
3504	233
3505	233
3506	233
3507	233
3508	233
3509	233
3510	233
3511	233
3512	233
3513	233
3514	233
3515	233
3516	233
3517	233
3518	233
3519	233
3520	234
3521	234
3522	234
3523	234
3524	234
3525	234
3526	234
3527	234
3528	234
3529	234
3530	234
3531	234
3532	234
3533	234
3534	234
3535	234
3536	234
3537	234
3538	234
3539	234
3540	235
3541	235
3542	235
3543	235
3544	235
3545	235
3546	235
3547	235
3548	235
3549	235
3550	235
3551	235
3552	235
3553	235
3554	235
3555	235
3556	235
3557	235
3558	235
3559	235
3560	235
3561	235
3562	235
3563	235
3564	235
3565	235
3566	235
3567	235
3568	235
3569	235
3570	235
3571	235
3572	235
3573	235
3574	235
3575	235
3576	235
3577	235
3578	235
3579	235
3580	235
3581	235
3582	235
3583	235
3584	235
3585	235
3586	235
3587	235
3588	235
3589	235
3590	235
3591	235
3592	235
3593	235
3594	235
3595	235
3596	235
3597	235
3598	235
3599	235
3600	236
3601	236
3602	236
3603	236
3604	236
3605	237
3606	237
3607	237
3608	237
3609	237
3610	237
3611	237
3612	237
3613	237
3614	237
3615	237
3616	237
3617	237
3618	237
3619	237
3620	237
3621	237
3622	237
3623	237
3624	237
3625	237
3626	237
3627	237
3628	237
3629	237
3630	237
3631	237
3632	237
3633	237
3634	237
3635	237
3636	237
3637	237
3638	237
3639	237
3640	237
3641	238
3642	238
3643	238
3644	238
3645	238
3646	238
3647	238
3648	238
3649	238
3650	238
3651	238
3652	238
3653	238
3654	238
3655	238
3656	238
3657	238
3658	238
3659	238
3660	239
3661	239
3662	239
3663	239
3664	239
3665	239
3666	239
3667	239
3668	239
3669	239
3670	240
3671	240
3672	240
3673	240
3674	240
3675	240
3676	240
3677	240
3678	240
3679	240
3680	240
3681	240
3682	240
3683	240
3684	240
3685	240
3686	240
3687	240
3688	240
3689	240
3690	240
3691	240
3692	240
3693	240
3694	240
3695	240
3696	240
3697	240
3698	240
3699	240
3700	240
3701	240
3702	240
3703	240
3704	240
3705	240
3706	240
3707	240
3708	240
3709	240
3710	240
3711	240
3712	240
3713	240
3714	240
3715	240
3716	240
3717	240
3718	240
3719	240
3720	240
3721	240
3722	240
3723	240
3724	240
3725	240
3726	240
3727	240
3728	240
3729	240
3730	240
3731	240
3732	240
3733	240
3734	240
3735	240
3736	241
3737	241
3738	242
3739	242
3740	242
3741	242
3742	242
3743	242
3744	243
3745	243
3746	243
3747	243
3748	243
3749	243
3750	243
3751	243
3752	243
3753	243
3754	243
3755	243
3756	243
3757	243
3758	243
3759	243
3760	243
3761	243
3762	243
3763	243
3764	243
3765	243
3766	244
3767	244
3768	244
3769	244
3770	244
3771	244
3772	244
3773	244
3774	244
3775	245
3776	245
3777	245
3778	246
3779	246
3780	246
3781	246
3782	246
3783	246
3784	246
3785	246
3786	246
3787	246
3788	247
3789	247
3790	247
3791	247
3792	247
3793	247
3794	247
3795	247
3796	247
3797	247
3798	247
3799	247
3800	247
3801	247
3802	247
3803	247
3804	247
3805	247
3806	247
3807	247
3808	247
3809	247
3810	247
3811	247
3812	247
3813	247
3814	247
3815	247
3816	247
3817	247
3818	248
3819	248
3820	248
3821	249
3822	250
3823	250
3824	250
3825	250
3826	250
3827	251
3828	251
3829	251
3830	251
3831	251
3832	251
3833	251
3834	251
3835	251
3836	251
3837	251
3838	251
3839	251
3840	251
3841	251
3842	251
3843	251
3844	252
3845	252
3846	252
3847	252
3848	252
3849	253
3850	253
3851	254
3852	254
3853	254
3854	254
3855	254
3856	254
3857	254
3858	254
3859	254
3860	254
3861	254
3862	254
3863	254
3864	254
3865	254
3866	254
3867	254
3868	254
3869	254
3870	254
3871	254
3872	254
3873	254
3874	254
3875	254
3876	254
3877	254
3878	254
3879	254
3880	254
3881	254
3882	254
3883	254
3884	254
3885	254
3886	254
3887	254
3888	254
3889	255
3890	255
3891	255
3892	255
3893	255
3894	255
3895	255
3896	255
3897	255
3898	255
3899	255
3900	255
3901	255
3902	255
3903	255
3904	255
3905	255
3906	255
3907	255
3908	255
3909	255
3910	255
3911	255
3912	255
3913	255
3914	255
3915	255
3916	255
3917	255
3918	255
3919	255
3920	255
3921	255
3922	255
3923	255
3924	255
3925	256
3926	256
3927	256
3928	256
3929	256
3930	256
3931	256
3932	256
3933	256
3934	256
3935	256
3936	256
3937	256
3938	257
3939	257
3940	258
3941	258
3942	258
3943	258
3944	258
3945	258
3946	258
3947	258
3948	258
3949	258
3950	258
3951	258
3952	258
3953	258
3954	258
3955	258
3956	258
3957	258
3958	258
3959	258
3960	259
3961	259
3962	259
3963	259
3964	259
3965	259
3966	259
3967	259
3968	259
3969	259
3970	259
3971	260
3972	260
3973	260
3974	260
3975	260
3976	260
3977	260
3978	260
3979	260
3980	260
3981	260
3982	260
3983	260
3984	260
3985	260
3986	260
3987	260
3988	260
3989	260
3990	260
3991	260
3992	260
3993	260
3994	260
3995	260
3996	260
3997	260
3998	260
3999	260
4000	260
4001	260
4002	260
4003	260
4004	260
4005	261
4006	261
4007	261
4008	261
4009	261
4010	261
4011	261
4012	261
4013	261
4014	261
4015	261
4016	261
4017	261
4018	261
4019	261
4020	261
4021	261
4022	261
4023	261
4024	261
4025	261
4026	262
4027	262
4028	262
4029	262
4030	262
4031	262
4032	262
4033	262
4034	262
4035	262
4036	262
4037	262
4038	262
4039	262
4040	262
4041	262
4042	262
4043	262
4044	262
4045	262
4046	262
4047	262
4048	262
4049	262
4050	262
4051	262
4052	262
4053	262
4054	262
4055	262
4056	262
4057	262
4058	262
4059	262
4060	263
4061	263
4062	263
4063	263
4064	263
4065	263
4066	263
4067	263
4068	263
4069	263
4070	264
4071	265
4072	265
4073	265
4074	265
4075	265
4076	265
4077	265
4078	265
4079	265
4080	265
4081	265
4082	266
4083	266
4084	266
4085	266
4086	266
4087	266
4088	267
4089	267
4090	267
4091	267
4092	267
4093	267
4094	267
4095	267
4096	267
4097	267
4098	267
4099	267
4100	267
4101	267
4102	267
4103	267
4104	267
4105	267
4106	267
4107	267
4108	267
4109	267
4110	267
4111	267
4112	267
4113	267
4114	267
4115	267
4116	267
4117	267
4118	268
4119	268
4120	268
4121	268
4122	268
4123	268
4124	268
4125	268
4126	268
4127	268
4128	268
4129	268
4130	268
4131	268
4132	268
4133	268
4134	268
4135	268
4136	268
4137	268
4138	268
4139	268
4140	268
4141	268
4142	268
4143	268
4144	268
4145	268
4146	268
4147	268
4148	268
4149	268
4150	268
4151	268
4152	268
4153	268
4154	268
4155	268
4156	268
4157	268
4158	268
4159	268
4160	268
4161	268
4162	268
4163	268
4164	268
4165	268
4166	268
4167	268
4168	268
4169	268
4170	269
4171	269
4172	269
4173	269
4174	269
4175	270
4176	270
4177	270
4178	270
4179	270
4180	270
4181	271
4182	271
4183	271
4184	271
4185	271
4186	272
4187	272
4188	272
4189	272
4190	272
4191	272
4192	272
4193	272
4194	272
4195	272
4196	272
4197	272
4198	272
4199	272
4200	272
4201	272
4202	272
4203	272
4204	273
4205	273
4206	274
4207	274
4208	274
4209	274
4210	274
4211	274
4212	274
4213	274
4214	274
4215	274
4216	274
4217	274
4218	275
4219	276
4220	276
4221	276
4222	276
4223	276
4224	276
4225	276
4226	276
4227	276
4228	276
4229	276
4230	276
4231	277
4232	277
4233	277
4234	277
4235	277
4236	277
4237	277
4238	277
4239	277
4240	277
4241	277
4242	277
4243	277
4244	277
4245	277
4246	277
4247	277
4248	277
4249	277
4250	277
4251	277
4252	277
4253	277
4254	277
4255	277
4256	277
4257	277
4258	277
4259	277
4260	277
4261	277
4262	277
4263	277
4264	277
4265	277
4266	277
4267	277
4268	277
4269	277
4270	277
4271	277
4272	277
4273	277
4274	277
4275	277
4276	277
4277	277
4278	277
4279	277
4280	277
4281	277
4282	278
4283	279
4284	279
4285	279
4286	279
4287	279
4288	279
4289	279
4290	279
4291	279
4292	279
4293	279
4294	279
4295	279
4296	279
4297	279
4298	279
4299	279
4300	279
4301	280
4302	280
4303	280
4304	280
4305	280
4306	280
4307	280
4308	280
4309	280
4310	280
4311	280
4312	280
4313	280
4314	280
4315	281
4316	281
4317	281
4318	281
4319	281
4320	281
4321	281
4322	281
4323	281
4324	281
4325	281
4326	282
4327	282
4328	282
4329	282
4330	282
4331	282
4332	282
4333	282
4334	282
4335	282
4336	282
4337	282
4338	282
4339	282
4340	283
4341	283
4342	283
4343	283
4344	283
4345	283
4346	283
4347	283
4348	283
4349	283
4350	283
4351	283
4352	283
4353	283
4354	283
4355	283
4356	283
4357	283
4358	283
4359	283
4360	283
4361	283
4362	283
4363	283
4364	283
4365	283
4366	283
4367	283
4368	283
4369	284
4370	284
4371	284
4372	284
4373	284
4374	284
4375	284
4376	284
4377	284
4378	284
4379	284
4380	284
4381	284
4382	284
4383	284
4384	284
4385	284
4386	284
4387	284
4388	285
4389	285
4390	286
4391	286
4392	286
4393	286
4394	286
4395	286
4396	286
4397	286
4398	286
4399	286
4400	286
4401	286
4402	286
4403	286
4404	286
4405	286
4406	286
4407	287
4408	287
4409	287
4410	287
4411	287
4412	287
4413	287
4414	287
4415	287
4416	287
4417	287
4418	288
4419	289
4420	289
4421	289
4422	289
4423	289
4424	289
4425	289
4426	289
4427	289
4428	289
4429	289
4430	289
4431	289
4432	289
4433	289
4434	289
4435	290
4436	290
4437	290
4438	290
4439	290
4440	290
4441	290
4442	290
4443	290
4444	290
4445	290
4446	290
4447	290
4448	290
4449	290
4450	291
4451	291
4452	291
4453	291
4454	291
4455	291
4456	291
4457	291
4458	291
4459	291
4460	291
4461	291
4462	291
4463	291
4464	292
4465	292
4466	293
4467	293
4468	293
4469	293
4470	293
4471	293
4472	293
4473	293
4474	294
4475	294
4476	294
4477	294
4478	294
4479	294
4480	294
4481	294
4482	294
4483	294
4484	294
4485	294
4486	294
4487	295
4488	295
4489	295
4490	295
4491	295
4492	295
4493	296
4494	296
4495	296
4496	296
4497	296
4498	296
4499	296
4500	296
4501	296
4502	296
4503	296
4504	296
4505	296
4506	296
4507	296
4508	296
4509	296
4510	296
4511	296
4512	296
4513	296
4514	296
4515	296
4516	296
4517	296
4518	296
4519	296
4520	296
4521	296
4522	296
4523	296
4524	296
4525	296
4526	296
4527	296
4528	296
4529	296
4530	296
4531	296
4532	296
4533	296
4534	296
4535	296
4536	296
4537	296
4538	296
4539	296
4540	296
4541	296
4542	296
4543	297
4544	297
4545	298
4546	298
4547	298
4548	298
4549	298
4550	298
4551	298
4552	298
4553	299
4554	299
4555	299
4556	299
4557	299
4558	299
4559	299
4560	299
4561	299
4562	299
4563	299
4564	299
4565	299
4566	299
4567	299
4568	299
4569	299
4570	299
4571	299
4572	299
4573	299
4574	299
4575	299
4576	299
4577	299
4578	299
4579	299
4580	299
4581	299
4582	299
4583	299
4584	299
4585	299
4586	299
4587	299
4588	299
4589	300
4590	300
4591	300
4592	300
4593	300
4594	300
4595	300
4596	300
4597	300
4598	300
4599	300
4600	300
4601	300
4602	300
4603	300
4604	300
4605	300
4606	300
4607	300
4608	300
4609	300
4610	300
4611	300
4612	300
4613	300
4614	300
4615	300
4616	300
4617	300
4618	300
4619	300
4620	300
4621	300
4622	300
4623	300
4624	300
4625	300
4626	301
4627	301
4628	301
4629	301
4630	301
4631	301
4632	301
4633	301
4634	301
4635	301
4636	302
4637	302
4638	302
4639	302
4640	302
4641	302
4642	302
4643	302
4644	302
4645	302
4646	302
4647	302
4648	302
4649	302
4650	302
4651	302
4652	302
4653	302
4654	302
4655	302
4656	302
4657	302
4658	302
4659	302
4660	302
4661	302
4662	302
4663	302
4664	302
4665	302
4666	302
4667	302
4668	302
4669	303
4670	303
4671	303
4672	303
4673	303
4674	303
4675	303
4676	303
4677	303
4678	303
4679	303
4680	303
4681	303
4682	303
4683	303
4684	303
4685	303
4686	303
4687	303
4688	303
4689	303
4690	303
4691	303
4692	303
4693	303
4694	303
4695	303
4696	303
4697	303
4698	303
4699	303
4700	303
4701	303
4702	303
4703	303
4704	303
4705	303
4706	304
4707	304
4708	304
4709	304
4710	304
4711	304
4712	304
4713	304
4714	304
4715	304
4716	304
4717	304
4718	304
4719	304
4720	304
4721	304
4722	304
4723	304
4724	304
4725	305
4726	305
4727	305
4728	305
4729	305
4730	305
4731	305
4732	305
4733	305
4734	305
4735	305
4736	305
4737	305
4738	305
4739	305
4740	305
4741	305
4742	305
4743	305
4744	305
4745	305
4746	305
4747	305
4748	305
4749	305
4750	306
4751	306
4752	306
4753	306
4754	306
4755	306
4756	306
4757	306
4758	306
4759	306
4760	306
4761	307
4762	307
4763	307
4764	308
4765	308
4766	308
4767	308
4768	308
4769	309
4770	309
4771	310
4772	310
4773	310
4774	310
4775	310
4776	310
4777	310
4778	311
4779	311
4780	311
4781	311
4782	311
4783	311
4784	311
4785	311
