
R version 4.3.0 (2023-04-21) -- "Already Tomorrow"
Copyright (C) 2023 The R Foundation for Statistical Computing
Platform: x86_64-pc-linux-gnu (64-bit)

R is free software and comes with ABSOLUTELY NO WARRANTY.
You are welcome to redistribute it under certain conditions.
Type 'license()' or 'licence()' for distribution details.

  Natural language support but running in an English locale

R is a collaborative project with many contributors.
Type 'contributors()' for more information and
'citation()' on how to cite R or R packages in publications.

Type 'demo()' for some demos, 'help()' for on-line help, or
'help.start()' for an HTML browser interface to help.
Type 'q()' to quit R.

> rm(list = ls())
> gc()
         used (Mb) gc trigger (Mb) max used (Mb)
Ncells 284765 15.3     664565 35.5   464468 24.9
Vcells 490458  3.8    8388608 64.0  1837328 14.1
> library(dplyr)

Attaching package: ‘dplyr’

The following objects are masked from ‘package:stats’:

    filter, lag

The following objects are masked from ‘package:base’:

    intersect, setdiff, setequal, union

> library(readr)
> library(foreach)
> library(doParallel)
Loading required package: iterators
Loading required package: parallel
> 
> # Set up the number of cores used for parallelization.
> message(detectCores())
32
> num_cores <- 32
> registerDoParallel(num_cores)
> 
> #########################
> #### SEIR Simulation ####
> #########################
> time <- 365 # Number of days.
> inf <- 7 # Average infectious period length.
> N <- 1000 # Population size.
> 
> create_hh <- function() {
+   # Randomly sample household sizes such that total population is 1000 
+   # individuals.
+   hh_size <- sample(x = c(3, 4, 5, 6), size = 340, replace = T)
+   
+   # Keep households such that total population is < 1000.
+   hh_size <- hh_size[which(cumsum(hh_size) < N)]
+   
+   leftover <- N - sum(hh_size)
+   if (leftover < 3) {
+     hh <- 1:length(hh_size)
+     sampled <- sample(hh[hh_size < 6], leftover)
+     hh_size[sampled] <- hh_size[sampled] + 1
+   } else {
+     hh_size <- c(hh_size, leftover)
+   }
+   return(hh_size)
+ }
> 
> SEIR <- function(params, inf = 7, verbose = F) {
+   hh_size <- create_hh()
+   
+   # Create frame for running the simulation.
+   # ID: ID of individual.
+   # SIZE: size of individual's household.
+   # HH: ID of individual's household.
+   # S: susceptibility status.
+   # E: exposed status.
+   # E_count: number of days since exposed.
+   # I: infectious status.
+   # I_count: number of days since infectious.
+   # R: recovered status.
+   # INC: incubation period.
+   # INF: infectious period.
+   data <- data.frame(ID = 1:N,
+                      SIZE = rep(hh_size, times = hh_size),
+                      HH = rep(1:length(hh_size), times = hh_size), 
+                      S = c(0, rep(1, N - 1)), 
+                      E = c(1, rep(0, N - 1)),
+                      E_count = c(1, rep(0, N - 1)), 
+                      I = 0,
+                      I_count = 0, 
+                      R = 0, 
+                      INC = c(round(rlnorm(1, meanlog = log(29.8), sdlog = 0.45)), rep(0, N - 1)),
+                      INF = 0)
+   
+   # Create frame for storing results.
+   # ID: ID of individual.
+   # SIZE: size of individual's household.
+   # HH: ID of individual's household.
+   # TYPE: the kind of infection: household (H), community (C), or both (B).
+   # TIME: when the individual became infectious.
+   # S_NUM: number of susceptible people in individual's household when their 
+   #        infectious period begins.
+   # I_NUM: number of people in household that this individual infected over 
+   #        their infectious period.
+   results <- data[, 1:3] %>% mutate(TYPE = NA, TIME = NA, S_NUM = NA, I_NUM = 0)
+   results$TYPE[1] <- '0'
+     
+   for(t in 1:time) {
+     if (verbose) {
+       if (t %% 10 == 0) {
+         cat(paste0(t, ' '))
+       }
+     }
+     
+     # Anyone who has been infectious for as many days as their infectious period
+     # is now recovered.
+     recovered <- (data$INF > 0) & (data$I_count == data$INF)
+     if(sum(recovered, na.rm = T) > 0) {
+       data$R[recovered] <- 1
+       data$I[recovered] <- 0
+       data$I_count[recovered] <- 0 
+     }
+     
+     # Anyone who has been incubating for as many days as their incubation period
+     # is now infectious.
+     new_inf <- (data$INC > 0) & (data$E_count == data$INC)
+     num_new_inf <- sum(new_inf, na.rm = T)
+     if(num_new_inf > 0) {
+       # Change status to newly infectious and add infectious period.
+       data$I[new_inf] <- 1
+       random_inf <- rnorm(num_new_inf, mean = inf, sd = 1) %>% round()
+       data$INF[new_inf] <- random_inf
+       
+       # Remove exposure status and exposure count.
+       data$E[new_inf] <- 0
+       data$E_count[new_inf] <- 0 
+       
+       results$TIME[new_inf] <- t
+     }
+     
+     beta_E <- params[1]
+     risk_E <- pmin(beta_E * data$S, 1)
+     
+     new_exposed <- rbinom(N, 1, risk_E)
+     num_new_exposed <- sum(new_exposed, na.rm = T)
+     if(num_new_exposed > 0) {
+       # Change status to newly exposed and add incubation period.
+       data$E[new_exposed == 1] <- 1
+       random_inc <- rlnorm(num_new_exposed, meanlog = log(29.8), sdlog = 0.45) %>% round()
+       data$INC[new_exposed == 1] <- random_inc
+       
+       # Remove susceptible status.
+       data$S[new_exposed == 1] <- 0
+         
+       # Label infection types.
+       results$TYPE[new_exposed == 1] <- 'E'
+     }
+     
+     # Increment exposure and infectious counters.
+     data$E_count[data$E == 1] <- data$E_count[data$E == 1] + 1
+     data$I_count[data$I == 1] <- data$I_count[data$I == 1] + 1
+   }
+   return(results)
+ }
> 
> metrics <- function(results) {
+   # Incidence is the proportion of the population that became infected.
+   idc <- mean(!is.na(results$TIME))
+   return(c(idc))
+ }
> 
> ##############################
> #### Metropolis Algorithm ####
> ##############################
> score <- function(fit, tgt) {
+   # The score is the L² distance of the observed values from the target.
+   return(sum((fit - tgt)^2))
+ }
> 
> # The likelihood is calculated by first averaging the incidence and SAR over n
> # simulations with the state parameters. The likelihood is the negative log
> # score of the average incidence and SAR.
> likelihood <- function(state, tgt, n = 300) {
+   # If any parameter is negative, do not transition to that state.
+   if (any(state < 0)) {
+     return(-Inf)
+   }
+   # Otherwise, find the average incidence and SAR and compute likelihood.
+   vals <- foreach (i = 1:n, .combine = c) %dopar% {
+     results <- SEIR(state)
+     metrics(results)
+   }
+   vals <- matrix(vals, n, byrow = T)
+   fit <- colMeans(vals)
+   return(-log(score(fit, tgt)))
+ }
> 
> # Proposal function
> q <- function(state, sds = c(0.000001)) {
+   # Sample from a multivariate normal distributions centered at the current 
+   # state. The SDs roughly correspond to the step-size of the chain for each 
+   # parameter.
+   return(rnorm(n = 1, mean = state, sd = sds))
+ }
> 
> # MCMC
> metropolis <- function(start, tgt, num_sim, num_iter) {
+   path <- matrix(NA, num_iter + 1, 1)
+   liks <- rep(NA, num_iter + 1)
+   
+   # Initialize current state.
+   curr <- start
+   curr_lik <- likelihood(curr, tgt, num_sim)
+   
+   # Initialize best state.
+   best <- curr
+   best_lik <- curr_lik
+   for (i in 1:num_iter) {
+     # Save the current state and its likelihood.
+     path[i, ] <- curr
+     liks[i] <- curr_lik
+       
+     cat('[', 
+         format(round(curr[1], 7), nsmall = 7, scientific = F), ']\t',
+         format(round(curr_lik, 3), nsmall = 3), '\t', sep = '')
+     
+     # Get a proposed state and calculate its likelihood.
+     prop <- q(curr)
+     prop_lik <- likelihood(prop, tgt, num_sim)
+     
+     cat('[', 
+         format(round(prop[1], 7), nsmall = 7, scientific = F), ']\t',
+         format(round(prop_lik, 3), nsmall = 3), '\t', sep = '')
+       
+     # Compute the ratio of the scores of the two states and generate a uniform 
+     # bit.
+     r <- exp(prop_lik - curr_lik)
+     p <- runif(1)
+     
+     # Print the current progress.
+     cat(format(round(r, 3), nsmall = 3), '\t', format(round(p, 3), nsmall = 3), '\n', sep = '')
+     
+     # Transition if the proposed state is better or if the coin flip succeeds.
+     if (p < r) { 
+       curr <- prop
+       curr_lik <- prop_lik
+       
+       # If the new likelihood is better than the best we've seen so far, replace 
+       # the best.
+       if (curr_lik > best_lik) {
+         best <- curr
+         best_lik <- curr_lik
+       }
+     }
+     
+     # Save the path, best state, and likelihoods so far.
+     write.table(path, file = 'path.txt', row.names = F, col.names = F)
+     write.table(liks, file = 'liks.txt', row.names = F, col.names = F)
+     write.table(best, file = 'best.txt', row.names = F, col.names = F)
+   }
+   path[num_iter + 1, ] <- curr
+   liks[num_iter + 1] <- curr_lik
+   return(list(path, liks, best))
+ }
> 
> # Solve for optimal values via MCMC.
> tgt <- c(0.30)
> start <- c(0.0010669730955174)
> results <- metropolis(start, tgt, num_sim = 1000, num_iter = 1000)
[0.0010670]	14.129	[0.0010659]	13.179	0.387	0.788
[0.0010670]	14.129	[0.0010670]	13.157	0.378	0.681
[0.0010670]	14.129	[0.0010669]	12.927	0.301	0.626
[0.0010670]	14.129	[0.0010688]	16.340	9.128	0.546
[0.0010688]	16.340	[0.0010680]	14.520	0.162	0.143
[0.0010680]	14.520	[0.0010688]	16.271	5.757	0.542
[0.0010688]	16.271	[0.0010692]	15.015	0.285	0.848
[0.0010688]	16.271	[0.0010673]	13.691	0.076	0.044
[0.0010673]	13.691	[0.0010669]	16.204	12.331	0.160
[0.0010669]	16.204	[0.0010667]	15.820	0.682	0.963
[0.0010669]	16.204	[0.0010672]	14.736	0.231	0.519
[0.0010669]	16.204	[0.0010663]	17.407	3.332	0.186
[0.0010663]	17.407	[0.0010671]	18.056	1.914	0.003
[0.0010671]	18.056	[0.0010666]	12.574	0.004	0.212
[0.0010671]	18.056	[0.0010686]	12.910	0.006	0.280
[0.0010671]	18.056	[0.0010679]	19.690	5.126	0.736
[0.0010679]	19.690	[0.0010676]	13.874	0.003	0.161
[0.0010679]	19.690	[0.0010689]	13.486	0.002	0.847
[0.0010679]	19.690	[0.0010681]	13.474	0.002	0.913
[0.0010679]	19.690	[0.0010675]	13.464	0.002	0.176
[0.0010679]	19.690	[0.0010677]	12.829	0.001	0.895
[0.0010679]	19.690	[0.0010681]	19.023	0.513	0.952
[0.0010679]	19.690	[0.0010680]	14.343	0.005	0.946
[0.0010679]	19.690	[0.0010669]	15.444	0.014	0.370
[0.0010679]	19.690	[0.0010684]	15.382	0.013	0.396
[0.0010679]	19.690	[0.0010672]	13.291	0.002	0.066
[0.0010679]	19.690	[0.0010676]	14.264	0.004	0.004
[0.0010676]	14.264	[0.0010688]	14.749	1.624	0.510
[0.0010688]	14.749	[0.0010677]	14.611	0.871	0.733
[0.0010677]	14.611	[0.0010681]	19.377	117.478	0.001
[0.0010681]	19.377	[0.0010681]	13.776	0.004	0.862
[0.0010681]	19.377	[0.0010666]	13.927	0.004	0.706
[0.0010681]	19.377	[0.0010680]	13.405	0.003	0.441
[0.0010681]	19.377	[0.0010668]	13.984	0.005	0.311
[0.0010681]	19.377	[0.0010680]	14.087	0.005	0.496
[0.0010681]	19.377	[0.0010682]	14.453	0.007	0.945
[0.0010681]	19.377	[0.0010681]	13.733	0.004	0.065
[0.0010681]	19.377	[0.0010669]	14.119	0.005	0.455
[0.0010681]	19.377	[0.0010685]	18.323	0.349	0.939
[0.0010681]	19.377	[0.0010688]	16.442	0.053	0.435
[0.0010681]	19.377	[0.0010690]	15.330	0.017	0.238
[0.0010681]	19.377	[0.0010679]	14.122	0.005	0.650
[0.0010681]	19.377	[0.0010690]	13.778	0.004	0.577
[0.0010681]	19.377	[0.0010683]	13.710	0.003	0.119
[0.0010681]	19.377	[0.0010688]	20.520	3.138	0.164
[0.0010688]	20.520	[0.0010683]	14.445	0.002	0.996
[0.0010688]	20.520	[0.0010691]	16.637	0.021	0.235
[0.0010688]	20.520	[0.0010703]	16.284	0.014	0.803
[0.0010688]	20.520	[0.0010698]	19.313	0.299	0.758
[0.0010688]	20.520	[0.0010679]	16.094	0.012	0.048
[0.0010688]	20.520	[0.0010705]	19.134	0.250	0.496
[0.0010688]	20.520	[0.0010676]	14.705	0.003	0.256
[0.0010688]	20.520	[0.0010688]	16.442	0.017	0.449
[0.0010688]	20.520	[0.0010682]	13.212	0.001	0.663
[0.0010688]	20.520	[0.0010684]	14.257	0.002	0.317
[0.0010688]	20.520	[0.0010685]	14.200	0.002	0.931
[0.0010688]	20.520	[0.0010693]	23.739	25.000	0.738
[0.0010693]	23.739	[0.0010699]	15.399	0.000	0.303
[0.0010693]	23.739	[0.0010690]	13.434	0.000	0.720
[0.0010693]	23.739	[0.0010702]	16.223	0.001	0.770
[0.0010693]	23.739	[0.0010708]	15.480	0.000	0.357
[0.0010693]	23.739	[0.0010688]	13.647	0.000	0.813
[0.0010693]	23.739	[0.0010696]	17.468	0.002	0.755
[0.0010693]	23.739	[0.0010692]	15.745	0.000	0.485
[0.0010693]	23.739	[0.0010695]	22.661	0.340	0.646
[0.0010693]	23.739	[0.0010690]	16.210	0.001	0.207
[0.0010693]	23.739	[0.0010691]	13.899	0.000	0.244
[0.0010693]	23.739	[0.0010679]	14.232	0.000	0.808
[0.0010693]	23.739	[0.0010681]	14.537	0.000	0.903
[0.0010693]	23.739	[0.0010673]	14.383	0.000	0.635
[0.0010693]	23.739	[0.0010688]	14.572	0.000	0.762
[0.0010693]	23.739	[0.0010690]	15.214	0.000	0.177
[0.0010693]	23.739	[0.0010688]	13.121	0.000	0.549
[0.0010693]	23.739	[0.0010673]	14.359	0.000	0.972
[0.0010693]	23.739	[0.0010700]	18.267	0.004	0.263
[0.0010693]	23.739	[0.0010695]	15.751	0.000	0.904
[0.0010693]	23.739	[0.0010673]	13.088	0.000	0.628
[0.0010693]	23.739	[0.0010678]	12.922	0.000	0.966
[0.0010693]	23.739	[0.0010688]	18.523	0.005	0.485
[0.0010693]	23.739	[0.0010714]	16.305	0.001	0.909
[0.0010693]	23.739	[0.0010691]	14.028	0.000	0.560
[0.0010693]	23.739	[0.0010679]	14.791	0.000	0.783
[0.0010693]	23.739	[0.0010702]	14.257	0.000	0.720
[0.0010693]	23.739	[0.0010684]	16.612	0.001	0.081
[0.0010693]	23.739	[0.0010680]	15.658	0.000	0.734
[0.0010693]	23.739	[0.0010689]	24.858	3.062	0.461
[0.0010689]	24.858	[0.0010696]	19.807	0.006	0.048
[0.0010689]	24.858	[0.0010694]	15.490	0.000	0.896
[0.0010689]	24.858	[0.0010674]	14.131	0.000	0.942
[0.0010689]	24.858	[0.0010698]	20.763	0.017	0.307
[0.0010689]	24.858	[0.0010673]	15.154	0.000	0.344
[0.0010689]	24.858	[0.0010685]	14.714	0.000	0.907
[0.0010689]	24.858	[0.0010700]	18.722	0.002	0.451
[0.0010689]	24.858	[0.0010704]	19.510	0.005	0.088
[0.0010689]	24.858	[0.0010679]	13.722	0.000	0.203
[0.0010689]	24.858	[0.0010701]	18.056	0.001	0.013
[0.0010689]	24.858	[0.0010711]	16.244	0.000	0.580
[0.0010689]	24.858	[0.0010702]	16.427	0.000	0.502
[0.0010689]	24.858	[0.0010703]	13.878	0.000	0.190
[0.0010689]	24.858	[0.0010684]	17.506	0.001	0.261
[0.0010689]	24.858	[0.0010679]	12.746	0.000	0.605
[0.0010689]	24.858	[0.0010693]	15.182	0.000	0.812
[0.0010689]	24.858	[0.0010698]	14.546	0.000	0.094
[0.0010689]	24.858	[0.0010683]	14.453	0.000	0.621
[0.0010689]	24.858	[0.0010688]	14.968	0.000	0.502
[0.0010689]	24.858	[0.0010674]	13.774	0.000	0.134
[0.0010689]	24.858	[0.0010679]	16.670	0.000	0.132
[0.0010689]	24.858	[0.0010706]	17.664	0.001	0.116
[0.0010689]	24.858	[0.0010680]	14.208	0.000	0.744
[0.0010689]	24.858	[0.0010690]	17.336	0.001	0.498
[0.0010689]	24.858	[0.0010695]	15.448	0.000	0.981
[0.0010689]	24.858	[0.0010687]	15.826	0.000	0.077
[0.0010689]	24.858	[0.0010683]	15.369	0.000	0.834
[0.0010689]	24.858	[0.0010683]	13.854	0.000	0.814
[0.0010689]	24.858	[0.0010690]	14.622	0.000	0.263
[0.0010689]	24.858	[0.0010686]	17.169	0.000	0.916
[0.0010689]	24.858	[0.0010685]	15.343	0.000	0.724
[0.0010689]	24.858	[0.0010677]	14.391	0.000	0.019
[0.0010689]	24.858	[0.0010666]	14.033	0.000	0.289
[0.0010689]	24.858	[0.0010700]	14.711	0.000	0.947
[0.0010689]	24.858	[0.0010695]	16.126	0.000	0.270
[0.0010689]	24.858	[0.0010693]	18.943	0.003	0.305
[0.0010689]	24.858	[0.0010690]	14.129	0.000	0.945
[0.0010689]	24.858	[0.0010698]	17.313	0.001	0.483
[0.0010689]	24.858	[0.0010686]	16.464	0.000	0.383
[0.0010689]	24.858	[0.0010691]	16.755	0.000	0.574
[0.0010689]	24.858	[0.0010699]	15.373	0.000	0.001
[0.0010689]	24.858	[0.0010683]	16.612	0.000	0.244
[0.0010689]	24.858	[0.0010679]	13.342	0.000	0.222
[0.0010689]	24.858	[0.0010683]	14.537	0.000	0.036
[0.0010689]	24.858	[0.0010677]	15.663	0.000	0.920
[0.0010689]	24.858	[0.0010689]	14.119	0.000	0.244
[0.0010689]	24.858	[0.0010685]	15.382	0.000	0.904
[0.0010689]	24.858	[0.0010699]	17.974	0.001	0.793
[0.0010689]	24.858	[0.0010683]	14.359	0.000	0.635
[0.0010689]	24.858	[0.0010696]	20.018	0.008	0.966
[0.0010689]	24.858	[0.0010686]	13.379	0.000	0.953
[0.0010689]	24.858	[0.0010680]	14.282	0.000	0.116
[0.0010689]	24.858	[0.0010696]	17.180	0.000	0.035
[0.0010689]	24.858	[0.0010672]	13.339	0.000	0.840
[0.0010689]	24.858	[0.0010693]	15.570	0.000	0.962
[0.0010689]	24.858	[0.0010686]	14.689	0.000	0.987
[0.0010689]	24.858	[0.0010694]	20.829	0.018	0.942
[0.0010689]	24.858	[0.0010687]	14.572	0.000	0.579
[0.0010689]	24.858	[0.0010679]	13.726	0.000	0.999
[0.0010689]	24.858	[0.0010706]	17.519	0.001	0.956
[0.0010689]	24.858	[0.0010687]	14.388	0.000	0.833
[0.0010689]	24.858	[0.0010691]	17.336	0.001	0.468
[0.0010689]	24.858	[0.0010687]	17.126	0.000	0.088
[0.0010689]	24.858	[0.0010678]	14.434	0.000	0.418
[0.0010689]	24.858	[0.0010694]	15.956	0.000	0.102
[0.0010689]	24.858	[0.0010693]	17.444	0.001	0.347
[0.0010689]	24.858	[0.0010688]	12.810	0.000	0.499
[0.0010689]	24.858	[0.0010671]	13.629	0.000	0.730
[0.0010689]	24.858	[0.0010700]	16.772	0.000	0.201
[0.0010689]	24.858	[0.0010687]	17.958	0.001	0.098
[0.0010689]	24.858	[0.0010671]	13.543	0.000	0.045
[0.0010689]	24.858	[0.0010694]	14.807	0.000	0.688
[0.0010689]	24.858	[0.0010685]	14.759	0.000	0.530
[0.0010689]	24.858	[0.0010673]	18.176	0.001	0.949
[0.0010689]	24.858	[0.0010679]	13.097	0.000	0.813
[0.0010689]	24.858	[0.0010684]	16.015	0.000	0.561
[0.0010689]	24.858	[0.0010677]	15.950	0.000	0.324
[0.0010689]	24.858	[0.0010681]	15.462	0.000	0.776
[0.0010689]	24.858	[0.0010684]	14.509	0.000	0.997
[0.0010689]	24.858	[0.0010673]	13.881	0.000	0.183
[0.0010689]	24.858	[0.0010698]	16.151	0.000	0.224
[0.0010689]	24.858	[0.0010666]	13.527	0.000	0.206
[0.0010689]	24.858	[0.0010699]	17.927	0.001	0.084
[0.0010689]	24.858	[0.0010689]	15.574	0.000	0.879
[0.0010689]	24.858	[0.0010701]	16.899	0.000	0.532
[0.0010689]	24.858	[0.0010684]	12.534	0.000	0.771
[0.0010689]	24.858	[0.0010696]	15.186	0.000	0.904
[0.0010689]	24.858	[0.0010675]	14.495	0.000	0.511
[0.0010689]	24.858	[0.0010685]	15.085	0.000	0.565
[0.0010689]	24.858	[0.0010668]	13.733	0.000	0.267
[0.0010689]	24.858	[0.0010700]	15.494	0.000	0.961
[0.0010689]	24.858	[0.0010705]	16.070	0.000	0.165
[0.0010689]	24.858	[0.0010709]	15.413	0.000	0.146
[0.0010689]	24.858	[0.0010667]	13.708	0.000	0.014
[0.0010689]	24.858	[0.0010682]	16.899	0.000	0.589
[0.0010689]	24.858	[0.0010689]	18.421	0.002	0.993
[0.0010689]	24.858	[0.0010682]	17.324	0.001	0.975
[0.0010689]	24.858	[0.0010681]	14.399	0.000	0.599
[0.0010689]	24.858	[0.0010712]	13.935	0.000	0.454
[0.0010689]	24.858	[0.0010679]	12.972	0.000	0.417
[0.0010689]	24.858	[0.0010677]	13.712	0.000	0.368
[0.0010689]	24.858	[0.0010696]	18.654	0.002	0.221
[0.0010689]	24.858	[0.0010684]	13.967	0.000	0.839
[0.0010689]	24.858	[0.0010689]	18.401	0.002	0.177
[0.0010689]	24.858	[0.0010697]	16.781	0.000	0.225
[0.0010689]	24.858	[0.0010705]	17.637	0.001	0.087
[0.0010689]	24.858	[0.0010694]	14.724	0.000	0.913
[0.0010689]	24.858	[0.0010707]	14.249	0.000	0.305
[0.0010689]	24.858	[0.0010692]	14.881	0.000	0.303
[0.0010689]	24.858	[0.0010673]	13.647	0.000	0.031
[0.0010689]	24.858	[0.0010690]	15.574	0.000	0.290
[0.0010689]	24.858	[0.0010698]	21.360	0.030	0.895
[0.0010689]	24.858	[0.0010703]	18.056	0.001	0.151
[0.0010689]	24.858	[0.0010676]	15.131	0.000	0.354
[0.0010689]	24.858	[0.0010685]	15.093	0.000	0.643
[0.0010689]	24.858	[0.0010696]	17.359	0.001	0.225
[0.0010689]	24.858	[0.0010679]	13.703	0.000	0.097
[0.0010689]	24.858	[0.0010679]	14.225	0.000	0.898
[0.0010689]	24.858	[0.0010672]	12.317	0.000	0.332
[0.0010689]	24.858	[0.0010700]	16.419	0.000	0.186
[0.0010689]	24.858	[0.0010675]	14.152	0.000	0.774
[0.0010689]	24.858	[0.0010686]	13.585	0.000	0.185
[0.0010689]	24.858	[0.0010690]	13.858	0.000	0.295
[0.0010689]	24.858	[0.0010701]	16.826	0.000	0.031
[0.0010689]	24.858	[0.0010686]	14.705	0.000	0.251
[0.0010689]	24.858	[0.0010683]	13.297	0.000	0.929
[0.0010689]	24.858	[0.0010667]	14.926	0.000	0.740
[0.0010689]	24.858	[0.0010679]	14.333	0.000	0.817
[0.0010689]	24.858	[0.0010686]	13.899	0.000	0.999
[0.0010689]	24.858	[0.0010682]	15.074	0.000	0.122
[0.0010689]	24.858	[0.0010690]	14.351	0.000	0.226
[0.0010689]	24.858	[0.0010695]	17.650	0.001	0.610
[0.0010689]	24.858	[0.0010704]	16.230	0.000	0.708
[0.0010689]	24.858	[0.0010679]	13.174	0.000	0.296
[0.0010689]	24.858	[0.0010683]	13.862	0.000	0.947
[0.0010689]	24.858	[0.0010692]	14.439	0.000	0.871
[0.0010689]	24.858	[0.0010678]	16.132	0.000	0.990
[0.0010689]	24.858	[0.0010700]	15.048	0.000	0.181
[0.0010689]	24.858	[0.0010695]	14.662	0.000	0.635
[0.0010689]	24.858	[0.0010699]	14.484	0.000	0.041
[0.0010689]	24.858	[0.0010689]	13.830	0.000	0.912
[0.0010689]	24.858	[0.0010689]	16.502	0.000	0.986
[0.0010689]	24.858	[0.0010677]	17.301	0.001	0.386
[0.0010689]	24.858	[0.0010682]	16.427	0.000	0.792
[0.0010689]	24.858	[0.0010698]	16.580	0.000	0.071
[0.0010689]	24.858	[0.0010698]	16.580	0.000	0.386
[0.0010689]	24.858	[0.0010699]	15.985	0.000	0.245
[0.0010689]	24.858	[0.0010689]	16.171	0.000	0.754
[0.0010689]	24.858	[0.0010697]	15.831	0.000	0.697
[0.0010689]	24.858	[0.0010704]	13.976	0.000	0.442
[0.0010689]	24.858	[0.0010679]	22.086	0.062	0.397
[0.0010689]	24.858	[0.0010672]	13.729	0.000	0.782
[0.0010689]	24.858	[0.0010692]	13.774	0.000	0.895
[0.0010689]	24.858	[0.0010692]	13.632	0.000	0.600
[0.0010689]	24.858	[0.0010711]	17.075	0.000	0.866
[0.0010689]	24.858	[0.0010673]	14.878	0.000	0.654
[0.0010689]	24.858	[0.0010682]	14.110	0.000	0.794
[0.0010689]	24.858	[0.0010680]	14.997	0.000	0.017
[0.0010689]	24.858	[0.0010687]	15.467	0.000	0.841
[0.0010689]	24.858	[0.0010692]	15.613	0.000	0.887
[0.0010689]	24.858	[0.0010689]	17.301	0.001	0.019
[0.0010689]	24.858	[0.0010683]	16.653	0.000	0.653
[0.0010689]	24.858	[0.0010691]	18.631	0.002	0.289
[0.0010689]	24.858	[0.0010674]	13.095	0.000	0.623
[0.0010689]	24.858	[0.0010681]	17.557	0.001	0.921
[0.0010689]	24.858	[0.0010677]	14.367	0.000	0.669
[0.0010689]	24.858	[0.0010690]	15.190	0.000	0.400
[0.0010689]	24.858	[0.0010686]	14.891	0.000	0.957
[0.0010689]	24.858	[0.0010685]	15.238	0.000	0.161
[0.0010689]	24.858	[0.0010682]	15.158	0.000	0.953
[0.0010689]	24.858	[0.0010696]	17.519	0.001	0.054
[0.0010689]	24.858	[0.0010696]	14.537	0.000	0.672
[0.0010689]	24.858	[0.0010684]	12.866	0.000	0.976
[0.0010689]	24.858	[0.0010685]	13.641	0.000	0.412
[0.0010689]	24.858	[0.0010692]	14.310	0.000	0.732
[0.0010689]	24.858	[0.0010694]	13.876	0.000	0.215
[0.0010689]	24.858	[0.0010677]	14.708	0.000	0.995
[0.0010689]	24.858	[0.0010696]	15.135	0.000	0.959
[0.0010689]	24.858	[0.0010701]	13.471	0.000	0.759
[0.0010689]	24.858	[0.0010689]	16.937	0.000	0.866
[0.0010689]	24.858	[0.0010673]	13.814	0.000	0.481
[0.0010689]	24.858	[0.0010692]	13.286	0.000	0.597
[0.0010689]	24.858	[0.0010688]	18.523	0.002	0.249
[0.0010689]	24.858	[0.0010687]	16.927	0.000	0.796
[0.0010689]	24.858	[0.0010685]	13.939	0.000	0.810
[0.0010689]	24.858	[0.0010689]	15.259	0.000	0.708
[0.0010689]	24.858	[0.0010694]	14.898	0.000	0.417
[0.0010689]	24.858	[0.0010683]	13.311	0.000	0.199
[0.0010689]	24.858	[0.0010690]	13.749	0.000	0.521
[0.0010689]	24.858	[0.0010694]	17.596	0.001	0.607
[0.0010689]	24.858	[0.0010699]	16.772	0.000	0.545
[0.0010689]	24.858	[0.0010681]	15.360	0.000	0.854
[0.0010689]	24.858	[0.0010696]	20.063	0.008	0.096
[0.0010689]	24.858	[0.0010673]	15.904	0.000	0.192
[0.0010689]	24.858	[0.0010697]	14.459	0.000	0.511
[0.0010689]	24.858	[0.0010707]	13.667	0.000	0.086
[0.0010689]	24.858	[0.0010695]	13.998	0.000	0.987
[0.0010689]	24.858	[0.0010683]	14.881	0.000	0.444
[0.0010689]	24.858	[0.0010685]	16.051	0.000	0.485
[0.0010689]	24.858	[0.0010694]	15.259	0.000	0.580
[0.0010689]	24.858	[0.0010692]	18.867	0.003	0.410
[0.0010689]	24.858	[0.0010688]	18.631	0.002	0.304
[0.0010689]	24.858	[0.0010695]	16.291	0.000	0.184
[0.0010689]	24.858	[0.0010700]	21.965	0.055	0.724
[0.0010689]	24.858	[0.0010691]	19.767	0.006	0.002
[0.0010691]	19.767	[0.0010697]	16.257	0.030	0.569
[0.0010691]	19.767	[0.0010694]	17.734	0.131	0.186
[0.0010691]	19.767	[0.0010683]	19.690	0.926	0.673
[0.0010683]	19.690	[0.0010691]	17.180	0.081	0.327
[0.0010683]	19.690	[0.0010688]	15.158	0.011	0.030
[0.0010683]	19.690	[0.0010684]	14.078	0.004	0.382
[0.0010683]	19.690	[0.0010681]	13.651	0.002	0.373
[0.0010683]	19.690	[0.0010681]	13.418	0.002	0.400
[0.0010683]	19.690	[0.0010689]	13.130	0.001	0.022
[0.0010683]	19.690	[0.0010688]	14.608	0.006	0.731
[0.0010683]	19.690	[0.0010689]	16.729	0.052	0.961
[0.0010683]	19.690	[0.0010693]	14.157	0.004	0.353
[0.0010683]	19.690	[0.0010681]	13.259	0.002	0.441
[0.0010683]	19.690	[0.0010681]	14.138	0.004	0.712
[0.0010683]	19.690	[0.0010690]	17.519	0.114	0.018
[0.0010690]	17.519	[0.0010687]	18.248	2.075	0.793
[0.0010687]	18.248	[0.0010693]	16.033	0.109	0.921
[0.0010687]	18.248	[0.0010695]	15.490	0.063	0.243
[0.0010687]	18.248	[0.0010681]	13.939	0.013	0.744
[0.0010687]	18.248	[0.0010708]	18.124	0.883	0.636
[0.0010708]	18.124	[0.0010715]	13.584	0.011	0.187
[0.0010708]	18.124	[0.0010695]	13.277	0.008	0.361
[0.0010708]	18.124	[0.0010715]	17.468	0.519	0.679
[0.0010708]	18.124	[0.0010710]	15.579	0.079	0.169
[0.0010708]	18.124	[0.0010708]	17.169	0.385	0.902
[0.0010708]	18.124	[0.0010700]	16.070	0.128	0.052
[0.0010700]	16.070	[0.0010689]	15.078	0.371	0.549
[0.0010700]	16.070	[0.0010710]	16.347	1.320	0.375
[0.0010710]	16.347	[0.0010701]	19.510	23.640	0.062
[0.0010701]	19.510	[0.0010695]	16.412	0.045	0.135
[0.0010701]	19.510	[0.0010690]	13.341	0.002	0.512
[0.0010701]	19.510	[0.0010701]	16.045	0.031	0.505
[0.0010701]	19.510	[0.0010689]	13.546	0.003	0.452
[0.0010701]	19.510	[0.0010718]	15.123	0.012	0.616
[0.0010701]	19.510	[0.0010704]	16.257	0.039	0.926
[0.0010701]	19.510	[0.0010704]	16.051	0.031	0.999
[0.0010701]	19.510	[0.0010686]	15.751	0.023	0.029
[0.0010701]	19.510	[0.0010708]	20.063	1.738	0.492
[0.0010708]	20.063	[0.0010721]	15.351	0.009	0.973
[0.0010708]	20.063	[0.0010697]	17.911	0.116	0.992
[0.0010708]	20.063	[0.0010696]	15.777	0.014	0.622
[0.0010708]	20.063	[0.0010701]	15.377	0.009	0.310
[0.0010708]	20.063	[0.0010689]	14.357	0.003	0.580
[0.0010708]	20.063	[0.0010713]	14.743	0.005	0.819
[0.0010708]	20.063	[0.0010716]	15.127	0.007	0.202
[0.0010708]	20.063	[0.0010722]	20.109	1.047	0.734
[0.0010722]	20.109	[0.0010740]	14.619	0.004	0.960
[0.0010722]	20.109	[0.0010729]	16.572	0.029	0.676
[0.0010722]	20.109	[0.0010723]	17.180	0.053	0.919
[0.0010722]	20.109	[0.0010707]	17.279	0.059	0.917
[0.0010722]	20.109	[0.0010708]	16.082	0.018	0.246
[0.0010722]	20.109	[0.0010733]	14.295	0.003	0.960
[0.0010722]	20.109	[0.0010714]	15.892	0.015	0.494
[0.0010722]	20.109	[0.0010721]	16.312	0.022	0.695
[0.0010722]	20.109	[0.0010721]	18.267	0.159	0.741
[0.0010722]	20.109	[0.0010736]	14.289	0.003	0.043
[0.0010722]	20.109	[0.0010737]	15.499	0.010	0.485
[0.0010722]	20.109	[0.0010727]	17.506	0.074	0.054
[0.0010727]	17.506	[0.0010729]	15.628	0.153	0.785
[0.0010727]	17.506	[0.0010735]	14.000	0.030	0.477
[0.0010727]	17.506	[0.0010730]	13.128	0.013	0.452
[0.0010727]	17.506	[0.0010714]	16.937	0.566	0.048
[0.0010714]	16.937	[0.0010715]	15.008	0.145	0.633
[0.0010714]	16.937	[0.0010716]	14.423	0.081	0.398
[0.0010714]	16.937	[0.0010711]	17.762	2.282	0.569
[0.0010711]	17.762	[0.0010720]	13.584	0.015	0.127
[0.0010711]	17.762	[0.0010701]	15.206	0.078	0.302
[0.0010711]	17.762	[0.0010725]	14.721	0.048	0.564
[0.0010711]	17.762	[0.0010719]	14.157	0.027	0.272
[0.0010711]	17.762	[0.0010735]	15.979	0.168	0.772
[0.0010711]	17.762	[0.0010722]	14.807	0.052	0.386
[0.0010711]	17.762	[0.0010727]	15.139	0.073	0.321
[0.0010711]	17.762	[0.0010714]	19.192	4.178	0.991
[0.0010714]	19.192	[0.0010718]	14.861	0.013	0.410
[0.0010714]	19.192	[0.0010723]	16.021	0.042	0.391
[0.0010714]	19.192	[0.0010710]	14.884	0.013	0.350
[0.0010714]	19.192	[0.0010721]	14.656	0.011	0.487
[0.0010714]	19.192	[0.0010723]	15.503	0.025	0.156
[0.0010714]	19.192	[0.0010724]	16.427	0.063	0.656
[0.0010714]	19.192	[0.0010702]	14.188	0.007	0.481
[0.0010714]	19.192	[0.0010695]	15.226	0.019	0.710
[0.0010714]	19.192	[0.0010721]	14.746	0.012	0.422
[0.0010714]	19.192	[0.0010712]	14.572	0.010	0.480
[0.0010714]	19.192	[0.0010705]	18.892	0.741	0.624
[0.0010705]	18.892	[0.0010699]	15.070	0.022	0.285
[0.0010705]	18.892	[0.0010705]	18.676	0.806	0.800
[0.0010705]	18.676	[0.0010709]	15.267	0.033	0.853
[0.0010705]	18.676	[0.0010700]	15.081	0.027	0.724
[0.0010705]	18.676	[0.0010710]	16.340	0.097	0.303
[0.0010705]	18.676	[0.0010688]	13.582	0.006	0.010
[0.0010705]	18.676	[0.0010692]	14.656	0.018	0.111
[0.0010705]	18.676	[0.0010700]	20.464	5.975	0.190
[0.0010700]	20.464	[0.0010680]	14.040	0.002	0.116
[0.0010700]	20.464	[0.0010699]	14.203	0.002	0.297
[0.0010700]	20.464	[0.0010718]	16.908	0.029	0.126
[0.0010700]	20.464	[0.0010707]	18.401	0.127	0.094
[0.0010707]	18.401	[0.0010713]	14.328	0.017	0.077
[0.0010707]	18.401	[0.0010723]	17.927	0.623	0.553
[0.0010723]	17.927	[0.0010728]	14.383	0.029	0.580
[0.0010723]	17.927	[0.0010710]	15.112	0.060	0.126
[0.0010723]	17.927	[0.0010732]	14.330	0.027	0.927
[0.0010723]	17.927	[0.0010711]	22.501	96.947	0.590
[0.0010711]	22.501	[0.0010710]	17.212	0.005	0.847
[0.0010711]	22.501	[0.0010707]	16.790	0.003	0.769
[0.0010711]	22.501	[0.0010722]	15.555	0.001	0.252
[0.0010711]	22.501	[0.0010706]	15.517	0.001	0.623
[0.0010711]	22.501	[0.0010717]	15.351	0.001	0.249
[0.0010711]	22.501	[0.0010712]	15.633	0.001	0.760
[0.0010711]	22.501	[0.0010716]	17.650	0.008	0.698
[0.0010711]	22.501	[0.0010711]	17.896	0.010	0.714
[0.0010711]	22.501	[0.0010724]	14.854	0.000	0.779
[0.0010711]	22.501	[0.0010709]	16.686	0.003	0.442
[0.0010711]	22.501	[0.0010710]	16.390	0.002	0.848
[0.0010711]	22.501	[0.0010711]	17.169	0.005	0.702
[0.0010711]	22.501	[0.0010707]	17.468	0.007	0.018
[0.0010711]	22.501	[0.0010733]	14.529	0.000	0.631
[0.0010711]	22.501	[0.0010718]	14.418	0.000	0.829
[0.0010711]	22.501	[0.0010712]	16.070	0.002	0.052
[0.0010711]	22.501	[0.0010711]	23.237	2.086	0.061
[0.0010711]	23.237	[0.0010712]	15.658	0.001	0.974
[0.0010711]	23.237	[0.0010721]	15.430	0.000	0.311
[0.0010711]	23.237	[0.0010690]	18.023	0.005	0.280
[0.0010711]	23.237	[0.0010722]	16.808	0.002	0.883
[0.0010711]	23.237	[0.0010721]	20.356	0.056	0.216
[0.0010711]	23.237	[0.0010725]	15.154	0.000	0.025
[0.0010711]	23.237	[0.0010704]	20.829	0.090	0.695
[0.0010711]	23.237	[0.0010705]	18.107	0.006	0.860
[0.0010711]	23.237	[0.0010716]	16.487	0.001	0.078
[0.0010711]	23.237	[0.0010700]	16.637	0.001	0.473
[0.0010711]	23.237	[0.0010719]	13.987	0.000	0.204
[0.0010711]	23.237	[0.0010705]	14.759	0.000	0.867
[0.0010711]	23.237	[0.0010708]	23.472	1.266	0.176
[0.0010708]	23.472	[0.0010711]	14.375	0.000	0.530
[0.0010708]	23.472	[0.0010687]	15.985	0.001	0.543
[0.0010708]	23.472	[0.0010694]	14.383	0.000	0.882
[0.0010708]	23.472	[0.0010714]	15.938	0.001	0.995
[0.0010708]	23.472	[0.0010712]	17.806	0.003	0.896
[0.0010708]	23.472	[0.0010696]	13.347	0.000	0.500
[0.0010708]	23.472	[0.0010731]	15.430	0.000	0.108
[0.0010708]	23.472	[0.0010718]	14.752	0.000	0.368
[0.0010708]	23.472	[0.0010720]	20.018	0.032	0.731
[0.0010708]	23.472	[0.0010706]	22.501	0.379	0.865
[0.0010708]	23.472	[0.0010695]	21.965	0.221	0.397
[0.0010708]	23.472	[0.0010719]	16.564	0.001	0.289
[0.0010708]	23.472	[0.0010717]	16.177	0.001	0.349
[0.0010708]	23.472	[0.0010709]	15.490	0.000	0.670
[0.0010708]	23.472	[0.0010727]	15.683	0.000	0.192
[0.0010708]	23.472	[0.0010710]	15.485	0.000	0.607
[0.0010708]	23.472	[0.0010712]	15.263	0.000	0.608
[0.0010708]	23.472	[0.0010713]	16.975	0.002	0.551
[0.0010708]	23.472	[0.0010704]	19.807	0.026	0.850
[0.0010708]	23.472	[0.0010703]	18.631	0.008	0.144
[0.0010708]	23.472	[0.0010700]	15.793	0.000	0.260
[0.0010708]	23.472	[0.0010703]	15.382	0.000	0.670
[0.0010708]	23.472	[0.0010712]	23.472	1.000	0.647
[0.0010712]	23.472	[0.0010706]	14.448	0.000	0.893
[0.0010712]	23.472	[0.0010729]	14.902	0.000	0.918
[0.0010712]	23.472	[0.0010719]	13.982	0.000	0.766
[0.0010712]	23.472	[0.0010712]	14.578	0.000	0.458
[0.0010712]	23.472	[0.0010709]	16.464	0.001	0.342
[0.0010712]	23.472	[0.0010711]	18.023	0.004	0.636
[0.0010712]	23.472	[0.0010704]	14.343	0.000	0.211
[0.0010712]	23.472	[0.0010713]	16.412	0.001	0.731
[0.0010712]	23.472	[0.0010713]	14.683	0.000	0.236
[0.0010712]	23.472	[0.0010697]	15.430	0.000	0.756
[0.0010712]	23.472	[0.0010714]	16.347	0.001	0.615
[0.0010712]	23.472	[0.0010716]	15.594	0.000	0.619
[0.0010712]	23.472	[0.0010692]	14.520	0.000	0.117
[0.0010712]	23.472	[0.0010728]	14.259	0.000	0.699
[0.0010712]	23.472	[0.0010710]	17.336	0.002	0.011
[0.0010712]	23.472	[0.0010712]	16.703	0.001	0.036
[0.0010712]	23.472	[0.0010725]	15.932	0.001	0.260
[0.0010712]	23.472	[0.0010697]	14.126	0.000	0.410
[0.0010712]	23.472	[0.0010713]	14.762	0.000	0.845
[0.0010712]	23.472	[0.0010709]	21.542	0.145	0.117
[0.0010709]	21.542	[0.0010704]	19.974	0.208	0.945
[0.0010709]	21.542	[0.0010693]	14.069	0.001	0.513
[0.0010709]	21.542	[0.0010712]	14.489	0.001	0.865
[0.0010709]	21.542	[0.0010731]	16.564	0.007	0.427
[0.0010709]	21.542	[0.0010707]	19.106	0.087	0.392
[0.0010709]	21.542	[0.0010701]	17.506	0.018	0.647
[0.0010709]	21.542	[0.0010725]	14.902	0.001	0.707
[0.0010709]	21.542	[0.0010713]	17.301	0.014	0.128
[0.0010709]	21.542	[0.0010711]	16.063	0.004	0.485
[0.0010709]	21.542	[0.0010689]	13.758	0.000	0.182
[0.0010709]	21.542	[0.0010701]	16.223	0.005	0.493
[0.0010709]	21.542	[0.0010696]	16.695	0.008	0.662
[0.0010709]	21.542	[0.0010706]	17.395	0.016	0.153
[0.0010709]	21.542	[0.0010699]	17.468	0.017	0.933
[0.0010709]	21.542	[0.0010704]	16.890	0.010	0.757
[0.0010709]	21.542	[0.0010705]	17.044	0.011	0.215
[0.0010709]	21.542	[0.0010711]	15.892	0.004	0.652
[0.0010709]	21.542	[0.0010709]	14.035	0.001	0.423
[0.0010709]	21.542	[0.0010704]	14.743	0.001	0.516
[0.0010709]	21.542	[0.0010717]	15.985	0.004	0.368
[0.0010709]	21.542	[0.0010691]	13.353	0.000	0.292
[0.0010709]	21.542	[0.0010693]	14.929	0.001	0.449
[0.0010709]	21.542	[0.0010711]	14.396	0.001	0.284
[0.0010709]	21.542	[0.0010704]	17.014	0.011	0.938
[0.0010709]	21.542	[0.0010711]	20.356	0.305	0.251
[0.0010711]	20.356	[0.0010705]	17.256	0.045	0.733
[0.0010711]	20.356	[0.0010719]	16.738	0.027	0.388
[0.0010711]	20.356	[0.0010699]	16.076	0.014	0.696
[0.0010711]	20.356	[0.0010708]	18.631	0.178	0.918
[0.0010711]	20.356	[0.0010721]	17.279	0.046	0.808
[0.0010711]	20.356	[0.0010705]	14.674	0.003	0.673
[0.0010711]	20.356	[0.0010737]	17.223	0.044	0.605
[0.0010711]	20.356	[0.0010714]	17.313	0.048	0.485
[0.0010711]	20.356	[0.0010717]	15.000	0.005	0.056
[0.0010711]	20.356	[0.0010708]	16.113	0.014	0.574
[0.0010711]	20.356	[0.0010710]	16.284	0.017	0.675
[0.0010711]	20.356	[0.0010715]	17.481	0.056	0.376
[0.0010711]	20.356	[0.0010707]	16.257	0.017	0.768
[0.0010711]	20.356	[0.0010712]	19.050	0.271	0.880
[0.0010711]	20.356	[0.0010718]	19.974	0.682	0.959
[0.0010711]	20.356	[0.0010708]	14.423	0.003	0.151
[0.0010711]	20.356	[0.0010695]	14.590	0.003	0.830
[0.0010711]	20.356	[0.0010715]	15.147	0.005	0.012
[0.0010711]	20.356	[0.0010692]	19.252	0.331	0.262
[0.0010692]	19.252	[0.0010689]	15.300	0.019	0.822
[0.0010692]	19.252	[0.0010690]	13.106	0.002	0.241
[0.0010692]	19.252	[0.0010685]	14.500	0.009	0.361
[0.0010692]	19.252	[0.0010684]	15.499	0.023	0.153
[0.0010692]	19.252	[0.0010699]	15.330	0.020	0.218
[0.0010692]	19.252	[0.0010688]	15.123	0.016	0.930
[0.0010692]	19.252	[0.0010672]	14.415	0.008	0.997
[0.0010692]	19.252	[0.0010707]	18.007	0.288	0.886
[0.0010692]	19.252	[0.0010678]	16.383	0.057	0.951
[0.0010692]	19.252	[0.0010693]	17.719	0.216	0.372
[0.0010692]	19.252	[0.0010690]	24.412	174.240	0.014
[0.0010690]	24.412	[0.0010699]	14.794	0.000	0.990
[0.0010690]	24.412	[0.0010699]	16.244	0.000	0.964
[0.0010690]	24.412	[0.0010687]	14.429	0.000	0.567
[0.0010690]	24.412	[0.0010710]	14.765	0.000	0.509
[0.0010690]	24.412	[0.0010688]	15.008	0.000	0.527
[0.0010690]	24.412	[0.0010686]	18.023	0.002	0.390
[0.0010690]	24.412	[0.0010678]	17.223	0.001	0.796
[0.0010690]	24.412	[0.0010703]	15.638	0.000	0.107
[0.0010690]	24.412	[0.0010693]	15.139	0.000	0.650
[0.0010690]	24.412	[0.0010705]	14.775	0.000	0.581
[0.0010690]	24.412	[0.0010689]	14.362	0.000	0.469
[0.0010690]	24.412	[0.0010671]	17.419	0.001	0.986
[0.0010690]	24.412	[0.0010676]	15.589	0.000	0.633
[0.0010690]	24.412	[0.0010699]	16.088	0.000	0.077
[0.0010690]	24.412	[0.0010694]	14.997	0.000	0.002
[0.0010690]	24.412	[0.0010700]	16.487	0.000	0.975
[0.0010690]	24.412	[0.0010710]	19.282	0.006	0.743
[0.0010690]	24.412	[0.0010680]	13.458	0.000	0.381
[0.0010690]	24.412	[0.0010685]	14.634	0.000	0.596
[0.0010690]	24.412	[0.0010681]	13.868	0.000	0.758
[0.0010690]	24.412	[0.0010688]	14.650	0.000	0.779
[0.0010690]	24.412	[0.0010703]	15.174	0.000	0.186
[0.0010690]	24.412	[0.0010693]	13.493	0.000	0.678
[0.0010690]	24.412	[0.0010676]	15.574	0.000	0.347
[0.0010690]	24.412	[0.0010696]	13.812	0.000	0.770
[0.0010690]	24.412	[0.0010694]	16.871	0.001	0.583
[0.0010690]	24.412	[0.0010683]	14.711	0.000	0.363
[0.0010690]	24.412	[0.0010686]	13.336	0.000	0.941
[0.0010690]	24.412	[0.0010710]	15.242	0.000	0.725
[0.0010690]	24.412	[0.0010692]	18.267	0.002	0.202
[0.0010690]	24.412	[0.0010672]	15.730	0.000	0.470
[0.0010690]	24.412	[0.0010688]	14.042	0.000	0.307
[0.0010690]	24.412	[0.0010685]	15.973	0.000	0.269
[0.0010690]	24.412	[0.0010685]	15.218	0.000	0.959
[0.0010690]	24.412	[0.0010678]	13.908	0.000	0.925
[0.0010690]	24.412	[0.0010692]	14.269	0.000	0.657
[0.0010690]	24.412	[0.0010687]	13.380	0.000	0.571
[0.0010690]	24.412	[0.0010712]	15.485	0.000	0.842
[0.0010690]	24.412	[0.0010695]	15.881	0.000	0.917
[0.0010690]	24.412	[0.0010686]	14.354	0.000	0.034
[0.0010690]	24.412	[0.0010707]	16.880	0.001	0.640
[0.0010690]	24.412	[0.0010704]	15.011	0.000	0.826
[0.0010690]	24.412	[0.0010689]	13.201	0.000	0.331
[0.0010690]	24.412	[0.0010681]	14.851	0.000	0.169
[0.0010690]	24.412	[0.0010683]	14.357	0.000	0.498
[0.0010690]	24.412	[0.0010690]	14.415	0.000	0.486
[0.0010690]	24.412	[0.0010694]	14.781	0.000	0.315
[0.0010690]	24.412	[0.0010686]	14.668	0.000	0.527
[0.0010690]	24.412	[0.0010685]	19.729	0.009	0.109
[0.0010690]	24.412	[0.0010676]	15.604	0.000	0.141
[0.0010690]	24.412	[0.0010697]	17.301	0.001	0.307
[0.0010690]	24.412	[0.0010687]	13.753	0.000	0.836
[0.0010690]	24.412	[0.0010685]	14.002	0.000	0.866
[0.0010690]	24.412	[0.0010687]	13.782	0.000	0.223
[0.0010690]	24.412	[0.0010693]	13.218	0.000	0.190
[0.0010690]	24.412	[0.0010702]	18.676	0.003	0.924
[0.0010690]	24.412	[0.0010691]	14.492	0.000	0.907
[0.0010690]	24.412	[0.0010698]	19.313	0.006	0.101
[0.0010690]	24.412	[0.0010669]	12.842	0.000	0.475
[0.0010690]	24.412	[0.0010699]	15.377	0.000	0.819
[0.0010690]	24.412	[0.0010682]	14.834	0.000	0.422
[0.0010690]	24.412	[0.0010690]	19.974	0.012	0.597
[0.0010690]	24.412	[0.0010679]	14.881	0.000	0.551
[0.0010690]	24.412	[0.0010689]	14.198	0.000	0.851
[0.0010690]	24.412	[0.0010685]	18.023	0.002	0.954
[0.0010690]	24.412	[0.0010695]	13.596	0.000	0.204
[0.0010690]	24.412	[0.0010688]	14.563	0.000	0.348
[0.0010690]	24.412	[0.0010691]	16.908	0.001	0.617
[0.0010690]	24.412	[0.0010696]	14.486	0.000	0.293
[0.0010690]	24.412	[0.0010687]	18.482	0.003	0.820
[0.0010690]	24.412	[0.0010685]	15.055	0.000	0.236
[0.0010690]	24.412	[0.0010689]	15.399	0.000	0.117
[0.0010690]	24.412	[0.0010684]	13.858	0.000	0.940
[0.0010690]	24.412	[0.0010664]	13.645	0.000	0.820
[0.0010690]	24.412	[0.0010675]	13.418	0.000	0.668
[0.0010690]	24.412	[0.0010692]	15.892	0.000	0.177
[0.0010690]	24.412	[0.0010696]	15.194	0.000	0.356
[0.0010690]	24.412	[0.0010685]	14.113	0.000	0.309
[0.0010690]	24.412	[0.0010673]	21.275	0.043	0.417
[0.0010690]	24.412	[0.0010676]	13.085	0.000	0.681
[0.0010690]	24.412	[0.0010683]	14.174	0.000	0.866
[0.0010690]	24.412	[0.0010683]	14.762	0.000	0.814
[0.0010690]	24.412	[0.0010689]	14.108	0.000	0.120
[0.0010690]	24.412	[0.0010691]	14.733	0.000	0.198
[0.0010690]	24.412	[0.0010696]	15.139	0.000	0.098
[0.0010690]	24.412	[0.0010684]	18.401	0.002	0.466
[0.0010690]	24.412	[0.0010692]	15.658	0.000	0.746
[0.0010690]	24.412	[0.0010699]	17.336	0.001	0.019
[0.0010690]	24.412	[0.0010672]	14.581	0.000	0.304
[0.0010690]	24.412	[0.0010683]	14.292	0.000	0.105
[0.0010690]	24.412	[0.0010700]	18.502	0.003	0.396
[0.0010690]	24.412	[0.0010700]	15.011	0.000	0.655
[0.0010690]	24.412	[0.0010701]	13.490	0.000	0.804
[0.0010690]	24.412	[0.0010683]	14.881	0.000	0.012
[0.0010690]	24.412	[0.0010685]	14.798	0.000	0.476
[0.0010690]	24.412	[0.0010689]	13.753	0.000	0.462
[0.0010690]	24.412	[0.0010676]	17.927	0.002	0.547
[0.0010690]	24.412	[0.0010718]	17.850	0.001	0.834
[0.0010690]	24.412	[0.0010699]	17.256	0.001	0.344
[0.0010690]	24.412	[0.0010686]	17.762	0.001	0.175
[0.0010690]	24.412	[0.0010702]	15.283	0.000	0.297
[0.0010690]	24.412	[0.0010690]	14.933	0.000	0.510
[0.0010690]	24.412	[0.0010698]	15.417	0.000	0.874
[0.0010690]	24.412	[0.0010682]	13.812	0.000	0.332
[0.0010690]	24.412	[0.0010687]	13.524	0.000	0.801
[0.0010690]	24.412	[0.0010684]	17.158	0.001	0.792
[0.0010690]	24.412	[0.0010694]	15.300	0.000	0.619
[0.0010690]	24.412	[0.0010681]	14.305	0.000	0.293
[0.0010690]	24.412	[0.0010694]	18.267	0.002	0.965
[0.0010690]	24.412	[0.0010689]	15.735	0.000	0.533
[0.0010690]	24.412	[0.0010683]	14.169	0.000	0.339
[0.0010690]	24.412	[0.0010699]	17.637	0.001	0.834
[0.0010690]	24.412	[0.0010686]	18.502	0.003	0.972
[0.0010690]	24.412	[0.0010692]	21.965	0.087	0.344
[0.0010690]	24.412	[0.0010701]	14.461	0.000	0.572
[0.0010690]	24.412	[0.0010700]	14.138	0.000	0.289
[0.0010690]	24.412	[0.0010691]	14.961	0.000	0.123
[0.0010690]	24.412	[0.0010679]	14.622	0.000	0.593
[0.0010690]	24.412	[0.0010697]	15.555	0.000	0.624
[0.0010690]	24.412	[0.0010693]	17.234	0.001	0.522
[0.0010690]	24.412	[0.0010679]	13.961	0.000	0.281
[0.0010690]	24.412	[0.0010679]	12.530	0.000	0.952
[0.0010690]	24.412	[0.0010697]	15.932	0.000	0.782
[0.0010690]	24.412	[0.0010690]	18.587	0.003	0.408
[0.0010690]	24.412	[0.0010704]	19.078	0.005	0.107
[0.0010690]	24.412	[0.0010686]	14.740	0.000	0.359
[0.0010690]	24.412	[0.0010684]	14.746	0.000	0.970
[0.0010690]	24.412	[0.0010678]	13.372	0.000	0.447
[0.0010690]	24.412	[0.0010678]	13.484	0.000	0.977
[0.0010690]	24.412	[0.0010689]	14.817	0.000	0.400
[0.0010690]	24.412	[0.0010684]	16.487	0.000	0.968
[0.0010690]	24.412	[0.0010694]	14.943	0.000	0.968
[0.0010690]	24.412	[0.0010694]	16.449	0.000	0.243
[0.0010690]	24.412	[0.0010689]	13.027	0.000	0.773
[0.0010690]	24.412	[0.0010691]	16.738	0.000	0.584
[0.0010690]	24.412	[0.0010695]	13.850	0.000	0.480
[0.0010690]	24.412	[0.0010675]	15.699	0.000	0.782
[0.0010690]	24.412	[0.0010674]	13.840	0.000	0.225
[0.0010690]	24.412	[0.0010685]	14.445	0.000	0.647
[0.0010690]	24.412	[0.0010694]	14.087	0.000	0.335
[0.0010690]	24.412	[0.0010689]	15.973	0.000	0.974
[0.0010690]	24.412	[0.0010687]	14.950	0.000	0.250
[0.0010690]	24.412	[0.0010680]	18.212	0.002	0.243
[0.0010690]	24.412	[0.0010695]	17.519	0.001	0.961
[0.0010690]	24.412	[0.0010690]	15.275	0.000	0.048
[0.0010690]	24.412	[0.0010691]	17.395	0.001	0.714
[0.0010690]	24.412	[0.0010681]	13.040	0.000	0.110
[0.0010690]	24.412	[0.0010694]	17.911	0.002	0.401
[0.0010690]	24.412	[0.0010679]	13.908	0.000	0.970
[0.0010690]	24.412	[0.0010701]	15.909	0.000	0.954
[0.0010690]	24.412	[0.0010694]	16.541	0.000	0.195
[0.0010690]	24.412	[0.0010697]	21.193	0.040	0.634
[0.0010690]	24.412	[0.0010683]	20.829	0.028	0.505
[0.0010690]	24.412	[0.0010689]	26.245	6.250	0.289
[0.0010689]	26.245	[0.0010691]	18.818	0.001	0.195
[0.0010689]	26.245	[0.0010685]	14.693	0.000	0.478
[0.0010689]	26.245	[0.0010704]	19.545	0.001	0.901
[0.0010689]	26.245	[0.0010698]	14.628	0.000	0.054
[0.0010689]	26.245	[0.0010688]	13.810	0.000	0.554
[0.0010689]	26.245	[0.0010694]	14.267	0.000	0.947
[0.0010689]	26.245	[0.0010687]	18.722	0.001	0.998
[0.0010689]	26.245	[0.0010684]	19.889	0.002	0.601
[0.0010689]	26.245	[0.0010701]	15.263	0.000	0.563
[0.0010689]	26.245	[0.0010685]	14.103	0.000	0.959
[0.0010689]	26.245	[0.0010691]	16.419	0.000	0.502
[0.0010689]	26.245	[0.0010692]	17.290	0.000	0.698
[0.0010689]	26.245	[0.0010682]	15.663	0.000	0.231
[0.0010689]	26.245	[0.0010695]	14.798	0.000	0.615
[0.0010689]	26.245	[0.0010679]	15.052	0.000	0.352
[0.0010689]	26.245	[0.0010691]	13.358	0.000	0.023
[0.0010689]	26.245	[0.0010697]	13.974	0.000	0.235
[0.0010689]	26.245	[0.0010698]	16.880	0.000	0.506
[0.0010689]	26.245	[0.0010679]	16.107	0.000	0.181
[0.0010689]	26.245	[0.0010701]	15.551	0.000	0.162
[0.0010689]	26.245	[0.0010687]	16.637	0.000	0.552
[0.0010689]	26.245	[0.0010683]	15.162	0.000	0.753
[0.0010689]	26.245	[0.0010692]	16.956	0.000	0.769
[0.0010689]	26.245	[0.0010688]	14.461	0.000	0.031
[0.0010689]	26.245	[0.0010693]	15.000	0.000	0.649
[0.0010689]	26.245	[0.0010672]	14.254	0.000	0.970
[0.0010689]	26.245	[0.0010685]	13.937	0.000	0.855
[0.0010689]	26.245	[0.0010686]	13.816	0.000	0.007
[0.0010689]	26.245	[0.0010689]	15.499	0.000	0.082
[0.0010689]	26.245	[0.0010699]	20.700	0.004	0.777
[0.0010689]	26.245	[0.0010694]	15.360	0.000	0.597
[0.0010689]	26.245	[0.0010686]	14.323	0.000	0.470
[0.0010689]	26.245	[0.0010696]	13.946	0.000	0.878
[0.0010689]	26.245	[0.0010671]	17.468	0.000	0.102
[0.0010689]	26.245	[0.0010685]	15.570	0.000	0.163
[0.0010689]	26.245	[0.0010682]	17.927	0.000	0.176
[0.0010689]	26.245	[0.0010682]	14.964	0.000	0.757
[0.0010689]	26.245	[0.0010700]	14.498	0.000	0.526
[0.0010689]	26.245	[0.0010686]	13.806	0.000	0.783
[0.0010689]	26.245	[0.0010691]	15.898	0.000	0.983
[0.0010689]	26.245	[0.0010678]	14.083	0.000	0.499
[0.0010689]	26.245	[0.0010679]	13.021	0.000	0.626
[0.0010689]	26.245	[0.0010678]	13.559	0.000	0.162
[0.0010689]	26.245	[0.0010678]	14.162	0.000	0.791
[0.0010689]	26.245	[0.0010703]	16.076	0.000	0.460
[0.0010689]	26.245	[0.0010677]	13.571	0.000	0.595
[0.0010689]	26.245	[0.0010691]	14.677	0.000	0.685
[0.0010689]	26.245	[0.0010701]	16.264	0.000	0.003
[0.0010689]	26.245	[0.0010703]	14.378	0.000	0.706
[0.0010689]	26.245	[0.0010682]	15.369	0.000	0.389
[0.0010689]	26.245	[0.0010690]	15.494	0.000	0.935
[0.0010689]	26.245	[0.0010687]	16.799	0.000	0.865
[0.0010689]	26.245	[0.0010687]	13.456	0.000	0.142
[0.0010689]	26.245	[0.0010699]	16.045	0.000	0.021
[0.0010689]	26.245	[0.0010692]	15.139	0.000	0.555
[0.0010689]	26.245	[0.0010687]	14.543	0.000	0.789
[0.0010689]	26.245	[0.0010675]	17.148	0.000	0.120
[0.0010689]	26.245	[0.0010681]	16.548	0.000	0.770
[0.0010689]	26.245	[0.0010689]	16.009	0.000	0.326
[0.0010689]	26.245	[0.0010699]	14.148	0.000	0.509
[0.0010689]	26.245	[0.0010681]	15.230	0.000	0.043
[0.0010689]	26.245	[0.0010713]	17.468	0.000	0.109
[0.0010689]	26.245	[0.0010703]	14.905	0.000	0.905
[0.0010689]	26.245	[0.0010698]	13.309	0.000	0.222
[0.0010689]	26.245	[0.0010688]	15.772	0.000	0.536
[0.0010689]	26.245	[0.0010706]	17.637	0.000	0.707
[0.0010689]	26.245	[0.0010702]	14.584	0.000	0.510
[0.0010689]	26.245	[0.0010690]	14.134	0.000	0.307
[0.0010689]	26.245	[0.0010676]	14.000	0.000	0.592
[0.0010689]	26.245	[0.0010686]	13.935	0.000	0.445
[0.0010689]	26.245	[0.0010689]	16.082	0.000	0.325
[0.0010689]	26.245	[0.0010706]	17.596	0.000	0.728
[0.0010689]	26.245	[0.0010705]	14.320	0.000	0.031
[0.0010689]	26.245	[0.0010705]	14.740	0.000	0.647
[0.0010689]	26.245	[0.0010668]	16.376	0.000	0.672
[0.0010689]	26.245	[0.0010695]	15.444	0.000	0.662
[0.0010689]	26.245	[0.0010689]	14.089	0.000	0.554
[0.0010689]	26.245	[0.0010693]	15.565	0.000	0.152
[0.0010689]	26.245	[0.0010694]	16.434	0.000	0.649
[0.0010689]	26.245	[0.0010674]	12.903	0.000	0.672
[0.0010689]	26.245	[0.0010691]	15.254	0.000	0.624
[0.0010689]	26.245	[0.0010688]	16.107	0.000	0.438
[0.0010689]	26.245	[0.0010698]	21.965	0.014	0.430
[0.0010689]	26.245	[0.0010676]	15.663	0.000	0.674
[0.0010689]	26.245	[0.0010692]	17.691	0.000	0.930
[0.0010689]	26.245	[0.0010695]	15.214	0.000	0.085
[0.0010689]	26.245	[0.0010691]	14.908	0.000	0.039
[0.0010689]	26.245	[0.0010716]	15.390	0.000	0.172
[0.0010689]	26.245	[0.0010703]	15.127	0.000	0.795
[0.0010689]	26.245	[0.0010686]	15.026	0.000	0.685
[0.0010689]	26.245	[0.0010712]	20.109	0.002	0.764
[0.0010689]	26.245	[0.0010692]	15.932	0.000	0.093
[0.0010689]	26.245	[0.0010690]	14.092	0.000	0.162
[0.0010689]	26.245	[0.0010683]	15.288	0.000	0.408
[0.0010689]	26.245	[0.0010693]	14.498	0.000	0.647
[0.0010689]	26.245	[0.0010704]	14.881	0.000	0.553
[0.0010689]	26.245	[0.0010685]	15.259	0.000	0.670
[0.0010689]	26.245	[0.0010705]	16.629	0.000	0.072
[0.0010689]	26.245	[0.0010686]	14.410	0.000	0.783
[0.0010689]	26.245	[0.0010684]	17.116	0.000	0.657
[0.0010689]	26.245	[0.0010683]	14.929	0.000	0.005
[0.0010689]	26.245	[0.0010704]	20.304	0.003	0.628
[0.0010689]	26.245	[0.0010690]	16.244	0.000	0.589
[0.0010689]	26.245	[0.0010695]	20.109	0.002	0.689
[0.0010689]	26.245	[0.0010672]	13.766	0.000	0.042
[0.0010689]	26.245	[0.0010691]	15.254	0.000	0.452
[0.0010689]	26.245	[0.0010680]	14.552	0.000	0.400
[0.0010689]	26.245	[0.0010698]	13.652	0.000	0.708
[0.0010689]	26.245	[0.0010671]	12.487	0.000	0.064
[0.0010689]	26.245	[0.0010697]	22.835	0.033	0.660
[0.0010689]	26.245	[0.0010690]	13.860	0.000	0.872
[0.0010689]	26.245	[0.0010688]	15.139	0.000	0.581
[0.0010689]	26.245	[0.0010705]	15.574	0.000	0.801
[0.0010689]	26.245	[0.0010678]	16.397	0.000	0.758
[0.0010689]	26.245	[0.0010686]	14.711	0.000	0.244
[0.0010689]	26.245	[0.0010688]	18.461	0.000	0.882
[0.0010689]	26.245	[0.0010692]	14.683	0.000	0.761
[0.0010689]	26.245	[0.0010689]	16.738	0.000	0.730
[0.0010689]	26.245	[0.0010681]	14.543	0.000	0.446
[0.0010689]	26.245	[0.0010695]	14.475	0.000	0.098
[0.0010689]	26.245	[0.0010675]	14.982	0.000	0.925
[0.0010689]	26.245	[0.0010694]	15.112	0.000	0.467
[0.0010689]	26.245	[0.0010700]	15.139	0.000	0.643
[0.0010689]	26.245	[0.0010693]	13.484	0.000	0.862
[0.0010689]	26.245	[0.0010683]	14.396	0.000	0.408
[0.0010689]	26.245	[0.0010695]	16.661	0.000	0.189
[0.0010689]	26.245	[0.0010695]	14.060	0.000	0.960
[0.0010689]	26.245	[0.0010704]	16.057	0.000	0.091
[0.0010689]	26.245	[0.0010692]	17.212	0.000	0.878
[0.0010689]	26.245	[0.0010678]	13.350	0.000	0.391
[0.0010689]	26.245	[0.0010693]	15.444	0.000	0.418
[0.0010689]	26.245	[0.0010681]	14.943	0.000	0.465
[0.0010689]	26.245	[0.0010694]	15.448	0.000	0.072
[0.0010689]	26.245	[0.0010684]	13.230	0.000	0.499
[0.0010689]	26.245	[0.0010689]	16.918	0.000	0.973
[0.0010689]	26.245	[0.0010675]	12.725	0.000	0.460
[0.0010689]	26.245	[0.0010677]	12.524	0.000	0.121
[0.0010689]	26.245	[0.0010672]	13.182	0.000	0.262
[0.0010689]	26.245	[0.0010705]	17.637	0.000	0.545
[0.0010689]	26.245	[0.0010686]	13.948	0.000	0.594
[0.0010689]	26.245	[0.0010701]	17.990	0.000	0.956
[0.0010689]	26.245	[0.0010688]	17.596	0.000	0.268
[0.0010689]	26.245	[0.0010690]	15.147	0.000	0.435
[0.0010689]	26.245	[0.0010696]	14.391	0.000	0.286
[0.0010689]	26.245	[0.0010696]	15.745	0.000	0.898
[0.0010689]	26.245	[0.0010692]	12.936	0.000	0.562
[0.0010689]	26.245	[0.0010690]	14.020	0.000	0.924
[0.0010689]	26.245	[0.0010692]	18.107	0.000	0.832
[0.0010689]	26.245	[0.0010704]	14.315	0.000	0.566
[0.0010689]	26.245	[0.0010695]	14.599	0.000	0.795
[0.0010689]	26.245	[0.0010679]	14.827	0.000	0.957
[0.0010689]	26.245	[0.0010681]	13.671	0.000	0.355
[0.0010689]	26.245	[0.0010680]	14.529	0.000	0.072
[0.0010689]	26.245	[0.0010697]	16.223	0.000	0.892
[0.0010689]	26.245	[0.0010697]	15.246	0.000	0.298
[0.0010689]	26.245	[0.0010702]	15.623	0.000	0.562
[0.0010689]	26.245	[0.0010677]	14.193	0.000	0.050
[0.0010689]	26.245	[0.0010694]	17.506	0.000	0.449
[0.0010689]	26.245	[0.0010686]	15.932	0.000	0.344
[0.0010689]	26.245	[0.0010692]	17.223	0.000	0.318
[0.0010689]	26.245	[0.0010679]	13.701	0.000	0.394
[0.0010689]	26.245	[0.0010698]	20.409	0.003	0.571
[0.0010689]	26.245	[0.0010682]	14.073	0.000	0.914
[0.0010689]	26.245	[0.0010676]	13.466	0.000	0.020
[0.0010689]	26.245	[0.0010691]	13.576	0.000	0.415
[0.0010689]	26.245	[0.0010687]	15.127	0.000	0.263
[0.0010689]	26.245	[0.0010683]	13.903	0.000	0.611
[0.0010689]	26.245	[0.0010707]	16.354	0.000	0.695
[0.0010689]	26.245	[0.0010686]	15.202	0.000	0.054
[0.0010689]	26.245	[0.0010679]	15.174	0.000	0.897
[0.0010689]	26.245	[0.0010694]	15.815	0.000	0.174
[0.0010689]	26.245	[0.0010694]	18.918	0.001	0.605
[0.0010689]	26.245	[0.0010684]	19.282	0.001	0.947
[0.0010689]	26.245	[0.0010688]	15.831	0.000	0.680
[0.0010689]	26.245	[0.0010681]	16.264	0.000	0.743
[0.0010689]	26.245	[0.0010683]	13.743	0.000	0.452
[0.0010689]	26.245	[0.0010680]	14.013	0.000	0.369
[0.0010689]	26.245	[0.0010701]	15.254	0.000	0.985
[0.0010689]	26.245	[0.0010700]	15.066	0.000	0.345
[0.0010689]	26.245	[0.0010697]	13.939	0.000	0.727
[0.0010689]	26.245	[0.0010678]	13.703	0.000	0.699
[0.0010689]	26.245	[0.0010688]	22.215	0.018	0.245
[0.0010689]	26.245	[0.0010699]	18.159	0.000	0.203
[0.0010689]	26.245	[0.0010669]	14.297	0.000	0.865
[0.0010689]	26.245	[0.0010690]	13.842	0.000	0.723
[0.0010689]	26.245	[0.0010702]	17.456	0.000	0.581
[0.0010689]	26.245	[0.0010689]	13.355	0.000	0.972
[0.0010689]	26.245	[0.0010685]	14.318	0.000	0.583
[0.0010689]	26.245	[0.0010693]	14.647	0.000	0.860
[0.0010689]	26.245	[0.0010690]	17.610	0.000	0.430
[0.0010689]	26.245	[0.0010697]	14.520	0.000	0.601
[0.0010689]	26.245	[0.0010696]	18.918	0.001	0.525
[0.0010689]	26.245	[0.0010691]	14.689	0.000	0.338
[0.0010689]	26.245	[0.0010663]	12.288	0.000	0.326
[0.0010689]	26.245	[0.0010656]	14.295	0.000	0.488
[0.0010689]	26.245	[0.0010709]	17.596	0.000	0.309
[0.0010689]	26.245	[0.0010693]	17.734	0.000	0.093
[0.0010689]	26.245	[0.0010686]	13.619	0.000	0.658
[0.0010689]	26.245	[0.0010689]	16.009	0.000	0.369
[0.0010689]	26.245	[0.0010689]	14.157	0.000	0.541
[0.0010689]	26.245	[0.0010687]	17.927	0.000	0.074
[0.0010689]	26.245	[0.0010721]	14.827	0.000	0.198
[0.0010689]	26.245	[0.0010681]	12.608	0.000	0.592
[0.0010689]	26.245	[0.0010700]	15.026	0.000	0.586
[0.0010689]	26.245	[0.0010689]	14.791	0.000	0.989
[0.0010689]	26.245	[0.0010690]	16.113	0.000	0.679
[0.0010689]	26.245	[0.0010672]	14.343	0.000	0.793
[0.0010689]	26.245	[0.0010693]	15.417	0.000	0.343
[0.0010689]	26.245	[0.0010680]	14.113	0.000	0.155
[0.0010689]	26.245	[0.0010689]	22.086	0.016	0.956
[0.0010689]	26.245	[0.0010684]	14.926	0.000	0.413
[0.0010689]	26.245	[0.0010686]	15.842	0.000	0.679
[0.0010689]	26.245	[0.0010703]	17.806	0.000	0.472
[0.0010689]	26.245	[0.0010691]	14.854	0.000	0.420
[0.0010689]	26.245	[0.0010690]	15.921	0.000	0.484
[0.0010689]	26.245	[0.0010699]	16.927	0.000	0.882
[0.0010689]	26.245	[0.0010706]	16.808	0.000	0.804
[0.0010689]	26.245	[0.0010698]	14.212	0.000	0.231
[0.0010689]	26.245	[0.0010694]	13.818	0.000	0.925
[0.0010689]	26.245	[0.0010695]	17.065	0.000	0.850
[0.0010689]	26.245	[0.0010659]	14.798	0.000	0.075
[0.0010689]	26.245	[0.0010700]	14.759	0.000	0.239
[0.0010689]	26.245	[0.0010691]	13.533	0.000	0.412
[0.0010689]	26.245	[0.0010691]	16.094	0.000	0.664
[0.0010689]	26.245	[0.0010689]	18.587	0.000	0.754
[0.0010689]	26.245	[0.0010692]	17.290	0.000	0.871
[0.0010689]	26.245	[0.0010685]	15.494	0.000	0.295
[0.0010689]	26.245	[0.0010688]	16.604	0.000	1.000
[0.0010689]	26.245	[0.0010695]	20.829	0.004	0.672
[0.0010689]	26.245	[0.0010687]	14.148	0.000	0.269
[0.0010689]	26.245	[0.0010685]	14.289	0.000	0.633
[0.0010689]	26.245	[0.0010686]	13.844	0.000	0.804
[0.0010689]	26.245	[0.0010703]	17.637	0.000	0.233
[0.0010689]	26.245	[0.0010677]	13.978	0.000	0.744
[0.0010689]	26.245	[0.0010694]	16.871	0.000	0.049
[0.0010689]	26.245	[0.0010700]	17.865	0.000	0.550
[0.0010689]	26.245	[0.0010693]	18.769	0.001	0.114
[0.0010689]	26.245	[0.0010683]	12.894	0.000	0.860
[0.0010689]	26.245	[0.0010699]	18.676	0.001	0.857
[0.0010689]	26.245	[0.0010683]	13.959	0.000	0.655
[0.0010689]	26.245	[0.0010691]	16.703	0.000	0.851
[0.0010689]	26.245	[0.0010679]	14.423	0.000	0.357
[0.0010689]	26.245	[0.0010709]	14.791	0.000	0.013
[0.0010689]	26.245	[0.0010701]	21.742	0.011	0.233
[0.0010689]	26.245	[0.0010700]	15.638	0.000	0.319
[0.0010689]	26.245	[0.0010687]	14.561	0.000	0.765
[0.0010689]	26.245	[0.0010683]	14.349	0.000	0.234
[0.0010689]	26.245	[0.0010692]	15.730	0.000	0.748
[0.0010689]	26.245	[0.0010689]	15.608	0.000	0.505
[0.0010689]	26.245	[0.0010692]	13.625	0.000	0.319
[0.0010689]	26.245	[0.0010705]	15.040	0.000	0.322
[0.0010689]	26.245	[0.0010690]	15.292	0.000	0.648
[0.0010689]	26.245	[0.0010688]	18.482	0.000	0.517
[0.0010689]	26.245	[0.0010698]	16.790	0.000	0.092
[0.0010689]	26.245	[0.0010658]	14.622	0.000	0.054
[0.0010689]	26.245	[0.0010688]	16.985	0.000	0.769
[0.0010689]	26.245	[0.0010680]	15.127	0.000	0.235
[0.0010689]	26.245	[0.0010685]	13.049	0.000	0.408
[0.0010689]	26.245	[0.0010700]	18.381	0.000	0.756
[0.0010689]	26.245	[0.0010693]	20.253	0.003	0.276
[0.0010689]	26.245	[0.0010688]	14.628	0.000	0.703
[0.0010689]	26.245	[0.0010680]	15.214	0.000	0.473
[0.0010689]	26.245	[0.0010675]	13.778	0.000	0.763
[0.0010689]	26.245	[0.0010697]	17.158	0.000	0.446
[0.0010689]	26.245	[0.0010702]	16.190	0.000	0.954
[0.0010689]	26.245	[0.0010676]	18.818	0.001	0.339
[0.0010689]	26.245	[0.0010691]	17.245	0.000	0.777
[0.0010689]	26.245	[0.0010703]	15.909	0.000	0.301
[0.0010689]	26.245	[0.0010703]	15.815	0.000	0.267
[0.0010689]	26.245	[0.0010676]	14.328	0.000	0.824
[0.0010689]	26.245	[0.0010694]	15.663	0.000	0.166
[0.0010689]	26.245	[0.0010669]	14.022	0.000	0.304
[0.0010689]	26.245	[0.0010681]	13.952	0.000	0.535
[0.0010689]	26.245	[0.0010691]	15.522	0.000	0.751
[0.0010689]	26.245	[0.0010686]	19.974	0.002	0.460
[0.0010689]	26.245	[0.0010697]	16.510	0.000	0.029
[0.0010689]	26.245	[0.0010695]	15.892	0.000	0.267
[0.0010689]	26.245	[0.0010698]	15.658	0.000	0.129
[0.0010689]	26.245	[0.0010681]	15.116	0.000	0.711
[0.0010689]	26.245	[0.0010703]	15.399	0.000	0.106
[0.0010689]	26.245	[0.0010684]	17.820	0.000	0.439
[0.0010689]	26.245	[0.0010693]	15.584	0.000	0.555
[0.0010689]	26.245	[0.0010702]	23.026	0.040	0.716
[0.0010689]	26.245	[0.0010693]	16.556	0.000	0.722
[0.0010689]	26.245	[0.0010705]	14.486	0.000	0.704
[0.0010689]	26.245	[0.0010691]	14.791	0.000	0.009
[0.0010689]	26.245	[0.0010693]	15.052	0.000	0.552
[0.0010689]	26.245	[0.0010679]	15.435	0.000	0.507
[0.0010689]	26.245	[0.0010695]	15.143	0.000	0.984
[0.0010689]	26.245	[0.0010697]	21.742	0.011	0.744
[0.0010689]	26.245	[0.0010688]	16.305	0.000	0.006
[0.0010689]	26.245	[0.0010680]	15.330	0.000	0.383
[0.0010689]	26.245	[0.0010689]	13.488	0.000	0.383
[0.0010689]	26.245	[0.0010693]	14.506	0.000	0.350
[0.0010689]	26.245	[0.0010686]	18.304	0.000	0.632
[0.0010689]	26.245	[0.0010693]	15.238	0.000	0.721
[0.0010689]	26.245	[0.0010669]	15.029	0.000	0.910
[0.0010689]	26.245	[0.0010712]	14.746	0.000	0.238
[0.0010689]	26.245	[0.0010687]	16.126	0.000	0.143
[0.0010689]	26.245	[0.0010691]	16.464	0.000	0.717
[0.0010689]	26.245	[0.0010673]	14.817	0.000	0.212
[0.0010689]	26.245	[0.0010694]	13.645	0.000	0.546
[0.0010689]	26.245	[0.0010689]	17.256	0.000	0.776
[0.0010689]	26.245	[0.0010681]	14.950	0.000	0.125
[0.0010689]	26.245	[0.0010689]	14.222	0.000	0.894
[0.0010689]	26.245	[0.0010686]	13.060	0.000	0.179
[0.0010689]	26.245	[0.0010669]	13.697	0.000	0.123
[0.0010689]	26.245	[0.0010690]	13.173	0.000	0.132
[0.0010689]	26.245	[0.0010693]	17.506	0.000	0.697
[0.0010689]	26.245	[0.0010693]	14.532	0.000	0.994
[0.0010689]	26.245	[0.0010686]	13.984	0.000	0.314
[0.0010689]	26.245	[0.0010693]	14.788	0.000	0.994
[0.0010689]	26.245	[0.0010694]	16.082	0.000	0.201
[0.0010689]	26.245	[0.0010699]	15.206	0.000	0.588
[0.0010689]	26.245	[0.0010680]	13.647	0.000	0.894
[0.0010689]	26.245	[0.0010690]	18.461	0.000	0.191
[0.0010689]	26.245	[0.0010699]	18.023	0.000	0.241
[0.0010689]	26.245	[0.0010687]	14.578	0.000	0.731
[0.0010689]	26.245	[0.0010698]	18.996	0.001	0.038
[0.0010689]	26.245	[0.0010698]	15.421	0.000	0.018
[0.0010689]	26.245	[0.0010703]	16.541	0.000	0.921
[0.0010689]	26.245	[0.0010695]	13.536	0.000	0.878
[0.0010689]	26.245	[0.0010684]	16.927	0.000	0.913
[0.0010689]	26.245	[0.0010685]	15.555	0.000	0.925
[0.0010689]	26.245	[0.0010693]	16.686	0.000	0.934
> path <- results[[1]]
> liks <- results[[2]]
> best <- results[[3]]
> write.table(path, file = 'path.txt', row.names = F, col.names = F)
> write.table(liks, file = 'liks.txt', row.names = F, col.names = F)
> write.table(best, file = 'best.txt', row.names = F, col.names = F)
> 
> 
> proc.time()
      user     system    elapsed 
235001.809  12991.497   8552.586 
