
R version 4.2.2 Patched (2022-11-10 r83330) -- "Innocent and Trusting"
Copyright (C) 2022 The R Foundation for Statistical Computing
Platform: x86_64-pc-linux-gnu (64-bit)

R is free software and comes with ABSOLUTELY NO WARRANTY.
You are welcome to redistribute it under certain conditions.
Type 'license()' or 'licence()' for distribution details.

  Natural language support but running in an English locale

R is a collaborative project with many contributors.
Type 'contributors()' for more information and
'citation()' on how to cite R or R packages in publications.

Type 'demo()' for some demos, 'help()' for on-line help, or
'help.start()' for an HTML browser interface to help.
Type 'q()' to quit R.

> rm(list = ls())
> gc()
         used (Mb) gc trigger (Mb) max used (Mb)
Ncells 275507 14.8     663402 35.5   469283 25.1
Vcells 463357  3.6    8388608 64.0  1822500 14.0
> library(dplyr)

Attaching package: ‘dplyr’

The following objects are masked from ‘package:stats’:

    filter, lag

The following objects are masked from ‘package:base’:

    intersect, setdiff, setequal, union

> library(foreach)
> library(doParallel)
Loading required package: iterators
Loading required package: parallel
> 
> # Set up the number of cores used for parallelization.
> num_cores <- detectCores()
> registerDoParallel(num_cores)
> 
> #########################
> #### SEIR Simulation ####
> #########################
> time <- 365 # Number of days.
> inc <- 28 # Average incubation period length.
> inf <- 7 # Average infectious period length.
> N <- 1000 # Population size.
> 
> create_hh <- function() {
+   # Randomly sample household sizes such that total population is 1000 
+   # individuals.
+   hh_size <- sample(x = c(3, 4, 5, 6), size = 340, replace = T)
+   
+   # Keep households such that total population is < 1000.
+   hh_size <- hh_size[which(cumsum(hh_size) < N)]
+   
+   leftover <- N - sum(hh_size)
+   if (leftover < 3) {
+     hh <- 1:length(hh_size)
+     sampled <- sample(hh[hh_size < 6], leftover)
+     hh_size[sampled] <- hh_size[sampled] + 1
+   } else {
+     hh_size <- c(hh_size, leftover)
+   }
+   return(hh_size)
+ }
> 
> SEIR_blend <- function(params, inc, inf, verbose = F) {
+   hh_size <- create_hh()
+   
+   # Create frame for running the simulation.
+   # ID: ID of individual.
+   # SIZE: size of individual's household.
+   # HH: ID of individual's household.
+   # S: susceptibility status.
+   # E: exposed status.
+   # E_count: number of days since exposed.
+   # I: infectious status.
+   # I_count: number of days since infectious.
+   # R: recovered status.
+   # INC: incubation period.
+   # INF: infectious period.
+   data <- data.frame(ID = 1:N,
+                      SIZE = rep(hh_size, times = hh_size),
+                      HH = rep(1:length(hh_size), times = hh_size), 
+                      S = c(0, rep(1, N - 1)), 
+                      E = c(1, rep(0, N - 1)),
+                      E_count = c(1, rep(0, N - 1)), 
+                      I = 0,
+                      I_count = 0, 
+                      R = 0, 
+                      INC = c(round(rnorm(1, inc, 2)), rep(0, N - 1)),
+                      INF = 0)
+   
+   # Create frame for storing results.
+   # ID: ID of individual.
+   # SIZE: size of individual's household.
+   # HH: ID of individual's household.
+   # TYPE: the kind of infection: household (H), community (C), or both (B).
+   # TIME: when the individual became infectious.
+   # S_num: number of susceptible people in individual's household when their 
+   #        infectious period begins.
+   # I_num: number of people in household that this individual infected over 
+   #        their infectious period.
+   results <- data[, 1:3] %>% mutate(TYPE = NA, TIME = NA, S_num = NA, I_num = 0)
+   results$TYPE[1] <- '0'
+   
+   for(t in 1:time) {
+     if (verbose) {
+       if (t %% 10 == 0) {
+         cat(paste0(t, ' '))
+       }
+     }
+     
+     # Anyone who has been infectious for as many days as their infectious period
+     # is now recovered.
+     recovered <- (data$INF > 0) & (data$I_count == data$INF)
+     if(sum(recovered, na.rm = T) > 0) {
+       data$R[recovered] <- 1
+       data$I[recovered] <- 0
+       data$I_count[recovered] <- 0 
+     }
+     
+     new_inf <- (data$INC > 0) & (data$E_count == data$INC)
+     num_new_inf <- sum(new_inf, na.rm = T)
+     if(num_new_inf > 0) {
+       # Change status to newly infectious and add infectious period.
+       data$I[new_inf] <- 1
+       random_inf <- rnorm(num_new_inf, mean = inf, sd = 1) %>% round()
+       data$INF[new_inf] <- random_inf
+       
+       # Remove exposure status and exposure count.
+       data$E[new_inf] <- 0
+       data$E_count[new_inf] <- 0 
+       
+       # Record time at which infectious period starts.
+       results$TIME[new_inf] <- t
+       
+       # Save the number of susceptible people in each infectious individual's 
+       # household.
+       S_data <- data %>% group_by(HH) %>% 
+         mutate(S_tot = sum(S)) %>% 
+         select(HH, S_tot)
+       results$S_num[new_inf == 1] <- S_data$S_tot[new_inf == 1]
+     }
+     
+     # I_H is the number of infections inside each household.
+     # I_C is the number of infections outside each household.
+     I_data <- data %>% group_by(HH) %>% 
+       mutate(I_H = sum(I)) %>% 
+       ungroup() %>% 
+       mutate(I_C = sum(I) - I_H)
+     
+     beta_H <- params[1]
+     beta_C <- params[2]
+     beta_E <- params[3]
+     # Should risk_H be taken over the household size?
+     risk_H <- pmin(beta_H * data$S * I_data$I_H / N, 1)
+     risk_C <- pmin(beta_C * data$S * I_data$I_C / N, 1)
+     risk_E <- pmin(beta_E * data$S, 1)
+     
+     # What is rr here? It was an input to SEIR_blend.
+     #risk_hh <- d$S*rr*b_hh*summary_data$Ih/4
+     #risk_c <- d$S*b_hh*summary_data$Ic/995
+     #risk_e <- b_e*d$S
+     
+     new_inf_H <- rbinom(N, 1, risk_H)
+     new_inf_C <- rbinom(N, 1, risk_C)
+     new_inf_E <- rbinom(N, 1, risk_E)
+     new_exposed <- (new_inf_H == 1) | (new_inf_C == 1) | (new_inf_E == 1)
+     num_new_exposed <- sum(new_exposed, na.rm = T)
+     if (num_new_exposed > 0) {
+       # Change status to newly exposed and add incubation period.
+       data$E[new_exposed] <- 1
+       random_inc <- rnorm(num_new_exposed, mean = inc, sd = 2) %>% round()
+       data$INC[new_exposed] <- random_inc
+       
+       # Remove susceptible status.
+       data$S[new_exposed] <- 0
+       
+       # Get number of new infections in each household.
+       I_data <- I_data %>%
+         select(ID, HH, I, I_H) %>%
+         mutate(new_I_H = new_inf_H) %>%
+         group_by(HH) %>%
+         # Find households with at least 1 currently infectious individual. If 
+         # exactly 1 infectious individual in household, assign all new H 
+         # exposures to that individual. If there are multiple infectious 
+         # individuals, assign all infections to the infectious individual with 
+         # the first ID.
+         mutate(new_I_H = ifelse(I == 1 & ID == first(ID[I == 1]), 
+                                 sum(new_I_H), 0))
+       
+       results$I_num <- results$I_num + I_data$new_I_H
+         
+       # Label infections types.
+       new_inf_P <- (new_inf_H == 1) | (new_inf_C == 1)
+       results$TYPE[new_inf_P == 1] <- 'P'
+       results$TYPE[new_inf_E == 1] <- 'E'
+       results$TYPE[(new_inf_P == 1) & (new_inf_E == 1)] <- 'B'
+     }
+     
+     # Increment exposure and infectious counters.
+     data$E_count[data$E == 1] <- data$E_count[data$E == 1] + 1
+     data$I_count[data$I == 1] <- data$I_count[data$I == 1] + 1
+   }
+   return(results)
+ }
> 
> metrics <- function(results) {
+   # Incidence is the proportion of the population that became infected.
+   idc <- mean(!is.na(results$TIME))
+   
+   # If incidence is 0, the SAR and proportion of environmental infection are
+   # undefined.
+   sar <- NA
+   prp <- NA
+   if (idc != 0) {
+     # The SAR is the average SAR for each individual that was infectious.
+     sar <- mean(results$I_num / results$S_num, na.rm = T)
+     prp <- mean(results[!is.na(results$TIME), ]$TYPE != 'E')
+   }
+   return(c(idc, sar, prp))
+ }
> 
> beta_Hs <- seq(30, 70, 5)
> beta_Cs <- seq(0, 1, 0.1)
> beta_Es <- seq(0, 0.1, 0.01)
> 
> a <- length(beta_Hs)
> b <- length(beta_Cs)
> c <- length(beta_Es)
> 
> reps <- 50
> idcs <- array(rep(NA, a * b * c * reps), dim = c(a, b, c, reps))
> sars <- array(rep(NA, a * b * c * reps), dim = c(a, b, c, reps))
> prps <- array(rep(NA, a * b * c * reps), dim = c(a, b, c, reps))
> t_tot <- 0
> for (i in 1:a) {
+   for (j in 1:b) {
+     for (k in 1:c) {
+       beta_H <- beta_Hs[i]
+       beta_C <- beta_Cs[j]
+       beta_E <- beta_Es[k]
+       
+       params <- c(beta_H, beta_C, beta_E)
+       
+       cat(paste0(beta_H, '/70\t', 
+                  format(beta_C, nsmall = 1), '/1.0\t',
+                  format(beta_E, nsmall = 2), '/0.10\t'))
+         
+       t_0 <- Sys.time()
+       vals <- foreach (l = 1:reps, .combine = 'c') %dopar% {
+         results <- SEIR_blend(params, inc, inf) 
+         metrics(results)
+       }
+       t_1 <- Sys.time()
+       t_tot <- t_tot + (t_1 - t_0)
+         
+       cat(paste0(format(t_tot, nsmall = 2), 
+                  '\t(', format(t_1 - t_0, nsmall = 2), ')\t'))
+       
+       vals <- matrix(vals, reps, byrow = T)
+       idcs[i, j, k, ] <- vals[, 1]
+       sars[i, j, k, ] <- vals[, 2]
+       prps[i, j, k, ] <- vals[, 3]
+         
+       cat(paste0(format(mean(vals[, 1]), nsmall = 3), '\t', 
+                  format(mean(vals[, 2]), nsmall = 3), '\t', 
+                  format(mean(vals[, 3]), nsmall = 3)))
+         
+       write.table(idcs, file = 'idcs.txt', row.names = F, col.names = F)
+       write.table(sars, file = 'sars.txt', row.names = F, col.names = F)
+       write.table(prps, file = 'prps.txt', row.names = F, col.names = F)
+         
+       cat('\n')
+     }
+     cat('\n')
+   }
+   message('\n')
+ }
30/70	0.0/1.0	0.00/0.10	10.77509 secs	(10.77509 secs)	0.00182	0.1046222	1.000
30/70	0.0/1.0	0.01/0.10	42.80952 secs	(32.03443 secs)	0.98468	0.1839165	0.238715
30/70	0.0/1.0	0.02/0.10	67.84222 secs	(25.03271 secs)	0.99944	0.1771336	0.1695345
30/70	0.0/1.0	0.03/0.10	90.2273 secs	(22.38508 secs)	1.000	0.1701321	0.1222
30/70	0.0/1.0	0.04/0.10	110.1044 secs	(19.87711 secs)	1.000	0.1639767	0.08938
30/70	0.0/1.0	0.05/0.10	128.208 secs	(18.10356 secs)	1.000	0.1574895	0.065
30/70	0.0/1.0	0.06/0.10	145.0832 secs	(16.87524 secs)	1.000	0.1552749	0.04956
30/70	0.0/1.0	0.07/0.10	161.8113 secs	(16.72804 secs)	1.000	0.1474855	0.03416
30/70	0.0/1.0	0.08/0.10	177.5021 secs	(15.69085 secs)	1.000	0.1487679	0.0267
30/70	0.0/1.0	0.09/0.10	193.1026 secs	(15.60048 secs)	1.000	0.1346349	0.0185
30/70	0.0/1.0	0.10/0.10	207.975 secs	(14.87239 secs)	1.000	0.1389746	0.01386

30/70	0.1/1.0	0.00/0.10	224.9243 secs	(16.94933 secs)	0.04824	0.10644	1.000
30/70	0.1/1.0	0.01/0.10	253.2127 secs	(28.28837 secs)	0.99142	0.1791688	0.3933237
30/70	0.1/1.0	0.02/0.10	276.1108 secs	(22.8981 secs)	0.99962	0.1690179	0.2706424
30/70	0.1/1.0	0.03/0.10	295.8112 secs	(19.70047 secs)	0.99998	0.1629587	0.1912237
30/70	0.1/1.0	0.04/0.10	314.8546 secs	(19.04337 secs)	1.000	0.1546202	0.14168
30/70	0.1/1.0	0.05/0.10	333.1868 secs	(18.33223 secs)	1.000	0.1527766	0.10496
30/70	0.1/1.0	0.06/0.10	349.9005 secs	(16.71368 secs)	1.000	0.1449783	0.0748
30/70	0.1/1.0	0.07/0.10	366.3292 secs	(16.4287 secs)	1.000	0.136237	0.05266
30/70	0.1/1.0	0.08/0.10	381.6166 secs	(15.28734 secs)	1.000	0.132894	0.03996
30/70	0.1/1.0	0.09/0.10	397.2206 secs	(15.60402 secs)	1.000	0.1298653	0.0284
30/70	0.1/1.0	0.10/0.10	412.1623 secs	(14.94175 secs)	1.000	0.113808	0.02104

30/70	0.2/1.0	0.00/0.10	438.3059 secs	(26.14361 secs)	0.55134	0.1452632	1.000
30/70	0.2/1.0	0.01/0.10	462.9493 secs	(24.64336 secs)	0.99612	0.1761257	0.4873147
30/70	0.2/1.0	0.02/0.10	484.4527 secs	(21.5034 secs)	0.99988	0.1669255	0.3375612
30/70	0.2/1.0	0.03/0.10	504.2543 secs	(19.80161 secs)	1.000	0.1548289	0.24222
30/70	0.2/1.0	0.04/0.10	522.4719 secs	(18.21763 secs)	1.000	0.1549318	0.17538
30/70	0.2/1.0	0.05/0.10	540.2063 secs	(17.73436 secs)	1.000	0.1417006	0.12832
30/70	0.2/1.0	0.06/0.10	557.2053 secs	(16.99902 secs)	1.000	0.1334757	0.09488
30/70	0.2/1.0	0.07/0.10	572.569 secs	(15.36366 secs)	1.000	0.1349897	0.06956
30/70	0.2/1.0	0.08/0.10	587.8171 secs	(15.24815 secs)	1.000	0.1239873	0.04964
30/70	0.2/1.0	0.09/0.10	602.832 secs	(15.01487 secs)	1.000	0.1239353	0.03676
30/70	0.2/1.0	0.10/0.10	617.5588 secs	(14.72676 secs)	1.000	0.1159585	0.02864

30/70	0.3/1.0	0.00/0.10	643.9762 secs	(26.41744 secs)	0.84564	0.16828	1.000
30/70	0.3/1.0	0.01/0.10	666.5258 secs	(22.54955 secs)	0.99796	0.1692694	0.5420628
30/70	0.3/1.0	0.02/0.10	686.1731 secs	(19.6473 secs)	0.99996	0.1595807	0.3789147
30/70	0.3/1.0	0.03/0.10	704.6766 secs	(18.50356 secs)	1.000	0.1527316	0.27066
30/70	0.3/1.0	0.04/0.10	722.4374 secs	(17.76078 secs)	1.000	0.1426085	0.19974
30/70	0.3/1.0	0.05/0.10	739.3948 secs	(16.9574 secs)	1.000	0.1356191	0.14598
30/70	0.3/1.0	0.06/0.10	754.8451 secs	(15.45035 secs)	1.000	0.13035	0.10838
30/70	0.3/1.0	0.07/0.10	770.7455 secs	(15.90033 secs)	1.000	0.1314055	0.07966
30/70	0.3/1.0	0.08/0.10	786.6056 secs	(15.86016 secs)	1.000	0.1245618	0.05684
30/70	0.3/1.0	0.09/0.10	801.4356 secs	(14.82995 secs)	1.000	0.1161797	0.04478
30/70	0.3/1.0	0.10/0.10	815.9804 secs	(14.54481 secs)	1.000	0.1095519	0.03176

30/70	0.4/1.0	0.00/0.10	840.2827 secs	(24.30236 secs)	0.92994	0.1656769	1.000
30/70	0.4/1.0	0.01/0.10	861.4586 secs	(21.17586 secs)	0.99916	0.168955	0.5748039
30/70	0.4/1.0	0.02/0.10	879.7389 secs	(18.28027 secs)	1.000	0.1576826	0.40662
30/70	0.4/1.0	0.03/0.10	897.2382 secs	(17.49931 secs)	1.000	0.1472815	0.29764
30/70	0.4/1.0	0.04/0.10	914.0235 secs	(16.78527 secs)	1.000	0.1439932	0.21732
30/70	0.4/1.0	0.05/0.10	930.0096 secs	(15.98612 secs)	1.000	0.1272299	0.16112
30/70	0.4/1.0	0.06/0.10	945.9694 secs	(15.95982 secs)	1.000	0.1234934	0.11724
30/70	0.4/1.0	0.07/0.10	961.3058 secs	(15.33637 secs)	1.000	0.1145723	0.08524
30/70	0.4/1.0	0.08/0.10	976.733 secs	(15.42719 secs)	1.000	0.1179687	0.0646
30/70	0.4/1.0	0.09/0.10	992.0469 secs	(15.31396 secs)	1.000	0.1126491	0.04648
30/70	0.4/1.0	0.10/0.10	1006.532 secs	(14.485 secs)	1.000	0.1011488	0.03514

30/70	0.5/1.0	0.00/0.10	1029.277 secs	(22.74524 secs)	0.94698	0.157008	1.000
30/70	0.5/1.0	0.01/0.10	1049.212 secs	(19.93534 secs)	0.99966	0.1592815	0.6031055
30/70	0.5/1.0	0.02/0.10	1067.111 secs	(17.89871 secs)	1.000	0.1490914	0.43088
30/70	0.5/1.0	0.03/0.10	1084.192 secs	(17.08058 secs)	1.000	0.141216	0.31254
30/70	0.5/1.0	0.04/0.10	1100.178 secs	(15.98644 secs)	1.000	0.1347634	0.23016
30/70	0.5/1.0	0.05/0.10	1116.182 secs	(16.00416 secs)	1.000	0.1257195	0.172
30/70	0.5/1.0	0.06/0.10	1131.677 secs	(15.49499 secs)	1.000	0.1168029	0.1236
30/70	0.5/1.0	0.07/0.10	1147.326 secs	(15.64893 secs)	1.000	0.115665	0.0905
30/70	0.5/1.0	0.08/0.10	1162.036 secs	(14.70981 secs)	1.000	0.1124488	0.069
30/70	0.5/1.0	0.09/0.10	1177.113 secs	(15.0771 secs)	1.000	0.1069746	0.05124
30/70	0.5/1.0	0.10/0.10	1192.433 secs	(15.31954 secs)	1.000	0.1021202	0.0363

30/70	0.6/1.0	0.00/0.10	1214.039 secs	(21.60671 secs)	0.99322	0.1623456	1.000
30/70	0.6/1.0	0.01/0.10	1232.751 secs	(18.71177 secs)	0.99978	0.1603659	0.6202558
30/70	0.6/1.0	0.02/0.10	1250.238 secs	(17.48628 secs)	1.000	0.1463576	0.44616
30/70	0.6/1.0	0.03/0.10	1266.844 secs	(16.60652 secs)	1.000	0.1376729	0.3254
30/70	0.6/1.0	0.04/0.10	1283.01 secs	(16.1664 secs)	1.000	0.1242725	0.23714
30/70	0.6/1.0	0.05/0.10	1298.257 secs	(15.24695 secs)	1.000	0.1230797	0.1762
30/70	0.6/1.0	0.06/0.10	1313.669 secs	(15.41163 secs)	1.000	0.1175759	0.12988
30/70	0.6/1.0	0.07/0.10	1328.415 secs	(14.74627 secs)	1.000	0.1155057	0.0953
30/70	0.6/1.0	0.08/0.10	1343.096 secs	(14.68118 secs)	1.000	0.1084173	0.07114
30/70	0.6/1.0	0.09/0.10	1357.948 secs	(14.85178 secs)	1.000	0.1015528	0.05194
30/70	0.6/1.0	0.10/0.10	1372.339 secs	(14.3904 secs)	1.000	0.09861262	0.03752

30/70	0.7/1.0	0.00/0.10	1393.581 secs	(21.24288 secs)	0.97768	0.1507074	1.000
30/70	0.7/1.0	0.01/0.10	1412.696 secs	(19.11426 secs)	0.9999	0.1513901	0.6327424
30/70	0.7/1.0	0.02/0.10	1429.98 secs	(17.2842 secs)	1.000	0.1421607	0.45934
30/70	0.7/1.0	0.03/0.10	1446.235 secs	(16.25549 secs)	1.000	0.1321488	0.3331
30/70	0.7/1.0	0.04/0.10	1462.356 secs	(16.12017 secs)	1.000	0.1213958	0.24912
30/70	0.7/1.0	0.05/0.10	1477.539 secs	(15.18357 secs)	1.000	0.1141975	0.18436
30/70	0.7/1.0	0.06/0.10	1492.489 secs	(14.95028 secs)	1.000	0.1139132	0.13566
30/70	0.7/1.0	0.07/0.10	1507.324 secs	(14.83461 secs)	1.000	0.1065206	0.10182
30/70	0.7/1.0	0.08/0.10	1521.585 secs	(14.26051 secs)	1.000	0.09931149	0.07372
30/70	0.7/1.0	0.09/0.10	1535.791 secs	(14.20672 secs)	1.000	0.09720548	0.05634
30/70	0.7/1.0	0.10/0.10	1550.303 secs	(14.51168 secs)	1.000	0.09156519	0.0412

30/70	0.8/1.0	0.00/0.10	1570.205 secs	(19.9021 secs)	0.99896	0.1489015	1.000
30/70	0.8/1.0	0.01/0.10	1588.12 secs	(17.91498 secs)	0.99998	0.1563086	0.6425328
30/70	0.8/1.0	0.02/0.10	1605.846 secs	(17.72626 secs)	1.000	0.141332	0.46754
30/70	0.8/1.0	0.03/0.10	1622.781 secs	(16.93501 secs)	1.000	0.1255733	0.34194
30/70	0.8/1.0	0.04/0.10	1638.211 secs	(15.42946 secs)	1.000	0.1163253	0.25514
30/70	0.8/1.0	0.05/0.10	1653.821 secs	(15.6102 secs)	1.000	0.1122641	0.18974
30/70	0.8/1.0	0.06/0.10	1668.497 secs	(14.67581 secs)	1.000	0.1047095	0.13892
30/70	0.8/1.0	0.07/0.10	1683.041 secs	(14.54468 secs)	1.000	0.1032707	0.10382
30/70	0.8/1.0	0.08/0.10	1697.304 secs	(14.26291 secs)	1.000	0.0994094	0.07522
30/70	0.8/1.0	0.09/0.10	1711.334 secs	(14.02998 secs)	1.000	0.09355983	0.05668
30/70	0.8/1.0	0.10/0.10	1725.358 secs	(14.0237 secs)	1.000	0.09552837	0.04162

30/70	0.9/1.0	0.00/0.10	1744.52 secs	(19.16214 secs)	0.9994	0.1425209	1.000
30/70	0.9/1.0	0.01/0.10	1762.362 secs	(17.84215 secs)	1.000	0.1451506	0.649
30/70	0.9/1.0	0.02/0.10	1779.571 secs	(17.20882 secs)	1.000	0.1389165	0.47364
30/70	0.9/1.0	0.03/0.10	1795.888 secs	(16.3171 secs)	1.000	0.1278806	0.3509
30/70	0.9/1.0	0.04/0.10	1811.081 secs	(15.19262 secs)	1.000	0.1139282	0.25998
30/70	0.9/1.0	0.05/0.10	1826.721 secs	(15.63976 secs)	1.000	0.1110047	0.19472
30/70	0.9/1.0	0.06/0.10	1841.857 secs	(15.1367 secs)	1.000	0.1037357	0.14284
30/70	0.9/1.0	0.07/0.10	1856.427 secs	(14.56928 secs)	1.000	0.09699684	0.10476
30/70	0.9/1.0	0.08/0.10	1870.657 secs	(14.23031 secs)	1.000	0.09638797	0.0794
30/70	0.9/1.0	0.09/0.10	1884.845 secs	(14.18853 secs)	1.000	0.1031441	0.05798
30/70	0.9/1.0	0.10/0.10	1898.825 secs	(13.98002 secs)	1.000	0.08461426	0.04234

30/70	1.0/1.0	0.00/0.10	1917.699 secs	(18.8736 secs)	0.9997	0.1382617	1.000
30/70	1.0/1.0	0.01/0.10	1935.277 secs	(17.57759 secs)	1.000	0.1474596	0.65742
30/70	1.0/1.0	0.02/0.10	1951.701 secs	(16.42416 secs)	1.000	0.1342934	0.4817
30/70	1.0/1.0	0.03/0.10	1967.23 secs	(15.52963 secs)	1.000	0.1172914	0.35664
30/70	1.0/1.0	0.04/0.10	1982.964 secs	(15.73318 secs)	1.000	0.117438	0.2651
30/70	1.0/1.0	0.05/0.10	1998.19 secs	(15.22618 secs)	1.000	0.1053073	0.19784
30/70	1.0/1.0	0.06/0.10	2012.645 secs	(14.45469 secs)	1.000	0.1014982	0.14384
30/70	1.0/1.0	0.07/0.10	2027.423 secs	(14.77892 secs)	1.000	0.09615805	0.11046
30/70	1.0/1.0	0.08/0.10	2042.144 secs	(14.72044 secs)	1.000	0.09041788	0.08006
30/70	1.0/1.0	0.09/0.10	2056.923 secs	(14.77901 secs)	1.000	0.08541268	0.05862
30/70	1.0/1.0	0.10/0.10	2070.941 secs	(14.0176 secs)	1.000	0.08465455	0.044



35/70	0.0/1.0	0.00/0.10	2081.478 secs	(10.53788 secs)	0.00216	0.12885	1.000
35/70	0.0/1.0	0.01/0.10	2113.24 secs	(31.76119 secs)	0.98562	0.2101173	0.2696607
35/70	0.0/1.0	0.02/0.10	2138.055 secs	(24.81509 secs)	0.99962	0.2034309	0.1917119
35/70	0.0/1.0	0.03/0.10	2158.756 secs	(20.70088 secs)	1.000	0.1959154	0.13814
35/70	0.0/1.0	0.04/0.10	2178.518 secs	(19.76266 secs)	1.000	0.1857722	0.10104
35/70	0.0/1.0	0.05/0.10	2197.00 secs	(18.48149 secs)	1.000	0.1815267	0.07326
35/70	0.0/1.0	0.06/0.10	2214.358 secs	(17.35804 secs)	1.000	0.1802824	0.0545
35/70	0.0/1.0	0.07/0.10	2230.713 secs	(16.35485 secs)	1.000	0.1720344	0.03988
35/70	0.0/1.0	0.08/0.10	2247.265 secs	(16.55265 secs)	1.000	0.1594157	0.02834
35/70	0.0/1.0	0.09/0.10	2263.292 secs	(16.02699 secs)	1.000	0.1634298	0.022
35/70	0.0/1.0	0.10/0.10	2278.456 secs	(15.16335 secs)	1.000	0.1606201	0.0161

35/70	0.1/1.0	0.00/0.10	2293.066 secs	(14.61056 secs)	0.05924	0.1548243	1.000
35/70	0.1/1.0	0.01/0.10	2320.734 secs	(27.66773 secs)	0.99354	0.2050322	0.4124665
35/70	0.1/1.0	0.02/0.10	2342.869 secs	(22.13536 secs)	0.99982	0.1947987	0.2783895
35/70	0.1/1.0	0.03/0.10	2362.793 secs	(19.9237 secs)	1.000	0.1880096	0.2038
35/70	0.1/1.0	0.04/0.10	2381.224 secs	(18.43146 secs)	1.000	0.1869555	0.1514
35/70	0.1/1.0	0.05/0.10	2398.294 secs	(17.06946 secs)	1.000	0.1694455	0.1077
35/70	0.1/1.0	0.06/0.10	2415.273 secs	(16.97916 secs)	1.000	0.1611221	0.07736
35/70	0.1/1.0	0.07/0.10	2431.90 secs	(16.62745 secs)	1.000	0.1624478	0.05642
35/70	0.1/1.0	0.08/0.10	2447.68 secs	(15.77991 secs)	1.000	0.158304	0.04314
35/70	0.1/1.0	0.09/0.10	2463.553 secs	(15.87244 secs)	1.000	0.145195	0.03064
35/70	0.1/1.0	0.10/0.10	2479.587 secs	(16.03394 secs)	1.000	0.1454352	0.02154

35/70	0.2/1.0	0.00/0.10	2506.624 secs	(27.0373 secs)	0.60744	0.1638762	1.000
35/70	0.2/1.0	0.01/0.10	2530.82 secs	(24.19548 secs)	0.99706	0.1984188	0.4964654
35/70	0.2/1.0	0.02/0.10	2551.332 secs	(20.51206 secs)	0.99986	0.1924581	0.3452288
35/70	0.2/1.0	0.03/0.10	2570.421 secs	(19.08959 secs)	1.000	0.1814585	0.2495
35/70	0.2/1.0	0.04/0.10	2588.205 secs	(17.78367 secs)	1.000	0.1720333	0.18074
35/70	0.2/1.0	0.05/0.10	2605.069 secs	(16.86387 secs)	1.000	0.1650018	0.13082
35/70	0.2/1.0	0.06/0.10	2621.798 secs	(16.72899 secs)	1.000	0.1644873	0.09814
35/70	0.2/1.0	0.07/0.10	2637.798 secs	(15.99993 secs)	1.000	0.1400439	0.0689
35/70	0.2/1.0	0.08/0.10	2653.338 secs	(15.54021 secs)	1.000	0.1425561	0.0519
35/70	0.2/1.0	0.09/0.10	2668.529 secs	(15.19142 secs)	1.000	0.141759	0.03908
35/70	0.2/1.0	0.10/0.10	2683.62 secs	(15.09106 secs)	1.000	0.1396289	0.0275

35/70	0.3/1.0	0.00/0.10	2710.513 secs	(26.89262 secs)	0.84762	0.1881684	1.000
35/70	0.3/1.0	0.01/0.10	2732.803 secs	(22.29026 secs)	0.9986	0.1957922	0.5524948
35/70	0.3/1.0	0.02/0.10	2752.217 secs	(19.41358 secs)	0.99996	0.1820143	0.3835759
35/70	0.3/1.0	0.03/0.10	2770.144 secs	(17.92705 secs)	1.000	0.1770633	0.27644
35/70	0.3/1.0	0.04/0.10	2787.132 secs	(16.98795 secs)	1.000	0.1643153	0.2027
35/70	0.3/1.0	0.05/0.10	2803.117 secs	(15.98488 secs)	1.000	0.1540843	0.14702
35/70	0.3/1.0	0.06/0.10	2818.788 secs	(15.67084 secs)	1.000	0.1493955	0.10996
35/70	0.3/1.0	0.07/0.10	2833.702 secs	(14.91401 secs)	1.000	0.1477231	0.08154
35/70	0.3/1.0	0.08/0.10	2849.255 secs	(15.55388 secs)	1.000	0.1353515	0.05916
35/70	0.3/1.0	0.09/0.10	2864.389 secs	(15.13349 secs)	1.000	0.1383452	0.04234
35/70	0.3/1.0	0.10/0.10	2879.298 secs	(14.9089 secs)	1.000	0.1316816	0.03166

35/70	0.4/1.0	0.00/0.10	2904.247 secs	(24.94933 secs)	0.9345	0.1896023	1.000
35/70	0.4/1.0	0.01/0.10	2925.163 secs	(20.91569 secs)	0.99932	0.1892674	0.5827392
35/70	0.4/1.0	0.02/0.10	2943.673 secs	(18.51037 secs)	0.99996	0.1763789	0.4123366
35/70	0.4/1.0	0.03/0.10	2960.643 secs	(16.96963 secs)	1.000	0.1696097	0.29958
35/70	0.4/1.0	0.04/0.10	2977.174 secs	(16.53091 secs)	1.000	0.158504	0.22088
35/70	0.4/1.0	0.05/0.10	2993.175 secs	(16.00163 secs)	1.000	0.1477921	0.16288
35/70	0.4/1.0	0.06/0.10	3008.372 secs	(15.19689 secs)	1.000	0.1432603	0.11898
35/70	0.4/1.0	0.07/0.10	3023.676 secs	(15.30392 secs)	1.000	0.1361529	0.08828
35/70	0.4/1.0	0.08/0.10	3038.442 secs	(14.76532 secs)	1.000	0.1353451	0.06432
35/70	0.4/1.0	0.09/0.10	3053.201 secs	(14.75989 secs)	1.000	0.1278912	0.048
35/70	0.4/1.0	0.10/0.10	3067.819 secs	(14.61738 secs)	1.000	0.1240732	0.03552

35/70	0.5/1.0	0.00/0.10	3091.521 secs	(23.70225 secs)	0.98726	0.1907943	1.000
35/70	0.5/1.0	0.01/0.10	3111.168 secs	(19.64656 secs)	0.99962	0.1831508	0.6033288
35/70	0.5/1.0	0.02/0.10	3129.948 secs	(18.78008 secs)	0.99998	0.1719026	0.4312284
35/70	0.5/1.0	0.03/0.10	3147.391 secs	(17.44317 secs)	1.000	0.1618638	0.31714
35/70	0.5/1.0	0.04/0.10	3163.278 secs	(15.88699 secs)	1.000	0.1529629	0.23214
35/70	0.5/1.0	0.05/0.10	3178.685 secs	(15.40695 secs)	1.000	0.1411631	0.1702
35/70	0.5/1.0	0.06/0.10	3194.08 secs	(15.39552 secs)	1.000	0.1376616	0.1273
35/70	0.5/1.0	0.07/0.10	3209.169 secs	(15.08914 secs)	1.000	0.1300159	0.0942
35/70	0.5/1.0	0.08/0.10	3223.719 secs	(14.55004 secs)	1.000	0.1189273	0.0689
35/70	0.5/1.0	0.09/0.10	3238.272 secs	(14.55258 secs)	1.000	0.1213276	0.05142
35/70	0.5/1.0	0.10/0.10	3252.836 secs	(14.56348 secs)	1.000	0.1093518	0.03804

35/70	0.6/1.0	0.00/0.10	3273.828 secs	(20.99268 secs)	0.95474	0.1742916	1.000
35/70	0.6/1.0	0.01/0.10	3293.61 secs	(19.7821 secs)	0.99978	0.1776336	0.6215749
35/70	0.6/1.0	0.02/0.10	3311.66 secs	(18.04936 secs)	1.000	0.1697391	0.44424
35/70	0.6/1.0	0.03/0.10	3329.109 secs	(17.44957 secs)	1.000	0.1552186	0.32716
35/70	0.6/1.0	0.04/0.10	3345.661 secs	(16.55214 secs)	1.000	0.1464561	0.23954
35/70	0.6/1.0	0.05/0.10	3360.942 secs	(15.28097 secs)	1.000	0.1277446	0.17694
35/70	0.6/1.0	0.06/0.10	3376.157 secs	(15.21441 secs)	1.000	0.1294261	0.1319
35/70	0.6/1.0	0.07/0.10	3390.669 secs	(14.51263 secs)	1.000	0.1267318	0.09882
35/70	0.6/1.0	0.08/0.10	3405.334 secs	(14.66472 secs)	1.000	0.1177098	0.07278
35/70	0.6/1.0	0.09/0.10	3419.554 secs	(14.21998 secs)	1.000	0.1080245	0.0531
35/70	0.6/1.0	0.10/0.10	3433.964 secs	(14.41002 secs)	1.000	0.1062727	0.0399

35/70	0.7/1.0	0.00/0.10	3454.321 secs	(20.35649 secs)	0.99814	0.1742993	1.000
35/70	0.7/1.0	0.01/0.10	3472.956 secs	(18.63548 secs)	0.99992	0.1729311	0.6328299
35/70	0.7/1.0	0.02/0.10	3490.303 secs	(17.34679 secs)	1.000	0.1731553	0.45974
35/70	0.7/1.0	0.03/0.10	3507.021 secs	(16.71804 secs)	1.000	0.153842	0.33312
35/70	0.7/1.0	0.04/0.10	3522.99 secs	(15.96958 secs)	1.000	0.1421901	0.2499
35/70	0.7/1.0	0.05/0.10	3538.156 secs	(15.16554 secs)	1.000	0.1320979	0.18478
35/70	0.7/1.0	0.06/0.10	3553.781 secs	(15.62493 secs)	1.000	0.1310895	0.13692
35/70	0.7/1.0	0.07/0.10	3569.313 secs	(15.53212 secs)	1.000	0.1183937	0.09698
35/70	0.7/1.0	0.08/0.10	3583.718 secs	(14.40483 secs)	1.000	0.1187318	0.07378
35/70	0.7/1.0	0.09/0.10	3598.06 secs	(14.34204 secs)	1.000	0.1160162	0.05464
35/70	0.7/1.0	0.10/0.10	3612.243 secs	(14.1832 secs)	1.000	0.1152657	0.04144

35/70	0.8/1.0	0.00/0.10	3631.416 secs	(19.17306 secs)	0.99906	0.1657815	1.000
35/70	0.8/1.0	0.01/0.10	3649.481 secs	(18.06508 secs)	0.99996	0.1687883	0.6415457
35/70	0.8/1.0	0.02/0.10	3666.216 secs	(16.7344 secs)	1.000	0.1558701	0.4647
35/70	0.8/1.0	0.03/0.10	3682.234 secs	(16.01865 secs)	1.000	0.1470846	0.34412
35/70	0.8/1.0	0.04/0.10	3698.339 secs	(16.10492 secs)	1.000	0.1388878	0.25538
35/70	0.8/1.0	0.05/0.10	3713.951 secs	(15.61199 secs)	1.000	0.1290448	0.19014
35/70	0.8/1.0	0.06/0.10	3728.986 secs	(15.03472 secs)	1.000	0.1252802	0.13976
35/70	0.8/1.0	0.07/0.10	3743.988 secs	(15.00236 secs)	1.000	0.1193414	0.10376
35/70	0.8/1.0	0.08/0.10	3758.946 secs	(14.95816 secs)	1.000	0.1033138	0.07604
35/70	0.8/1.0	0.09/0.10	3773.911 secs	(14.96421 secs)	1.000	0.1128096	0.057
35/70	0.8/1.0	0.10/0.10	3788.282 secs	(14.3712 secs)	1.000	0.1042978	0.04322

35/70	0.9/1.0	0.00/0.10	3807.571 secs	(19.28926 secs)	0.9996	0.1659288	1.000
35/70	0.9/1.0	0.01/0.10	3825.522 secs	(17.95079 secs)	1.000	0.1692563	0.649
35/70	0.9/1.0	0.02/0.10	3842.255 secs	(16.73266 secs)	1.000	0.1554361	0.47496
35/70	0.9/1.0	0.03/0.10	3857.825 secs	(15.57012 secs)	1.000	0.1439466	0.35488
35/70	0.9/1.0	0.04/0.10	3873.265 secs	(15.44054 secs)	1.000	0.1280573	0.25702
35/70	0.9/1.0	0.05/0.10	3887.956 secs	(14.69091 secs)	1.000	0.1255108	0.19182
35/70	0.9/1.0	0.06/0.10	3902.787 secs	(14.83089 secs)	1.000	0.1114488	0.14264
35/70	0.9/1.0	0.07/0.10	3917.209 secs	(14.42217 secs)	1.000	0.1056592	0.1039
35/70	0.9/1.0	0.08/0.10	3931.892 secs	(14.68294 secs)	1.000	0.1086996	0.07752
35/70	0.9/1.0	0.09/0.10	3945.863 secs	(13.97039 secs)	1.000	0.1104465	0.05978
35/70	0.9/1.0	0.10/0.10	3960.236 secs	(14.37319 secs)	1.000	0.109661	0.04254

35/70	1.0/1.0	0.00/0.10	3979.366 secs	(19.13036 secs)	0.97984	0.1586425	1.000
35/70	1.0/1.0	0.01/0.10	3996.46 secs	(17.0938 secs)	1.000	0.1649818	0.6583
35/70	1.0/1.0	0.02/0.10	4012.734 secs	(16.27386 secs)	1.000	0.1562857	0.47776
35/70	1.0/1.0	0.03/0.10	4028.421 secs	(15.68714 secs)	1.000	0.1434965	0.35944
35/70	1.0/1.0	0.04/0.10	4043.183 secs	(14.76171 secs)	1.000	0.1244976	0.26172
35/70	1.0/1.0	0.05/0.10	4058.014 secs	(14.83132 secs)	1.000	0.1238721	0.19852
35/70	1.0/1.0	0.06/0.10	4072.349 secs	(14.33476 secs)	1.000	0.1106377	0.14494
35/70	1.0/1.0	0.07/0.10	4086.633 secs	(14.28435 secs)	1.000	0.105733	0.10782
35/70	1.0/1.0	0.08/0.10	4100.705 secs	(14.07232 secs)	1.000	0.1075446	0.07928
35/70	1.0/1.0	0.09/0.10	4114.743 secs	(14.03767 secs)	1.000	0.09935275	0.0594
35/70	1.0/1.0	0.10/0.10	4128.767 secs	(14.02374 secs)	1.000	0.1023079	0.04488



40/70	0.0/1.0	0.00/0.10	4139.778 secs	(11.01114 secs)	0.00248	0.2025611	1.000
40/70	0.0/1.0	0.01/0.10	4170.36 secs	(30.58256 secs)	0.98798	0.2343439	0.2943769
40/70	0.0/1.0	0.02/0.10	4194.555 secs	(24.19426 secs)	0.9997	0.2251657	0.205821
40/70	0.0/1.0	0.03/0.10	4215.344 secs	(20.78974 secs)	1.000	0.2162145	0.14972
40/70	0.0/1.0	0.04/0.10	4234.497 secs	(19.15262 secs)	1.000	0.2105923	0.10946
40/70	0.0/1.0	0.05/0.10	4251.902 secs	(17.40445 secs)	1.000	0.2033995	0.08054
40/70	0.0/1.0	0.06/0.10	4268.347 secs	(16.44572 secs)	1.000	0.1969039	0.0589
40/70	0.0/1.0	0.07/0.10	4284.636 secs	(16.28901 secs)	1.000	0.188779	0.04256
40/70	0.0/1.0	0.08/0.10	4300.545 secs	(15.90883 secs)	1.000	0.1792392	0.0305
40/70	0.0/1.0	0.09/0.10	4315.999 secs	(15.45436 secs)	1.000	0.177836	0.02292
40/70	0.0/1.0	0.10/0.10	4330.825 secs	(14.82524 secs)	1.000	0.1649731	0.01678

40/70	0.1/1.0	0.00/0.10	4350.278 secs	(19.45327 secs)	0.10528	0.1935347	1.000
40/70	0.1/1.0	0.01/0.10	4377.705 secs	(27.42663 secs)	0.99412	0.2292379	0.427279
40/70	0.1/1.0	0.02/0.10	4399.817 secs	(22.11252 secs)	0.99978	0.2210818	0.2985463
40/70	0.1/1.0	0.03/0.10	4420.038 secs	(20.221 secs)	1.000	0.2089386	0.21168
40/70	0.1/1.0	0.04/0.10	4437.935 secs	(17.89677 secs)	1.000	0.2022006	0.15432
40/70	0.1/1.0	0.05/0.10	4454.682 secs	(16.74698 secs)	1.000	0.1975833	0.11192
40/70	0.1/1.0	0.06/0.10	4470.583 secs	(15.90074 secs)	1.000	0.188507	0.08562
40/70	0.1/1.0	0.07/0.10	4486.679 secs	(16.09591 secs)	1.000	0.1737723	0.06104
40/70	0.1/1.0	0.08/0.10	4501.841 secs	(15.1628 secs)	1.000	0.1703961	0.0429
40/70	0.1/1.0	0.09/0.10	4516.851 secs	(15.0101 secs)	1.000	0.1655911	0.0328
40/70	0.1/1.0	0.10/0.10	4531.293 secs	(14.44179 secs)	1.000	0.1696157	0.02362

40/70	0.2/1.0	0.00/0.10	4559.425 secs	(28.13147 secs)	0.63564	0.1851289	1.000
40/70	0.2/1.0	0.01/0.10	4583.518 secs	(24.09284 secs)	0.99698	0.2283369	0.5096379
40/70	0.2/1.0	0.02/0.10	4603.678 secs	(20.16082 secs)	0.99996	0.2150383	0.3528945
40/70	0.2/1.0	0.03/0.10	4622.96 secs	(19.28178 secs)	1.000	0.2045032	0.25236
40/70	0.2/1.0	0.04/0.10	4640.823 secs	(17.86256 secs)	1.000	0.1899884	0.18412
40/70	0.2/1.0	0.05/0.10	4657.029 secs	(16.20631 secs)	1.000	0.1811572	0.13382
40/70	0.2/1.0	0.06/0.10	4672.666 secs	(15.63713 secs)	1.000	0.1737764	0.09904
40/70	0.2/1.0	0.07/0.10	4688.124 secs	(15.45772 secs)	1.000	0.1643689	0.072
40/70	0.2/1.0	0.08/0.10	4703.10 secs	(14.97624 secs)	1.000	0.1634993	0.05294
40/70	0.2/1.0	0.09/0.10	4717.761 secs	(14.66052 secs)	1.000	0.1475909	0.03816
40/70	0.2/1.0	0.10/0.10	4731.95 secs	(14.1892 secs)	1.000	0.1580247	0.02826

40/70	0.3/1.0	0.00/0.10	4757.703 secs	(25.75321 secs)	0.88254	0.2266031	1.000
40/70	0.3/1.0	0.01/0.10	4779.691 secs	(21.98767 secs)	0.9981	0.2163865	0.5564349
40/70	0.3/1.0	0.02/0.10	4798.928 secs	(19.23722 secs)	0.99996	0.2033653	0.3911561
40/70	0.3/1.0	0.03/0.10	4817.945 secs	(19.01701 secs)	1.000	0.1978111	0.28198
40/70	0.3/1.0	0.04/0.10	4835.363 secs	(17.41795 secs)	1.000	0.1831304	0.20816
40/70	0.3/1.0	0.05/0.10	4852.12 secs	(16.7574 secs)	1.000	0.1751208	0.14964
40/70	0.3/1.0	0.06/0.10	4868.228 secs	(16.10747 secs)	1.000	0.1737961	0.113
40/70	0.3/1.0	0.07/0.10	4883.216 secs	(14.98841 secs)	1.000	0.1599345	0.0804
40/70	0.3/1.0	0.08/0.10	4898.00 secs	(14.78375 secs)	1.000	0.1511442	0.05932
40/70	0.3/1.0	0.09/0.10	4912.722 secs	(14.72252 secs)	1.000	0.151537	0.04442
40/70	0.3/1.0	0.10/0.10	4927.063 secs	(14.34059 secs)	1.000	0.1483614	0.03252

40/70	0.4/1.0	0.00/0.10	4951.937 secs	(24.87394 secs)	0.9766	0.2222564	1.000
40/70	0.4/1.0	0.01/0.10	4972.234 secs	(20.29739 secs)	0.99918	0.2123326	0.586904
40/70	0.4/1.0	0.02/0.10	4990.483 secs	(18.24874 secs)	0.99996	0.1977137	0.4150968
40/70	0.4/1.0	0.03/0.10	5007.939 secs	(17.45602 secs)	1.000	0.189813	0.30412
40/70	0.4/1.0	0.04/0.10	5024.674 secs	(16.73466 secs)	1.000	0.1840479	0.222
40/70	0.4/1.0	0.05/0.10	5040.749 secs	(16.07492 secs)	1.000	0.1744237	0.16428
40/70	0.4/1.0	0.06/0.10	5056.03 secs	(15.28094 secs)	1.000	0.1579437	0.11864
40/70	0.4/1.0	0.07/0.10	5071.499 secs	(15.46898 secs)	1.000	0.1550445	0.0899
40/70	0.4/1.0	0.08/0.10	5087.052 secs	(15.55297 secs)	1.000	0.1521147	0.06758
40/70	0.4/1.0	0.09/0.10	5101.605 secs	(14.55325 secs)	1.000	0.1393295	0.0479
40/70	0.4/1.0	0.10/0.10	5116.181 secs	(14.57614 secs)	1.000	0.1318366	0.03436

40/70	0.5/1.0	0.00/0.10	5139.606 secs	(23.42521 secs)	0.9889	0.2094332	1.000
40/70	0.5/1.0	0.01/0.10	5159.175 secs	(19.56857 secs)	0.99962	0.2025138	0.6087103
40/70	0.5/1.0	0.02/0.10	5176.923 secs	(17.74874 secs)	0.99998	0.1986035	0.4338489
40/70	0.5/1.0	0.03/0.10	5193.661 secs	(16.73761 secs)	1.000	0.1780663	0.3156
40/70	0.5/1.0	0.04/0.10	5209.789 secs	(16.12752 secs)	1.000	0.1746413	0.23388
40/70	0.5/1.0	0.05/0.10	5225.784 secs	(15.99582 secs)	1.000	0.1645256	0.17148
40/70	0.5/1.0	0.06/0.10	5241.235 secs	(15.45088 secs)	1.000	0.1532245	0.12754
40/70	0.5/1.0	0.07/0.10	5256.268 secs	(15.03304 secs)	1.000	0.1471209	0.09248
40/70	0.5/1.0	0.08/0.10	5270.864 secs	(14.59585 secs)	1.000	0.140011	0.070
40/70	0.5/1.0	0.09/0.10	5286.247 secs	(15.38291 secs)	1.000	0.1422777	0.05104
40/70	0.5/1.0	0.10/0.10	5301.373 secs	(15.12555 secs)	1.000	0.1240469	0.03704

40/70	0.6/1.0	0.00/0.10	5322.682 secs	(21.30964 secs)	0.99478	0.2046893	1.000
40/70	0.6/1.0	0.01/0.10	5341.412 secs	(18.7292 secs)	0.99992	0.200441	0.6217499
40/70	0.6/1.0	0.02/0.10	5358.971 secs	(17.55955 secs)	1.000	0.1914646	0.44806
40/70	0.6/1.0	0.03/0.10	5375.352 secs	(16.3806 secs)	1.000	0.178906	0.33096
40/70	0.6/1.0	0.04/0.10	5390.926 secs	(15.57404 secs)	1.000	0.1629696	0.24416
40/70	0.6/1.0	0.05/0.10	5406.428 secs	(15.50242 secs)	1.000	0.1553488	0.17926
40/70	0.6/1.0	0.06/0.10	5421.213 secs	(14.78441 secs)	1.000	0.1525394	0.13098
40/70	0.6/1.0	0.07/0.10	5436.423 secs	(15.21027 secs)	1.000	0.1398941	0.09798
40/70	0.6/1.0	0.08/0.10	5451.603 secs	(15.18035 secs)	1.000	0.1368898	0.0724
40/70	0.6/1.0	0.09/0.10	5466.542 secs	(14.93875 secs)	1.000	0.1271655	0.05364
40/70	0.6/1.0	0.10/0.10	5480.812 secs	(14.27047 secs)	1.000	0.1257256	0.03986

40/70	0.7/1.0	0.00/0.10	5501.724 secs	(20.91126 secs)	0.99792	0.1959094	1.000
40/70	0.7/1.0	0.01/0.10	5520.092 secs	(18.36872 secs)	0.99994	0.1954943	0.6358386
40/70	0.7/1.0	0.02/0.10	5537.175 secs	(17.08297 secs)	1.000	0.1847147	0.46014
40/70	0.7/1.0	0.03/0.10	5553.70 secs	(16.52516 secs)	1.000	0.1707521	0.33592
40/70	0.7/1.0	0.04/0.10	5569.439 secs	(15.73874 secs)	1.000	0.1671583	0.25236
40/70	0.7/1.0	0.05/0.10	5584.463 secs	(15.02427 secs)	1.000	0.1561939	0.18532
40/70	0.7/1.0	0.06/0.10	5599.397 secs	(14.93344 secs)	1.000	0.1368384	0.13444
40/70	0.7/1.0	0.07/0.10	5614.096 secs	(14.69886 secs)	1.000	0.1428544	0.1023
40/70	0.7/1.0	0.08/0.10	5628.374 secs	(14.27778 secs)	1.000	0.1360309	0.07482
40/70	0.7/1.0	0.09/0.10	5642.48 secs	(14.10609 secs)	1.000	0.1243714	0.05704
40/70	0.7/1.0	0.10/0.10	5656.99 secs	(14.51048 secs)	1.000	0.1101334	0.0403

40/70	0.8/1.0	0.00/0.10	5676.945 secs	(19.95439 secs)	0.97894	0.1867085	1.000
40/70	0.8/1.0	0.01/0.10	5695.207 secs	(18.26241 secs)	0.99994	0.194845	0.6445383
40/70	0.8/1.0	0.02/0.10	5713.064 secs	(17.85707 secs)	1.000	0.1815333	0.46758
40/70	0.8/1.0	0.03/0.10	5729.406 secs	(16.34215 secs)	1.000	0.1715077	0.34368
40/70	0.8/1.0	0.04/0.10	5744.945 secs	(15.53917 secs)	1.000	0.1567184	0.25772
40/70	0.8/1.0	0.05/0.10	5760.157 secs	(15.21179 secs)	1.000	0.1478125	0.19048
40/70	0.8/1.0	0.06/0.10	5774.73 secs	(14.57329 secs)	1.000	0.1377355	0.1415
40/70	0.8/1.0	0.07/0.10	5789.121 secs	(14.39039 secs)	1.000	0.1259364	0.10342
40/70	0.8/1.0	0.08/0.10	5803.652 secs	(14.5315 secs)	1.000	0.1290403	0.07692
40/70	0.8/1.0	0.09/0.10	5818.007 secs	(14.35443 secs)	1.000	0.1086603	0.05804
40/70	0.8/1.0	0.10/0.10	5832.009 secs	(14.00236 secs)	1.000	0.1154506	0.04256

40/70	0.9/1.0	0.00/0.10	5850.994 secs	(18.98517 secs)	0.99964	0.1815309	1.000
40/70	0.9/1.0	0.01/0.10	5868.766 secs	(17.77186 secs)	0.99994	0.1959055	0.6501591
40/70	0.9/1.0	0.02/0.10	5885.915 secs	(17.14937 secs)	1.000	0.1787675	0.47376
40/70	0.9/1.0	0.03/0.10	5902.081 secs	(16.16594 secs)	1.000	0.162847	0.34982
40/70	0.9/1.0	0.04/0.10	5917.404 secs	(15.32243 secs)	1.000	0.1479288	0.2615
40/70	0.9/1.0	0.05/0.10	5932.835 secs	(15.43144 secs)	1.000	0.1417338	0.19474
40/70	0.9/1.0	0.06/0.10	5948.292 secs	(15.4568 secs)	1.000	0.1361156	0.14312
40/70	0.9/1.0	0.07/0.10	5963.273 secs	(14.98043 secs)	1.000	0.1229883	0.10746
40/70	0.9/1.0	0.08/0.10	5977.535 secs	(14.26263 secs)	1.000	0.1259714	0.07776
40/70	0.9/1.0	0.09/0.10	5991.801 secs	(14.26564 secs)	1.000	0.122896	0.05788
40/70	0.9/1.0	0.10/0.10	6005.909 secs	(14.10787 secs)	1.000	0.1189601	0.04292

40/70	1.0/1.0	0.00/0.10	6024.102 secs	(18.19352 secs)	0.9998	0.1777758	1.000
40/70	1.0/1.0	0.01/0.10	6041.638 secs	(17.53543 secs)	1.000	0.1840745	0.65914
40/70	1.0/1.0	0.02/0.10	6058.141 secs	(16.50377 secs)	1.000	0.1778518	0.48328
40/70	1.0/1.0	0.03/0.10	6074.226 secs	(16.08474 secs)	1.000	0.1570984	0.35618
40/70	1.0/1.0	0.04/0.10	6089.231 secs	(15.00442 secs)	1.000	0.1439642	0.26612
40/70	1.0/1.0	0.05/0.10	6103.83 secs	(14.59914 secs)	1.000	0.1404634	0.19676
40/70	1.0/1.0	0.06/0.10	6118.276 secs	(14.44667 secs)	1.000	0.1313152	0.14628
40/70	1.0/1.0	0.07/0.10	6133.126 secs	(14.84979 secs)	1.000	0.1185006	0.10892
40/70	1.0/1.0	0.08/0.10	6147.731 secs	(14.60515 secs)	1.000	0.1311583	0.08012
40/70	1.0/1.0	0.09/0.10	6162.116 secs	(14.38427 secs)	1.000	0.12358	0.06058
40/70	1.0/1.0	0.10/0.10	6177.331 secs	(15.21499 secs)	1.000	0.115438	0.04356



45/70	0.0/1.0	0.00/0.10	6188.456 secs	(11.12527 secs)	0.00234	0.16485	1.000
45/70	0.0/1.0	0.01/0.10	6218.684 secs	(30.22767 secs)	0.98936	0.2579404	0.3170791
45/70	0.0/1.0	0.02/0.10	6242.32 secs	(23.63616 secs)	0.99964	0.2502912	0.2265011
45/70	0.0/1.0	0.03/0.10	6262.767 secs	(20.44707 secs)	0.99998	0.2421438	0.164803
45/70	0.0/1.0	0.04/0.10	6281.673 secs	(18.90654 secs)	1.000	0.2323762	0.11844
45/70	0.0/1.0	0.05/0.10	6299.54 secs	(17.86638 secs)	1.000	0.222174	0.08472
45/70	0.0/1.0	0.06/0.10	6316.071 secs	(16.5317 secs)	1.000	0.2180719	0.06456
45/70	0.0/1.0	0.07/0.10	6332.546 secs	(16.47444 secs)	1.000	0.2109407	0.04704
45/70	0.0/1.0	0.08/0.10	6348.524 secs	(15.97852 secs)	1.000	0.1994565	0.03348
45/70	0.0/1.0	0.09/0.10	6364.207 secs	(15.68307 secs)	1.000	0.1861766	0.02386
45/70	0.0/1.0	0.10/0.10	6379.153 secs	(14.94608 secs)	1.000	0.1942538	0.01898

45/70	0.1/1.0	0.00/0.10	6400.016 secs	(20.86283 secs)	0.11102	0.191976	1.000
45/70	0.1/1.0	0.01/0.10	6426.637 secs	(26.62033 secs)	0.9942	0.2508868	0.4416587
45/70	0.1/1.0	0.02/0.10	6448.205 secs	(21.56831 secs)	0.99976	0.2411655	0.3044926
45/70	0.1/1.0	0.03/0.10	6467.665 secs	(19.45983 secs)	0.99998	0.2308888	0.2199242
45/70	0.1/1.0	0.04/0.10	6486.20 secs	(18.53532 secs)	1.000	0.2213821	0.16056
45/70	0.1/1.0	0.05/0.10	6503.576 secs	(17.37558 secs)	1.000	0.2163882	0.11844
45/70	0.1/1.0	0.06/0.10	6519.71 secs	(16.13454 secs)	1.000	0.2072096	0.08522
45/70	0.1/1.0	0.07/0.10	6535.844 secs	(16.13341 secs)	1.000	0.1902674	0.06202
45/70	0.1/1.0	0.08/0.10	6551.919 secs	(16.07509 secs)	1.000	0.1920526	0.04646
45/70	0.1/1.0	0.09/0.10	6568.502 secs	(16.58291 secs)	1.000	0.1846911	0.0336
45/70	0.1/1.0	0.10/0.10	6584.01 secs	(15.50888 secs)	1.000	0.183137	0.02542

45/70	0.2/1.0	0.00/0.10	6612.681 secs	(28.6701 secs)	0.70312	0.2169193	1.000
45/70	0.2/1.0	0.01/0.10	6636.396 secs	(23.71511 secs)	0.9974	0.2491021	0.5201555
45/70	0.2/1.0	0.02/0.10	6656.356 secs	(19.96045 secs)	0.99994	0.2348822	0.3607017
45/70	0.2/1.0	0.03/0.10	6674.362 secs	(18.00628 secs)	1.000	0.2246708	0.258
45/70	0.2/1.0	0.04/0.10	6691.679 secs	(17.31652 secs)	1.000	0.2131743	0.19042
45/70	0.2/1.0	0.05/0.10	6708.177 secs	(16.4984 secs)	1.000	0.2023083	0.13882
45/70	0.2/1.0	0.06/0.10	6724.087 secs	(15.90975 secs)	1.000	0.1945518	0.10078
45/70	0.2/1.0	0.07/0.10	6739.71 secs	(15.62336 secs)	1.000	0.1830361	0.07412
45/70	0.2/1.0	0.08/0.10	6755.725 secs	(16.01494 secs)	1.000	0.1880731	0.05646
45/70	0.2/1.0	0.09/0.10	6770.858 secs	(15.1322 secs)	1.000	0.1747718	0.03976
45/70	0.2/1.0	0.10/0.10	6785.326 secs	(14.46858 secs)	1.000	0.1722185	0.02994

45/70	0.3/1.0	0.00/0.10	6812.029 secs	(26.70322 secs)	0.88976	0.2387211	1.000
45/70	0.3/1.0	0.01/0.10	6833.874 secs	(21.84495 secs)	0.9988	0.2376908	0.5605921
45/70	0.3/1.0	0.02/0.10	6853.143 secs	(19.26865 secs)	0.99996	0.2240201	0.3956164
45/70	0.3/1.0	0.03/0.10	6870.584 secs	(17.44059 secs)	1.000	0.2163049	0.28346
45/70	0.3/1.0	0.04/0.10	6887.43 secs	(16.84621 secs)	1.000	0.2018332	0.20794
45/70	0.3/1.0	0.05/0.10	6903.404 secs	(15.97433 secs)	1.000	0.1936686	0.15248
45/70	0.3/1.0	0.06/0.10	6918.467 secs	(15.06285 secs)	1.000	0.1897045	0.11296
45/70	0.3/1.0	0.07/0.10	6933.852 secs	(15.38498 secs)	1.000	0.1755314	0.08198
45/70	0.3/1.0	0.08/0.10	6949.083 secs	(15.23083 secs)	1.000	0.170906	0.06052
45/70	0.3/1.0	0.09/0.10	6964.449 secs	(15.36638 secs)	1.000	0.1531411	0.04292
45/70	0.3/1.0	0.10/0.10	6978.899 secs	(14.44941 secs)	1.000	0.1654777	0.0338

45/70	0.4/1.0	0.00/0.10	7003.812 secs	(24.91381 secs)	0.97988	0.2425544	1.000
45/70	0.4/1.0	0.01/0.10	7025.053 secs	(21.24035 secs)	0.99938	0.2325886	0.5912272
45/70	0.4/1.0	0.02/0.10	7044.009 secs	(18.95637 secs)	1.000	0.2211506	0.4197
45/70	0.4/1.0	0.03/0.10	7061.213 secs	(17.20427 secs)	1.000	0.2087695	0.30602
45/70	0.4/1.0	0.04/0.10	7077.316 secs	(16.10238 secs)	1.000	0.1931391	0.22378
45/70	0.4/1.0	0.05/0.10	7093.064 secs	(15.74807 secs)	1.000	0.1856998	0.16776
45/70	0.4/1.0	0.06/0.10	7108.692 secs	(15.62805 secs)	1.000	0.1718492	0.12054
45/70	0.4/1.0	0.07/0.10	7123.721 secs	(15.02952 secs)	1.000	0.1687851	0.08938
45/70	0.4/1.0	0.08/0.10	7138.421 secs	(14.69946 secs)	1.000	0.1647843	0.06606
45/70	0.4/1.0	0.09/0.10	7153.26 secs	(14.83893 secs)	1.000	0.1572021	0.04948
45/70	0.4/1.0	0.10/0.10	7168.207 secs	(14.94772 secs)	1.000	0.1556621	0.0359

45/70	0.5/1.0	0.00/0.10	7190.494 secs	(22.28677 secs)	0.95128	0.227613	1.000
45/70	0.5/1.0	0.01/0.10	7210.235 secs	(19.7409 secs)	0.99972	0.2249059	0.6109708
45/70	0.5/1.0	0.02/0.10	7228.623 secs	(18.38747 secs)	1.000	0.2162238	0.43418
45/70	0.5/1.0	0.03/0.10	7245.705 secs	(17.08195 secs)	1.000	0.2031804	0.31878
45/70	0.5/1.0	0.04/0.10	7261.675 secs	(15.97049 secs)	1.000	0.1897311	0.23418
45/70	0.5/1.0	0.05/0.10	7277.149 secs	(15.47438 secs)	1.000	0.1748736	0.17396
45/70	0.5/1.0	0.06/0.10	7292.777 secs	(15.62774 secs)	1.000	0.1679669	0.12918
45/70	0.5/1.0	0.07/0.10	7307.645 secs	(14.86787 secs)	1.000	0.164825	0.09406
45/70	0.5/1.0	0.08/0.10	7322.405 secs	(14.75962 secs)	1.000	0.1614373	0.06894
45/70	0.5/1.0	0.09/0.10	7336.417 secs	(14.01221 secs)	1.000	0.1470088	0.05208
45/70	0.5/1.0	0.10/0.10	7351.472 secs	(15.05481 secs)	1.000	0.1484983	0.03862

45/70	0.6/1.0	0.00/0.10	7373.119 secs	(21.64766 secs)	0.99564	0.2256154	1.000
45/70	0.6/1.0	0.01/0.10	7391.986 secs	(18.86663 secs)	0.9999	0.2219458	0.6210023
45/70	0.6/1.0	0.02/0.10	7410.13 secs	(18.14403 secs)	1.000	0.2115471	0.44778
45/70	0.6/1.0	0.03/0.10	7427.271 secs	(17.14078 secs)	1.000	0.1946033	0.32958
45/70	0.6/1.0	0.04/0.10	7443.046 secs	(15.77473 secs)	1.000	0.1818507	0.2454
45/70	0.6/1.0	0.05/0.10	7458.295 secs	(15.24984 secs)	1.000	0.1744267	0.17566
45/70	0.6/1.0	0.06/0.10	7473.065 secs	(14.76999 secs)	1.000	0.1626062	0.13366
45/70	0.6/1.0	0.07/0.10	7487.786 secs	(14.7202 secs)	1.000	0.1571092	0.0988
45/70	0.6/1.0	0.08/0.10	7502.705 secs	(14.91988 secs)	1.000	0.1485653	0.07034
45/70	0.6/1.0	0.09/0.10	7516.879 secs	(14.1737 secs)	1.000	0.147512	0.05258
45/70	0.6/1.0	0.10/0.10	7531.03 secs	(14.15089 secs)	1.000	0.1493347	0.03882

45/70	0.7/1.0	0.00/0.10	7551.775 secs	(20.74468 secs)	0.99812	0.2169235	1.000
45/70	0.7/1.0	0.01/0.10	7570.453 secs	(18.67854 secs)	1.000	0.216128	0.6332
45/70	0.7/1.0	0.02/0.10	7587.722 secs	(17.2691 secs)	1.000	0.2025713	0.46178
45/70	0.7/1.0	0.03/0.10	7605.035 secs	(17.31266 secs)	1.000	0.1920099	0.33968
45/70	0.7/1.0	0.04/0.10	7621.068 secs	(16.03299 secs)	1.000	0.1826358	0.25402
45/70	0.7/1.0	0.05/0.10	7636.131 secs	(15.06343 secs)	1.000	0.1657834	0.18424
45/70	0.7/1.0	0.06/0.10	7651.161 secs	(15.03002 secs)	1.000	0.1587252	0.14046
45/70	0.7/1.0	0.07/0.10	7666.271 secs	(15.10915 secs)	1.000	0.1545999	0.10336
45/70	0.7/1.0	0.08/0.10	7680.736 secs	(14.46526 secs)	1.000	0.1432026	0.07584
45/70	0.7/1.0	0.09/0.10	7695.082 secs	(14.34573 secs)	1.000	0.1398963	0.05504
45/70	0.7/1.0	0.10/0.10	7709.066 secs	(13.98452 secs)	1.000	0.1388348	0.04084

45/70	0.8/1.0	0.00/0.10	7728.555 secs	(19.48839 secs)	0.99884	0.2108309	1.000
45/70	0.8/1.0	0.01/0.10	7746.356 secs	(17.80185 secs)	0.99996	0.2137927	0.6448065
45/70	0.8/1.0	0.02/0.10	7763.927 secs	(17.57061 secs)	1.000	0.2030121	0.47204
45/70	0.8/1.0	0.03/0.10	7780.828 secs	(16.90128 secs)	1.000	0.1866637	0.34626
45/70	0.8/1.0	0.04/0.10	7796.697 secs	(15.86835 secs)	1.000	0.166833	0.2577
45/70	0.8/1.0	0.05/0.10	7812.159 secs	(15.46206 secs)	1.000	0.1576171	0.19216
45/70	0.8/1.0	0.06/0.10	7827.802 secs	(15.64298 secs)	1.000	0.1570159	0.13892
45/70	0.8/1.0	0.07/0.10	7842.895 secs	(15.09352 secs)	1.000	0.1554306	0.10638
45/70	0.8/1.0	0.08/0.10	7857.263 secs	(14.36792 secs)	1.000	0.1402636	0.07922
45/70	0.8/1.0	0.09/0.10	7871.494 secs	(14.231 secs)	1.000	0.1367469	0.05764
45/70	0.8/1.0	0.10/0.10	7886.084 secs	(14.59034 secs)	1.000	0.1253512	0.0417

45/70	0.9/1.0	0.00/0.10	7905.048 secs	(18.96335 secs)	0.99956	0.2081671	1.000
45/70	0.9/1.0	0.01/0.10	7922.697 secs	(17.64948 secs)	1.000	0.213316	0.65514
45/70	0.9/1.0	0.02/0.10	7939.548 secs	(16.85124 secs)	1.000	0.1988457	0.47642
45/70	0.9/1.0	0.03/0.10	7955.272 secs	(15.72307 secs)	1.000	0.1841033	0.35314
45/70	0.9/1.0	0.04/0.10	7971.348 secs	(16.07606 secs)	1.000	0.1618576	0.26324
45/70	0.9/1.0	0.05/0.10	7986.647 secs	(15.29945 secs)	1.000	0.1487619	0.19108
45/70	0.9/1.0	0.06/0.10	8001.858 secs	(15.21056 secs)	1.000	0.1492566	0.1444
45/70	0.9/1.0	0.07/0.10	8017.172 secs	(15.31448 secs)	1.000	0.1488978	0.10424
45/70	0.9/1.0	0.08/0.10	8032.356 secs	(15.18412 secs)	1.000	0.1412298	0.07684
45/70	0.9/1.0	0.09/0.10	8046.784 secs	(14.42766 secs)	1.000	0.12551	0.05772
45/70	0.9/1.0	0.10/0.10	8060.993 secs	(14.20931 secs)	1.000	0.1358221	0.04262

45/70	1.0/1.0	0.00/0.10	8079.742 secs	(18.74923 secs)	0.99976	0.1976887	1.000
45/70	1.0/1.0	0.01/0.10	8097.36 secs	(17.6177 secs)	1.000	0.2041149	0.65862
45/70	1.0/1.0	0.02/0.10	8113.745 secs	(16.38508 secs)	1.000	0.191733	0.48482
45/70	1.0/1.0	0.03/0.10	8129.242 secs	(15.49699 secs)	1.000	0.175931	0.35922
45/70	1.0/1.0	0.04/0.10	8143.948 secs	(14.70623 secs)	1.000	0.162774	0.2671
45/70	1.0/1.0	0.05/0.10	8159.185 secs	(15.23652 secs)	1.000	0.1453023	0.19978
45/70	1.0/1.0	0.06/0.10	8174.154 secs	(14.96899 secs)	1.000	0.1481323	0.1485
45/70	1.0/1.0	0.07/0.10	8189.135 secs	(14.98092 secs)	1.000	0.1422098	0.11094
45/70	1.0/1.0	0.08/0.10	8203.665 secs	(14.52998 secs)	1.000	0.1248692	0.08114
45/70	1.0/1.0	0.09/0.10	8217.616 secs	(13.95129 secs)	1.000	0.1269854	0.06042
45/70	1.0/1.0	0.10/0.10	8232.203 secs	(14.58713 secs)	1.000	0.1267076	0.0449



50/70	0.0/1.0	0.00/0.10	8243.174 secs	(10.9709 secs)	0.00282	0.2404389	1.000
50/70	0.0/1.0	0.01/0.10	8272.139 secs	(28.96516 secs)	0.99092	0.2867769	0.3469634
50/70	0.0/1.0	0.02/0.10	8295.043 secs	(22.90361 secs)	0.99962	0.2744305	0.2406107
50/70	0.0/1.0	0.03/0.10	8316.103 secs	(21.06037 secs)	1.000	0.2609637	0.17286
50/70	0.0/1.0	0.04/0.10	8334.666 secs	(18.56223 secs)	1.000	0.2521095	0.12734
50/70	0.0/1.0	0.05/0.10	8352.126 secs	(17.45999 secs)	1.000	0.2424509	0.09232
50/70	0.0/1.0	0.06/0.10	8368.896 secs	(16.77071 secs)	1.000	0.2345215	0.06778
50/70	0.0/1.0	0.07/0.10	8385.096 secs	(16.20026 secs)	1.000	0.2286233	0.04916
50/70	0.0/1.0	0.08/0.10	8401.208 secs	(16.11141 secs)	1.000	0.2246786	0.03688
50/70	0.0/1.0	0.09/0.10	8416.785 secs	(15.57708 secs)	1.000	0.2112896	0.02734
50/70	0.0/1.0	0.10/0.10	8431.488 secs	(14.70316 secs)	1.000	0.2119041	0.02096

50/70	0.1/1.0	0.00/0.10	8452.782 secs	(21.2934 secs)	0.1495	0.24458	1.000
50/70	0.1/1.0	0.01/0.10	8478.739 secs	(25.95778 secs)	0.99546	0.2756969	0.4564139
50/70	0.1/1.0	0.02/0.10	8499.872 secs	(21.13264 secs)	0.9999	0.266217	0.3173122
50/70	0.1/1.0	0.03/0.10	8519.044 secs	(19.17225 secs)	1.000	0.2526142	0.22988
50/70	0.1/1.0	0.04/0.10	8537.133 secs	(18.08857 secs)	1.000	0.2391141	0.16552
50/70	0.1/1.0	0.05/0.10	8553.649 secs	(16.51646 secs)	1.000	0.2327662	0.12144
50/70	0.1/1.0	0.06/0.10	8569.769 secs	(16.1193 secs)	1.000	0.2254984	0.08636
50/70	0.1/1.0	0.07/0.10	8585.827 secs	(16.05828 secs)	1.000	0.2188011	0.06532
50/70	0.1/1.0	0.08/0.10	8601.874 secs	(16.04762 secs)	1.000	0.210435	0.04838
50/70	0.1/1.0	0.09/0.10	8617.339 secs	(15.4644 secs)	1.000	0.1986284	0.03286
50/70	0.1/1.0	0.10/0.10	8632.39 secs	(15.05118 secs)	1.000	0.194631	0.02508

50/70	0.2/1.0	0.00/0.10	8660.464 secs	(28.07419 secs)	0.68178	0.2357374	1.000
50/70	0.2/1.0	0.01/0.10	8683.819 secs	(23.35467 secs)	0.9978	0.2665274	0.525399
50/70	0.2/1.0	0.02/0.10	8703.375 secs	(19.55655 secs)	0.99992	0.2524805	0.3672487
50/70	0.2/1.0	0.03/0.10	8721.791 secs	(18.41525 secs)	1.000	0.2426432	0.26518
50/70	0.2/1.0	0.04/0.10	8739.112 secs	(17.32083 secs)	1.000	0.2367945	0.19546
50/70	0.2/1.0	0.05/0.10	8755.657 secs	(16.545 secs)	1.000	0.2220848	0.14228
50/70	0.2/1.0	0.06/0.10	8771.397 secs	(15.7406 secs)	1.000	0.2053482	0.10296
50/70	0.2/1.0	0.07/0.10	8787.192 secs	(15.79445 secs)	1.000	0.2126567	0.07742
50/70	0.2/1.0	0.08/0.10	8802.81 secs	(15.61838 secs)	1.000	0.2088905	0.05694
50/70	0.2/1.0	0.09/0.10	8818.064 secs	(15.25427 secs)	1.000	0.1956606	0.04068
50/70	0.2/1.0	0.10/0.10	8832.725 secs	(14.66057 secs)	1.000	0.1919723	0.03046

50/70	0.3/1.0	0.00/0.10	8859.87 secs	(27.14497 secs)	0.9218	0.2676671	1.000
50/70	0.3/1.0	0.01/0.10	8881.854 secs	(21.98413 secs)	0.99862	0.2634286	0.5661606
50/70	0.3/1.0	0.02/0.10	8900.732 secs	(18.87856 secs)	0.99998	0.2523852	0.3986878
50/70	0.3/1.0	0.03/0.10	8917.959 secs	(17.22646 secs)	1.000	0.2356826	0.28772
50/70	0.3/1.0	0.04/0.10	8934.50 secs	(16.54098 secs)	1.000	0.2269855	0.21236
50/70	0.3/1.0	0.05/0.10	8950.403 secs	(15.90296 secs)	1.000	0.2137786	0.15408
50/70	0.3/1.0	0.06/0.10	8965.77 secs	(15.36761 secs)	1.000	0.1994152	0.11394
50/70	0.3/1.0	0.07/0.10	8981.137 secs	(15.36704 secs)	1.000	0.1946798	0.08472
50/70	0.3/1.0	0.08/0.10	8996.869 secs	(15.7315 secs)	1.000	0.1797169	0.06158
50/70	0.3/1.0	0.09/0.10	9011.91 secs	(15.04095 secs)	1.000	0.1900737	0.04574
50/70	0.3/1.0	0.10/0.10	9026.269 secs	(14.35912 secs)	1.000	0.1609587	0.03354

50/70	0.4/1.0	0.00/0.10	9051.03 secs	(24.76072 secs)	0.96316	0.2572573	1.000
50/70	0.4/1.0	0.01/0.10	9071.286 secs	(20.2565 secs)	0.99936	0.2556491	0.5926613
50/70	0.4/1.0	0.02/0.10	9089.129 secs	(17.84298 secs)	0.99996	0.2381431	0.4240367
50/70	0.4/1.0	0.03/0.10	9105.902 secs	(16.77285 secs)	1.000	0.2331875	0.3104
50/70	0.4/1.0	0.04/0.10	9122.271 secs	(16.3691 secs)	1.000	0.212614	0.22344
50/70	0.4/1.0	0.05/0.10	9138.155 secs	(15.88408 secs)	1.000	0.2111226	0.16696
50/70	0.4/1.0	0.06/0.10	9153.417 secs	(15.26129 secs)	1.000	0.1986501	0.1239
50/70	0.4/1.0	0.07/0.10	9168.127 secs	(14.71076 secs)	1.000	0.1839243	0.09046
50/70	0.4/1.0	0.08/0.10	9182.784 secs	(14.65638 secs)	1.000	0.1728872	0.06696
50/70	0.4/1.0	0.09/0.10	9197.728 secs	(14.94378 secs)	1.000	0.1696307	0.04826
50/70	0.4/1.0	0.10/0.10	9212.326 secs	(14.5981 secs)	1.000	0.1665082	0.03478

50/70	0.5/1.0	0.00/0.10	9234.167 secs	(21.84185 secs)	0.95244	0.2457713	1.000
50/70	0.5/1.0	0.01/0.10	9254.081 secs	(19.91391 secs)	0.99972	0.2515011	0.6133318
50/70	0.5/1.0	0.02/0.10	9272.086 secs	(18.00441 secs)	0.99998	0.2334565	0.4422089
50/70	0.5/1.0	0.03/0.10	9289.214 secs	(17.12845 secs)	1.000	0.2235572	0.32114
50/70	0.5/1.0	0.04/0.10	9305.478 secs	(16.26376 secs)	1.000	0.202895	0.23376
50/70	0.5/1.0	0.05/0.10	9320.915 secs	(15.43732 secs)	1.000	0.1982856	0.17486
50/70	0.5/1.0	0.06/0.10	9335.953 secs	(15.03794 secs)	1.000	0.192387	0.12896
50/70	0.5/1.0	0.07/0.10	9350.688 secs	(14.7352 secs)	1.000	0.1880512	0.09316
50/70	0.5/1.0	0.08/0.10	9365.498 secs	(14.80997 secs)	1.000	0.1753566	0.07092
50/70	0.5/1.0	0.09/0.10	9379.904 secs	(14.40534 secs)	1.000	0.1669305	0.05268
50/70	0.5/1.0	0.10/0.10	9394.771 secs	(14.86763 secs)	1.000	0.1627861	0.03932

50/70	0.6/1.0	0.00/0.10	9416.452 secs	(21.68103 secs)	0.99686	0.2452677	1.000
50/70	0.6/1.0	0.01/0.10	9435.04 secs	(18.58709 secs)	0.99978	0.2408964	0.6276978
50/70	0.6/1.0	0.02/0.10	9453.117 secs	(18.07741 secs)	0.99998	0.2369476	0.4486088
50/70	0.6/1.0	0.03/0.10	9470.251 secs	(17.13376 secs)	1.000	0.2154608	0.3334
50/70	0.6/1.0	0.04/0.10	9485.957 secs	(15.70614 secs)	1.000	0.1957064	0.246
50/70	0.6/1.0	0.05/0.10	9501.213 secs	(15.25583 secs)	1.000	0.1876606	0.18156
50/70	0.6/1.0	0.06/0.10	9516.128 secs	(14.91492 secs)	1.000	0.1803904	0.13704
50/70	0.6/1.0	0.07/0.10	9530.592 secs	(14.4649 secs)	1.000	0.1750403	0.09782
50/70	0.6/1.0	0.08/0.10	9544.809 secs	(14.21614 secs)	1.000	0.1657663	0.07282
50/70	0.6/1.0	0.09/0.10	9559.008 secs	(14.1995 secs)	1.000	0.1658039	0.05548
50/70	0.6/1.0	0.10/0.10	9573.32 secs	(14.31199 secs)	1.000	0.1598294	0.03952

50/70	0.7/1.0	0.00/0.10	9593.032 secs	(19.71171 secs)	0.99812	0.2421455	1.000
50/70	0.7/1.0	0.01/0.10	9611.681 secs	(18.64929 secs)	0.99992	0.2340694	0.6396516
50/70	0.7/1.0	0.02/0.10	9629.287 secs	(17.6061 secs)	1.000	0.2249032	0.45956
50/70	0.7/1.0	0.03/0.10	9645.482 secs	(16.1947 secs)	1.000	0.2055346	0.34152
50/70	0.7/1.0	0.04/0.10	9661.743 secs	(16.26106 secs)	1.000	0.190672	0.25032
50/70	0.7/1.0	0.05/0.10	9677.312 secs	(15.56868 secs)	1.000	0.1762788	0.1858
50/70	0.7/1.0	0.06/0.10	9692.23 secs	(14.91816 secs)	1.000	0.174831	0.13914
50/70	0.7/1.0	0.07/0.10	9707.049 secs	(14.81951 secs)	1.000	0.1660069	0.10344
50/70	0.7/1.0	0.08/0.10	9721.543 secs	(14.49385 secs)	1.000	0.1580571	0.07524
50/70	0.7/1.0	0.09/0.10	9736.059 secs	(14.51608 secs)	1.000	0.1430157	0.05518
50/70	0.7/1.0	0.10/0.10	9750.233 secs	(14.17335 secs)	1.000	0.1616184	0.04192

50/70	0.8/1.0	0.00/0.10	9769.585 secs	(19.3523 secs)	0.99926	0.2376153	1.000
50/70	0.8/1.0	0.01/0.10	9787.395 secs	(17.80976 secs)	1.000	0.234708	0.64628
50/70	0.8/1.0	0.02/0.10	9804.495 secs	(17.10073 secs)	1.000	0.2230535	0.46972
50/70	0.8/1.0	0.03/0.10	9820.929 secs	(16.43341 secs)	1.000	0.1946468	0.35176
50/70	0.8/1.0	0.04/0.10	9837.18 secs	(16.25153 secs)	1.000	0.1893464	0.25598
50/70	0.8/1.0	0.05/0.10	9852.842 secs	(15.66141 secs)	1.000	0.1806333	0.19082
50/70	0.8/1.0	0.06/0.10	9867.941 secs	(15.09967 secs)	1.000	0.1764049	0.14062
50/70	0.8/1.0	0.07/0.10	9882.94 secs	(14.99838 secs)	1.000	0.1543909	0.10476
50/70	0.8/1.0	0.08/0.10	9897.362 secs	(14.42207 secs)	1.000	0.1564767	0.07754
50/70	0.8/1.0	0.09/0.10	9911.751 secs	(14.38964 secs)	1.000	0.1394104	0.05704
50/70	0.8/1.0	0.10/0.10	9925.809 secs	(14.05782 secs)	1.000	0.1454972	0.04274

50/70	0.9/1.0	0.00/0.10	9944.586 secs	(18.77706 secs)	0.99968	0.2270036	1.000
50/70	0.9/1.0	0.01/0.10	9962.059 secs	(17.47219 secs)	1.000	0.232571	0.64932
50/70	0.9/1.0	0.02/0.10	9978.626 secs	(16.56718 secs)	1.000	0.2163494	0.4764
50/70	0.9/1.0	0.03/0.10	9994.32 secs	(15.69434 secs)	1.000	0.2014228	0.35428
50/70	0.9/1.0	0.04/0.10	10009.68 secs	(15.36226 secs)	1.000	0.180379	0.2633
50/70	0.9/1.0	0.05/0.10	10025.13 secs	(15.44846 secs)	1.000	0.1685161	0.19396
50/70	0.9/1.0	0.06/0.10	10039.92 secs	(14.79318 secs)	1.000	0.1584442	0.1427
50/70	0.9/1.0	0.07/0.10	10054.12 secs	(14.19191 secs)	1.000	0.1595782	0.1075
50/70	0.9/1.0	0.08/0.10	10069.32 secs	(15.20233 secs)	1.000	0.1483312	0.08022
50/70	0.9/1.0	0.09/0.10	10084.21 secs	(14.89271 secs)	1.000	0.1474077	0.05714
50/70	0.9/1.0	0.10/0.10	10098.74 secs	(14.52443 secs)	1.000	0.1387738	0.04486

50/70	1.0/1.0	0.00/0.10	10116.88 secs	(18.14894 secs)	0.9998	0.2196265	1.000
50/70	1.0/1.0	0.01/0.10	10134.01 secs	(17.12532 secs)	0.99998	0.2314289	0.6582132
50/70	1.0/1.0	0.02/0.10	10150.52 secs	(16.50627 secs)	1.000	0.2145661	0.48636
50/70	1.0/1.0	0.03/0.10	10166.00 secs	(15.48086 secs)	1.000	0.1935781	0.3584
50/70	1.0/1.0	0.04/0.10	10181.25 secs	(15.25481 secs)	1.000	0.1721662	0.26988
50/70	1.0/1.0	0.05/0.10	10196.59 secs	(15.33455 secs)	1.000	0.1682744	0.19824
50/70	1.0/1.0	0.06/0.10	10211.05 secs	(14.46583 secs)	1.000	0.1645123	0.14632
50/70	1.0/1.0	0.07/0.10	10225.25 secs	(14.19695 secs)	1.000	0.1524802	0.11024
50/70	1.0/1.0	0.08/0.10	10239.82 secs	(14.57415 secs)	1.000	0.1562353	0.0814
50/70	1.0/1.0	0.09/0.10	10254.29 secs	(14.47092 secs)	1.000	0.1450768	0.06024
50/70	1.0/1.0	0.10/0.10	10268.67 secs	(14.38089 secs)	1.000	0.1253176	0.04454



55/70	0.0/1.0	0.00/0.10	10279.48 secs	(10.80619 secs)	0.0031	0.2736111	1.000
55/70	0.0/1.0	0.01/0.10	10309.72 secs	(30.23612 secs)	0.9915	0.3070259	0.3620699
55/70	0.0/1.0	0.02/0.10	10332.59 secs	(22.87664 secs)	0.99982	0.2950083	0.2560051
55/70	0.0/1.0	0.03/0.10	10353.11 secs	(20.51566 secs)	1.000	0.2822378	0.18448
55/70	0.0/1.0	0.04/0.10	10371.41 secs	(18.30554 secs)	1.000	0.2686433	0.13084
55/70	0.0/1.0	0.05/0.10	10388.83 secs	(17.41241 secs)	1.000	0.2679869	0.10022
55/70	0.0/1.0	0.06/0.10	10405.58 secs	(16.7505 secs)	1.000	0.2539367	0.07202
55/70	0.0/1.0	0.07/0.10	10421.55 secs	(15.9704 secs)	1.000	0.2444585	0.05198
55/70	0.0/1.0	0.08/0.10	10436.87 secs	(15.31979 secs)	1.000	0.2341855	0.03772
55/70	0.0/1.0	0.09/0.10	10451.95 secs	(15.08656 secs)	1.000	0.2249457	0.02726
55/70	0.0/1.0	0.10/0.10	10467.31 secs	(15.35826 secs)	1.000	0.2212504	0.02068

55/70	0.1/1.0	0.00/0.10	10488.29 secs	(20.97234 secs)	0.16128	0.2338808	1.000
55/70	0.1/1.0	0.01/0.10	10514.93 secs	(26.64897 secs)	0.99568	0.2991434	0.4693286
55/70	0.1/1.0	0.02/0.10	10536.11 secs	(21.17945 secs)	0.9999	0.2832977	0.3247927
55/70	0.1/1.0	0.03/0.10	10554.94 secs	(18.82355 secs)	1.000	0.2728846	0.23264
55/70	0.1/1.0	0.04/0.10	10572.65 secs	(17.71273 secs)	1.000	0.2627958	0.17024
55/70	0.1/1.0	0.05/0.10	10589.83 secs	(17.17881 secs)	1.000	0.2545448	0.12448
55/70	0.1/1.0	0.06/0.10	10606.20 secs	(16.37003 secs)	1.000	0.2415691	0.0912
55/70	0.1/1.0	0.07/0.10	10621.79 secs	(15.58981 secs)	1.000	0.2328033	0.0663
55/70	0.1/1.0	0.08/0.10	10637.23 secs	(15.4366 secs)	1.000	0.2186678	0.04996
55/70	0.1/1.0	0.09/0.10	10652.07 secs	(14.84183 secs)	1.000	0.2099219	0.0356
55/70	0.1/1.0	0.10/0.10	10667.35 secs	(15.28389 secs)	1.000	0.2110755	0.02694

55/70	0.2/1.0	0.00/0.10	10696.06 secs	(28.70911 secs)	0.7828	0.2775966	1.000
55/70	0.2/1.0	0.01/0.10	10719.45 secs	(23.38665 secs)	0.99782	0.2895301	0.5307155
55/70	0.2/1.0	0.02/0.10	10740.47 secs	(21.02363 secs)	0.9999	0.2774617	0.3720967
55/70	0.2/1.0	0.03/0.10	10759.01 secs	(18.54311 secs)	1.000	0.2682548	0.2708
55/70	0.2/1.0	0.04/0.10	10776.09 secs	(17.07367 secs)	1.000	0.2553799	0.199
55/70	0.2/1.0	0.05/0.10	10792.34 secs	(16.25407 secs)	1.000	0.23368	0.14208
55/70	0.2/1.0	0.06/0.10	10808.27 secs	(15.93252 secs)	1.000	0.2300255	0.10468
55/70	0.2/1.0	0.07/0.10	10823.55 secs	(15.27196 secs)	1.000	0.2278028	0.07824
55/70	0.2/1.0	0.08/0.10	10838.71 secs	(15.16185 secs)	1.000	0.2108548	0.05634
55/70	0.2/1.0	0.09/0.10	10853.49 secs	(14.78718 secs)	1.000	0.2068566	0.04084
55/70	0.2/1.0	0.10/0.10	10868.20 secs	(14.70085 secs)	1.000	0.2006183	0.03094

55/70	0.3/1.0	0.00/0.10	10895.70 secs	(27.50226 secs)	0.9627	0.2940523	1.000
55/70	0.3/1.0	0.01/0.10	10916.72 secs	(21.02445 secs)	0.99898	0.2841453	0.5728439
55/70	0.3/1.0	0.02/0.10	10936.20 secs	(19.47781 secs)	0.99996	0.2687965	0.4037564
55/70	0.3/1.0	0.03/0.10	10954.14 secs	(17.94319 secs)	1.000	0.2585535	0.29762
55/70	0.3/1.0	0.04/0.10	10970.79 secs	(16.64296 secs)	1.000	0.2409747	0.21368
55/70	0.3/1.0	0.05/0.10	10987.06 secs	(16.27683 secs)	1.000	0.2287537	0.15978
55/70	0.3/1.0	0.06/0.10	11002.69 secs	(15.62297 secs)	1.000	0.2190361	0.11614
55/70	0.3/1.0	0.07/0.10	11017.95 secs	(15.25952 secs)	1.000	0.2113751	0.08466
55/70	0.3/1.0	0.08/0.10	11032.52 secs	(14.57547 secs)	1.000	0.204072	0.0628
55/70	0.3/1.0	0.09/0.10	11046.91 secs	(14.3865 secs)	1.000	0.1978799	0.0455
55/70	0.3/1.0	0.10/0.10	11061.21 secs	(14.29877 secs)	1.000	0.1898211	0.03356

55/70	0.4/1.0	0.00/0.10	11085.96 secs	(24.75166 secs)	0.98488	0.2899874	1.000
55/70	0.4/1.0	0.01/0.10	11106.75 secs	(20.78789 secs)	0.99962	0.2771986	0.6007503
55/70	0.4/1.0	0.02/0.10	11124.95 secs	(18.20636 secs)	1.000	0.260616	0.4228
55/70	0.4/1.0	0.03/0.10	11142.76 secs	(17.80448 secs)	1.000	0.243929	0.31116
55/70	0.4/1.0	0.04/0.10	11159.30 secs	(16.54818 secs)	1.000	0.2307817	0.22688
55/70	0.4/1.0	0.05/0.10	11175.03 secs	(15.72209 secs)	1.000	0.2208695	0.16862
55/70	0.4/1.0	0.06/0.10	11190.27 secs	(15.24697 secs)	1.000	0.2149122	0.12462
55/70	0.4/1.0	0.07/0.10	11205.28 secs	(15.01013 secs)	1.000	0.1982596	0.0904
55/70	0.4/1.0	0.08/0.10	11219.93 secs	(14.6444 secs)	1.000	0.1945388	0.06764
55/70	0.4/1.0	0.09/0.10	11234.36 secs	(14.43581 secs)	1.000	0.1951864	0.04904
55/70	0.4/1.0	0.10/0.10	11248.70 secs	(14.33935 secs)	1.000	0.184656	0.03548

55/70	0.5/1.0	0.00/0.10	11271.10 secs	(22.39431 secs)	0.99298	0.2747091	1.000
55/70	0.5/1.0	0.01/0.10	11290.13 secs	(19.03508 secs)	0.99964	0.2692406	0.6172625
55/70	0.5/1.0	0.02/0.10	11308.32 secs	(18.18844 secs)	0.99998	0.2519709	0.4425487
55/70	0.5/1.0	0.03/0.10	11325.22 secs	(16.90258 secs)	1.000	0.237903	0.32276
55/70	0.5/1.0	0.04/0.10	11341.42 secs	(16.201 secs)	1.000	0.2262088	0.24226
55/70	0.5/1.0	0.05/0.10	11357.76 secs	(16.33719 secs)	1.000	0.2124722	0.17602
55/70	0.5/1.0	0.06/0.10	11373.26 secs	(15.5002 secs)	1.000	0.1996439	0.12722
55/70	0.5/1.0	0.07/0.10	11388.14 secs	(14.87985 secs)	1.000	0.186799	0.09484
55/70	0.5/1.0	0.08/0.10	11402.41 secs	(14.27157 secs)	1.000	0.1809637	0.06914
55/70	0.5/1.0	0.09/0.10	11416.86 secs	(14.45021 secs)	1.000	0.1850947	0.04958
55/70	0.5/1.0	0.10/0.10	11430.92 secs	(14.06092 secs)	1.000	0.1842427	0.03832

55/70	0.6/1.0	0.00/0.10	11452.13 secs	(21.20557 secs)	0.9964	0.2685281	1.000
55/70	0.6/1.0	0.01/0.10	11471.14 secs	(19.00613 secs)	0.99988	0.2642066	0.632335
55/70	0.6/1.0	0.02/0.10	11488.53 secs	(17.39067 secs)	1.000	0.2541337	0.45574
55/70	0.6/1.0	0.03/0.10	11505.62 secs	(17.09433 secs)	1.000	0.2306939	0.33354
55/70	0.6/1.0	0.04/0.10	11521.62 secs	(15.99874 secs)	1.000	0.2177482	0.24556
55/70	0.6/1.0	0.05/0.10	11537.25 secs	(15.62796 secs)	1.000	0.2018866	0.18168
55/70	0.6/1.0	0.06/0.10	11552.87 secs	(15.62117 secs)	1.000	0.1991701	0.13346
55/70	0.6/1.0	0.07/0.10	11568.11 secs	(15.24304 secs)	1.000	0.1818123	0.09934
55/70	0.6/1.0	0.08/0.10	11582.86 secs	(14.74391 secs)	1.000	0.1804695	0.07248
55/70	0.6/1.0	0.09/0.10	11597.23 secs	(14.37113 secs)	1.000	0.1666521	0.05316
55/70	0.6/1.0	0.10/0.10	11611.38 secs	(14.15458 secs)	1.000	0.1622438	0.04028

55/70	0.7/1.0	0.00/0.10	11631.31 secs	(19.93208 secs)	0.95838	0.2463817	1.000
55/70	0.7/1.0	0.01/0.10	11649.39 secs	(18.07737 secs)	0.99998	0.2564387	0.6410123
55/70	0.7/1.0	0.02/0.10	11666.93 secs	(17.53973 secs)	1.000	0.2468762	0.46476
55/70	0.7/1.0	0.03/0.10	11683.19 secs	(16.26369 secs)	1.000	0.2311274	0.34464
55/70	0.7/1.0	0.04/0.10	11698.82 secs	(15.62542 secs)	1.000	0.2106029	0.25242
55/70	0.7/1.0	0.05/0.10	11714.29 secs	(15.47046 secs)	1.000	0.1928919	0.18692
55/70	0.7/1.0	0.06/0.10	11729.49 secs	(15.20081 secs)	1.000	0.190306	0.13994
55/70	0.7/1.0	0.07/0.10	11744.30 secs	(14.81274 secs)	1.000	0.1804654	0.10214
55/70	0.7/1.0	0.08/0.10	11759.23 secs	(14.9281 secs)	1.000	0.1772918	0.07678
55/70	0.7/1.0	0.09/0.10	11774.35 secs	(15.12218 secs)	1.000	0.1695605	0.05596
55/70	0.7/1.0	0.10/0.10	11788.52 secs	(14.16892 secs)	1.000	0.1618359	0.04152

55/70	0.8/1.0	0.00/0.10	11807.67 secs	(19.14482 secs)	0.99934	0.2494125	1.000
55/70	0.8/1.0	0.01/0.10	11825.40 secs	(17.72795 secs)	0.99998	0.2536428	0.6507129
55/70	0.8/1.0	0.02/0.10	11842.15 secs	(16.7526 secs)	1.000	0.2366517	0.4718
55/70	0.8/1.0	0.03/0.10	11858.11 secs	(15.96278 secs)	1.000	0.2180198	0.34986
55/70	0.8/1.0	0.04/0.10	11873.35 secs	(15.23504 secs)	1.000	0.2087387	0.2588
55/70	0.8/1.0	0.05/0.10	11888.27 secs	(14.92304 secs)	1.000	0.1927586	0.1892
55/70	0.8/1.0	0.06/0.10	11903.03 secs	(14.76039 secs)	1.000	0.1792388	0.14114
55/70	0.8/1.0	0.07/0.10	11917.81 secs	(14.77657 secs)	1.000	0.1739106	0.1063
55/70	0.8/1.0	0.08/0.10	11932.54 secs	(14.73258 secs)	1.000	0.1712117	0.07744
55/70	0.8/1.0	0.09/0.10	11947.00 secs	(14.46496 secs)	1.000	0.1643893	0.05786
55/70	0.8/1.0	0.10/0.10	11961.19 secs	(14.18931 secs)	1.000	0.168983	0.04216

55/70	0.9/1.0	0.00/0.10	11980.98 secs	(19.78397 secs)	0.99988	0.248478	1.000
55/70	0.9/1.0	0.01/0.10	11999.30 secs	(18.32012 secs)	1.000	0.2508612	0.65682
55/70	0.9/1.0	0.02/0.10	12016.21 secs	(16.91688 secs)	1.000	0.2295626	0.48014
55/70	0.9/1.0	0.03/0.10	12032.28 secs	(16.06968 secs)	1.000	0.2155075	0.35824
55/70	0.9/1.0	0.04/0.10	12047.51 secs	(15.22864 secs)	1.000	0.2023044	0.26034
55/70	0.9/1.0	0.05/0.10	12062.09 secs	(14.57212 secs)	1.000	0.1846182	0.19518
55/70	0.9/1.0	0.06/0.10	12076.73 secs	(14.64144 secs)	1.000	0.1767384	0.14544
55/70	0.9/1.0	0.07/0.10	12091.22 secs	(14.49087 secs)	1.000	0.1704021	0.10618
55/70	0.9/1.0	0.08/0.10	12105.43 secs	(14.21067 secs)	1.000	0.1654805	0.08092
55/70	0.9/1.0	0.09/0.10	12119.54 secs	(14.1116 secs)	1.000	0.1504825	0.05908
55/70	0.9/1.0	0.10/0.10	12134.48 secs	(14.94229 secs)	1.000	0.1513038	0.04456

55/70	1.0/1.0	0.00/0.10	12153.14 secs	(18.65637 secs)	0.99986	0.2311336	1.000
55/70	1.0/1.0	0.01/0.10	12171.08 secs	(17.94016 secs)	1.000	0.2504653	0.66194
55/70	1.0/1.0	0.02/0.10	12188.35 secs	(17.27404 secs)	1.000	0.2270182	0.48114
55/70	1.0/1.0	0.03/0.10	12204.83 secs	(16.48035 secs)	1.000	0.204633	0.36122
55/70	1.0/1.0	0.04/0.10	12219.99 secs	(15.16071 secs)	1.000	0.1903095	0.26698
55/70	1.0/1.0	0.05/0.10	12235.04 secs	(15.05122 secs)	1.000	0.1806928	0.20002
55/70	1.0/1.0	0.06/0.10	12249.63 secs	(14.58531 secs)	1.000	0.1762086	0.1472
55/70	1.0/1.0	0.07/0.10	12263.81 secs	(14.17578 secs)	1.000	0.1696357	0.10732
55/70	1.0/1.0	0.08/0.10	12277.81 secs	(14.00587 secs)	1.000	0.1644459	0.08074
55/70	1.0/1.0	0.09/0.10	12291.78 secs	(13.97259 secs)	1.000	0.1622869	0.06036
55/70	1.0/1.0	0.10/0.10	12305.78 secs	(13.99196 secs)	1.000	0.1527433	0.044



60/70	0.0/1.0	0.00/0.10	12316.45 secs	(10.66981 secs)	0.00312	0.2969611	1.000
60/70	0.0/1.0	0.01/0.10	12345.88 secs	(29.43767 secs)	0.99192	0.32491	0.3757045
60/70	0.0/1.0	0.02/0.10	12369.32 secs	(23.43551 secs)	0.99984	0.3174324	0.267402
60/70	0.0/1.0	0.03/0.10	12389.26 secs	(19.94504 secs)	1.000	0.3012535	0.1924
60/70	0.0/1.0	0.04/0.10	12408.36 secs	(19.09301 secs)	1.000	0.2876583	0.1387
60/70	0.0/1.0	0.05/0.10	12426.43 secs	(18.07444 secs)	1.000	0.2760657	0.1022
60/70	0.0/1.0	0.06/0.10	12443.10 secs	(16.67063 secs)	1.000	0.2701594	0.07636
60/70	0.0/1.0	0.07/0.10	12458.91 secs	(15.8122 secs)	1.000	0.2573688	0.05476
60/70	0.0/1.0	0.08/0.10	12474.22 secs	(15.30979 secs)	1.000	0.2470676	0.03972
60/70	0.0/1.0	0.09/0.10	12489.48 secs	(15.25417 secs)	1.000	0.2425435	0.030
60/70	0.0/1.0	0.10/0.10	12504.29 secs	(14.80952 secs)	1.000	0.2409677	0.02194

60/70	0.1/1.0	0.00/0.10	12526.42 secs	(22.13496 secs)	0.2253	0.2636859	1.000
60/70	0.1/1.0	0.01/0.10	12551.31 secs	(24.88993 secs)	0.99672	0.3253053	0.4812804
60/70	0.1/1.0	0.02/0.10	12572.96 secs	(21.65078 secs)	0.9999	0.3046681	0.3331525
60/70	0.1/1.0	0.03/0.10	12592.44 secs	(19.47728 secs)	1.000	0.2920523	0.23982
60/70	0.1/1.0	0.04/0.10	12609.97 secs	(17.527 secs)	1.000	0.2814042	0.1744
60/70	0.1/1.0	0.05/0.10	12627.44 secs	(17.47527 secs)	1.000	0.2684371	0.12656
60/70	0.1/1.0	0.06/0.10	12644.36 secs	(16.91735 secs)	1.000	0.254531	0.09522
60/70	0.1/1.0	0.07/0.10	12659.73 secs	(15.37023 secs)	1.000	0.2502194	0.06792
60/70	0.1/1.0	0.08/0.10	12674.70 secs	(14.97395 secs)	1.000	0.242007	0.05164
60/70	0.1/1.0	0.09/0.10	12689.40 secs	(14.699 secs)	1.000	0.2318999	0.0367
60/70	0.1/1.0	0.10/0.10	12703.79 secs	(14.38623 secs)	1.000	0.2195157	0.0264

60/70	0.2/1.0	0.00/0.10	12733.21 secs	(29.42013 secs)	0.8479	0.3089972	1.000
60/70	0.2/1.0	0.01/0.10	12755.55 secs	(22.33526 secs)	0.99834	0.3146537	0.5400355
60/70	0.2/1.0	0.02/0.10	12775.33 secs	(19.78519 secs)	0.99998	0.2921796	0.3766272
60/70	0.2/1.0	0.03/0.10	12793.86 secs	(18.5305 secs)	1.000	0.2839713	0.2711
60/70	0.2/1.0	0.04/0.10	12811.59 secs	(17.73254 secs)	1.000	0.2690209	0.1974
60/70	0.2/1.0	0.05/0.10	12828.09 secs	(16.49154 secs)	1.000	0.2579116	0.14402
60/70	0.2/1.0	0.06/0.10	12844.69 secs	(16.60086 secs)	1.000	0.2474585	0.10816
60/70	0.2/1.0	0.07/0.10	12860.25 secs	(15.56449 secs)	1.000	0.2395321	0.07914
60/70	0.2/1.0	0.08/0.10	12875.29 secs	(15.03878 secs)	1.000	0.217357	0.05622
60/70	0.2/1.0	0.09/0.10	12890.54 secs	(15.25434 secs)	1.000	0.2227461	0.0439
60/70	0.2/1.0	0.10/0.10	12905.26 secs	(14.71643 secs)	1.000	0.2145353	0.03126

60/70	0.3/1.0	0.00/0.10	12929.67 secs	(24.40974 secs)	0.89212	0.2944231	1.000
60/70	0.3/1.0	0.01/0.10	12950.49 secs	(20.82322 secs)	0.99898	0.2989483	0.574147
60/70	0.3/1.0	0.02/0.10	12969.11 secs	(18.61543 secs)	1.000	0.2879317	0.40664
60/70	0.3/1.0	0.03/0.10	12987.14 secs	(18.03171 secs)	1.000	0.270469	0.29346
60/70	0.3/1.0	0.04/0.10	13004.90 secs	(17.75718 secs)	1.000	0.2606881	0.22034
60/70	0.3/1.0	0.05/0.10	13021.28 secs	(16.38044 secs)	1.000	0.2448018	0.15968
60/70	0.3/1.0	0.06/0.10	13036.86 secs	(15.5777 secs)	1.000	0.2319256	0.11748
60/70	0.3/1.0	0.07/0.10	13052.53 secs	(15.67563 secs)	1.000	0.2220866	0.08618
60/70	0.3/1.0	0.08/0.10	13067.94 secs	(15.41311 secs)	1.000	0.2202096	0.06548
60/70	0.3/1.0	0.09/0.10	13082.75 secs	(14.80425 secs)	1.000	0.2037767	0.0455
60/70	0.3/1.0	0.10/0.10	13097.42 secs	(14.66774 secs)	1.000	0.2069715	0.0345

60/70	0.4/1.0	0.00/0.10	13121.15 secs	(23.73249 secs)	0.96714	0.2983698	1.000
60/70	0.4/1.0	0.01/0.10	13141.01 secs	(19.86209 secs)	0.99958	0.2960469	0.5999326
60/70	0.4/1.0	0.02/0.10	13158.81 secs	(17.79585 secs)	1.000	0.2795388	0.4275
60/70	0.4/1.0	0.03/0.10	13175.71 secs	(16.90015 secs)	1.000	0.2682515	0.31304
60/70	0.4/1.0	0.04/0.10	13191.94 secs	(16.22898 secs)	1.000	0.2510768	0.23034
60/70	0.4/1.0	0.05/0.10	13208.29 secs	(16.34949 secs)	1.000	0.2451527	0.16856
60/70	0.4/1.0	0.06/0.10	13224.13 secs	(15.84819 secs)	1.000	0.2292562	0.1227
60/70	0.4/1.0	0.07/0.10	13239.25 secs	(15.11494 secs)	1.000	0.2252411	0.094
60/70	0.4/1.0	0.08/0.10	13254.56 secs	(15.30865 secs)	1.000	0.2127139	0.06834
60/70	0.4/1.0	0.09/0.10	13269.44 secs	(14.88498 secs)	1.000	0.2030741	0.04966
60/70	0.4/1.0	0.10/0.10	13284.05 secs	(14.60369 secs)	1.000	0.2041619	0.03738

60/70	0.5/1.0	0.00/0.10	13305.94 secs	(21.8953 secs)	0.99344	0.2939717	1.000
60/70	0.5/1.0	0.01/0.10	13325.18 secs	(19.24393 secs)	0.99984	0.2907453	0.617278
60/70	0.5/1.0	0.02/0.10	13342.59 secs	(17.40942 secs)	1.000	0.2745912	0.44274
60/70	0.5/1.0	0.03/0.10	13359.19 secs	(16.59994 secs)	1.000	0.2553392	0.3269
60/70	0.5/1.0	0.04/0.10	13374.85 secs	(15.65466 secs)	1.000	0.2384992	0.23488
60/70	0.5/1.0	0.05/0.10	13390.08 secs	(15.23445 secs)	1.000	0.2293305	0.17806
60/70	0.5/1.0	0.06/0.10	13405.00 secs	(14.9117 secs)	1.000	0.2131391	0.12918
60/70	0.5/1.0	0.07/0.10	13420.73 secs	(15.73878 secs)	1.000	0.2103389	0.09698
60/70	0.5/1.0	0.08/0.10	13435.52 secs	(14.78152 secs)	1.000	0.1954055	0.07162
60/70	0.5/1.0	0.09/0.10	13450.05 secs	(14.53568 secs)	1.000	0.1921981	0.05218
60/70	0.5/1.0	0.10/0.10	13464.84 secs	(14.78922 secs)	1.000	0.1824528	0.039

60/70	0.6/1.0	0.00/0.10	13486.64 secs	(21.79603 secs)	0.99698	0.2821648	1.000
60/70	0.6/1.0	0.01/0.10	13505.12 secs	(18.479 secs)	0.99988	0.2818452	0.633396
60/70	0.6/1.0	0.02/0.10	13521.86 secs	(16.74112 secs)	1.000	0.2772117	0.45866
60/70	0.6/1.0	0.03/0.10	13538.17 secs	(16.31092 secs)	1.000	0.2523928	0.33436
60/70	0.6/1.0	0.04/0.10	13554.09 secs	(15.92196 secs)	1.000	0.2340996	0.24706
60/70	0.6/1.0	0.05/0.10	13569.00 secs	(14.90984 secs)	1.000	0.2238411	0.18538
60/70	0.6/1.0	0.06/0.10	13583.54 secs	(14.5398 secs)	1.000	0.2075977	0.13338
60/70	0.6/1.0	0.07/0.10	13598.12 secs	(14.57695 secs)	1.000	0.1996694	0.10108
60/70	0.6/1.0	0.08/0.10	13612.36 secs	(14.24452 secs)	1.000	0.1937778	0.07278
60/70	0.6/1.0	0.09/0.10	13626.91 secs	(14.55337 secs)	1.000	0.1895898	0.05452
60/70	0.6/1.0	0.10/0.10	13641.25 secs	(14.33314 secs)	1.000	0.1842717	0.03946

60/70	0.7/1.0	0.00/0.10	13660.84 secs	(19.59274 secs)	0.99902	0.2746817	1.000
60/70	0.7/1.0	0.01/0.10	13679.48 secs	(18.64131 secs)	0.99988	0.2803199	0.6422554
60/70	0.7/1.0	0.02/0.10	13697.08 secs	(17.60134 secs)	1.000	0.2637322	0.46854
60/70	0.7/1.0	0.03/0.10	13712.84 secs	(15.75752 secs)	1.000	0.243757	0.34494
60/70	0.7/1.0	0.04/0.10	13728.24 secs	(15.39916 secs)	1.000	0.2221717	0.25074
60/70	0.7/1.0	0.05/0.10	13743.40 secs	(15.16256 secs)	1.000	0.2091162	0.18894
60/70	0.7/1.0	0.06/0.10	13758.17 secs	(14.77315 secs)	1.000	0.2014168	0.1403
60/70	0.7/1.0	0.07/0.10	13772.62 secs	(14.44962 secs)	1.000	0.1839506	0.09986
60/70	0.7/1.0	0.08/0.10	13786.82 secs	(14.19448 secs)	1.000	0.1820737	0.07672
60/70	0.7/1.0	0.09/0.10	13800.89 secs	(14.07355 secs)	1.000	0.1851813	0.05746
60/70	0.7/1.0	0.10/0.10	13814.98 secs	(14.08963 secs)	1.000	0.175395	0.04214

60/70	0.8/1.0	0.00/0.10	13834.16 secs	(19.18204 secs)	0.99966	0.2646428	1.000
60/70	0.8/1.0	0.01/0.10	13851.95 secs	(17.78199 secs)	0.99998	0.2708842	0.647393
60/70	0.8/1.0	0.02/0.10	13869.06 secs	(17.11804 secs)	1.000	0.2523177	0.47426
60/70	0.8/1.0	0.03/0.10	13885.00 secs	(15.93403 secs)	1.000	0.2372823	0.35462
60/70	0.8/1.0	0.04/0.10	13900.77 secs	(15.76911 secs)	1.000	0.2211473	0.25852
60/70	0.8/1.0	0.05/0.10	13916.11 secs	(15.33801 secs)	1.000	0.208493	0.1933
60/70	0.8/1.0	0.06/0.10	13930.54 secs	(14.43933 secs)	1.000	0.1998077	0.14538
60/70	0.8/1.0	0.07/0.10	13944.82 secs	(14.27313 secs)	1.000	0.1936994	0.1035
60/70	0.8/1.0	0.08/0.10	13959.26 secs	(14.43866 secs)	1.000	0.1772285	0.080
60/70	0.8/1.0	0.09/0.10	13973.22 secs	(13.96602 secs)	1.000	0.168547	0.05774
60/70	0.8/1.0	0.10/0.10	13987.11 secs	(13.89017 secs)	1.000	0.1677776	0.04342

60/70	0.9/1.0	0.00/0.10	14005.70 secs	(18.58251 secs)	0.9995	0.2629969	1.000
60/70	0.9/1.0	0.01/0.10	14022.68 secs	(16.9863 secs)	1.000	0.2718389	0.65424
60/70	0.9/1.0	0.02/0.10	14039.41 secs	(16.72748 secs)	1.000	0.2463173	0.47924
60/70	0.9/1.0	0.03/0.10	14055.15 secs	(15.74061 secs)	1.000	0.2261973	0.35646
60/70	0.9/1.0	0.04/0.10	14070.72 secs	(15.57235 secs)	1.000	0.2153424	0.26414
60/70	0.9/1.0	0.05/0.10	14085.51 secs	(14.79137 secs)	1.000	0.1986323	0.19966
60/70	0.9/1.0	0.06/0.10	14100.32 secs	(14.81107 secs)	1.000	0.1927867	0.14666
60/70	0.9/1.0	0.07/0.10	14115.26 secs	(14.93182 secs)	1.000	0.1839345	0.10854
60/70	0.9/1.0	0.08/0.10	14129.89 secs	(14.63649 secs)	1.000	0.1761936	0.08152
60/70	0.9/1.0	0.09/0.10	14143.82 secs	(13.9271 secs)	1.000	0.1701411	0.05972
60/70	0.9/1.0	0.10/0.10	14157.61 secs	(13.78638 secs)	1.000	0.1573077	0.04344

60/70	1.0/1.0	0.00/0.10	14175.78 secs	(18.1703 secs)	0.9999	0.2532915	1.000
60/70	1.0/1.0	0.01/0.10	14193.09 secs	(17.31148 secs)	1.000	0.2623934	0.66422
60/70	1.0/1.0	0.02/0.10	14209.47 secs	(16.38227 secs)	1.000	0.2511022	0.48546
60/70	1.0/1.0	0.03/0.10	14224.87 secs	(15.40382 secs)	1.000	0.2319485	0.36118
60/70	1.0/1.0	0.04/0.10	14239.68 secs	(14.80304 secs)	1.000	0.2071778	0.26896
60/70	1.0/1.0	0.05/0.10	14253.95 secs	(14.27637 secs)	1.000	0.1956407	0.19796
60/70	1.0/1.0	0.06/0.10	14268.85 secs	(14.89263 secs)	1.000	0.1806209	0.15006
60/70	1.0/1.0	0.07/0.10	14283.21 secs	(14.36064 secs)	1.000	0.1791003	0.11022
60/70	1.0/1.0	0.08/0.10	14297.67 secs	(14.46517 secs)	1.000	0.1821273	0.0813
60/70	1.0/1.0	0.09/0.10	14311.90 secs	(14.22992 secs)	1.000	0.159602	0.06038
60/70	1.0/1.0	0.10/0.10	14326.66 secs	(14.75944 secs)	1.000	0.161843	0.04682



65/70	0.0/1.0	0.00/0.10	14337.66 secs	(10.99494 secs)	0.00332	0.3746778	1.000
65/70	0.0/1.0	0.01/0.10	14365.58 secs	(27.92746 secs)	0.99376	0.3467099	0.3958201
65/70	0.0/1.0	0.02/0.10	14387.43 secs	(21.84585 secs)	0.99972	0.3366797	0.2802181
65/70	0.0/1.0	0.03/0.10	14407.17 secs	(19.73805 secs)	1.000	0.3205271	0.19864
65/70	0.0/1.0	0.04/0.10	14425.49 secs	(18.32695 secs)	1.000	0.3076339	0.14528
65/70	0.0/1.0	0.05/0.10	14442.60 secs	(17.10162 secs)	1.000	0.3002128	0.10868
65/70	0.0/1.0	0.06/0.10	14459.09 secs	(16.49577 secs)	1.000	0.2850327	0.07936
65/70	0.0/1.0	0.07/0.10	14475.14 secs	(16.04549 secs)	1.000	0.2748759	0.05792
65/70	0.0/1.0	0.08/0.10	14490.60 secs	(15.46196 secs)	1.000	0.2676292	0.04312
65/70	0.0/1.0	0.09/0.10	14505.77 secs	(15.17115 secs)	1.000	0.2622646	0.0316
65/70	0.0/1.0	0.10/0.10	14520.84 secs	(15.06929 secs)	1.000	0.2525725	0.02264

65/70	0.1/1.0	0.00/0.10	14544.09 secs	(23.25313 secs)	0.23524	0.291673	1.000
65/70	0.1/1.0	0.01/0.10	14568.41 secs	(24.31935 secs)	0.99696	0.3448916	0.4915208
65/70	0.1/1.0	0.02/0.10	14588.88 secs	(20.47251 secs)	0.9999	0.3232463	0.3417951
65/70	0.1/1.0	0.03/0.10	14607.84 secs	(18.95231 secs)	1.000	0.3079349	0.24654
65/70	0.1/1.0	0.04/0.10	14625.25 secs	(17.41734 secs)	1.000	0.3006686	0.18086
65/70	0.1/1.0	0.05/0.10	14641.94 secs	(16.68584 secs)	1.000	0.2863811	0.13224
65/70	0.1/1.0	0.06/0.10	14658.05 secs	(16.11313 secs)	1.000	0.2691204	0.09618
65/70	0.1/1.0	0.07/0.10	14674.03 secs	(15.97947 secs)	1.000	0.2629241	0.0709
65/70	0.1/1.0	0.08/0.10	14689.25 secs	(15.21333 secs)	1.000	0.2483445	0.04992
65/70	0.1/1.0	0.09/0.10	14704.39 secs	(15.1486 secs)	1.000	0.2397823	0.0371
65/70	0.1/1.0	0.10/0.10	14719.11 secs	(14.71157 secs)	1.000	0.2391947	0.02832

65/70	0.2/1.0	0.00/0.10	14748.59 secs	(29.48037 secs)	0.85924	0.32875	1.000
65/70	0.2/1.0	0.01/0.10	14770.62 secs	(22.0377 secs)	0.9987	0.3323597	0.5442465
65/70	0.2/1.0	0.02/0.10	14789.73 secs	(19.10345 secs)	0.99998	0.3107301	0.3794477
65/70	0.2/1.0	0.03/0.10	14807.62 secs	(17.88884 secs)	1.000	0.3022766	0.2799
65/70	0.2/1.0	0.04/0.10	14824.71 secs	(17.09224 secs)	1.000	0.2801337	0.20434
65/70	0.2/1.0	0.05/0.10	14841.54 secs	(16.82905 secs)	1.000	0.272069	0.1466
65/70	0.2/1.0	0.06/0.10	14857.12 secs	(15.58526 secs)	1.000	0.2568162	0.10702
65/70	0.2/1.0	0.07/0.10	14872.22 secs	(15.09369 secs)	1.000	0.247334	0.0789
65/70	0.2/1.0	0.08/0.10	14887.51 secs	(15.29674 secs)	1.000	0.2429092	0.06012
65/70	0.2/1.0	0.09/0.10	14902.78 secs	(15.26778 secs)	1.000	0.2350091	0.04352
65/70	0.2/1.0	0.10/0.10	14917.89 secs	(15.10433 secs)	1.000	0.2182687	0.03188

65/70	0.3/1.0	0.00/0.10	14944.06 secs	(26.1723 secs)	0.934	0.3234212	1.000
65/70	0.3/1.0	0.01/0.10	14965.30 secs	(21.24323 secs)	0.99924	0.3190076	0.5849418
65/70	0.3/1.0	0.02/0.10	14983.81 secs	(18.5128 secs)	1.000	0.3083127	0.41224
65/70	0.3/1.0	0.03/0.10	15001.14 secs	(17.32273 secs)	1.000	0.2930486	0.29782
65/70	0.3/1.0	0.04/0.10	15017.66 secs	(16.51829 secs)	1.000	0.2758118	0.218
65/70	0.3/1.0	0.05/0.10	15033.38 secs	(15.72196 secs)	1.000	0.2535	0.16122
65/70	0.3/1.0	0.06/0.10	15048.78 secs	(15.40397 secs)	1.000	0.2475656	0.11972
65/70	0.3/1.0	0.07/0.10	15063.83 secs	(15.04423 secs)	1.000	0.2423985	0.08606
65/70	0.3/1.0	0.08/0.10	15078.67 secs	(14.84712 secs)	1.000	0.2354381	0.0649
65/70	0.3/1.0	0.09/0.10	15093.30 secs	(14.62313 secs)	1.000	0.214027	0.04716
65/70	0.3/1.0	0.10/0.10	15107.63 secs	(14.33185 secs)	1.000	0.2210346	0.0355

65/70	0.4/1.0	0.00/0.10	15131.56 secs	(23.93763 secs)	0.98808	0.3236146	1.000
65/70	0.4/1.0	0.01/0.10	15151.77 secs	(20.20711 secs)	0.99974	0.3135506	0.6055167
65/70	0.4/1.0	0.02/0.10	15170.07 secs	(18.29492 secs)	1.000	0.2955537	0.42952
65/70	0.4/1.0	0.03/0.10	15188.10 secs	(18.03382 secs)	1.000	0.2816844	0.3153
65/70	0.4/1.0	0.04/0.10	15204.42 secs	(16.31773 secs)	1.000	0.2606418	0.2326
65/70	0.4/1.0	0.05/0.10	15219.76 secs	(15.34469 secs)	1.000	0.2588203	0.17164
65/70	0.4/1.0	0.06/0.10	15234.88 secs	(15.11242 secs)	1.000	0.2389881	0.12626
65/70	0.4/1.0	0.07/0.10	15249.74 secs	(14.86072 secs)	1.000	0.2260201	0.09516
65/70	0.4/1.0	0.08/0.10	15264.19 secs	(14.4502 secs)	1.000	0.2197222	0.069
65/70	0.4/1.0	0.09/0.10	15278.12 secs	(13.93405 secs)	1.000	0.2208195	0.0485
65/70	0.4/1.0	0.10/0.10	15292.59 secs	(14.47001 secs)	1.000	0.2148546	0.03764

65/70	0.5/1.0	0.00/0.10	15314.66 secs	(22.06561 secs)	0.99498	0.3149405	1.000
65/70	0.5/1.0	0.01/0.10	15333.62 secs	(18.96319 secs)	0.99988	0.3027738	0.6190546
65/70	0.5/1.0	0.02/0.10	15351.16 secs	(17.54444 secs)	1.000	0.29678	0.4437
65/70	0.5/1.0	0.03/0.10	15367.72 secs	(16.55222 secs)	1.000	0.2758667	0.32618
65/70	0.5/1.0	0.04/0.10	15383.23 secs	(15.51437 secs)	1.000	0.2521835	0.23938
65/70	0.5/1.0	0.05/0.10	15399.04 secs	(15.80769 secs)	1.000	0.2421128	0.1776
65/70	0.5/1.0	0.06/0.10	15414.71 secs	(15.67391 secs)	1.000	0.232199	0.13248
65/70	0.5/1.0	0.07/0.10	15429.79 secs	(15.08189 secs)	1.000	0.2229945	0.09586
65/70	0.5/1.0	0.08/0.10	15444.58 secs	(14.78179 secs)	1.000	0.216761	0.07078
65/70	0.5/1.0	0.09/0.10	15458.69 secs	(14.1138 secs)	1.000	0.2069978	0.05422
65/70	0.5/1.0	0.10/0.10	15472.66 secs	(13.96806 secs)	1.000	0.2103463	0.03934

65/70	0.6/1.0	0.00/0.10	15492.57 secs	(19.91124 secs)	0.97746	0.2976073	1.000
65/70	0.6/1.0	0.01/0.10	15510.76 secs	(18.18899 secs)	0.99994	0.3011994	0.6354975
65/70	0.6/1.0	0.02/0.10	15528.05 secs	(17.29425 secs)	1.000	0.2911165	0.45678
65/70	0.6/1.0	0.03/0.10	15544.35 secs	(16.29687 secs)	1.000	0.265353	0.3368
65/70	0.6/1.0	0.04/0.10	15560.10 secs	(15.75448 secs)	1.000	0.2467154	0.24696
65/70	0.6/1.0	0.05/0.10	15575.60 secs	(15.49223 secs)	1.000	0.2380046	0.18564
65/70	0.6/1.0	0.06/0.10	15591.33 secs	(15.73377 secs)	1.000	0.2357581	0.1387
65/70	0.6/1.0	0.07/0.10	15605.55 secs	(14.21921 secs)	1.000	0.2172196	0.10202
65/70	0.6/1.0	0.08/0.10	15620.46 secs	(14.91218 secs)	1.000	0.2038192	0.0741
65/70	0.6/1.0	0.09/0.10	15635.48 secs	(15.01506 secs)	1.000	0.1992216	0.05462
65/70	0.6/1.0	0.10/0.10	15649.27 secs	(13.79642 secs)	1.000	0.1824318	0.0395

65/70	0.7/1.0	0.00/0.10	15668.79 secs	(19.51675 secs)	0.99902	0.2867259	1.000
65/70	0.7/1.0	0.01/0.10	15686.35 secs	(17.56203 secs)	0.99986	0.298636	0.6427099
65/70	0.7/1.0	0.02/0.10	15703.09 secs	(16.74238 secs)	1.000	0.2838865	0.46698
65/70	0.7/1.0	0.03/0.10	15719.13 secs	(16.04003 secs)	1.000	0.2662975	0.34474
65/70	0.7/1.0	0.04/0.10	15734.56 secs	(15.42456 secs)	1.000	0.2379961	0.2558
65/70	0.7/1.0	0.05/0.10	15749.57 secs	(15.01568 secs)	1.000	0.2245132	0.18868
65/70	0.7/1.0	0.06/0.10	15763.95 secs	(14.37372 secs)	1.000	0.2099833	0.1383
65/70	0.7/1.0	0.07/0.10	15778.42 secs	(14.47048 secs)	1.000	0.2087564	0.1037
65/70	0.7/1.0	0.08/0.10	15793.29 secs	(14.87689 secs)	1.000	0.2046274	0.0769
65/70	0.7/1.0	0.09/0.10	15807.63 secs	(14.33454 secs)	1.000	0.2090512	0.05676
65/70	0.7/1.0	0.10/0.10	15822.16 secs	(14.53085 secs)	1.000	0.1872194	0.04234

65/70	0.8/1.0	0.00/0.10	15842.33 secs	(20.16839 secs)	0.99948	0.2893693	1.000
65/70	0.8/1.0	0.01/0.10	15859.62 secs	(17.28693 secs)	1.000	0.2932046	0.65118
65/70	0.8/1.0	0.02/0.10	15875.97 secs	(16.3558 secs)	1.000	0.2745142	0.47518
65/70	0.8/1.0	0.03/0.10	15891.68 secs	(15.70438 secs)	1.000	0.2479717	0.34724
65/70	0.8/1.0	0.04/0.10	15906.75 secs	(15.07634 secs)	1.000	0.2413095	0.26234
65/70	0.8/1.0	0.05/0.10	15921.40 secs	(14.64497 secs)	1.000	0.2180151	0.1922
65/70	0.8/1.0	0.06/0.10	15935.81 secs	(14.4111 secs)	1.000	0.2128617	0.14444
65/70	0.8/1.0	0.07/0.10	15950.31 secs	(14.50053 secs)	1.000	0.1948932	0.10512
65/70	0.8/1.0	0.08/0.10	15964.54 secs	(14.22957 secs)	1.000	0.1867227	0.07934
65/70	0.8/1.0	0.09/0.10	15978.93 secs	(14.3924 secs)	1.000	0.1813481	0.0589
65/70	0.8/1.0	0.10/0.10	15993.25 secs	(14.32428 secs)	1.000	0.1808996	0.04326

65/70	0.9/1.0	0.00/0.10	16012.03 secs	(18.77626 secs)	0.99968	0.279243	1.000
65/70	0.9/1.0	0.01/0.10	16029.52 secs	(17.48914 secs)	1.000	0.2862182	0.65274
65/70	0.9/1.0	0.02/0.10	16046.89 secs	(17.37245 secs)	1.000	0.2681964	0.48154
65/70	0.9/1.0	0.03/0.10	16062.74 secs	(15.85147 secs)	1.000	0.2465168	0.35506
65/70	0.9/1.0	0.04/0.10	16077.63 secs	(14.88607 secs)	1.000	0.2342053	0.2656
65/70	0.9/1.0	0.05/0.10	16092.04 secs	(14.41303 secs)	1.000	0.2164831	0.19662
65/70	0.9/1.0	0.06/0.10	16106.14 secs	(14.09189 secs)	1.000	0.2103623	0.14558
65/70	0.9/1.0	0.07/0.10	16120.13 secs	(13.99394 secs)	1.000	0.1928394	0.10842
65/70	0.9/1.0	0.08/0.10	16134.28 secs	(14.14597 secs)	1.000	0.1937209	0.0808
65/70	0.9/1.0	0.09/0.10	16148.12 secs	(13.84588 secs)	1.000	0.1870682	0.06042
65/70	0.9/1.0	0.10/0.10	16162.35 secs	(14.22837 secs)	1.000	0.1666692	0.04464

65/70	1.0/1.0	0.00/0.10	16180.46 secs	(18.10951 secs)	0.9999	0.2661576	1.000
65/70	1.0/1.0	0.01/0.10	16198.07 secs	(17.61281 secs)	1.000	0.2798295	0.66178
65/70	1.0/1.0	0.02/0.10	16214.56 secs	(16.4927 secs)	1.000	0.2645302	0.48694
65/70	1.0/1.0	0.03/0.10	16229.75 secs	(15.18433 secs)	1.000	0.2389771	0.36282
65/70	1.0/1.0	0.04/0.10	16244.92 secs	(15.17285 secs)	1.000	0.2217988	0.27096
65/70	1.0/1.0	0.05/0.10	16260.19 secs	(15.26559 secs)	1.000	0.2148096	0.19922
65/70	1.0/1.0	0.06/0.10	16274.63 secs	(14.43978 secs)	1.000	0.1948914	0.14764
65/70	1.0/1.0	0.07/0.10	16288.66 secs	(14.02957 secs)	1.000	0.1950515	0.10922
65/70	1.0/1.0	0.08/0.10	16302.56 secs	(13.90438 secs)	1.000	0.1889172	0.08042
65/70	1.0/1.0	0.09/0.10	16316.51 secs	(13.95177 secs)	1.000	0.1770749	0.06224
65/70	1.0/1.0	0.10/0.10	16330.31 secs	(13.79869 secs)	1.000	0.1606104	0.04526



70/70	0.0/1.0	0.00/0.10	16340.90 secs	(10.58473 secs)	0.00368	0.3240667	1.000
70/70	0.0/1.0	0.01/0.10	16367.73 secs	(26.82983 secs)	0.99412	0.3711219	0.4108898
70/70	0.0/1.0	0.02/0.10	16389.27 secs	(21.5393 secs)	0.99982	0.3579599	0.2918331
70/70	0.0/1.0	0.03/0.10	16409.14 secs	(19.87122 secs)	0.99998	0.3394818	0.2071241
70/70	0.0/1.0	0.04/0.10	16427.37 secs	(18.22989 secs)	1.000	0.3218955	0.15224
70/70	0.0/1.0	0.05/0.10	16444.39 secs	(17.02059 secs)	1.000	0.3118956	0.11112
70/70	0.0/1.0	0.06/0.10	16461.30 secs	(16.91052 secs)	1.000	0.3059215	0.08438
70/70	0.0/1.0	0.07/0.10	16477.48 secs	(16.18733 secs)	1.000	0.2938218	0.05936
70/70	0.0/1.0	0.08/0.10	16493.20 secs	(15.71073 secs)	1.000	0.2850728	0.04556
70/70	0.0/1.0	0.09/0.10	16507.95 secs	(14.75333 secs)	1.000	0.2721226	0.03402
70/70	0.0/1.0	0.10/0.10	16522.63 secs	(14.68045 secs)	1.000	0.2704246	0.02424

70/70	0.1/1.0	0.00/0.10	16547.27 secs	(24.63952 secs)	0.2915	0.3203583	1.000
70/70	0.1/1.0	0.01/0.10	16571.88 secs	(24.61477 secs)	0.99716	0.3585596	0.4993617
70/70	0.1/1.0	0.02/0.10	16591.95 secs	(20.06516 secs)	0.99994	0.3398843	0.3492614
70/70	0.1/1.0	0.03/0.10	16610.47 secs	(18.52133 secs)	1.000	0.3277593	0.25114
70/70	0.1/1.0	0.04/0.10	16628.48 secs	(18.01149 secs)	1.000	0.3144415	0.18506
70/70	0.1/1.0	0.05/0.10	16645.21 secs	(16.72852 secs)	1.000	0.3039545	0.13706
70/70	0.1/1.0	0.06/0.10	16661.02 secs	(15.81375 secs)	1.000	0.2898477	0.09888
70/70	0.1/1.0	0.07/0.10	16677.25 secs	(16.227 secs)	1.000	0.2764334	0.07168
70/70	0.1/1.0	0.08/0.10	16693.24 secs	(15.99045 secs)	1.000	0.2700084	0.05258
70/70	0.1/1.0	0.09/0.10	16708.79 secs	(15.55099 secs)	1.000	0.2652156	0.04006
70/70	0.1/1.0	0.10/0.10	16723.64 secs	(14.84623 secs)	1.000	0.2582115	0.0288

70/70	0.2/1.0	0.00/0.10	16753.59 secs	(29.95547 secs)	0.84976	0.3455489	1.000
70/70	0.2/1.0	0.01/0.10	16775.63 secs	(22.03247 secs)	0.99848	0.348578	0.5523563
70/70	0.2/1.0	0.02/0.10	16794.82 secs	(19.19076 secs)	0.99998	0.3281795	0.3823677
70/70	0.2/1.0	0.03/0.10	16813.03 secs	(18.21417 secs)	1.000	0.3129253	0.27784
70/70	0.2/1.0	0.04/0.10	16829.66 secs	(16.62655 secs)	1.000	0.2990568	0.2046
70/70	0.2/1.0	0.05/0.10	16845.92 secs	(16.26535 secs)	1.000	0.2854366	0.14982
70/70	0.2/1.0	0.06/0.10	16861.98 secs	(16.05574 secs)	1.000	0.2745455	0.1097
70/70	0.2/1.0	0.07/0.10	16877.04 secs	(15.06511 secs)	1.000	0.2628258	0.0827
70/70	0.2/1.0	0.08/0.10	16892.34 secs	(15.29389 secs)	1.000	0.2572477	0.06142
70/70	0.2/1.0	0.09/0.10	16907.87 secs	(15.53477 secs)	1.000	0.2482371	0.0421
70/70	0.2/1.0	0.10/0.10	16922.82 secs	(14.94928 secs)	1.000	0.2494454	0.0325

70/70	0.3/1.0	0.00/0.10	16947.31 secs	(24.48457 secs)	0.89674	0.328544	1.000
70/70	0.3/1.0	0.01/0.10	16967.58 secs	(20.26983 secs)	0.9995	0.3409993	0.5848318
70/70	0.3/1.0	0.02/0.10	16985.94 secs	(18.36846 secs)	1.000	0.3260824	0.41578
70/70	0.3/1.0	0.03/0.10	17003.07 secs	(17.12399 secs)	1.000	0.3062516	0.29844
70/70	0.3/1.0	0.04/0.10	17019.56 secs	(16.49548 secs)	1.000	0.291376	0.22196
70/70	0.3/1.0	0.05/0.10	17035.04 secs	(15.47621 secs)	1.000	0.271564	0.1639
70/70	0.3/1.0	0.06/0.10	17050.31 secs	(15.27089 secs)	1.000	0.2608107	0.11976
70/70	0.3/1.0	0.07/0.10	17065.15 secs	(14.83809 secs)	1.000	0.2569457	0.08642
70/70	0.3/1.0	0.08/0.10	17080.41 secs	(15.2647 secs)	1.000	0.254534	0.06572
70/70	0.3/1.0	0.09/0.10	17095.20 secs	(14.78527 secs)	1.000	0.2335429	0.04958
70/70	0.3/1.0	0.10/0.10	17109.48 secs	(14.28189 secs)	1.000	0.228583	0.0344

70/70	0.4/1.0	0.00/0.10	17133.31 secs	(23.82869 secs)	0.99044	0.3435411	1.000
70/70	0.4/1.0	0.01/0.10	17153.12 secs	(19.80525 secs)	0.99966	0.3317802	0.6091081
70/70	0.4/1.0	0.02/0.10	17170.71 secs	(17.59013 secs)	1.000	0.3151745	0.43374
70/70	0.4/1.0	0.03/0.10	17187.55 secs	(16.84784 secs)	1.000	0.3025022	0.31572
70/70	0.4/1.0	0.04/0.10	17203.34 secs	(15.7868 secs)	1.000	0.2830767	0.23188
70/70	0.4/1.0	0.05/0.10	17218.55 secs	(15.20602 secs)	1.000	0.2630175	0.17104
70/70	0.4/1.0	0.06/0.10	17233.58 secs	(15.03147 secs)	1.000	0.2521896	0.1258
70/70	0.4/1.0	0.07/0.10	17248.34 secs	(14.76049 secs)	1.000	0.2406509	0.09402
70/70	0.4/1.0	0.08/0.10	17262.79 secs	(14.44967 secs)	1.000	0.2315821	0.0695
70/70	0.4/1.0	0.09/0.10	17277.24 secs	(14.45493 secs)	1.000	0.2372301	0.05146
70/70	0.4/1.0	0.10/0.10	17291.84 secs	(14.60117 secs)	1.000	0.2226414	0.0394

70/70	0.5/1.0	0.00/0.10	17313.63 secs	(21.79005 secs)	0.99498	0.3284808	1.000
70/70	0.5/1.0	0.01/0.10	17332.85 secs	(19.21612 secs)	0.9999	0.3295368	0.6227023
70/70	0.5/1.0	0.02/0.10	17350.32 secs	(17.46818 secs)	1.000	0.309988	0.4458
70/70	0.5/1.0	0.03/0.10	17366.96 secs	(16.63876 secs)	1.000	0.2940158	0.3288
70/70	0.5/1.0	0.04/0.10	17382.44 secs	(15.48192 secs)	1.000	0.2733448	0.24366
70/70	0.5/1.0	0.05/0.10	17398.11 secs	(15.67285 secs)	1.000	0.2599949	0.18012
70/70	0.5/1.0	0.06/0.10	17413.30 secs	(15.18877 secs)	1.000	0.2509565	0.13268
70/70	0.5/1.0	0.07/0.10	17427.73 secs	(14.42471 secs)	1.000	0.2325358	0.09922
70/70	0.5/1.0	0.08/0.10	17442.33 secs	(14.60669 secs)	1.000	0.2240534	0.0707
70/70	0.5/1.0	0.09/0.10	17456.92 secs	(14.5905 secs)	1.000	0.218019	0.05308
70/70	0.5/1.0	0.10/0.10	17471.15 secs	(14.23 secs)	1.000	0.2030114	0.04006

70/70	0.6/1.0	0.00/0.10	17491.22 secs	(20.06321 secs)	0.97764	0.3161578	1.000
70/70	0.6/1.0	0.01/0.10	17510.34 secs	(19.11968 secs)	0.99996	0.3204263	0.6324654
70/70	0.6/1.0	0.02/0.10	17527.96 secs	(17.62006 secs)	1.000	0.3044002	0.45742
70/70	0.6/1.0	0.03/0.10	17543.85 secs	(15.89618 secs)	1.000	0.2772155	0.335
70/70	0.6/1.0	0.04/0.10	17559.68 secs	(15.82465 secs)	1.000	0.2686502	0.24862
70/70	0.6/1.0	0.05/0.10	17576.05 secs	(16.37019 secs)	1.000	0.2584679	0.18422
70/70	0.6/1.0	0.06/0.10	17593.59 secs	(17.54695 secs)	1.000	0.2304915	0.13718
70/70	0.6/1.0	0.07/0.10	17609.08 secs	(15.48645 secs)	1.000	0.2332152	0.09946
70/70	0.6/1.0	0.08/0.10	17624.03 secs	(14.94642 secs)	1.000	0.221447	0.07436
70/70	0.6/1.0	0.09/0.10	17638.73 secs	(14.70582 secs)	1.000	0.2117044	0.0562
70/70	0.6/1.0	0.10/0.10	17653.21 secs	(14.48271 secs)	1.000	0.2101078	0.03968

70/70	0.7/1.0	0.00/0.10	17673.45 secs	(20.23056 secs)	0.9989	0.3070136	1.000
70/70	0.7/1.0	0.01/0.10	17691.93 secs	(18.48402 secs)	0.99998	0.3107877	0.6409526
70/70	0.7/1.0	0.02/0.10	17708.94 secs	(17.01421 secs)	1.000	0.3019596	0.46862
70/70	0.7/1.0	0.03/0.10	17726.14 secs	(17.19729 secs)	1.000	0.2739573	0.34234
70/70	0.7/1.0	0.04/0.10	17743.26 secs	(17.11691 secs)	1.000	0.2596851	0.25444
70/70	0.7/1.0	0.05/0.10	17759.92 secs	(16.65747 secs)	1.000	0.2432681	0.18574
70/70	0.7/1.0	0.06/0.10	17775.32 secs	(15.40791 secs)	1.000	0.2320054	0.14266
70/70	0.7/1.0	0.07/0.10	17791.42 secs	(16.09782 secs)	1.000	0.2104295	0.10208
70/70	0.7/1.0	0.08/0.10	17806.34 secs	(14.92154 secs)	1.000	0.2204137	0.07744
70/70	0.7/1.0	0.09/0.10	17822.18 secs	(15.84064 secs)	1.000	0.2124433	0.05734
70/70	0.7/1.0	0.10/0.10	17837.73 secs	(15.54925 secs)	1.000	0.198846	0.04262

70/70	0.8/1.0	0.00/0.10	17858.28 secs	(20.54273 secs)	0.99934	0.3038257	1.000
70/70	0.8/1.0	0.01/0.10	17876.42 secs	(18.14208 secs)	0.99996	0.3081268	0.6500858
70/70	0.8/1.0	0.02/0.10	17893.38 secs	(16.96039 secs)	1.000	0.2858101	0.47536
70/70	0.8/1.0	0.03/0.10	17909.67 secs	(16.29158 secs)	1.000	0.2692857	0.35054
70/70	0.8/1.0	0.04/0.10	17925.59 secs	(15.9163 secs)	1.000	0.2528306	0.26256
70/70	0.8/1.0	0.05/0.10	17941.30 secs	(15.7151 secs)	1.000	0.2383163	0.19376
70/70	0.8/1.0	0.06/0.10	17956.70 secs	(15.39576 secs)	1.000	0.2243934	0.14346
70/70	0.8/1.0	0.07/0.10	17971.81 secs	(15.11857 secs)	1.000	0.2104435	0.10646
70/70	0.8/1.0	0.08/0.10	17986.47 secs	(14.65681 secs)	1.000	0.2077357	0.07828
70/70	0.8/1.0	0.09/0.10	18002.36 secs	(15.89006 secs)	1.000	0.1988435	0.05724
70/70	0.8/1.0	0.10/0.10	18018.16 secs	(15.80149 secs)	1.000	0.1850895	0.0438

70/70	0.9/1.0	0.00/0.10	18039.05 secs	(20.8843 secs)	0.99982	0.294731	1.000
70/70	0.9/1.0	0.01/0.10	18058.43 secs	(19.37977 secs)	0.99998	0.3046467	0.6597534
70/70	0.9/1.0	0.02/0.10	18075.00 secs	(16.57614 secs)	1.000	0.282668	0.4789
70/70	0.9/1.0	0.03/0.10	18092.07 secs	(17.06884 secs)	1.000	0.2603153	0.35664
70/70	0.9/1.0	0.04/0.10	18107.83 secs	(15.76191 secs)	1.000	0.2403039	0.26526
70/70	0.9/1.0	0.05/0.10	18122.73 secs	(14.89663 secs)	1.000	0.2295822	0.19788
70/70	0.9/1.0	0.06/0.10	18137.46 secs	(14.72869 secs)	1.000	0.2243752	0.14578
70/70	0.9/1.0	0.07/0.10	18151.86 secs	(14.40404 secs)	1.000	0.2009537	0.10656
70/70	0.9/1.0	0.08/0.10	18165.85 secs	(13.98779 secs)	1.000	0.2012102	0.0792
70/70	0.9/1.0	0.09/0.10	18179.96 secs	(14.11071 secs)	1.000	0.2061901	0.06082
70/70	0.9/1.0	0.10/0.10	18193.91 secs	(13.94494 secs)	1.000	0.1836331	0.04172

70/70	1.0/1.0	0.00/0.10	18212.84 secs	(18.93697 secs)	0.99986	0.2833823	1.000
70/70	1.0/1.0	0.01/0.10	18230.13 secs	(17.28515 secs)	1.000	0.2966839	0.6598
70/70	1.0/1.0	0.02/0.10	18247.21 secs	(17.08206 secs)	1.000	0.2707176	0.48542
70/70	1.0/1.0	0.03/0.10	18262.99 secs	(15.78262 secs)	1.000	0.2646159	0.36364
70/70	1.0/1.0	0.04/0.10	18278.37 secs	(15.37544 secs)	1.000	0.2260695	0.26742
70/70	1.0/1.0	0.05/0.10	18293.10 secs	(14.729 secs)	1.000	0.2301695	0.1983
70/70	1.0/1.0	0.06/0.10	18308.37 secs	(15.27568 secs)	1.000	0.2125911	0.14786
70/70	1.0/1.0	0.07/0.10	18323.30 secs	(14.92659 secs)	1.000	0.1960511	0.11022
70/70	1.0/1.0	0.08/0.10	18337.61 secs	(14.30916 secs)	1.000	0.1938702	0.0823
70/70	1.0/1.0	0.09/0.10	18351.49 secs	(13.88063 secs)	1.000	0.2012614	0.0588
70/70	1.0/1.0	0.10/0.10	18365.51 secs	(14.02307 secs)	1.000	0.1797626	0.0453



> 
> proc.time()
      user     system    elapsed 
358011.241   9484.872  19471.757 
