
R version 4.3.0 (2023-04-21) -- "Already Tomorrow"
Copyright (C) 2023 The R Foundation for Statistical Computing
Platform: x86_64-pc-linux-gnu (64-bit)

R is free software and comes with ABSOLUTELY NO WARRANTY.
You are welcome to redistribute it under certain conditions.
Type 'license()' or 'licence()' for distribution details.

  Natural language support but running in an English locale

R is a collaborative project with many contributors.
Type 'contributors()' for more information and
'citation()' on how to cite R or R packages in publications.

Type 'demo()' for some demos, 'help()' for on-line help, or
'help.start()' for an HTML browser interface to help.
Type 'q()' to quit R.

> rm(list = ls())
> gc()
         used (Mb) gc trigger (Mb) max used (Mb)
Ncells 284765 15.3     664565 35.5   464468 24.9
Vcells 490458  3.8    8388608 64.0  1837328 14.1
> library(dplyr)

Attaching package: ‘dplyr’

The following objects are masked from ‘package:stats’:

    filter, lag

The following objects are masked from ‘package:base’:

    intersect, setdiff, setequal, union

> library(foreach)
> library(doParallel)
Loading required package: iterators
Loading required package: parallel
> 
> # Set up the number of cores used for parallelization.
> message(detectCores())
32
> num_cores <- 32
> registerDoParallel(num_cores)
> 
> #########################
> #### SEIR Simulation ####
> #########################
> time <- 365 # Number of days.
> inf <- 7 # Average infectious period length.
> N <- 1000 # Population size.
> 
> create_hh <- function() {
+   # Randomly sample household sizes such that total population is 1000 
+   # individuals.
+   hh_size <- sample(x = c(3, 4, 5, 6), size = 340, replace = T)
+   
+   # Keep households such that total population is < 1000.
+   hh_size <- hh_size[which(cumsum(hh_size) < N)]
+   
+   leftover <- N - sum(hh_size)
+   if (leftover < 3) {
+     hh <- 1:length(hh_size)
+     sampled <- sample(hh[hh_size < 6], leftover)
+     hh_size[sampled] <- hh_size[sampled] + 1
+   } else {
+     hh_size <- c(hh_size, leftover)
+   }
+   return(hh_size)
+ }
> 
> SEIR_mix <- function(params, inf = 7, verbose = F) {
+   hh_size <- create_hh()
+   
+   # Create frame for running the simulation.
+   # ID: ID of individual.
+   # SIZE: size of individual's household.
+   # HH: ID of individual's household.
+   # S: susceptibility status.
+   # E: exposed status.
+   # E_count: number of days since exposed.
+   # I: infectious status.
+   # I_count: number of days since infectious.
+   # R: recovered status.
+   # INC: incubation period.
+   # INF: infectious period.
+   data <- data.frame(ID = 1:N,
+                      SIZE = rep(hh_size, times = hh_size),
+                      HH = rep(1:length(hh_size), times = hh_size), 
+                      S = c(0, rep(1, N - 1)), 
+                      E = c(1, rep(0, N - 1)),
+                      E_count = c(1, rep(0, N - 1)), 
+                      I = 0,
+                      I_count = 0, 
+                      R = 0, 
+                      INC = c(rlnorm(1, meanlog = log(29.8), sdlog = 0.45), rep(0, N - 1)),
+                      INF = 0)
+   
+   # Create frame for storing results.
+   # ID: ID of individual.
+   # SIZE: size of individual's household.
+   # HH: ID of individual's household.
+   # TYPE: the kind of infection: household (H), community (C), or both (B).
+   # TIME: when the individual became infectious.
+   # S_NUM: number of susceptible people in individual's household when their 
+   #        infectious period begins.
+   # I_NUM: number of people in household that this individual infected over 
+   #        their infectious period.
+   results <- data[, 1:3] %>% mutate(TYPE = NA, TIME = NA, S_NUM = NA, I_NUM = 0)
+   results$TYPE[1] <- '0'
+   
+   for(t in 1:time) {
+     if (verbose) {
+       if (t %% 10 == 0) {
+         cat(paste0(t, ' '))
+       }
+     }
+     
+     # Anyone who has been infectious for as many days as their infectious period
+     # is now recovered.
+     recovered <- (data$INF > 0) & (data$I_count == data$INF)
+     if(sum(recovered, na.rm = T) > 0) {
+       data$R[recovered] <- 1
+       data$I[recovered] <- 0
+       data$I_count[recovered] <- 0 
+     }
+     
+     new_inf <- (data$INC > 0) & (data$E_count == data$INC)
+     num_new_inf <- sum(new_inf, na.rm = T)
+     if(num_new_inf > 0) {
+       # Change status to newly infectious and add infectious period.
+       data$I[new_inf] <- 1
+       random_inf <- rnorm(num_new_inf, mean = inf, sd = 1) %>% round()
+       data$INF[new_inf] <- random_inf
+       
+       # Remove exposure status and exposure count.
+       data$E[new_inf] <- 0
+       data$E_count[new_inf] <- 0 
+       
+       # Record time at which infectious period starts.
+       results$TIME[new_inf] <- t
+       
+       # Save the number of susceptible people in each infectious individual's 
+       # household.
+       S_data <- data %>% group_by(HH) %>% 
+         mutate(S_TOT = sum(S)) %>% 
+         select(HH, S_TOT)
+       results$S_NUM[new_inf == 1] <- S_data$S_TOT[new_inf == 1]
+     }
+     
+     # I_H is the number of infections inside each household.
+     # I_C is the number of infections outside each household.
+     I_data <- data %>% group_by(HH) %>% 
+       mutate(I_H = sum(I)) %>% 
+       ungroup() %>% 
+       mutate(I_C = sum(I) - I_H)
+     
+     beta_H <- params[1]
+     beta_C <- params[2]
+     beta_E <- params[3]
+     risk_H <- pmin(beta_H * data$S * I_data$I_H / N, 1)
+     risk_C <- pmin(beta_C * data$S * I_data$I_C / N, 1)
+     risk_E <- pmin(beta_E * data$S, 1)
+ 
+     new_inf_H <- rbinom(N, 1, risk_H)
+     new_inf_C <- rbinom(N, 1, risk_C)
+     new_inf_E <- rbinom(N, 1, risk_E)
+     new_exposed <- (new_inf_H == 1) | (new_inf_C == 1) | (new_inf_E == 1)
+     num_new_exposed <- sum(new_exposed, na.rm = T)
+     if (num_new_exposed > 0) {
+       # Change status to newly exposed and add incubation period.
+       data$E[new_exposed] <- 1
+       random_inc <- rlnorm(num_new_exposed, meanlog = log(29.8), sdlog = 0.45) %>% round()
+       data$INC[new_exposed] <- random_inc
+       
+       # Remove susceptible status.
+       data$S[new_exposed] <- 0
+       
+       # Get number of new infections in each household.
+       I_data <- I_data %>%
+         select(ID, HH, I, I_H) %>%
+         mutate(new_I_H = new_inf_H) %>%
+         group_by(HH) %>%
+         # Find households with at least 1 currently infectious individual. If 
+         # exactly 1 infectious individual in household, assign all new H 
+         # exposures to that individual. If there are multiple infectious 
+         # individuals, assign all infections to the infectious individual with 
+         # the first ID.
+         mutate(new_I_H = ifelse(I == 1 & ID == first(ID[I == 1]), 
+                                 sum(new_I_H), 0))
+       
+       results$I_NUM <- results$I_NUM + I_data$new_I_H
+       
+       # Label infections types.
+       results$TYPE[new_inf_H == 1] <- 'H'
+       results$TYPE[new_inf_C == 1] <- 'C'
+       results$TYPE[new_inf_E == 1] <- 'E'
+       results$TYPE[(new_inf_H == 1) & (new_inf_C == 1)] <- 'HC'
+       results$TYPE[(new_inf_H == 1) & (new_inf_E == 1)] <- 'HE'
+       results$TYPE[(new_inf_C == 1) & (new_inf_E == 1)] <- 'CE'
+       results$TYPE[(new_inf_H == 1) & (new_inf_C == 1) & (new_inf_E == 1)] <- 'HCE'
+     }
+     
+     # Increment exposure and infectious counters.
+     data$E_count[data$E == 1] <- data$E_count[data$E == 1] + 1
+     data$I_count[data$I == 1] <- data$I_count[data$I == 1] + 1
+   }
+   return(results)
+ }
> 
> metrics <- function(results) {
+   # Incidence is the proportion of the population that became infected.
+   idc <- mean(!is.na(results$TIME))
+   
+   # The SAR is the average SAR for each individual that was infectious.
+   sar <- mean(results$I_NUM / results$S_NUM, na.rm = T)
+   
+   # The proportion of cases caused by household infections.
+   cases <- results[!is.na(results$TIME), ]
+   prp <- mean((cases$TYPE == 'H') | (cases$TYPE == 'HC') | (cases$TYPE == 'HCE'))
+ 
+   return(c(idc, sar, prp))
+ }
> 
> beta_Hs <- seq(22, 28, 1) # 7
> beta_Cs <- seq(0, 0.010, 0.001) # 11
> beta_Es <- seq(0.0004, 0.00065, 0.00001) # 26
> 
> d_H <- length(beta_Hs)
> d_C <- length(beta_Cs)
> d_E <- length(beta_Es)
> 
> reps <- 50
> idcs <- array(rep(NA, d_H * d_C * d_E * reps), dim = c(d_H, d_C, d_E, reps))
> sars <- array(rep(NA, d_H * d_C * d_E * reps), dim = c(d_H, d_C, d_E, reps))
> prps <- array(rep(NA, d_H * d_C * d_E * reps), dim = c(d_H, d_C, d_E, reps))
> t_tot <- 0
> for (i in 1:d_H) {
+   for (j in 1:d_C) {
+     for (k in 1:d_E) {
+       beta_H <- beta_Hs[i]
+       beta_C <- beta_Cs[j]
+       beta_E <- beta_Es[k]
+       
+       params <- c(beta_H, beta_C, beta_E)
+       
+       cat(paste0(format(beta_H, nsmall = 1), '/28\t', 
+                  format(beta_C, nsmall = 3), '/0.010\t',
+                  format(beta_E, nsmall = 5, scientific = F), '/0.00065\t'))
+         
+       t_0 <- Sys.time()
+       vals <- foreach (l = 1:reps, .combine = 'c') %dopar% {
+         results <- SEIR_mix(params) 
+         metrics(results)
+       }
+       t_1 <- Sys.time()
+       t_tot <- t_tot + (t_1 - t_0)
+         
+       cat(paste0(format(t_tot, nsmall = 2, digits = 4), '\t(', 
+                  format(t_1 - t_0, nsmall = 2, digits = 4), ')\t'))
+       
+       vals <- matrix(vals, reps, byrow = T)
+       idcs[i, j, k, ] <- vals[, 1]
+       sars[i, j, k, ] <- vals[, 2]
+       prps[i, j, k, ] <- vals[, 3]
+         
+       cat(paste0(format(round(mean(vals[, 1]), 3), nsmall = 3), '\t', 
+                  format(round(mean(vals[, 2]), 3), nsmall = 3), '\t', 
+                  format(round(mean(vals[, 3]), 3), nsmall = 3), '\n'))
+     }
+     cat('\n')
+     saveRDS(idcs, file = 'idcs.rds')
+     saveRDS(sars, file = 'sars.rds')
+     saveRDS(prps, file = 'prps.rds')
+     
+     write.table(idcs, file = 'idcs.txt', row.names = F, col.names = F)
+     write.table(sars, file = 'sars.txt', row.names = F, col.names = F)
+     write.table(prps, file = 'prps.txt', row.names = F, col.names = F)
+   }
+   message('\n')
+ }
22.0/28	0.000/0.010	0.00040/0.00065	35.80 secs	(35.80 secs)	0.191	0.136	0.369
22.0/28	0.000/0.010	0.00041/0.00065	71.54 secs	(35.74 secs)	0.196	0.136	0.372
22.0/28	0.000/0.010	0.00042/0.00065	107.28 secs	(35.75 secs)	0.202	0.144	0.386
22.0/28	0.000/0.010	0.00043/0.00065	144.33 secs	(37.04 secs)	0.215	0.144	0.382
22.0/28	0.000/0.010	0.00044/0.00065	181.51 secs	(37.18 secs)	0.214	0.143	0.382
22.0/28	0.000/0.010	0.00045/0.00065	218.23 secs	(36.72 secs)	0.212	0.143	0.378
22.0/28	0.000/0.010	0.00046/0.00065	254.96 secs	(36.73 secs)	0.216	0.138	0.370
22.0/28	0.000/0.010	0.00047/0.00065	292.42 secs	(37.46 secs)	0.221	0.143	0.374
22.0/28	0.000/0.010	0.00048/0.00065	330.81 secs	(38.39 secs)	0.227	0.138	0.372
22.0/28	0.000/0.010	0.00049/0.00065	368.94 secs	(38.13 secs)	0.232	0.143	0.376
22.0/28	0.000/0.010	0.00050/0.00065	407.84 secs	(38.90 secs)	0.238	0.141	0.375
22.0/28	0.000/0.010	0.00051/0.00065	446.32 secs	(38.48 secs)	0.235	0.142	0.374
22.0/28	0.000/0.010	0.00052/0.00065	485.10 secs	(38.78 secs)	0.242	0.141	0.368
22.0/28	0.000/0.010	0.00053/0.00065	524.81 secs	(39.71 secs)	0.247	0.143	0.372
22.0/28	0.000/0.010	0.00054/0.00065	565.00 secs	(40.19 secs)	0.247	0.139	0.371
22.0/28	0.000/0.010	0.00055/0.00065	605.39 secs	(40.39 secs)	0.256	0.144	0.373
22.0/28	0.000/0.010	0.00056/0.00065	646.07 secs	(40.68 secs)	0.262	0.141	0.370
22.0/28	0.000/0.010	0.00057/0.00065	686.39 secs	(40.32 secs)	0.258	0.144	0.377
22.0/28	0.000/0.010	0.00058/0.00065	726.26 secs	(39.87 secs)	0.258	0.139	0.358
22.0/28	0.000/0.010	0.00059/0.00065	767.20 secs	(40.94 secs)	0.266	0.145	0.376
22.0/28	0.000/0.010	0.00060/0.00065	808.30 secs	(41.10 secs)	0.271	0.144	0.370
22.0/28	0.000/0.010	0.00061/0.00065	849.80 secs	(41.50 secs)	0.277	0.141	0.371
22.0/28	0.000/0.010	0.00062/0.00065	892.23 secs	(42.43 secs)	0.279	0.142	0.368
22.0/28	0.000/0.010	0.00063/0.00065	934.31 secs	(42.08 secs)	0.291	0.148	0.373
22.0/28	0.000/0.010	0.00064/0.00065	976.12 secs	(41.81 secs)	0.286	0.142	0.363
22.0/28	0.000/0.010	0.00065/0.00065	1018.22 secs	(42.10 secs)	0.292	0.143	0.373

22.0/28	0.001/0.010	0.00040/0.00065	1054.89 secs	(36.67 secs)	0.196	0.141	0.382
22.0/28	0.001/0.010	0.00041/0.00065	1090.89 secs	(36.00 secs)	0.197	0.142	0.371
22.0/28	0.001/0.010	0.00042/0.00065	1127.14 secs	(36.25 secs)	0.202	0.137	0.372
22.0/28	0.001/0.010	0.00043/0.00065	1165.49 secs	(38.35 secs)	0.209	0.142	0.380
22.0/28	0.001/0.010	0.00044/0.00065	1202.86 secs	(37.37 secs)	0.214	0.145	0.386
22.0/28	0.001/0.010	0.00045/0.00065	1239.75 secs	(36.90 secs)	0.212	0.140	0.374
22.0/28	0.001/0.010	0.00046/0.00065	1277.16 secs	(37.40 secs)	0.218	0.142	0.377
22.0/28	0.001/0.010	0.00047/0.00065	1314.91 secs	(37.75 secs)	0.225	0.147	0.377
22.0/28	0.001/0.010	0.00048/0.00065	1352.73 secs	(37.82 secs)	0.227	0.140	0.369
22.0/28	0.001/0.010	0.00049/0.00065	1392.64 secs	(39.91 secs)	0.238	0.144	0.379
22.0/28	0.001/0.010	0.00050/0.00065	1431.50 secs	(38.86 secs)	0.237	0.140	0.375
22.0/28	0.001/0.010	0.00051/0.00065	1470.51 secs	(39.01 secs)	0.241	0.140	0.370
22.0/28	0.001/0.010	0.00052/0.00065	1510.06 secs	(39.55 secs)	0.244	0.145	0.375
22.0/28	0.001/0.010	0.00053/0.00065	1549.88 secs	(39.82 secs)	0.248	0.141	0.369
22.0/28	0.001/0.010	0.00054/0.00065	1590.28 secs	(40.39 secs)	0.253	0.140	0.372
22.0/28	0.001/0.010	0.00055/0.00065	1631.05 secs	(40.77 secs)	0.258	0.144	0.377
22.0/28	0.001/0.010	0.00056/0.00065	1671.67 secs	(40.62 secs)	0.262	0.143	0.370
22.0/28	0.001/0.010	0.00057/0.00065	1712.46 secs	(40.78 secs)	0.262	0.142	0.370
22.0/28	0.001/0.010	0.00058/0.00065	1753.98 secs	(41.52 secs)	0.268	0.142	0.370
22.0/28	0.001/0.010	0.00059/0.00065	1795.48 secs	(41.50 secs)	0.266	0.140	0.365
22.0/28	0.001/0.010	0.00060/0.00065	1837.24 secs	(41.75 secs)	0.273	0.141	0.367
22.0/28	0.001/0.010	0.00061/0.00065	1878.85 secs	(41.61 secs)	0.275	0.143	0.370
22.0/28	0.001/0.010	0.00062/0.00065	1920.82 secs	(41.97 secs)	0.284	0.143	0.364
22.0/28	0.001/0.010	0.00063/0.00065	1963.73 secs	(42.91 secs)	0.282	0.144	0.368
22.0/28	0.001/0.010	0.00064/0.00065	2006.46 secs	(42.74 secs)	0.290	0.144	0.367
22.0/28	0.001/0.010	0.00065/0.00065	2047.87 secs	(41.41 secs)	0.290	0.141	0.362

22.0/28	0.002/0.010	0.00040/0.00065	2085.15 secs	(37.28 secs)	0.197	0.139	0.374
22.0/28	0.002/0.010	0.00041/0.00065	2121.78 secs	(36.62 secs)	0.205	0.146	0.389
22.0/28	0.002/0.010	0.00042/0.00065	2158.08 secs	(36.31 secs)	0.208	0.144	0.384
22.0/28	0.002/0.010	0.00043/0.00065	2194.80 secs	(36.72 secs)	0.209	0.142	0.379
22.0/28	0.002/0.010	0.00044/0.00065	2231.65 secs	(36.85 secs)	0.212	0.142	0.374
22.0/28	0.002/0.010	0.00045/0.00065	2269.74 secs	(38.09 secs)	0.218	0.143	0.379
22.0/28	0.002/0.010	0.00046/0.00065	2306.85 secs	(37.10 secs)	0.219	0.139	0.369
22.0/28	0.002/0.010	0.00047/0.00065	2344.58 secs	(37.73 secs)	0.229	0.141	0.373
22.0/28	0.002/0.010	0.00048/0.00065	2384.04 secs	(39.46 secs)	0.233	0.146	0.378
22.0/28	0.002/0.010	0.00049/0.00065	2423.07 secs	(39.03 secs)	0.238	0.145	0.381
22.0/28	0.002/0.010	0.00050/0.00065	2461.10 secs	(38.04 secs)	0.234	0.137	0.363
22.0/28	0.002/0.010	0.00051/0.00065	2500.15 secs	(39.05 secs)	0.241	0.142	0.368
22.0/28	0.002/0.010	0.00052/0.00065	2539.65 secs	(39.50 secs)	0.244	0.143	0.375
22.0/28	0.002/0.010	0.00053/0.00065	2579.13 secs	(39.49 secs)	0.248	0.139	0.363
22.0/28	0.002/0.010	0.00054/0.00065	2619.03 secs	(39.90 secs)	0.252	0.143	0.375
22.0/28	0.002/0.010	0.00055/0.00065	2659.80 secs	(40.77 secs)	0.257	0.137	0.364
22.0/28	0.002/0.010	0.00056/0.00065	2699.34 secs	(39.54 secs)	0.256	0.141	0.372
22.0/28	0.002/0.010	0.00057/0.00065	2741.30 secs	(41.96 secs)	0.266	0.140	0.376
22.0/28	0.002/0.010	0.00058/0.00065	2782.47 secs	(41.17 secs)	0.264	0.140	0.363
22.0/28	0.002/0.010	0.00059/0.00065	2823.37 secs	(40.91 secs)	0.268	0.144	0.369
22.0/28	0.002/0.010	0.00060/0.00065	2864.91 secs	(41.53 secs)	0.277	0.145	0.373
22.0/28	0.002/0.010	0.00061/0.00065	2905.89 secs	(40.98 secs)	0.278	0.142	0.371
22.0/28	0.002/0.010	0.00062/0.00065	2947.67 secs	(41.78 secs)	0.281	0.140	0.360
22.0/28	0.002/0.010	0.00063/0.00065	2990.32 secs	(42.65 secs)	0.287	0.140	0.359
22.0/28	0.002/0.010	0.00064/0.00065	3032.44 secs	(42.12 secs)	0.294	0.140	0.364
22.0/28	0.002/0.010	0.00065/0.00065	3076.36 secs	(43.93 secs)	0.299	0.144	0.372

22.0/28	0.003/0.010	0.00040/0.00065	3113.28 secs	(36.92 secs)	0.194	0.140	0.375
22.0/28	0.003/0.010	0.00041/0.00065	3149.84 secs	(36.56 secs)	0.203	0.144	0.380
22.0/28	0.003/0.010	0.00042/0.00065	3185.88 secs	(36.04 secs)	0.207	0.146	0.384
22.0/28	0.003/0.010	0.00043/0.00065	3222.82 secs	(36.94 secs)	0.207	0.141	0.375
22.0/28	0.003/0.010	0.00044/0.00065	3261.03 secs	(38.21 secs)	0.211	0.142	0.377
22.0/28	0.003/0.010	0.00045/0.00065	3300.11 secs	(39.08 secs)	0.227	0.146	0.383
22.0/28	0.003/0.010	0.00046/0.00065	3337.93 secs	(37.82 secs)	0.223	0.134	0.367
22.0/28	0.003/0.010	0.00047/0.00065	3377.20 secs	(39.27 secs)	0.229	0.143	0.380
22.0/28	0.003/0.010	0.00048/0.00065	3415.95 secs	(38.75 secs)	0.236	0.141	0.378
22.0/28	0.003/0.010	0.00049/0.00065	3454.86 secs	(38.91 secs)	0.237	0.144	0.378
22.0/28	0.003/0.010	0.00050/0.00065	3495.05 secs	(40.19 secs)	0.241	0.142	0.375
22.0/28	0.003/0.010	0.00051/0.00065	3534.64 secs	(39.60 secs)	0.243	0.139	0.363
22.0/28	0.003/0.010	0.00052/0.00065	3573.99 secs	(39.35 secs)	0.248	0.144	0.377
22.0/28	0.003/0.010	0.00053/0.00065	3615.99 secs	(42.00 secs)	0.254	0.145	0.373
22.0/28	0.003/0.010	0.00054/0.00065	3657.22 secs	(41.23 secs)	0.256	0.143	0.371
22.0/28	0.003/0.010	0.00055/0.00065	3697.12 secs	(39.89 secs)	0.257	0.143	0.373
22.0/28	0.003/0.010	0.00056/0.00065	3738.35 secs	(41.24 secs)	0.269	0.147	0.382
22.0/28	0.003/0.010	0.00057/0.00065	3779.30 secs	(40.94 secs)	0.263	0.139	0.363
22.0/28	0.003/0.010	0.00058/0.00065	3820.50 secs	(41.20 secs)	0.272	0.144	0.375
22.0/28	0.003/0.010	0.00059/0.00065	3862.56 secs	(42.06 secs)	0.278	0.143	0.372
22.0/28	0.003/0.010	0.00060/0.00065	3905.10 secs	(42.54 secs)	0.277	0.141	0.369
22.0/28	0.003/0.010	0.00061/0.00065	3946.46 secs	(41.36 secs)	0.281	0.140	0.363
22.0/28	0.003/0.010	0.00062/0.00065	3988.86 secs	(42.40 secs)	0.288	0.141	0.366
22.0/28	0.003/0.010	0.00063/0.00065	4031.59 secs	(42.73 secs)	0.294	0.145	0.371
22.0/28	0.003/0.010	0.00064/0.00065	4074.94 secs	(43.35 secs)	0.294	0.144	0.371
22.0/28	0.003/0.010	0.00065/0.00065	4117.88 secs	(42.94 secs)	0.295	0.143	0.366

22.0/28	0.004/0.010	0.00040/0.00065	4154.10 secs	(36.21 secs)	0.200	0.141	0.377
22.0/28	0.004/0.010	0.00041/0.00065	4191.36 secs	(37.26 secs)	0.204	0.142	0.378
22.0/28	0.004/0.010	0.00042/0.00065	4228.23 secs	(36.87 secs)	0.206	0.140	0.368
22.0/28	0.004/0.010	0.00043/0.00065	4265.25 secs	(37.02 secs)	0.211	0.144	0.378
22.0/28	0.004/0.010	0.00044/0.00065	4302.15 secs	(36.90 secs)	0.218	0.144	0.377
22.0/28	0.004/0.010	0.00045/0.00065	4340.20 secs	(38.05 secs)	0.220	0.139	0.366
22.0/28	0.004/0.010	0.00046/0.00065	4379.44 secs	(39.24 secs)	0.223	0.141	0.369
22.0/28	0.004/0.010	0.00047/0.00065	4417.50 secs	(38.07 secs)	0.233	0.145	0.384
22.0/28	0.004/0.010	0.00048/0.00065	4455.91 secs	(38.40 secs)	0.231	0.139	0.367
22.0/28	0.004/0.010	0.00049/0.00065	4495.22 secs	(39.31 secs)	0.235	0.138	0.363
22.0/28	0.004/0.010	0.00050/0.00065	4535.09 secs	(39.87 secs)	0.238	0.143	0.371
22.0/28	0.004/0.010	0.00051/0.00065	4574.90 secs	(39.81 secs)	0.248	0.141	0.369
22.0/28	0.004/0.010	0.00052/0.00065	4615.24 secs	(40.34 secs)	0.251	0.145	0.376
22.0/28	0.004/0.010	0.00053/0.00065	4654.92 secs	(39.68 secs)	0.255	0.144	0.374
22.0/28	0.004/0.010	0.00054/0.00065	4695.38 secs	(40.46 secs)	0.253	0.142	0.370
22.0/28	0.004/0.010	0.00055/0.00065	4737.09 secs	(41.71 secs)	0.264	0.146	0.374
22.0/28	0.004/0.010	0.00056/0.00065	4778.25 secs	(41.16 secs)	0.270	0.146	0.379
22.0/28	0.004/0.010	0.00057/0.00065	4819.65 secs	(41.41 secs)	0.266	0.141	0.366
22.0/28	0.004/0.010	0.00058/0.00065	4860.76 secs	(41.11 secs)	0.275	0.144	0.371
22.0/28	0.004/0.010	0.00059/0.00065	4902.52 secs	(41.75 secs)	0.282	0.145	0.370
22.0/28	0.004/0.010	0.00060/0.00065	4944.57 secs	(42.06 secs)	0.274	0.138	0.356
22.0/28	0.004/0.010	0.00061/0.00065	4987.52 secs	(42.95 secs)	0.280	0.138	0.358
22.0/28	0.004/0.010	0.00062/0.00065	5029.69 secs	(42.17 secs)	0.288	0.143	0.367
22.0/28	0.004/0.010	0.00063/0.00065	5072.34 secs	(42.65 secs)	0.289	0.142	0.368
22.0/28	0.004/0.010	0.00064/0.00065	5114.67 secs	(42.33 secs)	0.297	0.144	0.369
22.0/28	0.004/0.010	0.00065/0.00065	5158.04 secs	(43.36 secs)	0.305	0.140	0.362

22.0/28	0.005/0.010	0.00040/0.00065	5195.62 secs	(37.59 secs)	0.201	0.140	0.377
22.0/28	0.005/0.010	0.00041/0.00065	5233.20 secs	(37.58 secs)	0.204	0.142	0.376
22.0/28	0.005/0.010	0.00042/0.00065	5270.83 secs	(37.63 secs)	0.214	0.142	0.377
22.0/28	0.005/0.010	0.00043/0.00065	5308.25 secs	(37.42 secs)	0.214	0.141	0.378
22.0/28	0.005/0.010	0.00044/0.00065	5346.89 secs	(38.63 secs)	0.221	0.140	0.379
22.0/28	0.005/0.010	0.00045/0.00065	5385.67 secs	(38.78 secs)	0.223	0.141	0.375
22.0/28	0.005/0.010	0.00046/0.00065	5425.52 secs	(39.85 secs)	0.230	0.147	0.383
22.0/28	0.005/0.010	0.00047/0.00065	5464.20 secs	(38.68 secs)	0.232	0.142	0.376
22.0/28	0.005/0.010	0.00048/0.00065	5502.41 secs	(38.20 secs)	0.233	0.142	0.370
22.0/28	0.005/0.010	0.00049/0.00065	5541.51 secs	(39.10 secs)	0.240	0.144	0.370
22.0/28	0.005/0.010	0.00050/0.00065	5581.85 secs	(40.35 secs)	0.252	0.147	0.381
22.0/28	0.005/0.010	0.00051/0.00065	5621.99 secs	(40.14 secs)	0.246	0.141	0.372
22.0/28	0.005/0.010	0.00052/0.00065	5662.44 secs	(40.45 secs)	0.254	0.146	0.380
22.0/28	0.005/0.010	0.00053/0.00065	5702.16 secs	(39.72 secs)	0.258	0.141	0.374
22.0/28	0.005/0.010	0.00054/0.00065	5742.96 secs	(40.81 secs)	0.263	0.145	0.373
22.0/28	0.005/0.010	0.00055/0.00065	5783.15 secs	(40.18 secs)	0.260	0.142	0.368
22.0/28	0.005/0.010	0.00056/0.00065	5824.47 secs	(41.32 secs)	0.263	0.142	0.368
22.0/28	0.005/0.010	0.00057/0.00065	5865.92 secs	(41.46 secs)	0.268	0.142	0.362
22.0/28	0.005/0.010	0.00058/0.00065	5907.84 secs	(41.92 secs)	0.274	0.141	0.373
22.0/28	0.005/0.010	0.00059/0.00065	5949.95 secs	(42.11 secs)	0.280	0.144	0.368
22.0/28	0.005/0.010	0.00060/0.00065	5991.48 secs	(41.53 secs)	0.281	0.144	0.370
22.0/28	0.005/0.010	0.00061/0.00065	6033.99 secs	(42.51 secs)	0.286	0.144	0.368
22.0/28	0.005/0.010	0.00062/0.00065	6075.81 secs	(41.82 secs)	0.292	0.143	0.365
22.0/28	0.005/0.010	0.00063/0.00065	6117.39 secs	(41.58 secs)	0.294	0.141	0.369
22.0/28	0.005/0.010	0.00064/0.00065	6161.24 secs	(43.85 secs)	0.299	0.146	0.374
22.0/28	0.005/0.010	0.00065/0.00065	6204.47 secs	(43.23 secs)	0.303	0.141	0.366

22.0/28	0.006/0.010	0.00040/0.00065	6241.49 secs	(37.01 secs)	0.202	0.138	0.368
22.0/28	0.006/0.010	0.00041/0.00065	6278.57 secs	(37.09 secs)	0.210	0.142	0.382
22.0/28	0.006/0.010	0.00042/0.00065	6316.46 secs	(37.89 secs)	0.211	0.144	0.381
22.0/28	0.006/0.010	0.00043/0.00065	6354.23 secs	(37.76 secs)	0.214	0.142	0.373
22.0/28	0.006/0.010	0.00044/0.00065	6393.62 secs	(39.40 secs)	0.220	0.140	0.378
22.0/28	0.006/0.010	0.00045/0.00065	6432.26 secs	(38.64 secs)	0.226	0.141	0.370
22.0/28	0.006/0.010	0.00046/0.00065	6471.68 secs	(39.42 secs)	0.231	0.140	0.376
22.0/28	0.006/0.010	0.00047/0.00065	6511.16 secs	(39.48 secs)	0.235	0.145	0.384
22.0/28	0.006/0.010	0.00048/0.00065	6551.13 secs	(39.97 secs)	0.242	0.138	0.373
22.0/28	0.006/0.010	0.00049/0.00065	6591.78 secs	(40.65 secs)	0.241	0.141	0.377
22.0/28	0.006/0.010	0.00050/0.00065	6631.72 secs	(39.95 secs)	0.249	0.145	0.382
22.0/28	0.006/0.010	0.00051/0.00065	6671.89 secs	(40.17 secs)	0.248	0.144	0.374
22.0/28	0.006/0.010	0.00052/0.00065	6712.97 secs	(41.08 secs)	0.256	0.144	0.376
22.0/28	0.006/0.010	0.00053/0.00065	6753.55 secs	(40.58 secs)	0.259	0.138	0.366
22.0/28	0.006/0.010	0.00054/0.00065	6795.14 secs	(41.59 secs)	0.263	0.148	0.377
22.0/28	0.006/0.010	0.00055/0.00065	6837.11 secs	(41.97 secs)	0.272	0.142	0.368
22.0/28	0.006/0.010	0.00056/0.00065	6878.24 secs	(41.13 secs)	0.274	0.146	0.371
22.0/28	0.006/0.010	0.00057/0.00065	6920.30 secs	(42.06 secs)	0.278	0.147	0.372
22.0/28	0.006/0.010	0.00058/0.00065	6962.98 secs	(42.69 secs)	0.280	0.143	0.374
22.0/28	0.006/0.010	0.00059/0.00065	7004.44 secs	(41.46 secs)	0.281	0.148	0.377
22.0/28	0.006/0.010	0.00060/0.00065	7046.36 secs	(41.92 secs)	0.283	0.144	0.368
22.0/28	0.006/0.010	0.00061/0.00065	7088.85 secs	(42.48 secs)	0.284	0.143	0.369
22.0/28	0.006/0.010	0.00062/0.00065	7131.35 secs	(42.50 secs)	0.290	0.141	0.365
22.0/28	0.006/0.010	0.00063/0.00065	7174.68 secs	(43.33 secs)	0.291	0.138	0.362
22.0/28	0.006/0.010	0.00064/0.00065	7217.62 secs	(42.94 secs)	0.302	0.146	0.375
22.0/28	0.006/0.010	0.00065/0.00065	7260.47 secs	(42.85 secs)	0.302	0.144	0.368

22.0/28	0.007/0.010	0.00040/0.00065	7296.95 secs	(36.48 secs)	0.205	0.146	0.384
22.0/28	0.007/0.010	0.00041/0.00065	7334.45 secs	(37.50 secs)	0.205	0.144	0.377
22.0/28	0.007/0.010	0.00042/0.00065	7373.35 secs	(38.90 secs)	0.215	0.141	0.372
22.0/28	0.007/0.010	0.00043/0.00065	7412.33 secs	(38.98 secs)	0.216	0.144	0.380
22.0/28	0.007/0.010	0.00044/0.00065	7450.34 secs	(38.01 secs)	0.222	0.145	0.381
22.0/28	0.007/0.010	0.00045/0.00065	7488.96 secs	(38.62 secs)	0.228	0.139	0.367
22.0/28	0.007/0.010	0.00046/0.00065	7527.27 secs	(38.32 secs)	0.233	0.142	0.377
22.0/28	0.007/0.010	0.00047/0.00065	7566.31 secs	(39.04 secs)	0.239	0.144	0.369
22.0/28	0.007/0.010	0.00048/0.00065	7605.60 secs	(39.29 secs)	0.237	0.140	0.367
22.0/28	0.007/0.010	0.00049/0.00065	7645.64 secs	(40.04 secs)	0.240	0.139	0.371
22.0/28	0.007/0.010	0.00050/0.00065	7685.83 secs	(40.19 secs)	0.250	0.142	0.372
22.0/28	0.007/0.010	0.00051/0.00065	7725.45 secs	(39.63 secs)	0.249	0.140	0.371
22.0/28	0.007/0.010	0.00052/0.00065	7767.02 secs	(41.56 secs)	0.261	0.144	0.379
22.0/28	0.007/0.010	0.00053/0.00065	7806.99 secs	(39.97 secs)	0.261	0.140	0.365
22.0/28	0.007/0.010	0.00054/0.00065	7847.92 secs	(40.94 secs)	0.261	0.143	0.367
22.0/28	0.007/0.010	0.00055/0.00065	7889.04 secs	(41.11 secs)	0.272	0.144	0.375
22.0/28	0.007/0.010	0.00056/0.00065	7930.81 secs	(41.77 secs)	0.273	0.145	0.371
22.0/28	0.007/0.010	0.00057/0.00065	7972.70 secs	(41.89 secs)	0.276	0.140	0.367
22.0/28	0.007/0.010	0.00058/0.00065	8015.60 secs	(42.90 secs)	0.277	0.140	0.360
22.0/28	0.007/0.010	0.00059/0.00065	8058.89 secs	(43.28 secs)	0.282	0.145	0.375
22.0/28	0.007/0.010	0.00060/0.00065	8101.11 secs	(42.22 secs)	0.288	0.142	0.363
22.0/28	0.007/0.010	0.00061/0.00065	8143.53 secs	(42.43 secs)	0.289	0.141	0.367
22.0/28	0.007/0.010	0.00062/0.00065	8187.27 secs	(43.74 secs)	0.299	0.142	0.365
22.0/28	0.007/0.010	0.00063/0.00065	8230.02 secs	(42.74 secs)	0.301	0.143	0.365
22.0/28	0.007/0.010	0.00064/0.00065	8273.94 secs	(43.92 secs)	0.305	0.143	0.363
22.0/28	0.007/0.010	0.00065/0.00065	8317.15 secs	(43.22 secs)	0.300	0.141	0.358

22.0/28	0.008/0.010	0.00040/0.00065	8354.13 secs	(36.98 secs)	0.213	0.146	0.381
22.0/28	0.008/0.010	0.00041/0.00065	8392.08 secs	(37.94 secs)	0.208	0.144	0.376
22.0/28	0.008/0.010	0.00042/0.00065	8430.61 secs	(38.54 secs)	0.222	0.146	0.387
22.0/28	0.008/0.010	0.00043/0.00065	8469.71 secs	(39.09 secs)	0.216	0.142	0.375
22.0/28	0.008/0.010	0.00044/0.00065	8506.87 secs	(37.17 secs)	0.220	0.139	0.369
22.0/28	0.008/0.010	0.00045/0.00065	8545.25 secs	(38.37 secs)	0.225	0.139	0.370
22.0/28	0.008/0.010	0.00046/0.00065	8583.77 secs	(38.53 secs)	0.231	0.142	0.377
22.0/28	0.008/0.010	0.00047/0.00065	8623.01 secs	(39.24 secs)	0.235	0.141	0.376
22.0/28	0.008/0.010	0.00048/0.00065	8662.62 secs	(39.61 secs)	0.237	0.137	0.364
22.0/28	0.008/0.010	0.00049/0.00065	8702.59 secs	(39.96 secs)	0.247	0.145	0.379
22.0/28	0.008/0.010	0.00050/0.00065	8743.92 secs	(41.33 secs)	0.252	0.143	0.377
22.0/28	0.008/0.010	0.00051/0.00065	8784.28 secs	(40.37 secs)	0.251	0.141	0.369
22.0/28	0.008/0.010	0.00052/0.00065	8824.18 secs	(39.90 secs)	0.258	0.142	0.374
22.0/28	0.008/0.010	0.00053/0.00065	8864.33 secs	(40.15 secs)	0.262	0.140	0.368
22.0/28	0.008/0.010	0.00054/0.00065	8905.73 secs	(41.40 secs)	0.268	0.143	0.364
22.0/28	0.008/0.010	0.00055/0.00065	8947.59 secs	(41.86 secs)	0.269	0.139	0.360
22.0/28	0.008/0.010	0.00056/0.00065	8990.50 secs	(42.91 secs)	0.276	0.142	0.371
22.0/28	0.008/0.010	0.00057/0.00065	9032.35 secs	(41.85 secs)	0.279	0.143	0.368
22.0/28	0.008/0.010	0.00058/0.00065	9075.20 secs	(42.85 secs)	0.283	0.142	0.367
22.0/28	0.008/0.010	0.00059/0.00065	9116.98 secs	(41.78 secs)	0.282	0.142	0.367
22.0/28	0.008/0.010	0.00060/0.00065	9159.91 secs	(42.93 secs)	0.287	0.146	0.373
22.0/28	0.008/0.010	0.00061/0.00065	9202.36 secs	(42.45 secs)	0.293	0.139	0.365
22.0/28	0.008/0.010	0.00062/0.00065	9244.96 secs	(42.60 secs)	0.294	0.144	0.364
22.0/28	0.008/0.010	0.00063/0.00065	9288.60 secs	(43.63 secs)	0.303	0.146	0.368
22.0/28	0.008/0.010	0.00064/0.00065	9331.56 secs	(42.97 secs)	0.304	0.144	0.366
22.0/28	0.008/0.010	0.00065/0.00065	9375.84 secs	(44.28 secs)	0.305	0.141	0.361

22.0/28	0.009/0.010	0.00040/0.00065	9412.61 secs	(36.76 secs)	0.208	0.142	0.382
22.0/28	0.009/0.010	0.00041/0.00065	9450.22 secs	(37.61 secs)	0.212	0.143	0.372
22.0/28	0.009/0.010	0.00042/0.00065	9487.31 secs	(37.09 secs)	0.213	0.143	0.376
22.0/28	0.009/0.010	0.00043/0.00065	9525.46 secs	(38.15 secs)	0.221	0.140	0.379
22.0/28	0.009/0.010	0.00044/0.00065	9564.20 secs	(38.75 secs)	0.223	0.145	0.382
22.0/28	0.009/0.010	0.00045/0.00065	9603.18 secs	(38.98 secs)	0.232	0.143	0.379
22.0/28	0.009/0.010	0.00046/0.00065	9642.48 secs	(39.30 secs)	0.234	0.142	0.374
22.0/28	0.009/0.010	0.00047/0.00065	9681.42 secs	(38.94 secs)	0.238	0.143	0.376
22.0/28	0.009/0.010	0.00048/0.00065	9721.15 secs	(39.73 secs)	0.243	0.140	0.371
22.0/28	0.009/0.010	0.00049/0.00065	9760.40 secs	(39.25 secs)	0.246	0.144	0.379
22.0/28	0.009/0.010	0.00050/0.00065	9801.11 secs	(40.71 secs)	0.249	0.143	0.369
22.0/28	0.009/0.010	0.00051/0.00065	9841.52 secs	(40.41 secs)	0.255	0.138	0.372
22.0/28	0.009/0.010	0.00052/0.00065	9882.37 secs	(40.85 secs)	0.259	0.142	0.370
22.0/28	0.009/0.010	0.00053/0.00065	9925.22 secs	(42.85 secs)	0.266	0.142	0.364
22.0/28	0.009/0.010	0.00054/0.00065	9967.05 secs	(41.83 secs)	0.268	0.141	0.371
22.0/28	0.009/0.010	0.00055/0.00065	10009.91 secs	(42.87 secs)	0.267	0.139	0.361
22.0/28	0.009/0.010	0.00056/0.00065	10052.96 secs	(43.05 secs)	0.276	0.142	0.366
22.0/28	0.009/0.010	0.00057/0.00065	10094.94 secs	(41.98 secs)	0.280	0.145	0.373
22.0/28	0.009/0.010	0.00058/0.00065	10137.52 secs	(42.58 secs)	0.285	0.144	0.370
22.0/28	0.009/0.010	0.00059/0.00065	10179.73 secs	(42.22 secs)	0.287	0.143	0.373
22.0/28	0.009/0.010	0.00060/0.00065	10222.66 secs	(42.93 secs)	0.291	0.144	0.373
22.0/28	0.009/0.010	0.00061/0.00065	10265.42 secs	(42.76 secs)	0.296	0.141	0.371
22.0/28	0.009/0.010	0.00062/0.00065	10308.84 secs	(43.43 secs)	0.299	0.142	0.365
22.0/28	0.009/0.010	0.00063/0.00065	10351.77 secs	(42.93 secs)	0.295	0.143	0.364
22.0/28	0.009/0.010	0.00064/0.00065	10395.42 secs	(43.64 secs)	0.309	0.145	0.371
22.0/28	0.009/0.010	0.00065/0.00065	10438.46 secs	(43.04 secs)	0.305	0.142	0.364

22.0/28	0.010/0.010	0.00040/0.00065	10476.39 secs	(37.93 secs)	0.214	0.144	0.384
22.0/28	0.010/0.010	0.00041/0.00065	10514.21 secs	(37.82 secs)	0.217	0.144	0.381
22.0/28	0.010/0.010	0.00042/0.00065	10552.09 secs	(37.89 secs)	0.220	0.143	0.382
22.0/28	0.010/0.010	0.00043/0.00065	10590.48 secs	(38.38 secs)	0.223	0.142	0.376
22.0/28	0.010/0.010	0.00044/0.00065	10629.46 secs	(38.98 secs)	0.228	0.143	0.381
22.0/28	0.010/0.010	0.00045/0.00065	10668.99 secs	(39.52 secs)	0.231	0.142	0.374
22.0/28	0.010/0.010	0.00046/0.00065	10707.47 secs	(38.49 secs)	0.237	0.143	0.376
22.0/28	0.010/0.010	0.00047/0.00065	10747.51 secs	(40.04 secs)	0.241	0.140	0.367
22.0/28	0.010/0.010	0.00048/0.00065	10786.89 secs	(39.38 secs)	0.246	0.140	0.371
22.0/28	0.010/0.010	0.00049/0.00065	10827.09 secs	(40.20 secs)	0.245	0.143	0.371
22.0/28	0.010/0.010	0.00050/0.00065	10868.30 secs	(41.21 secs)	0.253	0.142	0.370
22.0/28	0.010/0.010	0.00051/0.00065	10908.73 secs	(40.44 secs)	0.255	0.139	0.369
22.0/28	0.010/0.010	0.00052/0.00065	10949.37 secs	(40.63 secs)	0.261	0.143	0.374
22.0/28	0.010/0.010	0.00053/0.00065	10990.69 secs	(41.33 secs)	0.267	0.143	0.373
22.0/28	0.010/0.010	0.00054/0.00065	11032.59 secs	(41.90 secs)	0.266	0.141	0.362
22.0/28	0.010/0.010	0.00055/0.00065	11073.90 secs	(41.31 secs)	0.272	0.146	0.374
22.0/28	0.010/0.010	0.00056/0.00065	11116.22 secs	(42.32 secs)	0.285	0.143	0.374
22.0/28	0.010/0.010	0.00057/0.00065	11159.06 secs	(42.85 secs)	0.278	0.138	0.362
22.0/28	0.010/0.010	0.00058/0.00065	11202.14 secs	(43.08 secs)	0.288	0.143	0.368
22.0/28	0.010/0.010	0.00059/0.00065	11244.53 secs	(42.39 secs)	0.289	0.140	0.366
22.0/28	0.010/0.010	0.00060/0.00065	11286.69 secs	(42.15 secs)	0.291	0.142	0.369
22.0/28	0.010/0.010	0.00061/0.00065	11329.90 secs	(43.22 secs)	0.299	0.144	0.367
22.0/28	0.010/0.010	0.00062/0.00065	11372.85 secs	(42.95 secs)	0.299	0.142	0.360
22.0/28	0.010/0.010	0.00063/0.00065	11415.99 secs	(43.14 secs)	0.304	0.138	0.359
22.0/28	0.010/0.010	0.00064/0.00065	11458.68 secs	(42.69 secs)	0.312	0.146	0.374
22.0/28	0.010/0.010	0.00065/0.00065	11502.83 secs	(44.15 secs)	0.307	0.141	0.363



23.0/28	0.000/0.010	0.00040/0.00065	11539.90 secs	(37.07 secs)	0.203	0.152	0.399
23.0/28	0.000/0.010	0.00041/0.00065	11576.63 secs	(36.73 secs)	0.203	0.150	0.392
23.0/28	0.000/0.010	0.00042/0.00065	11614.20 secs	(37.58 secs)	0.209	0.153	0.395
23.0/28	0.000/0.010	0.00043/0.00065	11651.07 secs	(36.86 secs)	0.209	0.150	0.392
23.0/28	0.000/0.010	0.00044/0.00065	11688.23 secs	(37.16 secs)	0.212	0.153	0.393
23.0/28	0.000/0.010	0.00045/0.00065	11726.24 secs	(38.02 secs)	0.222	0.146	0.389
23.0/28	0.000/0.010	0.00046/0.00065	11764.94 secs	(38.70 secs)	0.224	0.151	0.391
23.0/28	0.000/0.010	0.00047/0.00065	11803.55 secs	(38.61 secs)	0.225	0.145	0.382
23.0/28	0.000/0.010	0.00048/0.00065	11842.87 secs	(39.32 secs)	0.229	0.150	0.386
23.0/28	0.000/0.010	0.00049/0.00065	11881.69 secs	(38.83 secs)	0.228	0.146	0.382
23.0/28	0.000/0.010	0.00050/0.00065	11921.09 secs	(39.39 secs)	0.244	0.149	0.394
23.0/28	0.000/0.010	0.00051/0.00065	11960.50 secs	(39.42 secs)	0.240	0.149	0.387
23.0/28	0.000/0.010	0.00052/0.00065	12001.04 secs	(40.54 secs)	0.247	0.147	0.388
23.0/28	0.000/0.010	0.00053/0.00065	12040.70 secs	(39.66 secs)	0.253	0.148	0.383
23.0/28	0.000/0.010	0.00054/0.00065	12080.91 secs	(40.20 secs)	0.251	0.147	0.383
23.0/28	0.000/0.010	0.00055/0.00065	12121.43 secs	(40.53 secs)	0.254	0.149	0.383
23.0/28	0.000/0.010	0.00056/0.00065	12161.69 secs	(40.26 secs)	0.264	0.148	0.386
23.0/28	0.000/0.010	0.00057/0.00065	12203.70 secs	(42.01 secs)	0.272	0.148	0.386
23.0/28	0.000/0.010	0.00058/0.00065	12244.72 secs	(41.02 secs)	0.267	0.146	0.383
23.0/28	0.000/0.010	0.00059/0.00065	12286.39 secs	(41.67 secs)	0.274	0.146	0.382
23.0/28	0.000/0.010	0.00060/0.00065	12327.67 secs	(41.28 secs)	0.279	0.150	0.385
23.0/28	0.000/0.010	0.00061/0.00065	12370.32 secs	(42.65 secs)	0.282	0.149	0.384
23.0/28	0.000/0.010	0.00062/0.00065	12412.35 secs	(42.03 secs)	0.284	0.146	0.377
23.0/28	0.000/0.010	0.00063/0.00065	12454.94 secs	(42.59 secs)	0.286	0.147	0.380
23.0/28	0.000/0.010	0.00064/0.00065	12497.41 secs	(42.47 secs)	0.291	0.151	0.382
23.0/28	0.000/0.010	0.00065/0.00065	12539.81 secs	(42.40 secs)	0.297	0.148	0.383

23.0/28	0.001/0.010	0.00040/0.00065	12576.52 secs	(36.71 secs)	0.199	0.148	0.389
23.0/28	0.001/0.010	0.00041/0.00065	12613.52 secs	(37.00 secs)	0.206	0.148	0.392
23.0/28	0.001/0.010	0.00042/0.00065	12650.86 secs	(37.34 secs)	0.210	0.147	0.388
23.0/28	0.001/0.010	0.00043/0.00065	12688.19 secs	(37.33 secs)	0.212	0.149	0.395
23.0/28	0.001/0.010	0.00044/0.00065	12726.10 secs	(37.91 secs)	0.219	0.148	0.389
23.0/28	0.001/0.010	0.00045/0.00065	12764.59 secs	(38.49 secs)	0.219	0.150	0.387
23.0/28	0.001/0.010	0.00046/0.00065	12802.25 secs	(37.66 secs)	0.225	0.149	0.391
23.0/28	0.001/0.010	0.00047/0.00065	12840.30 secs	(38.05 secs)	0.223	0.145	0.379
23.0/28	0.001/0.010	0.00048/0.00065	12879.13 secs	(38.83 secs)	0.233	0.146	0.388
23.0/28	0.001/0.010	0.00049/0.00065	12918.64 secs	(39.51 secs)	0.236	0.148	0.383
23.0/28	0.001/0.010	0.00050/0.00065	12958.59 secs	(39.95 secs)	0.238	0.150	0.395
23.0/28	0.001/0.010	0.00051/0.00065	12998.20 secs	(39.62 secs)	0.245	0.147	0.381
23.0/28	0.001/0.010	0.00052/0.00065	13038.55 secs	(40.34 secs)	0.250	0.153	0.393
23.0/28	0.001/0.010	0.00053/0.00065	13078.59 secs	(40.05 secs)	0.253	0.148	0.387
23.0/28	0.001/0.010	0.00054/0.00065	13119.07 secs	(40.48 secs)	0.259	0.150	0.386
23.0/28	0.001/0.010	0.00055/0.00065	13159.30 secs	(40.23 secs)	0.259	0.151	0.385
23.0/28	0.001/0.010	0.00056/0.00065	13200.37 secs	(41.07 secs)	0.267	0.150	0.378
23.0/28	0.001/0.010	0.00057/0.00065	13241.47 secs	(41.11 secs)	0.265	0.151	0.390
23.0/28	0.001/0.010	0.00058/0.00065	13283.14 secs	(41.67 secs)	0.270	0.147	0.378
23.0/28	0.001/0.010	0.00059/0.00065	13324.51 secs	(41.37 secs)	0.277	0.149	0.382
23.0/28	0.001/0.010	0.00060/0.00065	13367.17 secs	(42.67 secs)	0.279	0.150	0.383
23.0/28	0.001/0.010	0.00061/0.00065	13410.73 secs	(43.55 secs)	0.282	0.149	0.379
23.0/28	0.001/0.010	0.00062/0.00065	13453.20 secs	(42.47 secs)	0.287	0.148	0.373
23.0/28	0.001/0.010	0.00063/0.00065	13496.45 secs	(43.25 secs)	0.288	0.146	0.377
23.0/28	0.001/0.010	0.00064/0.00065	13538.56 secs	(42.11 secs)	0.292	0.148	0.379
23.0/28	0.001/0.010	0.00065/0.00065	13581.36 secs	(42.81 secs)	0.298	0.149	0.380

23.0/28	0.002/0.010	0.00040/0.00065	13617.85 secs	(36.48 secs)	0.200	0.151	0.395
23.0/28	0.002/0.010	0.00041/0.00065	13653.55 secs	(35.70 secs)	0.203	0.147	0.391
23.0/28	0.002/0.010	0.00042/0.00065	13691.13 secs	(37.58 secs)	0.206	0.149	0.388
23.0/28	0.002/0.010	0.00043/0.00065	13729.57 secs	(38.44 secs)	0.214	0.147	0.388
23.0/28	0.002/0.010	0.00044/0.00065	13767.65 secs	(38.09 secs)	0.214	0.146	0.388
23.0/28	0.002/0.010	0.00045/0.00065	13804.94 secs	(37.29 secs)	0.217	0.145	0.387
23.0/28	0.002/0.010	0.00046/0.00065	13844.94 secs	(39.99 secs)	0.227	0.145	0.383
23.0/28	0.002/0.010	0.00047/0.00065	13884.15 secs	(39.21 secs)	0.229	0.144	0.379
23.0/28	0.002/0.010	0.00048/0.00065	13922.33 secs	(38.18 secs)	0.233	0.145	0.385
23.0/28	0.002/0.010	0.00049/0.00065	13961.61 secs	(39.29 secs)	0.240	0.148	0.384
23.0/28	0.002/0.010	0.00050/0.00065	14000.61 secs	(38.99 secs)	0.238	0.145	0.384
23.0/28	0.002/0.010	0.00051/0.00065	14039.58 secs	(38.97 secs)	0.244	0.149	0.390
23.0/28	0.002/0.010	0.00052/0.00065	14079.65 secs	(40.08 secs)	0.248	0.147	0.383
23.0/28	0.002/0.010	0.00053/0.00065	14119.98 secs	(40.32 secs)	0.251	0.149	0.385
23.0/28	0.002/0.010	0.00054/0.00065	14161.07 secs	(41.09 secs)	0.259	0.147	0.382
23.0/28	0.002/0.010	0.00055/0.00065	14201.24 secs	(40.17 secs)	0.260	0.147	0.379
23.0/28	0.002/0.010	0.00056/0.00065	14242.64 secs	(41.41 secs)	0.267	0.148	0.381
23.0/28	0.002/0.010	0.00057/0.00065	14283.41 secs	(40.77 secs)	0.266	0.146	0.375
23.0/28	0.002/0.010	0.00058/0.00065	14325.39 secs	(41.98 secs)	0.272	0.148	0.380
23.0/28	0.002/0.010	0.00059/0.00065	14367.26 secs	(41.87 secs)	0.274	0.149	0.386
23.0/28	0.002/0.010	0.00060/0.00065	14408.84 secs	(41.59 secs)	0.276	0.148	0.378
23.0/28	0.002/0.010	0.00061/0.00065	14450.65 secs	(41.81 secs)	0.287	0.148	0.386
23.0/28	0.002/0.010	0.00062/0.00065	14492.77 secs	(42.11 secs)	0.283	0.147	0.371
23.0/28	0.002/0.010	0.00063/0.00065	14534.56 secs	(41.80 secs)	0.288	0.147	0.379
23.0/28	0.002/0.010	0.00064/0.00065	14577.11 secs	(42.55 secs)	0.297	0.147	0.377
23.0/28	0.002/0.010	0.00065/0.00065	14621.38 secs	(44.26 secs)	0.303	0.148	0.382

23.0/28	0.003/0.010	0.00040/0.00065	14657.61 secs	(36.23 secs)	0.202	0.150	0.395
23.0/28	0.003/0.010	0.00041/0.00065	14695.51 secs	(37.90 secs)	0.209	0.152	0.391
23.0/28	0.003/0.010	0.00042/0.00065	14732.03 secs	(36.52 secs)	0.211	0.151	0.391
23.0/28	0.003/0.010	0.00043/0.00065	14769.89 secs	(37.87 secs)	0.216	0.148	0.388
23.0/28	0.003/0.010	0.00044/0.00065	14808.59 secs	(38.69 secs)	0.219	0.147	0.388
23.0/28	0.003/0.010	0.00045/0.00065	14847.01 secs	(38.43 secs)	0.224	0.146	0.388
23.0/28	0.003/0.010	0.00046/0.00065	14885.65 secs	(38.64 secs)	0.228	0.148	0.392
23.0/28	0.003/0.010	0.00047/0.00065	14924.30 secs	(38.65 secs)	0.235	0.151	0.389
23.0/28	0.003/0.010	0.00048/0.00065	14963.23 secs	(38.93 secs)	0.236	0.147	0.385
23.0/28	0.003/0.010	0.00049/0.00065	15003.23 secs	(40.01 secs)	0.241	0.151	0.394
23.0/28	0.003/0.010	0.00050/0.00065	15043.08 secs	(39.84 secs)	0.242	0.149	0.381
23.0/28	0.003/0.010	0.00051/0.00065	15083.33 secs	(40.25 secs)	0.252	0.151	0.387
23.0/28	0.003/0.010	0.00052/0.00065	15123.19 secs	(39.86 secs)	0.251	0.147	0.381
23.0/28	0.003/0.010	0.00053/0.00065	15163.76 secs	(40.58 secs)	0.253	0.145	0.380
23.0/28	0.003/0.010	0.00054/0.00065	15204.23 secs	(40.47 secs)	0.261	0.150	0.390
23.0/28	0.003/0.010	0.00055/0.00065	15243.85 secs	(39.62 secs)	0.259	0.147	0.382
23.0/28	0.003/0.010	0.00056/0.00065	15285.08 secs	(41.23 secs)	0.273	0.148	0.383
23.0/28	0.003/0.010	0.00057/0.00065	15326.41 secs	(41.33 secs)	0.266	0.147	0.377
23.0/28	0.003/0.010	0.00058/0.00065	15368.26 secs	(41.86 secs)	0.277	0.147	0.383
23.0/28	0.003/0.010	0.00059/0.00065	15409.99 secs	(41.73 secs)	0.281	0.151	0.390
23.0/28	0.003/0.010	0.00060/0.00065	15453.05 secs	(43.07 secs)	0.283	0.150	0.383
23.0/28	0.003/0.010	0.00061/0.00065	15494.81 secs	(41.76 secs)	0.287	0.147	0.375
23.0/28	0.003/0.010	0.00062/0.00065	15537.59 secs	(42.78 secs)	0.289	0.149	0.380
23.0/28	0.003/0.010	0.00063/0.00065	15580.13 secs	(42.54 secs)	0.302	0.153	0.386
23.0/28	0.003/0.010	0.00064/0.00065	15623.60 secs	(43.47 secs)	0.300	0.147	0.379
23.0/28	0.003/0.010	0.00065/0.00065	15668.03 secs	(44.43 secs)	0.305	0.148	0.381

23.0/28	0.004/0.010	0.00040/0.00065	15703.38 secs	(35.35 secs)	0.199	0.142	0.384
23.0/28	0.004/0.010	0.00041/0.00065	15741.42 secs	(38.04 secs)	0.209	0.147	0.391
23.0/28	0.004/0.010	0.00042/0.00065	15778.92 secs	(37.50 secs)	0.211	0.149	0.390
23.0/28	0.004/0.010	0.00043/0.00065	15815.72 secs	(36.80 secs)	0.216	0.149	0.390
23.0/28	0.004/0.010	0.00044/0.00065	15853.35 secs	(37.64 secs)	0.222	0.147	0.383
23.0/28	0.004/0.010	0.00045/0.00065	15891.42 secs	(38.06 secs)	0.225	0.151	0.390
23.0/28	0.004/0.010	0.00046/0.00065	15930.17 secs	(38.76 secs)	0.230	0.146	0.382
23.0/28	0.004/0.010	0.00047/0.00065	15968.96 secs	(38.79 secs)	0.234	0.145	0.386
23.0/28	0.004/0.010	0.00048/0.00065	16008.40 secs	(39.44 secs)	0.239	0.152	0.392
23.0/28	0.004/0.010	0.00049/0.00065	16047.77 secs	(39.37 secs)	0.240	0.149	0.389
23.0/28	0.004/0.010	0.00050/0.00065	16087.38 secs	(39.61 secs)	0.251	0.147	0.385
23.0/28	0.004/0.010	0.00051/0.00065	16127.58 secs	(40.20 secs)	0.249	0.145	0.386
23.0/28	0.004/0.010	0.00052/0.00065	16168.06 secs	(40.48 secs)	0.255	0.148	0.384
23.0/28	0.004/0.010	0.00053/0.00065	16208.11 secs	(40.05 secs)	0.255	0.148	0.382
23.0/28	0.004/0.010	0.00054/0.00065	16248.97 secs	(40.86 secs)	0.263	0.151	0.389
23.0/28	0.004/0.010	0.00055/0.00065	16289.44 secs	(40.46 secs)	0.266	0.150	0.382
23.0/28	0.004/0.010	0.00056/0.00065	16330.81 secs	(41.38 secs)	0.273	0.149	0.384
23.0/28	0.004/0.010	0.00057/0.00065	16372.08 secs	(41.27 secs)	0.270	0.147	0.373
23.0/28	0.004/0.010	0.00058/0.00065	16414.07 secs	(41.99 secs)	0.278	0.151	0.383
23.0/28	0.004/0.010	0.00059/0.00065	16456.31 secs	(42.24 secs)	0.285	0.152	0.385
23.0/28	0.004/0.010	0.00060/0.00065	16498.82 secs	(42.51 secs)	0.280	0.146	0.376
23.0/28	0.004/0.010	0.00061/0.00065	16540.96 secs	(42.14 secs)	0.287	0.150	0.385
23.0/28	0.004/0.010	0.00062/0.00065	16583.60 secs	(42.64 secs)	0.298	0.150	0.390
23.0/28	0.004/0.010	0.00063/0.00065	16626.09 secs	(42.48 secs)	0.296	0.149	0.380
23.0/28	0.004/0.010	0.00064/0.00065	16668.28 secs	(42.20 secs)	0.300	0.145	0.372
23.0/28	0.004/0.010	0.00065/0.00065	16711.59 secs	(43.31 secs)	0.306	0.151	0.379

23.0/28	0.005/0.010	0.00040/0.00065	16749.55 secs	(37.96 secs)	0.210	0.151	0.399
23.0/28	0.005/0.010	0.00041/0.00065	16787.44 secs	(37.89 secs)	0.211	0.146	0.388
23.0/28	0.005/0.010	0.00042/0.00065	16825.30 secs	(37.86 secs)	0.212	0.147	0.389
23.0/28	0.005/0.010	0.00043/0.00065	16862.80 secs	(37.50 secs)	0.214	0.145	0.379
23.0/28	0.005/0.010	0.00044/0.00065	16900.40 secs	(37.60 secs)	0.224	0.145	0.389
23.0/28	0.005/0.010	0.00045/0.00065	16939.11 secs	(38.71 secs)	0.226	0.146	0.385
23.0/28	0.005/0.010	0.00046/0.00065	16977.47 secs	(38.36 secs)	0.230	0.149	0.389
23.0/28	0.005/0.010	0.00047/0.00065	17016.00 secs	(38.53 secs)	0.232	0.148	0.385
23.0/28	0.005/0.010	0.00048/0.00065	17054.54 secs	(38.55 secs)	0.241	0.144	0.382
23.0/28	0.005/0.010	0.00049/0.00065	17094.28 secs	(39.73 secs)	0.245	0.147	0.386
23.0/28	0.005/0.010	0.00050/0.00065	17134.07 secs	(39.79 secs)	0.250	0.147	0.384
23.0/28	0.005/0.010	0.00051/0.00065	17174.32 secs	(40.25 secs)	0.248	0.146	0.381
23.0/28	0.005/0.010	0.00052/0.00065	17214.58 secs	(40.26 secs)	0.255	0.147	0.384
23.0/28	0.005/0.010	0.00053/0.00065	17258.09 secs	(43.51 secs)	0.265	0.151	0.386
23.0/28	0.005/0.010	0.00054/0.00065	17300.45 secs	(42.36 secs)	0.267	0.152	0.392
23.0/28	0.005/0.010	0.00055/0.00065	17343.05 secs	(42.60 secs)	0.267	0.144	0.375
23.0/28	0.005/0.010	0.00056/0.00065	17386.61 secs	(43.56 secs)	0.271	0.151	0.386
23.0/28	0.005/0.010	0.00057/0.00065	17428.80 secs	(42.20 secs)	0.278	0.150	0.380
23.0/28	0.005/0.010	0.00058/0.00065	17472.31 secs	(43.50 secs)	0.279	0.149	0.380
23.0/28	0.005/0.010	0.00059/0.00065	17515.75 secs	(43.44 secs)	0.278	0.148	0.373
23.0/28	0.005/0.010	0.00060/0.00065	17559.19 secs	(43.44 secs)	0.289	0.148	0.379
23.0/28	0.005/0.010	0.00061/0.00065	17603.29 secs	(44.10 secs)	0.287	0.146	0.376
23.0/28	0.005/0.010	0.00062/0.00065	17647.68 secs	(44.39 secs)	0.297	0.150	0.379
23.0/28	0.005/0.010	0.00063/0.00065	17691.86 secs	(44.17 secs)	0.296	0.147	0.377
23.0/28	0.005/0.010	0.00064/0.00065	17735.85 secs	(43.99 secs)	0.296	0.147	0.372
23.0/28	0.005/0.010	0.00065/0.00065	17781.45 secs	(45.60 secs)	0.301	0.144	0.370

23.0/28	0.006/0.010	0.00040/0.00065	17819.73 secs	(38.28 secs)	0.207	0.151	0.393
23.0/28	0.006/0.010	0.00041/0.00065	17859.32 secs	(39.59 secs)	0.210	0.145	0.382
23.0/28	0.006/0.010	0.00042/0.00065	17898.04 secs	(38.72 secs)	0.217	0.147	0.391
23.0/28	0.006/0.010	0.00043/0.00065	17937.91 secs	(39.87 secs)	0.222	0.147	0.391
23.0/28	0.006/0.010	0.00044/0.00065	17977.72 secs	(39.81 secs)	0.222	0.145	0.383
23.0/28	0.006/0.010	0.00045/0.00065	18017.62 secs	(39.90 secs)	0.229	0.151	0.389
23.0/28	0.006/0.010	0.00046/0.00065	18057.42 secs	(39.80 secs)	0.229	0.148	0.382
23.0/28	0.006/0.010	0.00047/0.00065	18097.59 secs	(40.17 secs)	0.235	0.147	0.385
23.0/28	0.006/0.010	0.00048/0.00065	18138.18 secs	(40.59 secs)	0.239	0.146	0.375
23.0/28	0.006/0.010	0.00049/0.00065	18178.84 secs	(40.66 secs)	0.247	0.147	0.383
23.0/28	0.006/0.010	0.00050/0.00065	18218.84 secs	(40.00 secs)	0.252	0.150	0.388
23.0/28	0.006/0.010	0.00051/0.00065	18258.56 secs	(39.72 secs)	0.253	0.148	0.388
23.0/28	0.006/0.010	0.00052/0.00065	18298.62 secs	(40.06 secs)	0.256	0.153	0.389
23.0/28	0.006/0.010	0.00053/0.00065	18339.68 secs	(41.06 secs)	0.262	0.148	0.382
23.0/28	0.006/0.010	0.00054/0.00065	18380.86 secs	(41.19 secs)	0.268	0.152	0.389
23.0/28	0.006/0.010	0.00055/0.00065	18422.35 secs	(41.48 secs)	0.266	0.146	0.378
23.0/28	0.006/0.010	0.00056/0.00065	18463.50 secs	(41.16 secs)	0.275	0.146	0.379
23.0/28	0.006/0.010	0.00057/0.00065	18505.62 secs	(42.12 secs)	0.280	0.151	0.385
23.0/28	0.006/0.010	0.00058/0.00065	18546.94 secs	(41.32 secs)	0.275	0.147	0.382
23.0/28	0.006/0.010	0.00059/0.00065	18589.73 secs	(42.80 secs)	0.292	0.152	0.387
23.0/28	0.006/0.010	0.00060/0.00065	18631.25 secs	(41.51 secs)	0.288	0.149	0.381
23.0/28	0.006/0.010	0.00061/0.00065	18674.57 secs	(43.32 secs)	0.300	0.150	0.383
23.0/28	0.006/0.010	0.00062/0.00065	18718.42 secs	(43.86 secs)	0.297	0.149	0.378
23.0/28	0.006/0.010	0.00063/0.00065	18761.55 secs	(43.13 secs)	0.299	0.147	0.375
23.0/28	0.006/0.010	0.00064/0.00065	18803.90 secs	(42.35 secs)	0.304	0.148	0.378
23.0/28	0.006/0.010	0.00065/0.00065	18848.65 secs	(44.75 secs)	0.307	0.149	0.377

23.0/28	0.007/0.010	0.00040/0.00065	18886.32 secs	(37.67 secs)	0.213	0.147	0.389
23.0/28	0.007/0.010	0.00041/0.00065	18923.98 secs	(37.66 secs)	0.213	0.151	0.390
23.0/28	0.007/0.010	0.00042/0.00065	18962.16 secs	(38.19 secs)	0.217	0.148	0.386
23.0/28	0.007/0.010	0.00043/0.00065	19000.61 secs	(38.45 secs)	0.227	0.151	0.388
23.0/28	0.007/0.010	0.00044/0.00065	19039.63 secs	(39.02 secs)	0.229	0.149	0.391
23.0/28	0.007/0.010	0.00045/0.00065	19078.16 secs	(38.54 secs)	0.235	0.149	0.394
23.0/28	0.007/0.010	0.00046/0.00065	19117.73 secs	(39.56 secs)	0.235	0.148	0.386
23.0/28	0.007/0.010	0.00047/0.00065	19157.24 secs	(39.52 secs)	0.244	0.147	0.386
23.0/28	0.007/0.010	0.00048/0.00065	19196.78 secs	(39.54 secs)	0.247	0.146	0.386
23.0/28	0.007/0.010	0.00049/0.00065	19237.31 secs	(40.52 secs)	0.248	0.146	0.382
23.0/28	0.007/0.010	0.00050/0.00065	19277.00 secs	(39.69 secs)	0.250	0.147	0.385
23.0/28	0.007/0.010	0.00051/0.00065	19318.15 secs	(41.15 secs)	0.258	0.154	0.389
23.0/28	0.007/0.010	0.00052/0.00065	19358.47 secs	(40.32 secs)	0.257	0.147	0.382
23.0/28	0.007/0.010	0.00053/0.00065	19399.06 secs	(40.58 secs)	0.259	0.146	0.377
23.0/28	0.007/0.010	0.00054/0.00065	19440.30 secs	(41.25 secs)	0.264	0.147	0.378
23.0/28	0.007/0.010	0.00055/0.00065	19481.04 secs	(40.73 secs)	0.275	0.151	0.389
23.0/28	0.007/0.010	0.00056/0.00065	19522.84 secs	(41.81 secs)	0.279	0.151	0.382
23.0/28	0.007/0.010	0.00057/0.00065	19565.87 secs	(43.03 secs)	0.283	0.146	0.377
23.0/28	0.007/0.010	0.00058/0.00065	19608.04 secs	(42.17 secs)	0.286	0.149	0.383
23.0/28	0.007/0.010	0.00059/0.00065	19650.96 secs	(42.92 secs)	0.291	0.150	0.383
23.0/28	0.007/0.010	0.00060/0.00065	19694.34 secs	(43.38 secs)	0.286	0.149	0.376
23.0/28	0.007/0.010	0.00061/0.00065	19737.41 secs	(43.07 secs)	0.297	0.146	0.371
23.0/28	0.007/0.010	0.00062/0.00065	19780.26 secs	(42.85 secs)	0.297	0.146	0.372
23.0/28	0.007/0.010	0.00063/0.00065	19823.22 secs	(42.96 secs)	0.299	0.147	0.372
23.0/28	0.007/0.010	0.00064/0.00065	19866.07 secs	(42.85 secs)	0.304	0.148	0.376
23.0/28	0.007/0.010	0.00065/0.00065	19909.54 secs	(43.47 secs)	0.310	0.147	0.371

23.0/28	0.008/0.010	0.00040/0.00065	19947.65 secs	(38.11 secs)	0.208	0.150	0.393
23.0/28	0.008/0.010	0.00041/0.00065	19984.95 secs	(37.30 secs)	0.214	0.147	0.391
23.0/28	0.008/0.010	0.00042/0.00065	20022.03 secs	(37.08 secs)	0.215	0.146	0.385
23.0/28	0.008/0.010	0.00043/0.00065	20060.05 secs	(38.02 secs)	0.221	0.148	0.380
23.0/28	0.008/0.010	0.00044/0.00065	20097.87 secs	(37.82 secs)	0.229	0.147	0.387
23.0/28	0.008/0.010	0.00045/0.00065	20135.75 secs	(37.88 secs)	0.229	0.144	0.377
23.0/28	0.008/0.010	0.00046/0.00065	20175.93 secs	(40.18 secs)	0.235	0.146	0.380
23.0/28	0.008/0.010	0.00047/0.00065	20214.65 secs	(38.72 secs)	0.241	0.150	0.389
23.0/28	0.008/0.010	0.00048/0.00065	20253.94 secs	(39.30 secs)	0.241	0.149	0.383
23.0/28	0.008/0.010	0.00049/0.00065	20293.40 secs	(39.46 secs)	0.255	0.150	0.394
23.0/28	0.008/0.010	0.00050/0.00065	20332.99 secs	(39.59 secs)	0.257	0.151	0.391
23.0/28	0.008/0.010	0.00051/0.00065	20374.36 secs	(41.37 secs)	0.259	0.148	0.384
23.0/28	0.008/0.010	0.00052/0.00065	20414.29 secs	(39.94 secs)	0.261	0.147	0.384
23.0/28	0.008/0.010	0.00053/0.00065	20454.58 secs	(40.28 secs)	0.265	0.145	0.382
23.0/28	0.008/0.010	0.00054/0.00065	20495.37 secs	(40.79 secs)	0.266	0.148	0.380
23.0/28	0.008/0.010	0.00055/0.00065	20536.51 secs	(41.14 secs)	0.271	0.147	0.380
23.0/28	0.008/0.010	0.00056/0.00065	20578.85 secs	(42.34 secs)	0.284	0.154	0.388
23.0/28	0.008/0.010	0.00057/0.00065	20620.28 secs	(41.43 secs)	0.287	0.148	0.380
23.0/28	0.008/0.010	0.00058/0.00065	20663.54 secs	(43.27 secs)	0.285	0.148	0.379
23.0/28	0.008/0.010	0.00059/0.00065	20706.91 secs	(43.37 secs)	0.299	0.154	0.383
23.0/28	0.008/0.010	0.00060/0.00065	20748.82 secs	(41.91 secs)	0.295	0.149	0.380
23.0/28	0.008/0.010	0.00061/0.00065	20791.65 secs	(42.83 secs)	0.298	0.149	0.379
23.0/28	0.008/0.010	0.00062/0.00065	20834.18 secs	(42.53 secs)	0.303	0.146	0.377
23.0/28	0.008/0.010	0.00063/0.00065	20877.17 secs	(42.99 secs)	0.308	0.150	0.378
23.0/28	0.008/0.010	0.00064/0.00065	20920.46 secs	(43.30 secs)	0.304	0.149	0.382
23.0/28	0.008/0.010	0.00065/0.00065	20962.58 secs	(42.11 secs)	0.308	0.148	0.378

23.0/28	0.009/0.010	0.00040/0.00065	20999.99 secs	(37.42 secs)	0.217	0.147	0.390
23.0/28	0.009/0.010	0.00041/0.00065	21038.15 secs	(38.16 secs)	0.214	0.143	0.382
23.0/28	0.009/0.010	0.00042/0.00065	21077.22 secs	(39.07 secs)	0.221	0.147	0.384
23.0/28	0.009/0.010	0.00043/0.00065	21115.14 secs	(37.92 secs)	0.226	0.147	0.396
23.0/28	0.009/0.010	0.00044/0.00065	21153.63 secs	(38.49 secs)	0.229	0.147	0.386
23.0/28	0.009/0.010	0.00045/0.00065	21192.43 secs	(38.80 secs)	0.232	0.145	0.384
23.0/28	0.009/0.010	0.00046/0.00065	21231.55 secs	(39.12 secs)	0.238	0.150	0.385
23.0/28	0.009/0.010	0.00047/0.00065	21270.18 secs	(38.64 secs)	0.243	0.150	0.386
23.0/28	0.009/0.010	0.00048/0.00065	21310.15 secs	(39.97 secs)	0.243	0.146	0.375
23.0/28	0.009/0.010	0.00049/0.00065	21350.06 secs	(39.91 secs)	0.251	0.152	0.387
23.0/28	0.009/0.010	0.00050/0.00065	21390.01 secs	(39.95 secs)	0.259	0.148	0.382
23.0/28	0.009/0.010	0.00051/0.00065	21431.31 secs	(41.30 secs)	0.260	0.151	0.386
23.0/28	0.009/0.010	0.00052/0.00065	21472.51 secs	(41.20 secs)	0.261	0.143	0.376
23.0/28	0.009/0.010	0.00053/0.00065	21513.30 secs	(40.79 secs)	0.270	0.146	0.378
23.0/28	0.009/0.010	0.00054/0.00065	21554.21 secs	(40.91 secs)	0.273	0.149	0.387
23.0/28	0.009/0.010	0.00055/0.00065	21596.04 secs	(41.83 secs)	0.274	0.150	0.387
23.0/28	0.009/0.010	0.00056/0.00065	21638.01 secs	(41.97 secs)	0.278	0.146	0.382
23.0/28	0.009/0.010	0.00057/0.00065	21679.92 secs	(41.91 secs)	0.280	0.145	0.371
23.0/28	0.009/0.010	0.00058/0.00065	21721.72 secs	(41.80 secs)	0.288	0.150	0.384
23.0/28	0.009/0.010	0.00059/0.00065	21763.80 secs	(42.08 secs)	0.289	0.148	0.377
23.0/28	0.009/0.010	0.00060/0.00065	21807.40 secs	(43.60 secs)	0.293	0.146	0.375
23.0/28	0.009/0.010	0.00061/0.00065	21850.09 secs	(42.69 secs)	0.298	0.145	0.372
23.0/28	0.009/0.010	0.00062/0.00065	21894.27 secs	(44.18 secs)	0.303	0.145	0.368
23.0/28	0.009/0.010	0.00063/0.00065	21938.22 secs	(43.94 secs)	0.304	0.147	0.375
23.0/28	0.009/0.010	0.00064/0.00065	21981.90 secs	(43.68 secs)	0.315	0.149	0.376
23.0/28	0.009/0.010	0.00065/0.00065	22026.41 secs	(44.51 secs)	0.313	0.145	0.371

23.0/28	0.010/0.010	0.00040/0.00065	22064.89 secs	(38.48 secs)	0.219	0.149	0.397
23.0/28	0.010/0.010	0.00041/0.00065	22103.35 secs	(38.45 secs)	0.219	0.149	0.396
23.0/28	0.010/0.010	0.00042/0.00065	22141.75 secs	(38.40 secs)	0.217	0.141	0.377
23.0/28	0.010/0.010	0.00043/0.00065	22179.58 secs	(37.83 secs)	0.225	0.150	0.386
23.0/28	0.010/0.010	0.00044/0.00065	22218.67 secs	(39.09 secs)	0.232	0.151	0.385
23.0/28	0.010/0.010	0.00045/0.00065	22258.15 secs	(39.47 secs)	0.234	0.143	0.379
23.0/28	0.010/0.010	0.00046/0.00065	22298.20 secs	(40.05 secs)	0.241	0.153	0.393
23.0/28	0.010/0.010	0.00047/0.00065	22337.77 secs	(39.57 secs)	0.244	0.151	0.392
23.0/28	0.010/0.010	0.00048/0.00065	22377.57 secs	(39.81 secs)	0.247	0.148	0.387
23.0/28	0.010/0.010	0.00049/0.00065	22419.07 secs	(41.50 secs)	0.256	0.150	0.387
23.0/28	0.010/0.010	0.00050/0.00065	22460.18 secs	(41.11 secs)	0.258	0.149	0.385
23.0/28	0.010/0.010	0.00051/0.00065	22500.84 secs	(40.66 secs)	0.255	0.150	0.381
23.0/28	0.010/0.010	0.00052/0.00065	22541.28 secs	(40.44 secs)	0.260	0.148	0.378
23.0/28	0.010/0.010	0.00053/0.00065	22581.84 secs	(40.56 secs)	0.270	0.148	0.382
23.0/28	0.010/0.010	0.00054/0.00065	22624.48 secs	(42.64 secs)	0.276	0.147	0.383
23.0/28	0.010/0.010	0.00055/0.00065	22666.15 secs	(41.67 secs)	0.279	0.146	0.375
23.0/28	0.010/0.010	0.00056/0.00065	22708.02 secs	(41.86 secs)	0.285	0.150	0.386
23.0/28	0.010/0.010	0.00057/0.00065	22751.55 secs	(43.53 secs)	0.282	0.152	0.381
23.0/28	0.010/0.010	0.00058/0.00065	22794.26 secs	(42.71 secs)	0.297	0.151	0.390
23.0/28	0.010/0.010	0.00059/0.00065	22836.59 secs	(42.33 secs)	0.295	0.149	0.381
23.0/28	0.010/0.010	0.00060/0.00065	22879.59 secs	(43.00 secs)	0.295	0.149	0.374
23.0/28	0.010/0.010	0.00061/0.00065	22922.70 secs	(43.12 secs)	0.300	0.149	0.380
23.0/28	0.010/0.010	0.00062/0.00065	22965.73 secs	(43.03 secs)	0.311	0.149	0.383
23.0/28	0.010/0.010	0.00063/0.00065	23009.93 secs	(44.20 secs)	0.309	0.152	0.379
23.0/28	0.010/0.010	0.00064/0.00065	23053.81 secs	(43.88 secs)	0.315	0.150	0.378
23.0/28	0.010/0.010	0.00065/0.00065	23098.59 secs	(44.78 secs)	0.316	0.148	0.372



24.0/28	0.000/0.010	0.00040/0.00065	23135.78 secs	(37.19 secs)	0.197	0.153	0.400
24.0/28	0.000/0.010	0.00041/0.00065	23173.43 secs	(37.65 secs)	0.208	0.155	0.403
24.0/28	0.000/0.010	0.00042/0.00065	23211.59 secs	(38.16 secs)	0.210	0.152	0.402
24.0/28	0.000/0.010	0.00043/0.00065	23250.06 secs	(38.47 secs)	0.215	0.155	0.406
24.0/28	0.000/0.010	0.00044/0.00065	23287.46 secs	(37.40 secs)	0.217	0.155	0.403
24.0/28	0.000/0.010	0.00045/0.00065	23325.38 secs	(37.93 secs)	0.224	0.153	0.394
24.0/28	0.000/0.010	0.00046/0.00065	23364.10 secs	(38.71 secs)	0.224	0.155	0.397
24.0/28	0.000/0.010	0.00047/0.00065	23402.41 secs	(38.32 secs)	0.229	0.150	0.396
24.0/28	0.000/0.010	0.00048/0.00065	23441.89 secs	(39.48 secs)	0.227	0.153	0.393
24.0/28	0.000/0.010	0.00049/0.00065	23480.50 secs	(38.60 secs)	0.235	0.152	0.391
24.0/28	0.000/0.010	0.00050/0.00065	23520.44 secs	(39.94 secs)	0.248	0.159	0.409
24.0/28	0.000/0.010	0.00051/0.00065	23559.87 secs	(39.43 secs)	0.246	0.153	0.396
24.0/28	0.000/0.010	0.00052/0.00065	23599.58 secs	(39.72 secs)	0.256	0.157	0.399
24.0/28	0.000/0.010	0.00053/0.00065	23639.87 secs	(40.29 secs)	0.262	0.156	0.402
24.0/28	0.000/0.010	0.00054/0.00065	23681.15 secs	(41.28 secs)	0.258	0.154	0.391
24.0/28	0.000/0.010	0.00055/0.00065	23722.29 secs	(41.14 secs)	0.264	0.157	0.400
24.0/28	0.000/0.010	0.00056/0.00065	23763.12 secs	(40.83 secs)	0.265	0.154	0.390
24.0/28	0.000/0.010	0.00057/0.00065	23803.15 secs	(40.03 secs)	0.268	0.152	0.392
24.0/28	0.000/0.010	0.00058/0.00065	23844.91 secs	(41.76 secs)	0.276	0.154	0.396
24.0/28	0.000/0.010	0.00059/0.00065	23886.25 secs	(41.34 secs)	0.276	0.154	0.393
24.0/28	0.000/0.010	0.00060/0.00065	23928.51 secs	(42.26 secs)	0.280	0.152	0.389
24.0/28	0.000/0.010	0.00061/0.00065	23971.59 secs	(43.07 secs)	0.283	0.154	0.393
24.0/28	0.000/0.010	0.00062/0.00065	24014.63 secs	(43.04 secs)	0.291	0.155	0.394
24.0/28	0.000/0.010	0.00063/0.00065	24057.33 secs	(42.70 secs)	0.288	0.153	0.392
24.0/28	0.000/0.010	0.00064/0.00065	24099.66 secs	(42.33 secs)	0.295	0.154	0.392
24.0/28	0.000/0.010	0.00065/0.00065	24143.12 secs	(43.46 secs)	0.298	0.151	0.387

24.0/28	0.001/0.010	0.00040/0.00065	24181.02 secs	(37.90 secs)	0.203	0.151	0.399
24.0/28	0.001/0.010	0.00041/0.00065	24217.90 secs	(36.88 secs)	0.207	0.152	0.398
24.0/28	0.001/0.010	0.00042/0.00065	24255.05 secs	(37.15 secs)	0.209	0.151	0.392
24.0/28	0.001/0.010	0.00043/0.00065	24292.07 secs	(37.02 secs)	0.217	0.155	0.410
24.0/28	0.001/0.010	0.00044/0.00065	24330.15 secs	(38.08 secs)	0.222	0.156	0.404
24.0/28	0.001/0.010	0.00045/0.00065	24369.23 secs	(39.08 secs)	0.224	0.152	0.395
24.0/28	0.001/0.010	0.00046/0.00065	24407.76 secs	(38.53 secs)	0.226	0.155	0.396
24.0/28	0.001/0.010	0.00047/0.00065	24446.72 secs	(38.96 secs)	0.231	0.152	0.390
24.0/28	0.001/0.010	0.00048/0.00065	24485.52 secs	(38.80 secs)	0.234	0.154	0.399
24.0/28	0.001/0.010	0.00049/0.00065	24523.94 secs	(38.42 secs)	0.235	0.150	0.385
24.0/28	0.001/0.010	0.00050/0.00065	24563.91 secs	(39.97 secs)	0.235	0.153	0.401
24.0/28	0.001/0.010	0.00051/0.00065	24603.38 secs	(39.47 secs)	0.244	0.151	0.389
24.0/28	0.001/0.010	0.00052/0.00065	24643.04 secs	(39.66 secs)	0.255	0.153	0.402
24.0/28	0.001/0.010	0.00053/0.00065	24683.74 secs	(40.70 secs)	0.259	0.154	0.400
24.0/28	0.001/0.010	0.00054/0.00065	24724.60 secs	(40.86 secs)	0.259	0.154	0.390
24.0/28	0.001/0.010	0.00055/0.00065	24766.48 secs	(41.88 secs)	0.271	0.157	0.402
24.0/28	0.001/0.010	0.00056/0.00065	24808.20 secs	(41.73 secs)	0.265	0.155	0.393
24.0/28	0.001/0.010	0.00057/0.00065	24849.28 secs	(41.07 secs)	0.276	0.152	0.387
24.0/28	0.001/0.010	0.00058/0.00065	24890.36 secs	(41.09 secs)	0.278	0.155	0.393
24.0/28	0.001/0.010	0.00059/0.00065	24932.27 secs	(41.91 secs)	0.283	0.159	0.403
24.0/28	0.001/0.010	0.00060/0.00065	24974.10 secs	(41.83 secs)	0.285	0.152	0.384
24.0/28	0.001/0.010	0.00061/0.00065	25015.50 secs	(41.40 secs)	0.284	0.154	0.393
24.0/28	0.001/0.010	0.00062/0.00065	25057.68 secs	(42.19 secs)	0.290	0.152	0.391
24.0/28	0.001/0.010	0.00063/0.00065	25099.78 secs	(42.09 secs)	0.295	0.156	0.397
24.0/28	0.001/0.010	0.00064/0.00065	25143.20 secs	(43.43 secs)	0.300	0.154	0.390
24.0/28	0.001/0.010	0.00065/0.00065	25186.66 secs	(43.45 secs)	0.298	0.156	0.390

24.0/28	0.002/0.010	0.00040/0.00065	25223.39 secs	(36.74 secs)	0.203	0.153	0.399
24.0/28	0.002/0.010	0.00041/0.00065	25261.21 secs	(37.82 secs)	0.210	0.154	0.406
24.0/28	0.002/0.010	0.00042/0.00065	25299.48 secs	(38.26 secs)	0.206	0.154	0.401
24.0/28	0.002/0.010	0.00043/0.00065	25337.86 secs	(38.38 secs)	0.219	0.153	0.401
24.0/28	0.002/0.010	0.00044/0.00065	25375.98 secs	(38.12 secs)	0.227	0.158	0.408
24.0/28	0.002/0.010	0.00045/0.00065	25414.98 secs	(39.00 secs)	0.230	0.156	0.398
24.0/28	0.002/0.010	0.00046/0.00065	25454.27 secs	(39.28 secs)	0.225	0.152	0.406
24.0/28	0.002/0.010	0.00047/0.00065	25492.58 secs	(38.31 secs)	0.232	0.152	0.394
24.0/28	0.002/0.010	0.00048/0.00065	25532.22 secs	(39.64 secs)	0.237	0.155	0.400
24.0/28	0.002/0.010	0.00049/0.00065	25571.90 secs	(39.68 secs)	0.240	0.152	0.397
24.0/28	0.002/0.010	0.00050/0.00065	25611.78 secs	(39.89 secs)	0.254	0.160	0.405
24.0/28	0.002/0.010	0.00051/0.00065	25652.16 secs	(40.38 secs)	0.253	0.156	0.402
24.0/28	0.002/0.010	0.00052/0.00065	25692.65 secs	(40.49 secs)	0.257	0.156	0.398
24.0/28	0.002/0.010	0.00053/0.00065	25734.08 secs	(41.43 secs)	0.257	0.156	0.396
24.0/28	0.002/0.010	0.00054/0.00065	25775.23 secs	(41.15 secs)	0.260	0.155	0.394
24.0/28	0.002/0.010	0.00055/0.00065	25816.79 secs	(41.56 secs)	0.265	0.153	0.396
24.0/28	0.002/0.010	0.00056/0.00065	25858.48 secs	(41.69 secs)	0.267	0.151	0.388
24.0/28	0.002/0.010	0.00057/0.00065	25898.87 secs	(40.39 secs)	0.270	0.154	0.395
24.0/28	0.002/0.010	0.00058/0.00065	25940.34 secs	(41.47 secs)	0.278	0.158	0.394
24.0/28	0.002/0.010	0.00059/0.00065	25982.53 secs	(42.19 secs)	0.276	0.154	0.386
24.0/28	0.002/0.010	0.00060/0.00065	26025.21 secs	(42.68 secs)	0.283	0.153	0.390
24.0/28	0.002/0.010	0.00061/0.00065	26069.23 secs	(44.03 secs)	0.290	0.153	0.389
24.0/28	0.002/0.010	0.00062/0.00065	26113.41 secs	(44.18 secs)	0.296	0.154	0.390
24.0/28	0.002/0.010	0.00063/0.00065	26156.54 secs	(43.13 secs)	0.293	0.155	0.394
24.0/28	0.002/0.010	0.00064/0.00065	26200.32 secs	(43.78 secs)	0.300	0.154	0.394
24.0/28	0.002/0.010	0.00065/0.00065	26243.75 secs	(43.43 secs)	0.309	0.155	0.389

24.0/28	0.003/0.010	0.00040/0.00065	26281.24 secs	(37.49 secs)	0.204	0.153	0.404
24.0/28	0.003/0.010	0.00041/0.00065	26319.14 secs	(37.91 secs)	0.208	0.151	0.393
24.0/28	0.003/0.010	0.00042/0.00065	26356.09 secs	(36.95 secs)	0.213	0.152	0.400
24.0/28	0.003/0.010	0.00043/0.00065	26392.90 secs	(36.81 secs)	0.217	0.153	0.398
24.0/28	0.003/0.010	0.00044/0.00065	26431.10 secs	(38.20 secs)	0.222	0.156	0.405
24.0/28	0.003/0.010	0.00045/0.00065	26468.60 secs	(37.50 secs)	0.222	0.155	0.404
24.0/28	0.003/0.010	0.00046/0.00065	26506.43 secs	(37.83 secs)	0.224	0.154	0.400
24.0/28	0.003/0.010	0.00047/0.00065	26545.59 secs	(39.17 secs)	0.236	0.152	0.394
24.0/28	0.003/0.010	0.00048/0.00065	26584.31 secs	(38.71 secs)	0.240	0.155	0.398
24.0/28	0.003/0.010	0.00049/0.00065	26623.95 secs	(39.64 secs)	0.246	0.156	0.404
24.0/28	0.003/0.010	0.00050/0.00065	26663.06 secs	(39.11 secs)	0.247	0.153	0.398
24.0/28	0.003/0.010	0.00051/0.00065	26703.29 secs	(40.23 secs)	0.254	0.152	0.398
24.0/28	0.003/0.010	0.00052/0.00065	26742.66 secs	(39.37 secs)	0.256	0.151	0.392
24.0/28	0.003/0.010	0.00053/0.00065	26784.13 secs	(41.47 secs)	0.262	0.153	0.394
24.0/28	0.003/0.010	0.00054/0.00065	26825.26 secs	(41.13 secs)	0.263	0.155	0.395
24.0/28	0.003/0.010	0.00055/0.00065	26867.10 secs	(41.83 secs)	0.266	0.151	0.389
24.0/28	0.003/0.010	0.00056/0.00065	26909.12 secs	(42.02 secs)	0.276	0.157	0.400
24.0/28	0.003/0.010	0.00057/0.00065	26950.43 secs	(41.31 secs)	0.280	0.152	0.392
24.0/28	0.003/0.010	0.00058/0.00065	26992.71 secs	(42.28 secs)	0.279	0.152	0.391
24.0/28	0.003/0.010	0.00059/0.00065	27035.22 secs	(42.51 secs)	0.285	0.152	0.394
24.0/28	0.003/0.010	0.00060/0.00065	27077.86 secs	(42.64 secs)	0.288	0.156	0.392
24.0/28	0.003/0.010	0.00061/0.00065	27120.17 secs	(42.30 secs)	0.290	0.153	0.386
24.0/28	0.003/0.010	0.00062/0.00065	27162.18 secs	(42.01 secs)	0.293	0.153	0.389
24.0/28	0.003/0.010	0.00063/0.00065	27205.56 secs	(43.38 secs)	0.302	0.155	0.392
24.0/28	0.003/0.010	0.00064/0.00065	27248.27 secs	(42.70 secs)	0.299	0.154	0.388
24.0/28	0.003/0.010	0.00065/0.00065	27290.91 secs	(42.64 secs)	0.309	0.155	0.395

24.0/28	0.004/0.010	0.00040/0.00065	27327.92 secs	(37.01 secs)	0.205	0.153	0.401
24.0/28	0.004/0.010	0.00041/0.00065	27366.73 secs	(38.82 secs)	0.211	0.150	0.399
24.0/28	0.004/0.010	0.00042/0.00065	27404.40 secs	(37.67 secs)	0.218	0.155	0.402
24.0/28	0.004/0.010	0.00043/0.00065	27442.52 secs	(38.12 secs)	0.219	0.154	0.398
24.0/28	0.004/0.010	0.00044/0.00065	27480.67 secs	(38.15 secs)	0.221	0.154	0.398
24.0/28	0.004/0.010	0.00045/0.00065	27519.43 secs	(38.77 secs)	0.224	0.153	0.397
24.0/28	0.004/0.010	0.00046/0.00065	27558.58 secs	(39.15 secs)	0.234	0.155	0.401
24.0/28	0.004/0.010	0.00047/0.00065	27598.65 secs	(40.07 secs)	0.235	0.151	0.392
24.0/28	0.004/0.010	0.00048/0.00065	27638.20 secs	(39.56 secs)	0.240	0.156	0.400
24.0/28	0.004/0.010	0.00049/0.00065	27677.67 secs	(39.47 secs)	0.247	0.153	0.399
24.0/28	0.004/0.010	0.00050/0.00065	27718.69 secs	(41.01 secs)	0.250	0.159	0.408
24.0/28	0.004/0.010	0.00051/0.00065	27758.78 secs	(40.09 secs)	0.256	0.154	0.394
24.0/28	0.004/0.010	0.00052/0.00065	27799.13 secs	(40.35 secs)	0.262	0.154	0.396
24.0/28	0.004/0.010	0.00053/0.00065	27841.17 secs	(42.04 secs)	0.258	0.150	0.389
24.0/28	0.004/0.010	0.00054/0.00065	27882.00 secs	(40.83 secs)	0.263	0.152	0.391
24.0/28	0.004/0.010	0.00055/0.00065	27924.87 secs	(42.86 secs)	0.268	0.151	0.391
24.0/28	0.004/0.010	0.00056/0.00065	27966.53 secs	(41.66 secs)	0.272	0.152	0.393
24.0/28	0.004/0.010	0.00057/0.00065	28008.23 secs	(41.70 secs)	0.276	0.154	0.394
24.0/28	0.004/0.010	0.00058/0.00065	28050.38 secs	(42.15 secs)	0.288	0.155	0.394
24.0/28	0.004/0.010	0.00059/0.00065	28093.07 secs	(42.69 secs)	0.289	0.156	0.395
24.0/28	0.004/0.010	0.00060/0.00065	28137.39 secs	(44.32 secs)	0.295	0.154	0.397
24.0/28	0.004/0.010	0.00061/0.00065	28181.28 secs	(43.89 secs)	0.299	0.154	0.397
24.0/28	0.004/0.010	0.00062/0.00065	28224.60 secs	(43.33 secs)	0.295	0.156	0.385
24.0/28	0.004/0.010	0.00063/0.00065	28267.52 secs	(42.92 secs)	0.302	0.151	0.385
24.0/28	0.004/0.010	0.00064/0.00065	28311.32 secs	(43.80 secs)	0.305	0.151	0.385
24.0/28	0.004/0.010	0.00065/0.00065	28355.88 secs	(44.56 secs)	0.313	0.154	0.391

24.0/28	0.005/0.010	0.00040/0.00065	28393.76 secs	(37.89 secs)	0.209	0.152	0.403
24.0/28	0.005/0.010	0.00041/0.00065	28430.69 secs	(36.93 secs)	0.208	0.154	0.404
24.0/28	0.005/0.010	0.00042/0.00065	28469.67 secs	(38.98 secs)	0.218	0.154	0.403
24.0/28	0.005/0.010	0.00043/0.00065	28508.76 secs	(39.10 secs)	0.220	0.154	0.397
24.0/28	0.005/0.010	0.00044/0.00065	28546.13 secs	(37.37 secs)	0.227	0.153	0.397
24.0/28	0.005/0.010	0.00045/0.00065	28585.23 secs	(39.10 secs)	0.233	0.156	0.398
24.0/28	0.005/0.010	0.00046/0.00065	28623.64 secs	(38.41 secs)	0.234	0.151	0.394
24.0/28	0.005/0.010	0.00047/0.00065	28663.16 secs	(39.52 secs)	0.240	0.156	0.406
24.0/28	0.005/0.010	0.00048/0.00065	28701.41 secs	(38.25 secs)	0.240	0.152	0.396
24.0/28	0.005/0.010	0.00049/0.00065	28740.39 secs	(38.98 secs)	0.242	0.150	0.390
24.0/28	0.005/0.010	0.00050/0.00065	28780.33 secs	(39.93 secs)	0.247	0.152	0.388
24.0/28	0.005/0.010	0.00051/0.00065	28820.05 secs	(39.72 secs)	0.251	0.152	0.395
24.0/28	0.005/0.010	0.00052/0.00065	28860.73 secs	(40.68 secs)	0.256	0.153	0.390
24.0/28	0.005/0.010	0.00053/0.00065	28901.62 secs	(40.89 secs)	0.262	0.155	0.398
24.0/28	0.005/0.010	0.00054/0.00065	28941.88 secs	(40.27 secs)	0.265	0.154	0.388
24.0/28	0.005/0.010	0.00055/0.00065	28982.90 secs	(41.02 secs)	0.268	0.152	0.395
24.0/28	0.005/0.010	0.00056/0.00065	29025.14 secs	(42.24 secs)	0.275	0.150	0.387
24.0/28	0.005/0.010	0.00057/0.00065	29066.28 secs	(41.14 secs)	0.277	0.154	0.392
24.0/28	0.005/0.010	0.00058/0.00065	29109.76 secs	(43.48 secs)	0.285	0.153	0.390
24.0/28	0.005/0.010	0.00059/0.00065	29152.20 secs	(42.44 secs)	0.289	0.154	0.394
24.0/28	0.005/0.010	0.00060/0.00065	29194.40 secs	(42.19 secs)	0.284	0.151	0.390
24.0/28	0.005/0.010	0.00061/0.00065	29236.26 secs	(41.86 secs)	0.292	0.154	0.391
24.0/28	0.005/0.010	0.00062/0.00065	29280.09 secs	(43.83 secs)	0.301	0.156	0.395
24.0/28	0.005/0.010	0.00063/0.00065	29323.22 secs	(43.13 secs)	0.303	0.155	0.390
24.0/28	0.005/0.010	0.00064/0.00065	29367.65 secs	(44.43 secs)	0.306	0.153	0.388
24.0/28	0.005/0.010	0.00065/0.00065	29412.03 secs	(44.38 secs)	0.313	0.152	0.389

24.0/28	0.006/0.010	0.00040/0.00065	29449.10 secs	(37.07 secs)	0.208	0.152	0.401
24.0/28	0.006/0.010	0.00041/0.00065	29487.36 secs	(38.26 secs)	0.212	0.155	0.398
24.0/28	0.006/0.010	0.00042/0.00065	29524.67 secs	(37.30 secs)	0.216	0.151	0.395
24.0/28	0.006/0.010	0.00043/0.00065	29562.79 secs	(38.12 secs)	0.222	0.152	0.396
24.0/28	0.006/0.010	0.00044/0.00065	29601.40 secs	(38.62 secs)	0.229	0.151	0.397
24.0/28	0.006/0.010	0.00045/0.00065	29641.21 secs	(39.81 secs)	0.238	0.158	0.403
24.0/28	0.006/0.010	0.00046/0.00065	29679.97 secs	(38.75 secs)	0.239	0.154	0.399
24.0/28	0.006/0.010	0.00047/0.00065	29719.54 secs	(39.57 secs)	0.241	0.154	0.401
24.0/28	0.006/0.010	0.00048/0.00065	29760.40 secs	(40.86 secs)	0.247	0.154	0.398
24.0/28	0.006/0.010	0.00049/0.00065	29801.39 secs	(40.99 secs)	0.250	0.154	0.400
24.0/28	0.006/0.010	0.00050/0.00065	29840.91 secs	(39.52 secs)	0.256	0.154	0.401
24.0/28	0.006/0.010	0.00051/0.00065	29880.85 secs	(39.94 secs)	0.258	0.155	0.396
24.0/28	0.006/0.010	0.00052/0.00065	29921.25 secs	(40.39 secs)	0.265	0.155	0.402
24.0/28	0.006/0.010	0.00053/0.00065	29962.36 secs	(41.11 secs)	0.267	0.153	0.397
24.0/28	0.006/0.010	0.00054/0.00065	30002.83 secs	(40.48 secs)	0.276	0.155	0.399
24.0/28	0.006/0.010	0.00055/0.00065	30044.81 secs	(41.98 secs)	0.277	0.154	0.400
24.0/28	0.006/0.010	0.00056/0.00065	30087.19 secs	(42.38 secs)	0.280	0.157	0.398
24.0/28	0.006/0.010	0.00057/0.00065	30129.01 secs	(41.82 secs)	0.279	0.153	0.394
24.0/28	0.006/0.010	0.00058/0.00065	30170.81 secs	(41.80 secs)	0.283	0.150	0.384
24.0/28	0.006/0.010	0.00059/0.00065	30214.31 secs	(43.49 secs)	0.290	0.152	0.387
24.0/28	0.006/0.010	0.00060/0.00065	30256.89 secs	(42.59 secs)	0.294	0.157	0.393
24.0/28	0.006/0.010	0.00061/0.00065	30299.45 secs	(42.56 secs)	0.295	0.156	0.395
24.0/28	0.006/0.010	0.00062/0.00065	30343.06 secs	(43.61 secs)	0.300	0.153	0.381
24.0/28	0.006/0.010	0.00063/0.00065	30386.70 secs	(43.64 secs)	0.303	0.153	0.391
24.0/28	0.006/0.010	0.00064/0.00065	30431.96 secs	(45.27 secs)	0.307	0.154	0.385
24.0/28	0.006/0.010	0.00065/0.00065	30475.49 secs	(43.53 secs)	0.313	0.156	0.392

24.0/28	0.007/0.010	0.00040/0.00065	30513.80 secs	(38.32 secs)	0.213	0.153	0.399
24.0/28	0.007/0.010	0.00041/0.00065	30551.63 secs	(37.82 secs)	0.216	0.157	0.402
24.0/28	0.007/0.010	0.00042/0.00065	30589.94 secs	(38.31 secs)	0.219	0.154	0.401
24.0/28	0.007/0.010	0.00043/0.00065	30629.11 secs	(39.17 secs)	0.225	0.151	0.391
24.0/28	0.007/0.010	0.00044/0.00065	30671.04 secs	(41.93 secs)	0.228	0.154	0.391
24.0/28	0.007/0.010	0.00045/0.00065	30710.35 secs	(39.31 secs)	0.234	0.154	0.399
24.0/28	0.007/0.010	0.00046/0.00065	30749.97 secs	(39.62 secs)	0.242	0.151	0.399
24.0/28	0.007/0.010	0.00047/0.00065	30789.78 secs	(39.81 secs)	0.242	0.154	0.396
24.0/28	0.007/0.010	0.00048/0.00065	30828.92 secs	(39.14 secs)	0.249	0.158	0.402
24.0/28	0.007/0.010	0.00049/0.00065	30868.76 secs	(39.83 secs)	0.248	0.154	0.394
24.0/28	0.007/0.010	0.00050/0.00065	30908.83 secs	(40.07 secs)	0.253	0.151	0.391
24.0/28	0.007/0.010	0.00051/0.00065	30949.90 secs	(41.07 secs)	0.259	0.158	0.394
24.0/28	0.007/0.010	0.00052/0.00065	30990.72 secs	(40.82 secs)	0.269	0.156	0.401
24.0/28	0.007/0.010	0.00053/0.00065	31031.57 secs	(40.85 secs)	0.267	0.153	0.393
24.0/28	0.007/0.010	0.00054/0.00065	31072.26 secs	(40.69 secs)	0.272	0.155	0.392
24.0/28	0.007/0.010	0.00055/0.00065	31114.24 secs	(41.99 secs)	0.279	0.152	0.391
24.0/28	0.007/0.010	0.00056/0.00065	31156.86 secs	(42.62 secs)	0.286	0.157	0.399
24.0/28	0.007/0.010	0.00057/0.00065	31198.83 secs	(41.97 secs)	0.285	0.155	0.398
24.0/28	0.007/0.010	0.00058/0.00065	31241.17 secs	(42.34 secs)	0.289	0.155	0.390
24.0/28	0.007/0.010	0.00059/0.00065	31283.55 secs	(42.38 secs)	0.298	0.155	0.394
24.0/28	0.007/0.010	0.00060/0.00065	31326.27 secs	(42.72 secs)	0.298	0.152	0.389
24.0/28	0.007/0.010	0.00061/0.00065	31369.26 secs	(42.99 secs)	0.297	0.157	0.393
24.0/28	0.007/0.010	0.00062/0.00065	31412.99 secs	(43.73 secs)	0.306	0.153	0.390
24.0/28	0.007/0.010	0.00063/0.00065	31456.20 secs	(43.22 secs)	0.308	0.152	0.390
24.0/28	0.007/0.010	0.00064/0.00065	31499.75 secs	(43.55 secs)	0.316	0.152	0.388
24.0/28	0.007/0.010	0.00065/0.00065	31544.24 secs	(44.49 secs)	0.313	0.153	0.386

24.0/28	0.008/0.010	0.00040/0.00065	31581.17 secs	(36.92 secs)	0.218	0.151	0.400
24.0/28	0.008/0.010	0.00041/0.00065	31620.28 secs	(39.12 secs)	0.218	0.155	0.402
24.0/28	0.008/0.010	0.00042/0.00065	31658.15 secs	(37.87 secs)	0.225	0.155	0.402
24.0/28	0.008/0.010	0.00043/0.00065	31696.63 secs	(38.47 secs)	0.227	0.158	0.404
24.0/28	0.008/0.010	0.00044/0.00065	31734.97 secs	(38.35 secs)	0.230	0.153	0.397
24.0/28	0.008/0.010	0.00045/0.00065	31773.07 secs	(38.10 secs)	0.235	0.153	0.396
24.0/28	0.008/0.010	0.00046/0.00065	31812.42 secs	(39.35 secs)	0.244	0.154	0.399
24.0/28	0.008/0.010	0.00047/0.00065	31851.62 secs	(39.21 secs)	0.247	0.155	0.401
24.0/28	0.008/0.010	0.00048/0.00065	31891.41 secs	(39.79 secs)	0.254	0.156	0.401
24.0/28	0.008/0.010	0.00049/0.00065	31932.24 secs	(40.83 secs)	0.252	0.153	0.396
24.0/28	0.008/0.010	0.00050/0.00065	31972.03 secs	(39.79 secs)	0.264	0.159	0.407
24.0/28	0.008/0.010	0.00051/0.00065	32013.17 secs	(41.14 secs)	0.265	0.158	0.398
24.0/28	0.008/0.010	0.00052/0.00065	32054.67 secs	(41.50 secs)	0.264	0.154	0.398
24.0/28	0.008/0.010	0.00053/0.00065	32098.44 secs	(43.77 secs)	0.279	0.153	0.398
24.0/28	0.008/0.010	0.00054/0.00065	32139.82 secs	(41.37 secs)	0.277	0.154	0.391
24.0/28	0.008/0.010	0.00055/0.00065	32181.41 secs	(41.60 secs)	0.279	0.153	0.390
24.0/28	0.008/0.010	0.00056/0.00065	32226.29 secs	(44.88 secs)	0.286	0.155	0.400
24.0/28	0.008/0.010	0.00057/0.00065	32270.91 secs	(44.62 secs)	0.289	0.158	0.399
24.0/28	0.008/0.010	0.00058/0.00065	32315.42 secs	(44.51 secs)	0.293	0.155	0.392
24.0/28	0.008/0.010	0.00059/0.00065	32358.29 secs	(42.87 secs)	0.291	0.152	0.385
24.0/28	0.008/0.010	0.00060/0.00065	32402.76 secs	(44.47 secs)	0.299	0.153	0.389
24.0/28	0.008/0.010	0.00061/0.00065	32448.49 secs	(45.72 secs)	0.305	0.154	0.390
24.0/28	0.008/0.010	0.00062/0.00065	32493.92 secs	(45.43 secs)	0.310	0.153	0.387
24.0/28	0.008/0.010	0.00063/0.00065	32537.22 secs	(43.30 secs)	0.305	0.150	0.381
24.0/28	0.008/0.010	0.00064/0.00065	32581.20 secs	(43.97 secs)	0.312	0.152	0.386
24.0/28	0.008/0.010	0.00065/0.00065	32625.09 secs	(43.89 secs)	0.312	0.152	0.383

24.0/28	0.009/0.010	0.00040/0.00065	32662.63 secs	(37.54 secs)	0.214	0.153	0.395
24.0/28	0.009/0.010	0.00041/0.00065	32700.70 secs	(38.07 secs)	0.216	0.154	0.400
24.0/28	0.009/0.010	0.00042/0.00065	32739.18 secs	(38.48 secs)	0.224	0.153	0.400
24.0/28	0.009/0.010	0.00043/0.00065	32776.31 secs	(37.13 secs)	0.225	0.152	0.393
24.0/28	0.009/0.010	0.00044/0.00065	32815.68 secs	(39.37 secs)	0.231	0.157	0.398
24.0/28	0.009/0.010	0.00045/0.00065	32854.95 secs	(39.27 secs)	0.238	0.154	0.398
24.0/28	0.009/0.010	0.00046/0.00065	32896.02 secs	(41.07 secs)	0.247	0.156	0.397
24.0/28	0.009/0.010	0.00047/0.00065	32936.45 secs	(40.43 secs)	0.243	0.151	0.394
24.0/28	0.009/0.010	0.00048/0.00065	32977.17 secs	(40.72 secs)	0.253	0.155	0.398
24.0/28	0.009/0.010	0.00049/0.00065	33017.50 secs	(40.34 secs)	0.255	0.155	0.398
24.0/28	0.009/0.010	0.00050/0.00065	33058.59 secs	(41.09 secs)	0.264	0.156	0.402
24.0/28	0.009/0.010	0.00051/0.00065	33099.46 secs	(40.87 secs)	0.266	0.155	0.395
24.0/28	0.009/0.010	0.00052/0.00065	33140.48 secs	(41.02 secs)	0.271	0.152	0.396
24.0/28	0.009/0.010	0.00053/0.00065	33182.65 secs	(42.18 secs)	0.276	0.153	0.397
24.0/28	0.009/0.010	0.00054/0.00065	33224.28 secs	(41.63 secs)	0.274	0.154	0.393
24.0/28	0.009/0.010	0.00055/0.00065	33265.49 secs	(41.21 secs)	0.285	0.158	0.404
24.0/28	0.009/0.010	0.00056/0.00065	33308.94 secs	(43.45 secs)	0.290	0.155	0.394
24.0/28	0.009/0.010	0.00057/0.00065	33350.91 secs	(41.97 secs)	0.288	0.152	0.393
24.0/28	0.009/0.010	0.00058/0.00065	33393.89 secs	(42.98 secs)	0.294	0.153	0.390
24.0/28	0.009/0.010	0.00059/0.00065	33435.98 secs	(42.09 secs)	0.290	0.150	0.386
24.0/28	0.009/0.010	0.00060/0.00065	33479.89 secs	(43.90 secs)	0.303	0.152	0.387
24.0/28	0.009/0.010	0.00061/0.00065	33522.70 secs	(42.82 secs)	0.302	0.154	0.391
24.0/28	0.009/0.010	0.00062/0.00065	33566.81 secs	(44.10 secs)	0.303	0.151	0.381
24.0/28	0.009/0.010	0.00063/0.00065	33611.44 secs	(44.64 secs)	0.307	0.156	0.387
24.0/28	0.009/0.010	0.00064/0.00065	33656.84 secs	(45.40 secs)	0.313	0.155	0.386
24.0/28	0.009/0.010	0.00065/0.00065	33701.85 secs	(45.02 secs)	0.316	0.152	0.383

24.0/28	0.010/0.010	0.00040/0.00065	33741.94 secs	(40.08 secs)	0.214	0.153	0.397
24.0/28	0.010/0.010	0.00041/0.00065	33781.29 secs	(39.35 secs)	0.224	0.159	0.409
24.0/28	0.010/0.010	0.00042/0.00065	33820.75 secs	(39.46 secs)	0.229	0.151	0.398
24.0/28	0.010/0.010	0.00043/0.00065	33861.43 secs	(40.68 secs)	0.233	0.155	0.400
24.0/28	0.010/0.010	0.00044/0.00065	33901.56 secs	(40.14 secs)	0.236	0.156	0.400
24.0/28	0.010/0.010	0.00045/0.00065	33943.94 secs	(42.38 secs)	0.245	0.152	0.399
24.0/28	0.010/0.010	0.00046/0.00065	33985.47 secs	(41.53 secs)	0.246	0.155	0.398
24.0/28	0.010/0.010	0.00047/0.00065	34026.47 secs	(41.00 secs)	0.246	0.153	0.391
24.0/28	0.010/0.010	0.00048/0.00065	34068.27 secs	(41.80 secs)	0.256	0.155	0.395
24.0/28	0.010/0.010	0.00049/0.00065	34109.40 secs	(41.12 secs)	0.252	0.152	0.394
24.0/28	0.010/0.010	0.00050/0.00065	34152.00 secs	(42.60 secs)	0.263	0.155	0.393
24.0/28	0.010/0.010	0.00051/0.00065	34194.82 secs	(42.82 secs)	0.272	0.157	0.401
24.0/28	0.010/0.010	0.00052/0.00065	34236.66 secs	(41.84 secs)	0.272	0.152	0.392
24.0/28	0.010/0.010	0.00053/0.00065	34277.89 secs	(41.23 secs)	0.276	0.157	0.403
24.0/28	0.010/0.010	0.00054/0.00065	34319.26 secs	(41.37 secs)	0.279	0.156	0.396
24.0/28	0.010/0.010	0.00055/0.00065	34361.09 secs	(41.82 secs)	0.283	0.154	0.390
24.0/28	0.010/0.010	0.00056/0.00065	34403.86 secs	(42.77 secs)	0.290	0.152	0.393
24.0/28	0.010/0.010	0.00057/0.00065	34447.16 secs	(43.30 secs)	0.294	0.153	0.389
24.0/28	0.010/0.010	0.00058/0.00065	34489.37 secs	(42.21 secs)	0.294	0.157	0.396
24.0/28	0.010/0.010	0.00059/0.00065	34533.66 secs	(44.29 secs)	0.302	0.157	0.392
24.0/28	0.010/0.010	0.00060/0.00065	34576.52 secs	(42.86 secs)	0.303	0.155	0.393
24.0/28	0.010/0.010	0.00061/0.00065	34620.02 secs	(43.49 secs)	0.301	0.155	0.391
24.0/28	0.010/0.010	0.00062/0.00065	34663.25 secs	(43.23 secs)	0.310	0.151	0.385
24.0/28	0.010/0.010	0.00063/0.00065	34706.80 secs	(43.55 secs)	0.317	0.155	0.387
24.0/28	0.010/0.010	0.00064/0.00065	34750.09 secs	(43.29 secs)	0.320	0.154	0.384
24.0/28	0.010/0.010	0.00065/0.00065	34794.09 secs	(44.01 secs)	0.323	0.156	0.393



25.0/28	0.000/0.010	0.00040/0.00065	34831.11 secs	(37.02 secs)	0.205	0.160	0.413
25.0/28	0.000/0.010	0.00041/0.00065	34868.85 secs	(37.73 secs)	0.206	0.158	0.410
25.0/28	0.000/0.010	0.00042/0.00065	34905.98 secs	(37.13 secs)	0.217	0.161	0.413
25.0/28	0.000/0.010	0.00043/0.00065	34944.48 secs	(38.50 secs)	0.219	0.163	0.419
25.0/28	0.000/0.010	0.00044/0.00065	34982.33 secs	(37.84 secs)	0.224	0.157	0.404
25.0/28	0.000/0.010	0.00045/0.00065	35020.07 secs	(37.75 secs)	0.222	0.160	0.413
25.0/28	0.000/0.010	0.00046/0.00065	35059.12 secs	(39.05 secs)	0.228	0.157	0.411
25.0/28	0.000/0.010	0.00047/0.00065	35098.93 secs	(39.81 secs)	0.232	0.159	0.407
25.0/28	0.000/0.010	0.00048/0.00065	35138.40 secs	(39.47 secs)	0.240	0.160	0.405
25.0/28	0.000/0.010	0.00049/0.00065	35177.99 secs	(39.59 secs)	0.243	0.164	0.413
25.0/28	0.000/0.010	0.00050/0.00065	35218.50 secs	(40.52 secs)	0.246	0.159	0.404
25.0/28	0.000/0.010	0.00051/0.00065	35258.62 secs	(40.12 secs)	0.253	0.162	0.416
25.0/28	0.000/0.010	0.00052/0.00065	35299.20 secs	(40.58 secs)	0.260	0.160	0.406
25.0/28	0.000/0.010	0.00053/0.00065	35339.90 secs	(40.70 secs)	0.259	0.157	0.405
25.0/28	0.000/0.010	0.00054/0.00065	35380.12 secs	(40.22 secs)	0.258	0.156	0.399
25.0/28	0.000/0.010	0.00055/0.00065	35422.22 secs	(42.10 secs)	0.267	0.159	0.406
25.0/28	0.000/0.010	0.00056/0.00065	35464.39 secs	(42.17 secs)	0.267	0.160	0.408
25.0/28	0.000/0.010	0.00057/0.00065	35505.94 secs	(41.54 secs)	0.273	0.162	0.409
25.0/28	0.000/0.010	0.00058/0.00065	35547.40 secs	(41.46 secs)	0.278	0.155	0.399
25.0/28	0.000/0.010	0.00059/0.00065	35589.78 secs	(42.39 secs)	0.281	0.159	0.405
25.0/28	0.000/0.010	0.00060/0.00065	35631.58 secs	(41.79 secs)	0.285	0.161	0.410
25.0/28	0.000/0.010	0.00061/0.00065	35673.34 secs	(41.76 secs)	0.290	0.160	0.409
25.0/28	0.000/0.010	0.00062/0.00065	35716.34 secs	(43.00 secs)	0.292	0.159	0.402
25.0/28	0.000/0.010	0.00063/0.00065	35760.38 secs	(44.04 secs)	0.299	0.161	0.408
25.0/28	0.000/0.010	0.00064/0.00065	35803.09 secs	(42.71 secs)	0.302	0.158	0.400
25.0/28	0.000/0.010	0.00065/0.00065	35846.98 secs	(43.89 secs)	0.305	0.162	0.407

25.0/28	0.001/0.010	0.00040/0.00065	35883.42 secs	(36.44 secs)	0.203	0.158	0.411
25.0/28	0.001/0.010	0.00041/0.00065	35921.41 secs	(38.00 secs)	0.213	0.158	0.415
25.0/28	0.001/0.010	0.00042/0.00065	35958.39 secs	(36.98 secs)	0.212	0.156	0.409
25.0/28	0.001/0.010	0.00043/0.00065	35996.45 secs	(38.06 secs)	0.216	0.160	0.415
25.0/28	0.001/0.010	0.00044/0.00065	36034.28 secs	(37.83 secs)	0.229	0.161	0.420
25.0/28	0.001/0.010	0.00045/0.00065	36073.39 secs	(39.11 secs)	0.228	0.155	0.409
25.0/28	0.001/0.010	0.00046/0.00065	36112.42 secs	(39.03 secs)	0.235	0.167	0.421
25.0/28	0.001/0.010	0.00047/0.00065	36150.82 secs	(38.39 secs)	0.234	0.159	0.405
25.0/28	0.001/0.010	0.00048/0.00065	36191.21 secs	(40.39 secs)	0.241	0.162	0.409
25.0/28	0.001/0.010	0.00049/0.00065	36230.65 secs	(39.44 secs)	0.244	0.160	0.411
25.0/28	0.001/0.010	0.00050/0.00065	36270.18 secs	(39.53 secs)	0.246	0.162	0.413
25.0/28	0.001/0.010	0.00051/0.00065	36311.05 secs	(40.86 secs)	0.257	0.160	0.415
25.0/28	0.001/0.010	0.00052/0.00065	36351.05 secs	(40.01 secs)	0.257	0.159	0.409
25.0/28	0.001/0.010	0.00053/0.00065	36393.37 secs	(42.32 secs)	0.258	0.155	0.400
25.0/28	0.001/0.010	0.00054/0.00065	36434.40 secs	(41.03 secs)	0.263	0.162	0.412
25.0/28	0.001/0.010	0.00055/0.00065	36475.34 secs	(40.94 secs)	0.269	0.158	0.402
25.0/28	0.001/0.010	0.00056/0.00065	36515.60 secs	(40.26 secs)	0.273	0.160	0.412
25.0/28	0.001/0.010	0.00057/0.00065	36557.67 secs	(42.07 secs)	0.274	0.159	0.405
25.0/28	0.001/0.010	0.00058/0.00065	36599.60 secs	(41.93 secs)	0.277	0.157	0.399
25.0/28	0.001/0.010	0.00059/0.00065	36641.90 secs	(42.30 secs)	0.286	0.161	0.406
25.0/28	0.001/0.010	0.00060/0.00065	36685.40 secs	(43.50 secs)	0.285	0.161	0.405
25.0/28	0.001/0.010	0.00061/0.00065	36728.17 secs	(42.77 secs)	0.298	0.162	0.406
25.0/28	0.001/0.010	0.00062/0.00065	36770.39 secs	(42.22 secs)	0.298	0.161	0.407
25.0/28	0.001/0.010	0.00063/0.00065	36812.94 secs	(42.54 secs)	0.303	0.158	0.396
25.0/28	0.001/0.010	0.00064/0.00065	36856.60 secs	(43.66 secs)	0.307	0.160	0.405
25.0/28	0.001/0.010	0.00065/0.00065	36899.22 secs	(42.63 secs)	0.307	0.163	0.405

25.0/28	0.002/0.010	0.00040/0.00065	36935.77 secs	(36.54 secs)	0.204	0.157	0.413
25.0/28	0.002/0.010	0.00041/0.00065	36973.35 secs	(37.59 secs)	0.213	0.159	0.413
25.0/28	0.002/0.010	0.00042/0.00065	37012.72 secs	(39.36 secs)	0.220	0.161	0.419
25.0/28	0.002/0.010	0.00043/0.00065	37050.73 secs	(38.01 secs)	0.221	0.159	0.411
25.0/28	0.002/0.010	0.00044/0.00065	37090.32 secs	(39.59 secs)	0.225	0.157	0.404
25.0/28	0.002/0.010	0.00045/0.00065	37129.79 secs	(39.47 secs)	0.230	0.164	0.415
25.0/28	0.002/0.010	0.00046/0.00065	37169.72 secs	(39.93 secs)	0.237	0.162	0.412
25.0/28	0.002/0.010	0.00047/0.00065	37208.21 secs	(38.48 secs)	0.240	0.160	0.414
25.0/28	0.002/0.010	0.00048/0.00065	37247.13 secs	(38.92 secs)	0.241	0.159	0.404
25.0/28	0.002/0.010	0.00049/0.00065	37286.39 secs	(39.26 secs)	0.248	0.163	0.418
25.0/28	0.002/0.010	0.00050/0.00065	37327.13 secs	(40.74 secs)	0.244	0.158	0.402
25.0/28	0.002/0.010	0.00051/0.00065	37367.74 secs	(40.61 secs)	0.253	0.160	0.406
25.0/28	0.002/0.010	0.00052/0.00065	37407.38 secs	(39.64 secs)	0.256	0.160	0.406
25.0/28	0.002/0.010	0.00053/0.00065	37448.25 secs	(40.86 secs)	0.259	0.159	0.407
25.0/28	0.002/0.010	0.00054/0.00065	37489.25 secs	(41.01 secs)	0.263	0.158	0.406
25.0/28	0.002/0.010	0.00055/0.00065	37529.66 secs	(40.40 secs)	0.267	0.160	0.405
25.0/28	0.002/0.010	0.00056/0.00065	37572.29 secs	(42.63 secs)	0.274	0.163	0.410
25.0/28	0.002/0.010	0.00057/0.00065	37614.92 secs	(42.63 secs)	0.277	0.157	0.404
25.0/28	0.002/0.010	0.00058/0.00065	37657.10 secs	(42.18 secs)	0.279	0.159	0.405
25.0/28	0.002/0.010	0.00059/0.00065	37699.46 secs	(42.36 secs)	0.291	0.158	0.405
25.0/28	0.002/0.010	0.00060/0.00065	37743.68 secs	(44.22 secs)	0.291	0.161	0.401
25.0/28	0.002/0.010	0.00061/0.00065	37788.99 secs	(45.30 secs)	0.291	0.157	0.397
25.0/28	0.002/0.010	0.00062/0.00065	37835.59 secs	(46.60 secs)	0.295	0.158	0.398
25.0/28	0.002/0.010	0.00063/0.00065	37883.01 secs	(47.42 secs)	0.299	0.162	0.405
25.0/28	0.002/0.010	0.00064/0.00065	37928.73 secs	(45.72 secs)	0.306	0.159	0.400
25.0/28	0.002/0.010	0.00065/0.00065	37975.25 secs	(46.52 secs)	0.311	0.160	0.399

25.0/28	0.003/0.010	0.00040/0.00065	38013.47 secs	(38.22 secs)	0.211	0.159	0.413
25.0/28	0.003/0.010	0.00041/0.00065	38051.71 secs	(38.24 secs)	0.211	0.161	0.411
25.0/28	0.003/0.010	0.00042/0.00065	38089.34 secs	(37.62 secs)	0.226	0.161	0.420
25.0/28	0.003/0.010	0.00043/0.00065	38127.84 secs	(38.50 secs)	0.226	0.160	0.414
25.0/28	0.003/0.010	0.00044/0.00065	38166.61 secs	(38.77 secs)	0.230	0.160	0.411
25.0/28	0.003/0.010	0.00045/0.00065	38205.76 secs	(39.15 secs)	0.235	0.161	0.414
25.0/28	0.003/0.010	0.00046/0.00065	38245.25 secs	(39.49 secs)	0.238	0.165	0.417
25.0/28	0.003/0.010	0.00047/0.00065	38285.41 secs	(40.16 secs)	0.241	0.160	0.411
25.0/28	0.003/0.010	0.00048/0.00065	38324.98 secs	(39.58 secs)	0.246	0.157	0.404
25.0/28	0.003/0.010	0.00049/0.00065	38365.57 secs	(40.58 secs)	0.250	0.162	0.414
25.0/28	0.003/0.010	0.00050/0.00065	38405.15 secs	(39.58 secs)	0.256	0.160	0.411
25.0/28	0.003/0.010	0.00051/0.00065	38446.17 secs	(41.02 secs)	0.258	0.161	0.411
25.0/28	0.003/0.010	0.00052/0.00065	38487.19 secs	(41.02 secs)	0.262	0.162	0.410
25.0/28	0.003/0.010	0.00053/0.00065	38528.04 secs	(40.85 secs)	0.267	0.159	0.408
25.0/28	0.003/0.010	0.00054/0.00065	38570.19 secs	(42.15 secs)	0.272	0.159	0.404
25.0/28	0.003/0.010	0.00055/0.00065	38611.12 secs	(40.93 secs)	0.274	0.161	0.400
25.0/28	0.003/0.010	0.00056/0.00065	38652.46 secs	(41.34 secs)	0.275	0.159	0.405
25.0/28	0.003/0.010	0.00057/0.00065	38694.89 secs	(42.43 secs)	0.284	0.161	0.403
25.0/28	0.003/0.010	0.00058/0.00065	38736.98 secs	(42.09 secs)	0.282	0.159	0.401
25.0/28	0.003/0.010	0.00059/0.00065	38779.73 secs	(42.75 secs)	0.292	0.162	0.407
25.0/28	0.003/0.010	0.00060/0.00065	38822.04 secs	(42.31 secs)	0.292	0.160	0.401
25.0/28	0.003/0.010	0.00061/0.00065	38864.66 secs	(42.62 secs)	0.293	0.159	0.399
25.0/28	0.003/0.010	0.00062/0.00065	38909.56 secs	(44.89 secs)	0.300	0.158	0.396
25.0/28	0.003/0.010	0.00063/0.00065	38954.25 secs	(44.69 secs)	0.303	0.160	0.403
25.0/28	0.003/0.010	0.00064/0.00065	38998.98 secs	(44.73 secs)	0.310	0.160	0.401
25.0/28	0.003/0.010	0.00065/0.00065	39045.10 secs	(46.12 secs)	0.313	0.158	0.399

25.0/28	0.004/0.010	0.00040/0.00065	39084.04 secs	(38.95 secs)	0.210	0.160	0.408
25.0/28	0.004/0.010	0.00041/0.00065	39123.31 secs	(39.27 secs)	0.218	0.159	0.411
25.0/28	0.004/0.010	0.00042/0.00065	39163.76 secs	(40.44 secs)	0.222	0.158	0.411
25.0/28	0.004/0.010	0.00043/0.00065	39203.92 secs	(40.17 secs)	0.220	0.159	0.412
25.0/28	0.004/0.010	0.00044/0.00065	39244.11 secs	(40.19 secs)	0.233	0.161	0.416
25.0/28	0.004/0.010	0.00045/0.00065	39285.33 secs	(41.22 secs)	0.239	0.163	0.418
25.0/28	0.004/0.010	0.00046/0.00065	39325.03 secs	(39.70 secs)	0.232	0.157	0.407
25.0/28	0.004/0.010	0.00047/0.00065	39365.30 secs	(40.27 secs)	0.242	0.163	0.416
25.0/28	0.004/0.010	0.00048/0.00065	39406.44 secs	(41.14 secs)	0.246	0.161	0.408
25.0/28	0.004/0.010	0.00049/0.00065	39447.48 secs	(41.04 secs)	0.250	0.158	0.413
25.0/28	0.004/0.010	0.00050/0.00065	39489.31 secs	(41.83 secs)	0.254	0.162	0.406
25.0/28	0.004/0.010	0.00051/0.00065	39528.75 secs	(39.44 secs)	0.252	0.154	0.399
25.0/28	0.004/0.010	0.00052/0.00065	39569.84 secs	(41.09 secs)	0.267	0.167	0.417
25.0/28	0.004/0.010	0.00053/0.00065	39610.61 secs	(40.77 secs)	0.264	0.160	0.408
25.0/28	0.004/0.010	0.00054/0.00065	39653.49 secs	(42.89 secs)	0.275	0.159	0.401
25.0/28	0.004/0.010	0.00055/0.00065	39696.47 secs	(42.98 secs)	0.273	0.158	0.401
25.0/28	0.004/0.010	0.00056/0.00065	39738.75 secs	(42.28 secs)	0.282	0.163	0.404
25.0/28	0.004/0.010	0.00057/0.00065	39781.48 secs	(42.73 secs)	0.283	0.159	0.402
25.0/28	0.004/0.010	0.00058/0.00065	39822.87 secs	(41.39 secs)	0.285	0.159	0.403
25.0/28	0.004/0.010	0.00059/0.00065	39865.41 secs	(42.54 secs)	0.296	0.162	0.406
25.0/28	0.004/0.010	0.00060/0.00065	39907.51 secs	(42.11 secs)	0.290	0.158	0.401
25.0/28	0.004/0.010	0.00061/0.00065	39951.24 secs	(43.73 secs)	0.298	0.158	0.396
25.0/28	0.004/0.010	0.00062/0.00065	39995.81 secs	(44.57 secs)	0.298	0.161	0.400
25.0/28	0.004/0.010	0.00063/0.00065	40039.94 secs	(44.12 secs)	0.301	0.157	0.393
25.0/28	0.004/0.010	0.00064/0.00065	40083.49 secs	(43.56 secs)	0.310	0.157	0.394
25.0/28	0.004/0.010	0.00065/0.00065	40127.13 secs	(43.64 secs)	0.313	0.162	0.404

25.0/28	0.005/0.010	0.00040/0.00065	40164.67 secs	(37.54 secs)	0.212	0.164	0.417
25.0/28	0.005/0.010	0.00041/0.00065	40202.73 secs	(38.06 secs)	0.217	0.157	0.411
25.0/28	0.005/0.010	0.00042/0.00065	40239.87 secs	(37.14 secs)	0.222	0.157	0.408
25.0/28	0.005/0.010	0.00043/0.00065	40277.29 secs	(37.42 secs)	0.225	0.159	0.410
25.0/28	0.005/0.010	0.00044/0.00065	40315.86 secs	(38.57 secs)	0.231	0.163	0.421
25.0/28	0.005/0.010	0.00045/0.00065	40354.64 secs	(38.77 secs)	0.235	0.159	0.410
25.0/28	0.005/0.010	0.00046/0.00065	40393.61 secs	(38.97 secs)	0.236	0.159	0.405
