
R version 4.3.0 (2023-04-21) -- "Already Tomorrow"
Copyright (C) 2023 The R Foundation for Statistical Computing
Platform: x86_64-pc-linux-gnu (64-bit)

R is free software and comes with ABSOLUTELY NO WARRANTY.
You are welcome to redistribute it under certain conditions.
Type 'license()' or 'licence()' for distribution details.

  Natural language support but running in an English locale

R is a collaborative project with many contributors.
Type 'contributors()' for more information and
'citation()' on how to cite R or R packages in publications.

Type 'demo()' for some demos, 'help()' for on-line help, or
'help.start()' for an HTML browser interface to help.
Type 'q()' to quit R.

> rm(list = ls())
> gc()
         used (Mb) gc trigger (Mb) max used (Mb)
Ncells 284765 15.3     664565 35.5   464468 24.9
Vcells 490458  3.8    8388608 64.0  1837328 14.1
> library(dplyr)

Attaching package: ‘dplyr’

The following objects are masked from ‘package:stats’:

    filter, lag

The following objects are masked from ‘package:base’:

    intersect, setdiff, setequal, union

> library(foreach)
> library(doParallel)
Loading required package: iterators
Loading required package: parallel
> 
> # Set up the number of cores used for parallelization.
> message(detectCores())
24
> num_cores <- 24
> registerDoParallel(num_cores)
> 
> #########################
> #### SEIR Simulation ####
> #########################
> time <- 365 # Number of days.
> inf <- 7 # Average infectious period length.
> N <- 1000 # Population size.
> 
> create_hh <- function() {
+   # Randomly sample household sizes such that total population is 1000 
+   # individuals.
+   hh_size <- sample(x = c(3, 4, 5, 6), size = 340, replace = T)
+   
+   # Keep households such that total population is < 1000.
+   hh_size <- hh_size[which(cumsum(hh_size) < N)]
+   
+   leftover <- N - sum(hh_size)
+   if (leftover < 3) {
+     hh <- 1:length(hh_size)
+     sampled <- sample(hh[hh_size < 6], leftover)
+     hh_size[sampled] <- hh_size[sampled] + 1
+   } else {
+     hh_size <- c(hh_size, leftover)
+   }
+   return(hh_size)
+ }
> 
> SEIR_p2p <- function(params, inf = 7, verbose = F) {
+   hh_size <- create_hh()
+   
+   # Create frame for running the simulation.
+   # ID: ID of individual.
+   # SIZE: size of individual's household.
+   # HH: ID of individual's household.
+   # S: susceptibility status.
+   # E: exposed status.
+   # E_count: number of days since exposed.
+   # I: infectious status.
+   # I_count: number of days since infectious.
+   # R: recovered status.
+   # INC: incubation period.
+   # INF: infectious period.
+   data <- data.frame(ID = 1:N,
+                      SIZE = rep(hh_size, times = hh_size),
+                      HH = rep(1:length(hh_size), times = hh_size), 
+                      S = c(0, rep(1, N - 1)), 
+                      E = c(1, rep(0, N - 1)),
+                      E_count = c(1, rep(0, N - 1)), 
+                      I = 0,
+                      I_count = 0, 
+                      R = 0, 
+                      INC = c(round(rlnorm(1, meanlog = log(29.8), sdlog = 0.45)), rep(0, N - 1)),
+                      INF = 0)
+   
+   # Create frame for storing results.
+   # ID: ID of individual.
+   # SIZE: size of individual's household.
+   # HH: ID of individual's household.
+   # TYPE: the kind of infection: household (H), community (C), or both (B).
+   # TIME: when the individual became infectious.
+   # S_NUM: number of susceptible people in individual's household when their 
+   #        infectious period begins.
+   # I_NUM: number of people in household that this individual infected over 
+   #        their infectious period.
+   results <- data[, 1:3] %>% mutate(TYPE = NA, TIME = NA, S_NUM = NA, I_NUM = 0)
+   results$TYPE[1] <- '0'
+   
+   for(t in 1:time) {
+     if (verbose) {
+       if (t %% 10 == 0) {
+         cat(paste0(t, ' '))
+       }
+     }
+     
+     # Anyone who has been infectious for as many days as their infectious period
+     # is now recovered.
+     recovered <- (data$INF > 0) & (data$I_count == data$INF)
+     if(sum(recovered, na.rm = T) > 0) {
+       data$R[recovered] <- 1
+       data$I[recovered] <- 0
+       data$I_count[recovered] <- 0 
+     }
+     
+     # Anyone who has been incubating for as many days as their incubation period
+     # is now infectious.
+     new_inf <- (data$INC > 0) & (data$E_count == data$INC)
+     num_new_inf <- sum(new_inf, na.rm = T)
+     if(num_new_inf > 0) {
+       # Change status to newly infectious and add infectious period.
+       data$I[new_inf] <- 1
+       random_inf <- rnorm(num_new_inf, mean = inf, sd = 1) %>% round()
+       data$INF[new_inf] <- random_inf
+       
+       # Remove exposure status and exposure count.
+       data$E[new_inf] <- 0
+       data$E_count[new_inf] <- 0 
+       
+       # Record time at which infectious period starts.
+       results$TIME[new_inf] <- t
+       
+       # Save the number of susceptible people in each infectious individual's 
+       # household.
+       S_data <- data %>% group_by(HH) %>% 
+         mutate(S_tot = sum(S)) %>% 
+         select(HH, S_tot)
+       results$S_NUM[new_inf == 1] <- S_data$S_tot[new_inf == 1]
+     }
+     
+     # I_H is the number of infections inside each household.
+     # I_C is the number of infections outside each household.
+     I_data <- data %>% group_by(HH) %>% 
+       mutate(I_H = sum(I)) %>% 
+       ungroup() %>% 
+       mutate(I_C = sum(I) - I_H)
+     
+     # Calculate household risk and community risk.
+     beta_H <- params[1]
+     beta_C <- params[2]
+     risk_H <- pmin(beta_H * data$S * I_data$I_H / N, 1)
+     risk_C <- pmin(beta_C * data$S * I_data$I_C / N, 1)
+     
+     # Each individual is infected from their household or community 
+     # independently with probabilities risk_H and risk_C.
+     new_inf_H <- rbinom(N, 1, risk_H)
+     new_inf_C <- rbinom(N, 1, risk_C)
+     
+     new_exposed <- (new_inf_H == 1) | (new_inf_C == 1)
+     num_new_exposed <- sum(new_exposed, na.rm = T)
+     if (num_new_exposed > 0) {
+       # Change status to newly exposed and add incubation period.
+       data$E[new_exposed] <- 1
+       random_inc <- rlnorm(num_new_exposed, meanlog = log(29.8), sdlog = 0.45) %>% round()
+       data$INC[new_exposed] <- random_inc
+       
+       # Remove susceptible status.
+       data$S[new_exposed] <- 0
+       
+       # Get number of new infections in each household.
+       I_data <- I_data %>%
+         select(ID, HH, I, I_H) %>%
+         mutate(new_I_H = new_inf_H) %>%
+         group_by(HH) %>%
+         # Find households with at least 1 currently infectious individual. If 
+         # exactly 1 infectious individual in household, assign all new H 
+         # exposures to that individual. If there are multiple infectious 
+         # individuals, assign all infections to the infectious individual with 
+         # the first ID.
+         mutate(new_I_H = ifelse(I == 1 & ID == first(ID[I == 1]), 
+                                 sum(new_I_H), 0))
+       
+       results$I_NUM <- results$I_NUM + I_data$new_I_H
+       
+       # Label infection types.
+       results$TYPE[new_inf_C == 1] <- 'C'
+       results$TYPE[new_inf_H == 1] <- 'H'
+       results$TYPE[(new_inf_H == 1) & (new_inf_C == 1)] <- 'HC'
+     }
+     
+     # Increment exposure and infectious counters.
+     data$E_count[data$E == 1] <- data$E_count[data$E == 1] + 1
+     data$I_count[data$I == 1] <- data$I_count[data$I == 1] + 1
+   }
+   return(results)
+ }
> 
> metrics <- function(results) {
+   # Incidence is the proportion of the population that became infected.
+   idc <- mean(!is.na(results$TIME))
+   
+   # The SAR is the average SAR for each individual that was infectious.
+   sar <- mean(results$I_NUM / results$S_NUM, na.rm = T)
+ 
+   return(c(idc, sar))
+ }
> 
> beta_Hs <- seq(42, 50, 0.2) # 41
> beta_Cs <- seq(0.11, 0.15, 0.002) #20
> 
> d_H <- length(beta_Hs)
> d_C <- length(beta_Cs)
> 
> reps <- 200
> idcs <- array(rep(NA, d_H * d_C * reps), dim = c(d_H, d_C, reps))
> sars <- array(rep(NA, d_H * d_C * reps), dim = c(d_H, d_C, reps))
> t_tot <- 0
> for (i in 1:d_H) {
+     for (j in 1:d_C) {
+       beta_H <- beta_Hs[i]
+       beta_C <- beta_Cs[j]
+       params <- c(beta_H, beta_C)
+       
+       cat(paste0(format(beta_H, nsmall = 1, digits = 3), '/42.0\t', 
+                  format(beta_C, nsmall = 3, digits = 3), '/0.130\t'))
+ 
+       t_0 <- Sys.time()
+       vals <- foreach (l = 1:reps, .combine = 'c') %dopar% {
+         results <- SEIR_p2p(params) 
+         metrics(results)
+       }
+       t_1 <- Sys.time()
+       t_tot <- t_tot + (t_1 - t_0)
+ 
+       cat(paste0(format(t_tot, nsmall = 2, digits = 4), '\t(', 
+                  format(t_1 - t_0, nsmall = 2, digits = 4), ')\t'))
+ 
+       vals <- matrix(vals, reps, byrow = T)
+       idcs[i, j, ] <- vals[, 1]
+       sars[i, j, ] <- vals[, 2]
+ 
+       cat(paste0(format(round(mean(idcs[i, j, ]), 3), nsmall = 3), '\t',
+                  format(round(mean(idcs[i, j, idcs[i, j, ] > 10/1000]), 3), nsmall = 3), '\t',
+                  format(round(mean(sars[i, j, ]), 3), nsmall = 3), '\t', 
+                  format(round(mean(sars[i, j, idcs[i, j, ] > 10/1000]), 3), nsmall = 3), '\n'))
+       
+       saveRDS(idcs, file = 'idcs.rds')
+       saveRDS(sars, file = 'sars.rds')
+       write.table(idcs, file = 'idcs.txt', row.names = F, col.names = F)
+       write.table(sars, file = 'sars.txt', row.names = F, col.names = F)
+     }
+   message('\n')
+ }
42.0/42.0	0.110/0.130	1.299 mins	(1.299 mins)	0.097	0.150	0.192	0.245
42.0/42.0	0.112/0.130	2.53 mins	(1.231 mins)	0.094	0.151	0.179	0.247
42.0/42.0	0.114/0.130	3.859 mins	(1.329 mins)	0.115	0.164	0.196	0.250
42.0/42.0	0.116/0.130	5.166 mins	(1.307 mins)	0.121	0.169	0.195	0.243
42.0/42.0	0.118/0.130	6.593 mins	(1.427 mins)	0.120	0.180	0.193	0.251
42.0/42.0	0.120/0.130	8.17 mins	(1.576 mins)	0.141	0.190	0.199	0.248
42.0/42.0	0.122/0.130	9.643 mins	(1.474 mins)	0.145	0.205	0.198	0.250
42.0/42.0	0.124/0.130	11.10 mins	(1.459 mins)	0.151	0.209	0.209	0.245
42.0/42.0	0.126/0.130	12.58 mins	(1.476 mins)	0.143	0.211	0.196	0.249
42.0/42.0	0.128/0.130	14.08 mins	(1.50 mins)	0.176	0.242	0.199	0.244
42.0/42.0	0.130/0.130	15.59 mins	(1.514 mins)	0.164	0.243	0.201	0.251
42.0/42.0	0.132/0.130	17.24 mins	(1.649 mins)	0.187	0.264	0.205	0.251
42.0/42.0	0.134/0.130	18.91 mins	(1.671 mins)	0.203	0.279	0.200	0.247
42.0/42.0	0.136/0.130	20.60 mins	(1.684 mins)	0.230	0.304	0.212	0.248
42.0/42.0	0.138/0.130	22.12 mins	(1.524 mins)	0.194	0.284	0.189	0.249
42.0/42.0	0.140/0.130	23.79 mins	(1.673 mins)	0.211	0.280	0.201	0.248
42.0/42.0	0.142/0.130	25.57 mins	(1.777 mins)	0.239	0.320	0.195	0.249
42.0/42.0	0.144/0.130	27.38 mins	(1.806 mins)	0.252	0.329	0.207	0.246
42.0/42.0	0.146/0.130	29.18 mins	(1.799 mins)	0.243	0.339	0.191	0.245
42.0/42.0	0.148/0.130	31.06 mins	(1.889 mins)	0.269	0.356	0.199	0.243
42.0/42.0	0.150/0.130	32.80 mins	(1.734 mins)	0.264	0.357	0.201	0.248


42.2/42.0	0.110/0.130	34.14 mins	(1.337 mins)	0.104	0.156	0.194	0.251
42.2/42.0	0.112/0.130	35.43 mins	(1.294 mins)	0.097	0.144	0.189	0.250
42.2/42.0	0.114/0.130	36.79 mins	(1.358 mins)	0.107	0.161	0.186	0.248
42.2/42.0	0.116/0.130	38.24 mins	(1.453 mins)	0.127	0.177	0.210	0.248
42.2/42.0	0.118/0.130	39.64 mins	(1.398 mins)	0.121	0.185	0.192	0.249
42.2/42.0	0.120/0.130	41.06 mins	(1.423 mins)	0.118	0.176	0.196	0.248
42.2/42.0	0.122/0.130	42.54 mins	(1.484 mins)	0.150	0.209	0.207	0.250
42.2/42.0	0.124/0.130	44.10 mins	(1.558 mins)	0.146	0.206	0.189	0.249
42.2/42.0	0.126/0.130	45.62 mins	(1.522 mins)	0.156	0.222	0.197	0.248
42.2/42.0	0.128/0.130	47.10 mins	(1.477 mins)	0.175	0.229	0.207	0.245
42.2/42.0	0.130/0.130	48.65 mins	(1.55 mins)	0.164	0.225	0.207	0.247
42.2/42.0	0.132/0.130	50.23 mins	(1.578 mins)	0.194	0.265	0.200	0.245
42.2/42.0	0.134/0.130	51.80 mins	(1.572 mins)	0.191	0.276	0.196	0.248
42.2/42.0	0.136/0.130	53.44 mins	(1.641 mins)	0.223	0.282	0.210	0.249
42.2/42.0	0.138/0.130	55.07 mins	(1.628 mins)	0.218	0.294	0.213	0.250
42.2/42.0	0.140/0.130	56.72 mins	(1.653 mins)	0.231	0.303	0.200	0.248
42.2/42.0	0.142/0.130	58.41 mins	(1.691 mins)	0.271	0.332	0.218	0.250
42.2/42.0	0.144/0.130	59.97 mins	(1.558 mins)	0.220	0.318	0.190	0.250
42.2/42.0	0.146/0.130	61.57 mins	(1.597 mins)	0.231	0.309	0.196	0.246
42.2/42.0	0.148/0.130	63.30 mins	(1.736 mins)	0.262	0.345	0.203	0.248
42.2/42.0	0.150/0.130	65.17 mins	(1.863 mins)	0.276	0.356	0.210	0.249


42.4/42.0	0.110/0.130	66.67 mins	(1.506 mins)	0.101	0.150	0.202	0.256
42.4/42.0	0.112/0.130	68.07 mins	(1.397 mins)	0.098	0.145	0.192	0.253
42.4/42.0	0.114/0.130	69.47 mins	(1.399 mins)	0.110	0.159	0.204	0.248
42.4/42.0	0.116/0.130	70.76 mins	(1.286 mins)	0.119	0.181	0.190	0.249
42.4/42.0	0.118/0.130	72.25 mins	(1.49 mins)	0.140	0.198	0.199	0.246
42.4/42.0	0.120/0.130	73.64 mins	(1.396 mins)	0.128	0.212	0.171	0.247
42.4/42.0	0.122/0.130	75.08 mins	(1.44 mins)	0.143	0.193	0.204	0.250
42.4/42.0	0.124/0.130	76.44 mins	(1.362 mins)	0.142	0.213	0.199	0.248
42.4/42.0	0.126/0.130	77.88 mins	(1.439 mins)	0.148	0.214	0.187	0.248
42.4/42.0	0.128/0.130	79.39 mins	(1.505 mins)	0.175	0.239	0.196	0.246
42.4/42.0	0.130/0.130	80.83 mins	(1.443 mins)	0.170	0.249	0.193	0.249
42.4/42.0	0.132/0.130	82.38 mins	(1.552 mins)	0.193	0.275	0.197	0.253
42.4/42.0	0.134/0.130	83.94 mins	(1.558 mins)	0.191	0.274	0.203	0.252
42.4/42.0	0.136/0.130	85.49 mins	(1.549 mins)	0.203	0.293	0.187	0.249
42.4/42.0	0.138/0.130	87.09 mins	(1.597 mins)	0.202	0.258	0.202	0.248
42.4/42.0	0.140/0.130	88.63 mins	(1.549 mins)	0.228	0.314	0.203	0.249
42.4/42.0	0.142/0.130	90.16 mins	(1.53 mins)	0.224	0.306	0.200	0.247
42.4/42.0	0.144/0.130	91.81 mins	(1.645 mins)	0.257	0.333	0.209	0.249
42.4/42.0	0.146/0.130	93.50 mins	(1.687 mins)	0.266	0.341	0.204	0.249
42.4/42.0	0.148/0.130	95.24 mins	(1.745 mins)	0.264	0.354	0.194	0.247
42.4/42.0	0.150/0.130	96.84 mins	(1.604 mins)	0.272	0.369	0.200	0.247


42.6/42.0	0.110/0.130	98.12 mins	(1.274 mins)	0.104	0.167	0.192	0.251
42.6/42.0	0.112/0.130	99.43 mins	(1.307 mins)	0.098	0.165	0.179	0.253
42.6/42.0	0.114/0.130	100.78 mins	(1.35 mins)	0.109	0.165	0.200	0.249
42.6/42.0	0.116/0.130	102.09 mins	(1.317 mins)	0.119	0.171	0.208	0.248
42.6/42.0	0.118/0.130	103.42 mins	(1.323 mins)	0.124	0.186	0.187	0.245
42.6/42.0	0.120/0.130	104.77 mins	(1.351 mins)	0.136	0.185	0.203	0.251
42.6/42.0	0.122/0.130	106.16 mins	(1.392 mins)	0.139	0.199	0.192	0.249
42.6/42.0	0.124/0.130	107.55 mins	(1.392 mins)	0.150	0.222	0.189	0.254
42.6/42.0	0.126/0.130	109.06 mins	(1.509 mins)	0.178	0.243	0.207	0.251
42.6/42.0	0.128/0.130	110.57 mins	(1.509 mins)	0.162	0.221	0.203	0.254
42.6/42.0	0.130/0.130	112.03 mins	(1.463 mins)	0.160	0.240	0.199	0.246
42.6/42.0	0.132/0.130	113.58 mins	(1.547 mins)	0.177	0.244	0.201	0.250
42.6/42.0	0.134/0.130	115.11 mins	(1.533 mins)	0.197	0.274	0.202	0.246
42.6/42.0	0.136/0.130	116.67 mins	(1.562 mins)	0.209	0.293	0.208	0.253
42.6/42.0	0.138/0.130	118.16 mins	(1.488 mins)	0.206	0.293	0.195	0.250
42.6/42.0	0.140/0.130	119.94 mins	(1.781 mins)	0.237	0.322	0.205	0.254
42.6/42.0	0.142/0.130	121.65 mins	(1.713 mins)	0.240	0.309	0.217	0.249
42.6/42.0	0.144/0.130	123.39 mins	(1.734 mins)	0.266	0.338	0.209	0.245
42.6/42.0	0.146/0.130	125.05 mins	(1.657 mins)	0.266	0.348	0.202	0.252
42.6/42.0	0.148/0.130	126.82 mins	(1.778 mins)	0.294	0.365	0.214	0.252
42.6/42.0	0.150/0.130	128.56 mins	(1.74 mins)	0.276	0.353	0.212	0.248


42.8/42.0	0.110/0.130	129.82 mins	(1.252 mins)	0.115	0.176	0.214	0.254
42.8/42.0	0.112/0.130	131.17 mins	(1.355 mins)	0.119	0.171	0.204	0.257
42.8/42.0	0.114/0.130	132.55 mins	(1.383 mins)	0.124	0.174	0.197	0.253
42.8/42.0	0.116/0.130	134.00 mins	(1.443 mins)	0.123	0.184	0.196	0.253
42.8/42.0	0.118/0.130	135.31 mins	(1.311 mins)	0.120	0.185	0.195	0.248
42.8/42.0	0.120/0.130	136.74 mins	(1.432 mins)	0.156	0.212	0.204	0.253
42.8/42.0	0.122/0.130	138.16 mins	(1.424 mins)	0.153	0.214	0.201	0.251
42.8/42.0	0.124/0.130	139.70 mins	(1.538 mins)	0.164	0.228	0.208	0.255
42.8/42.0	0.126/0.130	141.19 mins	(1.486 mins)	0.173	0.226	0.204	0.249
42.8/42.0	0.128/0.130	142.69 mins	(1.497 mins)	0.168	0.235	0.197	0.251
42.8/42.0	0.130/0.130	144.17 mins	(1.484 mins)	0.172	0.239	0.203	0.252
42.8/42.0	0.132/0.130	145.82 mins	(1.654 mins)	0.204	0.257	0.213	0.251
42.8/42.0	0.134/0.130	147.36 mins	(1.536 mins)	0.179	0.254	0.199	0.250
42.8/42.0	0.136/0.130	148.96 mins	(1.599 mins)	0.203	0.274	0.199	0.251
42.8/42.0	0.138/0.130	150.64 mins	(1.677 mins)	0.221	0.309	0.196	0.249
42.8/42.0	0.140/0.130	152.33 mins	(1.697 mins)	0.222	0.310	0.205	0.251
42.8/42.0	0.142/0.130	154.04 mins	(1.71 mins)	0.234	0.303	0.213	0.253
42.8/42.0	0.144/0.130	155.73 mins	(1.693 mins)	0.260	0.332	0.209	0.251
42.8/42.0	0.146/0.130	157.52 mins	(1.784 mins)	0.275	0.341	0.217	0.251
42.8/42.0	0.148/0.130	159.15 mins	(1.634 mins)	0.262	0.347	0.204	0.251
42.8/42.0	0.150/0.130	160.97 mins	(1.82 mins)	0.312	0.362	0.223	0.250


43.0/42.0	0.110/0.130	162.34 mins	(1.368 mins)	0.109	0.172	0.201	0.252
43.0/42.0	0.112/0.130	163.68 mins	(1.338 mins)	0.108	0.168	0.193	0.252
43.0/42.0	0.114/0.130	165.05 mins	(1.369 mins)	0.123	0.189	0.194	0.249
43.0/42.0	0.116/0.130	166.53 mins	(1.485 mins)	0.131	0.185	0.214	0.253
43.0/42.0	0.118/0.130	167.93 mins	(1.402 mins)	0.131	0.187	0.197	0.255
43.0/42.0	0.120/0.130	169.38 mins	(1.444 mins)	0.145	0.199	0.202	0.257
43.0/42.0	0.122/0.130	170.89 mins	(1.507 mins)	0.150	0.214	0.202	0.255
43.0/42.0	0.124/0.130	172.35 mins	(1.465 mins)	0.165	0.212	0.210	0.252
43.0/42.0	0.126/0.130	173.97 mins	(1.624 mins)	0.173	0.242	0.197	0.251
43.0/42.0	0.128/0.130	175.43 mins	(1.453 mins)	0.160	0.240	0.192	0.254
43.0/42.0	0.130/0.130	176.88 mins	(1.452 mins)	0.166	0.221	0.206	0.252
43.0/42.0	0.132/0.130	178.37 mins	(1.49 mins)	0.184	0.251	0.198	0.254
43.0/42.0	0.134/0.130	179.84 mins	(1.474 mins)	0.189	0.251	0.207	0.252
43.0/42.0	0.136/0.130	181.53 mins	(1.683 mins)	0.205	0.295	0.189	0.249
43.0/42.0	0.138/0.130	183.18 mins	(1.65 mins)	0.242	0.329	0.207	0.254
43.0/42.0	0.140/0.130	184.74 mins	(1.566 mins)	0.216	0.291	0.204	0.254
43.0/42.0	0.142/0.130	186.42 mins	(1.68 mins)	0.249	0.327	0.205	0.252
43.0/42.0	0.144/0.130	188.15 mins	(1.725 mins)	0.252	0.331	0.207	0.249
43.0/42.0	0.146/0.130	189.91 mins	(1.761 mins)	0.293	0.368	0.228	0.255
43.0/42.0	0.148/0.130	191.66 mins	(1.753 mins)	0.295	0.383	0.203	0.254
43.0/42.0	0.150/0.130	193.41 mins	(1.747 mins)	0.306	0.382	0.212	0.249


43.2/42.0	0.110/0.130	194.77 mins	(1.36 mins)	0.111	0.152	0.221	0.255
43.2/42.0	0.112/0.130	196.10 mins	(1.336 mins)	0.108	0.157	0.214	0.257
43.2/42.0	0.114/0.130	197.55 mins	(1.443 mins)	0.125	0.170	0.215	0.252
43.2/42.0	0.116/0.130	198.86 mins	(1.317 mins)	0.115	0.179	0.183	0.254
43.2/42.0	0.118/0.130	200.34 mins	(1.471 mins)	0.153	0.207	0.217	0.250
43.2/42.0	0.120/0.130	201.78 mins	(1.444 mins)	0.153	0.209	0.211	0.250
43.2/42.0	0.122/0.130	203.20 mins	(1.423 mins)	0.153	0.207	0.214	0.255
43.2/42.0	0.124/0.130	204.62 mins	(1.417 mins)	0.166	0.242	0.193	0.254
43.2/42.0	0.126/0.130	206.20 mins	(1.582 mins)	0.182	0.254	0.203	0.254
43.2/42.0	0.128/0.130	207.79 mins	(1.59 mins)	0.195	0.261	0.213	0.253
43.2/42.0	0.130/0.130	209.28 mins	(1.488 mins)	0.167	0.241	0.195	0.250
43.2/42.0	0.132/0.130	210.81 mins	(1.533 mins)	0.199	0.272	0.217	0.253
43.2/42.0	0.134/0.130	212.38 mins	(1.566 mins)	0.202	0.289	0.205	0.253
43.2/42.0	0.136/0.130	214.06 mins	(1.683 mins)	0.230	0.302	0.211	0.253
43.2/42.0	0.138/0.130	215.72 mins	(1.654 mins)	0.216	0.294	0.202	0.253
43.2/42.0	0.140/0.130	217.25 mins	(1.536 mins)	0.219	0.291	0.202	0.254
43.2/42.0	0.142/0.130	218.89 mins	(1.634 mins)	0.231	0.303	0.210	0.253
43.2/42.0	0.144/0.130	220.47 mins	(1.587 mins)	0.252	0.326	0.207	0.253
43.2/42.0	0.146/0.130	222.25 mins	(1.775 mins)	0.294	0.369	0.211	0.252
43.2/42.0	0.148/0.130	223.96 mins	(1.708 mins)	0.292	0.374	0.218	0.253
43.2/42.0	0.150/0.130	225.73 mins	(1.776 mins)	0.276	0.380	0.196	0.254


43.4/42.0	0.110/0.130	226.97 mins	(1.242 mins)	0.098	0.150	0.199	0.255
43.4/42.0	0.112/0.130	228.32 mins	(1.349 mins)	0.101	0.147	0.202	0.251
43.4/42.0	0.114/0.130	229.75 mins	(1.426 mins)	0.130	0.179	0.206	0.259
43.4/42.0	0.116/0.130	231.19 mins	(1.44 mins)	0.131	0.190	0.212	0.260
43.4/42.0	0.118/0.130	232.59 mins	(1.403 mins)	0.126	0.193	0.182	0.252
43.4/42.0	0.120/0.130	233.89 mins	(1.296 mins)	0.119	0.187	0.196	0.254
43.4/42.0	0.122/0.130	235.36 mins	(1.472 mins)	0.140	0.197	0.208	0.259
43.4/42.0	0.124/0.130	236.82 mins	(1.456 mins)	0.144	0.204	0.198	0.256
43.4/42.0	0.126/0.130	238.34 mins	(1.528 mins)	0.167	0.254	0.192	0.257
43.4/42.0	0.128/0.130	239.90 mins	(1.56 mins)	0.155	0.223	0.199	0.261
43.4/42.0	0.130/0.130	241.34 mins	(1.431 mins)	0.170	0.244	0.188	0.252
43.4/42.0	0.132/0.130	242.94 mins	(1.606 mins)	0.178	0.234	0.207	0.249
43.4/42.0	0.134/0.130	244.52 mins	(1.578 mins)	0.200	0.277	0.207	0.254
43.4/42.0	0.136/0.130	246.07 mins	(1.547 mins)	0.209	0.284	0.203	0.251
43.4/42.0	0.138/0.130	247.62 mins	(1.555 mins)	0.203	0.304	0.195	0.252
43.4/42.0	0.140/0.130	249.42 mins	(1.803 mins)	0.238	0.314	0.207	0.256
43.4/42.0	0.142/0.130	251.06 mins	(1.64 mins)	0.255	0.339	0.220	0.258
43.4/42.0	0.144/0.130	252.81 mins	(1.743 mins)	0.287	0.359	0.227	0.256
43.4/42.0	0.146/0.130	254.57 mins	(1.763 mins)	0.255	0.333	0.219	0.255
43.4/42.0	0.148/0.130	256.31 mins	(1.738 mins)	0.297	0.380	0.211	0.256
43.4/42.0	0.150/0.130	258.11 mins	(1.80 mins)	0.318	0.374	0.229	0.253


43.6/42.0	0.110/0.130	259.42 mins	(1.307 mins)	0.108	0.153	0.195	0.252
43.6/42.0	0.112/0.130	260.70 mins	(1.282 mins)	0.117	0.172	0.196	0.260
43.6/42.0	0.114/0.130	262.15 mins	(1.449 mins)	0.123	0.179	0.208	0.256
43.6/42.0	0.116/0.130	263.46 mins	(1.312 mins)	0.128	0.185	0.201	0.256
43.6/42.0	0.118/0.130	264.94 mins	(1.487 mins)	0.132	0.201	0.193	0.254
43.6/42.0	0.120/0.130	266.39 mins	(1.442 mins)	0.139	0.197	0.202	0.250
43.6/42.0	0.122/0.130	267.86 mins	(1.475 mins)	0.148	0.225	0.192	0.255
43.6/42.0	0.124/0.130	269.35 mins	(1.491 mins)	0.164	0.233	0.207	0.256
43.6/42.0	0.126/0.130	270.87 mins	(1.514 mins)	0.183	0.254	0.201	0.262
43.6/42.0	0.128/0.130	272.38 mins	(1.517 mins)	0.179	0.242	0.199	0.256
43.6/42.0	0.130/0.130	273.85 mins	(1.47 mins)	0.183	0.256	0.208	0.258
43.6/42.0	0.132/0.130	275.43 mins	(1.576 mins)	0.208	0.280	0.207	0.256
43.6/42.0	0.134/0.130	276.92 mins	(1.487 mins)	0.187	0.263	0.196	0.255
43.6/42.0	0.136/0.130	278.46 mins	(1.542 mins)	0.200	0.277	0.196	0.252
43.6/42.0	0.138/0.130	280.13 mins	(1.666 mins)	0.220	0.287	0.209	0.257
43.6/42.0	0.140/0.130	281.81 mins	(1.682 mins)	0.262	0.346	0.215	0.255
43.6/42.0	0.142/0.130	283.52 mins	(1.717 mins)	0.233	0.318	0.207	0.255
43.6/42.0	0.144/0.130	285.33 mins	(1.807 mins)	0.280	0.373	0.205	0.255
43.6/42.0	0.146/0.130	287.11 mins	(1.775 mins)	0.256	0.326	0.214	0.256
43.6/42.0	0.148/0.130	288.84 mins	(1.738 mins)	0.301	0.389	0.211	0.256
43.6/42.0	0.150/0.130	290.56 mins	(1.717 mins)	0.268	0.366	0.211	0.256


43.8/42.0	0.110/0.130	291.93 mins	(1.369 mins)	0.107	0.166	0.214	0.259
43.8/42.0	0.112/0.130	293.24 mins	(1.306 mins)	0.111	0.157	0.217	0.255
43.8/42.0	0.114/0.130	294.57 mins	(1.332 mins)	0.113	0.157	0.200	0.252
43.8/42.0	0.116/0.130	295.91 mins	(1.342 mins)	0.133	0.186	0.200	0.254
43.8/42.0	0.118/0.130	297.37 mins	(1.454 mins)	0.141	0.206	0.198	0.256
43.8/42.0	0.120/0.130	298.78 mins	(1.416 mins)	0.144	0.213	0.209	0.257
43.8/42.0	0.122/0.130	300.23 mins	(1.451 mins)	0.159	0.220	0.203	0.257
43.8/42.0	0.124/0.130	301.69 mins	(1.459 mins)	0.157	0.222	0.200	0.253
43.8/42.0	0.126/0.130	303.20 mins	(1.508 mins)	0.179	0.257	0.196	0.257
43.8/42.0	0.128/0.130	304.65 mins	(1.45 mins)	0.174	0.251	0.202	0.258
43.8/42.0	0.130/0.130	306.13 mins	(1.483 mins)	0.165	0.248	0.192	0.254
43.8/42.0	0.132/0.130	307.76 mins	(1.625 mins)	0.188	0.263	0.201	0.257
43.8/42.0	0.134/0.130	309.32 mins	(1.562 mins)	0.202	0.274	0.202	0.255
43.8/42.0	0.136/0.130	310.89 mins	(1.575 mins)	0.206	0.293	0.210	0.259
43.8/42.0	0.138/0.130	312.56 mins	(1.671 mins)	0.231	0.296	0.216	0.256
43.8/42.0	0.140/0.130	314.23 mins	(1.661 mins)	0.232	0.307	0.209	0.256
43.8/42.0	0.142/0.130	315.95 mins	(1.724 mins)	0.261	0.334	0.221	0.260
43.8/42.0	0.144/0.130	317.72 mins	(1.766 mins)	0.266	0.352	0.206	0.257
43.8/42.0	0.146/0.130	319.40 mins	(1.69 mins)	0.269	0.347	0.218	0.254
43.8/42.0	0.148/0.130	321.18 mins	(1.777 mins)	0.277	0.371	0.206	0.260
43.8/42.0	0.150/0.130	322.90 mins	(1.717 mins)	0.286	0.348	0.219	0.255


44.0/42.0	0.110/0.130	324.22 mins	(1.325 mins)	0.106	0.159	0.207	0.262
44.0/42.0	0.112/0.130	325.62 mins	(1.395 mins)	0.121	0.170	0.203	0.256
44.0/42.0	0.114/0.130	326.97 mins	(1.356 mins)	0.125	0.182	0.214	0.263
44.0/42.0	0.116/0.130	328.37 mins	(1.398 mins)	0.129	0.194	0.205	0.258
44.0/42.0	0.118/0.130	329.76 mins	(1.391 mins)	0.137	0.188	0.211	0.257
44.0/42.0	0.120/0.130	331.18 mins	(1.42 mins)	0.131	0.188	0.198	0.262
44.0/42.0	0.122/0.130	332.60 mins	(1.417 mins)	0.138	0.193	0.207	0.256
44.0/42.0	0.124/0.130	334.02 mins	(1.419 mins)	0.148	0.214	0.197	0.257
44.0/42.0	0.126/0.130	335.45 mins	(1.434 mins)	0.153	0.223	0.198	0.257
44.0/42.0	0.128/0.130	336.83 mins	(1.38 mins)	0.159	0.235	0.196	0.254
44.0/42.0	0.130/0.130	338.41 mins	(1.582 mins)	0.195	0.264	0.220	0.254
44.0/42.0	0.132/0.130	339.92 mins	(1.506 mins)	0.196	0.266	0.216	0.257
44.0/42.0	0.134/0.130	341.46 mins	(1.542 mins)	0.203	0.264	0.215	0.257
44.0/42.0	0.136/0.130	343.05 mins	(1.591 mins)	0.219	0.297	0.202	0.258
44.0/42.0	0.138/0.130	344.82 mins	(1.763 mins)	0.240	0.311	0.220	0.254
44.0/42.0	0.140/0.130	346.43 mins	(1.614 mins)	0.218	0.319	0.203	0.256
44.0/42.0	0.142/0.130	348.14 mins	(1.711 mins)	0.263	0.352	0.201	0.257
44.0/42.0	0.144/0.130	349.73 mins	(1.591 mins)	0.251	0.339	0.205	0.256
44.0/42.0	0.146/0.130	351.39 mins	(1.655 mins)	0.271	0.354	0.213	0.259
44.0/42.0	0.148/0.130	353.19 mins	(1.798 mins)	0.281	0.380	0.207	0.254
44.0/42.0	0.150/0.130	354.96 mins	(1.778 mins)	0.309	0.401	0.210	0.258


44.2/42.0	0.110/0.130	356.28 mins	(1.314 mins)	0.112	0.169	0.214	0.261
44.2/42.0	0.112/0.130	357.65 mins	(1.367 mins)	0.113	0.174	0.195	0.259
44.2/42.0	0.114/0.130	359.02 mins	(1.378 mins)	0.118	0.169	0.213	0.261
44.2/42.0	0.116/0.130	360.39 mins	(1.372 mins)	0.124	0.186	0.203	0.261
44.2/42.0	0.118/0.130	361.82 mins	(1.43 mins)	0.133	0.190	0.203	0.255
44.2/42.0	0.120/0.130	363.21 mins	(1.384 mins)	0.146	0.207	0.217	0.258
44.2/42.0	0.122/0.130	364.72 mins	(1.51 mins)	0.158	0.220	0.208	0.257
44.2/42.0	0.124/0.130	366.26 mins	(1.537 mins)	0.173	0.233	0.217	0.258
44.2/42.0	0.126/0.130	367.70 mins	(1.443 mins)	0.161	0.234	0.203	0.257
44.2/42.0	0.128/0.130	369.23 mins	(1.536 mins)	0.178	0.253	0.207	0.255
44.2/42.0	0.130/0.130	370.91 mins	(1.678 mins)	0.188	0.256	0.208	0.257
44.2/42.0	0.132/0.130	372.44 mins	(1.528 mins)	0.205	0.269	0.213	0.258
44.2/42.0	0.134/0.130	374.05 mins	(1.606 mins)	0.212	0.290	0.207	0.261
44.2/42.0	0.136/0.130	375.70 mins	(1.649 mins)	0.225	0.304	0.212	0.261
44.2/42.0	0.138/0.130	377.30 mins	(1.602 mins)	0.233	0.310	0.218	0.261
44.2/42.0	0.140/0.130	379.09 mins	(1.789 mins)	0.258	0.335	0.221	0.260
44.2/42.0	0.142/0.130	380.85 mins	(1.764 mins)	0.267	0.320	0.222	0.260
44.2/42.0	0.144/0.130	382.58 mins	(1.727 mins)	0.277	0.350	0.216	0.262
44.2/42.0	0.146/0.130	384.27 mins	(1.696 mins)	0.277	0.363	0.212	0.258
44.2/42.0	0.148/0.130	386.06 mins	(1.789 mins)	0.277	0.381	0.205	0.260
44.2/42.0	0.150/0.130	387.86 mins	(1.799 mins)	0.282	0.341	0.221	0.258


44.4/42.0	0.110/0.130	389.19 mins	(1.327 mins)	0.113	0.171	0.201	0.261
44.4/42.0	0.112/0.130	390.55 mins	(1.364 mins)	0.119	0.162	0.217	0.257
44.4/42.0	0.114/0.130	391.92 mins	(1.37 mins)	0.119	0.168	0.211	0.263
44.4/42.0	0.116/0.130	393.33 mins	(1.407 mins)	0.115	0.182	0.200	0.264
44.4/42.0	0.118/0.130	394.84 mins	(1.509 mins)	0.138	0.202	0.200	0.262
44.4/42.0	0.120/0.130	396.41 mins	(1.569 mins)	0.155	0.222	0.203	0.259
44.4/42.0	0.122/0.130	397.85 mins	(1.444 mins)	0.162	0.212	0.219	0.261
44.4/42.0	0.124/0.130	399.40 mins	(1.546 mins)	0.172	0.231	0.218	0.261
44.4/42.0	0.126/0.130	400.86 mins	(1.465 mins)	0.187	0.247	0.210	0.257
44.4/42.0	0.128/0.130	402.35 mins	(1.484 mins)	0.179	0.259	0.192	0.258
44.4/42.0	0.130/0.130	403.94 mins	(1.589 mins)	0.187	0.259	0.205	0.260
44.4/42.0	0.132/0.130	405.50 mins	(1.564 mins)	0.196	0.273	0.214	0.259
44.4/42.0	0.134/0.130	407.06 mins	(1.556 mins)	0.200	0.276	0.203	0.254
44.4/42.0	0.136/0.130	408.68 mins	(1.619 mins)	0.222	0.280	0.220	0.261
44.4/42.0	0.138/0.130	410.38 mins	(1.702 mins)	0.246	0.337	0.202	0.262
44.4/42.0	0.140/0.130	412.05 mins	(1.676 mins)	0.229	0.303	0.210	0.261
44.4/42.0	0.142/0.130	413.83 mins	(1.774 mins)	0.251	0.330	0.212	0.258
44.4/42.0	0.144/0.130	415.48 mins	(1.654 mins)	0.258	0.322	0.222	0.259
44.4/42.0	0.146/0.130	417.26 mins	(1.776 mins)	0.275	0.352	0.210	0.258
44.4/42.0	0.148/0.130	419.04 mins	(1.786 mins)	0.285	0.376	0.209	0.257
44.4/42.0	0.150/0.130	420.76 mins	(1.722 mins)	0.271	0.365	0.205	0.257


44.6/42.0	0.110/0.130	422.09 mins	(1.321 mins)	0.120	0.181	0.216	0.264
44.6/42.0	0.112/0.130	423.47 mins	(1.381 mins)	0.114	0.170	0.196	0.263
44.6/42.0	0.114/0.130	424.79 mins	(1.327 mins)	0.123	0.178	0.201	0.263
44.6/42.0	0.116/0.130	426.20 mins	(1.411 mins)	0.140	0.206	0.205	0.262
44.6/42.0	0.118/0.130	427.65 mins	(1.448 mins)	0.157	0.215	0.215	0.266
44.6/42.0	0.120/0.130	428.96 mins	(1.309 mins)	0.126	0.190	0.196	0.262
44.6/42.0	0.122/0.130	430.43 mins	(1.471 mins)	0.155	0.226	0.197	0.263
44.6/42.0	0.124/0.130	431.87 mins	(1.437 mins)	0.154	0.213	0.207	0.262
44.6/42.0	0.126/0.130	433.39 mins	(1.524 mins)	0.182	0.250	0.210	0.259
44.6/42.0	0.128/0.130	434.95 mins	(1.558 mins)	0.172	0.228	0.220	0.265
44.6/42.0	0.130/0.130	436.62 mins	(1.667 mins)	0.191	0.264	0.212	0.260
44.6/42.0	0.132/0.130	438.30 mins	(1.679 mins)	0.225	0.291	0.223	0.263
44.6/42.0	0.134/0.130	439.83 mins	(1.535 mins)	0.181	0.256	0.205	0.256
44.6/42.0	0.136/0.130	441.52 mins	(1.69 mins)	0.248	0.304	0.225	0.262
44.6/42.0	0.138/0.130	443.31 mins	(1.789 mins)	0.212	0.280	0.218	0.260
44.6/42.0	0.140/0.130	445.00 mins	(1.69 mins)	0.232	0.336	0.212	0.264
44.6/42.0	0.142/0.130	446.80 mins	(1.795 mins)	0.265	0.333	0.224	0.259
44.6/42.0	0.144/0.130	448.43 mins	(1.638 mins)	0.269	0.355	0.217	0.261
44.6/42.0	0.146/0.130	450.26 mins	(1.826 mins)	0.309	0.388	0.218	0.260
44.6/42.0	0.148/0.130	452.02 mins	(1.759 mins)	0.310	0.394	0.215	0.260
44.6/42.0	0.150/0.130	453.73 mins	(1.712 mins)	0.273	0.364	0.215	0.256


44.8/42.0	0.110/0.130	455.00 mins	(1.268 mins)	0.098	0.150	0.197	0.262
44.8/42.0	0.112/0.130	456.40 mins	(1.402 mins)	0.121	0.186	0.199	0.258
44.8/42.0	0.114/0.130	457.73 mins	(1.329 mins)	0.130	0.194	0.211	0.262
44.8/42.0	0.116/0.130	459.10 mins	(1.371 mins)	0.118	0.181	0.198	0.262
44.8/42.0	0.118/0.130	460.53 mins	(1.433 mins)	0.143	0.198	0.215	0.258
44.8/42.0	0.120/0.130	462.03 mins	(1.493 mins)	0.144	0.201	0.223	0.262
44.8/42.0	0.122/0.130	463.51 mins	(1.479 mins)	0.163	0.217	0.213	0.260
44.8/42.0	0.124/0.130	465.01 mins	(1.503 mins)	0.177	0.237	0.219	0.262
44.8/42.0	0.126/0.130	466.57 mins	(1.565 mins)	0.181	0.252	0.202	0.262
44.8/42.0	0.128/0.130	468.34 mins	(1.763 mins)	0.211	0.270	0.227	0.261
44.8/42.0	0.130/0.130	469.93 mins	(1.591 mins)	0.191	0.259	0.219	0.256
44.8/42.0	0.132/0.130	471.57 mins	(1.643 mins)	0.236	0.299	0.239	0.263
44.8/42.0	0.134/0.130	473.22 mins	(1.646 mins)	0.231	0.288	0.223	0.261
44.8/42.0	0.136/0.130	474.91 mins	(1.687 mins)	0.243	0.319	0.219	0.262
44.8/42.0	0.138/0.130	476.55 mins	(1.642 mins)	0.261	0.348	0.207	0.261
44.8/42.0	0.140/0.130	478.29 mins	(1.739 mins)	0.247	0.306	0.217	0.262
44.8/42.0	0.142/0.130	479.90 mins	(1.615 mins)	0.252	0.352	0.208	0.262
44.8/42.0	0.144/0.130	481.54 mins	(1.639 mins)	0.249	0.323	0.210	0.261
44.8/42.0	0.146/0.130	483.26 mins	(1.724 mins)	0.277	0.344	0.220	0.262
44.8/42.0	0.148/0.130	485.05 mins	(1.782 mins)	0.288	0.366	0.214	0.262
44.8/42.0	0.150/0.130	486.78 mins	(1.732 mins)	0.294	0.375	0.216	0.260


45.0/42.0	0.110/0.130	488.08 mins	(1.303 mins)	0.111	0.158	0.214	0.259
45.0/42.0	0.112/0.130	489.46 mins	(1.383 mins)	0.118	0.163	0.212	0.267
45.0/42.0	0.114/0.130	490.91 mins	(1.449 mins)	0.121	0.182	0.213	0.263
45.0/42.0	0.116/0.130	492.37 mins	(1.458 mins)	0.152	0.195	0.219	0.262
45.0/42.0	0.118/0.130	493.89 mins	(1.522 mins)	0.167	0.211	0.224	0.262
45.0/42.0	0.120/0.130	495.31 mins	(1.418 mins)	0.136	0.206	0.201	0.263
45.0/42.0	0.122/0.130	496.78 mins	(1.468 mins)	0.162	0.242	0.207	0.267
45.0/42.0	0.124/0.130	498.27 mins	(1.494 mins)	0.182	0.246	0.210	0.262
45.0/42.0	0.126/0.130	499.76 mins	(1.485 mins)	0.173	0.236	0.215	0.262
45.0/42.0	0.128/0.130	501.40 mins	(1.647 mins)	0.217	0.281	0.214	0.261
45.0/42.0	0.130/0.130	502.92 mins	(1.512 mins)	0.204	0.283	0.208	0.263
45.0/42.0	0.132/0.130	504.55 mins	(1.637 mins)	0.197	0.287	0.199	0.266
45.0/42.0	0.134/0.130	506.18 mins	(1.624 mins)	0.228	0.298	0.220	0.264
45.0/42.0	0.136/0.130	507.76 mins	(1.584 mins)	0.223	0.291	0.220	0.263
45.0/42.0	0.138/0.130	509.33 mins	(1.567 mins)	0.232	0.298	0.209	0.261
45.0/42.0	0.140/0.130	511.13 mins	(1.80 mins)	0.254	0.322	0.217	0.265
45.0/42.0	0.142/0.130	512.81 mins	(1.678 mins)	0.253	0.337	0.211	0.258
45.0/42.0	0.144/0.130	514.62 mins	(1.814 mins)	0.271	0.360	0.223	0.264
45.0/42.0	0.146/0.130	516.39 mins	(1.767 mins)	0.286	0.355	0.221	0.263
45.0/42.0	0.148/0.130	518.14 mins	(1.758 mins)	0.299	0.393	0.221	0.261
45.0/42.0	0.150/0.130	519.95 mins	(1.807 mins)	0.319	0.396	0.222	0.262


45.2/42.0	0.110/0.130	521.34 mins	(1.386 mins)	0.107	0.157	0.211	0.263
45.2/42.0	0.112/0.130	522.67 mins	(1.329 mins)	0.123	0.186	0.207	0.267
45.2/42.0	0.114/0.130	524.07 mins	(1.40 mins)	0.135	0.190	0.205	0.264
45.2/42.0	0.116/0.130	525.44 mins	(1.371 mins)	0.141	0.202	0.206	0.271
45.2/42.0	0.118/0.130	526.82 mins	(1.381 mins)	0.145	0.199	0.203	0.260
45.2/42.0	0.120/0.130	528.31 mins	(1.491 mins)	0.151	0.213	0.204	0.264
45.2/42.0	0.122/0.130	529.79 mins	(1.486 mins)	0.144	0.200	0.214	0.267
45.2/42.0	0.124/0.130	531.34 mins	(1.547 mins)	0.183	0.239	0.219	0.264
45.2/42.0	0.126/0.130	533.00 mins	(1.657 mins)	0.178	0.251	0.198	0.258
45.2/42.0	0.128/0.130	534.69 mins	(1.691 mins)	0.222	0.280	0.223	0.262
45.2/42.0	0.130/0.130	536.22 mins	(1.527 mins)	0.185	0.273	0.198	0.266
45.2/42.0	0.132/0.130	537.86 mins	(1.642 mins)	0.216	0.278	0.220	0.261
45.2/42.0	0.134/0.130	539.50 mins	(1.645 mins)	0.224	0.298	0.213	0.260
45.2/42.0	0.136/0.130	541.22 mins	(1.713 mins)	0.239	0.324	0.208	0.265
45.2/42.0	0.138/0.130	542.78 mins	(1.561 mins)	0.222	0.301	0.204	0.264
45.2/42.0	0.140/0.130	544.46 mins	(1.678 mins)	0.262	0.335	0.224	0.265
45.2/42.0	0.142/0.130	546.13 mins	(1.68 mins)	0.268	0.335	0.227	0.265
45.2/42.0	0.144/0.130	547.92 mins	(1.785 mins)	0.303	0.366	0.226	0.263
45.2/42.0	0.146/0.130	549.66 mins	(1.742 mins)	0.291	0.359	0.219	0.261
45.2/42.0	0.148/0.130	551.49 mins	(1.832 mins)	0.294	0.389	0.223	0.263
45.2/42.0	0.150/0.130	553.23 mins	(1.732 mins)	0.298	0.413	0.207	0.265


45.4/42.0	0.110/0.130	554.54 mins	(1.314 mins)	0.108	0.163	0.224	0.268
45.4/42.0	0.112/0.130	555.95 mins	(1.41 mins)	0.130	0.187	0.207	0.263
45.4/42.0	0.114/0.130	557.28 mins	(1.327 mins)	0.136	0.203	0.211	0.264
45.4/42.0	0.116/0.130	558.67 mins	(1.396 mins)	0.133	0.188	0.223	0.260
45.4/42.0	0.118/0.130	560.07 mins	(1.396 mins)	0.142	0.207	0.223	0.266
45.4/42.0	0.120/0.130	561.65 mins	(1.579 mins)	0.169	0.234	0.208	0.264
45.4/42.0	0.122/0.130	563.18 mins	(1.526 mins)	0.147	0.221	0.202	0.266
45.4/42.0	0.124/0.130	564.78 mins	(1.607 mins)	0.161	0.252	0.210	0.260
45.4/42.0	0.126/0.130	566.29 mins	(1.508 mins)	0.178	0.258	0.199	0.266
45.4/42.0	0.128/0.130	567.98 mins	(1.692 mins)	0.212	0.283	0.211	0.261
45.4/42.0	0.130/0.130	569.63 mins	(1.651 mins)	0.230	0.275	0.235	0.265
45.4/42.0	0.132/0.130	571.16 mins	(1.522 mins)	0.199	0.292	0.208	0.267
45.4/42.0	0.134/0.130	572.77 mins	(1.616 mins)	0.213	0.292	0.216	0.265
45.4/42.0	0.136/0.130	574.40 mins	(1.63 mins)	0.248	0.326	0.213	0.266
45.4/42.0	0.138/0.130	576.06 mins	(1.66 mins)	0.249	0.312	0.234	0.266
45.4/42.0	0.140/0.130	577.87 mins	(1.81 mins)	0.283	0.353	0.223	0.266
45.4/42.0	0.142/0.130	579.64 mins	(1.769 mins)	0.280	0.345	0.232	0.263
45.4/42.0	0.144/0.130	581.35 mins	(1.707 mins)	0.269	0.351	0.215	0.265
45.4/42.0	0.146/0.130	583.14 mins	(1.796 mins)	0.297	0.364	0.225	0.264
45.4/42.0	0.148/0.130	584.97 mins	(1.827 mins)	0.315	0.375	0.234	0.264
45.4/42.0	0.150/0.130	586.75 mins	(1.783 mins)	0.305	0.383	0.229	0.262


45.6/42.0	0.110/0.130	588.13 mins	(1.38 mins)	0.115	0.166	0.204	0.259
45.6/42.0	0.112/0.130	589.53 mins	(1.402 mins)	0.123	0.167	0.209	0.264
45.6/42.0	0.114/0.130	590.88 mins	(1.34 mins)	0.128	0.204	0.198	0.265
45.6/42.0	0.116/0.130	592.37 mins	(1.495 mins)	0.155	0.201	0.223	0.264
45.6/42.0	0.118/0.130	593.78 mins	(1.41 mins)	0.133	0.195	0.211	0.262
45.6/42.0	0.120/0.130	595.21 mins	(1.435 mins)	0.144	0.195	0.218	0.264
45.6/42.0	0.122/0.130	596.63 mins	(1.412 mins)	0.159	0.224	0.206	0.264
45.6/42.0	0.124/0.130	598.16 mins	(1.537 mins)	0.182	0.259	0.216	0.267
45.6/42.0	0.126/0.130	599.76 mins	(1.597 mins)	0.181	0.253	0.209	0.266
45.6/42.0	0.128/0.130	601.38 mins	(1.616 mins)	0.191	0.266	0.224	0.264
45.6/42.0	0.130/0.130	602.86 mins	(1.486 mins)	0.181	0.260	0.219	0.264
45.6/42.0	0.132/0.130	604.38 mins	(1.513 mins)	0.196	0.279	0.203	0.266
45.6/42.0	0.134/0.130	605.95 mins	(1.575 mins)	0.229	0.311	0.222	0.265
45.6/42.0	0.136/0.130	607.60 mins	(1.647 mins)	0.223	0.291	0.217	0.266
45.6/42.0	0.138/0.130	609.28 mins	(1.68 mins)	0.249	0.323	0.223	0.266
45.6/42.0	0.140/0.130	610.98 mins	(1.703 mins)	0.237	0.315	0.216	0.266
45.6/42.0	0.142/0.130	612.69 mins	(1.712 mins)	0.258	0.332	0.220	0.268
45.6/42.0	0.144/0.130	614.41 mins	(1.72 mins)	0.299	0.382	0.221	0.265
45.6/42.0	0.146/0.130	616.10 mins	(1.689 mins)	0.287	0.374	0.221	0.267
45.6/42.0	0.148/0.130	617.84 mins	(1.738 mins)	0.295	0.377	0.215	0.262
45.6/42.0	0.150/0.130	619.53 mins	(1.693 mins)	0.287	0.392	0.219	0.267


45.8/42.0	0.110/0.130	620.81 mins	(1.273 mins)	0.107	0.176	0.201	0.271
45.8/42.0	0.112/0.130	622.27 mins	(1.467 mins)	0.143	0.196	0.229	0.270
45.8/42.0	0.114/0.130	623.70 mins	(1.431 mins)	0.131	0.186	0.216	0.268
45.8/42.0	0.116/0.130	625.08 mins	(1.38 mins)	0.132	0.192	0.208	0.272
45.8/42.0	0.118/0.130	626.57 mins	(1.489 mins)	0.150	0.205	0.230	0.267
45.8/42.0	0.120/0.130	628.13 mins	(1.561 mins)	0.156	0.223	0.213	0.266
45.8/42.0	0.122/0.130	629.75 mins	(1.616 mins)	0.169	0.222	0.221	0.269
45.8/42.0	0.124/0.130	631.26 mins	(1.508 mins)	0.173	0.249	0.220	0.268
45.8/42.0	0.126/0.130	632.89 mins	(1.629 mins)	0.191	0.260	0.220	0.269
45.8/42.0	0.128/0.130	634.45 mins	(1.565 mins)	0.207	0.280	0.219	0.270
45.8/42.0	0.130/0.130	636.20 mins	(1.746 mins)	0.216	0.292	0.216	0.266
45.8/42.0	0.132/0.130	637.87 mins	(1.668 mins)	0.224	0.287	0.221	0.267
45.8/42.0	0.134/0.130	639.46 mins	(1.597 mins)	0.221	0.303	0.212	0.266
45.8/42.0	0.136/0.130	641.05 mins	(1.59 mins)	0.236	0.319	0.218	0.261
45.8/42.0	0.138/0.130	642.80 mins	(1.742 mins)	0.234	0.311	0.222	0.267
45.8/42.0	0.140/0.130	644.59 mins	(1.792 mins)	0.260	0.325	0.226	0.268
45.8/42.0	0.142/0.130	646.34 mins	(1.747 mins)	0.280	0.350	0.229	0.267
45.8/42.0	0.144/0.130	648.05 mins	(1.715 mins)	0.284	0.376	0.216	0.266
45.8/42.0	0.146/0.130	649.72 mins	(1.673 mins)	0.264	0.342	0.215	0.264
45.8/42.0	0.148/0.130	651.57 mins	(1.851 mins)	0.291	0.380	0.217	0.266
45.8/42.0	0.150/0.130	653.46 mins	(1.888 mins)	0.340	0.428	0.228	0.269


46.0/42.0	0.110/0.130	654.86 mins	(1.402 mins)	0.106	0.159	0.209	0.271
46.0/42.0	0.112/0.130	656.44 mins	(1.578 mins)	0.129	0.183	0.223	0.267
46.0/42.0	0.114/0.130	657.96 mins	(1.523 mins)	0.142	0.193	0.228	0.269
46.0/42.0	0.116/0.130	659.33 mins	(1.361 mins)	0.139	0.205	0.228	0.272
46.0/42.0	0.118/0.130	660.71 mins	(1.381 mins)	0.137	0.192	0.211	0.270
46.0/42.0	0.120/0.130	662.21 mins	(1.502 mins)	0.165	0.216	0.227	0.269
46.0/42.0	0.122/0.130	663.76 mins	(1.549 mins)	0.172	0.229	0.222	0.267
46.0/42.0	0.124/0.130	665.32 mins	(1.561 mins)	0.175	0.238	0.226	0.272
46.0/42.0	0.126/0.130	666.82 mins	(1.504 mins)	0.174	0.230	0.214	0.267
46.0/42.0	0.128/0.130	668.44 mins	(1.622 mins)	0.184	0.276	0.205	0.270
46.0/42.0	0.130/0.130	670.02 mins	(1.58 mins)	0.225	0.288	0.230	0.271
46.0/42.0	0.132/0.130	671.62 mins	(1.598 mins)	0.221	0.283	0.225	0.271
46.0/42.0	0.134/0.130	673.25 mins	(1.632 mins)	0.234	0.292	0.224	0.265
46.0/42.0	0.136/0.130	674.93 mins	(1.681 mins)	0.237	0.302	0.227	0.266
46.0/42.0	0.138/0.130	676.50 mins	(1.57 mins)	0.218	0.312	0.211	0.270
46.0/42.0	0.140/0.130	678.25 mins	(1.744 mins)	0.240	0.322	0.221	0.268
46.0/42.0	0.142/0.130	680.03 mins	(1.78 mins)	0.285	0.364	0.222	0.268
46.0/42.0	0.144/0.130	681.66 mins	(1.632 mins)	0.259	0.347	0.224	0.268
46.0/42.0	0.146/0.130	683.47 mins	(1.808 mins)	0.294	0.374	0.224	0.268
46.0/42.0	0.148/0.130	685.22 mins	(1.748 mins)	0.307	0.396	0.223	0.271
46.0/42.0	0.150/0.130	687.03 mins	(1.817 mins)	0.337	0.401	0.228	0.265


46.2/42.0	0.110/0.130	688.39 mins	(1.356 mins)	0.111	0.159	0.226	0.268
46.2/42.0	0.112/0.130	689.74 mins	(1.347 mins)	0.111	0.164	0.213	0.271
46.2/42.0	0.114/0.130	691.12 mins	(1.387 mins)	0.124	0.185	0.206	0.267
46.2/42.0	0.116/0.130	692.49 mins	(1.366 mins)	0.128	0.190	0.215	0.268
46.2/42.0	0.118/0.130	693.83 mins	(1.346 mins)	0.138	0.191	0.223	0.264
46.2/42.0	0.120/0.130	695.33 mins	(1.499 mins)	0.164	0.237	0.218	0.271
46.2/42.0	0.122/0.130	696.84 mins	(1.502 mins)	0.166	0.225	0.225	0.269
46.2/42.0	0.124/0.130	698.37 mins	(1.538 mins)	0.173	0.235	0.223	0.270
46.2/42.0	0.126/0.130	699.82 mins	(1.443 mins)	0.173	0.245	0.212	0.267
46.2/42.0	0.128/0.130	701.42 mins	(1.599 mins)	0.190	0.268	0.210	0.265
46.2/42.0	0.130/0.130	702.90 mins	(1.482 mins)	0.169	0.250	0.203	0.267
46.2/42.0	0.132/0.130	704.53 mins	(1.628 mins)	0.218	0.278	0.227	0.268
46.2/42.0	0.134/0.130	706.19 mins	(1.668 mins)	0.235	0.296	0.223	0.266
46.2/42.0	0.136/0.130	707.77 mins	(1.575 mins)	0.216	0.297	0.216	0.267
46.2/42.0	0.138/0.130	709.47 mins	(1.699 mins)	0.245	0.316	0.231	0.269
46.2/42.0	0.140/0.130	711.21 mins	(1.745 mins)	0.262	0.340	0.215	0.268
46.2/42.0	0.142/0.130	712.85 mins	(1.636 mins)	0.253	0.336	0.215	0.266
46.2/42.0	0.144/0.130	714.58 mins	(1.729 mins)	0.298	0.365	0.228	0.269
46.2/42.0	0.146/0.130	716.42 mins	(1.844 mins)	0.307	0.383	0.226	0.268
46.2/42.0	0.148/0.130	718.21 mins	(1.789 mins)	0.311	0.372	0.233	0.268
46.2/42.0	0.150/0.130	720.01 mins	(1.796 mins)	0.303	0.385	0.221	0.269


46.4/42.0	0.110/0.130	721.50 mins	(1.498 mins)	0.128	0.184	0.225	0.268
46.4/42.0	0.112/0.130	722.92 mins	(1.413 mins)	0.132	0.186	0.219	0.271
46.4/42.0	0.114/0.130	724.29 mins	(1.371 mins)	0.141	0.196	0.210	0.265
46.4/42.0	0.116/0.130	725.73 mins	(1.441 mins)	0.140	0.191	0.212	0.269
46.4/42.0	0.118/0.130	727.16 mins	(1.429 mins)	0.150	0.217	0.209	0.268
46.4/42.0	0.120/0.130	728.67 mins	(1.514 mins)	0.176	0.230	0.222	0.269
46.4/42.0	0.122/0.130	730.20 mins	(1.533 mins)	0.163	0.249	0.204	0.276
46.4/42.0	0.124/0.130	731.78 mins	(1.577 mins)	0.200	0.259	0.240	0.273
46.4/42.0	0.126/0.130	733.34 mins	(1.56 mins)	0.187	0.252	0.222	0.270
46.4/42.0	0.128/0.130	734.99 mins	(1.647 mins)	0.227	0.278	0.237	0.272
46.4/42.0	0.130/0.130	736.54 mins	(1.553 mins)	0.203	0.255	0.232	0.267
46.4/42.0	0.132/0.130	738.14 mins	(1.599 mins)	0.200	0.272	0.215	0.269
46.4/42.0	0.134/0.130	739.76 mins	(1.624 mins)	0.222	0.286	0.219	0.267
46.4/42.0	0.136/0.130	741.46 mins	(1.698 mins)	0.245	0.325	0.222	0.269
46.4/42.0	0.138/0.130	743.24 mins	(1.782 mins)	0.247	0.306	0.223	0.268
46.4/42.0	0.140/0.130	744.89 mins	(1.642 mins)	0.254	0.330	0.220	0.266
46.4/42.0	0.142/0.130	746.62 mins	(1.736 mins)	0.284	0.361	0.228	0.271
46.4/42.0	0.144/0.130	748.34 mins	(1.721 mins)	0.279	0.359	0.228	0.269
46.4/42.0	0.146/0.130	750.12 mins	(1.779 mins)	0.282	0.376	0.212	0.269
46.4/42.0	0.148/0.130	751.87 mins	(1.745 mins)	0.320	0.397	0.230	0.270
46.4/42.0	0.150/0.130	753.73 mins	(1.859 mins)	0.343	0.418	0.237	0.270


46.6/42.0	0.110/0.130	754.98 mins	(1.255 mins)	0.105	0.154	0.219	0.266
46.6/42.0	0.112/0.130	756.32 mins	(1.34 mins)	0.115	0.167	0.202	0.272
46.6/42.0	0.114/0.130	757.70 mins	(1.383 mins)	0.135	0.187	0.210	0.266
46.6/42.0	0.116/0.130	759.14 mins	(1.44 mins)	0.148	0.214	0.222	0.265
46.6/42.0	0.118/0.130	760.60 mins	(1.452 mins)	0.143	0.210	0.225	0.273
46.6/42.0	0.120/0.130	762.06 mins	(1.468 mins)	0.146	0.218	0.215	0.272
46.6/42.0	0.122/0.130	763.55 mins	(1.485 mins)	0.176	0.243	0.222	0.270
46.6/42.0	0.124/0.130	765.04 mins	(1.487 mins)	0.192	0.252	0.232	0.273
46.6/42.0	0.126/0.130	766.57 mins	(1.529 mins)	0.188	0.252	0.224	0.269
46.6/42.0	0.128/0.130	768.19 mins	(1.627 mins)	0.208	0.270	0.232	0.267
46.6/42.0	0.130/0.130	769.81 mins	(1.614 mins)	0.210	0.285	0.213	0.269
46.6/42.0	0.132/0.130	771.36 mins	(1.557 mins)	0.203	0.272	0.214	0.270
46.6/42.0	0.134/0.130	772.99 mins	(1.623 mins)	0.218	0.282	0.226	0.269
46.6/42.0	0.136/0.130	774.66 mins	(1.676 mins)	0.248	0.330	0.222	0.270
46.6/42.0	0.138/0.130	776.27 mins	(1.605 mins)	0.228	0.304	0.219	0.268
46.6/42.0	0.140/0.130	777.94 mins	(1.672 mins)	0.260	0.339	0.214	0.268
46.6/42.0	0.142/0.130	779.64 mins	(1.695 mins)	0.269	0.366	0.216	0.270
46.6/42.0	0.144/0.130	781.42 mins	(1.78 mins)	0.316	0.409	0.218	0.270
46.6/42.0	0.146/0.130	783.21 mins	(1.793 mins)	0.302	0.368	0.240	0.271
46.6/42.0	0.148/0.130	784.92 mins	(1.717 mins)	0.296	0.383	0.217	0.269
46.6/42.0	0.150/0.130	786.79 mins	(1.866 mins)	0.323	0.421	0.217	0.269


46.8/42.0	0.110/0.130	788.21 mins	(1.415 mins)	0.115	0.167	0.212	0.274
46.8/42.0	0.112/0.130	789.67 mins	(1.461 mins)	0.137	0.195	0.218	0.269
46.8/42.0	0.114/0.130	791.13 mins	(1.465 mins)	0.145	0.198	0.224	0.271
46.8/42.0	0.116/0.130	792.56 mins	(1.43 mins)	0.142	0.204	0.210	0.269
46.8/42.0	0.118/0.130	793.94 mins	(1.38 mins)	0.134	0.200	0.209	0.270
46.8/42.0	0.120/0.130	795.62 mins	(1.678 mins)	0.181	0.246	0.230	0.273
46.8/42.0	0.122/0.130	797.16 mins	(1.541 mins)	0.185	0.245	0.217	0.270
46.8/42.0	0.124/0.130	798.71 mins	(1.544 mins)	0.183	0.253	0.217	0.270
46.8/42.0	0.126/0.130	800.30 mins	(1.591 mins)	0.186	0.255	0.216	0.270
46.8/42.0	0.128/0.130	801.94 mins	(1.64 mins)	0.207	0.265	0.224	0.268
46.8/42.0	0.130/0.130	803.59 mins	(1.658 mins)	0.192	0.262	0.221	0.272
46.8/42.0	0.132/0.130	805.45 mins	(1.853 mins)	0.237	0.305	0.235	0.275
46.8/42.0	0.134/0.130	807.04 mins	(1.588 mins)	0.219	0.290	0.221	0.273
46.8/42.0	0.136/0.130	808.81 mins	(1.77 mins)	0.266	0.351	0.228	0.274
46.8/42.0	0.138/0.130	810.54 mins	(1.732 mins)	0.252	0.325	0.227	0.274
46.8/42.0	0.140/0.130	812.18 mins	(1.647 mins)	0.215	0.313	0.205	0.271
46.8/42.0	0.142/0.130	813.95 mins	(1.768 mins)	0.270	0.354	0.220	0.270
46.8/42.0	0.144/0.130	815.74 mins	(1.789 mins)	0.319	0.396	0.232	0.272
46.8/42.0	0.146/0.130	817.43 mins	(1.687 mins)	0.287	0.363	0.226	0.271
46.8/42.0	0.148/0.130	819.16 mins	(1.729 mins)	0.293	0.382	0.225	0.271
46.8/42.0	0.150/0.130	820.91 mins	(1.752 mins)	0.299	0.386	0.231	0.273


47.0/42.0	0.110/0.130	822.21 mins	(1.304 mins)	0.113	0.174	0.199	0.274
47.0/42.0	0.112/0.130	823.55 mins	(1.337 mins)	0.115	0.168	0.216	0.274
47.0/42.0	0.114/0.130	825.00 mins	(1.45 mins)	0.139	0.197	0.221	0.275
47.0/42.0	0.116/0.130	826.45 mins	(1.449 mins)	0.151	0.205	0.221	0.272
47.0/42.0	0.118/0.130	827.96 mins	(1.513 mins)	0.165	0.231	0.224	0.273
47.0/42.0	0.120/0.130	829.46 mins	(1.50 mins)	0.161	0.237	0.217	0.275
47.0/42.0	0.122/0.130	831.02 mins	(1.555 mins)	0.186	0.258	0.218	0.273
47.0/42.0	0.124/0.130	832.60 mins	(1.58 mins)	0.178	0.237	0.223	0.270
47.0/42.0	0.126/0.130	834.14 mins	(1.543 mins)	0.192	0.258	0.232	0.270
47.0/42.0	0.128/0.130	835.85 mins	(1.709 mins)	0.221	0.289	0.234	0.273
47.0/42.0	0.130/0.130	837.51 mins	(1.659 mins)	0.220	0.293	0.224	0.270
47.0/42.0	0.132/0.130	839.22 mins	(1.709 mins)	0.214	0.281	0.224	0.270
47.0/42.0	0.134/0.130	840.87 mins	(1.656 mins)	0.222	0.299	0.220	0.275
47.0/42.0	0.136/0.130	842.60 mins	(1.73 mins)	0.247	0.310	0.225	0.271
47.0/42.0	0.138/0.130	844.18 mins	(1.574 mins)	0.239	0.320	0.223	0.272
47.0/42.0	0.140/0.130	845.88 mins	(1.709 mins)	0.276	0.338	0.236	0.274
47.0/42.0	0.142/0.130	847.62 mins	(1.733 mins)	0.275	0.345	0.222	0.269
47.0/42.0	0.144/0.130	849.49 mins	(1.869 mins)	0.305	0.371	0.236	0.273
47.0/42.0	0.146/0.130	851.29 mins	(1.803 mins)	0.315	0.391	0.234	0.269
47.0/42.0	0.148/0.130	853.05 mins	(1.761 mins)	0.308	0.389	0.235	0.271
47.0/42.0	0.150/0.130	854.86 mins	(1.815 mins)	0.312	0.402	0.220	0.271


47.2/42.0	0.110/0.130	856.30 mins	(1.435 mins)	0.137	0.192	0.217	0.274
47.2/42.0	0.112/0.130	857.79 mins	(1.492 mins)	0.145	0.209	0.212	0.275
47.2/42.0	0.114/0.130	859.21 mins	(1.418 mins)	0.147	0.188	0.239	0.276
47.2/42.0	0.116/0.130	860.64 mins	(1.434 mins)	0.140	0.206	0.214	0.273
47.2/42.0	0.118/0.130	862.01 mins	(1.363 mins)	0.136	0.203	0.218	0.273
47.2/42.0	0.120/0.130	863.44 mins	(1.43 mins)	0.158	0.206	0.225	0.270
47.2/42.0	0.122/0.130	864.95 mins	(1.515 mins)	0.177	0.241	0.214	0.270
47.2/42.0	0.124/0.130	866.43 mins	(1.476 mins)	0.182	0.247	0.220	0.275
47.2/42.0	0.126/0.130	867.93 mins	(1.501 mins)	0.183	0.240	0.222	0.274
47.2/42.0	0.128/0.130	869.63 mins	(1.697 mins)	0.234	0.297	0.239	0.274
47.2/42.0	0.130/0.130	871.28 mins	(1.651 mins)	0.222	0.290	0.232	0.273
47.2/42.0	0.132/0.130	872.90 mins	(1.623 mins)	0.211	0.290	0.231	0.276
47.2/42.0	0.134/0.130	874.51 mins	(1.607 mins)	0.242	0.330	0.220	0.273
47.2/42.0	0.136/0.130	876.12 mins	(1.61 mins)	0.239	0.308	0.218	0.271
47.2/42.0	0.138/0.130	877.83 mins	(1.714 mins)	0.269	0.345	0.225	0.273
47.2/42.0	0.140/0.130	879.50 mins	(1.666 mins)	0.270	0.344	0.229	0.274
47.2/42.0	0.142/0.130	881.18 mins	(1.678 mins)	0.289	0.362	0.228	0.272
47.2/42.0	0.144/0.130	883.04 mins	(1.862 mins)	0.308	0.378	0.238	0.272
47.2/42.0	0.146/0.130	884.87 mins	(1.827 mins)	0.328	0.414	0.221	0.273
47.2/42.0	0.148/0.130	886.60 mins	(1.738 mins)	0.300	0.387	0.220	0.271
47.2/42.0	0.150/0.130	888.41 mins	(1.803 mins)	0.306	0.413	0.219	0.273


47.4/42.0	0.110/0.130	889.85 mins	(1.438 mins)	0.138	0.186	0.235	0.278
47.4/42.0	0.112/0.130	891.30 mins	(1.452 mins)	0.137	0.192	0.214	0.278
47.4/42.0	0.114/0.130	892.64 mins	(1.345 mins)	0.130	0.191	0.220	0.272
47.4/42.0	0.116/0.130	894.15 mins	(1.507 mins)	0.169	0.242	0.212	0.275
47.4/42.0	0.118/0.130	895.61 mins	(1.459 mins)	0.159	0.224	0.220	0.272
47.4/42.0	0.120/0.130	897.14 mins	(1.535 mins)	0.176	0.234	0.225	0.272
47.4/42.0	0.122/0.130	898.79 mins	(1.645 mins)	0.185	0.247	0.226	0.275
47.4/42.0	0.124/0.130	900.26 mins	(1.472 mins)	0.174	0.248	0.219	0.274
47.4/42.0	0.126/0.130	901.87 mins	(1.613 mins)	0.191	0.266	0.227	0.278
47.4/42.0	0.128/0.130	903.43 mins	(1.56 mins)	0.210	0.282	0.224	0.275
47.4/42.0	0.130/0.130	905.14 mins	(1.704 mins)	0.228	0.296	0.240	0.274
47.4/42.0	0.132/0.130	906.81 mins	(1.675 mins)	0.252	0.297	0.248	0.272
47.4/42.0	0.134/0.130	908.43 mins	(1.613 mins)	0.210	0.265	0.230	0.272
47.4/42.0	0.136/0.130	910.24 mins	(1.813 mins)	0.268	0.348	0.225	0.275
47.4/42.0	0.138/0.130	911.94 mins	(1.699 mins)	0.248	0.332	0.227	0.275
47.4/42.0	0.140/0.130	913.59 mins	(1.654 mins)	0.257	0.325	0.238	0.275
47.4/42.0	0.142/0.130	915.36 mins	(1.771 mins)	0.261	0.336	0.235	0.274
47.4/42.0	0.144/0.130	917.08 mins	(1.717 mins)	0.290	0.392	0.227	0.278
47.4/42.0	0.146/0.130	918.84 mins	(1.766 mins)	0.317	0.379	0.248	0.271
47.4/42.0	0.148/0.130	920.64 mins	(1.796 mins)	0.328	0.417	0.226	0.274
47.4/42.0	0.150/0.130	922.37 mins	(1.728 mins)	0.299	0.395	0.219	0.274


47.6/42.0	0.110/0.130	923.72 mins	(1.348 mins)	0.119	0.169	0.217	0.271
47.6/42.0	0.112/0.130	925.21 mins	(1.492 mins)	0.133	0.192	0.223	0.276
47.6/42.0	0.114/0.130	926.69 mins	(1.484 mins)	0.148	0.200	0.228	0.275
47.6/42.0	0.116/0.130	928.19 mins	(1.493 mins)	0.165	0.218	0.234	0.275
47.6/42.0	0.118/0.130	929.65 mins	(1.468 mins)	0.155	0.214	0.223	0.272
47.6/42.0	0.120/0.130	931.08 mins	(1.427 mins)	0.163	0.227	0.228	0.278
47.6/42.0	0.122/0.130	932.59 mins	(1.506 mins)	0.174	0.230	0.222	0.274
47.6/42.0	0.124/0.130	934.11 mins	(1.52 mins)	0.182	0.245	0.241	0.280
47.6/42.0	0.126/0.130	935.64 mins	(1.534 mins)	0.209	0.273	0.226	0.272
47.6/42.0	0.128/0.130	937.22 mins	(1.583 mins)	0.211	0.270	0.246	0.276
47.6/42.0	0.130/0.130	938.80 mins	(1.578 mins)	0.215	0.289	0.226	0.273
47.6/42.0	0.132/0.130	940.49 mins	(1.691 mins)	0.232	0.293	0.251	0.280
47.6/42.0	0.134/0.130	942.09 mins	(1.594 mins)	0.232	0.313	0.211	0.276
47.6/42.0	0.136/0.130	943.78 mins	(1.689 mins)	0.251	0.315	0.232	0.274
47.6/42.0	0.138/0.130	945.42 mins	(1.643 mins)	0.257	0.357	0.216	0.275
47.6/42.0	0.140/0.130	947.15 mins	(1.731 mins)	0.249	0.336	0.217	0.275
47.6/42.0	0.142/0.130	948.90 mins	(1.754 mins)	0.262	0.356	0.228	0.276
47.6/42.0	0.144/0.130	950.64 mins	(1.739 mins)	0.297	0.373	0.228	0.272
47.6/42.0	0.146/0.130	952.53 mins	(1.89 mins)	0.319	0.391	0.236	0.276
47.6/42.0	0.148/0.130	954.35 mins	(1.821 mins)	0.345	0.408	0.240	0.275
47.6/42.0	0.150/0.130	956.08 mins	(1.729 mins)	0.313	0.406	0.223	0.275


47.8/42.0	0.110/0.130	957.52 mins	(1.434 mins)	0.133	0.186	0.228	0.275
47.8/42.0	0.112/0.130	958.93 mins	(1.414 mins)	0.140	0.199	0.223	0.276
47.8/42.0	0.114/0.130	960.31 mins	(1.378 mins)	0.139	0.200	0.222	0.281
47.8/42.0	0.116/0.130	961.67 mins	(1.366 mins)	0.144	0.201	0.235	0.280
47.8/42.0	0.118/0.130	963.12 mins	(1.447 mins)	0.149	0.215	0.217	0.273
47.8/42.0	0.120/0.130	964.55 mins	(1.431 mins)	0.162	0.226	0.212	0.275
47.8/42.0	0.122/0.130	965.97 mins	(1.417 mins)	0.163	0.234	0.225	0.273
47.8/42.0	0.124/0.130	967.41 mins	(1.438 mins)	0.162	0.249	0.213	0.280
47.8/42.0	0.126/0.130	969.13 mins	(1.724 mins)	0.202	0.272	0.231	0.273
47.8/42.0	0.128/0.130	970.79 mins	(1.663 mins)	0.215	0.294	0.221	0.274
47.8/42.0	0.130/0.130	972.44 mins	(1.649 mins)	0.212	0.281	0.230	0.278
47.8/42.0	0.132/0.130	974.08 mins	(1.641 mins)	0.241	0.314	0.238	0.276
47.8/42.0	0.134/0.130	975.82 mins	(1.734 mins)	0.261	0.313	0.245	0.273
47.8/42.0	0.136/0.130	977.57 mins	(1.75 mins)	0.259	0.349	0.227	0.279
47.8/42.0	0.138/0.130	979.20 mins	(1.629 mins)	0.255	0.326	0.230	0.277
47.8/42.0	0.140/0.130	981.00 mins	(1.801 mins)	0.277	0.350	0.236	0.273
47.8/42.0	0.142/0.130	982.72 mins	(1.721 mins)	0.286	0.371	0.227	0.280
47.8/42.0	0.144/0.130	984.40 mins	(1.68 mins)	0.274	0.347	0.227	0.274
47.8/42.0	0.146/0.130	986.27 mins	(1.868 mins)	0.314	0.413	0.234	0.277
47.8/42.0	0.148/0.130	988.14 mins	(1.872 mins)	0.344	0.435	0.233	0.280
47.8/42.0	0.150/0.130	989.92 mins	(1.783 mins)	0.313	0.409	0.222	0.276


48.0/42.0	0.110/0.130	991.32 mins	(1.403 mins)	0.120	0.166	0.229	0.279
48.0/42.0	0.112/0.130	992.68 mins	(1.351 mins)	0.124	0.173	0.218	0.278
48.0/42.0	0.114/0.130	994.11 mins	(1.438 mins)	0.137	0.206	0.206	0.274
48.0/42.0	0.116/0.130	995.59 mins	(1.473 mins)	0.144	0.210	0.221	0.276
48.0/42.0	0.118/0.130	997.14 mins	(1.551 mins)	0.152	0.216	0.225	0.276
48.0/42.0	0.120/0.130	998.76 mins	(1.622 mins)	0.163	0.232	0.227	0.278
48.0/42.0	0.122/0.130	1000.28 mins	(1.518 mins)	0.182	0.236	0.240	0.277
48.0/42.0	0.124/0.130	1001.92 mins	(1.64 mins)	0.188	0.253	0.237	0.276
48.0/42.0	0.126/0.130	1003.52 mins	(1.604 mins)	0.218	0.273	0.237	0.279
48.0/42.0	0.128/0.130	1005.14 mins	(1.621 mins)	0.206	0.272	0.234	0.276
48.0/42.0	0.130/0.130	1006.82 mins	(1.673 mins)	0.240	0.299	0.238	0.279
48.0/42.0	0.132/0.130	1008.62 mins	(1.807 mins)	0.252	0.327	0.236	0.278
48.0/42.0	0.134/0.130	1010.34 mins	(1.718 mins)	0.244	0.320	0.226	0.277
48.0/42.0	0.136/0.130	1012.09 mins	(1.746 mins)	0.257	0.319	0.247	0.280
48.0/42.0	0.138/0.130	1013.80 mins	(1.713 mins)	0.270	0.339	0.239	0.277
48.0/42.0	0.140/0.130	1015.58 mins	(1.782 mins)	0.291	0.352	0.246	0.279
48.0/42.0	0.142/0.130	1017.29 mins	(1.71 mins)	0.263	0.350	0.236	0.276
48.0/42.0	0.144/0.130	1019.18 mins	(1.891 mins)	0.328	0.397	0.239	0.281
48.0/42.0	0.146/0.130	1020.93 mins	(1.744 mins)	0.321	0.398	0.230	0.278
48.0/42.0	0.148/0.130	1022.72 mins	(1.799 mins)	0.333	0.421	0.242	0.279
48.0/42.0	0.150/0.130	1024.59 mins	(1.869 mins)	0.358	0.450	0.242	0.278


48.2/42.0	0.110/0.130	1026.08 mins	(1.483 mins)	0.139	0.194	0.235	0.279
48.2/42.0	0.112/0.130	1027.51 mins	(1.431 mins)	0.148	0.193	0.236	0.280
48.2/42.0	0.114/0.130	1028.94 mins	(1.435 mins)	0.129	0.192	0.220	0.279
48.2/42.0	0.116/0.130	1030.39 mins	(1.45 mins)	0.140	0.219	0.202	0.281
48.2/42.0	0.118/0.130	1031.86 mins	(1.464 mins)	0.164	0.240	0.219	0.280
48.2/42.0	0.120/0.130	1033.41 mins	(1.55 mins)	0.165	0.232	0.223	0.280
48.2/42.0	0.122/0.130	1034.91 mins	(1.501 mins)	0.171	0.240	0.219	0.279
48.2/42.0	0.124/0.130	1036.52 mins	(1.612 mins)	0.187	0.258	0.216	0.277
48.2/42.0	0.126/0.130	1038.14 mins	(1.617 mins)	0.202	0.271	0.232	0.279
48.2/42.0	0.128/0.130	1039.69 mins	(1.548 mins)	0.202	0.287	0.221	0.276
48.2/42.0	0.130/0.130	1041.41 mins	(1.727 mins)	0.249	0.314	0.241	0.280
48.2/42.0	0.132/0.130	1043.07 mins	(1.653 mins)	0.239	0.310	0.234	0.279
48.2/42.0	0.134/0.130	1044.72 mins	(1.652 mins)	0.243	0.314	0.235	0.280
48.2/42.0	0.136/0.130	1046.38 mins	(1.659 mins)	0.233	0.306	0.232	0.277
48.2/42.0	0.138/0.130	1048.10 mins	(1.724 mins)	0.290	0.355	0.236	0.277
48.2/42.0	0.140/0.130	1049.91 mins	(1.808 mins)	0.282	0.347	0.239	0.276
48.2/42.0	0.142/0.130	1051.68 mins	(1.774 mins)	0.295	0.368	0.237	0.278
48.2/42.0	0.144/0.130	1053.51 mins	(1.827 mins)	0.315	0.383	0.237	0.279
48.2/42.0	0.146/0.130	1055.32 mins	(1.81 mins)	0.286	0.371	0.237	0.275
48.2/42.0	0.148/0.130	1057.08 mins	(1.755 mins)	0.320	0.415	0.226	0.278
48.2/42.0	0.150/0.130	1058.93 mins	(1.855 mins)	0.354	0.436	0.242	0.282


48.4/42.0	0.110/0.130	1060.27 mins	(1.337 mins)	0.124	0.179	0.225	0.281
48.4/42.0	0.112/0.130	1061.86 mins	(1.593 mins)	0.134	0.210	0.213	0.282
48.4/42.0	0.114/0.130	1063.22 mins	(1.356 mins)	0.136	0.208	0.212	0.277
48.4/42.0	0.116/0.130	1064.67 mins	(1.451 mins)	0.158	0.225	0.220	0.284
48.4/42.0	0.118/0.130	1066.16 mins	(1.493 mins)	0.179	0.253	0.217	0.279
48.4/42.0	0.120/0.130	1067.74 mins	(1.583 mins)	0.192	0.254	0.234	0.281
48.4/42.0	0.122/0.130	1069.31 mins	(1.568 mins)	0.194	0.246	0.241	0.280
48.4/42.0	0.124/0.130	1071.07 mins	(1.754 mins)	0.229	0.277	0.247	0.278
48.4/42.0	0.126/0.130	1072.66 mins	(1.595 mins)	0.195	0.262	0.230	0.276
48.4/42.0	0.128/0.130	1074.18 mins	(1.517 mins)	0.201	0.271	0.225	0.277
48.4/42.0	0.130/0.130	1075.84 mins	(1.662 mins)	0.221	0.300	0.227	0.275
48.4/42.0	0.132/0.130	1077.53 mins	(1.694 mins)	0.259	0.337	0.238	0.282
48.4/42.0	0.134/0.130	1079.32 mins	(1.789 mins)	0.252	0.340	0.221	0.277
48.4/42.0	0.136/0.130	1080.98 mins	(1.657 mins)	0.243	0.323	0.222	0.283
48.4/42.0	0.138/0.130	1082.68 mins	(1.704 mins)	0.276	0.350	0.238	0.280
48.4/42.0	0.140/0.130	1084.35 mins	(1.661 mins)	0.265	0.335	0.226	0.277
48.4/42.0	0.142/0.130	1086.13 mins	(1.78 mins)	0.273	0.371	0.218	0.278
48.4/42.0	0.144/0.130	1087.93 mins	(1.805 mins)	0.320	0.387	0.242	0.281
48.4/42.0	0.146/0.130	1089.81 mins	(1.876 mins)	0.355	0.436	0.241	0.277
48.4/42.0	0.148/0.130	1091.65 mins	(1.846 mins)	0.327	0.393	0.241	0.277
48.4/42.0	0.150/0.130	1093.41 mins	(1.762 mins)	0.308	0.397	0.224	0.280


48.6/42.0	0.110/0.130	1094.82 mins	(1.406 mins)	0.136	0.191	0.236	0.278
48.6/42.0	0.112/0.130	1096.30 mins	(1.483 mins)	0.145	0.198	0.224	0.282
48.6/42.0	0.114/0.130	1097.74 mins	(1.434 mins)	0.150	0.197	0.238	0.282
48.6/42.0	0.116/0.130	1099.22 mins	(1.482 mins)	0.160	0.222	0.223	0.279
48.6/42.0	0.118/0.130	1100.69 mins	(1.469 mins)	0.172	0.220	0.242	0.280
48.6/42.0	0.120/0.130	1102.22 mins	(1.529 mins)	0.170	0.239	0.235	0.280
48.6/42.0	0.122/0.130	1103.79 mins	(1.569 mins)	0.176	0.245	0.234	0.282
48.6/42.0	0.124/0.130	1105.29 mins	(1.504 mins)	0.187	0.263	0.222	0.282
48.6/42.0	0.126/0.130	1106.95 mins	(1.662 mins)	0.213	0.276	0.238	0.280
48.6/42.0	0.128/0.130	1108.64 mins	(1.683 mins)	0.203	0.263	0.226	0.277
48.6/42.0	0.130/0.130	1110.25 mins	(1.614 mins)	0.239	0.314	0.229	0.282
48.6/42.0	0.132/0.130	1111.95 mins	(1.699 mins)	0.252	0.304	0.250	0.281
48.6/42.0	0.134/0.130	1113.68 mins	(1.733 mins)	0.262	0.325	0.244	0.281
48.6/42.0	0.136/0.130	1115.46 mins	(1.777 mins)	0.276	0.341	0.244	0.282
48.6/42.0	0.138/0.130	1117.21 mins	(1.754 mins)	0.262	0.339	0.235	0.278
48.6/42.0	0.140/0.130	1118.93 mins	(1.717 mins)	0.271	0.360	0.229	0.278
48.6/42.0	0.142/0.130	1120.73 mins	(1.798 mins)	0.304	0.390	0.232	0.279
48.6/42.0	0.144/0.130	1122.58 mins	(1.852 mins)	0.302	0.384	0.229	0.280
48.6/42.0	0.146/0.130	1124.35 mins	(1.77 mins)	0.307	0.372	0.241	0.279
48.6/42.0	0.148/0.130	1126.24 mins	(1.891 mins)	0.333	0.414	0.238	0.280
48.6/42.0	0.150/0.130	1128.07 mins	(1.828 mins)	0.347	0.425	0.233	0.279


48.8/42.0	0.110/0.130	1129.50 mins	(1.426 mins)	0.146	0.199	0.243	0.283
48.8/42.0	0.112/0.130	1130.92 mins	(1.424 mins)	0.138	0.190	0.253	0.284
48.8/42.0	0.114/0.130	1132.44 mins	(1.52 mins)	0.143	0.206	0.223	0.282
48.8/42.0	0.116/0.130	1133.87 mins	(1.427 mins)	0.157	0.215	0.231	0.281
48.8/42.0	0.118/0.130	1135.43 mins	(1.562 mins)	0.156	0.216	0.221	0.277
48.8/42.0	0.120/0.130	1137.06 mins	(1.635 mins)	0.197	0.257	0.242	0.283
48.8/42.0	0.122/0.130	1138.66 mins	(1.592 mins)	0.189	0.252	0.229	0.280
48.8/42.0	0.124/0.130	1140.25 mins	(1.596 mins)	0.204	0.271	0.232	0.282
48.8/42.0	0.126/0.130	1141.86 mins	(1.61 mins)	0.210	0.286	0.230	0.283
48.8/42.0	0.128/0.130	1143.63 mins	(1.77 mins)	0.216	0.280	0.238	0.279
48.8/42.0	0.130/0.130	1145.35 mins	(1.716 mins)	0.230	0.302	0.234	0.283
48.8/42.0	0.132/0.130	1147.05 mins	(1.705 mins)	0.241	0.320	0.225	0.279
48.8/42.0	0.134/0.130	1148.70 mins	(1.647 mins)	0.247	0.318	0.235	0.281
48.8/42.0	0.136/0.130	1150.47 mins	(1.769 mins)	0.290	0.355	0.249	0.278
48.8/42.0	0.138/0.130	1152.21 mins	(1.736 mins)	0.277	0.358	0.238	0.280
48.8/42.0	0.140/0.130	1153.92 mins	(1.718 mins)	0.280	0.368	0.239	0.281
48.8/42.0	0.142/0.130	1155.84 mins	(1.913 mins)	0.315	0.364	0.248	0.281
48.8/42.0	0.144/0.130	1157.64 mins	(1.801 mins)	0.300	0.382	0.233	0.283
48.8/42.0	0.146/0.130	1159.39 mins	(1.751 mins)	0.302	0.384	0.244	0.279
48.8/42.0	0.148/0.130	1161.23 mins	(1.845 mins)	0.331	0.408	0.240	0.279
48.8/42.0	0.150/0.130	1163.11 mins	(1.879 mins)	0.339	0.418	0.244	0.282


49.0/42.0	0.110/0.130	1164.53 mins	(1.415 mins)	0.139	0.192	0.236	0.285
49.0/42.0	0.112/0.130	1166.01 mins	(1.483 mins)	0.129	0.196	0.228	0.279
49.0/42.0	0.114/0.130	1167.48 mins	(1.469 mins)	0.143	0.205	0.220	0.282
49.0/42.0	0.116/0.130	1169.02 mins	(1.543 mins)	0.152	0.215	0.226	0.281
49.0/42.0	0.118/0.130	1170.53 mins	(1.504 mins)	0.160	0.214	0.238	0.281
49.0/42.0	0.120/0.130	1172.05 mins	(1.519 mins)	0.174	0.233	0.234	0.281
49.0/42.0	0.122/0.130	1173.77 mins	(1.722 mins)	0.195	0.267	0.228	0.283
49.0/42.0	0.124/0.130	1175.27 mins	(1.497 mins)	0.175	0.242	0.233	0.283
49.0/42.0	0.126/0.130	1176.83 mins	(1.563 mins)	0.196	0.285	0.225	0.283
49.0/42.0	0.128/0.130	1178.51 mins	(1.679 mins)	0.240	0.306	0.240	0.283
49.0/42.0	0.130/0.130	1180.20 mins	(1.696 mins)	0.244	0.318	0.235	0.281
49.0/42.0	0.132/0.130	1181.92 mins	(1.714 mins)	0.260	0.333	0.244	0.281
49.0/42.0	0.134/0.130	1183.69 mins	(1.772 mins)	0.258	0.324	0.240	0.283
49.0/42.0	0.136/0.130	1185.32 mins	(1.629 mins)	0.244	0.332	0.232	0.283
49.0/42.0	0.138/0.130	1187.06 mins	(1.742 mins)	0.268	0.345	0.230	0.278
49.0/42.0	0.140/0.130	1188.78 mins	(1.722 mins)	0.274	0.349	0.244	0.284
49.0/42.0	0.142/0.130	1190.56 mins	(1.779 mins)	0.296	0.388	0.241	0.285
49.0/42.0	0.144/0.130	1192.33 mins	(1.77 mins)	0.293	0.377	0.247	0.284
49.0/42.0	0.146/0.130	1194.14 mins	(1.805 mins)	0.305	0.395	0.239	0.284
49.0/42.0	0.148/0.130	1196.06 mins	(1.924 mins)	0.331	0.408	0.250	0.278
49.0/42.0	0.150/0.130	1197.95 mins	(1.883 mins)	0.377	0.446	0.248	0.283


49.2/42.0	0.110/0.130	1199.50 mins	(1.557 mins)	0.158	0.209	0.242	0.287
49.2/42.0	0.112/0.130	1201.01 mins	(1.507 mins)	0.129	0.184	0.226	0.285
49.2/42.0	0.114/0.130	1202.57 mins	(1.561 mins)	0.143	0.196	0.220	0.279
49.2/42.0	0.116/0.130	1204.00 mins	(1.427 mins)	0.155	0.218	0.229	0.280
49.2/42.0	0.118/0.130	1205.45 mins	(1.455 mins)	0.150	0.223	0.231	0.285
49.2/42.0	0.120/0.130	1207.00 mins	(1.547 mins)	0.180	0.239	0.237	0.283
49.2/42.0	0.122/0.130	1208.50 mins	(1.501 mins)	0.188	0.258	0.229	0.285
49.2/42.0	0.124/0.130	1210.20 mins	(1.70 mins)	0.208	0.290	0.233	0.280
49.2/42.0	0.126/0.130	1211.87 mins	(1.666 mins)	0.196	0.265	0.227	0.282
49.2/42.0	0.128/0.130	1213.52 mins	(1.657 mins)	0.231	0.307	0.233	0.282
49.2/42.0	0.130/0.130	1215.30 mins	(1.775 mins)	0.231	0.301	0.243	0.285
49.2/42.0	0.132/0.130	1216.85 mins	(1.555 mins)	0.221	0.307	0.231	0.282
49.2/42.0	0.134/0.130	1218.65 mins	(1.797 mins)	0.286	0.344	0.252	0.285
49.2/42.0	0.136/0.130	1220.38 mins	(1.732 mins)	0.276	0.362	0.232	0.284
49.2/42.0	0.138/0.130	1222.06 mins	(1.673 mins)	0.272	0.337	0.247	0.283
49.2/42.0	0.140/0.130	1223.83 mins	(1.777 mins)	0.290	0.362	0.240	0.282
49.2/42.0	0.142/0.130	1225.70 mins	(1.871 mins)	0.315	0.396	0.234	0.281
49.2/42.0	0.144/0.130	1227.52 mins	(1.82 mins)	0.319	0.386	0.246	0.284
49.2/42.0	0.146/0.130	1229.33 mins	(1.802 mins)	0.327	0.406	0.241	0.283
49.2/42.0	0.148/0.130	1231.22 mins	(1.894 mins)	0.347	0.427	0.246	0.284
49.2/42.0	0.150/0.130	1233.01 mins	(1.792 mins)	0.346	0.440	0.237	0.283


49.4/42.0	0.110/0.130	1234.40 mins	(1.393 mins)	0.127	0.186	0.217	0.287
49.4/42.0	0.112/0.130	1235.86 mins	(1.456 mins)	0.151	0.196	0.249	0.287
49.4/42.0	0.114/0.130	1237.28 mins	(1.419 mins)	0.146	0.210	0.224	0.283
49.4/42.0	0.116/0.130	1238.83 mins	(1.548 mins)	0.186	0.241	0.237	0.285
49.4/42.0	0.118/0.130	1240.33 mins	(1.501 mins)	0.174	0.238	0.236	0.286
49.4/42.0	0.120/0.130	1241.86 mins	(1.528 mins)	0.182	0.253	0.230	0.282
49.4/42.0	0.122/0.130	1243.43 mins	(1.574 mins)	0.180	0.242	0.230	0.279
49.4/42.0	0.124/0.130	1245.09 mins	(1.656 mins)	0.190	0.257	0.229	0.287
49.4/42.0	0.126/0.130	1246.78 mins	(1.692 mins)	0.209	0.275	0.246	0.288
49.4/42.0	0.128/0.130	1248.49 mins	(1.715 mins)	0.245	0.296	0.245	0.283
49.4/42.0	0.130/0.130	1250.11 mins	(1.618 mins)	0.217	0.294	0.240	0.287
49.4/42.0	0.132/0.130	1251.81 mins	(1.698 mins)	0.237	0.309	0.236	0.284
49.4/42.0	0.134/0.130	1253.57 mins	(1.765 mins)	0.249	0.335	0.230	0.284
49.4/42.0	0.136/0.130	1255.29 mins	(1.715 mins)	0.261	0.330	0.248	0.284
49.4/42.0	0.138/0.130	1257.00 mins	(1.711 mins)	0.273	0.351	0.234	0.284
49.4/42.0	0.140/0.130	1258.68 mins	(1.682 mins)	0.270	0.345	0.240	0.282
49.4/42.0	0.142/0.130	1260.39 mins	(1.71 mins)	0.292	0.374	0.234	0.282
49.4/42.0	0.144/0.130	1262.16 mins	(1.773 mins)	0.316	0.423	0.224	0.287
49.4/42.0	0.146/0.130	1264.04 mins	(1.878 mins)	0.328	0.402	0.246	0.284
49.4/42.0	0.148/0.130	1265.87 mins	(1.826 mins)	0.334	0.427	0.245	0.284
49.4/42.0	0.150/0.130	1267.77 mins	(1.907 mins)	0.359	0.435	0.241	0.284


49.6/42.0	0.110/0.130	1269.14 mins	(1.362 mins)	0.132	0.197	0.219	0.284
49.6/42.0	0.112/0.130	1270.61 mins	(1.473 mins)	0.148	0.210	0.237	0.289
49.6/42.0	0.114/0.130	1272.10 mins	(1.488 mins)	0.151	0.205	0.229	0.284
49.6/42.0	0.116/0.130	1273.54 mins	(1.446 mins)	0.147	0.210	0.236	0.285
49.6/42.0	0.118/0.130	1275.13 mins	(1.582 mins)	0.173	0.228	0.239	0.283
49.6/42.0	0.120/0.130	1276.65 mins	(1.521 mins)	0.180	0.229	0.251	0.289
49.6/42.0	0.122/0.130	1278.32 mins	(1.674 mins)	0.196	0.256	0.238	0.284
49.6/42.0	0.124/0.130	1279.91 mins	(1.591 mins)	0.203	0.278	0.237	0.287
49.6/42.0	0.126/0.130	1281.53 mins	(1.616 mins)	0.230	0.285	0.261	0.287
49.6/42.0	0.128/0.130	1283.33 mins	(1.803 mins)	0.260	0.311	0.250	0.284
49.6/42.0	0.130/0.130	1284.94 mins	(1.612 mins)	0.218	0.297	0.233	0.286
49.6/42.0	0.132/0.130	1286.64 mins	(1.699 mins)	0.238	0.314	0.236	0.286
49.6/42.0	0.134/0.130	1288.31 mins	(1.672 mins)	0.244	0.320	0.239	0.283
49.6/42.0	0.136/0.130	1290.01 mins	(1.691 mins)	0.247	0.323	0.237	0.283
49.6/42.0	0.138/0.130	1291.72 mins	(1.715 mins)	0.268	0.334	0.252	0.284
49.6/42.0	0.140/0.130	1293.39 mins	(1.672 mins)	0.283	0.381	0.240	0.285
49.6/42.0	0.142/0.130	1295.05 mins	(1.66 mins)	0.274	0.365	0.227	0.284
49.6/42.0	0.144/0.130	1296.91 mins	(1.862 mins)	0.336	0.415	0.240	0.283
49.6/42.0	0.146/0.130	1298.70 mins	(1.785 mins)	0.320	0.410	0.235	0.286
49.6/42.0	0.148/0.130	1300.59 mins	(1.895 mins)	0.352	0.429	0.250	0.288
49.6/42.0	0.150/0.130	1302.46 mins	(1.868 mins)	0.345	0.442	0.239	0.284


49.8/42.0	0.110/0.130	1303.92 mins	(1.46 mins)	0.127	0.181	0.229	0.286
49.8/42.0	0.112/0.130	1305.33 mins	(1.407 mins)	0.145	0.194	0.241	0.289
49.8/42.0	0.114/0.130	1306.92 mins	(1.589 mins)	0.163	0.224	0.234	0.283
49.8/42.0	0.116/0.130	1308.56 mins	(1.642 mins)	0.163	0.229	0.224	0.288
49.8/42.0	0.118/0.130	1310.10 mins	(1.539 mins)	0.169	0.232	0.240	0.287
49.8/42.0	0.120/0.130	1311.69 mins	(1.589 mins)	0.208	0.265	0.251	0.286
49.8/42.0	0.122/0.130	1313.22 mins	(1.528 mins)	0.184	0.255	0.231	0.289
49.8/42.0	0.124/0.130	1314.76 mins	(1.538 mins)	0.192	0.248	0.232	0.285
49.8/42.0	0.126/0.130	1316.41 mins	(1.658 mins)	0.218	0.278	0.238	0.285
49.8/42.0	0.128/0.130	1317.99 mins	(1.575 mins)	0.214	0.286	0.233	0.284
49.8/42.0	0.130/0.130	1319.59 mins	(1.601 mins)	0.223	0.293	0.247	0.285
49.8/42.0	0.132/0.130	1321.23 mins	(1.643 mins)	0.231	0.313	0.229	0.287
49.8/42.0	0.134/0.130	1323.05 mins	(1.815 mins)	0.270	0.330	0.254	0.286
49.8/42.0	0.136/0.130	1324.75 mins	(1.705 mins)	0.247	0.338	0.234	0.283
49.8/42.0	0.138/0.130	1326.58 mins	(1.828 mins)	0.285	0.347	0.242	0.287
49.8/42.0	0.140/0.130	1328.35 mins	(1.771 mins)	0.317	0.372	0.256	0.285
49.8/42.0	0.142/0.130	1330.12 mins	(1.763 mins)	0.292	0.360	0.239	0.286
49.8/42.0	0.144/0.130	1332.02 mins	(1.903 mins)	0.352	0.416	0.250	0.284
49.8/42.0	0.146/0.130	1333.84 mins	(1.823 mins)	0.340	0.414	0.249	0.285
49.8/42.0	0.148/0.130	1335.80 mins	(1.961 mins)	0.362	0.428	0.251	0.285
49.8/42.0	0.150/0.130	1337.68 mins	(1.876 mins)	0.344	0.421	0.245	0.288


50.0/42.0	0.110/0.130	1339.06 mins	(1.381 mins)	0.127	0.190	0.225	0.286
50.0/42.0	0.112/0.130	1340.50 mins	(1.441 mins)	0.156	0.208	0.263	0.290
50.0/42.0	0.114/0.130	1342.09 mins	(1.593 mins)	0.168	0.240	0.227	0.289
50.0/42.0	0.116/0.130	1343.70 mins	(1.609 mins)	0.187	0.240	0.242	0.288
50.0/42.0	0.118/0.130	1345.26 mins	(1.561 mins)	0.184	0.258	0.236	0.286
50.0/42.0	0.120/0.130	1346.85 mins	(1.59 mins)	0.190	0.253	0.243	0.291
50.0/42.0	0.122/0.130	1348.51 mins	(1.659 mins)	0.221	0.282	0.258	0.288
50.0/42.0	0.124/0.130	1350.23 mins	(1.714 mins)	0.238	0.301	0.254	0.288
50.0/42.0	0.126/0.130	1351.82 mins	(1.599 mins)	0.193	0.246	0.245	0.288
50.0/42.0	0.128/0.130	1353.60 mins	(1.776 mins)	0.225	0.298	0.237	0.283
50.0/42.0	0.130/0.130	1355.32 mins	(1.724 mins)	0.237	0.309	0.240	0.287
50.0/42.0	0.132/0.130	1357.04 mins	(1.715 mins)	0.246	0.329	0.229	0.287
50.0/42.0	0.134/0.130	1358.82 mins	(1.78 mins)	0.277	0.340	0.250	0.286
50.0/42.0	0.136/0.130	1360.58 mins	(1.758 mins)	0.279	0.362	0.240	0.291
50.0/42.0	0.138/0.130	1362.28 mins	(1.698 mins)	0.275	0.349	0.236	0.287
50.0/42.0	0.140/0.130	1364.10 mins	(1.826 mins)	0.293	0.366	0.241	0.283
50.0/42.0	0.142/0.130	1365.88 mins	(1.783 mins)	0.302	0.395	0.229	0.286
50.0/42.0	0.144/0.130	1367.77 mins	(1.887 mins)	0.312	0.394	0.245	0.284
50.0/42.0	0.146/0.130	1369.52 mins	(1.749 mins)	0.310	0.405	0.240	0.291
50.0/42.0	0.148/0.130	1371.41 mins	(1.892 mins)	0.347	0.420	0.242	0.286
50.0/42.0	0.150/0.130	1373.33 mins	(1.918 mins)	0.369	0.453	0.250	0.285


> 
> proc.time()
      user     system    elapsed 
1599607.29   20017.74   82793.34 
