
R version 4.2.2 Patched (2022-11-10 r83330) -- "Innocent and Trusting"
Copyright (C) 2022 The R Foundation for Statistical Computing
Platform: x86_64-pc-linux-gnu (64-bit)

R is free software and comes with ABSOLUTELY NO WARRANTY.
You are welcome to redistribute it under certain conditions.
Type 'license()' or 'licence()' for distribution details.

  Natural language support but running in an English locale

R is a collaborative project with many contributors.
Type 'contributors()' for more information and
'citation()' on how to cite R or R packages in publications.

Type 'demo()' for some demos, 'help()' for on-line help, or
'help.start()' for an HTML browser interface to help.
Type 'q()' to quit R.

> rm(list = ls())
> gc()
         used (Mb) gc trigger (Mb) max used (Mb)
Ncells 275507 14.8     663402 35.5   469283 25.1
Vcells 463357  3.6    8388608 64.0  1822500 14.0
> library(dplyr)

Attaching package: ‘dplyr’

The following objects are masked from ‘package:stats’:

    filter, lag

The following objects are masked from ‘package:base’:

    intersect, setdiff, setequal, union

> library(foreach)
> library(doParallel)
Loading required package: iterators
Loading required package: parallel
> 
> # Set up the number of cores used for parallelization.
> message(detectCores())
32
> num_cores <- detectCores()
> registerDoParallel(num_cores)
> 
> #########################
> #### SEIR Simulation ####
> #########################
> time <- 365 # Number of days.
> inf <- 7 # Average infectious period length.
> N <- 1000 # Population size.
> 
> create_hh <- function() {
+   # Randomly sample household sizes such that total population is 1000 
+   # individuals.
+   hh_size <- sample(x = c(3, 4, 5, 6), size = 340, replace = T)
+   
+   # Keep households such that total population is < 1000.
+   hh_size <- hh_size[which(cumsum(hh_size) < N)]
+   
+   leftover <- N - sum(hh_size)
+   if (leftover < 3) {
+     hh <- 1:length(hh_size)
+     sampled <- sample(hh[hh_size < 6], leftover)
+     hh_size[sampled] <- hh_size[sampled] + 1
+   } else {
+     hh_size <- c(hh_size, leftover)
+   }
+   return(hh_size)
+ }
> 
> SEIR_blend <- function(params, inf, verbose = F) {
+   hh_size <- create_hh()
+   
+   # Create frame for running the simulation.
+   # ID: ID of individual.
+   # SIZE: size of individual's household.
+   # HH: ID of individual's household.
+   # S: susceptibility status.
+   # E: exposed status.
+   # E_count: number of days since exposed.
+   # I: infectious status.
+   # I_count: number of days since infectious.
+   # R: recovered status.
+   # INC: incubation period.
+   # INF: infectious period.
+   data <- data.frame(ID = 1:N,
+                      SIZE = rep(hh_size, times = hh_size),
+                      HH = rep(1:length(hh_size), times = hh_size), 
+                      S = c(0, rep(1, N - 1)), 
+                      E = c(1, rep(0, N - 1)),
+                      E_count = c(1, rep(0, N - 1)), 
+                      I = 0,
+                      I_count = 0, 
+                      R = 0, 
+                      INC = c(round(rlnorm(1, meanlog = log(29.8), 
+                                           sdlog = 0.45)), 
+                              rep(0, N - 1)),
+                      INF = 0)
+   
+   # Create frame for storing results.
+   # ID: ID of individual.
+   # SIZE: size of individual's household.
+   # HH: ID of individual's household.
+   # TYPE: the kind of infection: household (H), community (C), or both (B).
+   # TIME: when the individual became infectious.
+   # S_num: number of susceptible people in individual's household when their 
+   #        infectious period begins.
+   # I_num: number of people in household that this individual infected over 
+   #        their infectious period.
+   results <- data[, 1:3] %>% mutate(TYPE = NA, TIME = NA, S_num = NA, I_num = 0)
+   results$TYPE[1] <- '0'
+   
+   for(t in 1:time) {
+     if (verbose) {
+       if (t %% 10 == 0) {
+         cat(paste0(t, ' '))
+       }
+     }
+     
+     # Anyone who has been infectious for as many days as their infectious period
+     # is now recovered.
+     recovered <- (data$INF > 0) & (data$I_count == data$INF)
+     if(sum(recovered, na.rm = T) > 0) {
+       data$R[recovered] <- 1
+       data$I[recovered] <- 0
+       data$I_count[recovered] <- 0 
+     }
+     
+     new_inf <- (data$INC > 0) & (data$E_count == data$INC)
+     num_new_inf <- sum(new_inf, na.rm = T)
+     if(num_new_inf > 0) {
+       # Change status to newly infectious and add infectious period.
+       data$I[new_inf] <- 1
+       random_inf <- rnorm(num_new_inf, mean = inf, sd = 1) %>% round()
+       data$INF[new_inf] <- random_inf
+       
+       # Remove exposure status and exposure count.
+       data$E[new_inf] <- 0
+       data$E_count[new_inf] <- 0 
+       
+       # Record time at which infectious period starts.
+       results$TIME[new_inf] <- t
+       
+       # Save the number of susceptible people in each infectious individual's 
+       # household.
+       S_data <- data %>% group_by(HH) %>% 
+         mutate(S_tot = sum(S)) %>% 
+         select(HH, S_tot)
+       results$S_num[new_inf == 1] <- S_data$S_tot[new_inf == 1]
+     }
+     
+     # I_H is the number of infections inside each household.
+     # I_C is the number of infections outside each household.
+     I_data <- data %>% group_by(HH) %>% 
+       mutate(I_H = sum(I)) %>% 
+       ungroup() %>% 
+       mutate(I_C = sum(I) - I_H)
+     
+     beta_H <- params[1]
+     beta_C <- params[2]
+     beta_E <- params[3]
+     risk_H <- pmin(beta_H * data$S * I_data$I_H / N, 1)
+     risk_C <- pmin(beta_C * data$S * I_data$I_C / N, 1)
+     risk_E <- pmin(beta_E * data$S, 1)
+     
+     new_inf_H <- rbinom(N, 1, risk_H)
+     new_inf_C <- rbinom(N, 1, risk_C)
+     new_inf_E <- rbinom(N, 1, risk_E)
+     new_exposed <- (new_inf_H == 1) | (new_inf_C == 1) | (new_inf_E == 1)
+     num_new_exposed <- sum(new_exposed, na.rm = T)
+     if (num_new_exposed > 0) {
+       # Change status to newly exposed and add incubation period.
+       data$E[new_exposed] <- 1
+       random_inc <- rlnorm(num_new_exposed, meanlog = log(29.8), 
+                            sdlog = 0.45) %>% round()
+       data$INC[new_exposed] <- random_inc
+       
+       # Remove susceptible status.
+       data$S[new_exposed] <- 0
+       
+       # Get number of new infections in each household.
+       I_data <- I_data %>%
+         select(ID, HH, I, I_H) %>%
+         mutate(new_I_H = new_inf_H) %>%
+         group_by(HH) %>%
+         # Find households with at least 1 currently infectious individual. If 
+         # exactly 1 infectious individual in household, assign all new H 
+         # exposures to that individual. If there are multiple infectious 
+         # individuals, assign all infections to the infectious individual with 
+         # the first ID.
+         mutate(new_I_H = ifelse(I == 1 & ID == first(ID[I == 1]), 
+                                 sum(new_I_H), 0))
+       
+       results$I_num <- results$I_num + I_data$new_I_H
+         
+       # Label infections types.
+       new_inf_P <- (new_inf_H == 1) | (new_inf_C == 1)
+       results$TYPE[new_inf_P == 1] <- 'P'
+       results$TYPE[new_inf_E == 1] <- 'E'
+       results$TYPE[(new_inf_P == 1) & (new_inf_E == 1)] <- 'B'
+     }
+     
+     # Increment exposure and infectious counters.
+     data$E_count[data$E == 1] <- data$E_count[data$E == 1] + 1
+     data$I_count[data$I == 1] <- data$I_count[data$I == 1] + 1
+   }
+   return(results)
+ }
> 
> metrics <- function(results) {
+   # Incidence is the proportion of the population that became infected.
+   idc <- mean(!is.na(results$TIME))
+   
+   # If incidence is 0, the SAR and proportion of environmental infection are
+   # undefined.
+   sar <- NA
+   prp <- NA
+   if (idc != 0) {
+     # The SAR is the average SAR for each individual that was infectious.
+     sar <- mean(results$I_num / results$S_num, na.rm = T)
+     prp <- mean(results[!is.na(results$TIME), ]$TYPE != 'E')
+   }
+   return(c(idc, sar, prp))
+ }
> 
> beta_Hs <- seq(40, 45, 2.5) # 3
> beta_Cs <- seq(0, 0.5, 0.025) # 21
> beta_Es <- seq(0, 0.0005, 0.00001) # 50
> 
> a <- length(beta_Hs)
> b <- length(beta_Cs)
> c <- length(beta_Es)
> 
> reps <- 50
> idcs <- array(rep(NA, a * b * c * reps), dim = c(a, b, c, reps))
> sars <- array(rep(NA, a * b * c * reps), dim = c(a, b, c, reps))
> prps <- array(rep(NA, a * b * c * reps), dim = c(a, b, c, reps))
> t_tot <- 0
> for (i in 1:a) {
+   for (j in 1:b) {
+     for (k in 1:c) {
+       beta_H <- beta_Hs[i]
+       beta_C <- beta_Cs[j]
+       beta_E <- beta_Es[k]
+       
+       params <- c(beta_H, beta_C, beta_E)
+       
+       cat(paste0(format(beta_H, nsmall = 1), '/45.0\t', 
+                  format(beta_C, nsmall = 3), '/0.500\t',
+                  format(beta_E, nsmall = 6, scientific = F), '/0.000050\t'))
+         
+       t_0 <- Sys.time()
+       vals <- foreach (l = 1:reps, .combine = 'c') %dopar% {
+         results <- SEIR_blend(params, inf) 
+         metrics(results)
+       }
+       t_1 <- Sys.time()
+       t_tot <- t_tot + (t_1 - t_0)
+         
+       cat(paste0(format(t_tot, nsmall = 2, digits = 4), '\t(', 
+                  format(t_1 - t_0, nsmall = 2, digits = 4), ')\t'))
+       
+       vals <- matrix(vals, reps, byrow = T)
+       idcs[i, j, k, ] <- vals[, 1]
+       sars[i, j, k, ] <- vals[, 2]
+       prps[i, j, k, ] <- vals[, 3]
+         
+       cat(paste0(format(round(mean(vals[, 1]), 3), nsmall = 3), '\t', 
+                  format(round(mean(vals[, 2]), 3), nsmall = 3), '\t', 
+                  format(round(mean(vals[, 3]), 3), nsmall = 3)))
+         
+       write.table(idcs, file = 'idcs.txt', row.names = F, col.names = F)
+       write.table(sars, file = 'sars.txt', row.names = F, col.names = F)
+       write.table(prps, file = 'prps.txt', row.names = F, col.names = F)
+         
+       cat('\n')
+     }
+     cat('\n')
+   }
+   message('\n')
+ }
40.0/45.0	0.000/0.500	0.000000/0.000050	8.947 secs	(8.947 secs)	0.002	0.189	1.000
40.0/45.0	0.000/0.500	0.000010/0.000050	18.57 secs	(9.622 secs)	0.011	0.241	0.679
40.0/45.0	0.000/0.500	0.000020/0.000050	29.04 secs	(10.47 secs)	0.016	0.230	0.604
40.0/45.0	0.000/0.500	0.000030/0.000050	40.67 secs	(11.63 secs)	0.028	0.252	0.613
40.0/45.0	0.000/0.500	0.000040/0.000050	52.77 secs	(12.10 secs)	0.030	0.236	0.567
40.0/45.0	0.000/0.500	0.000050/0.000050	64.38 secs	(11.62 secs)	0.041	0.236	0.580
40.0/45.0	0.000/0.500	0.000060/0.000050	77.09 secs	(12.71 secs)	0.048	0.253	0.588
40.0/45.0	0.000/0.500	0.000070/0.000050	90.60 secs	(13.51 secs)	0.058	0.238	0.580
40.0/45.0	0.000/0.500	0.000080/0.000050	103.97 secs	(13.37 secs)	0.059	0.235	0.567
40.0/45.0	0.000/0.500	0.000090/0.000050	117.60 secs	(13.64 secs)	0.067	0.245	0.581
40.0/45.0	0.000/0.500	0.000100/0.000050	132.13 secs	(14.53 secs)	0.072	0.235	0.563
40.0/45.0	0.000/0.500	0.000110/0.000050	147.68 secs	(15.55 secs)	0.085	0.241	0.571
40.0/45.0	0.000/0.500	0.000120/0.000050	162.63 secs	(14.95 secs)	0.087	0.236	0.566
40.0/45.0	0.000/0.500	0.000130/0.000050	178.28 secs	(15.65 secs)	0.096	0.242	0.575
40.0/45.0	0.000/0.500	0.000140/0.000050	194.07 secs	(15.79 secs)	0.100	0.229	0.559
40.0/45.0	0.000/0.500	0.000150/0.000050	210.77 secs	(16.71 secs)	0.109	0.239	0.561
40.0/45.0	0.000/0.500	0.000160/0.000050	227.26 secs	(16.48 secs)	0.116	0.242	0.564
40.0/45.0	0.000/0.500	0.000170/0.000050	244.87 secs	(17.62 secs)	0.124	0.237	0.559
40.0/45.0	0.000/0.500	0.000180/0.000050	262.50 secs	(17.62 secs)	0.127	0.244	0.568
40.0/45.0	0.000/0.500	0.000190/0.000050	280.14 secs	(17.65 secs)	0.138	0.238	0.559
40.0/45.0	0.000/0.500	0.000200/0.000050	298.30 secs	(18.15 secs)	0.144	0.242	0.565
40.0/45.0	0.000/0.500	0.000210/0.000050	316.86 secs	(18.56 secs)	0.150	0.244	0.563
40.0/45.0	0.000/0.500	0.000220/0.000050	336.30 secs	(19.44 secs)	0.151	0.240	0.559
40.0/45.0	0.000/0.500	0.000230/0.000050	355.62 secs	(19.32 secs)	0.166	0.251	0.579
40.0/45.0	0.000/0.500	0.000240/0.000050	375.82 secs	(20.20 secs)	0.174	0.253	0.568
40.0/45.0	0.000/0.500	0.000250/0.000050	395.89 secs	(20.07 secs)	0.172	0.243	0.562
40.0/45.0	0.000/0.500	0.000260/0.000050	416.18 secs	(20.29 secs)	0.183	0.246	0.565
40.0/45.0	0.000/0.500	0.000270/0.000050	436.74 secs	(20.57 secs)	0.182	0.246	0.558
40.0/45.0	0.000/0.500	0.000280/0.000050	457.33 secs	(20.59 secs)	0.191	0.242	0.553
40.0/45.0	0.000/0.500	0.000290/0.000050	478.49 secs	(21.16 secs)	0.198	0.241	0.563
40.0/45.0	0.000/0.500	0.000300/0.000050	499.20 secs	(20.71 secs)	0.202	0.249	0.565
40.0/45.0	0.000/0.500	0.000310/0.000050	520.29 secs	(21.09 secs)	0.208	0.244	0.558
40.0/45.0	0.000/0.500	0.000320/0.000050	542.37 secs	(22.08 secs)	0.212	0.245	0.554
40.0/45.0	0.000/0.500	0.000330/0.000050	564.14 secs	(21.77 secs)	0.218	0.246	0.554
40.0/45.0	0.000/0.500	0.000340/0.000050	586.37 secs	(22.23 secs)	0.226	0.245	0.556
40.0/45.0	0.000/0.500	0.000350/0.000050	609.10 secs	(22.73 secs)	0.232	0.246	0.553
40.0/45.0	0.000/0.500	0.000360/0.000050	631.70 secs	(22.60 secs)	0.232	0.245	0.550
40.0/45.0	0.000/0.500	0.000370/0.000050	655.00 secs	(23.30 secs)	0.238	0.244	0.551
40.0/45.0	0.000/0.500	0.000380/0.000050	678.10 secs	(23.10 secs)	0.242	0.245	0.552
40.0/45.0	0.000/0.500	0.000390/0.000050	701.66 secs	(23.56 secs)	0.255	0.241	0.547
40.0/45.0	0.000/0.500	0.000400/0.000050	725.11 secs	(23.45 secs)	0.260	0.246	0.556
40.0/45.0	0.000/0.500	0.000410/0.000050	748.84 secs	(23.73 secs)	0.262	0.245	0.554
40.0/45.0	0.000/0.500	0.000420/0.000050	772.67 secs	(23.83 secs)	0.272	0.245	0.549
40.0/45.0	0.000/0.500	0.000430/0.000050	796.25 secs	(23.58 secs)	0.272	0.248	0.553
40.0/45.0	0.000/0.500	0.000440/0.000050	820.72 secs	(24.47 secs)	0.278	0.245	0.547
40.0/45.0	0.000/0.500	0.000450/0.000050	845.15 secs	(24.42 secs)	0.283	0.244	0.544
40.0/45.0	0.000/0.500	0.000460/0.000050	870.16 secs	(25.02 secs)	0.290	0.243	0.541
40.0/45.0	0.000/0.500	0.000470/0.000050	894.00 secs	(23.84 secs)	0.291	0.242	0.541
40.0/45.0	0.000/0.500	0.000480/0.000050	918.55 secs	(24.55 secs)	0.303	0.246	0.552
40.0/45.0	0.000/0.500	0.000490/0.000050	943.36 secs	(24.81 secs)	0.304	0.248	0.547
40.0/45.0	0.000/0.500	0.000500/0.000050	968.46 secs	(25.10 secs)	0.306	0.244	0.542

40.0/45.0	0.025/0.500	0.000000/0.000050	977.87 secs	(9.417 secs)	0.005	0.166	1.000
40.0/45.0	0.025/0.500	0.000010/0.000050	988.11 secs	(10.24 secs)	0.017	0.254	0.750
40.0/45.0	0.025/0.500	0.000020/0.000050	999.10 secs	(10.99 secs)	0.026	0.237	0.712
40.0/45.0	0.025/0.500	0.000030/0.000050	1011.18 secs	(12.08 secs)	0.038	0.253	0.717
40.0/45.0	0.025/0.500	0.000040/0.000050	1023.73 secs	(12.55 secs)	0.047	0.224	0.691
40.0/45.0	0.025/0.500	0.000050/0.000050	1036.85 secs	(13.12 secs)	0.056	0.241	0.702
40.0/45.0	0.025/0.500	0.000060/0.000050	1051.17 secs	(14.32 secs)	0.070	0.245	0.712
40.0/45.0	0.025/0.500	0.000070/0.000050	1065.41 secs	(14.24 secs)	0.077	0.244	0.703
40.0/45.0	0.025/0.500	0.000080/0.000050	1081.08 secs	(15.66 secs)	0.095	0.238	0.713
40.0/45.0	0.025/0.500	0.000090/0.000050	1096.63 secs	(15.55 secs)	0.097	0.241	0.708
40.0/45.0	0.025/0.500	0.000100/0.000050	1113.17 secs	(16.54 secs)	0.112	0.239	0.693
40.0/45.0	0.025/0.500	0.000110/0.000050	1130.59 secs	(17.42 secs)	0.116	0.238	0.699
40.0/45.0	0.025/0.500	0.000120/0.000050	1147.52 secs	(16.93 secs)	0.119	0.238	0.686
40.0/45.0	0.025/0.500	0.000130/0.000050	1165.83 secs	(18.31 secs)	0.140	0.242	0.702
40.0/45.0	0.025/0.500	0.000140/0.000050	1184.21 secs	(18.38 secs)	0.139	0.241	0.691
40.0/45.0	0.025/0.500	0.000150/0.000050	1203.98 secs	(19.77 secs)	0.156	0.250	0.699
40.0/45.0	0.025/0.500	0.000160/0.000050	1224.00 secs	(20.02 secs)	0.170	0.241	0.702
40.0/45.0	0.025/0.500	0.000170/0.000050	1244.37 secs	(20.37 secs)	0.175	0.243	0.694
40.0/45.0	0.025/0.500	0.000180/0.000050	1264.33 secs	(19.96 secs)	0.182	0.245	0.695
40.0/45.0	0.025/0.500	0.000190/0.000050	1284.58 secs	(20.25 secs)	0.186	0.238	0.693
40.0/45.0	0.025/0.500	0.000200/0.000050	1305.86 secs	(21.28 secs)	0.198	0.238	0.692
40.0/45.0	0.025/0.500	0.000210/0.000050	1327.09 secs	(21.22 secs)	0.192	0.234	0.670
40.0/45.0	0.025/0.500	0.000220/0.000050	1348.14 secs	(21.05 secs)	0.211	0.242	0.689
40.0/45.0	0.025/0.500	0.000230/0.000050	1370.13 secs	(21.99 secs)	0.218	0.241	0.679
40.0/45.0	0.025/0.500	0.000240/0.000050	1391.84 secs	(21.72 secs)	0.225	0.241	0.677
40.0/45.0	0.025/0.500	0.000250/0.000050	1413.88 secs	(22.03 secs)	0.229	0.242	0.677
40.0/45.0	0.025/0.500	0.000260/0.000050	1436.61 secs	(22.74 secs)	0.241	0.246	0.682
40.0/45.0	0.025/0.500	0.000270/0.000050	1459.74 secs	(23.13 secs)	0.244	0.243	0.680
40.0/45.0	0.025/0.500	0.000280/0.000050	1483.42 secs	(23.67 secs)	0.251	0.242	0.678
40.0/45.0	0.025/0.500	0.000290/0.000050	1507.10 secs	(23.68 secs)	0.268	0.247	0.684
40.0/45.0	0.025/0.500	0.000300/0.000050	1531.57 secs	(24.47 secs)	0.273	0.247	0.676
40.0/45.0	0.025/0.500	0.000310/0.000050	1555.27 secs	(23.70 secs)	0.278	0.244	0.674
40.0/45.0	0.025/0.500	0.000320/0.000050	1579.55 secs	(24.28 secs)	0.279	0.241	0.674
40.0/45.0	0.025/0.500	0.000330/0.000050	1604.30 secs	(24.75 secs)	0.289	0.241	0.666
40.0/45.0	0.025/0.500	0.000340/0.000050	1628.95 secs	(24.65 secs)	0.302	0.246	0.668
40.0/45.0	0.025/0.500	0.000350/0.000050	1654.92 secs	(25.96 secs)	0.314	0.245	0.671
40.0/45.0	0.025/0.500	0.000360/0.000050	1679.43 secs	(24.51 secs)	0.315	0.244	0.671
40.0/45.0	0.025/0.500	0.000370/0.000050	1704.57 secs	(25.14 secs)	0.324	0.244	0.677
40.0/45.0	0.025/0.500	0.000380/0.000050	1730.18 secs	(25.61 secs)	0.321	0.243	0.666
40.0/45.0	0.025/0.500	0.000390/0.000050	1756.13 secs	(25.95 secs)	0.328	0.245	0.664
40.0/45.0	0.025/0.500	0.000400/0.000050	1781.91 secs	(25.78 secs)	0.338	0.244	0.662
40.0/45.0	0.025/0.500	0.000410/0.000050	1807.65 secs	(25.74 secs)	0.342	0.244	0.660
40.0/45.0	0.025/0.500	0.000420/0.000050	1834.36 secs	(26.70 secs)	0.345	0.246	0.663
40.0/45.0	0.025/0.500	0.000430/0.000050	1861.36 secs	(27.00 secs)	0.350	0.242	0.658
40.0/45.0	0.025/0.500	0.000440/0.000050	1887.49 secs	(26.13 secs)	0.358	0.241	0.656
40.0/45.0	0.025/0.500	0.000450/0.000050	1913.77 secs	(26.28 secs)	0.357	0.246	0.656
40.0/45.0	0.025/0.500	0.000460/0.000050	1940.63 secs	(26.85 secs)	0.366	0.246	0.660
40.0/45.0	0.025/0.500	0.000470/0.000050	1967.22 secs	(26.60 secs)	0.368	0.244	0.651
40.0/45.0	0.025/0.500	0.000480/0.000050	1993.46 secs	(26.24 secs)	0.375	0.245	0.656
40.0/45.0	0.025/0.500	0.000490/0.000050	2020.73 secs	(27.27 secs)	0.388	0.246	0.653
40.0/45.0	0.025/0.500	0.000500/0.000050	2048.36 secs	(27.62 secs)	0.388	0.249	0.659

40.0/45.0	0.050/0.500	0.000000/0.000050	2058.30 secs	(9.949 secs)	0.009	0.170	1.000
40.0/45.0	0.050/0.500	0.000010/0.000050	2070.13 secs	(11.82 secs)	0.029	0.227	0.854
40.0/45.0	0.050/0.500	0.000020/0.000050	2082.61 secs	(12.48 secs)	0.043	0.229	0.794
40.0/45.0	0.050/0.500	0.000030/0.000050	2097.50 secs	(14.89 secs)	0.065	0.240	0.832
40.0/45.0	0.050/0.500	0.000040/0.000050	2112.02 secs	(14.52 secs)	0.078	0.233	0.816
40.0/45.0	0.050/0.500	0.000050/0.000050	2128.24 secs	(16.22 secs)	0.094	0.242	0.810
40.0/45.0	0.050/0.500	0.000060/0.000050	2146.12 secs	(17.87 secs)	0.110	0.240	0.803
40.0/45.0	0.050/0.500	0.000070/0.000050	2163.38 secs	(17.26 secs)	0.119	0.246	0.815
40.0/45.0	0.050/0.500	0.000080/0.000050	2181.26 secs	(17.88 secs)	0.130	0.240	0.802
40.0/45.0	0.050/0.500	0.000090/0.000050	2200.37 secs	(19.12 secs)	0.157	0.241	0.823
40.0/45.0	0.050/0.500	0.000100/0.000050	2219.76 secs	(19.39 secs)	0.165	0.239	0.811
40.0/45.0	0.050/0.500	0.000110/0.000050	2240.02 secs	(20.25 secs)	0.181	0.240	0.808
40.0/45.0	0.050/0.500	0.000120/0.000050	2260.70 secs	(20.68 secs)	0.195	0.241	0.809
40.0/45.0	0.050/0.500	0.000130/0.000050	2282.01 secs	(21.31 secs)	0.211	0.245	0.803
40.0/45.0	0.050/0.500	0.000140/0.000050	2303.69 secs	(21.67 secs)	0.219	0.241	0.798
40.0/45.0	0.050/0.500	0.000150/0.000050	2325.84 secs	(22.16 secs)	0.233	0.245	0.800
40.0/45.0	0.050/0.500	0.000160/0.000050	2347.87 secs	(22.02 secs)	0.235	0.248	0.796
40.0/45.0	0.050/0.500	0.000170/0.000050	2370.49 secs	(22.62 secs)	0.259	0.244	0.798
40.0/45.0	0.050/0.500	0.000180/0.000050	2393.62 secs	(23.12 secs)	0.250	0.241	0.787
40.0/45.0	0.050/0.500	0.000190/0.000050	2417.91 secs	(24.29 secs)	0.277	0.248	0.796
40.0/45.0	0.050/0.500	0.000200/0.000050	2441.92 secs	(24.01 secs)	0.278	0.240	0.788
40.0/45.0	0.050/0.500	0.000210/0.000050	2465.78 secs	(23.86 secs)	0.289	0.243	0.789
40.0/45.0	0.050/0.500	0.000220/0.000050	2490.71 secs	(24.93 secs)	0.307	0.241	0.785
40.0/45.0	0.050/0.500	0.000230/0.000050	2515.68 secs	(24.97 secs)	0.306	0.243	0.779
40.0/45.0	0.050/0.500	0.000240/0.000050	2540.65 secs	(24.97 secs)	0.312	0.239	0.777
40.0/45.0	0.050/0.500	0.000250/0.000050	2566.65 secs	(26.00 secs)	0.322	0.242	0.775
40.0/45.0	0.050/0.500	0.000260/0.000050	2592.01 secs	(25.36 secs)	0.335	0.245	0.779
40.0/45.0	0.050/0.500	0.000270/0.000050	2618.19 secs	(26.18 secs)	0.347	0.247	0.779
40.0/45.0	0.050/0.500	0.000280/0.000050	2644.61 secs	(26.42 secs)	0.341	0.245	0.769
40.0/45.0	0.050/0.500	0.000290/0.000050	2670.67 secs	(26.05 secs)	0.365	0.243	0.771
40.0/45.0	0.050/0.500	0.000300/0.000050	2697.23 secs	(26.56 secs)	0.368	0.246	0.775
40.0/45.0	0.050/0.500	0.000310/0.000050	2723.68 secs	(26.45 secs)	0.374	0.246	0.773
40.0/45.0	0.050/0.500	0.000320/0.000050	2750.52 secs	(26.84 secs)	0.390	0.243	0.769
40.0/45.0	0.050/0.500	0.000330/0.000050	2777.31 secs	(26.79 secs)	0.390	0.243	0.766
40.0/45.0	0.050/0.500	0.000340/0.000050	2804.76 secs	(27.45 secs)	0.399	0.244	0.764
40.0/45.0	0.050/0.500	0.000350/0.000050	2832.49 secs	(27.73 secs)	0.405	0.243	0.760
40.0/45.0	0.050/0.500	0.000360/0.000050	2859.95 secs	(27.47 secs)	0.404	0.243	0.759
40.0/45.0	0.050/0.500	0.000370/0.000050	2887.25 secs	(27.30 secs)	0.411	0.239	0.753
40.0/45.0	0.050/0.500	0.000380/0.000050	2914.77 secs	(27.52 secs)	0.418	0.240	0.762
40.0/45.0	0.050/0.500	0.000390/0.000050	2942.85 secs	(28.08 secs)	0.419	0.242	0.750
40.0/45.0	0.050/0.500	0.000400/0.000050	2971.26 secs	(28.41 secs)	0.431	0.245	0.755
40.0/45.0	0.050/0.500	0.000410/0.000050	2999.30 secs	(28.04 secs)	0.446	0.245	0.755
40.0/45.0	0.050/0.500	0.000420/0.000050	3027.16 secs	(27.86 secs)	0.448	0.245	0.752
40.0/45.0	0.050/0.500	0.000430/0.000050	3055.24 secs	(28.08 secs)	0.439	0.239	0.739
40.0/45.0	0.050/0.500	0.000440/0.000050	3083.13 secs	(27.89 secs)	0.453	0.241	0.742
40.0/45.0	0.050/0.500	0.000450/0.000050	3111.62 secs	(28.49 secs)	0.462	0.243	0.745
40.0/45.0	0.050/0.500	0.000460/0.000050	3140.58 secs	(28.96 secs)	0.472	0.244	0.747
40.0/45.0	0.050/0.500	0.000470/0.000050	3169.29 secs	(28.71 secs)	0.475	0.240	0.745
40.0/45.0	0.050/0.500	0.000480/0.000050	3197.57 secs	(28.28 secs)	0.482	0.241	0.741
40.0/45.0	0.050/0.500	0.000490/0.000050	3226.52 secs	(28.95 secs)	0.487	0.240	0.739
40.0/45.0	0.050/0.500	0.000500/0.000050	3255.75 secs	(29.23 secs)	0.490	0.242	0.738

40.0/45.0	0.075/0.500	0.000000/0.000050	3267.54 secs	(11.79 secs)	0.025	0.174	1.000
40.0/45.0	0.075/0.500	0.000010/0.000050	3281.88 secs	(14.35 secs)	0.047	0.210	0.856
40.0/45.0	0.075/0.500	0.000020/0.000050	3297.37 secs	(15.49 secs)	0.084	0.233	0.894
40.0/45.0	0.075/0.500	0.000030/0.000050	3315.60 secs	(18.23 secs)	0.128	0.238	0.907
40.0/45.0	0.075/0.500	0.000040/0.000050	3335.17 secs	(19.57 secs)	0.141	0.239	0.892
40.0/45.0	0.075/0.500	0.000050/0.000050	3355.96 secs	(20.80 secs)	0.161	0.238	0.883
40.0/45.0	0.075/0.500	0.000060/0.000050	3377.48 secs	(21.52 secs)	0.188	0.237	0.890
40.0/45.0	0.075/0.500	0.000070/0.000050	3398.59 secs	(21.11 secs)	0.211	0.240	0.889
40.0/45.0	0.075/0.500	0.000080/0.000050	3421.50 secs	(22.91 secs)	0.232	0.240	0.882
40.0/45.0	0.075/0.500	0.000090/0.000050	3444.05 secs	(22.55 secs)	0.234	0.241	0.875
40.0/45.0	0.075/0.500	0.000100/0.000050	3467.16 secs	(23.11 secs)	0.272	0.246	0.883
40.0/45.0	0.075/0.500	0.000110/0.000050	3491.59 secs	(24.43 secs)	0.289	0.244	0.886
40.0/45.0	0.075/0.500	0.000120/0.000050	3516.57 secs	(24.99 secs)	0.297	0.246	0.878
40.0/45.0	0.075/0.500	0.000130/0.000050	3540.10 secs	(23.52 secs)	0.286	0.240	0.864
40.0/45.0	0.075/0.500	0.000140/0.000050	3565.67 secs	(25.57 secs)	0.336	0.245	0.871
40.0/45.0	0.075/0.500	0.000150/0.000050	3591.32 secs	(25.65 secs)	0.339	0.240	0.874
40.0/45.0	0.075/0.500	0.000160/0.000050	3616.94 secs	(25.63 secs)	0.358	0.249	0.873
40.0/45.0	0.075/0.500	0.000170/0.000050	3642.31 secs	(25.36 secs)	0.358	0.244	0.860
40.0/45.0	0.075/0.500	0.000180/0.000050	3668.67 secs	(26.37 secs)	0.380	0.245	0.864
40.0/45.0	0.075/0.500	0.000190/0.000050	3695.00 secs	(26.32 secs)	0.394	0.246	0.862
40.0/45.0	0.075/0.500	0.000200/0.000050	3722.14 secs	(27.15 secs)	0.395	0.242	0.858
40.0/45.0	0.075/0.500	0.000210/0.000050	3749.05 secs	(26.91 secs)	0.416	0.240	0.856
40.0/45.0	0.075/0.500	0.000220/0.000050	3776.02 secs	(26.96 secs)	0.427	0.243	0.854
40.0/45.0	0.075/0.500	0.000230/0.000050	3804.02 secs	(28.01 secs)	0.423	0.238	0.848
40.0/45.0	0.075/0.500	0.000240/0.000050	3832.59 secs	(28.57 secs)	0.448	0.244	0.853
40.0/45.0	0.075/0.500	0.000250/0.000050	3861.51 secs	(28.92 secs)	0.456	0.246	0.853
40.0/45.0	0.075/0.500	0.000260/0.000050	3889.21 secs	(27.71 secs)	0.459	0.242	0.849
40.0/45.0	0.075/0.500	0.000270/0.000050	3917.24 secs	(28.03 secs)	0.461	0.244	0.847
40.0/45.0	0.075/0.500	0.000280/0.000050	3945.90 secs	(28.66 secs)	0.477	0.245	0.842
40.0/45.0	0.075/0.500	0.000290/0.000050	3973.88 secs	(27.98 secs)	0.481	0.241	0.840
40.0/45.0	0.075/0.500	0.000300/0.000050	4002.40 secs	(28.52 secs)	0.479	0.244	0.837
40.0/45.0	0.075/0.500	0.000310/0.000050	4030.72 secs	(28.32 secs)	0.497	0.243	0.841
40.0/45.0	0.075/0.500	0.000320/0.000050	4059.54 secs	(28.82 secs)	0.489	0.242	0.833
40.0/45.0	0.075/0.500	0.000330/0.000050	4088.36 secs	(28.82 secs)	0.500	0.246	0.833
40.0/45.0	0.075/0.500	0.000340/0.000050	4116.81 secs	(28.45 secs)	0.517	0.240	0.828
40.0/45.0	0.075/0.500	0.000350/0.000050	4145.87 secs	(29.06 secs)	0.526	0.245	0.828
40.0/45.0	0.075/0.500	0.000360/0.000050	4174.90 secs	(29.04 secs)	0.533	0.247	0.830
40.0/45.0	0.075/0.500	0.000370/0.000050	4204.61 secs	(29.70 secs)	0.521	0.241	0.825
40.0/45.0	0.075/0.500	0.000380/0.000050	4233.71 secs	(29.11 secs)	0.542	0.242	0.824
40.0/45.0	0.075/0.500	0.000390/0.000050	4263.69 secs	(29.97 secs)	0.550	0.245	0.823
40.0/45.0	0.075/0.500	0.000400/0.000050	4293.50 secs	(29.82 secs)	0.544	0.244	0.819
40.0/45.0	0.075/0.500	0.000410/0.000050	4323.30 secs	(29.80 secs)	0.558	0.242	0.816
40.0/45.0	0.075/0.500	0.000420/0.000050	4353.20 secs	(29.90 secs)	0.565	0.246	0.817
40.0/45.0	0.075/0.500	0.000430/0.000050	4382.50 secs	(29.30 secs)	0.565	0.247	0.815
40.0/45.0	0.075/0.500	0.000440/0.000050	4412.64 secs	(30.14 secs)	0.581	0.241	0.813
40.0/45.0	0.075/0.500	0.000450/0.000050	4443.34 secs	(30.70 secs)	0.568	0.244	0.811
40.0/45.0	0.075/0.500	0.000460/0.000050	4473.81 secs	(30.47 secs)	0.579	0.243	0.810
40.0/45.0	0.075/0.500	0.000470/0.000050	4504.84 secs	(31.04 secs)	0.585	0.246	0.811
40.0/45.0	0.075/0.500	0.000480/0.000050	4535.16 secs	(30.32 secs)	0.584	0.244	0.807
40.0/45.0	0.075/0.500	0.000490/0.000050	4566.09 secs	(30.93 secs)	0.593	0.245	0.802
40.0/45.0	0.075/0.500	0.000500/0.000050	4596.41 secs	(30.33 secs)	0.590	0.243	0.797

40.0/45.0	0.100/0.500	0.000000/0.000050	4612.08 secs	(15.66 secs)	0.061	0.192	1.000
40.0/45.0	0.100/0.500	0.000010/0.000050	4630.15 secs	(18.07 secs)	0.100	0.224	0.925
40.0/45.0	0.100/0.500	0.000020/0.000050	4650.26 secs	(20.11 secs)	0.150	0.227	0.933
40.0/45.0	0.100/0.500	0.000030/0.000050	4670.58 secs	(20.32 secs)	0.183	0.238	0.925
40.0/45.0	0.100/0.500	0.000040/0.000050	4692.74 secs	(22.16 secs)	0.244	0.236	0.943
40.0/45.0	0.100/0.500	0.000050/0.000050	4716.29 secs	(23.55 secs)	0.280	0.243	0.937
40.0/45.0	0.100/0.500	0.000060/0.000050	4740.78 secs	(24.49 secs)	0.307	0.238	0.935
40.0/45.0	0.100/0.500	0.000070/0.000050	4764.82 secs	(24.04 secs)	0.335	0.241	0.935
40.0/45.0	0.100/0.500	0.000080/0.000050	4790.44 secs	(25.62 secs)	0.369	0.243	0.933
40.0/45.0	0.100/0.500	0.000090/0.000050	4816.00 secs	(25.56 secs)	0.389	0.242	0.932
40.0/45.0	0.100/0.500	0.000100/0.000050	4841.80 secs	(25.81 secs)	0.392	0.238	0.925
40.0/45.0	0.100/0.500	0.000110/0.000050	4869.19 secs	(27.38 secs)	0.442	0.245	0.927
40.0/45.0	0.100/0.500	0.000120/0.000050	4896.93 secs	(27.74 secs)	0.445	0.243	0.924
40.0/45.0	0.100/0.500	0.000130/0.000050	4924.18 secs	(27.25 secs)	0.451	0.243	0.920
40.0/45.0	0.100/0.500	0.000140/0.000050	4952.17 secs	(27.99 secs)	0.473	0.244	0.916
40.0/45.0	0.100/0.500	0.000150/0.000050	4980.32 secs	(28.14 secs)	0.477	0.238	0.912
40.0/45.0	0.100/0.500	0.000160/0.000050	5007.66 secs	(27.34 secs)	0.495	0.244	0.914
40.0/45.0	0.100/0.500	0.000170/0.000050	5035.77 secs	(28.11 secs)	0.521	0.242	0.911
40.0/45.0	0.100/0.500	0.000180/0.000050	5064.07 secs	(28.30 secs)	0.527	0.243	0.909
40.0/45.0	0.100/0.500	0.000190/0.000050	5092.96 secs	(28.89 secs)	0.538	0.241	0.906
40.0/45.0	0.100/0.500	0.000200/0.000050	5121.17 secs	(28.21 secs)	0.527	0.242	0.903
40.0/45.0	0.100/0.500	0.000210/0.000050	5150.78 secs	(29.61 secs)	0.550	0.244	0.899
40.0/45.0	0.100/0.500	0.000220/0.000050	5180.04 secs	(29.26 secs)	0.553	0.239	0.898
40.0/45.0	0.100/0.500	0.000230/0.000050	5209.23 secs	(29.20 secs)	0.567	0.240	0.894
40.0/45.0	0.100/0.500	0.000240/0.000050	5238.76 secs	(29.52 secs)	0.585	0.241	0.893
40.0/45.0	0.100/0.500	0.000250/0.000050	5268.10 secs	(29.34 secs)	0.579	0.240	0.891
40.0/45.0	0.100/0.500	0.000260/0.000050	5297.69 secs	(29.59 secs)	0.588	0.242	0.889
40.0/45.0	0.100/0.500	0.000270/0.000050	5328.08 secs	(30.39 secs)	0.588	0.244	0.887
40.0/45.0	0.100/0.500	0.000280/0.000050	5358.01 secs	(29.93 secs)	0.601	0.241	0.883
40.0/45.0	0.100/0.500	0.000290/0.000050	5388.22 secs	(30.21 secs)	0.612	0.243	0.883
40.0/45.0	0.100/0.500	0.000300/0.000050	5417.91 secs	(29.69 secs)	0.613	0.245	0.881
40.0/45.0	0.100/0.500	0.000310/0.000050	5447.23 secs	(29.31 secs)	0.609	0.244	0.877
40.0/45.0	0.100/0.500	0.000320/0.000050	5477.18 secs	(29.96 secs)	0.625	0.244	0.876
40.0/45.0	0.100/0.500	0.000330/0.000050	5507.46 secs	(30.28 secs)	0.628	0.243	0.874
40.0/45.0	0.100/0.500	0.000340/0.000050	5537.53 secs	(30.07 secs)	0.639	0.243	0.875
40.0/45.0	0.100/0.500	0.000350/0.000050	5567.70 secs	(30.17 secs)	0.640	0.245	0.872
40.0/45.0	0.100/0.500	0.000360/0.000050	5597.82 secs	(30.12 secs)	0.642	0.243	0.866
40.0/45.0	0.100/0.500	0.000370/0.000050	5628.36 secs	(30.54 secs)	0.654	0.244	0.869
40.0/45.0	0.100/0.500	0.000380/0.000050	5658.08 secs	(29.73 secs)	0.661	0.246	0.866
40.0/45.0	0.100/0.500	0.000390/0.000050	5688.48 secs	(30.40 secs)	0.664	0.245	0.864
40.0/45.0	0.100/0.500	0.000400/0.000050	5718.57 secs	(30.09 secs)	0.659	0.244	0.861
40.0/45.0	0.100/0.500	0.000410/0.000050	5749.06 secs	(30.49 secs)	0.665	0.243	0.857
40.0/45.0	0.100/0.500	0.000420/0.000050	5779.32 secs	(30.26 secs)	0.668	0.245	0.857
40.0/45.0	0.100/0.500	0.000430/0.000050	5811.19 secs	(31.87 secs)	0.675	0.245	0.855
40.0/45.0	0.100/0.500	0.000440/0.000050	5841.40 secs	(30.21 secs)	0.673	0.244	0.855
40.0/45.0	0.100/0.500	0.000450/0.000050	5871.83 secs	(30.43 secs)	0.693	0.245	0.853
40.0/45.0	0.100/0.500	0.000460/0.000050	5902.17 secs	(30.34 secs)	0.678	0.239	0.849
40.0/45.0	0.100/0.500	0.000470/0.000050	5933.04 secs	(30.87 secs)	0.688	0.245	0.846
40.0/45.0	0.100/0.500	0.000480/0.000050	5965.84 secs	(32.80 secs)	0.693	0.242	0.847
40.0/45.0	0.100/0.500	0.000490/0.000050	5996.27 secs	(30.43 secs)	0.692	0.245	0.843
40.0/45.0	0.100/0.500	0.000500/0.000050	6026.66 secs	(30.39 secs)	0.693	0.241	0.841

40.0/45.0	0.125/0.500	0.000000/0.000050	6043.99 secs	(17.32 secs)	0.121	0.173	1.000
40.0/45.0	0.125/0.500	0.000010/0.000050	6065.64 secs	(21.65 secs)	0.269	0.238	0.974
40.0/45.0	0.125/0.500	0.000020/0.000050	6086.69 secs	(21.05 secs)	0.257	0.233	0.958
40.0/45.0	0.125/0.500	0.000030/0.000050	6110.52 secs	(23.83 secs)	0.339	0.240	0.969
40.0/45.0	0.125/0.500	0.000040/0.000050	6136.11 secs	(25.59 secs)	0.401	0.239	0.968
40.0/45.0	0.125/0.500	0.000050/0.000050	6164.25 secs	(28.15 secs)	0.409	0.238	0.965
40.0/45.0	0.125/0.500	0.000060/0.000050	6191.14 secs	(26.88 secs)	0.483	0.242	0.963
40.0/45.0	0.125/0.500	0.000070/0.000050	6218.13 secs	(26.99 secs)	0.506	0.241	0.959
40.0/45.0	0.125/0.500	0.000080/0.000050	6245.90 secs	(27.78 secs)	0.500	0.240	0.955
40.0/45.0	0.125/0.500	0.000090/0.000050	6273.28 secs	(27.38 secs)	0.546	0.244	0.953
40.0/45.0	0.125/0.500	0.000100/0.000050	6302.01 secs	(28.73 secs)	0.567	0.245	0.952
40.0/45.0	0.125/0.500	0.000110/0.000050	6330.25 secs	(28.24 secs)	0.558	0.242	0.948
40.0/45.0	0.125/0.500	0.000120/0.000050	6358.68 secs	(28.44 secs)	0.577	0.243	0.943
40.0/45.0	0.125/0.500	0.000130/0.000050	6387.42 secs	(28.74 secs)	0.608	0.240	0.944
40.0/45.0	0.125/0.500	0.000140/0.000050	6416.19 secs	(28.77 secs)	0.623	0.245	0.942
40.0/45.0	0.125/0.500	0.000150/0.000050	6445.31 secs	(29.12 secs)	0.617	0.239	0.939
40.0/45.0	0.125/0.500	0.000160/0.000050	6477.01 secs	(31.70 secs)	0.635	0.241	0.937
40.0/45.0	0.125/0.500	0.000170/0.000050	6506.23 secs	(29.22 secs)	0.653	0.240	0.936
40.0/45.0	0.125/0.500	0.000180/0.000050	6535.52 secs	(29.29 secs)	0.636	0.245	0.930
40.0/45.0	0.125/0.500	0.000190/0.000050	6565.10 secs	(29.58 secs)	0.665	0.241	0.928
40.0/45.0	0.125/0.500	0.000200/0.000050	6594.89 secs	(29.79 secs)	0.662	0.242	0.925
40.0/45.0	0.125/0.500	0.000210/0.000050	6624.06 secs	(29.18 secs)	0.678	0.242	0.924
40.0/45.0	0.125/0.500	0.000220/0.000050	6653.63 secs	(29.56 secs)	0.675	0.242	0.922
40.0/45.0	0.125/0.500	0.000230/0.000050	6683.30 secs	(29.67 secs)	0.673	0.241	0.919
40.0/45.0	0.125/0.500	0.000240/0.000050	6713.72 secs	(30.42 secs)	0.694	0.246	0.918
40.0/45.0	0.125/0.500	0.000250/0.000050	6743.75 secs	(30.03 secs)	0.691	0.240	0.919
40.0/45.0	0.125/0.500	0.000260/0.000050	6773.63 secs	(29.88 secs)	0.706	0.243	0.916
40.0/45.0	0.125/0.500	0.000270/0.000050	6803.03 secs	(29.40 secs)	0.710	0.245	0.913
40.0/45.0	0.125/0.500	0.000280/0.000050	6833.46 secs	(30.43 secs)	0.714	0.241	0.909
40.0/45.0	0.125/0.500	0.000290/0.000050	6863.97 secs	(30.51 secs)	0.715	0.247	0.909
40.0/45.0	0.125/0.500	0.000300/0.000050	6894.41 secs	(30.44 secs)	0.723	0.244	0.907
40.0/45.0	0.125/0.500	0.000310/0.000050	6924.18 secs	(29.77 secs)	0.717	0.241	0.904
40.0/45.0	0.125/0.500	0.000320/0.000050	6954.56 secs	(30.38 secs)	0.729	0.245	0.905
40.0/45.0	0.125/0.500	0.000330/0.000050	6985.15 secs	(30.59 secs)	0.725	0.244	0.899
40.0/45.0	0.125/0.500	0.000340/0.000050	7015.19 secs	(30.03 secs)	0.737	0.244	0.899
40.0/45.0	0.125/0.500	0.000350/0.000050	7045.97 secs	(30.79 secs)	0.739	0.245	0.896
40.0/45.0	0.125/0.500	0.000360/0.000050	7077.21 secs	(31.24 secs)	0.737	0.245	0.895
40.0/45.0	0.125/0.500	0.000370/0.000050	7107.48 secs	(30.27 secs)	0.736	0.241	0.893
40.0/45.0	0.125/0.500	0.000380/0.000050	7138.45 secs	(30.97 secs)	0.743	0.242	0.888
40.0/45.0	0.125/0.500	0.000390/0.000050	7169.11 secs	(30.67 secs)	0.746	0.243	0.890
40.0/45.0	0.125/0.500	0.000400/0.000050	7199.75 secs	(30.64 secs)	0.754	0.242	0.888
40.0/45.0	0.125/0.500	0.000410/0.000050	7229.99 secs	(30.24 secs)	0.760	0.243	0.886
40.0/45.0	0.125/0.500	0.000420/0.000050	7260.41 secs	(30.42 secs)	0.758	0.244	0.885
40.0/45.0	0.125/0.500	0.000430/0.000050	7290.21 secs	(29.80 secs)	0.758	0.239	0.881
40.0/45.0	0.125/0.500	0.000440/0.000050	7320.80 secs	(30.59 secs)	0.757	0.244	0.882
40.0/45.0	0.125/0.500	0.000450/0.000050	7350.72 secs	(29.92 secs)	0.756	0.244	0.879
40.0/45.0	0.125/0.500	0.000460/0.000050	7380.97 secs	(30.25 secs)	0.771	0.244	0.876
40.0/45.0	0.125/0.500	0.000470/0.000050	7411.11 secs	(30.14 secs)	0.764	0.243	0.875
40.0/45.0	0.125/0.500	0.000480/0.000050	7441.11 secs	(30.00 secs)	0.761	0.244	0.873
40.0/45.0	0.125/0.500	0.000490/0.000050	7471.47 secs	(30.36 secs)	0.764	0.240	0.871
40.0/45.0	0.125/0.500	0.000500/0.000050	7501.70 secs	(30.23 secs)	0.776	0.246	0.868

40.0/45.0	0.150/0.500	0.000000/0.000050	7521.87 secs	(20.17 secs)	0.235	0.193	1.000
40.0/45.0	0.150/0.500	0.000010/0.000050	7545.72 secs	(23.86 secs)	0.370	0.226	0.977
40.0/45.0	0.150/0.500	0.000020/0.000050	7571.49 secs	(25.77 secs)	0.456	0.236	0.984
40.0/45.0	0.150/0.500	0.000030/0.000050	7597.76 secs	(26.26 secs)	0.535	0.245	0.983
40.0/45.0	0.150/0.500	0.000040/0.000050	7624.07 secs	(26.31 secs)	0.532	0.240	0.977
40.0/45.0	0.150/0.500	0.000050/0.000050	7651.94 secs	(27.87 secs)	0.584	0.239	0.977
40.0/45.0	0.150/0.500	0.000060/0.000050	7680.18 secs	(28.25 secs)	0.656	0.242	0.974
40.0/45.0	0.150/0.500	0.000070/0.000050	7708.05 secs	(27.87 secs)	0.634	0.240	0.970
40.0/45.0	0.150/0.500	0.000080/0.000050	7736.99 secs	(28.95 secs)	0.660	0.239	0.967
40.0/45.0	0.150/0.500	0.000090/0.000050	7765.43 secs	(28.44 secs)	0.678	0.241	0.965
40.0/45.0	0.150/0.500	0.000100/0.000050	7794.20 secs	(28.76 secs)	0.699	0.241	0.965
40.0/45.0	0.150/0.500	0.000110/0.000050	7822.97 secs	(28.77 secs)	0.704	0.243	0.961
40.0/45.0	0.150/0.500	0.000120/0.000050	7852.62 secs	(29.65 secs)	0.728	0.245	0.959
40.0/45.0	0.150/0.500	0.000130/0.000050	7881.29 secs	(28.67 secs)	0.728	0.238	0.956
40.0/45.0	0.150/0.500	0.000140/0.000050	7910.05 secs	(28.76 secs)	0.736	0.245	0.956
40.0/45.0	0.150/0.500	0.000150/0.000050	7941.15 secs	(31.10 secs)	0.747	0.245	0.953
40.0/45.0	0.150/0.500	0.000160/0.000050	7970.55 secs	(29.40 secs)	0.749	0.241	0.950
40.0/45.0	0.150/0.500	0.000170/0.000050	8000.78 secs	(30.23 secs)	0.754	0.241	0.947
40.0/45.0	0.150/0.500	0.000180/0.000050	8030.30 secs	(29.53 secs)	0.754	0.240	0.945
40.0/45.0	0.150/0.500	0.000190/0.000050	8059.78 secs	(29.47 secs)	0.755	0.244	0.944
40.0/45.0	0.150/0.500	0.000200/0.000050	8089.24 secs	(29.47 secs)	0.756	0.240	0.941
40.0/45.0	0.150/0.500	0.000210/0.000050	8119.89 secs	(30.65 secs)	0.767	0.244	0.941
40.0/45.0	0.150/0.500	0.000220/0.000050	8149.71 secs	(29.82 secs)	0.768	0.241	0.940
40.0/45.0	0.150/0.500	0.000230/0.000050	8180.65 secs	(30.93 secs)	0.772	0.241	0.935
40.0/45.0	0.150/0.500	0.000240/0.000050	8210.56 secs	(29.92 secs)	0.775	0.242	0.932
40.0/45.0	0.150/0.500	0.000250/0.000050	8240.19 secs	(29.63 secs)	0.785	0.242	0.932
40.0/45.0	0.150/0.500	0.000260/0.000050	8269.76 secs	(29.56 secs)	0.795	0.242	0.929
40.0/45.0	0.150/0.500	0.000270/0.000050	8299.61 secs	(29.86 secs)	0.789	0.242	0.927
40.0/45.0	0.150/0.500	0.000280/0.000050	8329.75 secs	(30.13 secs)	0.795	0.242	0.927
40.0/45.0	0.150/0.500	0.000290/0.000050	8359.61 secs	(29.86 secs)	0.794	0.243	0.926
40.0/45.0	0.150/0.500	0.000300/0.000050	8389.60 secs	(29.99 secs)	0.796	0.244	0.921
40.0/45.0	0.150/0.500	0.000310/0.000050	8420.13 secs	(30.54 secs)	0.800	0.243	0.921
40.0/45.0	0.150/0.500	0.000320/0.000050	8450.04 secs	(29.91 secs)	0.800	0.247	0.919
40.0/45.0	0.150/0.500	0.000330/0.000050	8480.37 secs	(30.33 secs)	0.807	0.246	0.917
40.0/45.0	0.150/0.500	0.000340/0.000050	8510.38 secs	(30.02 secs)	0.798	0.241	0.914
40.0/45.0	0.150/0.500	0.000350/0.000050	8540.24 secs	(29.85 secs)	0.808	0.243	0.916
40.0/45.0	0.150/0.500	0.000360/0.000050	8570.65 secs	(30.41 secs)	0.808	0.240	0.911
40.0/45.0	0.150/0.500	0.000370/0.000050	8600.35 secs	(29.71 secs)	0.804	0.236	0.908
40.0/45.0	0.150/0.500	0.000380/0.000050	8630.39 secs	(30.04 secs)	0.808	0.243	0.905
40.0/45.0	0.150/0.500	0.000390/0.000050	8660.11 secs	(29.72 secs)	0.812	0.243	0.907
40.0/45.0	0.150/0.500	0.000400/0.000050	8689.62 secs	(29.51 secs)	0.816	0.242	0.905
40.0/45.0	0.150/0.500	0.000410/0.000050	8719.75 secs	(30.13 secs)	0.814	0.242	0.904
40.0/45.0	0.150/0.500	0.000420/0.000050	8750.01 secs	(30.26 secs)	0.814	0.243	0.900
40.0/45.0	0.150/0.500	0.000430/0.000050	8779.26 secs	(29.25 secs)	0.819	0.241	0.898
40.0/45.0	0.150/0.500	0.000440/0.000050	8809.20 secs	(29.94 secs)	0.822	0.245	0.899
40.0/45.0	0.150/0.500	0.000450/0.000050	8839.10 secs	(29.90 secs)	0.811	0.239	0.897
40.0/45.0	0.150/0.500	0.000460/0.000050	8868.92 secs	(29.82 secs)	0.817	0.238	0.892
40.0/45.0	0.150/0.500	0.000470/0.000050	8898.87 secs	(29.95 secs)	0.828	0.242	0.893
40.0/45.0	0.150/0.500	0.000480/0.000050	8928.98 secs	(30.10 secs)	0.824	0.241	0.894
40.0/45.0	0.150/0.500	0.000490/0.000050	8958.86 secs	(29.88 secs)	0.828	0.244	0.890
40.0/45.0	0.150/0.500	0.000500/0.000050	8988.82 secs	(29.96 secs)	0.828	0.240	0.889

40.0/45.0	0.175/0.500	0.000000/0.000050	9012.27 secs	(23.45 secs)	0.373	0.189	1.000
40.0/45.0	0.175/0.500	0.000010/0.000050	9036.87 secs	(24.60 secs)	0.426	0.234	0.988
40.0/45.0	0.175/0.500	0.000020/0.000050	9063.40 secs	(26.53 secs)	0.594	0.239	0.989
40.0/45.0	0.175/0.500	0.000030/0.000050	9090.90 secs	(27.50 secs)	0.662	0.241	0.987
40.0/45.0	0.175/0.500	0.000040/0.000050	9118.27 secs	(27.37 secs)	0.693	0.241	0.984
40.0/45.0	0.175/0.500	0.000050/0.000050	9146.28 secs	(28.01 secs)	0.716	0.244	0.983
40.0/45.0	0.175/0.500	0.000060/0.000050	9174.65 secs	(28.37 secs)	0.743	0.240	0.980
40.0/45.0	0.175/0.500	0.000070/0.000050	9203.58 secs	(28.93 secs)	0.743	0.240	0.976
40.0/45.0	0.175/0.500	0.000080/0.000050	9233.43 secs	(29.85 secs)	0.760	0.239	0.974
40.0/45.0	0.175/0.500	0.000090/0.000050	9262.40 secs	(28.97 secs)	0.773	0.244	0.973
40.0/45.0	0.175/0.500	0.000100/0.000050	9292.46 secs	(30.06 secs)	0.788	0.241	0.970
40.0/45.0	0.175/0.500	0.000110/0.000050	9321.75 secs	(29.29 secs)	0.799	0.239	0.967
40.0/45.0	0.175/0.500	0.000120/0.000050	9350.85 secs	(29.10 secs)	0.806	0.242	0.967
40.0/45.0	0.175/0.500	0.000130/0.000050	9380.50 secs	(29.65 secs)	0.801	0.243	0.964
40.0/45.0	0.175/0.500	0.000140/0.000050	9409.96 secs	(29.46 secs)	0.810	0.240	0.963
40.0/45.0	0.175/0.500	0.000150/0.000050	9439.43 secs	(29.47 secs)	0.810	0.242	0.960
40.0/45.0	0.175/0.500	0.000160/0.000050	9469.46 secs	(30.04 secs)	0.818	0.242	0.956
40.0/45.0	0.175/0.500	0.000170/0.000050	9499.02 secs	(29.56 secs)	0.821	0.242	0.955
40.0/45.0	0.175/0.500	0.000180/0.000050	9529.01 secs	(29.98 secs)	0.824	0.241	0.954
40.0/45.0	0.175/0.500	0.000190/0.000050	9558.98 secs	(29.98 secs)	0.825	0.241	0.950
40.0/45.0	0.175/0.500	0.000200/0.000050	9590.19 secs	(31.21 secs)	0.831	0.241	0.952
40.0/45.0	0.175/0.500	0.000210/0.000050	9619.82 secs	(29.63 secs)	0.833	0.242	0.948
40.0/45.0	0.175/0.500	0.000220/0.000050	9649.32 secs	(29.50 secs)	0.832	0.239	0.946
40.0/45.0	0.175/0.500	0.000230/0.000050	9678.47 secs	(29.15 secs)	0.841	0.241	0.944
40.0/45.0	0.175/0.500	0.000240/0.000050	9708.52 secs	(30.05 secs)	0.839	0.241	0.942
40.0/45.0	0.175/0.500	0.000250/0.000050	9738.36 secs	(29.84 secs)	0.842	0.241	0.941
40.0/45.0	0.175/0.500	0.000260/0.000050	9768.10 secs	(29.73 secs)	0.848	0.244	0.939
40.0/45.0	0.175/0.500	0.000270/0.000050	9797.94 secs	(29.85 secs)	0.842	0.240	0.937
40.0/45.0	0.175/0.500	0.000280/0.000050	9828.04 secs	(30.09 secs)	0.840	0.242	0.937
40.0/45.0	0.175/0.500	0.000290/0.000050	9857.29 secs	(29.26 secs)	0.848	0.240	0.932
40.0/45.0	0.175/0.500	0.000300/0.000050	9887.29 secs	(30.00 secs)	0.845	0.241	0.931
40.0/45.0	0.175/0.500	0.000310/0.000050	9917.04 secs	(29.75 secs)	0.850	0.241	0.930
40.0/45.0	0.175/0.500	0.000320/0.000050	9946.68 secs	(29.64 secs)	0.850	0.241	0.928
40.0/45.0	0.175/0.500	0.000330/0.000050	9975.65 secs	(28.97 secs)	0.853	0.242	0.927
40.0/45.0	0.175/0.500	0.000340/0.000050	10005.76 secs	(30.11 secs)	0.850	0.241	0.924
40.0/45.0	0.175/0.500	0.000350/0.000050	10035.55 secs	(29.79 secs)	0.855	0.240	0.925
40.0/45.0	0.175/0.500	0.000360/0.000050	10064.58 secs	(29.03 secs)	0.857	0.240	0.922
40.0/45.0	0.175/0.500	0.000370/0.000050	10094.06 secs	(29.48 secs)	0.859	0.244	0.919
40.0/45.0	0.175/0.500	0.000380/0.000050	10123.67 secs	(29.60 secs)	0.858	0.244	0.919
40.0/45.0	0.175/0.500	0.000390/0.000050	10152.74 secs	(29.07 secs)	0.860	0.243	0.919
40.0/45.0	0.175/0.500	0.000400/0.000050	10182.70 secs	(29.97 secs)	0.858	0.241	0.916
40.0/45.0	0.175/0.500	0.000410/0.000050	10212.37 secs	(29.66 secs)	0.861	0.241	0.913
40.0/45.0	0.175/0.500	0.000420/0.000050	10242.31 secs	(29.94 secs)	0.862	0.240	0.913
40.0/45.0	0.175/0.500	0.000430/0.000050	10272.11 secs	(29.81 secs)	0.860	0.240	0.910
40.0/45.0	0.175/0.500	0.000440/0.000050	10301.88 secs	(29.76 secs)	0.864	0.244	0.910
40.0/45.0	0.175/0.500	0.000450/0.000050	10331.32 secs	(29.45 secs)	0.860	0.238	0.908
40.0/45.0	0.175/0.500	0.000460/0.000050	10360.18 secs	(28.85 secs)	0.865	0.238	0.908
40.0/45.0	0.175/0.500	0.000470/0.000050	10389.49 secs	(29.31 secs)	0.870	0.245	0.906
40.0/45.0	0.175/0.500	0.000480/0.000050	10418.69 secs	(29.21 secs)	0.867	0.243	0.904
40.0/45.0	0.175/0.500	0.000490/0.000050	10448.36 secs	(29.67 secs)	0.867	0.241	0.903
40.0/45.0	0.175/0.500	0.000500/0.000050	10477.12 secs	(28.75 secs)	0.866	0.241	0.900

40.0/45.0	0.200/0.500	0.000000/0.000050	10501.79 secs	(24.67 secs)	0.529	0.201	1.000
40.0/45.0	0.200/0.500	0.000010/0.000050	10527.82 secs	(26.03 secs)	0.631	0.234	0.993
40.0/45.0	0.200/0.500	0.000020/0.000050	10554.71 secs	(26.89 secs)	0.729	0.235	0.992
40.0/45.0	0.200/0.500	0.000030/0.000050	10582.38 secs	(27.67 secs)	0.765	0.238	0.989
40.0/45.0	0.200/0.500	0.000040/0.000050	10610.56 secs	(28.18 secs)	0.797	0.240	0.988
40.0/45.0	0.200/0.500	0.000050/0.000050	10639.30 secs	(28.75 secs)	0.813	0.238	0.984
40.0/45.0	0.200/0.500	0.000060/0.000050	10666.94 secs	(27.64 secs)	0.806	0.240	0.983
40.0/45.0	0.200/0.500	0.000070/0.000050	10694.63 secs	(27.70 secs)	0.842	0.244	0.981
40.0/45.0	0.200/0.500	0.000080/0.000050	10722.92 secs	(28.29 secs)	0.839	0.237	0.979
40.0/45.0	0.200/0.500	0.000090/0.000050	10752.11 secs	(29.19 secs)	0.838	0.239	0.975
40.0/45.0	0.200/0.500	0.000100/0.000050	10781.01 secs	(28.90 secs)	0.851	0.239	0.975
40.0/45.0	0.200/0.500	0.000110/0.000050	10810.37 secs	(29.36 secs)	0.846	0.238	0.973
40.0/45.0	0.200/0.500	0.000120/0.000050	10838.82 secs	(28.45 secs)	0.863	0.243	0.970
40.0/45.0	0.200/0.500	0.000130/0.000050	10867.83 secs	(29.01 secs)	0.856	0.239	0.967
40.0/45.0	0.200/0.500	0.000140/0.000050	10896.93 secs	(29.10 secs)	0.862	0.242	0.968
40.0/45.0	0.200/0.500	0.000150/0.000050	10926.02 secs	(29.09 secs)	0.859	0.238	0.966
40.0/45.0	0.200/0.500	0.000160/0.000050	10954.62 secs	(28.59 secs)	0.863	0.243	0.962
40.0/45.0	0.200/0.500	0.000170/0.000050	10984.43 secs	(29.81 secs)	0.867	0.240	0.962
40.0/45.0	0.200/0.500	0.000180/0.000050	11013.68 secs	(29.25 secs)	0.869	0.239	0.960
40.0/45.0	0.200/0.500	0.000190/0.000050	11042.82 secs	(29.14 secs)	0.875	0.239	0.959
40.0/45.0	0.200/0.500	0.000200/0.000050	11071.15 secs	(28.34 secs)	0.877	0.242	0.956
40.0/45.0	0.200/0.500	0.000210/0.000050	11100.01 secs	(28.86 secs)	0.875	0.241	0.955
40.0/45.0	0.200/0.500	0.000220/0.000050	11128.59 secs	(28.58 secs)	0.877	0.242	0.953
40.0/45.0	0.200/0.500	0.000230/0.000050	11157.79 secs	(29.19 secs)	0.877	0.240	0.949
40.0/45.0	0.200/0.500	0.000240/0.000050	11186.61 secs	(28.82 secs)	0.879	0.241	0.949
40.0/45.0	0.200/0.500	0.000250/0.000050	11216.19 secs	(29.58 secs)	0.876	0.240	0.945
40.0/45.0	0.200/0.500	0.000260/0.000050	11245.27 secs	(29.08 secs)	0.881	0.242	0.946
40.0/45.0	0.200/0.500	0.000270/0.000050	11273.55 secs	(28.28 secs)	0.881	0.239	0.943
40.0/45.0	0.200/0.500	0.000280/0.000050	11302.39 secs	(28.84 secs)	0.884	0.243	0.944
40.0/45.0	0.200/0.500	0.000290/0.000050	11331.09 secs	(28.69 secs)	0.885	0.239	0.941
40.0/45.0	0.200/0.500	0.000300/0.000050	11359.75 secs	(28.66 secs)	0.883	0.240	0.939
40.0/45.0	0.200/0.500	0.000310/0.000050	11388.30 secs	(28.55 secs)	0.881	0.238	0.939
40.0/45.0	0.200/0.500	0.000320/0.000050	11417.43 secs	(29.13 secs)	0.884	0.239	0.937
40.0/45.0	0.200/0.500	0.000330/0.000050	11445.46 secs	(28.03 secs)	0.883	0.236	0.936
40.0/45.0	0.200/0.500	0.000340/0.000050	11473.68 secs	(28.23 secs)	0.889	0.241	0.933
40.0/45.0	0.200/0.500	0.000350/0.000050	11504.36 secs	(30.67 secs)	0.885	0.239	0.931
40.0/45.0	0.200/0.500	0.000360/0.000050	11533.11 secs	(28.75 secs)	0.889	0.242	0.932
40.0/45.0	0.200/0.500	0.000370/0.000050	11561.51 secs	(28.39 secs)	0.890	0.240	0.929
40.0/45.0	0.200/0.500	0.000380/0.000050	11590.10 secs	(28.60 secs)	0.893	0.243	0.927
40.0/45.0	0.200/0.500	0.000390/0.000050	11619.79 secs	(29.69 secs)	0.887	0.240	0.926
40.0/45.0	0.200/0.500	0.000400/0.000050	11648.25 secs	(28.46 secs)	0.893	0.244	0.924
40.0/45.0	0.200/0.500	0.000410/0.000050	11677.07 secs	(28.81 secs)	0.891	0.240	0.922
40.0/45.0	0.200/0.500	0.000420/0.000050	11705.61 secs	(28.54 secs)	0.890	0.240	0.921
40.0/45.0	0.200/0.500	0.000430/0.000050	11735.06 secs	(29.45 secs)	0.894	0.240	0.921
40.0/45.0	0.200/0.500	0.000440/0.000050	11763.46 secs	(28.40 secs)	0.892	0.243	0.920
40.0/45.0	0.200/0.500	0.000450/0.000050	11791.77 secs	(28.31 secs)	0.894	0.241	0.918
40.0/45.0	0.200/0.500	0.000460/0.000050	11820.17 secs	(28.40 secs)	0.898	0.244	0.918
40.0/45.0	0.200/0.500	0.000470/0.000050	11849.09 secs	(28.91 secs)	0.895	0.239	0.915
40.0/45.0	0.200/0.500	0.000480/0.000050	11877.14 secs	(28.06 secs)	0.893	0.241	0.914
40.0/45.0	0.200/0.500	0.000490/0.000050	11904.88 secs	(27.73 secs)	0.898	0.240	0.913
40.0/45.0	0.200/0.500	0.000500/0.000050	11932.60 secs	(27.73 secs)	0.899	0.241	0.913

40.0/45.0	0.225/0.500	0.000000/0.000050	11957.37 secs	(24.77 secs)	0.649	0.219	1.000
40.0/45.0	0.225/0.500	0.000010/0.000050	11983.61 secs	(26.24 secs)	0.758	0.235	0.985
40.0/45.0	0.225/0.500	0.000020/0.000050	12010.78 secs	(27.18 secs)	0.801	0.239	0.993
40.0/45.0	0.225/0.500	0.000030/0.000050	12038.61 secs	(27.83 secs)	0.838	0.241	0.991
40.0/45.0	0.225/0.500	0.000040/0.000050	12066.03 secs	(27.41 secs)	0.856	0.238	0.990
40.0/45.0	0.225/0.500	0.000050/0.000050	12093.70 secs	(27.67 secs)	0.868	0.242	0.987
40.0/45.0	0.225/0.500	0.000060/0.000050	12121.37 secs	(27.67 secs)	0.867	0.239	0.984
40.0/45.0	0.225/0.500	0.000070/0.000050	12149.34 secs	(27.97 secs)	0.882	0.238	0.983
40.0/45.0	0.225/0.500	0.000080/0.000050	12177.83 secs	(28.49 secs)	0.881	0.240	0.981
40.0/45.0	0.225/0.500	0.000090/0.000050	12205.56 secs	(27.73 secs)	0.885	0.241	0.979
40.0/45.0	0.225/0.500	0.000100/0.000050	12233.77 secs	(28.21 secs)	0.887	0.238	0.976
40.0/45.0	0.225/0.500	0.000110/0.000050	12262.27 secs	(28.49 secs)	0.892	0.241	0.975
40.0/45.0	0.225/0.500	0.000120/0.000050	12291.18 secs	(28.91 secs)	0.891	0.239	0.974
40.0/45.0	0.225/0.500	0.000130/0.000050	12320.00 secs	(28.82 secs)	0.895	0.239	0.973
40.0/45.0	0.225/0.500	0.000140/0.000050	12348.98 secs	(28.97 secs)	0.897	0.240	0.970
40.0/45.0	0.225/0.500	0.000150/0.000050	12378.62 secs	(29.64 secs)	0.895	0.239	0.966
40.0/45.0	0.225/0.500	0.000160/0.000050	12406.89 secs	(28.28 secs)	0.896	0.236	0.966
40.0/45.0	0.225/0.500	0.000170/0.000050	12434.89 secs	(27.99 secs)	0.899	0.241	0.964
40.0/45.0	0.225/0.500	0.000180/0.000050	12462.48 secs	(27.59 secs)	0.899	0.237	0.962
40.0/45.0	0.225/0.500	0.000190/0.000050	12490.39 secs	(27.91 secs)	0.902	0.241	0.962
40.0/45.0	0.225/0.500	0.000200/0.000050	12519.37 secs	(28.98 secs)	0.900	0.238	0.961
40.0/45.0	0.225/0.500	0.000210/0.000050	12547.42 secs	(28.05 secs)	0.902	0.235	0.960
40.0/45.0	0.225/0.500	0.000220/0.000050	12575.50 secs	(28.08 secs)	0.907	0.240	0.957
40.0/45.0	0.225/0.500	0.000230/0.000050	12603.13 secs	(27.63 secs)	0.906	0.241	0.957
40.0/45.0	0.225/0.500	0.000240/0.000050	12630.73 secs	(27.60 secs)	0.906	0.239	0.954
40.0/45.0	0.225/0.500	0.000250/0.000050	12659.30 secs	(28.57 secs)	0.905	0.241	0.952
40.0/45.0	0.225/0.500	0.000260/0.000050	12688.33 secs	(29.03 secs)	0.902	0.236	0.950
40.0/45.0	0.225/0.500	0.000270/0.000050	12716.15 secs	(27.83 secs)	0.908	0.237	0.947
40.0/45.0	0.225/0.500	0.000280/0.000050	12743.65 secs	(27.50 secs)	0.910	0.239	0.948
40.0/45.0	0.225/0.500	0.000290/0.000050	12771.17 secs	(27.52 secs)	0.906	0.236	0.947
40.0/45.0	0.225/0.500	0.000300/0.000050	12799.83 secs	(28.66 secs)	0.909	0.241	0.945
40.0/45.0	0.225/0.500	0.000310/0.000050	12828.13 secs	(28.31 secs)	0.911	0.239	0.944
40.0/45.0	0.225/0.500	0.000320/0.000050	12855.36 secs	(27.23 secs)	0.910	0.239	0.943
40.0/45.0	0.225/0.500	0.000330/0.000050	12883.39 secs	(28.03 secs)	0.911	0.240	0.939
40.0/45.0	0.225/0.500	0.000340/0.000050	12910.95 secs	(27.56 secs)	0.913	0.240	0.938
40.0/45.0	0.225/0.500	0.000350/0.000050	12938.75 secs	(27.80 secs)	0.910	0.239	0.938
40.0/45.0	0.225/0.500	0.000360/0.000050	12966.53 secs	(27.79 secs)	0.912	0.240	0.936
40.0/45.0	0.225/0.500	0.000370/0.000050	12994.33 secs	(27.80 secs)	0.913	0.241	0.934
40.0/45.0	0.225/0.500	0.000380/0.000050	13021.60 secs	(27.27 secs)	0.915	0.241	0.934
40.0/45.0	0.225/0.500	0.000390/0.000050	13048.65 secs	(27.06 secs)	0.913	0.236	0.931
40.0/45.0	0.225/0.500	0.000400/0.000050	13075.80 secs	(27.15 secs)	0.914	0.238	0.929
40.0/45.0	0.225/0.500	0.000410/0.000050	13103.36 secs	(27.55 secs)	0.912	0.238	0.929
40.0/45.0	0.225/0.500	0.000420/0.000050	13130.70 secs	(27.35 secs)	0.914	0.238	0.929
40.0/45.0	0.225/0.500	0.000430/0.000050	13159.21 secs	(28.51 secs)	0.915	0.239	0.926
40.0/45.0	0.225/0.500	0.000440/0.000050	13186.78 secs	(27.56 secs)	0.917	0.240	0.925
40.0/45.0	0.225/0.500	0.000450/0.000050	13214.22 secs	(27.44 secs)	0.915	0.242	0.924
40.0/45.0	0.225/0.500	0.000460/0.000050	13241.94 secs	(27.72 secs)	0.916	0.239	0.925
40.0/45.0	0.225/0.500	0.000470/0.000050	13269.62 secs	(27.69 secs)	0.917	0.238	0.923
40.0/45.0	0.225/0.500	0.000480/0.000050	13298.06 secs	(28.43 secs)	0.918	0.239	0.920
40.0/45.0	0.225/0.500	0.000490/0.000050	13325.67 secs	(27.62 secs)	0.918	0.239	0.922
40.0/45.0	0.225/0.500	0.000500/0.000050	13352.95 secs	(27.28 secs)	0.919	0.237	0.919

40.0/45.0	0.250/0.500	0.000000/0.000050	13377.85 secs	(24.90 secs)	0.760	0.217	1.000
40.0/45.0	0.250/0.500	0.000010/0.000050	13404.27 secs	(26.42 secs)	0.849	0.242	0.987
40.0/45.0	0.250/0.500	0.000020/0.000050	13431.60 secs	(27.33 secs)	0.861	0.238	0.993
40.0/45.0	0.250/0.500	0.000030/0.000050	13458.65 secs	(27.05 secs)	0.890	0.239	0.993
40.0/45.0	0.250/0.500	0.000040/0.000050	13485.52 secs	(26.87 secs)	0.904	0.239	0.991
40.0/45.0	0.250/0.500	0.000050/0.000050	13513.72 secs	(28.20 secs)	0.902	0.239	0.989
40.0/45.0	0.250/0.500	0.000060/0.000050	13540.43 secs	(26.71 secs)	0.909	0.238	0.986
40.0/45.0	0.250/0.500	0.000070/0.000050	13568.37 secs	(27.94 secs)	0.912	0.240	0.985
40.0/45.0	0.250/0.500	0.000080/0.000050	13595.69 secs	(27.32 secs)	0.913	0.238	0.983
40.0/45.0	0.250/0.500	0.000090/0.000050	13624.18 secs	(28.49 secs)	0.911	0.236	0.981
40.0/45.0	0.250/0.500	0.000100/0.000050	13652.74 secs	(28.56 secs)	0.916	0.238	0.979
40.0/45.0	0.250/0.500	0.000110/0.000050	13679.68 secs	(26.94 secs)	0.920	0.239	0.977
40.0/45.0	0.250/0.500	0.000120/0.000050	13708.05 secs	(28.37 secs)	0.916	0.237	0.975
40.0/45.0	0.250/0.500	0.000130/0.000050	13736.43 secs	(28.38 secs)	0.920	0.240	0.974
40.0/45.0	0.250/0.500	0.000140/0.000050	13764.61 secs	(28.18 secs)	0.919	0.237	0.972
40.0/45.0	0.250/0.500	0.000150/0.000050	13792.23 secs	(27.63 secs)	0.921	0.238	0.971
40.0/45.0	0.250/0.500	0.000160/0.000050	13819.30 secs	(27.07 secs)	0.922	0.242	0.971
40.0/45.0	0.250/0.500	0.000170/0.000050	13846.97 secs	(27.67 secs)	0.923	0.237	0.968
40.0/45.0	0.250/0.500	0.000180/0.000050	13874.79 secs	(27.82 secs)	0.923	0.240	0.967
40.0/45.0	0.250/0.500	0.000190/0.000050	13902.11 secs	(27.32 secs)	0.922	0.238	0.966
40.0/45.0	0.250/0.500	0.000200/0.000050	13929.32 secs	(27.20 secs)	0.924	0.234	0.963
40.0/45.0	0.250/0.500	0.000210/0.000050	13956.86 secs	(27.54 secs)	0.925	0.239	0.962
40.0/45.0	0.250/0.500	0.000220/0.000050	13984.80 secs	(27.95 secs)	0.926	0.236	0.961
40.0/45.0	0.250/0.500	0.000230/0.000050	14011.84 secs	(27.04 secs)	0.923	0.240	0.958
40.0/45.0	0.250/0.500	0.000240/0.000050	14040.40 secs	(28.55 secs)	0.927	0.237	0.957
40.0/45.0	0.250/0.500	0.000250/0.000050	14067.58 secs	(27.18 secs)	0.926	0.238	0.956
40.0/45.0	0.250/0.500	0.000260/0.000050	14095.89 secs	(28.31 secs)	0.927	0.237	0.954
40.0/45.0	0.250/0.500	0.000270/0.000050	14123.42 secs	(27.53 secs)	0.928	0.239	0.954
40.0/45.0	0.250/0.500	0.000280/0.000050	14149.87 secs	(26.45 secs)	0.927	0.237	0.952
40.0/45.0	0.250/0.500	0.000290/0.000050	14177.03 secs	(27.16 secs)	0.927	0.237	0.951
40.0/45.0	0.250/0.500	0.000300/0.000050	14204.34 secs	(27.31 secs)	0.929	0.241	0.950
40.0/45.0	0.250/0.500	0.000310/0.000050	14232.11 secs	(27.77 secs)	0.928	0.237	0.947
40.0/45.0	0.250/0.500	0.000320/0.000050	14259.66 secs	(27.55 secs)	0.928	0.241	0.947
40.0/45.0	0.250/0.500	0.000330/0.000050	14286.90 secs	(27.24 secs)	0.928	0.235	0.945
40.0/45.0	0.250/0.500	0.000340/0.000050	14313.81 secs	(26.92 secs)	0.930	0.239	0.944
40.0/45.0	0.250/0.500	0.000350/0.000050	14340.99 secs	(27.17 secs)	0.930	0.237	0.943
40.0/45.0	0.250/0.500	0.000360/0.000050	14367.47 secs	(26.49 secs)	0.931	0.238	0.941
40.0/45.0	0.250/0.500	0.000370/0.000050	14393.89 secs	(26.42 secs)	0.932	0.241	0.942
40.0/45.0	0.250/0.500	0.000380/0.000050	14420.39 secs	(26.50 secs)	0.930	0.236	0.939
40.0/45.0	0.250/0.500	0.000390/0.000050	14447.26 secs	(26.87 secs)	0.931	0.239	0.937
40.0/45.0	0.250/0.500	0.000400/0.000050	14474.48 secs	(27.22 secs)	0.933	0.237	0.937
40.0/45.0	0.250/0.500	0.000410/0.000050	14503.12 secs	(28.64 secs)	0.931	0.238	0.934
40.0/45.0	0.250/0.500	0.000420/0.000050	14530.41 secs	(27.29 secs)	0.932	0.239	0.933
40.0/45.0	0.250/0.500	0.000430/0.000050	14558.24 secs	(27.84 secs)	0.932	0.236	0.932
40.0/45.0	0.250/0.500	0.000440/0.000050	14584.55 secs	(26.31 secs)	0.930	0.236	0.931
40.0/45.0	0.250/0.500	0.000450/0.000050	14611.14 secs	(26.59 secs)	0.932	0.239	0.929
40.0/45.0	0.250/0.500	0.000460/0.000050	14637.65 secs	(26.51 secs)	0.931	0.238	0.933
40.0/45.0	0.250/0.500	0.000470/0.000050	14664.76 secs	(27.12 secs)	0.933	0.240	0.928
40.0/45.0	0.250/0.500	0.000480/0.000050	14691.83 secs	(27.07 secs)	0.933	0.236	0.926
40.0/45.0	0.250/0.500	0.000490/0.000050	14718.83 secs	(27.00 secs)	0.933	0.238	0.928
40.0/45.0	0.250/0.500	0.000500/0.000050	14746.02 secs	(27.20 secs)	0.934	0.239	0.924

40.0/45.0	0.275/0.500	0.000000/0.000050	14770.93 secs	(24.91 secs)	0.775	0.207	1.000
40.0/45.0	0.275/0.500	0.000010/0.000050	14797.20 secs	(26.27 secs)	0.891	0.234	0.993
40.0/45.0	0.275/0.500	0.000020/0.000050	14824.96 secs	(27.76 secs)	0.918	0.238	0.995
40.0/45.0	0.275/0.500	0.000030/0.000050	14851.32 secs	(26.36 secs)	0.909	0.238	0.993
40.0/45.0	0.275/0.500	0.000040/0.000050	14878.31 secs	(26.99 secs)	0.926	0.236	0.991
40.0/45.0	0.275/0.500	0.000050/0.000050	14904.64 secs	(26.34 secs)	0.927	0.237	0.989
40.0/45.0	0.275/0.500	0.000060/0.000050	14931.59 secs	(26.95 secs)	0.926	0.237	0.987
40.0/45.0	0.275/0.500	0.000070/0.000050	14958.30 secs	(26.71 secs)	0.927	0.237	0.985
40.0/45.0	0.275/0.500	0.000080/0.000050	14985.39 secs	(27.09 secs)	0.933	0.238	0.984
40.0/45.0	0.275/0.500	0.000090/0.000050	15012.22 secs	(26.83 secs)	0.934	0.241	0.983
40.0/45.0	0.275/0.500	0.000100/0.000050	15038.71 secs	(26.49 secs)	0.935	0.237	0.981
40.0/45.0	0.275/0.500	0.000110/0.000050	15066.12 secs	(27.41 secs)	0.937	0.237	0.978
40.0/45.0	0.275/0.500	0.000120/0.000050	15093.63 secs	(27.50 secs)	0.937	0.238	0.979
40.0/45.0	0.275/0.500	0.000130/0.000050	15121.32 secs	(27.69 secs)	0.937	0.236	0.977
40.0/45.0	0.275/0.500	0.000140/0.000050	15147.54 secs	(26.23 secs)	0.937	0.237	0.976
40.0/45.0	0.275/0.500	0.000150/0.000050	15174.21 secs	(26.67 secs)	0.938	0.233	0.973
40.0/45.0	0.275/0.500	0.000160/0.000050	15200.45 secs	(26.24 secs)	0.936	0.238	0.973
40.0/45.0	0.275/0.500	0.000170/0.000050	15227.82 secs	(27.37 secs)	0.936	0.235	0.972
40.0/45.0	0.275/0.500	0.000180/0.000050	15254.64 secs	(26.83 secs)	0.937	0.235	0.969
40.0/45.0	0.275/0.500	0.000190/0.000050	15281.09 secs	(26.45 secs)	0.938	0.237	0.966
40.0/45.0	0.275/0.500	0.000200/0.000050	15308.41 secs	(27.32 secs)	0.938	0.238	0.965
40.0/45.0	0.275/0.500	0.000210/0.000050	15334.78 secs	(26.37 secs)	0.939	0.237	0.965
40.0/45.0	0.275/0.500	0.000220/0.000050	15363.15 secs	(28.37 secs)	0.938	0.234	0.964
40.0/45.0	0.275/0.500	0.000230/0.000050	15390.07 secs	(26.92 secs)	0.940	0.236	0.962
40.0/45.0	0.275/0.500	0.000240/0.000050	15417.43 secs	(27.36 secs)	0.940	0.238	0.960
40.0/45.0	0.275/0.500	0.000250/0.000050	15444.50 secs	(27.07 secs)	0.939	0.235	0.960
40.0/45.0	0.275/0.500	0.000260/0.000050	15472.32 secs	(27.82 secs)	0.940	0.238	0.959
40.0/45.0	0.275/0.500	0.000270/0.000050	15497.99 secs	(25.67 secs)	0.942	0.239	0.956
40.0/45.0	0.275/0.500	0.000280/0.000050	15524.15 secs	(26.16 secs)	0.944	0.241	0.957
40.0/45.0	0.275/0.500	0.000290/0.000050	15550.48 secs	(26.34 secs)	0.941	0.235	0.955
40.0/45.0	0.275/0.500	0.000300/0.000050	15577.26 secs	(26.78 secs)	0.941	0.237	0.951
40.0/45.0	0.275/0.500	0.000310/0.000050	15603.80 secs	(26.54 secs)	0.943	0.236	0.951
40.0/45.0	0.275/0.500	0.000320/0.000050	15629.62 secs	(25.82 secs)	0.943	0.238	0.950
40.0/45.0	0.275/0.500	0.000330/0.000050	15655.84 secs	(26.22 secs)	0.943	0.233	0.950
40.0/45.0	0.275/0.500	0.000340/0.000050	15682.61 secs	(26.77 secs)	0.945	0.237	0.947
40.0/45.0	0.275/0.500	0.000350/0.000050	15708.76 secs	(26.15 secs)	0.944	0.237	0.947
40.0/45.0	0.275/0.500	0.000360/0.000050	15734.96 secs	(26.20 secs)	0.943	0.239	0.948
40.0/45.0	0.275/0.500	0.000370/0.000050	15761.28 secs	(26.32 secs)	0.943	0.240	0.945
40.0/45.0	0.275/0.500	0.000380/0.000050	15787.57 secs	(26.29 secs)	0.945	0.238	0.943
40.0/45.0	0.275/0.500	0.000390/0.000050	15813.51 secs	(25.94 secs)	0.943	0.238	0.941
40.0/45.0	0.275/0.500	0.000400/0.000050	15839.28 secs	(25.77 secs)	0.944	0.239	0.939
40.0/45.0	0.275/0.500	0.000410/0.000050	15865.21 secs	(25.93 secs)	0.943	0.235	0.939
40.0/45.0	0.275/0.500	0.000420/0.000050	15891.49 secs	(26.27 secs)	0.945	0.237	0.936
40.0/45.0	0.275/0.500	0.000430/0.000050	15917.77 secs	(26.29 secs)	0.945	0.235	0.939
40.0/45.0	0.275/0.500	0.000440/0.000050	15943.42 secs	(25.64 secs)	0.946	0.238	0.936
40.0/45.0	0.275/0.500	0.000450/0.000050	15970.08 secs	(26.66 secs)	0.947	0.237	0.936
40.0/45.0	0.275/0.500	0.000460/0.000050	15996.78 secs	(26.71 secs)	0.946	0.236	0.932
40.0/45.0	0.275/0.500	0.000470/0.000050	16023.43 secs	(26.65 secs)	0.947	0.238	0.933
40.0/45.0	0.275/0.500	0.000480/0.000050	16049.84 secs	(26.41 secs)	0.946	0.238	0.931
40.0/45.0	0.275/0.500	0.000490/0.000050	16076.40 secs	(26.56 secs)	0.947	0.238	0.932
40.0/45.0	0.275/0.500	0.000500/0.000050	16102.99 secs	(26.59 secs)	0.947	0.239	0.929

40.0/45.0	0.300/0.500	0.000000/0.000050	16128.89 secs	(25.90 secs)	0.899	0.232	1.000
40.0/45.0	0.300/0.500	0.000010/0.000050	16155.61 secs	(26.72 secs)	0.925	0.233	0.998
40.0/45.0	0.300/0.500	0.000020/0.000050	16181.45 secs	(25.84 secs)	0.938	0.236	0.996
40.0/45.0	0.300/0.500	0.000030/0.000050	16207.73 secs	(26.29 secs)	0.940	0.236	0.994
40.0/45.0	0.300/0.500	0.000040/0.000050	16234.21 secs	(26.47 secs)	0.941	0.233	0.992
40.0/45.0	0.300/0.500	0.000050/0.000050	16260.95 secs	(26.74 secs)	0.948	0.235	0.990
40.0/45.0	0.300/0.500	0.000060/0.000050	16287.09 secs	(26.14 secs)	0.946	0.236	0.988
40.0/45.0	0.300/0.500	0.000070/0.000050	16313.22 secs	(26.14 secs)	0.945	0.235	0.987
40.0/45.0	0.300/0.500	0.000080/0.000050	16339.68 secs	(26.45 secs)	0.949	0.234	0.985
40.0/45.0	0.300/0.500	0.000090/0.000050	16365.88 secs	(26.20 secs)	0.946	0.233	0.984
40.0/45.0	0.300/0.500	0.000100/0.000050	16392.08 secs	(26.20 secs)	0.947	0.240	0.982
40.0/45.0	0.300/0.500	0.000110/0.000050	16417.92 secs	(25.84 secs)	0.949	0.237	0.980
40.0/45.0	0.300/0.500	0.000120/0.000050	16443.68 secs	(25.76 secs)	0.952	0.237	0.980
40.0/45.0	0.300/0.500	0.000130/0.000050	16469.97 secs	(26.28 secs)	0.949	0.234	0.978
40.0/45.0	0.300/0.500	0.000140/0.000050	16495.64 secs	(25.68 secs)	0.951	0.235	0.976
40.0/45.0	0.300/0.500	0.000150/0.000050	16520.83 secs	(25.19 secs)	0.950	0.237	0.974
40.0/45.0	0.300/0.500	0.000160/0.000050	16547.01 secs	(26.17 secs)	0.949	0.240	0.973
40.0/45.0	0.300/0.500	0.000170/0.000050	16572.88 secs	(25.87 secs)	0.951	0.236	0.971
40.0/45.0	0.300/0.500	0.000180/0.000050	16598.82 secs	(25.94 secs)	0.951	0.238	0.969
40.0/45.0	0.300/0.500	0.000190/0.000050	16623.94 secs	(25.12 secs)	0.950	0.236	0.970
40.0/45.0	0.300/0.500	0.000200/0.000050	16649.97 secs	(26.03 secs)	0.950	0.237	0.968
40.0/45.0	0.300/0.500	0.000210/0.000050	16675.63 secs	(25.66 secs)	0.951	0.238	0.967
40.0/45.0	0.300/0.500	0.000220/0.000050	16701.09 secs	(25.46 secs)	0.954	0.238	0.966
40.0/45.0	0.300/0.500	0.000230/0.000050	16726.40 secs	(25.30 secs)	0.951	0.234	0.964
40.0/45.0	0.300/0.500	0.000240/0.000050	16751.94 secs	(25.55 secs)	0.951	0.236	0.962