
R version 4.2.2 Patched (2022-11-10 r83330) -- "Innocent and Trusting"
Copyright (C) 2022 The R Foundation for Statistical Computing
Platform: x86_64-pc-linux-gnu (64-bit)

R is free software and comes with ABSOLUTELY NO WARRANTY.
You are welcome to redistribute it under certain conditions.
Type 'license()' or 'licence()' for distribution details.

  Natural language support but running in an English locale

R is a collaborative project with many contributors.
Type 'contributors()' for more information and
'citation()' on how to cite R or R packages in publications.

Type 'demo()' for some demos, 'help()' for on-line help, or
'help.start()' for an HTML browser interface to help.
Type 'q()' to quit R.

> rm(list = ls())
> gc()
         used (Mb) gc trigger (Mb) max used (Mb)
Ncells 275325 14.8     662942 35.5   468594 25.1
Vcells 462880  3.6    8388608 64.0  1820267 13.9
> library(dplyr)

Attaching package: ‘dplyr’

The following objects are masked from ‘package:stats’:

    filter, lag

The following objects are masked from ‘package:base’:

    intersect, setdiff, setequal, union

> library(foreach)
> library(doParallel)
Loading required package: iterators
Loading required package: parallel
> 
> # Set up the number of cores used for parallelization.
> # Use detectCores() to find out how many cores are available.
> message(detectCores())
24
> num_cores <- 18
> registerDoParallel(num_cores)
> 
> time <- 365 # Number of days.
> inc <- 28 # Average incubation period length.
> inf <- 7 # Average infectious period length.
> pop <- 1000 # Population size.
> 
> create_hh <- function() {
+   # Randomly sample household sizes such that total population is 1000 
+   # individuals.
+   hh_size <- sample(x = c(3, 4, 5, 6), size = 340, replace = T)
+   
+   # Keep households such that total population is < 1000.
+   hh_size <- hh_size[which(cumsum(hh_size) < pop)]
+   
+   leftover <- pop - sum(hh_size)
+   if (leftover < 3) {
+     hh <- 1:length(hh_size)
+     sampled <- sample(hh[hh_size < 6], leftover)
+     hh_size[sampled] <- hh_size[sampled] + 1
+   } else {
+     hh_size <- c(hh_size, leftover)
+   }
+   return(hh_size)
+ }
> 
> SEIR <- function(beta_H, beta_C, inc, inf, verbose = 0) {
+   hh_size <- create_hh()
+   
+   # Create frame for running the simulation.
+   # ID: ID of individual.
+   # SIZE: size of individual's household.
+   # HH: ID of individual's household.
+   # S: susceptibility status.
+   # E: exposed status.
+   # E_count: number of days since exposed.
+   # I: infectious status.
+   # I_count: number of days since infectious.
+   # R: recovered status.
+   # INC: incubation period.
+   # INF: infectious period.
+   data <- data.frame(ID = 1:pop,
+                     SIZE = rep(hh_size, times = hh_size),
+                     HH = rep(1:length(hh_size), times = hh_size), 
+                     S = c(0, rep(1, pop - 1)), 
+                     E = c(1, rep(0, pop - 1)),
+                     E_count = c(1, rep(0, pop - 1)), 
+                     I = 0,
+                     I_count = 0, 
+                     R = 0, 
+                     INC = c(round(rnorm(1, inc, 2)), rep(0, pop - 1)),
+                     INF = 0)
+   
+   # Create frame for storing results.
+   # ID: ID of individual.
+   # SIZE: size of individual's household.
+   # HH: ID of individual's household.
+   # TYPE: the kind of infection: household (H), community (C), or both (B).
+   # TIME: when the individual became infectious.
+   # S_num: number of susceptible people in individual's household when their 
+   #        infectious period begins.
+   # I_num: number of people in household that this individual infected over 
+   #        their infectious period.
+   results <- data[, 1:3] %>% mutate(TYPE = NA, TIME = NA, S_num = NA, I_num = 0)
+   results$TYPE[1] <- '0'
+   
+   for(t in 1:time) {
+     if (verbose) {
+       if (t %% 10 == 0) {
+         cat(paste0(t, ' '))
+       }
+     }
+     
+     # Anyone who has been infectious for as many days as their infectious
+     # period is now recovered.
+     recovered <- (data$INF > 0) & (data$I_count == data$INF)
+     if(sum(recovered, na.rm = T) > 0) {
+       data$R[recovered] <- 1
+       data$I[recovered] <- 0
+       data$I_count[recovered] <- 0 
+     }
+     
+     # Anyone who has been incubating for as many days as their incubation
+     # period is now infectious.
+     new_inf <- (data$INC > 0) & (data$E_count == data$INC)
+     num_new_inf <- sum(new_inf, na.rm = T)
+     if(num_new_inf > 0) {
+       # Change status to newly infectious and add infectious period.
+       data$I[new_inf] <- 1
+       random_inf <- rnorm(num_new_inf, mean = inf, sd = 1) %>% round()
+       data$INF[new_inf] <- random_inf
+       
+       # Remove exposure status and exposure count.
+       data$E[new_inf] <- 0
+       data$E_count[new_inf] <- 0 
+       
+       # Record time at which infectious period starts.
+       results$TIME[new_inf] <- t
+       
+       # Save the number of susceptible people in each infectious 
+       # individual's household.
+       S_data <- data %>% group_by(HH) %>% 
+         mutate(S_tot = sum(S)) %>% 
+         select(HH, S_tot)
+       results$S_num[new_inf == 1] <- S_data$S_tot[new_inf == 1]
+     }
+     
+     # I_H is the number of infections inside each household.
+     # I_C is the number of infections outside each household.
+     I_data <- data %>% group_by(HH) %>% 
+       mutate(I_H = sum(I)) %>% 
+       ungroup() %>% 
+       mutate(I_C = sum(I) - I_H)
+     
+     # Calculate household risk and community risk.
+     risk_H <- beta_H * data$S * I_data$I_H / pop
+     risk_C <- beta_C * data$S * I_data$I_C / pop
+     
+     # Each individual is infected from their household or 
+     # community independently with probabilities risk_H
+     # and risk_C.
+     new_inf_H <- rbinom(nrow(data), 1, risk_H)
+     new_inf_C <- rbinom(nrow(data), 1, risk_C)
+     
+     new_exposed <- (new_inf_H == 1) | (new_inf_C == 1)
+     num_new_exposed <- sum(new_exposed, na.rm = T)
+     if (num_new_exposed > 0) {
+       # Change status to newly exposed and add incubation period.
+       data$E[new_exposed] <- 1
+       random_inc <- rnorm(num_new_exposed, mean = inc, sd = 2) %>% round()
+       data$INC[new_exposed] <- random_inc
+       
+       # Remove susceptible status.
+       data$S[new_exposed] <- 0
+       
+       # Label community infections with C and household infections with H.
+       results$TYPE[new_inf_C == 1] <- 'C'
+       results$TYPE[new_inf_H == 1] <- 'H'
+       
+       # Get number of new infections in each household.
+       I_data <- I_data %>%
+         select(ID, HH, I, I_H) %>%
+         mutate(new_I_H = new_inf_H) %>%
+         group_by(HH) %>%
+         # Find households with at least 1 currently infectious person.
+         # If exactly 1 infectious person in household, assign all new H exposures to infectious person.
+         # If there are multiple infectious people, assign all infections to an infectious person at random.
+         mutate(new_I_H = ifelse(I == 1 & ID == first(ID[I == 1]), sum(new_I_H), 0))
+       
+       results$I_num <- results$I_num + I_data$new_I_H
+         
+       # Label individuals with both a household and community infection with B.
+       results$TYPE[(new_inf_H == 1) & (new_inf_C == 1)] <- 'B'
+     }
+     
+     # Increment exposure and infectious counters.
+     data$E_count[data$E == 1] <- data$E_count[data$E == 1] + 1
+     data$I_count[data$I == 1] <- data$I_count[data$I == 1] + 1
+   }
+   return(results)
+ }
> 
> metrics <- function(results) {
+   # Incidence is the proportion of the population that became infected.
+   idc <- mean(!is.na(results$TIME))
+   
+   # If incidence is 0, the SAR is undefined.
+   sar <- NA
+   if (idc != 0) {
+     # The SAR is the average SAR for each individual that was infectious.
+     sar <- mean(results$I_num / results$S_num, na.rm = T)
+   }
+   return(c(idc, sar))
+ }
> 
> beta_Hs <- seq(55, 65, 0.25)
> beta_Cs <- seq(0.05, 0.15, 0.01)
> 
> a <- length(beta_Hs)
> b <- length(beta_Cs)
> 
> reps <- 100
> idcs <- array(rep(NA, a * b * reps), dim = c(a, b, reps))
> sars <- array(rep(NA, a * b * reps), dim = c(a, b, reps))
> t_tot <- 0
> for (i in 1:a) {
+   for (j in 1:b) {
+     beta_H <- beta_Hs[i]
+     beta_C <- beta_Cs[j]
+     
+     idc_list <- rep(NA, reps)
+     sar_list <- rep(NA, reps)
+     t_0 <- Sys.time()
+     vals <- foreach (k = 1:reps, .combine = 'c') %dopar% {
+       results <- SEIR(beta_H, beta_C, inc, inf, verbose = F) 
+       metrics(results)
+     }
+     t_1 <- Sys.time()
+     t_tot <- t_tot + (t_1 - t_0)
+     vals <- matrix(vals, reps, byrow = T)
+     idcs[i, j, ] <- vals[, 1]
+     sars[i, j, ] <- vals[, 2]
+     message(paste0(beta_H, '/65\t', 
+                    format(beta_C, nsmall = 2), '/0.15\t',  
+                    format(t_tot, nsmall = 2), '\t(', format(t_1 - t_0, nsmall = 2), ')\t', 
+                    format(mean(vals[, 1]), nsmall = 3), '\t', 
+                    format(mean(vals[, 2]), nsmall = 3)))
+     write.table(idcs, file = 'idcs.txt', row.names = F, col.names = F)
+     write.table(sars, file = 'sars.txt', row.names = F, col.names = F)
+   }
+   message('\n')
+ }
55/65	0.05/0.15	1.201205 mins	(1.201205 mins)	0.02407	0.2269131
55/65	0.06/0.15	2.218123 mins	(1.016919 mins)	0.03566	0.2288506
55/65	0.07/0.15	3.437197 mins	(1.219074 mins)	0.05431	0.239401
55/65	0.08/0.15	4.845307 mins	(1.40811 mins)	0.06971	0.2233016
55/65	0.09/0.15	6.331698 mins	(1.486391 mins)	0.126	0.2675737
55/65	0.10/0.15	7.913943 mins	(1.582245 mins)	0.14093	0.2489952
55/65	0.11/0.15	9.728771 mins	(1.814828 mins)	0.24786	0.2687356
55/65	0.12/0.15	11.64759 mins	(1.918822 mins)	0.30539	0.2757271
55/65	0.13/0.15	13.60955 mins	(1.96196 mins)	0.40477	0.2764361
55/65	0.14/0.15	15.66443 mins	(2.054881 mins)	0.49327	0.2716878
55/65	0.15/0.15	17.7463 mins	(2.081864 mins)	0.5422	0.2692316


55.25/65	0.05/0.15	18.82515 mins	(1.078856 mins)	0.025	0.2599865
55.25/65	0.06/0.15	19.94125 mins	(1.116095 mins)	0.03274	0.2342442
55.25/65	0.07/0.15	21.28418 mins	(1.342927 mins)	0.04478	0.2284825
55.25/65	0.08/0.15	22.75813 mins	(1.473957 mins)	0.09138	0.2672249
55.25/65	0.09/0.15	24.28068 mins	(1.522551 mins)	0.12798	0.228825
55.25/65	0.10/0.15	26.08872 mins	(1.808038 mins)	0.19311	0.2526306
55.25/65	0.11/0.15	27.77095 mins	(1.682231 mins)	0.24607	0.2460317
55.25/65	0.12/0.15	29.52317 mins	(1.752222 mins)	0.29308	0.2505467
55.25/65	0.13/0.15	31.64419 mins	(2.121016 mins)	0.3928	0.2653166
55.25/65	0.14/0.15	33.55679 mins	(1.9126 mins)	0.47629	0.2619387
55.25/65	0.15/0.15	35.86739 mins	(2.310597 mins)	0.48082	0.2504189


55.5/65	0.05/0.15	36.96276 mins	(1.095377 mins)	0.01539	0.2388578
55.5/65	0.06/0.15	38.00221 mins	(1.039449 mins)	0.03216	0.2507174
