
R version 4.2.2 Patched (2022-11-10 r83330) -- "Innocent and Trusting"
Copyright (C) 2022 The R Foundation for Statistical Computing
Platform: x86_64-pc-linux-gnu (64-bit)

R is free software and comes with ABSOLUTELY NO WARRANTY.
You are welcome to redistribute it under certain conditions.
Type 'license()' or 'licence()' for distribution details.

  Natural language support but running in an English locale

R is a collaborative project with many contributors.
Type 'contributors()' for more information and
'citation()' on how to cite R or R packages in publications.

Type 'demo()' for some demos, 'help()' for on-line help, or
'help.start()' for an HTML browser interface to help.
Type 'q()' to quit R.

> rm(list = ls())
> gc()
         used (Mb) gc trigger (Mb) max used (Mb)
Ncells 275325 14.8     662942 35.5   468594 25.1
Vcells 462880  3.6    8388608 64.0  1820267 13.9
> library(dplyr)

Attaching package: ‘dplyr’

The following objects are masked from ‘package:stats’:

    filter, lag

The following objects are masked from ‘package:base’:

    intersect, setdiff, setequal, union

> library(foreach)
> library(doParallel)
Loading required package: iterators
Loading required package: parallel
> 
> # Set up the number of cores used for parallelization.
> # Use detectCores() to find out how many cores are available.
> message(detectCores())
24
> num_cores <- 18
> registerDoParallel(num_cores)
> 
> time <- 365 # Number of days.
> inc <- 28 # Average incubation period length.
> inf <- 7 # Average infectious period length.
> pop <- 1000 # Population size.
> 
> create_hh <- function() {
+   # Randomly sample household sizes such that total population is 1000 
+   # individuals.
+   hh_size <- sample(x = c(3, 4, 5, 6), size = 340, replace = T)
+   
+   # Keep households such that total population is < 1000.
+   hh_size <- hh_size[which(cumsum(hh_size) < pop)]
+   
+   leftover <- pop - sum(hh_size)
+   if (leftover < 3) {
+     hh <- 1:length(hh_size)
+     sampled <- sample(hh[hh_size < 6], leftover)
+     hh_size[sampled] <- hh_size[sampled] + 1
+   } else {
+     hh_size <- c(hh_size, leftover)
+   }
+   return(hh_size)
+ }
> 
> SEIR <- function(beta_H, beta_C, inc, inf, verbose = 0) {
+   hh_size <- create_hh()
+   
+   # Create frame for running the simulation.
+   # ID: ID of individual.
+   # SIZE: size of individual's household.
+   # HH: ID of individual's household.
+   # S: susceptibility status.
+   # E: exposed status.
+   # E_count: number of days since exposed.
+   # I: infectious status.
+   # I_count: number of days since infectious.
+   # R: recovered status.
+   # INC: incubation period.
+   # INF: infectious period.
+   data <- data.frame(ID = 1:pop,
+                     SIZE = rep(hh_size, times = hh_size),
+                     HH = rep(1:length(hh_size), times = hh_size), 
+                     S = c(0, rep(1, pop - 1)), 
+                     E = c(1, rep(0, pop - 1)),
+                     E_count = c(1, rep(0, pop - 1)), 
+                     I = 0,
+                     I_count = 0, 
+                     R = 0, 
+                     INC = c(round(rnorm(1, inc, 2)), rep(0, pop - 1)),
+                     INF = 0)
+   
+   # Create frame for storing results.
+   # ID: ID of individual.
+   # SIZE: size of individual's household.
+   # HH: ID of individual's household.
+   # TYPE: the kind of infection: household (H), community (C), or both (B).
+   # TIME: when the individual became infectious.
+   # S_num: number of susceptible people in individual's household when their 
+   #        infectious period begins.
+   # I_num: number of people in household that this individual infected over 
+   #        their infectious period.
+   results <- data[, 1:3] %>% mutate(TYPE = NA, TIME = NA, S_num = NA, I_num = 0)
+   results$TYPE[1] <- '0'
+   
+   for(t in 1:time) {
+     if (verbose) {
+       if (t %% 10 == 0) {
+         print(t)
+       }
+     }
+     
+     # Anyone who has been infectious for as many days as their infectious
+     # period is now recovered.
+     recovered <- (data$INF > 0) & (data$I_count == data$INF)
+     if(sum(recovered, na.rm = T) > 0) {
+       data$R[recovered] <- 1
+       data$I[recovered] <- 0
+       data$I_count[recovered] <- 0 
+     }
+     
+     # Anyone who has been incubating for as many days as their incubation
+     # period is now infectious.
+     new_inf <- (data$INC > 0) & (data$E_count == data$INC)
+     num_new_inf <- sum(new_inf, na.rm = T)
+     if(num_new_inf > 0) {
+       # Change status to newly infectious and add infectious period.
+       data$I[new_inf] <- 1
+       random_inf <- rnorm(num_new_inf, mean = inf, sd = 1) %>% round()
+       data$INF[new_inf] <- random_inf
+       
+       # Remove exposure status and exposure count.
+       data$E[new_inf] <- 0
+       data$E_count[new_inf] <- 0 
+       
+       # Record time at which infectious period starts.
+       results$TIME[new_inf] <- t
+       
+       # Save the number of susceptible people in each infectious 
+       # individual's household.
+       S_data <- data %>% group_by(HH) %>% 
+         mutate(S_tot = sum(S)) %>% 
+         select(HH, S_tot)
+       results$S_num[new_inf == 1] <- S_data$S_tot[new_inf == 1]
+     }
+     
+     # I_H is the number of infections inside each household.
+     # I_C is the number of infections outside each household.
+     I_data <- data %>% group_by(HH) %>% 
+       mutate(I_H = sum(I)) %>% 
+       ungroup() %>% 
+       mutate(I_C = sum(I) - I_H)
+     
+     # Calculate household risk and community risk.
+     risk_H <- beta_H * data$S * I_data$I_H / pop
+     risk_C <- beta_C * data$S * I_data$I_C / pop
+     
+     # Each individual is infected from their household or 
+     # community independently with probabilities risk_H
+     # and risk_C.
+     new_inf_H <- rbinom(nrow(data), 1, risk_H)
+     new_inf_C <- rbinom(nrow(data), 1, risk_C)
+     
+     new_exposed <- (new_inf_H == 1) | (new_inf_C == 1)
+     num_new_exposed <- sum(new_exposed, na.rm = T)
+     if (num_new_exposed > 0) {
+       # Change status to newly exposed and add incubation period.
+       data$E[new_exposed] <- 1
+       random_inc <- rnorm(num_new_exposed, mean = inc, sd = 2) %>% round()
+       data$INC[new_exposed] <- random_inc
+       
+       # Remove susceptible status.
+       data$S[new_exposed] <- 0
+       
+       # Label community infections with C and household infections with H.
+       results$TYPE[new_inf_C == 1] <- 'C'
+       results$TYPE[new_inf_H == 1] <- 'H'
+       
+       # Get number of new infections in each household.
+       I_data <- I_data %>%
+         select(ID, HH, I, I_H) %>%
+         mutate(new_I_H = new_inf_H) %>%
+         group_by(HH) %>%
+         # Find households with at least 1 currently infectious person.
+         # If exactly 1 infectious person in household, assign all new H exposures to infectious person.
+         # If there are multiple infectious people, assign all infections to an infectious person at random.
+         mutate(new_I_H = ifelse(I == 1 & ID == first(ID[I == 1]), sum(new_I_H), 0))
+       
+       results$I_num <- results$I_num + I_data$new_I_H
+         
+       # Label individuals with both a household and community infection with B.
+       results$TYPE[(new_inf_H == 1) & (new_inf_C == 1)] <- 'B'
+     }
+     
+     # Increment exposure and infectious counters.
+     data$E_count[data$E == 1] <- data$E_count[data$E == 1] + 1
+     data$I_count[data$I == 1] <- data$I_count[data$I == 1] + 1
+   }
+   return(results)
+ }
> 
> metrics <- function(results) {
+   # Incidence is the proportion of the population that became infected.
+   idc <- mean(!is.na(results$TIME))
+   
+   # If incidence is 0, the SAR is undefined.
+   sar <- NA
+   if (idc != 0) {
+     # The SAR is the average SAR for each individual that was infectious.
+     sar <- mean(results$I_num / results$S_num, na.rm = T)
+   }
+   return(c(idc, sar))
+ }
> 
> beta_Hs <- seq(35, 65, 0.5)
> beta_Cs <- seq(0, 0.5, 0.02)
> 
> a <- length(beta_Hs)
> b <- length(beta_Cs)
> 
> reps <- 40
> idcs <- array(rep(0, a * b * reps), dim = c(a, b, reps))
> sars <- array(rep(0, a * b * reps), dim = c(a, b, reps))
> toc <- 0
> for (i in 1:a) {
+   for (j in 1:b) {
+     beta_H <- beta_Hs[i]
+     beta_C <- beta_Cs[j]
+     
+     idc_list <- rep(NA, reps)
+     sar_list <- rep(NA, reps)
+     t_0 <- Sys.time()
+     vals <- foreach (k = 1:reps, .combine = 'c') %dopar% {
+       results <- SEIR(beta_H, beta_C, inc, inf, verbose = F) 
+       metrics(results)
+     }
+     t_1 <- Sys.time()
+     toc <- toc + (t_1 - t_0)
+     message(paste0(format(beta_H, nsmall = 1), '/65.0\t', 
+                    format(beta_C, nsmall = 2), '/0.50\t',  
+                    round(toc, 3), '\t(', round(t_1 - t_0, 3), ')'))
+     vals <- matrix(vals, reps, byrow = T)
+     idcs[i, j, ] <- vals[, 1]
+     sars[i, j, ] <- vals[, 2]
+       
+     write.table(idcs, file = 'idcs.txt', row.names = F, col.names = F)
+     write.table(sars, file = 'sars.txt', row.names = F, col.names = F)
+   }
+ }
35.0/65.0	0.00/0.50	41.208	(41.208)
35.0/65.0	0.02/0.50	66.606	(25.398)
35.0/65.0	0.04/0.50	92.685	(26.079)
35.0/65.0	0.06/0.50	120.694	(28.009)
35.0/65.0	0.08/0.50	164.269	(43.574)
35.0/65.0	0.10/0.50	212.743	(48.474)
35.0/65.0	0.12/0.50	260.136	(47.393)
35.0/65.0	0.14/0.50	316.01	(55.874)
35.0/65.0	0.16/0.50	381.954	(1.099)
35.0/65.0	0.18/0.50	436.278	(54.324)
35.0/65.0	0.20/0.50	498.679	(1.04)
35.0/65.0	0.22/0.50	586.131	(1.458)
35.0/65.0	0.24/0.50	652.734	(1.11)
35.0/65.0	0.26/0.50	707.553	(54.819)
35.0/65.0	0.28/0.50	795.101	(1.459)
35.0/65.0	0.30/0.50	879.874	(1.413)
35.0/65.0	0.32/0.50	930.345	(50.472)
35.0/65.0	0.34/0.50	987.46	(57.115)
35.0/65.0	0.36/0.50	1074.194	(1.446)
35.0/65.0	0.38/0.50	1128.277	(54.083)
35.0/65.0	0.40/0.50	1179.125	(50.848)
35.0/65.0	0.42/0.50	1243.973	(1.081)
35.0/65.0	0.44/0.50	1300.369	(56.396)
35.0/65.0	0.46/0.50	1361.513	(1.019)
35.0/65.0	0.48/0.50	1425.459	(1.066)
35.0/65.0	0.50/0.50	1474.965	(49.506)
35.5/65.0	0.00/0.50	1498.515	(23.55)
35.5/65.0	0.02/0.50	1528.289	(29.774)
35.5/65.0	0.04/0.50	1565.566	(37.277)
35.5/65.0	0.06/0.50	1606.647	(41.081)
35.5/65.0	0.08/0.50	1656.73	(50.083)
35.5/65.0	0.10/0.50	1699.463	(42.734)
35.5/65.0	0.12/0.50	1740.12	(40.657)
35.5/65.0	0.14/0.50	1817.1	(1.283)
35.5/65.0	0.16/0.50	1901.445	(1.406)
35.5/65.0	0.18/0.50	1962.72	(1.021)
35.5/65.0	0.20/0.50	2022.699	(59.979)
35.5/65.0	0.22/0.50	2115.96	(1.554)
35.5/65.0	0.24/0.50	2186.227	(1.171)
35.5/65.0	0.26/0.50	2254.644	(1.14)
35.5/65.0	0.28/0.50	2333.884	(1.321)
35.5/65.0	0.30/0.50	2400.764	(1.115)
35.5/65.0	0.32/0.50	2465.073	(1.072)
35.5/65.0	0.34/0.50	2535.385	(1.172)
35.5/65.0	0.36/0.50	2605.291	(1.165)
35.5/65.0	0.38/0.50	2659.91	(54.619)
35.5/65.0	0.40/0.50	2721.876	(1.033)
35.5/65.0	0.42/0.50	2787.24	(1.089)
35.5/65.0	0.44/0.50	2836.191	(48.951)
35.5/65.0	0.46/0.50	2899.958	(1.063)
35.5/65.0	0.48/0.50	2965.068	(1.085)
35.5/65.0	0.50/0.50	3016.711	(51.643)
36.0/65.0	0.00/0.50	3039.209	(22.498)
36.0/65.0	0.02/0.50	3062.06	(22.851)
36.0/65.0	0.04/0.50	3102.644	(40.584)
36.0/65.0	0.06/0.50	3146.17	(43.526)
36.0/65.0	0.08/0.50	3187.987	(41.817)
36.0/65.0	0.10/0.50	3229.931	(41.944)
36.0/65.0	0.12/0.50	3264.636	(34.705)
36.0/65.0	0.14/0.50	3321.647	(57.011)
36.0/65.0	0.16/0.50	3397.394	(1.262)
36.0/65.0	0.18/0.50	3464.542	(1.119)
36.0/65.0	0.20/0.50	3510.66	(46.118)
36.0/65.0	0.22/0.50	3595.689	(1.417)
36.0/65.0	0.24/0.50	3687.781	(1.535)
36.0/65.0	0.26/0.50	3740.769	(52.987)
36.0/65.0	0.28/0.50	3795.436	(54.667)
36.0/65.0	0.30/0.50	3884.507	(1.485)
36.0/65.0	0.32/0.50	3944.28	(59.774)
36.0/65.0	0.34/0.50	4000.677	(56.397)
36.0/65.0	0.36/0.50	4064.225	(1.059)
36.0/65.0	0.38/0.50	4117.635	(53.409)
36.0/65.0	0.40/0.50	4187.37	(1.162)
36.0/65.0	0.42/0.50	4242.828	(55.458)
36.0/65.0	0.44/0.50	4290.267	(47.439)
36.0/65.0	0.46/0.50	4351.991	(1.029)
36.0/65.0	0.48/0.50	4407.887	(55.896)
36.0/65.0	0.50/0.50	4485.265	(1.29)
36.5/65.0	0.00/0.50	4510.147	(24.882)
36.5/65.0	0.02/0.50	4535.723	(25.577)
36.5/65.0	0.04/0.50	4560.568	(24.845)
36.5/65.0	0.06/0.50	4591.527	(30.959)
36.5/65.0	0.08/0.50	4636.647	(45.12)
36.5/65.0	0.10/0.50	4698.674	(1.034)
36.5/65.0	0.12/0.50	4739.157	(40.483)
36.5/65.0	0.14/0.50	4798.77	(59.613)
36.5/65.0	0.16/0.50	4859.033	(1.004)
36.5/65.0	0.18/0.50	4928.128	(1.152)
36.5/65.0	0.20/0.50	5016.308	(1.47)
36.5/65.0	0.22/0.50	5066.759	(50.452)
36.5/65.0	0.24/0.50	5129.932	(1.053)
36.5/65.0	0.26/0.50	5214.732	(1.413)
36.5/65.0	0.28/0.50	5287.123	(1.207)
36.5/65.0	0.30/0.50	5340.702	(53.579)
36.5/65.0	0.32/0.50	5410.288	(1.16)
36.5/65.0	0.34/0.50	5485.889	(1.26)
36.5/65.0	0.36/0.50	5541.332	(55.442)
36.5/65.0	0.38/0.50	5598.413	(57.081)
36.5/65.0	0.40/0.50	5657.963	(59.55)
36.5/65.0	0.42/0.50	5711.678	(53.716)
36.5/65.0	0.44/0.50	5788.316	(1.277)
36.5/65.0	0.46/0.50	5847.287	(58.972)
36.5/65.0	0.48/0.50	5889.086	(41.799)
36.5/65.0	0.50/0.50	5946.329	(57.243)
37.0/65.0	0.00/0.50	5988.737	(42.407)
37.0/65.0	0.02/0.50	6024.666	(35.93)
37.0/65.0	0.04/0.50	6060.213	(35.547)
37.0/65.0	0.06/0.50	6092.128	(31.915)
37.0/65.0	0.08/0.50	6120.04	(27.912)
37.0/65.0	0.10/0.50	6160.81	(40.77)
37.0/65.0	0.12/0.50	6215.273	(54.463)
37.0/65.0	0.14/0.50	6297.644	(1.373)
37.0/65.0	0.16/0.50	6360.531	(1.048)
37.0/65.0	0.18/0.50	6415.423	(54.892)
37.0/65.0	0.20/0.50	6488.853	(1.224)
37.0/65.0	0.22/0.50	6562.76	(1.232)
37.0/65.0	0.24/0.50	6639.127	(1.273)
37.0/65.0	0.26/0.50	6690.615	(51.488)
37.0/65.0	0.28/0.50	6765.888	(1.255)
37.0/65.0	0.30/0.50	6848.399	(1.375)
37.0/65.0	0.32/0.50	6907.423	(59.024)
37.0/65.0	0.34/0.50	6956.698	(49.275)
37.0/65.0	0.36/0.50	7034.573	(1.298)
37.0/65.0	0.38/0.50	7099.926	(1.089)
37.0/65.0	0.40/0.50	7157.197	(57.272)
37.0/65.0	0.42/0.50	7217.113	(59.916)
37.0/65.0	0.44/0.50	7275.83	(58.717)
37.0/65.0	0.46/0.50	7334.863	(59.033)
37.0/65.0	0.48/0.50	7391.577	(56.714)
37.0/65.0	0.50/0.50	7453.46	(1.031)
37.5/65.0	0.00/0.50	7478.098	(24.638)
37.5/65.0	0.02/0.50	7500.206	(22.108)
37.5/65.0	0.04/0.50	7524.942	(24.736)
37.5/65.0	0.06/0.50	7553.009	(28.067)
37.5/65.0	0.08/0.50	7610.571	(57.562)
37.5/65.0	0.10/0.50	7664.721	(54.15)
37.5/65.0	0.12/0.50	7715.912	(51.191)
37.5/65.0	0.14/0.50	7753.769	(37.857)
37.5/65.0	0.16/0.50	7818.581	(1.08)
37.5/65.0	0.18/0.50	7898.718	(1.336)
37.5/65.0	0.20/0.50	7964.794	(1.101)
37.5/65.0	0.22/0.50	8019.158	(54.364)
37.5/65.0	0.24/0.50	8100.576	(1.357)
37.5/65.0	0.26/0.50	8169.351	(1.146)
37.5/65.0	0.28/0.50	8226.935	(57.584)
37.5/65.0	0.30/0.50	8294.969	(1.134)
37.5/65.0	0.32/0.50	8352.753	(57.784)
37.5/65.0	0.34/0.50	8411.815	(59.062)
37.5/65.0	0.36/0.50	8485.181	(1.223)
37.5/65.0	0.38/0.50	8534.991	(49.81)
37.5/65.0	0.40/0.50	8584.705	(49.713)
37.5/65.0	0.42/0.50	8658.149	(1.224)
37.5/65.0	0.44/0.50	8731.145	(1.217)
37.5/65.0	0.46/0.50	8774.297	(43.152)
37.5/65.0	0.48/0.50	8820.788	(46.492)
37.5/65.0	0.50/0.50	8900.063	(1.321)
38.0/65.0	0.00/0.50	8938.218	(38.155)
38.0/65.0	0.02/0.50	8982.5	(44.282)
38.0/65.0	0.04/0.50	9018.49	(35.99)
38.0/65.0	0.06/0.50	9039.992	(21.502)
38.0/65.0	0.08/0.50	9065.057	(25.065)
38.0/65.0	0.10/0.50	9113.471	(48.413)
38.0/65.0	0.12/0.50	9185.524	(1.201)
38.0/65.0	0.14/0.50	9263.752	(1.304)
38.0/65.0	0.16/0.50	9309.091	(45.338)
38.0/65.0	0.18/0.50	9377.82	(1.145)
38.0/65.0	0.20/0.50	9472.588	(1.579)
38.0/65.0	0.22/0.50	9532.313	(59.725)
38.0/65.0	0.24/0.50	9599.894	(1.126)
38.0/65.0	0.26/0.50	9686.823	(1.449)
38.0/65.0	0.28/0.50	9744.157	(57.334)
38.0/65.0	0.30/0.50	9806.171	(1.034)
38.0/65.0	0.32/0.50	9869.276	(1.052)
38.0/65.0	0.34/0.50	9929.512	(1.004)
38.0/65.0	0.36/0.50	9991.813	(1.038)
38.0/65.0	0.38/0.50	10060.435	(1.144)
38.0/65.0	0.40/0.50	10108.027	(47.592)
38.0/65.0	0.42/0.50	10164.609	(56.582)
38.0/65.0	0.44/0.50	10241.801	(1.287)
38.0/65.0	0.46/0.50	10297.778	(55.977)
38.0/65.0	0.48/0.50	10338.098	(40.32)
38.0/65.0	0.50/0.50	10396.254	(58.156)
38.5/65.0	0.00/0.50	10439.567	(43.312)
38.5/65.0	0.02/0.50	10481.498	(41.932)
38.5/65.0	0.04/0.50	10510.738	(29.239)
38.5/65.0	0.06/0.50	10539.325	(28.588)
38.5/65.0	0.08/0.50	10565.608	(26.282)
38.5/65.0	0.10/0.50	10603.031	(37.423)
38.5/65.0	0.12/0.50	10657.973	(54.943)
38.5/65.0	0.14/0.50	10709.086	(51.113)
38.5/65.0	0.16/0.50	10795.637	(1.443)
38.5/65.0	0.18/0.50	10849.69	(54.053)
38.5/65.0	0.20/0.50	10910.288	(1.01)
38.5/65.0	0.22/0.50	11004.792	(1.575)
38.5/65.0	0.24/0.50	11081.195	(1.273)
38.5/65.0	0.26/0.50	11133.824	(52.629)
38.5/65.0	0.28/0.50	11198.042	(1.07)
38.5/65.0	0.30/0.50	11277.387	(1.322)
38.5/65.0	0.32/0.50	11335.476	(58.089)
38.5/65.0	0.34/0.50	11392.428	(56.952)
38.5/65.0	0.36/0.50	11449.923	(57.496)
38.5/65.0	0.38/0.50	11503.414	(53.49)
38.5/65.0	0.40/0.50	11587.138	(1.395)
38.5/65.0	0.42/0.50	11642.071	(54.933)
38.5/65.0	0.44/0.50	11685.274	(43.203)
38.5/65.0	0.46/0.50	11751.964	(1.112)
38.5/65.0	0.48/0.50	11823.24	(1.188)
38.5/65.0	0.50/0.50	11884.611	(1.023)
39.0/65.0	0.00/0.50	11905.416	(20.805)
39.0/65.0	0.02/0.50	11928.616	(23.199)
39.0/65.0	0.04/0.50	11957.075	(28.459)
39.0/65.0	0.06/0.50	11997.741	(40.666)
39.0/65.0	0.08/0.50	12044.279	(46.538)
39.0/65.0	0.10/0.50	12085.105	(40.826)
39.0/65.0	0.12/0.50	12129.401	(44.296)
39.0/65.0	0.14/0.50	12183.434	(54.033)
39.0/65.0	0.16/0.50	12261.728	(1.305)
39.0/65.0	0.18/0.50	12315.168	(53.44)
39.0/65.0	0.20/0.50	12383.524	(1.139)
39.0/65.0	0.22/0.50	12451.769	(1.137)
39.0/65.0	0.24/0.50	12509.513	(57.743)
39.0/65.0	0.26/0.50	12592.772	(1.388)
39.0/65.0	0.28/0.50	12665.026	(1.204)
39.0/65.0	0.30/0.50	12714.969	(49.943)
39.0/65.0	0.32/0.50	12789.556	(1.243)
39.0/65.0	0.34/0.50	12866.701	(1.286)
39.0/65.0	0.36/0.50	12921.512	(54.811)
39.0/65.0	0.38/0.50	12968.059	(46.547)
39.0/65.0	0.40/0.50	13050.64	(1.376)
39.0/65.0	0.42/0.50	13127.281	(1.277)
39.0/65.0	0.44/0.50	13182.825	(55.544)
39.0/65.0	0.46/0.50	13223.455	(40.629)
39.0/65.0	0.48/0.50	13291.551	(1.135)
39.0/65.0	0.50/0.50	13363.141	(1.193)
39.5/65.0	0.00/0.50	13408.632	(45.49)
39.5/65.0	0.02/0.50	13434.647	(26.015)
39.5/65.0	0.04/0.50	13453.874	(19.227)
39.5/65.0	0.06/0.50	13476.2	(22.326)
39.5/65.0	0.08/0.50	13517.247	(41.047)
39.5/65.0	0.10/0.50	13566.379	(49.132)
39.5/65.0	0.12/0.50	13633.477	(1.118)
39.5/65.0	0.14/0.50	13689.464	(55.987)
39.5/65.0	0.16/0.50	13752.947	(1.058)
39.5/65.0	0.18/0.50	13835.026	(1.368)
39.5/65.0	0.20/0.50	13904.154	(1.152)
39.5/65.0	0.22/0.50	13963.401	(59.247)
39.5/65.0	0.24/0.50	14039.981	(1.276)
39.5/65.0	0.26/0.50	14108.795	(1.147)
39.5/65.0	0.28/0.50	14167.859	(59.064)
39.5/65.0	0.30/0.50	14233.66	(1.097)
39.5/65.0	0.32/0.50	14292.346	(58.686)
39.5/65.0	0.34/0.50	14359.67	(1.122)
39.5/65.0	0.36/0.50	14426.852	(1.12)
39.5/65.0	0.38/0.50	14479.726	(52.875)
39.5/65.0	0.40/0.50	14536.991	(57.265)
39.5/65.0	0.42/0.50	14606.475	(1.158)
39.5/65.0	0.44/0.50	14674.569	(1.135)
39.5/65.0	0.46/0.50	14715.747	(41.178)
39.5/65.0	0.48/0.50	14765.089	(49.343)
39.5/65.0	0.50/0.50	14839.947	(1.248)
40.0/65.0	0.00/0.50	14875.615	(35.668)
40.0/65.0	0.02/0.50	14901.274	(25.659)
40.0/65.0	0.04/0.50	14928.873	(27.599)
40.0/65.0	0.06/0.50	14957.195	(28.321)
40.0/65.0	0.08/0.50	14995.565	(38.37)
40.0/65.0	0.10/0.50	15038.277	(42.712)
40.0/65.0	0.12/0.50	15092.492	(54.216)
40.0/65.0	0.14/0.50	15180.498	(1.467)
40.0/65.0	0.16/0.50	15229.604	(49.107)
40.0/65.0	0.18/0.50	15276.041	(46.437)
40.0/65.0	0.20/0.50	15374.173	(1.636)
40.0/65.0	0.22/0.50	15456.073	(1.365)
40.0/65.0	0.24/0.50	15512.23	(56.156)
40.0/65.0	0.26/0.50	15574.053	(1.03)
40.0/65.0	0.28/0.50	15653.395	(1.322)
40.0/65.0	0.30/0.50	15709.867	(56.472)
40.0/65.0	0.32/0.50	15769.339	(59.472)
40.0/65.0	0.34/0.50	15827.344	(58.005)
40.0/65.0	0.36/0.50	15882.204	(54.859)
40.0/65.0	0.38/0.50	15967.458	(1.421)
40.0/65.0	0.40/0.50	16018.346	(50.887)
40.0/65.0	0.42/0.50	16060.614	(42.269)
40.0/65.0	0.44/0.50	16129.296	(1.145)
40.0/65.0	0.46/0.50	16201.832	(1.209)
40.0/65.0	0.48/0.50	16258.867	(57.035)
40.0/65.0	0.50/0.50	16302.648	(43.782)
40.5/65.0	0.00/0.50	16332.13	(29.481)
40.5/65.0	0.02/0.50	16371.553	(39.423)
40.5/65.0	0.04/0.50	16405.483	(33.931)
40.5/65.0	0.06/0.50	16439.546	(34.062)
40.5/65.0	0.08/0.50	16475.933	(36.387)
40.5/65.0	0.10/0.50	16509.718	(33.785)
40.5/65.0	0.12/0.50	16567.624	(57.907)
40.5/65.0	0.14/0.50	16620.616	(52.992)
40.5/65.0	0.16/0.50	16690.624	(1.167)
40.5/65.0	0.18/0.50	16767.677	(1.284)
40.5/65.0	0.20/0.50	16836.8	(1.152)
40.5/65.0	0.22/0.50	16895.435	(58.634)
40.5/65.0	0.24/0.50	16980.284	(1.414)
40.5/65.0	0.26/0.50	17054.514	(1.237)
40.5/65.0	0.28/0.50	17100.801	(46.286)
40.5/65.0	0.30/0.50	17181.268	(1.341)
40.5/65.0	0.32/0.50	17264.36	(1.385)
40.5/65.0	0.34/0.50	17322.168	(57.808)
40.5/65.0	0.36/0.50	17367.946	(45.779)
40.5/65.0	0.38/0.50	17441.053	(1.218)
40.5/65.0	0.40/0.50	17515.943	(1.248)
40.5/65.0	0.42/0.50	17562.811	(46.868)
40.5/65.0	0.44/0.50	17618.59	(55.779)
40.5/65.0	0.46/0.50	17691.337	(1.212)
40.5/65.0	0.48/0.50	17751.982	(1.011)
40.5/65.0	0.50/0.50	17796.492	(44.51)
41.0/65.0	0.00/0.50	17827.652	(31.16)
41.0/65.0	0.02/0.50	17862.535	(34.883)
41.0/65.0	0.04/0.50	17899.028	(36.493)
41.0/65.0	0.06/0.50	17939.045	(40.017)
41.0/65.0	0.08/0.50	17972.81	(33.765)
41.0/65.0	0.10/0.50	18010.232	(37.422)
41.0/65.0	0.12/0.50	18069.681	(59.449)
41.0/65.0	0.14/0.50	18139.488	(1.163)
41.0/65.0	0.16/0.50	18191.814	(52.327)
41.0/65.0	0.18/0.50	18278.052	(1.437)
41.0/65.0	0.20/0.50	18350.292	(1.204)
41.0/65.0	0.22/0.50	18402.117	(51.825)
41.0/65.0	0.24/0.50	18493.733	(1.527)
41.0/65.0	0.26/0.50	18588.649	(1.582)
41.0/65.0	0.28/0.50	18675.649	(1.45)
41.0/65.0	0.30/0.50	18732.261	(56.612)
41.0/65.0	0.32/0.50	18803.762	(1.192)
41.0/65.0	0.34/0.50	18875.625	(1.198)
41.0/65.0	0.36/0.50	18923.577	(47.953)
41.0/65.0	0.38/0.50	18988.318	(1.079)
41.0/65.0	0.40/0.50	19051.294	(1.05)
41.0/65.0	0.42/0.50	19115.589	(1.072)
41.0/65.0	0.44/0.50	19160.977	(45.389)
41.0/65.0	0.46/0.50	19221.692	(1.012)
41.0/65.0	0.48/0.50	19282.377	(1.011)
41.0/65.0	0.50/0.50	19337.662	(55.285)
41.5/65.0	0.00/0.50	19360.499	(22.837)
41.5/65.0	0.02/0.50	19391.392	(30.893)
41.5/65.0	0.04/0.50	19428.141	(36.749)
41.5/65.0	0.06/0.50	19462.371	(34.23)
41.5/65.0	0.08/0.50	19508.349	(45.978)
41.5/65.0	0.10/0.50	19549.992	(41.643)
41.5/65.0	0.12/0.50	19611.441	(1.024)
41.5/65.0	0.14/0.50	19682.509	(1.184)
41.5/65.0	0.16/0.50	19746.33	(1.064)
41.5/65.0	0.18/0.50	19804.373	(58.043)
41.5/65.0	0.20/0.50	19892.656	(1.471)
41.5/65.0	0.22/0.50	19960.425	(1.129)
41.5/65.0	0.24/0.50	20009.654	(49.228)
41.5/65.0	0.26/0.50	20092.468	(1.38)
41.5/65.0	0.28/0.50	20167.38	(1.249)
41.5/65.0	0.30/0.50	20215.895	(48.515)
41.5/65.0	0.32/0.50	20292.872	(1.283)
41.5/65.0	0.34/0.50	20376.536	(1.394)
41.5/65.0	0.36/0.50	20433.973	(57.437)
41.5/65.0	0.38/0.50	20480.924	(46.952)
41.5/65.0	0.40/0.50	20552.114	(1.186)
41.5/65.0	0.42/0.50	20630.448	(1.306)
41.5/65.0	0.44/0.50	20678.91	(48.462)
41.5/65.0	0.46/0.50	20726.495	(47.585)
41.5/65.0	0.48/0.50	20789.198	(1.045)
41.5/65.0	0.50/0.50	20844.29	(55.092)
42.0/65.0	0.00/0.50	20869.666	(25.376)
42.0/65.0	0.02/0.50	20901.138	(31.472)
42.0/65.0	0.04/0.50	20933.044	(31.906)
42.0/65.0	0.06/0.50	20969.637	(36.593)
42.0/65.0	0.08/0.50	21009.043	(39.406)
42.0/65.0	0.10/0.50	21046.386	(37.343)
42.0/65.0	0.12/0.50	21100.364	(53.978)
42.0/65.0	0.14/0.50	21168.708	(1.139)
42.0/65.0	0.16/0.50	21223.15	(54.441)
42.0/65.0	0.18/0.50	21274.698	(51.549)
42.0/65.0	0.20/0.50	21356.725	(1.367)
42.0/65.0	0.22/0.50	21448.25	(1.525)
42.0/65.0	0.24/0.50	21497.63	(49.38)
42.0/65.0	0.26/0.50	21571.374	(1.229)
42.0/65.0	0.28/0.50	21655.941	(1.409)
42.0/65.0	0.30/0.50	21720.715	(1.08)
42.0/65.0	0.32/0.50	21773.975	(53.26)
42.0/65.0	0.34/0.50	21840.519	(1.109)
42.0/65.0	0.36/0.50	21894.523	(54.004)
42.0/65.0	0.38/0.50	21973.989	(1.324)
42.0/65.0	0.40/0.50	22026.158	(52.169)
42.0/65.0	0.42/0.50	22071.754	(45.596)
42.0/65.0	0.44/0.50	22147.028	(1.255)
42.0/65.0	0.46/0.50	22206.531	(59.503)
42.0/65.0	0.48/0.50	22265.16	(58.628)
42.0/65.0	0.50/0.50	22309.225	(44.065)
42.5/65.0	0.00/0.50	22337.85	(28.625)
42.5/65.0	0.02/0.50	22366.638	(28.788)
42.5/65.0	0.04/0.50	22400.667	(34.029)
42.5/65.0	0.06/0.50	22447.223	(46.556)
42.5/65.0	0.08/0.50	22487.072	(39.849)
42.5/65.0	0.10/0.50	22542.43	(55.358)
42.5/65.0	0.12/0.50	22581.673	(39.243)
42.5/65.0	0.14/0.50	22634.258	(52.585)
42.5/65.0	0.16/0.50	22711.878	(1.294)
42.5/65.0	0.18/0.50	22790.245	(1.306)
42.5/65.0	0.20/0.50	22838.976	(48.732)
42.5/65.0	0.22/0.50	22916.48	(1.292)
42.5/65.0	0.24/0.50	23006.365	(1.498)
42.5/65.0	0.26/0.50	23067.04	(1.011)
42.5/65.0	0.28/0.50	23128.467	(1.024)
42.5/65.0	0.30/0.50	23199.461	(1.183)
42.5/65.0	0.32/0.50	23267.714	(1.138)
42.5/65.0	0.34/0.50	23319.557	(51.843)
42.5/65.0	0.36/0.50	23380.771	(1.02)
42.5/65.0	0.38/0.50	23443.795	(1.05)
42.5/65.0	0.40/0.50	23497.422	(53.627)
42.5/65.0	0.42/0.50	23568.619	(1.187)
42.5/65.0	0.44/0.50	23620.23	(51.611)
42.5/65.0	0.46/0.50	23665.003	(44.773)
42.5/65.0	0.48/0.50	23730.369	(1.089)
42.5/65.0	0.50/0.50	23799.134	(1.146)
43.0/65.0	0.00/0.50	23839.537	(40.403)
43.0/65.0	0.02/0.50	23862.379	(22.842)
43.0/65.0	0.04/0.50	23884.961	(22.582)
43.0/65.0	0.06/0.50	23909.564	(24.604)
43.0/65.0	0.08/0.50	23961.283	(51.719)
43.0/65.0	0.10/0.50	24023.7	(1.04)
43.0/65.0	0.12/0.50	24116.506	(1.547)
43.0/65.0	0.14/0.50	24158.361	(41.855)
43.0/65.0	0.16/0.50	24212.711	(54.349)
43.0/65.0	0.18/0.50	24287.672	(1.249)
43.0/65.0	0.20/0.50	24341.263	(53.591)
43.0/65.0	0.22/0.50	24396.38	(55.117)
43.0/65.0	0.24/0.50	24454.348	(57.968)
43.0/65.0	0.26/0.50	24527.25	(1.215)
43.0/65.0	0.28/0.50	24610.615	(1.389)
43.0/65.0	0.30/0.50	24658.33	(47.715)
43.0/65.0	0.32/0.50	24709.08	(50.75)
43.0/65.0	0.34/0.50	24778.857	(1.163)
43.0/65.0	0.36/0.50	24863.461	(1.41)
43.0/65.0	0.38/0.50	24911.157	(47.695)
43.0/65.0	0.40/0.50	24959.469	(48.312)
43.0/65.0	0.42/0.50	25032.358	(1.215)
43.0/65.0	0.44/0.50	25087.106	(54.748)
43.0/65.0	0.46/0.50	25155.335	(1.137)
43.0/65.0	0.48/0.50	25203.395	(48.06)
43.0/65.0	0.50/0.50	25250.699	(47.303)
43.5/65.0	0.00/0.50	25276.302	(25.604)
43.5/65.0	0.02/0.50	25318.78	(42.477)
43.5/65.0	0.04/0.50	25362.128	(43.348)
43.5/65.0	0.06/0.50	25401.09	(38.962)
43.5/65.0	0.08/0.50	25433.391	(32.301)
43.5/65.0	0.10/0.50	25467.468	(34.077)
43.5/65.0	0.12/0.50	25520.525	(53.057)
43.5/65.0	0.14/0.50	25575.847	(55.322)
43.5/65.0	0.16/0.50	25646.919	(1.185)
43.5/65.0	0.18/0.50	25701.027	(54.107)
43.5/65.0	0.20/0.50	25767.015	(1.1)
43.5/65.0	0.22/0.50	25847.862	(1.347)
43.5/65.0	0.24/0.50	25910.413	(1.043)
43.5/65.0	0.26/0.50	25975.87	(1.091)
43.5/65.0	0.28/0.50	26034.625	(58.755)
43.5/65.0	0.30/0.50	26096.343	(1.029)
43.5/65.0	0.32/0.50	26182.55	(1.437)
43.5/65.0	0.34/0.50	26232.66	(50.109)
43.5/65.0	0.36/0.50	26285.674	(53.014)
43.5/65.0	0.38/0.50	26367.677	(1.367)
43.5/65.0	0.40/0.50	26442.93	(1.254)
43.5/65.0	0.42/0.50	26488.36	(45.43)
43.5/65.0	0.44/0.50	26539.94	(51.581)
43.5/65.0	0.46/0.50	26610.974	(1.184)
43.5/65.0	0.48/0.50	26679.124	(1.136)
43.5/65.0	0.50/0.50	26722.374	(43.249)
44.0/65.0	0.00/0.50	26748.656	(26.282)
44.0/65.0	0.02/0.50	26780.94	(32.284)
44.0/65.0	0.04/0.50	26812.134	(31.194)
44.0/65.0	0.06/0.50	26863.627	(51.493)
44.0/65.0	0.08/0.50	26908.602	(44.975)
44.0/65.0	0.10/0.50	26949.021	(40.419)
44.0/65.0	0.12/0.50	27006.467	(57.446)
44.0/65.0	0.14/0.50	27078.658	(1.203)
44.0/65.0	0.16/0.50	27133.438	(54.78)
44.0/65.0	0.18/0.50	27198.849	(1.09)
44.0/65.0	0.20/0.50	27276.377	(1.292)
44.0/65.0	0.22/0.50	27340.513	(1.069)
44.0/65.0	0.24/0.50	27406.245	(1.096)
44.0/65.0	0.26/0.50	27481.108	(1.248)
44.0/65.0	0.28/0.50	27554.7	(1.227)
44.0/65.0	0.30/0.50	27608.881	(54.181)
44.0/65.0	0.32/0.50	27672.049	(1.053)
44.0/65.0	0.34/0.50	27748.318	(1.271)
44.0/65.0	0.36/0.50	27798.995	(50.678)
44.0/65.0	0.38/0.50	27861.032	(1.034)
44.0/65.0	0.40/0.50	27923.226	(1.037)
44.0/65.0	0.42/0.50	27976.661	(53.435)
44.0/65.0	0.44/0.50	28035.762	(59.101)
44.0/65.0	0.46/0.50	28099.991	(1.07)
44.0/65.0	0.48/0.50	28150.09	(50.099)
44.0/65.0	0.50/0.50	28197.381	(47.292)
44.5/65.0	0.00/0.50	28227.646	(30.265)
44.5/65.0	0.02/0.50	28265.579	(37.933)
44.5/65.0	0.04/0.50	28311.118	(45.538)
44.5/65.0	0.06/0.50	28347.332	(36.215)
44.5/65.0	0.08/0.50	28380.164	(32.832)
44.5/65.0	0.10/0.50	28429.765	(49.602)
44.5/65.0	0.12/0.50	28506.764	(1.283)
44.5/65.0	0.14/0.50	28579.978	(1.22)
44.5/65.0	0.16/0.50	28628.019	(48.041)
44.5/65.0	0.18/0.50	28688.984	(1.016)
44.5/65.0	0.20/0.50	28779.247	(1.504)
44.5/65.0	0.22/0.50	28841.755	(1.042)
44.5/65.0	0.24/0.50	28900.801	(59.046)
44.5/65.0	0.26/0.50	28961.871	(1.018)
44.5/65.0	0.28/0.50	29034.572	(1.212)
44.5/65.0	0.30/0.50	29111.677	(1.285)
44.5/65.0	0.32/0.50	29167.783	(56.105)
44.5/65.0	0.34/0.50	29228.19	(1.007)
44.5/65.0	0.36/0.50	29289.703	(1.025)
44.5/65.0	0.38/0.50	29370.938	(1.354)
44.5/65.0	0.40/0.50	29420.456	(49.519)
44.5/65.0	0.42/0.50	29469.069	(48.613)
44.5/65.0	0.44/0.50	29540.851	(1.196)
44.5/65.0	0.46/0.50	29592.658	(51.807)
44.5/65.0	0.48/0.50	29668.783	(1.269)
44.5/65.0	0.50/0.50	29716.847	(48.064)
45.0/65.0	0.00/0.50	29739.68	(22.832)
45.0/65.0	0.02/0.50	29762.721	(23.042)
45.0/65.0	0.04/0.50	29791.311	(28.59)
45.0/65.0	0.06/0.50	29838.303	(46.992)
45.0/65.0	0.08/0.50	29889.915	(51.612)
45.0/65.0	0.10/0.50	29951.38	(1.024)
45.0/65.0	0.12/0.50	29987.072	(35.692)
45.0/65.0	0.14/0.50	30034.094	(47.022)
45.0/65.0	0.16/0.50	30115.527	(1.357)
45.0/65.0	0.18/0.50	30183.885	(1.139)
45.0/65.0	0.20/0.50	30238.283	(54.399)
45.0/65.0	0.22/0.50	30312.91	(1.244)
45.0/65.0	0.24/0.50	30393.191	(1.338)
45.0/65.0	0.26/0.50	30446.729	(53.537)
45.0/65.0	0.28/0.50	30514.862	(1.136)
45.0/65.0	0.30/0.50	30592.205	(1.289)
45.0/65.0	0.32/0.50	30646.442	(54.237)
45.0/65.0	0.34/0.50	30713.281	(1.114)
45.0/65.0	0.36/0.50	30784.731	(1.191)
45.0/65.0	0.38/0.50	30835.335	(50.604)
45.0/65.0	0.40/0.50	30887.472	(52.137)
45.0/65.0	0.42/0.50	30941.152	(53.68)
45.0/65.0	0.44/0.50	30998.537	(57.384)
45.0/65.0	0.46/0.50	31053.209	(54.672)
45.0/65.0	0.48/0.50	31123.089	(1.165)
45.0/65.0	0.50/0.50	31169.885	(46.796)
45.5/65.0	0.00/0.50	31190.709	(20.824)
45.5/65.0	0.02/0.50	31211.61	(20.902)
45.5/65.0	0.04/0.50	31245.496	(33.886)
45.5/65.0	0.06/0.50	31295.603	(50.107)
45.5/65.0	0.08/0.50	31348.967	(53.364)
45.5/65.0	0.10/0.50	31417.368	(1.14)
45.5/65.0	0.12/0.50	31450.342	(32.973)
45.5/65.0	0.14/0.50	31495.111	(44.77)
45.5/65.0	0.16/0.50	31564.19	(1.151)
45.5/65.0	0.18/0.50	31650.964	(1.446)
45.5/65.0	0.20/0.50	31705.387	(54.423)
45.5/65.0	0.22/0.50	31772.825	(1.124)
45.5/65.0	0.24/0.50	31846.479	(1.228)
45.5/65.0	0.26/0.50	31909.695	(1.054)
45.5/65.0	0.28/0.50	31970.93	(1.021)
45.5/65.0	0.30/0.50	32019.745	(48.815)
45.5/65.0	0.32/0.50	32084.073	(1.072)
45.5/65.0	0.34/0.50	32160.716	(1.277)
45.5/65.0	0.36/0.50	32224.093	(1.056)
45.5/65.0	0.38/0.50	32270.336	(46.243)
45.5/65.0	0.40/0.50	32337.029	(1.112)
45.5/65.0	0.42/0.50	32410.102	(1.218)
45.5/65.0	0.44/0.50	32461.272	(51.17)
45.5/65.0	0.46/0.50	32507.971	(46.699)
45.5/65.0	0.48/0.50	32570.507	(1.042)
45.5/65.0	0.50/0.50	32637.027	(1.109)
46.0/65.0	0.00/0.50	32660.98	(23.952)
46.0/65.0	0.02/0.50	32685.159	(24.179)
46.0/65.0	0.04/0.50	32710.983	(25.824)
46.0/65.0	0.06/0.50	32748.442	(37.459)
46.0/65.0	0.08/0.50	32801.554	(53.112)
46.0/65.0	0.10/0.50	32855.962	(54.409)
46.0/65.0	0.12/0.50	32898.215	(42.252)
46.0/65.0	0.14/0.50	32966.08	(1.131)
46.0/65.0	0.16/0.50	33029.614	(1.059)
46.0/65.0	0.18/0.50	33090.624	(1.017)
46.0/65.0	0.20/0.50	33163.352	(1.212)
46.0/65.0	0.22/0.50	33239.377	(1.267)
46.0/65.0	0.24/0.50	33298.838	(59.461)
46.0/65.0	0.26/0.50	33368.417	(1.16)
46.0/65.0	0.28/0.50	33441.116	(1.212)
46.0/65.0	0.30/0.50	33508.663	(1.126)
46.0/65.0	0.32/0.50	33565.119	(56.456)
46.0/65.0	0.34/0.50	33627.79	(1.045)
46.0/65.0	0.36/0.50	33702.553	(1.246)
46.0/65.0	0.38/0.50	33754.26	(51.707)
46.0/65.0	0.40/0.50	33809.579	(55.319)
46.0/65.0	0.42/0.50	33868.487	(58.908)
46.0/65.0	0.44/0.50	33931.487	(1.05)
46.0/65.0	0.46/0.50	33982.92	(51.434)
46.0/65.0	0.48/0.50	34044.142	(1.02)
46.0/65.0	0.50/0.50	34101.589	(57.447)
46.5/65.0	0.00/0.50	34128.968	(27.379)
46.5/65.0	0.02/0.50	34154.244	(25.276)
46.5/65.0	0.04/0.50	34178.008	(23.764)
46.5/65.0	0.06/0.50	34219.585	(41.577)
46.5/65.0	0.08/0.50	34275.931	(56.346)
46.5/65.0	0.10/0.50	34331.832	(55.901)
46.5/65.0	0.12/0.50	34376.605	(44.772)
46.5/65.0	0.14/0.50	34432.575	(55.97)
46.5/65.0	0.16/0.50	34514.324	(1.362)
46.5/65.0	0.18/0.50	34572.916	(58.593)
46.5/65.0	0.20/0.50	34636.127	(1.054)
46.5/65.0	0.22/0.50	34727.895	(1.529)
46.5/65.0	0.24/0.50	34807.954	(1.334)
46.5/65.0	0.26/0.50	34857.333	(49.379)
46.5/65.0	0.28/0.50	34929.875	(1.209)
46.5/65.0	0.30/0.50	35012.292	(1.374)
46.5/65.0	0.32/0.50	35066.882	(54.59)
46.5/65.0	0.34/0.50	35117.139	(50.257)
46.5/65.0	0.36/0.50	35177.714	(1.01)
46.5/65.0	0.38/0.50	35230.008	(52.294)
46.5/65.0	0.40/0.50	35305.521	(1.259)
46.5/65.0	0.42/0.50	35357.525	(52.004)
46.5/65.0	0.44/0.50	35401.949	(44.424)
46.5/65.0	0.46/0.50	35468.769	(1.114)
46.5/65.0	0.48/0.50	35529.387	(1.01)
46.5/65.0	0.50/0.50	35604.124	(1.246)
47.0/65.0	0.00/0.50	35627.696	(23.572)
47.0/65.0	0.02/0.50	35651.029	(23.333)
47.0/65.0	0.04/0.50	35675.521	(24.492)
47.0/65.0	0.06/0.50	35708.55	(33.029)
47.0/65.0	0.08/0.50	35764.637	(56.087)
47.0/65.0	0.10/0.50	35818.389	(53.751)
47.0/65.0	0.12/0.50	35880.611	(1.037)
47.0/65.0	0.14/0.50	35934.631	(54.02)
47.0/65.0	0.16/0.50	35993.975	(59.344)
47.0/65.0	0.18/0.50	36080.257	(1.438)
47.0/65.0	0.20/0.50	36152.995	(1.212)
47.0/65.0	0.22/0.50	36207.959	(54.964)
47.0/65.0	0.24/0.50	36294.903	(1.449)
47.0/65.0	0.26/0.50	36372.929	(1.3)
47.0/65.0	0.28/0.50	36427.076	(54.147)
47.0/65.0	0.30/0.50	36496.581	(1.158)
47.0/65.0	0.32/0.50	36569.346	(1.213)
47.0/65.0	0.34/0.50	36626.297	(56.951)
47.0/65.0	0.36/0.50	36686.569	(1.005)
47.0/65.0	0.38/0.50	36742.431	(55.862)
47.0/65.0	0.40/0.50	36795.722	(53.29)
47.0/65.0	0.42/0.50	36858.124	(1.04)
47.0/65.0	0.44/0.50	36923.64	(1.092)
47.0/65.0	0.46/0.50	36970.184	(46.544)
47.0/65.0	0.48/0.50	37015.562	(45.378)
47.0/65.0	0.50/0.50	37086.81	(1.187)
47.5/65.0	0.00/0.50	37123.276	(36.466)
47.5/65.0	0.02/0.50	37167.949	(44.673)
47.5/65.0	0.04/0.50	37199.358	(31.409)
47.5/65.0	0.06/0.50	37223.674	(24.316)
47.5/65.0	0.08/0.50	37248.866	(25.192)
47.5/65.0	0.10/0.50	37311.704	(1.047)
47.5/65.0	0.12/0.50	37382.295	(1.177)
47.5/65.0	0.14/0.50	37465.852	(1.393)
47.5/65.0	0.16/0.50	37511.699	(45.846)
47.5/65.0	0.18/0.50	37592.787	(1.351)
47.5/65.0	0.20/0.50	37689.231	(1.607)
47.5/65.0	0.22/0.50	37741.952	(52.721)
47.5/65.0	0.24/0.50	37806.022	(1.068)
47.5/65.0	0.26/0.50	37890.75	(1.412)
47.5/65.0	0.28/0.50	37948.371	(57.62)
47.5/65.0	0.30/0.50	38005.356	(56.985)
47.5/65.0	0.32/0.50	38072.331	(1.116)
47.5/65.0	0.34/0.50	38128.561	(56.23)
47.5/65.0	0.36/0.50	38194.945	(1.106)
47.5/65.0	0.38/0.50	38259.153	(1.07)
47.5/65.0	0.40/0.50	38307.015	(47.862)
47.5/65.0	0.42/0.50	38363.032	(56.017)
47.5/65.0	0.44/0.50	38433.843	(1.18)
47.5/65.0	0.46/0.50	38491.575	(57.733)
47.5/65.0	0.48/0.50	38533.372	(41.797)
47.5/65.0	0.50/0.50	38589.145	(55.772)
48.0/65.0	0.00/0.50	38628.739	(39.594)
48.0/65.0	0.02/0.50	38670.772	(42.033)
48.0/65.0	0.04/0.50	38710.259	(39.487)
48.0/65.0	0.06/0.50	38742.217	(31.958)
48.0/65.0	0.08/0.50	38770.683	(28.466)
48.0/65.0	0.10/0.50	38810.335	(39.652)
48.0/65.0	0.12/0.50	38879.498	(1.153)
48.0/65.0	0.14/0.50	38940.624	(1.019)
48.0/65.0	0.16/0.50	39003.943	(1.055)
48.0/65.0	0.18/0.50	39072.174	(1.137)
48.0/65.0	0.20/0.50	39124.289	(52.114)
48.0/65.0	0.22/0.50	39203.819	(1.326)
48.0/65.0	0.24/0.50	39274.219	(1.173)
48.0/65.0	0.26/0.50	39330.562	(56.343)
48.0/65.0	0.28/0.50	39398.279	(1.129)
48.0/65.0	0.30/0.50	39480.062	(1.363)
48.0/65.0	0.32/0.50	39547.345	(1.121)
48.0/65.0	0.34/0.50	39595.642	(48.297)
48.0/65.0	0.36/0.50	39663.58	(1.132)
48.0/65.0	0.38/0.50	39734.166	(1.176)
48.0/65.0	0.40/0.50	39788.08	(53.914)
48.0/65.0	0.42/0.50	39838.307	(50.227)
48.0/65.0	0.44/0.50	39885.297	(46.99)
48.0/65.0	0.46/0.50	39942.519	(57.221)
48.0/65.0	0.48/0.50	40020.277	(1.296)
48.0/65.0	0.50/0.50	40076.158	(55.881)
48.5/65.0	0.00/0.50	40096.926	(20.768)
48.5/65.0	0.02/0.50	40119.828	(22.902)
48.5/65.0	0.04/0.50	40144.493	(24.665)
48.5/65.0	0.06/0.50	40187.284	(42.79)
48.5/65.0	0.08/0.50	40245.557	(58.273)
48.5/65.0	0.10/0.50	40297.462	(51.905)
48.5/65.0	0.12/0.50	40351.302	(53.84)
48.5/65.0	0.14/0.50	40421.384	(1.168)
48.5/65.0	0.16/0.50	40492.177	(1.18)
48.5/65.0	0.18/0.50	40552.669	(1.008)
48.5/65.0	0.20/0.50	40623.476	(1.18)
48.5/65.0	0.22/0.50	40688.64	(1.086)
48.5/65.0	0.24/0.50	40747.362	(58.722)
48.5/65.0	0.26/0.50	40827.452	(1.335)
48.5/65.0	0.28/0.50	40884.967	(57.514)
48.5/65.0	0.30/0.50	40937.053	(52.086)
48.5/65.0	0.32/0.50	41021.12	(1.401)
48.5/65.0	0.34/0.50	41091.683	(1.176)
48.5/65.0	0.36/0.50	41136.462	(44.78)
48.5/65.0	0.38/0.50	41203.366	(1.115)
48.5/65.0	0.40/0.50	41277.93	(1.243)
48.5/65.0	0.42/0.50	41341.698	(1.063)
48.5/65.0	0.44/0.50	41383.431	(41.733)
48.5/65.0	0.46/0.50	41446.419	(1.05)
48.5/65.0	0.48/0.50	41512.298	(1.098)
48.5/65.0	0.50/0.50	41586.938	(1.244)
49.0/65.0	0.00/0.50	41610.104	(23.166)
49.0/65.0	0.02/0.50	41630.665	(20.561)
49.0/65.0	0.04/0.50	41655.19	(24.525)
49.0/65.0	0.06/0.50	41705.07	(49.88)
49.0/65.0	0.08/0.50	41752.403	(47.333)
49.0/65.0	0.10/0.50	41825.853	(1.224)
49.0/65.0	0.12/0.50	41866.92	(41.067)
49.0/65.0	0.14/0.50	41923.265	(56.346)
49.0/65.0	0.16/0.50	42006.586	(1.389)
49.0/65.0	0.18/0.50	42074.183	(1.127)
49.0/65.0	0.20/0.50	42136.112	(1.032)
49.0/65.0	0.22/0.50	42205.19	(1.151)
49.0/65.0	0.24/0.50	42263.473	(58.284)
49.0/65.0	0.26/0.50	42336.658	(1.22)
49.0/65.0	0.28/0.50	42406.766	(1.168)
49.0/65.0	0.30/0.50	42461.861	(55.095)
49.0/65.0	0.32/0.50	42524.189	(1.039)
49.0/65.0	0.34/0.50	42603.985	(1.33)
49.0/65.0	0.36/0.50	42654.404	(50.419)
49.0/65.0	0.38/0.50	42709.739	(55.335)
49.0/65.0	0.40/0.50	42777.185	(1.124)
49.0/65.0	0.42/0.50	42846.366	(1.153)
49.0/65.0	0.44/0.50	42892.961	(46.595)
49.0/65.0	0.46/0.50	42937.961	(45)
49.0/65.0	0.48/0.50	43005.289	(1.122)
49.0/65.0	0.50/0.50	43052.807	(47.518)
49.5/65.0	0.00/0.50	43080.073	(27.266)
49.5/65.0	0.02/0.50	43123.27	(43.197)
49.5/65.0	0.04/0.50	43153.474	(30.204)
49.5/65.0	0.06/0.50	43184.811	(31.336)
49.5/65.0	0.08/0.50	43221.253	(36.442)
49.5/65.0	0.10/0.50	43289.795	(1.142)
49.5/65.0	0.12/0.50	43363.598	(1.23)
49.5/65.0	0.14/0.50	43424.23	(1.011)
49.5/65.0	0.16/0.50	43480.289	(56.059)
49.5/65.0	0.18/0.50	43558.422	(1.302)
49.5/65.0	0.20/0.50	43633.857	(1.257)
49.5/65.0	0.22/0.50	43698.573	(1.079)
49.5/65.0	0.24/0.50	43763.473	(1.082)
49.5/65.0	0.26/0.50	43827.967	(1.075)
49.5/65.0	0.28/0.50	43902.662	(1.245)
49.5/65.0	0.30/0.50	43965.628	(1.049)
49.5/65.0	0.32/0.50	44011.488	(45.861)
49.5/65.0	0.34/0.50	44079.817	(1.139)
49.5/65.0	0.36/0.50	44152.848	(1.217)
49.5/65.0	0.38/0.50	44222.938	(1.168)
49.5/65.0	0.40/0.50	44262.781	(39.843)
49.5/65.0	0.42/0.50	44326.88	(1.068)
49.5/65.0	0.44/0.50	44398.64	(1.196)
49.5/65.0	0.46/0.50	44477.979	(1.322)
49.5/65.0	0.48/0.50	44517.132	(39.153)
49.5/65.0	0.50/0.50	44570.807	(53.674)
50.0/65.0	0.00/0.50	44610.747	(39.941)
50.0/65.0	0.02/0.50	44653.323	(42.575)
50.0/65.0	0.04/0.50	44698.254	(44.931)
50.0/65.0	0.06/0.50	44736.186	(37.932)
50.0/65.0	0.08/0.50	44766.33	(30.145)
50.0/65.0	0.10/0.50	44819.029	(52.698)
50.0/65.0	0.12/0.50	44897.718	(1.311)
50.0/65.0	0.14/0.50	44963.588	(1.098)
50.0/65.0	0.16/0.50	45021.112	(57.524)
50.0/65.0	0.18/0.50	45098.734	(1.294)
50.0/65.0	0.20/0.50	45165.898	(1.119)
50.0/65.0	0.22/0.50	45235.878	(1.166)
50.0/65.0	0.24/0.50	45304.977	(1.152)
50.0/65.0	0.26/0.50	45361.6	(56.623)
50.0/65.0	0.28/0.50	45430.099	(1.142)
50.0/65.0	0.30/0.50	45504.279	(1.236)
50.0/65.0	0.32/0.50	45555.848	(51.569)
50.0/65.0	0.34/0.50	45618.412	(1.043)
50.0/65.0	0.36/0.50	45698.631	(1.337)
50.0/65.0	0.38/0.50	45756.198	(57.567)
50.0/65.0	0.40/0.50	45802.024	(45.826)
50.0/65.0	0.42/0.50	45858.969	(56.945)
50.0/65.0	0.44/0.50	45934.137	(1.253)
50.0/65.0	0.46/0.50	45983.496	(49.359)
50.0/65.0	0.48/0.50	46033.375	(49.879)
50.0/65.0	0.50/0.50	46080.016	(46.642)
50.5/65.0	0.00/0.50	46106.462	(26.446)
50.5/65.0	0.02/0.50	46133.589	(27.127)
50.5/65.0	0.04/0.50	46172.821	(39.232)
50.5/65.0	0.06/0.50	46224.944	(52.123)
50.5/65.0	0.08/0.50	46270.367	(45.423)
50.5/65.0	0.10/0.50	46310.019	(39.653)
50.5/65.0	0.12/0.50	46365.186	(55.166)
50.5/65.0	0.14/0.50	46453.957	(1.48)
50.5/65.0	0.16/0.50	46522.177	(1.137)
50.5/65.0	0.18/0.50	46580.4	(58.223)
50.5/65.0	0.20/0.50	46653.276	(1.215)
50.5/65.0	0.22/0.50	46732.066	(1.313)
50.5/65.0	0.24/0.50	46792.21	(1.002)
50.5/65.0	0.26/0.50	46855.637	(1.057)
50.5/65.0	0.28/0.50	46919.833	(1.07)
50.5/65.0	0.30/0.50	46976.171	(56.338)
50.5/65.0	0.32/0.50	47052.127	(1.266)
50.5/65.0	0.34/0.50	47102.205	(50.078)
50.5/65.0	0.36/0.50	47153.894	(51.689)
50.5/65.0	0.38/0.50	47232.071	(1.303)
50.5/65.0	0.40/0.50	47306.581	(1.242)
50.5/65.0	0.42/0.50	47347.299	(40.718)
50.5/65.0	0.44/0.50	47402.695	(55.396)
50.5/65.0	0.46/0.50	47475.961	(1.221)
50.5/65.0	0.48/0.50	47549.581	(1.227)
50.5/65.0	0.50/0.50	47594.736	(45.155)
51.0/65.0	0.00/0.50	47615.608	(20.871)
51.0/65.0	0.02/0.50	47644.852	(29.244)
51.0/65.0	0.04/0.50	47683.152	(38.301)
51.0/65.0	0.06/0.50	47736.053	(52.901)
51.0/65.0	0.08/0.50	47793.834	(57.781)
51.0/65.0	0.10/0.50	47829.886	(36.052)
51.0/65.0	0.12/0.50	47889.253	(59.367)
51.0/65.0	0.14/0.50	47969.13	(1.331)
51.0/65.0	0.16/0.50	48042.356	(1.22)
51.0/65.0	0.18/0.50	48095.503	(53.147)
51.0/65.0	0.20/0.50	48164.781	(1.155)
51.0/65.0	0.22/0.50	48252.358	(1.46)
51.0/65.0	0.24/0.50	48305.29	(52.931)
51.0/65.0	0.26/0.50	48374.493	(1.153)
51.0/65.0	0.28/0.50	48460.077	(1.426)
51.0/65.0	0.30/0.50	48510.055	(49.978)
51.0/65.0	0.32/0.50	48572.942	(1.048)
51.0/65.0	0.34/0.50	48643.471	(1.175)
51.0/65.0	0.36/0.50	48698.059	(54.588)
51.0/65.0	0.38/0.50	48759.067	(1.017)
51.0/65.0	0.40/0.50	48824.176	(1.085)
51.0/65.0	0.42/0.50	48876.529	(52.352)
51.0/65.0	0.44/0.50	48925.375	(48.846)
51.0/65.0	0.46/0.50	48989.699	(1.072)
51.0/65.0	0.48/0.50	49050.82	(1.019)
51.0/65.0	0.50/0.50	49092.651	(41.831)
51.5/65.0	0.00/0.50	49116.033	(23.382)
51.5/65.0	0.02/0.50	49149.486	(33.453)
51.5/65.0	0.04/0.50	49191.241	(41.754)
51.5/65.0	0.06/0.50	49240.619	(49.379)
51.5/65.0	0.08/0.50	49299.348	(58.729)
51.5/65.0	0.10/0.50	49332.712	(33.364)
51.5/65.0	0.12/0.50	49382.11	(49.399)
51.5/65.0	0.14/0.50	49471.885	(1.496)
51.5/65.0	0.16/0.50	49539.071	(1.12)
51.5/65.0	0.18/0.50	49601.591	(1.042)
51.5/65.0	0.20/0.50	49664.643	(1.051)
51.5/65.0	0.22/0.50	49743.542	(1.315)
51.5/65.0	0.24/0.50	49818.708	(1.253)
51.5/65.0	0.26/0.50	49873.901	(55.193)
51.5/65.0	0.28/0.50	49946.908	(1.217)
51.5/65.0	0.30/0.50	50019.13	(1.204)
51.5/65.0	0.32/0.50	50091.326	(1.203)
51.5/65.0	0.34/0.50	50140.987	(49.661)
51.5/65.0	0.36/0.50	50195.125	(54.138)
51.5/65.0	0.38/0.50	50267.544	(1.207)
51.5/65.0	0.40/0.50	50315.762	(48.218)
51.5/65.0	0.42/0.50	50378.694	(1.049)
51.5/65.0	0.44/0.50	50426.07	(47.377)
51.5/65.0	0.46/0.50	50470.786	(44.715)
51.5/65.0	0.48/0.50	50534.216	(1.057)
51.5/65.0	0.50/0.50	50605.264	(1.184)
52.0/65.0	0.00/0.50	50641.802	(36.538)
52.0/65.0	0.02/0.50	50663.267	(21.466)
52.0/65.0	0.04/0.50	50684.211	(20.944)
52.0/65.0	0.06/0.50	50714.714	(30.503)
52.0/65.0	0.08/0.50	50778.68	(1.066)
52.0/65.0	0.10/0.50	50860.795	(1.369)
52.0/65.0	0.12/0.50	50912.452	(51.657)
52.0/65.0	0.14/0.50	50978.777	(1.105)
52.0/65.0	0.16/0.50	51059.27	(1.342)
52.0/65.0	0.18/0.50	51130.419	(1.186)
52.0/65.0	0.20/0.50	51191.354	(1.016)
52.0/65.0	0.22/0.50	51267.451	(1.268)
52.0/65.0	0.24/0.50	51342.173	(1.245)
52.0/65.0	0.26/0.50	51393.224	(51.051)
52.0/65.0	0.28/0.50	51458.6	(1.09)
52.0/65.0	0.30/0.50	51541.429	(1.38)
52.0/65.0	0.32/0.50	51590.888	(49.46)
52.0/65.0	0.34/0.50	51652.627	(1.029)
52.0/65.0	0.36/0.50	51722.548	(1.165)
52.0/65.0	0.38/0.50	51779.355	(56.807)
52.0/65.0	0.40/0.50	51830.617	(51.262)
52.0/65.0	0.42/0.50	51888.017	(57.399)
52.0/65.0	0.44/0.50	51961.055	(1.217)
52.0/65.0	0.46/0.50	52009.778	(48.723)
52.0/65.0	0.48/0.50	52062.428	(52.65)
52.0/65.0	0.50/0.50	52114.939	(52.511)
52.5/65.0	0.00/0.50	52154.681	(39.742)
52.5/65.0	0.02/0.50	52196.004	(41.323)
52.5/65.0	0.04/0.50	52220.602	(24.597)
52.5/65.0	0.06/0.50	52250.795	(30.194)
52.5/65.0	0.08/0.50	52298.954	(48.159)
52.5/65.0	0.10/0.50	52353.169	(54.215)
52.5/65.0	0.12/0.50	52408.42	(55.251)
52.5/65.0	0.14/0.50	52467.827	(59.407)
52.5/65.0	0.16/0.50	52539.306	(1.191)
52.5/65.0	0.18/0.50	52611.247	(1.199)
52.5/65.0	0.20/0.50	52672.203	(1.016)
52.5/65.0	0.22/0.50	52749.093	(1.282)
52.5/65.0	0.24/0.50	52816.208	(1.119)
52.5/65.0	0.26/0.50	52866.807	(50.6)
52.5/65.0	0.28/0.50	52951.134	(1.405)
52.5/65.0	0.30/0.50	53019.095	(1.133)
52.5/65.0	0.32/0.50	53066.439	(47.344)
52.5/65.0	0.34/0.50	53132.508	(1.101)
52.5/65.0	0.36/0.50	53211.623	(1.319)
52.5/65.0	0.38/0.50	53261.99	(50.368)
52.5/65.0	0.40/0.50	53301.714	(39.724)
52.5/65.0	0.42/0.50	53371.694	(1.166)
52.5/65.0	0.44/0.50	53444.43	(1.212)
52.5/65.0	0.46/0.50	53502.162	(57.732)
52.5/65.0	0.48/0.50	53541.404	(39.242)
52.5/65.0	0.50/0.50	53594.872	(53.468)
53.0/65.0	0.00/0.50	53639.08	(44.209)
53.0/65.0	0.02/0.50	53675.723	(36.643)
53.0/65.0	0.04/0.50	53705.644	(29.921)
53.0/65.0	0.06/0.50	53742.334	(36.69)
53.0/65.0	0.08/0.50	53778.265	(35.931)
53.0/65.0	0.10/0.50	53831.123	(52.858)
53.0/65.0	0.12/0.50	53879.564	(48.441)
53.0/65.0	0.14/0.50	53956.985	(1.29)
53.0/65.0	0.16/0.50	54020.417	(1.057)
53.0/65.0	0.18/0.50	54082.916	(1.042)
53.0/65.0	0.20/0.50	54154.64	(1.195)
53.0/65.0	0.22/0.50	54241.929	(1.455)
53.0/65.0	0.24/0.50	54311.209	(1.155)
53.0/65.0	0.26/0.50	54366.25	(55.04)
53.0/65.0	0.28/0.50	54449.034	(1.38)
53.0/65.0	0.30/0.50	54515.902	(1.114)
53.0/65.0	0.32/0.50	54570.216	(54.314)
53.0/65.0	0.34/0.50	54623.38	(53.164)
53.0/65.0	0.36/0.50	54677.166	(53.786)
53.0/65.0	0.38/0.50	54751.533	(1.239)
53.0/65.0	0.40/0.50	54811.714	(1.003)
53.0/65.0	0.42/0.50	54857.44	(45.726)
53.0/65.0	0.44/0.50	54917.696	(1.004)
53.0/65.0	0.46/0.50	54989.521	(1.197)
53.0/65.0	0.48/0.50	55047.824	(58.303)
53.0/65.0	0.50/0.50	55099.377	(51.553)
53.5/65.0	0.00/0.50	55122.547	(23.17)
53.5/65.0	0.02/0.50	55150.633	(28.086)
53.5/65.0	0.04/0.50	55180.232	(29.599)
53.5/65.0	0.06/0.50	55219.527	(39.295)
53.5/65.0	0.08/0.50	55276.495	(56.968)
53.5/65.0	0.10/0.50	55314.341	(37.847)
53.5/65.0	0.12/0.50	55369.371	(55.03)
53.5/65.0	0.14/0.50	55428.631	(59.26)
53.5/65.0	0.16/0.50	55491.6	(1.049)
53.5/65.0	0.18/0.50	55583.199	(1.527)
53.5/65.0	0.20/0.50	55637.882	(54.682)
53.5/65.0	0.22/0.50	55699.559	(1.028)
53.5/65.0	0.24/0.50	55783.904	(1.406)
53.5/65.0	0.26/0.50	55867.4	(1.392)
53.5/65.0	0.28/0.50	55914.881	(47.481)
53.5/65.0	0.30/0.50	55985.031	(1.169)
53.5/65.0	0.32/0.50	56066.753	(1.362)
53.5/65.0	0.34/0.50	56126.974	(1.004)
53.5/65.0	0.36/0.50	56176.013	(49.039)
53.5/65.0	0.38/0.50	56240.307	(1.072)
53.5/65.0	0.40/0.50	56322.008	(1.362)
53.5/65.0	0.42/0.50	56368.139	(46.131)
53.5/65.0	0.44/0.50	56422.076	(53.937)
53.5/65.0	0.46/0.50	56483.275	(1.02)
53.5/65.0	0.48/0.50	56560.427	(1.286)
53.5/65.0	0.50/0.50	56603.033	(42.606)
54.0/65.0	0.00/0.50	56624.875	(21.842)
54.0/65.0	0.02/0.50	56656.022	(31.147)
54.0/65.0	0.04/0.50	56691.089	(35.067)
54.0/65.0	0.06/0.50	56737.194	(46.105)
54.0/65.0	0.08/0.50	56792.447	(55.253)
54.0/65.0	0.10/0.50	56836.806	(44.359)
54.0/65.0	0.12/0.50	56896.331	(59.525)
54.0/65.0	0.14/0.50	56973.232	(1.282)
54.0/65.0	0.16/0.50	57039.27	(1.101)
54.0/65.0	0.18/0.50	57113.982	(1.245)
54.0/65.0	0.20/0.50	57180.404	(1.107)
54.0/65.0	0.22/0.50	57242.89	(1.041)
54.0/65.0	0.24/0.50	57326.979	(1.401)
54.0/65.0	0.26/0.50	57387.152	(1.003)
54.0/65.0	0.28/0.50	57439.971	(52.818)
54.0/65.0	0.30/0.50	57514.503	(1.242)
54.0/65.0	0.32/0.50	57596.774	(1.371)
54.0/65.0	0.34/0.50	57642.87	(46.097)
54.0/65.0	0.36/0.50	57697.175	(54.305)
54.0/65.0	0.38/0.50	57777.133	(1.333)
54.0/65.0	0.40/0.50	57836.654	(59.522)
54.0/65.0	0.42/0.50	57886.087	(49.432)
54.0/65.0	0.44/0.50	57932.816	(46.73)
54.0/65.0	0.46/0.50	57983.43	(50.614)
54.0/65.0	0.48/0.50	58045.926	(1.042)
54.0/65.0	0.50/0.50	58114.331	(1.14)
54.5/65.0	0.00/0.50	58141.457	(27.127)
54.5/65.0	0.02/0.50	58163.595	(22.138)
54.5/65.0	0.04/0.50	58187.633	(24.038)
54.5/65.0	0.06/0.50	58220.618	(32.985)
54.5/65.0	0.08/0.50	58284.889	(1.071)
54.5/65.0	0.10/0.50	58356.108	(1.187)
54.5/65.0	0.12/0.50	58414.399	(58.291)
54.5/65.0	0.14/0.50	58486.082	(1.195)
54.5/65.0	0.16/0.50	58559.134	(1.218)
54.5/65.0	0.18/0.50	58626.566	(1.124)
54.5/65.0	0.20/0.50	58701.724	(1.253)
54.5/65.0	0.22/0.50	58772.257	(1.176)
54.5/65.0	0.24/0.50	58834.542	(1.038)
54.5/65.0	0.26/0.50	58914.845	(1.338)
54.5/65.0	0.28/0.50	58965.923	(51.078)
54.5/65.0	0.30/0.50	59022.29	(56.367)
54.5/65.0	0.32/0.50	59102.851	(1.343)
54.5/65.0	0.34/0.50	59175.097	(1.204)
54.5/65.0	0.36/0.50	59216.268	(41.172)
54.5/65.0	0.38/0.50	59284.829	(1.143)
54.5/65.0	0.40/0.50	59356.603	(1.196)
54.5/65.0	0.42/0.50	59436.88	(1.338)
54.5/65.0	0.44/0.50	59481.224	(44.344)
54.5/65.0	0.46/0.50	59534.942	(53.718)
54.5/65.0	0.48/0.50	59603.108	(1.136)
54.5/65.0	0.50/0.50	59677.991	(1.248)
55.0/65.0	0.00/0.50	59710.939	(32.948)
55.0/65.0	0.02/0.50	59732.86	(21.921)
55.0/65.0	0.04/0.50	59755.161	(22.301)
55.0/65.0	0.06/0.50	59788.467	(33.306)
55.0/65.0	0.08/0.50	59849.273	(1.013)
55.0/65.0	0.10/0.50	59923.646	(1.24)
55.0/65.0	0.12/0.50	59972.484	(48.838)
55.0/65.0	0.14/0.50	60025.377	(52.893)
55.0/65.0	0.16/0.50	60098.891	(1.225)
55.0/65.0	0.18/0.50	60162.85	(1.066)
55.0/65.0	0.20/0.50	60235.961	(1.219)
55.0/65.0	0.22/0.50	60303.446	(1.125)
55.0/65.0	0.24/0.50	60360.026	(56.58)
55.0/65.0	0.26/0.50	60431.179	(1.186)
55.0/65.0	0.28/0.50	60508.711	(1.292)
55.0/65.0	0.30/0.50	60554.016	(45.305)
55.0/65.0	0.32/0.50	60616.913	(1.048)
55.0/65.0	0.34/0.50	60697.77	(1.348)
55.0/65.0	0.36/0.50	60765.368	(1.127)
55.0/65.0	0.38/0.50	60809.018	(43.649)
55.0/65.0	0.40/0.50	60863.355	(54.337)
55.0/65.0	0.42/0.50	60942.826	(1.325)
55.0/65.0	0.44/0.50	60995.61	(52.784)
55.0/65.0	0.46/0.50	61043.879	(48.27)
55.0/65.0	0.48/0.50	61096.53	(52.651)
55.0/65.0	0.50/0.50	61145.738	(49.208)
55.5/65.0	0.00/0.50	61174.146	(28.408)
55.5/65.0	0.02/0.50	61218.336	(44.19)
55.5/65.0	0.04/0.50	61255.692	(37.357)
55.5/65.0	0.06/0.50	61287.155	(31.463)
55.5/65.0	0.08/0.50	61327.524	(40.369)
55.5/65.0	0.10/0.50	61389.497	(1.033)
55.5/65.0	0.12/0.50	61464.852	(1.256)
55.5/65.0	0.14/0.50	61543.994	(1.319)
55.5/65.0	0.16/0.50	61593.912	(49.918)
55.5/65.0	0.18/0.50	61659.418	(1.092)
55.5/65.0	0.20/0.50	61740.611	(1.353)
55.5/65.0	0.22/0.50	61810.2	(1.16)
55.5/65.0	0.24/0.50	61868.939	(58.739)
55.5/65.0	0.26/0.50	61925.553	(56.614)
55.5/65.0	0.28/0.50	62001.293	(1.262)
55.5/65.0	0.30/0.50	62080.04	(1.312)
55.5/65.0	0.32/0.50	62125.524	(45.484)
55.5/65.0	0.34/0.50	62186.054	(1.009)
55.5/65.0	0.36/0.50	62262.243	(1.27)
55.5/65.0	0.38/0.50	62334.268	(1.2)
55.5/65.0	0.40/0.50	62377.679	(43.412)
55.5/65.0	0.42/0.50	62435.244	(57.565)
55.5/65.0	0.44/0.50	62505.535	(1.172)
55.5/65.0	0.46/0.50	62557.769	(52.233)
55.5/65.0	0.48/0.50	62604.167	(46.398)
55.5/65.0	0.50/0.50	62661.945	(57.778)
56.0/65.0	0.00/0.50	62688.091	(26.146)
56.0/65.0	0.02/0.50	62722.38	(34.29)
56.0/65.0	0.04/0.50	62752.985	(30.605)
56.0/65.0	0.06/0.50	62784.83	(31.845)
56.0/65.0	0.08/0.50	62836.477	(51.647)
56.0/65.0	0.10/0.50	62892.744	(56.267)
56.0/65.0	0.12/0.50	62943.077	(50.333)
56.0/65.0	0.14/0.50	63011.653	(1.143)
56.0/65.0	0.16/0.50	63099.32	(1.461)
56.0/65.0	0.18/0.50	63155.188	(55.867)
56.0/65.0	0.20/0.50	63209.748	(54.56)
56.0/65.0	0.22/0.50	63303.084	(1.556)
56.0/65.0	0.24/0.50	63391.692	(1.477)
56.0/65.0	0.26/0.50	63446.133	(54.441)
56.0/65.0	0.28/0.50	63508.59	(1.041)
56.0/65.0	0.30/0.50	63596.386	(1.463)
56.0/65.0	0.32/0.50	63661.971	(1.093)
56.0/65.0	0.34/0.50	63707.12	(45.149)
56.0/65.0	0.36/0.50	63764.087	(56.967)
56.0/65.0	0.38/0.50	63843.415	(1.322)
56.0/65.0	0.40/0.50	63891.766	(48.35)
56.0/65.0	0.42/0.50	63944.647	(52.882)
56.0/65.0	0.44/0.50	64005.242	(1.01)
56.0/65.0	0.46/0.50	64055.168	(49.926)
56.0/65.0	0.48/0.50	64111.275	(56.107)
56.0/65.0	0.50/0.50	64169.132	(57.857)
56.5/65.0	0.00/0.50	64202.879	(33.747)
56.5/65.0	0.02/0.50	64228.93	(26.05)
56.5/65.0	0.04/0.50	64255.518	(26.589)
56.5/65.0	0.06/0.50	64295.68	(40.162)
56.5/65.0	0.08/0.50	64346.252	(50.572)
56.5/65.0	0.10/0.50	64428.704	(1.374)
56.5/65.0	0.12/0.50	64472.244	(43.541)
56.5/65.0	0.14/0.50	64524.824	(52.579)
56.5/65.0	0.16/0.50	64615.968	(1.519)
56.5/65.0	0.18/0.50	64681.892	(1.099)
56.5/65.0	0.20/0.50	64739.08	(57.188)
56.5/65.0	0.22/0.50	64806.153	(1.118)
56.5/65.0	0.24/0.50	64875.333	(1.153)
56.5/65.0	0.26/0.50	64951.878	(1.276)
56.5/65.0	0.28/0.50	65006.081	(54.203)
56.5/65.0	0.30/0.50	65069.685	(1.06)
56.5/65.0	0.32/0.50	65140.89	(1.187)
56.5/65.0	0.34/0.50	65214.923	(1.234)
56.5/65.0	0.36/0.50	65262.736	(47.813)
56.5/65.0	0.38/0.50	65316.149	(53.413)
56.5/65.0	0.40/0.50	65386.377	(1.17)
56.5/65.0	0.42/0.50	65444.24	(57.863)
56.5/65.0	0.44/0.50	65497.313	(53.073)
56.5/65.0	0.46/0.50	65545.84	(48.527)
56.5/65.0	0.48/0.50	65591.799	(45.959)
56.5/65.0	0.50/0.50	65642.705	(50.906)
57.0/65.0	0.00/0.50	65684.865	(42.161)
57.0/65.0	0.02/0.50	65729.799	(44.934)
57.0/65.0	0.04/0.50	65758.309	(28.509)
57.0/65.0	0.06/0.50	65786.606	(28.297)
57.0/65.0	0.08/0.50	65814.956	(28.35)
57.0/65.0	0.10/0.50	65876.919	(1.033)
57.0/65.0	0.12/0.50	65955.501	(1.31)
57.0/65.0	0.14/0.50	66027.049	(1.192)
57.0/65.0	0.16/0.50	66078.373	(51.324)
57.0/65.0	0.18/0.50	66162.939	(1.409)
57.0/65.0	0.20/0.50	66253.934	(1.517)
57.0/65.0	0.22/0.50	66304.387	(50.453)
57.0/65.0	0.24/0.50	66372.295	(1.132)
57.0/65.0	0.26/0.50	66458.965	(1.444)
57.0/65.0	0.28/0.50	66518.202	(59.237)
57.0/65.0	0.30/0.50	66576.259	(58.057)
57.0/65.0	0.32/0.50	66647.29	(1.184)
57.0/65.0	0.34/0.50	66723.397	(1.268)
57.0/65.0	0.36/0.50	66769.314	(45.917)
57.0/65.0	0.38/0.50	66827.965	(58.651)
57.0/65.0	0.40/0.50	66898.795	(1.181)
57.0/65.0	0.42/0.50	66955.088	(56.292)
57.0/65.0	0.44/0.50	67000.866	(45.779)
57.0/65.0	0.46/0.50	67055.065	(54.199)
57.0/65.0	0.48/0.50	67121.852	(1.113)
57.0/65.0	0.50/0.50	67167.237	(45.384)
57.5/65.0	0.00/0.50	67195.209	(27.972)
57.5/65.0	0.02/0.50	67234.197	(38.987)
57.5/65.0	0.04/0.50	67271.007	(36.81)
57.5/65.0	0.06/0.50	67316.785	(45.778)
57.5/65.0	0.08/0.50	67352.314	(35.529)
57.5/65.0	0.10/0.50	67400.57	(48.256)
57.5/65.0	0.12/0.50	67473.74	(1.22)
57.5/65.0	0.14/0.50	67542.376	(1.144)
57.5/65.0	0.16/0.50	67601.321	(58.945)
57.5/65.0	0.18/0.50	67687.225	(1.432)
57.5/65.0	0.20/0.50	67770.031	(1.38)
57.5/65.0	0.22/0.50	67821.928	(51.898)
57.5/65.0	0.24/0.50	67906.988	(1.418)
57.5/65.0	0.26/0.50	67995.258	(1.471)
57.5/65.0	0.28/0.50	68052.454	(57.196)
57.5/65.0	0.30/0.50	68107.519	(55.065)
57.5/65.0	0.32/0.50	68188.832	(1.355)
57.5/65.0	0.34/0.50	68255.711	(1.115)
57.5/65.0	0.36/0.50	68304.5	(48.789)
57.5/65.0	0.38/0.50	68353.953	(49.453)
57.5/65.0	0.40/0.50	68422.535	(1.143)
57.5/65.0	0.42/0.50	68471.858	(49.324)
57.5/65.0	0.44/0.50	68536.948	(1.085)
57.5/65.0	0.46/0.50	68587.229	(50.281)
57.5/65.0	0.48/0.50	68631.532	(44.302)
57.5/65.0	0.50/0.50	68695.247	(1.062)
58.0/65.0	0.00/0.50	68727.499	(32.251)
58.0/65.0	0.02/0.50	68758.659	(31.16)
58.0/65.0	0.04/0.50	68804.64	(45.981)
58.0/65.0	0.06/0.50	68840.336	(35.697)
58.0/65.0	0.08/0.50	68878.386	(38.049)
58.0/65.0	0.10/0.50	68937.636	(59.25)
58.0/65.0	0.12/0.50	69020.276	(1.377)
58.0/65.0	0.14/0.50	69080.473	(1.003)
58.0/65.0	0.16/0.50	69139.067	(58.594)
58.0/65.0	0.18/0.50	69203.092	(1.067)
58.0/65.0	0.20/0.50	69286.377	(1.388)
58.0/65.0	0.22/0.50	69361.664	(1.255)
58.0/65.0	0.24/0.50	69412.694	(51.03)
58.0/65.0	0.26/0.50	69487.894	(1.253)
58.0/65.0	0.28/0.50	69575.191	(1.455)
58.0/65.0	0.30/0.50	69628.837	(53.646)
58.0/65.0	0.32/0.50	69679.168	(50.332)
58.0/65.0	0.34/0.50	69756.251	(1.285)
58.0/65.0	0.36/0.50	69817.963	(1.029)
58.0/65.0	0.38/0.50	69868.802	(50.839)
58.0/65.0	0.40/0.50	69928.201	(59.399)
58.0/65.0	0.42/0.50	69987.229	(59.027)
58.0/65.0	0.44/0.50	70043.148	(55.919)
58.0/65.0	0.46/0.50	70097.104	(53.956)
58.0/65.0	0.48/0.50	70157.603	(1.008)
58.0/65.0	0.50/0.50	70204.68	(47.076)
58.5/65.0	0.00/0.50	70227.615	(22.936)
58.5/65.0	0.02/0.50	70255.287	(27.671)
58.5/65.0	0.04/0.50	70301.217	(45.93)
58.5/65.0	0.06/0.50	70349.619	(48.402)
58.5/65.0	0.08/0.50	70399.101	(49.482)
58.5/65.0	0.10/0.50	70432.896	(33.795)
58.5/65.0	0.12/0.50	70508.417	(1.259)
58.5/65.0	0.14/0.50	70599.578	(1.519)
58.5/65.0	0.16/0.50	70658.617	(59.039)
58.5/65.0	0.18/0.50	70723.615	(1.083)
58.5/65.0	0.20/0.50	70809.978	(1.439)
58.5/65.0	0.22/0.50	70899.209	(1.487)
58.5/65.0	0.24/0.50	70943.291	(44.082)
58.5/65.0	0.26/0.50	71006.408	(1.052)
58.5/65.0	0.28/0.50	71096.791	(1.506)
58.5/65.0	0.30/0.50	71154.278	(57.486)
58.5/65.0	0.32/0.50	71208.181	(53.903)
58.5/65.0	0.34/0.50	71279.303	(1.185)
58.5/65.0	0.36/0.50	71333.501	(54.198)
58.5/65.0	0.38/0.50	71395.614	(1.035)
58.5/65.0	0.40/0.50	71456.497	(1.015)
58.5/65.0	0.42/0.50	71506.512	(50.016)
58.5/65.0	0.44/0.50	71558.622	(52.109)
58.5/65.0	0.46/0.50	71622.02	(1.057)
58.5/65.0	0.48/0.50	71686.529	(1.075)
58.5/65.0	0.50/0.50	71728.922	(42.393)
59.0/65.0	0.00/0.50	71749.643	(20.721)
59.0/65.0	0.02/0.50	71784.447	(34.803)
59.0/65.0	0.04/0.50	71829.669	(45.222)
59.0/65.0	0.06/0.50	71891.424	(1.029)
59.0/65.0	0.08/0.50	71944.817	(53.393)
59.0/65.0	0.10/0.50	71983.392	(38.575)
59.0/65.0	0.12/0.50	72033.525	(50.132)
59.0/65.0	0.14/0.50	72123.278	(1.496)
59.0/65.0	0.16/0.50	72183.911	(1.011)
59.0/65.0	0.18/0.50	72241.095	(57.183)
59.0/65.0	0.20/0.50	72306.885	(1.097)
59.0/65.0	0.22/0.50	72377.203	(1.172)
59.0/65.0	0.24/0.50	72450.322	(1.219)
59.0/65.0	0.26/0.50	72507.554	(57.231)
59.0/65.0	0.28/0.50	72576.841	(1.155)
59.0/65.0	0.30/0.50	72636.031	(59.19)
59.0/65.0	0.32/0.50	72720.526	(1.408)
59.0/65.0	0.34/0.50	72770.416	(49.89)
59.0/65.0	0.36/0.50	72818.36	(47.944)
59.0/65.0	0.38/0.50	72891.838	(1.225)
59.0/65.0	0.40/0.50	72942.246	(50.409)
59.0/65.0	0.42/0.50	73010.864	(1.144)
59.0/65.0	0.44/0.50	73060.032	(49.169)
59.0/65.0	0.46/0.50	73106.749	(46.716)
59.0/65.0	0.48/0.50	73175.2	(1.141)
59.0/65.0	0.50/0.50	73249.2	(1.233)
59.5/65.0	0.00/0.50	73279.054	(29.853)
59.5/65.0	0.02/0.50	73300.043	(20.989)
59.5/65.0	0.04/0.50	73325.358	(25.316)
59.5/65.0	0.06/0.50	73356.069	(30.71)
59.5/65.0	0.08/0.50	73411.076	(55.007)
59.5/65.0	0.10/0.50	73467.553	(56.477)
59.5/65.0	0.12/0.50	73523.005	(55.452)
59.5/65.0	0.14/0.50	73580.704	(57.699)
59.5/65.0	0.16/0.50	73654.841	(1.236)
59.5/65.0	0.18/0.50	73725.907	(1.184)
59.5/65.0	0.20/0.50	73793.115	(1.12)
59.5/65.0	0.22/0.50	73859.109	(1.1)
59.5/65.0	0.24/0.50	73921.567	(1.041)
59.5/65.0	0.26/0.50	73997.123	(1.259)
59.5/65.0	0.28/0.50	74065.568	(1.141)
59.5/65.0	0.30/0.50	74112.234	(46.666)
59.5/65.0	0.32/0.50	74177.943	(1.095)
59.5/65.0	0.34/0.50	74251.919	(1.233)
59.5/65.0	0.36/0.50	74326.777	(1.248)
59.5/65.0	0.38/0.50	74369.154	(42.377)
59.5/65.0	0.40/0.50	74430.865	(1.029)
59.5/65.0	0.42/0.50	74504.126	(1.221)
59.5/65.0	0.44/0.50	74584.648	(1.342)
59.5/65.0	0.46/0.50	74625.582	(40.934)
59.5/65.0	0.48/0.50	74679.701	(54.119)
59.5/65.0	0.50/0.50	74750.622	(1.182)
60.0/65.0	0.00/0.50	74793.187	(42.566)
60.0/65.0	0.02/0.50	74826.804	(33.617)
60.0/65.0	0.04/0.50	74853.903	(27.098)
60.0/65.0	0.06/0.50	74894.546	(40.644)
60.0/65.0	0.08/0.50	74952.49	(57.943)
60.0/65.0	0.10/0.50	75034.632	(1.369)
60.0/65.0	0.12/0.50	75088.743	(54.11)
60.0/65.0	0.14/0.50	75154.434	(1.095)
60.0/65.0	0.16/0.50	75225.494	(1.184)
60.0/65.0	0.18/0.50	75290.822	(1.089)
60.0/65.0	0.20/0.50	75374.292	(1.391)
60.0/65.0	0.22/0.50	75436.958	(1.044)
60.0/65.0	0.24/0.50	75496.845	(59.887)
60.0/65.0	0.26/0.50	75579.26	(1.374)
60.0/65.0	0.28/0.50	75645.031	(1.096)
60.0/65.0	0.30/0.50	75692.068	(47.036)
60.0/65.0	0.32/0.50	75767.636	(1.259)
60.0/65.0	0.34/0.50	75847.389	(1.329)
60.0/65.0	0.36/0.50	75904.338	(56.95)
60.0/65.0	0.38/0.50	75950.594	(46.255)
60.0/65.0	0.40/0.50	76016.965	(1.106)
60.0/65.0	0.42/0.50	76086.199	(1.154)
60.0/65.0	0.44/0.50	76132.462	(46.263)
60.0/65.0	0.46/0.50	76179.688	(47.227)
60.0/65.0	0.48/0.50	76235.042	(55.353)
60.0/65.0	0.50/0.50	76283.899	(48.857)
60.5/65.0	0.00/0.50	76320.618	(36.719)
60.5/65.0	0.02/0.50	76360.924	(40.306)
60.5/65.0	0.04/0.50	76394.567	(33.643)
60.5/65.0	0.06/0.50	76431.283	(36.716)
60.5/65.0	0.08/0.50	76465.266	(33.983)
60.5/65.0	0.10/0.50	76532.718	(1.124)
60.5/65.0	0.12/0.50	76607.641	(1.249)
60.5/65.0	0.14/0.50	76683.946	(1.272)
60.5/65.0	0.16/0.50	76740.645	(56.699)
60.5/65.0	0.18/0.50	76823.571	(1.382)
60.5/65.0	0.20/0.50	76896.307	(1.212)
60.5/65.0	0.22/0.50	76957.115	(1.013)
60.5/65.0	0.24/0.50	77024.395	(1.121)
60.5/65.0	0.26/0.50	77079.536	(55.141)
60.5/65.0	0.28/0.50	77163.885	(1.406)
60.5/65.0	0.30/0.50	77220.445	(56.56)
60.5/65.0	0.32/0.50	77269.447	(49.001)
60.5/65.0	0.34/0.50	77345.325	(1.265)
60.5/65.0	0.36/0.50	77410.392	(1.084)
60.5/65.0	0.38/0.50	77470.832	(1.007)
60.5/65.0	0.40/0.50	77517.484	(46.652)
60.5/65.0	0.42/0.50	77576.726	(59.242)
60.5/65.0	0.44/0.50	77636.382	(59.656)
60.5/65.0	0.46/0.50	77691.815	(55.433)
60.5/65.0	0.48/0.50	77749.243	(57.428)
60.5/65.0	0.50/0.50	77799.793	(50.55)
61.0/65.0	0.00/0.50	77833.093	(33.3)
61.0/65.0	0.02/0.50	77859.167	(26.074)
61.0/65.0	0.04/0.50	77890.438	(31.271)
61.0/65.0	0.06/0.50	77950.765	(1.005)
61.0/65.0	0.08/0.50	78021.816	(1.184)
61.0/65.0	0.10/0.50	78090.984	(1.153)
61.0/65.0	0.12/0.50	78156.601	(1.094)
61.0/65.0	0.14/0.50	78249.192	(1.543)
61.0/65.0	0.16/0.50	78320.758	(1.193)
61.0/65.0	0.18/0.50	78376.856	(56.098)
61.0/65.0	0.20/0.50	78471.684	(1.58)
61.0/65.0	0.22/0.50	78556.736	(1.418)
61.0/65.0	0.24/0.50	78605.924	(49.188)
61.0/65.0	0.26/0.50	78674.053	(1.135)
61.0/65.0	0.28/0.50	78759.755	(1.428)
61.0/65.0	0.30/0.50	78824.72	(1.083)
61.0/65.0	0.32/0.50	78876.024	(51.304)
61.0/65.0	0.34/0.50	78938.993	(1.049)
61.0/65.0	0.36/0.50	79023.746	(1.413)
61.0/65.0	0.38/0.50	79069.61	(45.864)
61.0/65.0	0.40/0.50	79124.559	(54.948)
61.0/65.0	0.42/0.50	79189.903	(1.089)
61.0/65.0	0.44/0.50	79260.319	(1.174)
61.0/65.0	0.46/0.50	79302.543	(42.224)
61.0/65.0	0.48/0.50	79358.666	(56.123)
61.0/65.0	0.50/0.50	79420.261	(1.027)
61.5/65.0	0.00/0.50	79455.388	(35.127)
61.5/65.0	0.02/0.50	79480.74	(25.352)
61.5/65.0	0.04/0.50	79506.688	(25.949)
61.5/65.0	0.06/0.50	79544.247	(37.559)
61.5/65.0	0.08/0.50	79592.25	(48.004)
61.5/65.0	0.10/0.50	79651.349	(59.099)
61.5/65.0	0.12/0.50	79701.703	(50.353)
61.5/65.0	0.14/0.50	79786.099	(1.407)
61.5/65.0	0.16/0.50	79855.254	(1.153)
61.5/65.0	0.18/0.50	79912.966	(57.712)
61.5/65.0	0.20/0.50	79996.454	(1.391)
61.5/65.0	0.22/0.50	80077.374	(1.349)
61.5/65.0	0.24/0.50	80127.005	(49.63)
61.5/65.0	0.26/0.50	80206.113	(1.318)
61.5/65.0	0.28/0.50	80287.713	(1.36)
61.5/65.0	0.30/0.50	80345.656	(57.944)
61.5/65.0	0.32/0.50	80396.04	(50.384)
61.5/65.0	0.34/0.50	80468.666	(1.21)
61.5/65.0	0.36/0.50	80530.616	(1.032)
61.5/65.0	0.38/0.50	80587.71	(57.094)
61.5/65.0	0.40/0.50	80639.346	(51.636)
61.5/65.0	0.42/0.50	80693.629	(54.283)
61.5/65.0	0.44/0.50	80747.138	(53.509)
61.5/65.0	0.46/0.50	80810.812	(1.061)
61.5/65.0	0.48/0.50	80870.607	(59.795)
61.5/65.0	0.50/0.50	80915.292	(44.684)
62.0/65.0	0.00/0.50	80941.924	(26.633)
62.0/65.0	0.02/0.50	80975.32	(33.396)
62.0/65.0	0.04/0.50	81006.403	(31.083)
62.0/65.0	0.06/0.50	81061.597	(55.194)
62.0/65.0	0.08/0.50	81117.306	(55.709)
62.0/65.0	0.10/0.50	81160.563	(43.257)
62.0/65.0	0.12/0.50	81206.472	(45.909)
62.0/65.0	0.14/0.50	81301.304	(1.581)
62.0/65.0	0.16/0.50	81362.792	(1.025)
62.0/65.0	0.18/0.50	81421.167	(58.375)
62.0/65.0	0.20/0.50	81481.041	(59.875)
62.0/65.0	0.22/0.50	81555.851	(1.247)
62.0/65.0	0.24/0.50	81635.761	(1.332)
62.0/65.0	0.26/0.50	81686.996	(51.234)
62.0/65.0	0.28/0.50	81755.286	(1.138)
62.0/65.0	0.30/0.50	81827.571	(1.205)
62.0/65.0	0.32/0.50	81891.193	(1.06)
62.0/65.0	0.34/0.50	81938.771	(47.578)
62.0/65.0	0.36/0.50	82001.257	(1.041)
62.0/65.0	0.38/0.50	82062.757	(1.025)
62.0/65.0	0.40/0.50	82118.041	(55.284)
62.0/65.0	0.42/0.50	82178.965	(1.015)
62.0/65.0	0.44/0.50	82235.13	(56.165)
62.0/65.0	0.46/0.50	82289.266	(54.136)
62.0/65.0	0.48/0.50	82337.752	(48.486)
62.0/65.0	0.50/0.50	82410.201	(1.207)
62.5/65.0	0.00/0.50	82437.855	(27.655)
62.5/65.0	0.02/0.50	82464.015	(26.159)
62.5/65.0	0.04/0.50	82486.647	(22.632)
62.5/65.0	0.06/0.50	82523.088	(36.441)
62.5/65.0	0.08/0.50	82585.746	(1.044)
62.5/65.0	0.10/0.50	82664.624	(1.315)
62.5/65.0	0.12/0.50	82713.933	(49.309)
62.5/65.0	0.14/0.50	82766.033	(52.1)
62.5/65.0	0.16/0.50	82857.079	(1.517)
62.5/65.0	0.18/0.50	82937.233	(1.336)
62.5/65.0	0.20/0.50	82993.174	(55.941)
62.5/65.0	0.22/0.50	83074.546	(1.356)
62.5/65.0	0.24/0.50	83141.573	(1.117)
62.5/65.0	0.26/0.50	83197.937	(56.364)
62.5/65.0	0.28/0.50	83265.418	(1.125)
62.5/65.0	0.30/0.50	83328.198	(1.046)
62.5/65.0	0.32/0.50	83381.882	(53.684)
62.5/65.0	0.34/0.50	83456.442	(1.243)
62.5/65.0	0.36/0.50	83509.697	(53.255)
62.5/65.0	0.38/0.50	83555.171	(45.474)
62.5/65.0	0.40/0.50	83627.136	(1.199)
62.5/65.0	0.42/0.50	83700.895	(1.229)
62.5/65.0	0.44/0.50	83747.293	(46.398)
62.5/65.0	0.46/0.50	83784.881	(37.588)
62.5/65.0	0.48/0.50	83856.695	(1.197)
62.5/65.0	0.50/0.50	83925.704	(1.15)
63.0/65.0	0.00/0.50	83970.476	(44.771)
63.0/65.0	0.02/0.50	83997.845	(27.37)
63.0/65.0	0.04/0.50	84017.678	(19.833)
63.0/65.0	0.06/0.50	84046.513	(28.835)
63.0/65.0	0.08/0.50	84106.923	(1.007)
63.0/65.0	0.10/0.50	84182.309	(1.256)
63.0/65.0	0.12/0.50	84252.071	(1.163)
63.0/65.0	0.14/0.50	84300.267	(48.196)
63.0/65.0	0.16/0.50	84376.088	(1.264)
63.0/65.0	0.18/0.50	84439.82	(1.062)
63.0/65.0	0.20/0.50	84518.85	(1.317)
63.0/65.0	0.22/0.50	84581.349	(1.042)
63.0/65.0	0.24/0.50	84642.578	(1.02)
63.0/65.0	0.26/0.50	84715.296	(1.212)
63.0/65.0	0.28/0.50	84794.295	(1.317)
63.0/65.0	0.30/0.50	84847.387	(53.091)
63.0/65.0	0.32/0.50	84905.446	(58.059)
63.0/65.0	0.34/0.50	84983.982	(1.309)
63.0/65.0	0.36/0.50	85038.574	(54.592)
63.0/65.0	0.38/0.50	85090.91	(52.336)
63.0/65.0	0.40/0.50	85142.533	(51.622)
63.0/65.0	0.42/0.50	85193.67	(51.138)
63.0/65.0	0.44/0.50	85265.739	(1.201)
63.0/65.0	0.46/0.50	85327.373	(1.027)
63.0/65.0	0.48/0.50	85368.319	(40.946)
63.0/65.0	0.50/0.50	85419.225	(50.906)
63.5/65.0	0.00/0.50	85461.057	(41.832)
63.5/65.0	0.02/0.50	85502.342	(41.285)
63.5/65.0	0.04/0.50	85543.624	(41.282)
63.5/65.0	0.06/0.50	85586.158	(42.534)
63.5/65.0	0.08/0.50	85625.484	(39.326)
63.5/65.0	0.10/0.50	85680.388	(54.904)
63.5/65.0	0.12/0.50	85758.761	(1.306)
63.5/65.0	0.14/0.50	85822.816	(1.068)
63.5/65.0	0.16/0.50	85894.254	(1.191)
63.5/65.0	0.18/0.50	85970.174	(1.265)
