
R version 4.3.0 (2023-04-21) -- "Already Tomorrow"
Copyright (C) 2023 The R Foundation for Statistical Computing
Platform: x86_64-pc-linux-gnu (64-bit)

R is free software and comes with ABSOLUTELY NO WARRANTY.
You are welcome to redistribute it under certain conditions.
Type 'license()' or 'licence()' for distribution details.

  Natural language support but running in an English locale

R is a collaborative project with many contributors.
Type 'contributors()' for more information and
'citation()' on how to cite R or R packages in publications.

Type 'demo()' for some demos, 'help()' for on-line help, or
'help.start()' for an HTML browser interface to help.
Type 'q()' to quit R.

> rm(list = ls())
> gc()
         used (Mb) gc trigger (Mb) max used (Mb)
Ncells 284765 15.3     664565 35.5   464468 24.9
Vcells 490458  3.8    8388608 64.0  1837328 14.1
> library(dplyr)

Attaching package: ‘dplyr’

The following objects are masked from ‘package:stats’:

    filter, lag

The following objects are masked from ‘package:base’:

    intersect, setdiff, setequal, union

> library(foreach)
> library(doParallel)
Loading required package: iterators
Loading required package: parallel
> 
> # Set up the number of cores used for parallelization.
> message(detectCores())
32
> num_cores <- 32
> registerDoParallel(num_cores)
> 
> #########################
> #### SEIR Simulation ####
> #########################
> time <- 365 # Number of days.
> inf <- 7 # Average infectious period length.
> N <- 1000 # Population size.
> 
> create_hh <- function() {
+   # Randomly sample household sizes such that total population is 1000 
+   # individuals.
+   hh_size <- sample(x = c(3, 4, 5, 6), size = 340, replace = T)
+   
+   # Keep households such that total population is < 1000.
+   hh_size <- hh_size[which(cumsum(hh_size) < N)]
+   
+   leftover <- N - sum(hh_size)
+   if (leftover < 3) {
+     hh <- 1:length(hh_size)
+     sampled <- sample(hh[hh_size < 6], leftover)
+     hh_size[sampled] <- hh_size[sampled] + 1
+   } else {
+     hh_size <- c(hh_size, leftover)
+   }
+   return(hh_size)
+ }
> 
> SEIR_mix <- function(params, inf = 7, verbose = F) {
+   hh_size <- create_hh()
+   
+   # Create frame for running the simulation.
+   # ID: ID of individual.
+   # SIZE: size of individual's household.
+   # HH: ID of individual's household.
+   # S: susceptibility status.
+   # E: exposed status.
+   # E_count: number of days since exposed.
+   # I: infectious status.
+   # I_count: number of days since infectious.
+   # R: recovered status.
+   # INC: incubation period.
+   # INF: infectious period.
+   data <- data.frame(ID = 1:N,
+                      SIZE = rep(hh_size, times = hh_size),
+                      HH = rep(1:length(hh_size), times = hh_size), 
+                      S = c(0, rep(1, N - 1)), 
+                      E = c(1, rep(0, N - 1)),
+                      E_count = c(1, rep(0, N - 1)), 
+                      I = 0,
+                      I_count = 0, 
+                      R = 0, 
+                      INC = c(rlnorm(1, meanlog = log(29.8), sdlog = 0.45), rep(0, N - 1)),
+                      INF = 0)
+   
+   # Create frame for storing results.
+   # ID: ID of individual.
+   # SIZE: size of individual's household.
+   # HH: ID of individual's household.
+   # TYPE: the kind of infection: household (H), community (C), or both (B).
+   # TIME: when the individual became infectious.
+   # S_NUM: number of susceptible people in individual's household when their 
+   #        infectious period begins.
+   # I_NUM: number of people in household that this individual infected over 
+   #        their infectious period.
+   results <- data[, 1:3] %>% mutate(TYPE = NA, TIME = NA, S_NUM = NA, I_NUM = 0)
+   results$TYPE[1] <- '0'
+   
+   for(t in 1:time) {
+     if (verbose) {
+       if (t %% 10 == 0) {
+         cat(paste0(t, ' '))
+       }
+     }
+     
+     # Anyone who has been infectious for as many days as their infectious period
+     # is now recovered.
+     recovered <- (data$INF > 0) & (data$I_count == data$INF)
+     if(sum(recovered, na.rm = T) > 0) {
+       data$R[recovered] <- 1
+       data$I[recovered] <- 0
+       data$I_count[recovered] <- 0 
+     }
+     
+     new_inf <- (data$INC > 0) & (data$E_count == data$INC)
+     num_new_inf <- sum(new_inf, na.rm = T)
+     if(num_new_inf > 0) {
+       # Change status to newly infectious and add infectious period.
+       data$I[new_inf] <- 1
+       random_inf <- rnorm(num_new_inf, mean = inf, sd = 1) %>% round()
+       data$INF[new_inf] <- random_inf
+       
+       # Remove exposure status and exposure count.
+       data$E[new_inf] <- 0
+       data$E_count[new_inf] <- 0 
+       
+       # Record time at which infectious period starts.
+       results$TIME[new_inf] <- t
+       
+       # Save the number of susceptible people in each infectious individual's 
+       # household.
+       S_data <- data %>% group_by(HH) %>% 
+         mutate(S_TOT = sum(S)) %>% 
+         select(HH, S_TOT)
+       results$S_NUM[new_inf == 1] <- S_data$S_TOT[new_inf == 1]
+     }
+     
+     # I_H is the number of infections inside each household.
+     # I_C is the number of infections outside each household.
+     I_data <- data %>% group_by(HH) %>% 
+       mutate(I_H = sum(I)) %>% 
+       ungroup() %>% 
+       mutate(I_C = sum(I) - I_H)
+     
+     beta_H <- params[1]
+     beta_C <- params[2]
+     beta_E <- params[3]
+     risk_H <- pmin(beta_H * data$S * I_data$I_H / N, 1)
+     risk_C <- pmin(beta_C * data$S * I_data$I_C / N, 1)
+     risk_E <- pmin(beta_E * data$S, 1)
+ 
+     new_inf_H <- rbinom(N, 1, risk_H)
+     new_inf_C <- rbinom(N, 1, risk_C)
+     new_inf_E <- rbinom(N, 1, risk_E)
+     new_exposed <- (new_inf_H == 1) | (new_inf_C == 1) | (new_inf_E == 1)
+     num_new_exposed <- sum(new_exposed, na.rm = T)
+     if (num_new_exposed > 0) {
+       # Change status to newly exposed and add incubation period.
+       data$E[new_exposed] <- 1
+       random_inc <- rlnorm(num_new_exposed, meanlog = log(29.8), sdlog = 0.45) %>% round()
+       data$INC[new_exposed] <- random_inc
+       
+       # Remove susceptible status.
+       data$S[new_exposed] <- 0
+       
+       # Get number of new infections in each household.
+       I_data <- I_data %>%
+         select(ID, HH, I, I_H) %>%
+         mutate(new_I_H = new_inf_H) %>%
+         group_by(HH) %>%
+         # Find households with at least 1 currently infectious individual. If 
+         # exactly 1 infectious individual in household, assign all new H 
+         # exposures to that individual. If there are multiple infectious 
+         # individuals, assign all infections to the infectious individual with 
+         # the first ID.
+         mutate(new_I_H = ifelse(I == 1 & ID == first(ID[I == 1]), 
+                                 sum(new_I_H), 0))
+       
+       results$I_NUM <- results$I_NUM + I_data$new_I_H
+       
+       # Label infections types.
+       results$TYPE[new_inf_H == 1] <- 'H'
+       results$TYPE[new_inf_C == 1] <- 'C'
+       results$TYPE[new_inf_E == 1] <- 'E'
+       results$TYPE[(new_inf_H == 1) & (new_inf_C == 1)] <- 'HC'
+       results$TYPE[(new_inf_H == 1) & (new_inf_E == 1)] <- 'HE'
+       results$TYPE[(new_inf_C == 1) & (new_inf_E == 1)] <- 'CE'
+       results$TYPE[(new_inf_H == 1) & (new_inf_C == 1) & (new_inf_E == 1)] <- 'HCE'
+     }
+     
+     # Increment exposure and infectious counters.
+     data$E_count[data$E == 1] <- data$E_count[data$E == 1] + 1
+     data$I_count[data$I == 1] <- data$I_count[data$I == 1] + 1
+   }
+   return(results)
+ }
> 
> metrics <- function(results) {
+   # Incidence is the proportion of the population that became infected.
+   idc <- mean(!is.na(results$TIME))
+   
+   # The SAR is the average SAR for each individual that was infectious.
+   sar <- mean(results$I_NUM / results$S_NUM, na.rm = T)
+   
+   # The proportion of cases caused by household infections.
+   cases <- results[!is.na(results$TIME), ]
+   prp <- mean((cases$TYPE == 'H') | (cases$TYPE == 'HC') | (cases$TYPE == 'HCE'))
+ 
+   return(c(idc, sar, prp))
+ }
> 
> beta_Hs <- seq(12, 15, 1) # 4
> beta_Cs <- seq(0, 0.005, 0.001) # 6
> beta_Es <- seq(0.00075, 0.00085, 0.00001) # 11
> 
> d_H <- length(beta_Hs)
> d_C <- length(beta_Cs)
> d_E <- length(beta_Es)
> 
> reps <- 200
> idcs <- array(rep(NA, d_H * d_C * d_E * reps), dim = c(d_H, d_C, d_E, reps))
> sars <- array(rep(NA, d_H * d_C * d_E * reps), dim = c(d_H, d_C, d_E, reps))
> prps <- array(rep(NA, d_H * d_C * d_E * reps), dim = c(d_H, d_C, d_E, reps))
> t_tot <- 0
> for (i in 1:d_H) {
+   for (j in 1:d_C) {
+     for (k in 1:d_E) {
+       beta_H <- beta_Hs[i]
+       beta_C <- beta_Cs[j]
+       beta_E <- beta_Es[k]
+       
+       params <- c(beta_H, beta_C, beta_E)
+       
+       cat(paste0(format(beta_H, nsmall = 1), '/15\t', 
+                  format(beta_C, nsmall = 3), '/0.005\t',
+                  format(beta_E, nsmall = 5, scientific = F), '/0.00095\t'))
+         
+       t_0 <- Sys.time()
+       vals <- foreach (l = 1:reps, .combine = 'c') %dopar% {
+         results <- SEIR_mix(params) 
+         metrics(results)
+       }
+       t_1 <- Sys.time()
+       t_tot <- t_tot + (t_1 - t_0)
+         
+       cat(paste0(format(t_tot, nsmall = 2, digits = 4), '\t(', 
+                  format(t_1 - t_0, nsmall = 2, digits = 4), ')\t'))
+       
+       vals <- matrix(vals, reps, byrow = T)
+       idcs[i, j, k, ] <- vals[, 1]
+       sars[i, j, k, ] <- vals[, 2]
+       prps[i, j, k, ] <- vals[, 3]
+         
+       cat(paste0(format(round(mean(vals[, 1]), 3), nsmall = 3), '\t', 
+                  format(round(mean(vals[, 2]), 3), nsmall = 3), '\t', 
+                  format(round(mean(vals[, 3]), 3), nsmall = 3), '\n'))
+     }
+     cat('\n')
+     saveRDS(idcs, file = 'idcs.rds')
+     saveRDS(sars, file = 'sars.rds')
+     saveRDS(prps, file = 'prps.rds')
+     
+     write.table(idcs, file = 'idcs.txt', row.names = F, col.names = F)
+     write.table(sars, file = 'sars.txt', row.names = F, col.names = F)
+     write.table(prps, file = 'prps.txt', row.names = F, col.names = F)
+   }
+   message('\n')
+ }
12.0/15	0.000/0.005	0.00075/0.00095	2.71 mins	(2.71 mins)	0.276	0.080	0.225
12.0/15	0.000/0.005	0.00076/0.00095	5.395 mins	(2.686 mins)	0.279	0.080	0.221
12.0/15	0.000/0.005	0.00077/0.00095	8.102 mins	(2.707 mins)	0.282	0.080	0.220
12.0/15	0.000/0.005	0.00078/0.00095	10.85 mins	(2.748 mins)	0.283	0.081	0.222
12.0/15	0.000/0.005	0.00079/0.00095	13.57 mins	(2.724 mins)	0.287	0.080	0.223
12.0/15	0.000/0.005	0.00080/0.00095	16.31 mins	(2.74 mins)	0.290	0.079	0.220
12.0/15	0.000/0.005	0.00081/0.00095	19.09 mins	(2.779 mins)	0.293	0.080	0.221
12.0/15	0.000/0.005	0.00082/0.00095	21.89 mins	(2.794 mins)	0.297	0.081	0.221
12.0/15	0.000/0.005	0.00083/0.00095	24.69 mins	(2.799 mins)	0.296	0.080	0.219
12.0/15	0.000/0.005	0.00084/0.00095	27.46 mins	(2.775 mins)	0.300	0.081	0.219
12.0/15	0.000/0.005	0.00085/0.00095	30.26 mins	(2.795 mins)	0.304	0.080	0.219

12.0/15	0.001/0.005	0.00075/0.00095	32.94 mins	(2.687 mins)	0.275	0.080	0.223
12.0/15	0.001/0.005	0.00076/0.00095	35.68 mins	(2.737 mins)	0.279	0.080	0.224
12.0/15	0.001/0.005	0.00077/0.00095	38.45 mins	(2.767 mins)	0.284	0.079	0.218
12.0/15	0.001/0.005	0.00078/0.00095	41.16 mins	(2.716 mins)	0.284	0.080	0.221
12.0/15	0.001/0.005	0.00079/0.00095	43.91 mins	(2.752 mins)	0.288	0.080	0.220
12.0/15	0.001/0.005	0.00080/0.00095	46.66 mins	(2.745 mins)	0.291	0.080	0.220
12.0/15	0.001/0.005	0.00081/0.00095	49.43 mins	(2.769 mins)	0.295	0.081	0.222
12.0/15	0.001/0.005	0.00082/0.00095	52.19 mins	(2.767 mins)	0.296	0.080	0.220
12.0/15	0.001/0.005	0.00083/0.00095	55.05 mins	(2.856 mins)	0.301	0.079	0.218
12.0/15	0.001/0.005	0.00084/0.00095	57.84 mins	(2.787 mins)	0.304	0.081	0.220
12.0/15	0.001/0.005	0.00085/0.00095	60.66 mins	(2.819 mins)	0.305	0.080	0.219

12.0/15	0.002/0.005	0.00075/0.00095	63.36 mins	(2.706 mins)	0.278	0.080	0.219
12.0/15	0.002/0.005	0.00076/0.00095	66.10 mins	(2.735 mins)	0.280	0.079	0.219
12.0/15	0.002/0.005	0.00077/0.00095	68.84 mins	(2.741 mins)	0.282	0.079	0.222
12.0/15	0.002/0.005	0.00078/0.00095	71.62 mins	(2.777 mins)	0.288	0.081	0.222
12.0/15	0.002/0.005	0.00079/0.00095	74.38 mins	(2.759 mins)	0.291	0.079	0.219
12.0/15	0.002/0.005	0.00080/0.00095	77.14 mins	(2.762 mins)	0.292	0.080	0.220
12.0/15	0.002/0.005	0.00081/0.00095	79.90 mins	(2.761 mins)	0.295	0.080	0.219
12.0/15	0.002/0.005	0.00082/0.00095	82.82 mins	(2.916 mins)	0.300	0.080	0.219
12.0/15	0.002/0.005	0.00083/0.00095	85.71 mins	(2.896 mins)	0.303	0.081	0.221
12.0/15	0.002/0.005	0.00084/0.00095	88.65 mins	(2.935 mins)	0.304	0.080	0.221
12.0/15	0.002/0.005	0.00085/0.00095	91.56 mins	(2.912 mins)	0.306	0.080	0.220

12.0/15	0.003/0.005	0.00075/0.00095	94.43 mins	(2.872 mins)	0.281	0.079	0.221
12.0/15	0.003/0.005	0.00076/0.00095	97.33 mins	(2.899 mins)	0.282	0.081	0.223
12.0/15	0.003/0.005	0.00077/0.00095	100.20 mins	(2.866 mins)	0.286	0.080	0.220
12.0/15	0.003/0.005	0.00078/0.00095	102.97 mins	(2.772 mins)	0.290	0.080	0.221
12.0/15	0.003/0.005	0.00079/0.00095	105.73 mins	(2.76 mins)	0.291	0.081	0.223
12.0/15	0.003/0.005	0.00080/0.00095	108.52 mins	(2.798 mins)	0.294	0.079	0.218
12.0/15	0.003/0.005	0.00081/0.00095	111.31 mins	(2.789 mins)	0.296	0.080	0.221
12.0/15	0.003/0.005	0.00082/0.00095	114.13 mins	(2.818 mins)	0.298	0.079	0.217
12.0/15	0.003/0.005	0.00083/0.00095	116.96 mins	(2.831 mins)	0.303	0.080	0.219
12.0/15	0.003/0.005	0.00084/0.00095	119.83 mins	(2.867 mins)	0.306	0.081	0.221
12.0/15	0.003/0.005	0.00085/0.00095	122.65 mins	(2.824 mins)	0.311	0.081	0.220

12.0/15	0.004/0.005	0.00075/0.00095	125.41 mins	(2.754 mins)	0.283	0.080	0.220
12.0/15	0.004/0.005	0.00076/0.00095	128.19 mins	(2.781 mins)	0.285	0.080	0.221
12.0/15	0.004/0.005	0.00077/0.00095	130.98 mins	(2.79 mins)	0.288	0.081	0.221
12.0/15	0.004/0.005	0.00078/0.00095	133.76 mins	(2.782 mins)	0.292	0.081	0.222
12.0/15	0.004/0.005	0.00079/0.00095	136.53 mins	(2.773 mins)	0.292	0.080	0.221
12.0/15	0.004/0.005	0.00080/0.00095	139.32 mins	(2.782 mins)	0.293	0.080	0.219
12.0/15	0.004/0.005	0.00081/0.00095	142.16 mins	(2.841 mins)	0.301	0.079	0.218
12.0/15	0.004/0.005	0.00082/0.00095	144.98 mins	(2.824 mins)	0.304	0.080	0.221
12.0/15	0.004/0.005	0.00083/0.00095	147.84 mins	(2.856 mins)	0.304	0.080	0.219
12.0/15	0.004/0.005	0.00084/0.00095	150.70 mins	(2.865 mins)	0.308	0.079	0.217
12.0/15	0.004/0.005	0.00085/0.00095	153.56 mins	(2.859 mins)	0.308	0.079	0.214

12.0/15	0.005/0.005	0.00075/0.00095	156.29 mins	(2.725 mins)	0.282	0.080	0.221
12.0/15	0.005/0.005	0.00076/0.00095	159.07 mins	(2.781 mins)	0.286	0.080	0.222
12.0/15	0.005/0.005	0.00077/0.00095	161.82 mins	(2.753 mins)	0.290	0.079	0.221
12.0/15	0.005/0.005	0.00078/0.00095	164.57 mins	(2.751 mins)	0.292	0.079	0.218
12.0/15	0.005/0.005	0.00079/0.00095	167.32 mins	(2.753 mins)	0.292	0.079	0.216
12.0/15	0.005/0.005	0.00080/0.00095	170.13 mins	(2.802 mins)	0.299	0.080	0.221
12.0/15	0.005/0.005	0.00081/0.00095	172.93 mins	(2.805 mins)	0.300	0.080	0.218
12.0/15	0.005/0.005	0.00082/0.00095	175.79 mins	(2.855 mins)	0.304	0.079	0.217
12.0/15	0.005/0.005	0.00083/0.00095	178.59 mins	(2.802 mins)	0.305	0.078	0.212
12.0/15	0.005/0.005	0.00084/0.00095	181.40 mins	(2.807 mins)	0.309	0.078	0.216
12.0/15	0.005/0.005	0.00085/0.00095	184.23 mins	(2.832 mins)	0.310	0.080	0.216



13.0/15	0.000/0.005	0.00075/0.00095	187.00 mins	(2.776 mins)	0.279	0.086	0.237
13.0/15	0.000/0.005	0.00076/0.00095	189.74 mins	(2.741 mins)	0.281	0.086	0.238
13.0/15	0.000/0.005	0.00077/0.00095	192.50 mins	(2.757 mins)	0.287	0.085	0.236
13.0/15	0.000/0.005	0.00078/0.00095	195.24 mins	(2.739 mins)	0.289	0.087	0.236
13.0/15	0.000/0.005	0.00079/0.00095	197.98 mins	(2.743 mins)	0.292	0.086	0.236
13.0/15	0.000/0.005	0.00080/0.00095	200.84 mins	(2.859 mins)	0.294	0.087	0.235
13.0/15	0.000/0.005	0.00081/0.00095	203.75 mins	(2.907 mins)	0.296	0.086	0.235
13.0/15	0.000/0.005	0.00082/0.00095	206.54 mins	(2.791 mins)	0.301	0.086	0.235
13.0/15	0.000/0.005	0.00083/0.00095	209.33 mins	(2.793 mins)	0.303	0.087	0.237
13.0/15	0.000/0.005	0.00084/0.00095	212.12 mins	(2.79 mins)	0.303	0.086	0.233
13.0/15	0.000/0.005	0.00085/0.00095	214.96 mins	(2.839 mins)	0.309	0.087	0.236

13.0/15	0.001/0.005	0.00075/0.00095	217.68 mins	(2.717 mins)	0.279	0.085	0.234
13.0/15	0.001/0.005	0.00076/0.00095	220.43 mins	(2.749 mins)	0.284	0.086	0.237
13.0/15	0.001/0.005	0.00077/0.00095	223.20 mins	(2.77 mins)	0.286	0.087	0.239
13.0/15	0.001/0.005	0.00078/0.00095	225.99 mins	(2.792 mins)	0.293	0.087	0.240
13.0/15	0.001/0.005	0.00079/0.00095	228.74 mins	(2.757 mins)	0.292	0.085	0.233
13.0/15	0.001/0.005	0.00080/0.00095	231.51 mins	(2.768 mins)	0.297	0.087	0.238
13.0/15	0.001/0.005	0.00081/0.00095	234.31 mins	(2.801 mins)	0.298	0.087	0.236
13.0/15	0.001/0.005	0.00082/0.00095	237.11 mins	(2.793 mins)	0.302	0.087	0.238
13.0/15	0.001/0.005	0.00083/0.00095	239.89 mins	(2.785 mins)	0.304	0.087	0.233
13.0/15	0.001/0.005	0.00084/0.00095	242.75 mins	(2.859 mins)	0.311	0.087	0.234
13.0/15	0.001/0.005	0.00085/0.00095	245.63 mins	(2.883 mins)	0.312	0.087	0.235

13.0/15	0.002/0.005	0.00075/0.00095	248.39 mins	(2.75 mins)	0.282	0.086	0.237
13.0/15	0.002/0.005	0.00076/0.00095	251.12 mins	(2.73 mins)	0.286	0.086	0.235
13.0/15	0.002/0.005	0.00077/0.00095	253.86 mins	(2.742 mins)	0.288	0.086	0.237
13.0/15	0.002/0.005	0.00078/0.00095	256.62 mins	(2.759 mins)	0.291	0.086	0.236
13.0/15	0.002/0.005	0.00079/0.00095	259.37 mins	(2.756 mins)	0.295	0.086	0.235
13.0/15	0.002/0.005	0.00080/0.00095	262.18 mins	(2.806 mins)	0.298	0.086	0.233
13.0/15	0.002/0.005	0.00081/0.00095	264.98 mins	(2.803 mins)	0.302	0.087	0.236
13.0/15	0.002/0.005	0.00082/0.00095	267.78 mins	(2.796 mins)	0.303	0.086	0.234
13.0/15	0.002/0.005	0.00083/0.00095	270.61 mins	(2.837 mins)	0.305	0.085	0.232
13.0/15	0.002/0.005	0.00084/0.00095	273.43 mins	(2.82 mins)	0.310	0.087	0.232
13.0/15	0.002/0.005	0.00085/0.00095	276.26 mins	(2.827 mins)	0.311	0.085	0.231

13.0/15	0.003/0.005	0.00075/0.00095	278.99 mins	(2.729 mins)	0.284	0.086	0.236
13.0/15	0.003/0.005	0.00076/0.00095	281.72 mins	(2.731 mins)	0.286	0.086	0.237
13.0/15	0.003/0.005	0.00077/0.00095	284.49 mins	(2.773 mins)	0.291	0.087	0.237
13.0/15	0.003/0.005	0.00078/0.00095	287.24 mins	(2.748 mins)	0.293	0.086	0.235
13.0/15	0.003/0.005	0.00079/0.00095	290.03 mins	(2.791 mins)	0.294	0.086	0.234
13.0/15	0.003/0.005	0.00080/0.00095	292.82 mins	(2.786 mins)	0.297	0.086	0.234
13.0/15	0.003/0.005	0.00081/0.00095	295.63 mins	(2.816 mins)	0.303	0.087	0.234
13.0/15	0.003/0.005	0.00082/0.00095	298.46 mins	(2.821 mins)	0.306	0.086	0.233
13.0/15	0.003/0.005	0.00083/0.00095	301.34 mins	(2.889 mins)	0.308	0.086	0.234
13.0/15	0.003/0.005	0.00084/0.00095	304.31 mins	(2.966 mins)	0.310	0.087	0.236
13.0/15	0.003/0.005	0.00085/0.00095	307.30 mins	(2.992 mins)	0.314	0.087	0.237

13.0/15	0.004/0.005	0.00075/0.00095	310.20 mins	(2.902 mins)	0.288	0.087	0.236
13.0/15	0.004/0.005	0.00076/0.00095	313.11 mins	(2.906 mins)	0.289	0.086	0.237
13.0/15	0.004/0.005	0.00077/0.00095	316.02 mins	(2.914 mins)	0.290	0.085	0.234
13.0/15	0.004/0.005	0.00078/0.00095	318.91 mins	(2.884 mins)	0.297	0.087	0.239
13.0/15	0.004/0.005	0.00079/0.00095	321.69 mins	(2.787 mins)	0.300	0.086	0.236
13.0/15	0.004/0.005	0.00080/0.00095	324.49 mins	(2.795 mins)	0.300	0.086	0.234
13.0/15	0.004/0.005	0.00081/0.00095	327.30 mins	(2.81 mins)	0.304	0.086	0.234
13.0/15	0.004/0.005	0.00082/0.00095	330.16 mins	(2.86 mins)	0.307	0.085	0.232
13.0/15	0.004/0.005	0.00083/0.00095	333.08 mins	(2.92 mins)	0.310	0.086	0.233
13.0/15	0.004/0.005	0.00084/0.00095	335.97 mins	(2.892 mins)	0.313	0.086	0.234
13.0/15	0.004/0.005	0.00085/0.00095	338.91 mins	(2.934 mins)	0.317	0.087	0.236

13.0/15	0.005/0.005	0.00075/0.00095	341.74 mins	(2.835 mins)	0.288	0.085	0.237
13.0/15	0.005/0.005	0.00076/0.00095	344.58 mins	(2.835 mins)	0.291	0.086	0.237
13.0/15	0.005/0.005	0.00077/0.00095	347.37 mins	(2.799 mins)	0.294	0.086	0.238
13.0/15	0.005/0.005	0.00078/0.00095	350.15 mins	(2.772 mins)	0.298	0.086	0.237
13.0/15	0.005/0.005	0.00079/0.00095	352.92 mins	(2.776 mins)	0.301	0.087	0.236
13.0/15	0.005/0.005	0.00080/0.00095	355.72 mins	(2.799 mins)	0.302	0.086	0.236
13.0/15	0.005/0.005	0.00081/0.00095	358.55 mins	(2.827 mins)	0.307	0.088	0.238
13.0/15	0.005/0.005	0.00082/0.00095	361.36 mins	(2.816 mins)	0.309	0.087	0.235
13.0/15	0.005/0.005	0.00083/0.00095	364.22 mins	(2.854 mins)	0.311	0.086	0.233
13.0/15	0.005/0.005	0.00084/0.00095	367.07 mins	(2.853 mins)	0.315	0.086	0.235
13.0/15	0.005/0.005	0.00085/0.00095	369.89 mins	(2.822 mins)	0.315	0.085	0.232



14.0/15	0.000/0.005	0.00075/0.00095	372.64 mins	(2.744 mins)	0.285	0.093	0.253
14.0/15	0.000/0.005	0.00076/0.00095	375.36 mins	(2.719 mins)	0.287	0.093	0.254
14.0/15	0.000/0.005	0.00077/0.00095	378.17 mins	(2.816 mins)	0.290	0.093	0.254
14.0/15	0.000/0.005	0.00078/0.00095	380.94 mins	(2.767 mins)	0.294	0.094	0.254
14.0/15	0.000/0.005	0.00079/0.00095	383.69 mins	(2.752 mins)	0.295	0.092	0.250
14.0/15	0.000/0.005	0.00080/0.00095	386.48 mins	(2.791 mins)	0.300	0.092	0.249
14.0/15	0.000/0.005	0.00081/0.00095	389.31 mins	(2.826 mins)	0.303	0.093	0.252
14.0/15	0.000/0.005	0.00082/0.00095	392.11 mins	(2.804 mins)	0.304	0.092	0.247
14.0/15	0.000/0.005	0.00083/0.00095	394.93 mins	(2.816 mins)	0.310	0.093	0.250
14.0/15	0.000/0.005	0.00084/0.00095	397.75 mins	(2.825 mins)	0.312	0.091	0.247
14.0/15	0.000/0.005	0.00085/0.00095	400.62 mins	(2.864 mins)	0.317	0.093	0.250

14.0/15	0.001/0.005	0.00075/0.00095	403.34 mins	(2.72 mins)	0.285	0.092	0.252
14.0/15	0.001/0.005	0.00076/0.00095	406.08 mins	(2.741 mins)	0.289	0.092	0.251
14.0/15	0.001/0.005	0.00077/0.00095	408.84 mins	(2.766 mins)	0.291	0.092	0.252
14.0/15	0.001/0.005	0.00078/0.00095	411.59 mins	(2.747 mins)	0.294	0.092	0.248
14.0/15	0.001/0.005	0.00079/0.00095	414.42 mins	(2.827 mins)	0.299	0.092	0.249
14.0/15	0.001/0.005	0.00080/0.00095	417.19 mins	(2.77 mins)	0.300	0.092	0.248
14.0/15	0.001/0.005	0.00081/0.00095	420.02 mins	(2.831 mins)	0.307	0.092	0.249
14.0/15	0.001/0.005	0.00082/0.00095	422.83 mins	(2.814 mins)	0.308	0.093	0.252
14.0/15	0.001/0.005	0.00083/0.00095	425.65 mins	(2.819 mins)	0.312	0.094	0.252
14.0/15	0.001/0.005	0.00084/0.00095	428.49 mins	(2.835 mins)	0.315	0.092	0.251
14.0/15	0.001/0.005	0.00085/0.00095	431.33 mins	(2.844 mins)	0.317	0.093	0.250

14.0/15	0.002/0.005	0.00075/0.00095	434.09 mins	(2.757 mins)	0.288	0.092	0.253
14.0/15	0.002/0.005	0.00076/0.00095	436.84 mins	(2.754 mins)	0.291	0.094	0.256
14.0/15	0.002/0.005	0.00077/0.00095	439.63 mins	(2.786 mins)	0.294	0.093	0.254
14.0/15	0.002/0.005	0.00078/0.00095	442.41 mins	(2.786 mins)	0.296	0.092	0.250
14.0/15	0.002/0.005	0.00079/0.00095	445.19 mins	(2.78 mins)	0.299	0.093	0.253
14.0/15	0.002/0.005	0.00080/0.00095	448.02 mins	(2.83 mins)	0.304	0.093	0.250
14.0/15	0.002/0.005	0.00081/0.00095	450.85 mins	(2.824 mins)	0.305	0.092	0.251
14.0/15	0.002/0.005	0.00082/0.00095	453.68 mins	(2.836 mins)	0.311	0.093	0.253
14.0/15	0.002/0.005	0.00083/0.00095	456.54 mins	(2.857 mins)	0.312	0.093	0.250
14.0/15	0.002/0.005	0.00084/0.00095	459.39 mins	(2.847 mins)	0.316	0.094	0.250
14.0/15	0.002/0.005	0.00085/0.00095	462.25 mins	(2.86 mins)	0.317	0.093	0.250

14.0/15	0.003/0.005	0.00075/0.00095	464.99 mins	(2.744 mins)	0.287	0.092	0.250
14.0/15	0.003/0.005	0.00076/0.00095	467.78 mins	(2.789 mins)	0.291	0.093	0.251
14.0/15	0.003/0.005	0.00077/0.00095	470.58 mins	(2.801 mins)	0.296	0.092	0.250
14.0/15	0.003/0.005	0.00078/0.00095	473.40 mins	(2.812 mins)	0.300	0.092	0.249
14.0/15	0.003/0.005	0.00079/0.00095	476.21 mins	(2.81 mins)	0.303	0.093	0.254
14.0/15	0.003/0.005	0.00080/0.00095	479.03 mins	(2.825 mins)	0.303	0.092	0.250
14.0/15	0.003/0.005	0.00081/0.00095	481.82 mins	(2.785 mins)	0.309	0.094	0.252
14.0/15	0.003/0.005	0.00082/0.00095	484.78 mins	(2.962 mins)	0.312	0.093	0.251
14.0/15	0.003/0.005	0.00083/0.00095	487.65 mins	(2.874 mins)	0.314	0.091	0.249
14.0/15	0.003/0.005	0.00084/0.00095	490.50 mins	(2.849 mins)	0.316	0.091	0.245
14.0/15	0.003/0.005	0.00085/0.00095	493.39 mins	(2.887 mins)	0.321	0.094	0.253

14.0/15	0.004/0.005	0.00075/0.00095	496.18 mins	(2.797 mins)	0.294	0.093	0.251
14.0/15	0.004/0.005	0.00076/0.00095	499.05 mins	(2.863 mins)	0.292	0.092	0.252
14.0/15	0.004/0.005	0.00077/0.00095	501.89 mins	(2.844 mins)	0.297	0.093	0.252
14.0/15	0.004/0.005	0.00078/0.00095	504.69 mins	(2.802 mins)	0.301	0.092	0.252
14.0/15	0.004/0.005	0.00079/0.00095	507.50 mins	(2.809 mins)	0.303	0.092	0.248
14.0/15	0.004/0.005	0.00080/0.00095	510.35 mins	(2.847 mins)	0.308	0.093	0.251
14.0/15	0.004/0.005	0.00081/0.00095	513.19 mins	(2.844 mins)	0.310	0.092	0.250
14.0/15	0.004/0.005	0.00082/0.00095	516.02 mins	(2.831 mins)	0.312	0.094	0.251
14.0/15	0.004/0.005	0.00083/0.00095	518.91 mins	(2.888 mins)	0.315	0.093	0.249
14.0/15	0.004/0.005	0.00084/0.00095	521.78 mins	(2.873 mins)	0.319	0.093	0.249
14.0/15	0.004/0.005	0.00085/0.00095	524.67 mins	(2.888 mins)	0.321	0.091	0.243

14.0/15	0.005/0.005	0.00075/0.00095	527.46 mins	(2.792 mins)	0.293	0.093	0.252
14.0/15	0.005/0.005	0.00076/0.00095	530.28 mins	(2.816 mins)	0.297	0.093	0.253
14.0/15	0.005/0.005	0.00077/0.00095	533.06 mins	(2.779 mins)	0.302	0.093	0.252
14.0/15	0.005/0.005	0.00078/0.00095	535.89 mins	(2.832 mins)	0.301	0.092	0.249
14.0/15	0.005/0.005	0.00079/0.00095	538.75 mins	(2.856 mins)	0.308	0.094	0.252
14.0/15	0.005/0.005	0.00080/0.00095	541.56 mins	(2.813 mins)	0.305	0.091	0.245
14.0/15	0.005/0.005	0.00081/0.00095	544.42 mins	(2.856 mins)	0.311	0.093	0.249
14.0/15	0.005/0.005	0.00082/0.00095	547.27 mins	(2.857 mins)	0.315	0.093	0.249
14.0/15	0.005/0.005	0.00083/0.00095	550.13 mins	(2.858 mins)	0.317	0.093	0.249
14.0/15	0.005/0.005	0.00084/0.00095	553.00 mins	(2.863 mins)	0.321	0.092	0.249
14.0/15	0.005/0.005	0.00085/0.00095	555.86 mins	(2.864 mins)	0.324	0.093	0.247



15.0/15	0.000/0.005	0.00075/0.00095	558.62 mins	(2.757 mins)	0.290	0.099	0.271
15.0/15	0.000/0.005	0.00076/0.00095	561.41 mins	(2.793 mins)	0.296	0.100	0.270
15.0/15	0.000/0.005	0.00077/0.00095	564.17 mins	(2.76 mins)	0.297	0.099	0.268
15.0/15	0.000/0.005	0.00078/0.00095	566.99 mins	(2.824 mins)	0.298	0.100	0.270
15.0/15	0.000/0.005	0.00079/0.00095	569.78 mins	(2.79 mins)	0.301	0.099	0.267
15.0/15	0.000/0.005	0.00080/0.00095	572.62 mins	(2.832 mins)	0.306	0.098	0.266
15.0/15	0.000/0.005	0.00081/0.00095	575.43 mins	(2.819 mins)	0.307	0.099	0.264
15.0/15	0.000/0.005	0.00082/0.00095	578.27 mins	(2.834 mins)	0.311	0.099	0.265
15.0/15	0.000/0.005	0.00083/0.00095	581.12 mins	(2.847 mins)	0.314	0.098	0.264
15.0/15	0.000/0.005	0.00084/0.00095	584.01 mins	(2.889 mins)	0.317	0.098	0.263
15.0/15	0.000/0.005	0.00085/0.00095	586.86 mins	(2.854 mins)	0.320	0.099	0.264

15.0/15	0.001/0.005	0.00075/0.00095	589.62 mins	(2.762 mins)	0.291	0.098	0.268
15.0/15	0.001/0.005	0.00076/0.00095	592.38 mins	(2.762 mins)	0.294	0.099	0.267
15.0/15	0.001/0.005	0.00077/0.00095	595.17 mins	(2.789 mins)	0.298	0.099	0.267
15.0/15	0.001/0.005	0.00078/0.00095	597.99 mins	(2.822 mins)	0.301	0.100	0.268
15.0/15	0.001/0.005	0.00079/0.00095	600.83 mins	(2.833 mins)	0.305	0.100	0.268
15.0/15	0.001/0.005	0.00080/0.00095	603.64 mins	(2.818 mins)	0.305	0.098	0.264
15.0/15	0.001/0.005	0.00081/0.00095	606.50 mins	(2.855 mins)	0.310	0.100	0.265
15.0/15	0.001/0.005	0.00082/0.00095	609.34 mins	(2.846 mins)	0.312	0.098	0.263
15.0/15	0.001/0.005	0.00083/0.00095	612.19 mins	(2.841 mins)	0.315	0.098	0.263
15.0/15	0.001/0.005	0.00084/0.00095	615.03 mins	(2.843 mins)	0.318	0.099	0.264
15.0/15	0.001/0.005	0.00085/0.00095	617.91 mins	(2.885 mins)	0.322	0.099	0.264

15.0/15	0.002/0.005	0.00075/0.00095	620.67 mins	(2.756 mins)	0.293	0.099	0.269
15.0/15	0.002/0.005	0.00076/0.00095	623.44 mins	(2.775 mins)	0.298	0.099	0.266
15.0/15	0.002/0.005	0.00077/0.00095	626.23 mins	(2.784 mins)	0.300	0.098	0.264
15.0/15	0.002/0.005	0.00078/0.00095	629.06 mins	(2.833 mins)	0.304	0.100	0.267
15.0/15	0.002/0.005	0.00079/0.00095	631.86 mins	(2.797 mins)	0.305	0.099	0.264
15.0/15	0.002/0.005	0.00080/0.00095	634.74 mins	(2.877 mins)	0.309	0.099	0.265
15.0/15	0.002/0.005	0.00081/0.00095	637.56 mins	(2.828 mins)	0.310	0.100	0.267
15.0/15	0.002/0.005	0.00082/0.00095	640.44 mins	(2.872 mins)	0.315	0.098	0.262
15.0/15	0.002/0.005	0.00083/0.00095	643.35 mins	(2.916 mins)	0.321	0.100	0.265
15.0/15	0.002/0.005	0.00084/0.00095	646.25 mins	(2.898 mins)	0.322	0.100	0.267
15.0/15	0.002/0.005	0.00085/0.00095	649.18 mins	(2.929 mins)	0.323	0.099	0.263

15.0/15	0.003/0.005	0.00075/0.00095	651.97 mins	(2.796 mins)	0.295	0.100	0.268
15.0/15	0.003/0.005	0.00076/0.00095	654.79 mins	(2.812 mins)	0.297	0.099	0.268
15.0/15	0.003/0.005	0.00077/0.00095	657.61 mins	(2.821 mins)	0.304	0.100	0.268
15.0/15	0.003/0.005	0.00078/0.00095	660.41 mins	(2.807 mins)	0.302	0.098	0.264
15.0/15	0.003/0.005	0.00079/0.00095	663.25 mins	(2.833 mins)	0.307	0.100	0.268
15.0/15	0.003/0.005	0.00080/0.00095	666.07 mins	(2.817 mins)	0.309	0.100	0.266
15.0/15	0.003/0.005	0.00081/0.00095	668.96 mins	(2.895 mins)	0.313	0.099	0.265
15.0/15	0.003/0.005	0.00082/0.00095	671.80 mins	(2.836 mins)	0.316	0.100	0.268
15.0/15	0.003/0.005	0.00083/0.00095	674.68 mins	(2.882 mins)	0.319	0.099	0.265
15.0/15	0.003/0.005	0.00084/0.00095	677.58 mins	(2.902 mins)	0.322	0.099	0.266
15.0/15	0.003/0.005	0.00085/0.00095	680.52 mins	(2.942 mins)	0.325	0.098	0.261

15.0/15	0.004/0.005	0.00075/0.00095	683.31 mins	(2.791 mins)	0.297	0.098	0.267
15.0/15	0.004/0.005	0.00076/0.00095	686.15 mins	(2.837 mins)	0.300	0.099	0.267
15.0/15	0.004/0.005	0.00077/0.00095	688.98 mins	(2.834 mins)	0.302	0.099	0.266
15.0/15	0.004/0.005	0.00078/0.00095	691.84 mins	(2.856 mins)	0.307	0.098	0.266
15.0/15	0.004/0.005	0.00079/0.00095	694.70 mins	(2.856 mins)	0.307	0.098	0.263
15.0/15	0.004/0.005	0.00080/0.00095	697.53 mins	(2.834 mins)	0.313	0.099	0.264
15.0/15	0.004/0.005	0.00081/0.00095	700.39 mins	(2.861 mins)	0.315	0.098	0.261
15.0/15	0.004/0.005	0.00082/0.00095	703.25 mins	(2.855 mins)	0.318	0.099	0.265
15.0/15	0.004/0.005	0.00083/0.00095	706.14 mins	(2.889 mins)	0.322	0.099	0.266
15.0/15	0.004/0.005	0.00084/0.00095	709.06 mins	(2.925 mins)	0.323	0.097	0.260
15.0/15	0.004/0.005	0.00085/0.00095	711.99 mins	(2.932 mins)	0.328	0.098	0.262

15.0/15	0.005/0.005	0.00075/0.00095	714.82 mins	(2.822 mins)	0.296	0.098	0.266
15.0/15	0.005/0.005	0.00076/0.00095	717.63 mins	(2.815 mins)	0.302	0.099	0.266
15.0/15	0.005/0.005	0.00077/0.00095	720.65 mins	(3.014 mins)	0.306	0.100	0.268
15.0/15	0.005/0.005	0.00078/0.00095	723.63 mins	(2.984 mins)	0.306	0.098	0.264
15.0/15	0.005/0.005	0.00079/0.00095	726.59 mins	(2.965 mins)	0.310	0.099	0.266
15.0/15	0.005/0.005	0.00080/0.00095	729.56 mins	(2.963 mins)	0.315	0.100	0.268
15.0/15	0.005/0.005	0.00081/0.00095	732.53 mins	(2.973 mins)	0.316	0.099	0.265
15.0/15	0.005/0.005	0.00082/0.00095	735.45 mins	(2.914 mins)	0.322	0.100	0.266
15.0/15	0.005/0.005	0.00083/0.00095	738.35 mins	(2.908 mins)	0.326	0.098	0.262
15.0/15	0.005/0.005	0.00084/0.00095	741.26 mins	(2.906 mins)	0.327	0.099	0.263
15.0/15	0.005/0.005	0.00085/0.00095	744.19 mins	(2.928 mins)	0.329	0.100	0.264



> 
> proc.time()
      user     system    elapsed 
1230498.57   20280.83   44691.72 
