
R version 4.3.0 (2023-04-21) -- "Already Tomorrow"
Copyright (C) 2023 The R Foundation for Statistical Computing
Platform: x86_64-pc-linux-gnu (64-bit)

R is free software and comes with ABSOLUTELY NO WARRANTY.
You are welcome to redistribute it under certain conditions.
Type 'license()' or 'licence()' for distribution details.

  Natural language support but running in an English locale

R is a collaborative project with many contributors.
Type 'contributors()' for more information and
'citation()' on how to cite R or R packages in publications.

Type 'demo()' for some demos, 'help()' for on-line help, or
'help.start()' for an HTML browser interface to help.
Type 'q()' to quit R.

> rm(list = ls())
> gc()
         used (Mb) gc trigger (Mb) max used (Mb)
Ncells 284765 15.3     664565 35.5   464468 24.9
Vcells 490458  3.8    8388608 64.0  1837328 14.1
> library(dplyr)

Attaching package: ‘dplyr’

The following objects are masked from ‘package:stats’:

    filter, lag

The following objects are masked from ‘package:base’:

    intersect, setdiff, setequal, union

> library(foreach)
> library(doParallel)
Loading required package: iterators
Loading required package: parallel
> 
> # Set up the number of cores used for parallelization.
> message(detectCores())
24
> num_cores <- 24
> registerDoParallel(num_cores)
> 
> #########################
> #### SEIR Simulation ####
> #########################
> time <- 365 # Number of days.
> inf <- 7 # Average infectious period length.
> N <- 1000 # Population size.
> 
> create_hh <- function() {
+   # Randomly sample household sizes such that total population is 1000 
+   # individuals.
+   hh_size <- sample(x = c(3, 4, 5, 6), size = 340, replace = T)
+   
+   # Keep households such that total population is < 1000.
+   hh_size <- hh_size[which(cumsum(hh_size) < N)]
+   
+   leftover <- N - sum(hh_size)
+   if (leftover < 3) {
+     hh <- 1:length(hh_size)
+     sampled <- sample(hh[hh_size < 6], leftover)
+     hh_size[sampled] <- hh_size[sampled] + 1
+   } else {
+     hh_size <- c(hh_size, leftover)
+   }
+   return(hh_size)
+ }
> 
> SEIR_p2p <- function(params, inf = 7, verbose = F) {
+   hh_size <- create_hh()
+   
+   # Create frame for running the simulation.
+   # ID: ID of individual.
+   # SIZE: size of individual's household.
+   # HH: ID of individual's household.
+   # S: susceptibility status.
+   # E: exposed status.
+   # E_count: number of days since exposed.
+   # I: infectious status.
+   # I_count: number of days since infectious.
+   # R: recovered status.
+   # INC: incubation period.
+   # INF: infectious period.
+   data <- data.frame(ID = 1:N,
+                      SIZE = rep(hh_size, times = hh_size),
+                      HH = rep(1:length(hh_size), times = hh_size), 
+                      S = c(0, rep(1, N - 1)), 
+                      E = c(1, rep(0, N - 1)),
+                      E_count = c(1, rep(0, N - 1)), 
+                      I = 0,
+                      I_count = 0, 
+                      R = 0, 
+                      INC = c(round(rlnorm(1, meanlog = log(29.8), sdlog = 0.45)), rep(0, N - 1)),
+                      INF = 0)
+   
+   # Create frame for storing results.
+   # ID: ID of individual.
+   # SIZE: size of individual's household.
+   # HH: ID of individual's household.
+   # TYPE: the kind of infection: household (H), community (C), or both (B).
+   # TIME: when the individual became infectious.
+   # S_NUM: number of susceptible people in individual's household when their 
+   #        infectious period begins.
+   # I_NUM: number of people in household that this individual infected over 
+   #        their infectious period.
+   results <- data[, 1:3] %>% mutate(TYPE = NA, TIME = NA, S_NUM = NA, I_NUM = 0)
+   results$TYPE[1] <- '0'
+   
+   for(t in 1:time) {
+     if (verbose) {
+       if (t %% 10 == 0) {
+         cat(paste0(t, ' '))
+       }
+     }
+     
+     # Anyone who has been infectious for as many days as their infectious period
+     # is now recovered.
+     recovered <- (data$INF > 0) & (data$I_count == data$INF)
+     if(sum(recovered, na.rm = T) > 0) {
+       data$R[recovered] <- 1
+       data$I[recovered] <- 0
+       data$I_count[recovered] <- 0 
+     }
+     
+     # Anyone who has been incubating for as many days as their incubation period
+     # is now infectious.
+     new_inf <- (data$INC > 0) & (data$E_count == data$INC)
+     num_new_inf <- sum(new_inf, na.rm = T)
+     if(num_new_inf > 0) {
+       # Change status to newly infectious and add infectious period.
+       data$I[new_inf] <- 1
+       random_inf <- rnorm(num_new_inf, mean = inf, sd = 1) %>% round()
+       data$INF[new_inf] <- random_inf
+       
+       # Remove exposure status and exposure count.
+       data$E[new_inf] <- 0
+       data$E_count[new_inf] <- 0 
+       
+       # Record time at which infectious period starts.
+       results$TIME[new_inf] <- t
+       
+       # Save the number of susceptible people in each infectious individual's 
+       # household.
+       S_data <- data %>% group_by(HH) %>% 
+         mutate(S_tot = sum(S)) %>% 
+         select(HH, S_tot)
+       results$S_NUM[new_inf == 1] <- S_data$S_tot[new_inf == 1]
+     }
+     
+     # I_H is the number of infections inside each household.
+     # I_C is the number of infections outside each household.
+     I_data <- data %>% group_by(HH) %>% 
+       mutate(I_H = sum(I)) %>% 
+       ungroup() %>% 
+       mutate(I_C = sum(I) - I_H)
+     
+     # Calculate household risk and community risk.
+     beta_H <- params[1]
+     beta_C <- params[2]
+     risk_H <- pmin(beta_H * data$S * I_data$I_H / N, 1)
+     risk_C <- pmin(beta_C * data$S * I_data$I_C / N, 1)
+     
+     # Each individual is infected from their household or community 
+     # independently with probabilities risk_H and risk_C.
+     new_inf_H <- rbinom(N, 1, risk_H)
+     new_inf_C <- rbinom(N, 1, risk_C)
+     
+     new_exposed <- (new_inf_H == 1) | (new_inf_C == 1)
+     num_new_exposed <- sum(new_exposed, na.rm = T)
+     if (num_new_exposed > 0) {
+       # Change status to newly exposed and add incubation period.
+       data$E[new_exposed] <- 1
+       random_inc <- rlnorm(num_new_exposed, meanlog = log(29.8), sdlog = 0.45) %>% round()
+       data$INC[new_exposed] <- random_inc
+       
+       # Remove susceptible status.
+       data$S[new_exposed] <- 0
+       
+       # Get number of new infections in each household.
+       I_data <- I_data %>%
+         select(ID, HH, I, I_H) %>%
+         mutate(new_I_H = new_inf_H) %>%
+         group_by(HH) %>%
+         # Find households with at least 1 currently infectious individual. If 
+         # exactly 1 infectious individual in household, assign all new H 
+         # exposures to that individual. If there are multiple infectious 
+         # individuals, assign all infections to the infectious individual with 
+         # the first ID.
+         mutate(new_I_H = ifelse(I == 1 & ID == first(ID[I == 1]), 
+                                 sum(new_I_H), 0))
+       
+       results$I_NUM <- results$I_NUM + I_data$new_I_H
+       
+       # Label infection types.
+       results$TYPE[new_inf_C == 1] <- 'C'
+       results$TYPE[new_inf_H == 1] <- 'H'
+       results$TYPE[(new_inf_H == 1) & (new_inf_C == 1)] <- 'HC'
+     }
+     
+     # Increment exposure and infectious counters.
+     data$E_count[data$E == 1] <- data$E_count[data$E == 1] + 1
+     data$I_count[data$I == 1] <- data$I_count[data$I == 1] + 1
+   }
+   return(results)
+ }
> 
> metrics <- function(results) {
+   # Incidence is the proportion of the population that became infected.
+   idc <- mean(!is.na(results$TIME))
+   
+   # The SAR is the average SAR for each individual that was infectious.
+   sar <- mean(results$I_NUM / results$S_NUM, na.rm = T)
+ 
+   return(c(idc, sar))
+ }
> 
> beta_Hs <- seq(39, 43, 0.1) # 41
> beta_Cs <- seq(0.07, 0.09, 0.001) #21
> 
> d_H <- length(beta_Hs)
> d_C <- length(beta_Cs)
> 
> reps <- 200
> idcs <- array(rep(NA, d_H * d_C * reps), dim = c(d_H, d_C, reps))
> sars <- array(rep(NA, d_H * d_C * reps), dim = c(d_H, d_C, reps))
> t_tot <- 0
> for (i in 1:d_H) {
+     for (j in 1:d_C) {
+       beta_H <- beta_Hs[i]
+       beta_C <- beta_Cs[j]
+       params <- c(beta_H, beta_C)
+       
+       cat(paste0(format(beta_H, nsmall = 1, digits = 3), '/43.0\t', 
+                  format(beta_C, nsmall = 3, digits = 3), '/0.090\t'))
+ 
+       t_0 <- Sys.time()
+       vals <- foreach (l = 1:reps, .combine = 'c') %dopar% {
+         results <- SEIR_p2p(params) 
+         metrics(results)
+       }
+       t_1 <- Sys.time()
+       t_tot <- t_tot + (t_1 - t_0)
+ 
+       cat(paste0(format(t_tot, nsmall = 2, digits = 4), '\t(', 
+                  format(t_1 - t_0, nsmall = 2, digits = 4), ')\t'))
+ 
+       vals <- matrix(vals, reps, byrow = T)
+       idcs[i, j, ] <- vals[, 1]
+       sars[i, j, ] <- vals[, 2]
+ 
+       cat(paste0(format(round(mean(idcs[i, j, ]), 3), nsmall = 3), '\t',
+                  format(round(mean(idcs[i, j, idcs[i, j, ] > 0.04 & idcs[i, j, ] < 0.06]), 3), nsmall = 3), '\t',
+                  format(round(mean(sars[i, j, ]), 3), nsmall = 3), '\t', 
+                  format(round(mean(sars[i, j, idcs[i, j, ] > 0.04 & idcs[i, j, ] < 0.06]), 3), nsmall = 3), '\n'))
+       
+       saveRDS(idcs, file = 'idcs.rds')
+       saveRDS(sars, file = 'sars.rds')
+       write.table(idcs, file = 'idcs.txt', row.names = F, col.names = F)
+       write.table(sars, file = 'sars.txt', row.names = F, col.names = F)
+     }
+   message('\n')
+ }
39.0/43.0	0.070/0.090	54.91 secs	(54.91 secs)	0.018	0.048	0.183	0.250
39.0/43.0	0.071/0.090	109.33 secs	(54.42 secs)	0.018	0.050	0.152	0.231
39.0/43.0	0.072/0.090	165.01 secs	(55.68 secs)	0.021	0.051	0.169	0.242
39.0/43.0	0.073/0.090	220.66 secs	(55.65 secs)	0.020	0.050	0.169	0.251
39.0/43.0	0.074/0.090	277.01 secs	(56.35 secs)	0.025	0.050	0.173	0.257
39.0/43.0	0.075/0.090	336.90 secs	(59.89 secs)	0.026	0.046	0.169	0.253
39.0/43.0	0.076/0.090	394.19 secs	(57.29 secs)	0.027	0.049	0.171	0.242
39.0/43.0	0.077/0.090	448.22 secs	(54.03 secs)	0.020	0.047	0.149	0.234
39.0/43.0	0.078/0.090	508.25 secs	(1.001 mins)	0.027	0.048	0.167	0.248
39.0/43.0	0.079/0.090	565.77 secs	(57.52 secs)	0.027	0.050	0.173	0.234
39.0/43.0	0.080/0.090	622.26 secs	(56.49 secs)	0.027	0.050	0.179	0.238
39.0/43.0	0.081/0.090	682.94 secs	(1.011 mins)	0.030	0.048	0.176	0.238
39.0/43.0	0.082/0.090	743.69 secs	(1.013 mins)	0.031	0.051	0.175	0.243
39.0/43.0	0.083/0.090	802.07 secs	(58.38 secs)	0.027	0.051	0.179	0.232
39.0/43.0	0.084/0.090	861.18 secs	(59.11 secs)	0.032	0.049	0.172	0.238
39.0/43.0	0.085/0.090	920.96 secs	(59.78 secs)	0.037	0.049	0.170	0.242
39.0/43.0	0.086/0.090	984.46 secs	(1.058 mins)	0.034	0.050	0.178	0.258
39.0/43.0	0.087/0.090	1046.25 secs	(1.03 mins)	0.030	0.048	0.161	0.246
39.0/43.0	0.088/0.090	1115.75 secs	(1.158 mins)	0.042	0.050	0.177	0.235
39.0/43.0	0.089/0.090	1183.20 secs	(1.124 mins)	0.040	0.051	0.173	0.232
39.0/43.0	0.090/0.090	1252.81 secs	(1.16 mins)	0.054	0.046	0.202	0.249


39.1/43.0	0.070/0.090	1310.37 secs	(57.56 secs)	0.024	0.050	0.184	0.248
39.1/43.0	0.071/0.090	1364.57 secs	(54.20 secs)	0.020	0.051	0.154	0.244
39.1/43.0	0.072/0.090	1421.06 secs	(56.49 secs)	0.023	0.049	0.188	0.249
39.1/43.0	0.073/0.090	1476.70 secs	(55.64 secs)	0.023	0.049	0.193	0.236
39.1/43.0	0.074/0.090	1532.45 secs	(55.75 secs)	0.024	0.050	0.154	0.246
39.1/43.0	0.075/0.090	1588.80 secs	(56.35 secs)	0.021	0.048	0.173	0.248
39.1/43.0	0.076/0.090	1651.03 secs	(1.037 mins)	0.031	0.048	0.190	0.238
39.1/43.0	0.077/0.090	1708.76 secs	(57.73 secs)	0.024	0.050	0.184	0.251
39.1/43.0	0.078/0.090	1766.92 secs	(58.17 secs)	0.030	0.051	0.164	0.249
39.1/43.0	0.079/0.090	1829.21 secs	(1.038 mins)	0.031	0.049	0.172	0.247
39.1/43.0	0.080/0.090	1888.32 secs	(59.11 secs)	0.029	0.049	0.164	0.237
39.1/43.0	0.081/0.090	1946.49 secs	(58.18 secs)	0.027	0.049	0.167	0.242
39.1/43.0	0.082/0.090	2006.54 secs	(1.001 mins)	0.030	0.049	0.158	0.246
39.1/43.0	0.083/0.090	2065.81 secs	(59.26 secs)	0.035	0.048	0.181	0.251
39.1/43.0	0.084/0.090	2126.77 secs	(1.016 mins)	0.037	0.052	0.186	0.226
39.1/43.0	0.085/0.090	2186.60 secs	(59.83 secs)	0.034	0.049	0.174	0.242
39.1/43.0	0.086/0.090	2248.39 secs	(1.03 mins)	0.040	0.049	0.173	0.245
39.1/43.0	0.087/0.090	2308.96 secs	(1.01 mins)	0.033	0.051	0.167	0.221
39.1/43.0	0.088/0.090	2372.59 secs	(1.061 mins)	0.040	0.053	0.189	0.234
39.1/43.0	0.089/0.090	2434.08 secs	(1.025 mins)	0.033	0.048	0.157	0.233
39.1/43.0	0.090/0.090	2501.31 secs	(1.12 mins)	0.044	0.049	0.170	0.230


39.2/43.0	0.070/0.090	2558.22 secs	(56.91 secs)	0.022	0.050	0.183	0.252
39.2/43.0	0.071/0.090	2613.16 secs	(54.94 secs)	0.023	0.048	0.178	0.254
39.2/43.0	0.072/0.090	2667.50 secs	(54.34 secs)	0.019	0.053	0.163	0.249
39.2/43.0	0.073/0.090	2720.83 secs	(53.33 secs)	0.021	0.047	0.153	0.242
39.2/43.0	0.074/0.090	2775.58 secs	(54.74 secs)	0.022	0.049	0.179	0.267
39.2/43.0	0.075/0.090	2832.03 secs	(56.45 secs)	0.025	0.050	0.172	0.236
39.2/43.0	0.076/0.090	2888.30 secs	(56.27 secs)	0.028	0.051	0.172	0.243
39.2/43.0	0.077/0.090	2947.37 secs	(59.07 secs)	0.026	0.050	0.172	0.256
39.2/43.0	0.078/0.090	3007.97 secs	(1.01 mins)	0.029	0.053	0.180	0.259
39.2/43.0	0.079/0.090	3069.54 secs	(1.026 mins)	0.031	0.049	0.172	0.241
39.2/43.0	0.080/0.090	3130.12 secs	(1.01 mins)	0.030	0.049	0.171	0.239
39.2/43.0	0.081/0.090	3191.66 secs	(1.026 mins)	0.034	0.050	0.171	0.253
39.2/43.0	0.082/0.090	3254.92 secs	(1.054 mins)	0.033	0.048	0.160	0.241
39.2/43.0	0.083/0.090	3321.58 secs	(1.111 mins)	0.037	0.048	0.166	0.238
39.2/43.0	0.084/0.090	3385.50 secs	(1.065 mins)	0.031	0.050	0.157	0.240
39.2/43.0	0.085/0.090	3448.76 secs	(1.054 mins)	0.033	0.049	0.177	0.227
39.2/43.0	0.086/0.090	3514.90 secs	(1.102 mins)	0.038	0.050	0.180	0.245
39.2/43.0	0.087/0.090	3574.35 secs	(59.45 secs)	0.034	0.050	0.168	0.223
39.2/43.0	0.088/0.090	3638.08 secs	(1.062 mins)	0.042	0.049	0.179	0.246
39.2/43.0	0.089/0.090	3704.95 secs	(1.115 mins)	0.034	0.051	0.156	0.250
39.2/43.0	0.090/0.090	3774.38 secs	(1.157 mins)	0.050	0.052	0.170	0.237


39.3/43.0	0.070/0.090	3829.48 secs	(55.10 secs)	0.022	0.050	0.162	0.254
39.3/43.0	0.071/0.090	3883.88 secs	(54.40 secs)	0.021	0.048	0.164	0.251
39.3/43.0	0.072/0.090	3938.77 secs	(54.88 secs)	0.021	0.050	0.187	0.271
39.3/43.0	0.073/0.090	3994.26 secs	(55.50 secs)	0.023	0.050	0.162	0.231
39.3/43.0	0.074/0.090	4049.20 secs	(54.93 secs)	0.021	0.050	0.167	0.252
39.3/43.0	0.075/0.090	4106.76 secs	(57.56 secs)	0.023	0.046	0.160	0.246
39.3/43.0	0.076/0.090	4164.65 secs	(57.89 secs)	0.027	0.049	0.186	0.239
39.3/43.0	0.077/0.090	4223.77 secs	(59.11 secs)	0.023	0.049	0.181	0.243
39.3/43.0	0.078/0.090	4281.76 secs	(58.00 secs)	0.028	0.052	0.165	0.242
39.3/43.0	0.079/0.090	4337.71 secs	(55.95 secs)	0.024	0.049	0.177	0.249
39.3/43.0	0.080/0.090	4400.76 secs	(1.051 mins)	0.034	0.048	0.166	0.229
39.3/43.0	0.081/0.090	4460.35 secs	(59.59 secs)	0.030	0.051	0.179	0.237
39.3/43.0	0.082/0.090	4518.52 secs	(58.17 secs)	0.032	0.047	0.191	0.252
39.3/43.0	0.083/0.090	4578.16 secs	(59.64 secs)	0.034	0.050	0.173	0.242
39.3/43.0	0.084/0.090	4634.17 secs	(56.01 secs)	0.033	0.049	0.179	0.254
39.3/43.0	0.085/0.090	4700.41 secs	(1.104 mins)	0.038	0.050	0.176	0.227
39.3/43.0	0.086/0.090	4764.62 secs	(1.07 mins)	0.042	0.049	0.165	0.235
39.3/43.0	0.087/0.090	4825.06 secs	(1.007 mins)	0.038	0.053	0.154	0.233
39.3/43.0	0.088/0.090	4887.46 secs	(1.04 mins)	0.042	0.052	0.174	0.217
39.3/43.0	0.089/0.090	4952.81 secs	(1.089 mins)	0.043	0.050	0.176	0.231
39.3/43.0	0.090/0.090	5017.25 secs	(1.074 mins)	0.039	0.050	0.184	0.232


39.4/43.0	0.070/0.090	5070.13 secs	(52.88 secs)	0.021	0.049	0.158	0.241
39.4/43.0	0.071/0.090	5124.29 secs	(54.16 secs)	0.022	0.047	0.179	0.246
39.4/43.0	0.072/0.090	5183.30 secs	(59.01 secs)	0.027	0.047	0.191	0.255
39.4/43.0	0.073/0.090	5244.04 secs	(1.012 mins)	0.024	0.048	0.179	0.257
39.4/43.0	0.074/0.090	5300.57 secs	(56.52 secs)	0.026	0.048	0.172	0.245
39.4/43.0	0.075/0.090	5359.27 secs	(58.71 secs)	0.024	0.048	0.158	0.261
39.4/43.0	0.076/0.090	5416.77 secs	(57.49 secs)	0.024	0.049	0.168	0.244
39.4/43.0	0.077/0.090	5477.15 secs	(1.006 mins)	0.029	0.049	0.192	0.243
39.4/43.0	0.078/0.090	5536.90 secs	(59.75 secs)	0.029	0.051	0.170	0.239
39.4/43.0	0.079/0.090	5596.37 secs	(59.47 secs)	0.029	0.049	0.171	0.235
39.4/43.0	0.080/0.090	5659.25 secs	(1.048 mins)	0.033	0.047	0.187	0.230
39.4/43.0	0.081/0.090	5716.63 secs	(57.38 secs)	0.029	0.048	0.157	0.245
39.4/43.0	0.082/0.090	5774.82 secs	(58.20 secs)	0.031	0.050	0.167	0.248
39.4/43.0	0.083/0.090	5835.62 secs	(1.013 mins)	0.032	0.049	0.172	0.228
39.4/43.0	0.084/0.090	5897.62 secs	(1.033 mins)	0.037	0.050	0.185	0.240
39.4/43.0	0.085/0.090	5957.61 secs	(59.98 secs)	0.038	0.048	0.176	0.236
39.4/43.0	0.086/0.090	6018.61 secs	(1.017 mins)	0.035	0.051	0.169	0.243
39.4/43.0	0.087/0.090	6079.54 secs	(1.016 mins)	0.039	0.050	0.173	0.260
39.4/43.0	0.088/0.090	6142.33 secs	(1.046 mins)	0.044	0.052	0.174	0.235
39.4/43.0	0.089/0.090	6207.41 secs	(1.085 mins)	0.043	0.048	0.193	0.229
39.4/43.0	0.090/0.090	6272.39 secs	(1.083 mins)	0.050	0.050	0.185	0.223


39.5/43.0	0.070/0.090	6325.72 secs	(53.33 secs)	0.017	0.050	0.172	0.258
39.5/43.0	0.071/0.090	6379.54 secs	(53.82 secs)	0.020	0.048	0.167	0.252
39.5/43.0	0.072/0.090	6435.87 secs	(56.33 secs)	0.023	0.049	0.175	0.234
39.5/43.0	0.073/0.090	6492.87 secs	(57.00 secs)	0.022	0.050	0.172	0.254
39.5/43.0	0.074/0.090	6548.85 secs	(55.98 secs)	0.024	0.051	0.178	0.240
39.5/43.0	0.075/0.090	6605.77 secs	(56.93 secs)	0.025	0.049	0.196	0.235
39.5/43.0	0.076/0.090	6664.39 secs	(58.61 secs)	0.028	0.047	0.170	0.240
39.5/43.0	0.077/0.090	6721.40 secs	(57.02 secs)	0.027	0.049	0.154	0.233
39.5/43.0	0.078/0.090	6782.76 secs	(1.023 mins)	0.027	0.048	0.176	0.250
39.5/43.0	0.079/0.090	6839.04 secs	(56.28 secs)	0.030	0.049	0.175	0.241
39.5/43.0	0.080/0.090	6896.19 secs	(57.15 secs)	0.033	0.048	0.170	0.249
39.5/43.0	0.081/0.090	6953.58 secs	(57.38 secs)	0.030	0.049	0.166	0.239
39.5/43.0	0.082/0.090	7015.63 secs	(1.034 mins)	0.034	0.048	0.178	0.248
39.5/43.0	0.083/0.090	7074.27 secs	(58.64 secs)	0.032	0.050	0.174	0.239
39.5/43.0	0.084/0.090	7138.14 secs	(1.064 mins)	0.042	0.052	0.180	0.226
39.5/43.0	0.085/0.090	7197.04 secs	(58.90 secs)	0.029	0.049	0.166	0.241
39.5/43.0	0.086/0.090	7260.06 secs	(1.05 mins)	0.039	0.049	0.172	0.226
39.5/43.0	0.087/0.090	7320.00 secs	(59.94 secs)	0.034	0.050	0.167	0.254
39.5/43.0	0.088/0.090	7382.29 secs	(1.038 mins)	0.037	0.051	0.169	0.244
39.5/43.0	0.089/0.090	7444.81 secs	(1.042 mins)	0.040	0.049	0.167	0.241
39.5/43.0	0.090/0.090	7509.92 secs	(1.085 mins)	0.045	0.051	0.182	0.235


39.6/43.0	0.070/0.090	7563.42 secs	(53.50 secs)	0.021	0.046	0.182	0.256
39.6/43.0	0.071/0.090	7619.27 secs	(55.85 secs)	0.022	0.049	0.176	0.266
39.6/43.0	0.072/0.090	7679.71 secs	(1.007 mins)	0.025	0.050	0.173	0.258
39.6/43.0	0.073/0.090	7731.55 secs	(51.83 secs)	0.019	0.050	0.160	0.244
39.6/43.0	0.074/0.090	7789.16 secs	(57.61 secs)	0.022	0.051	0.183	0.250
39.6/43.0	0.075/0.090	7847.51 secs	(58.35 secs)	0.024	0.053	0.151	0.266
39.6/43.0	0.076/0.090	7905.98 secs	(58.47 secs)	0.027	0.046	0.179	0.234
39.6/43.0	0.077/0.090	7965.25 secs	(59.26 secs)	0.027	0.049	0.179	0.238
39.6/43.0	0.078/0.090	8020.41 secs	(55.17 secs)	0.023	0.049	0.178	0.240
39.6/43.0	0.079/0.090	8078.02 secs	(57.61 secs)	0.028	0.051	0.163	0.238
39.6/43.0	0.080/0.090	8135.03 secs	(57.01 secs)	0.027	0.049	0.172	0.223
39.6/43.0	0.081/0.090	8198.52 secs	(1.058 mins)	0.036	0.050	0.197	0.242
39.6/43.0	0.082/0.090	8257.13 secs	(58.61 secs)	0.034	0.051	0.176	0.238
39.6/43.0	0.083/0.090	8318.25 secs	(1.019 mins)	0.031	0.050	0.192	0.255
39.6/43.0	0.084/0.090	8376.23 secs	(57.98 secs)	0.034	0.050	0.168	0.236
39.6/43.0	0.085/0.090	8436.13 secs	(59.90 secs)	0.038	0.052	0.176	0.232
39.6/43.0	0.086/0.090	8495.90 secs	(59.77 secs)	0.035	0.050	0.160	0.244
39.6/43.0	0.087/0.090	8556.91 secs	(1.017 mins)	0.032	0.048	0.164	0.256
39.6/43.0	0.088/0.090	8623.22 secs	(1.105 mins)	0.040	0.052	0.169	0.242
39.6/43.0	0.089/0.090	8693.30 secs	(1.168 mins)	0.048	0.051	0.191	0.256
39.6/43.0	0.090/0.090	8758.89 secs	(1.093 mins)	0.041	0.052	0.160	0.238


39.7/43.0	0.070/0.090	8818.21 secs	(59.31 secs)	0.020	0.048	0.169	0.246
39.7/43.0	0.071/0.090	8876.31 secs	(58.10 secs)	0.020	0.046	0.161	0.240
39.7/43.0	0.072/0.090	8933.53 secs	(57.22 secs)	0.023	0.051	0.179	0.253
39.7/43.0	0.073/0.090	8987.68 secs	(54.15 secs)	0.024	0.048	0.166	0.241
39.7/43.0	0.074/0.090	9043.33 secs	(55.65 secs)	0.026	0.048	0.159	0.220
39.7/43.0	0.075/0.090	9097.64 secs	(54.31 secs)	0.024	0.050	0.167	0.256
39.7/43.0	0.076/0.090	9153.25 secs	(55.62 secs)	0.028	0.049	0.175	0.255
39.7/43.0	0.077/0.090	9211.93 secs	(58.67 secs)	0.030	0.051	0.162	0.243
39.7/43.0	0.078/0.090	9270.28 secs	(58.35 secs)	0.029	0.049	0.172	0.241
39.7/43.0	0.079/0.090	9326.91 secs	(56.64 secs)	0.026	0.049	0.165	0.249
39.7/43.0	0.080/0.090	9388.35 secs	(1.024 mins)	0.037	0.050	0.176	0.252
39.7/43.0	0.081/0.090	9450.74 secs	(1.04 mins)	0.031	0.049	0.191	0.248
39.7/43.0	0.082/0.090	9508.16 secs	(57.42 secs)	0.027	0.049	0.161	0.250
39.7/43.0	0.083/0.090	9573.83 secs	(1.094 mins)	0.030	0.050	0.178	0.242
39.7/43.0	0.084/0.090	9635.33 secs	(1.025 mins)	0.041	0.048	0.173	0.241
39.7/43.0	0.085/0.090	9694.61 secs	(59.28 secs)	0.037	0.053	0.179	0.240
39.7/43.0	0.086/0.090	9753.69 secs	(59.09 secs)	0.033	0.052	0.176	0.260
39.7/43.0	0.087/0.090	9812.61 secs	(58.92 secs)	0.033	0.051	0.197	0.258
39.7/43.0	0.088/0.090	9878.64 secs	(1.10 mins)	0.043	0.051	0.184	0.249
39.7/43.0	0.089/0.090	9947.79 secs	(1.153 mins)	0.040	0.050	0.166	0.217
39.7/43.0	0.090/0.090	10009.39 secs	(1.027 mins)	0.042	0.050	0.177	0.237


39.8/43.0	0.070/0.090	10063.77 secs	(54.38 secs)	0.023	0.050	0.187	0.270
39.8/43.0	0.071/0.090	10116.31 secs	(52.53 secs)	0.021	0.049	0.171	0.248
39.8/43.0	0.072/0.090	10172.67 secs	(56.36 secs)	0.022	0.048	0.187	0.263
39.8/43.0	0.073/0.090	10234.02 secs	(1.022 mins)	0.025	0.047	0.186	0.252
39.8/43.0	0.074/0.090	10288.06 secs	(54.04 secs)	0.023	0.049	0.159	0.250
39.8/43.0	0.075/0.090	10342.30 secs	(54.24 secs)	0.023	0.049	0.172	0.248
39.8/43.0	0.076/0.090	10399.20 secs	(56.90 secs)	0.028	0.048	0.178	0.254
39.8/43.0	0.077/0.090	10457.32 secs	(58.12 secs)	0.028	0.049	0.180	0.239
39.8/43.0	0.078/0.090	10515.82 secs	(58.50 secs)	0.029	0.049	0.173	0.260
39.8/43.0	0.079/0.090	10575.67 secs	(59.85 secs)	0.030	0.050	0.158	0.248
39.8/43.0	0.080/0.090	10633.70 secs	(58.03 secs)	0.030	0.049	0.159	0.227
39.8/43.0	0.081/0.090	10695.97 secs	(1.038 mins)	0.031	0.049	0.174	0.236
39.8/43.0	0.082/0.090	10753.53 secs	(57.56 secs)	0.030	0.048	0.161	0.251
39.8/43.0	0.083/0.090	10817.65 secs	(1.069 mins)	0.036	0.049	0.175	0.253
39.8/43.0	0.084/0.090	10878.32 secs	(1.011 mins)	0.030	0.050	0.162	0.242
39.8/43.0	0.085/0.090	10936.65 secs	(58.33 secs)	0.031	0.049	0.171	0.231
39.8/43.0	0.086/0.090	10999.43 secs	(1.046 mins)	0.038	0.050	0.184	0.250
39.8/43.0	0.087/0.090	11063.90 secs	(1.074 mins)	0.040	0.050	0.175	0.228
39.8/43.0	0.088/0.090	11129.54 secs	(1.094 mins)	0.044	0.048	0.176	0.240
39.8/43.0	0.089/0.090	11194.18 secs	(1.077 mins)	0.040	0.050	0.198	0.233
39.8/43.0	0.090/0.090	11259.35 secs	(1.086 mins)	0.047	0.048	0.178	0.254


39.9/43.0	0.070/0.090	11317.38 secs	(58.03 secs)	0.021	0.050	0.179	0.266
39.9/43.0	0.071/0.090	11371.07 secs	(53.69 secs)	0.021	0.051	0.186	0.266
39.9/43.0	0.072/0.090	11427.57 secs	(56.49 secs)	0.020	0.046	0.154	0.268
39.9/43.0	0.073/0.090	11484.34 secs	(56.77 secs)	0.023	0.050	0.174	0.259
39.9/43.0	0.074/0.090	11540.66 secs	(56.32 secs)	0.024	0.050	0.170	0.248
39.9/43.0	0.075/0.090	11596.36 secs	(55.69 secs)	0.026	0.050	0.176	0.241
39.9/43.0	0.076/0.090	11656.55 secs	(1.003 mins)	0.026	0.049	0.179	0.243
39.9/43.0	0.077/0.090	11711.96 secs	(55.41 secs)	0.028	0.049	0.173	0.240
39.9/43.0	0.078/0.090	11769.68 secs	(57.72 secs)	0.028	0.048	0.178	0.246
39.9/43.0	0.079/0.090	11827.47 secs	(57.79 secs)	0.028	0.048	0.192	0.248
39.9/43.0	0.080/0.090	11889.21 secs	(1.029 mins)	0.033	0.050	0.174	0.248
39.9/43.0	0.081/0.090	11953.46 secs	(1.071 mins)	0.033	0.050	0.167	0.229
39.9/43.0	0.082/0.090	12016.94 secs	(1.058 mins)	0.033	0.048	0.168	0.231
39.9/43.0	0.083/0.090	12076.70 secs	(59.76 secs)	0.035	0.051	0.178	0.231
39.9/43.0	0.084/0.090	12134.45 secs	(57.75 secs)	0.032	0.052	0.201	0.248
39.9/43.0	0.085/0.090	12192.80 secs	(58.34 secs)	0.031	0.049	0.171	0.230
39.9/43.0	0.086/0.090	12253.74 secs	(1.016 mins)	0.035	0.048	0.182	0.221
39.9/43.0	0.087/0.090	12323.54 secs	(1.163 mins)	0.038	0.049	0.182	0.252
39.9/43.0	0.088/0.090	12391.67 secs	(1.135 mins)	0.037	0.048	0.170	0.236
39.9/43.0	0.089/0.090	12456.61 secs	(1.082 mins)	0.043	0.048	0.182	0.253
39.9/43.0	0.090/0.090	12526.17 secs	(1.159 mins)	0.045	0.050	0.185	0.252


40.0/43.0	0.070/0.090	12582.19 secs	(56.02 secs)	0.022	0.052	0.183	0.262
40.0/43.0	0.071/0.090	12638.29 secs	(56.10 secs)	0.025	0.052	0.201	0.264
40.0/43.0	0.072/0.090	12691.83 secs	(53.54 secs)	0.020	0.050	0.162	0.240
40.0/43.0	0.073/0.090	12746.94 secs	(55.11 secs)	0.025	0.049	0.176	0.249
40.0/43.0	0.074/0.090	12802.85 secs	(55.90 secs)	0.026	0.049	0.170	0.233
40.0/43.0	0.075/0.090	12858.44 secs	(55.59 secs)	0.022	0.048	0.167	0.261
40.0/43.0	0.076/0.090	12918.87 secs	(1.007 mins)	0.025	0.046	0.181	0.239
40.0/43.0	0.077/0.090	12974.39 secs	(55.52 secs)	0.022	0.048	0.169	0.248
40.0/43.0	0.078/0.090	13033.02 secs	(58.63 secs)	0.023	0.048	0.181	0.263
40.0/43.0	0.079/0.090	13089.86 secs	(56.84 secs)	0.028	0.048	0.167	0.233
40.0/43.0	0.080/0.090	13152.13 secs	(1.038 mins)	0.029	0.049	0.167	0.230
40.0/43.0	0.081/0.090	13211.84 secs	(59.70 secs)	0.030	0.049	0.166	0.243
40.0/43.0	0.082/0.090	13273.55 secs	(1.029 mins)	0.034	0.049	0.181	0.230
40.0/43.0	0.083/0.090	13332.49 secs	(58.94 secs)	0.030	0.048	0.179	0.244
40.0/43.0	0.084/0.090	13391.05 secs	(58.56 secs)	0.037	0.049	0.175	0.246
40.0/43.0	0.085/0.090	13455.29 secs	(1.071 mins)	0.036	0.049	0.188	0.230
40.0/43.0	0.086/0.090	13516.84 secs	(1.026 mins)	0.039	0.050	0.175	0.247
40.0/43.0	0.087/0.090	13579.06 secs	(1.037 mins)	0.033	0.048	0.176	0.249
40.0/43.0	0.088/0.090	13642.62 secs	(1.059 mins)	0.042	0.050	0.164	0.232
40.0/43.0	0.089/0.090	13707.10 secs	(1.075 mins)	0.047	0.049	0.196	0.228
40.0/43.0	0.090/0.090	13775.51 secs	(1.14 mins)	0.042	0.051	0.172	0.226


40.1/43.0	0.070/0.090	13834.57 secs	(59.05 secs)	0.024	0.049	0.186	0.257
40.1/43.0	0.071/0.090	13885.88 secs	(51.31 secs)	0.017	0.052	0.167	0.271
40.1/43.0	0.072/0.090	13942.90 secs	(57.03 secs)	0.023	0.049	0.186	0.255
40.1/43.0	0.073/0.090	14001.44 secs	(58.54 secs)	0.029	0.049	0.178	0.252
40.1/43.0	0.074/0.090	14055.98 secs	(54.53 secs)	0.023	0.049	0.194	0.248
40.1/43.0	0.075/0.090	14109.73 secs	(53.76 secs)	0.024	0.049	0.173	0.249
40.1/43.0	0.076/0.090	14166.72 secs	(56.99 secs)	0.025	0.050	0.188	0.264
40.1/43.0	0.077/0.090	14224.69 secs	(57.97 secs)	0.027	0.050	0.175	0.262
40.1/43.0	0.078/0.090	14281.96 secs	(57.27 secs)	0.025	0.049	0.186	0.240
40.1/43.0	0.079/0.090	14339.15 secs	(57.19 secs)	0.029	0.048	0.185	0.249
40.1/43.0	0.080/0.090	14394.22 secs	(55.07 secs)	0.031	0.051	0.165	0.247
40.1/43.0	0.081/0.090	14458.80 secs	(1.076 mins)	0.033	0.047	0.190	0.235
40.1/43.0	0.082/0.090	14517.89 secs	(59.09 secs)	0.030	0.049	0.179	0.255
40.1/43.0	0.083/0.090	14580.14 secs	(1.038 mins)	0.037	0.049	0.186	0.258
40.1/43.0	0.084/0.090	14639.97 secs	(59.83 secs)	0.035	0.051	0.175	0.249
40.1/43.0	0.085/0.090	14703.05 secs	(1.051 mins)	0.039	0.048	0.188	0.223
40.1/43.0	0.086/0.090	14765.89 secs	(1.047 mins)	0.038	0.050	0.174	0.246
40.1/43.0	0.087/0.090	14825.96 secs	(1.001 mins)	0.040	0.051	0.179	0.247
40.1/43.0	0.088/0.090	14885.50 secs	(59.53 secs)	0.034	0.049	0.158	0.244
40.1/43.0	0.089/0.090	14950.93 secs	(1.091 mins)	0.039	0.049	0.180	0.242
40.1/43.0	0.090/0.090	15014.05 secs	(1.052 mins)	0.041	0.049	0.174	0.237


40.2/43.0	0.070/0.090	15073.02 secs	(58.97 secs)	0.021	0.050	0.163	0.255
40.2/43.0	0.071/0.090	15130.21 secs	(57.18 secs)	0.021	0.049	0.180	0.255
40.2/43.0	0.072/0.090	15186.98 secs	(56.77 secs)	0.022	0.047	0.172	0.245
40.2/43.0	0.073/0.090	15242.48 secs	(55.50 secs)	0.026	0.049	0.180	0.253
40.2/43.0	0.074/0.090	15298.68 secs	(56.20 secs)	0.025	0.049	0.182	0.238
40.2/43.0	0.075/0.090	15355.50 secs	(56.82 secs)	0.028	0.049	0.170	0.267
40.2/43.0	0.076/0.090	15413.86 secs	(58.36 secs)	0.027	0.052	0.176	0.257
40.2/43.0	0.077/0.090	15473.53 secs	(59.67 secs)	0.025	0.049	0.180	0.249
40.2/43.0	0.078/0.090	15532.79 secs	(59.27 secs)	0.030	0.048	0.174	0.224
40.2/43.0	0.079/0.090	15587.41 secs	(54.61 secs)	0.025	0.050	0.170	0.233
40.2/43.0	0.080/0.090	15647.22 secs	(59.81 secs)	0.027	0.047	0.175	0.233
40.2/43.0	0.081/0.090	15708.96 secs	(1.029 mins)	0.034	0.049	0.191	0.232
40.2/43.0	0.082/0.090	15772.78 secs	(1.064 mins)	0.033	0.049	0.180	0.231
40.2/43.0	0.083/0.090	15835.04 secs	(1.038 mins)	0.037	0.051	0.194	0.256
40.2/43.0	0.084/0.090	15898.47 secs	(1.057 mins)	0.037	0.048	0.177	0.235
40.2/43.0	0.085/0.090	15959.62 secs	(1.019 mins)	0.038	0.048	0.169	0.263
40.2/43.0	0.086/0.090	16027.69 secs	(1.135 mins)	0.042	0.050	0.171	0.225
40.2/43.0	0.087/0.090	16091.43 secs	(1.062 mins)	0.040	0.048	0.184	0.251
40.2/43.0	0.088/0.090	16154.76 secs	(1.055 mins)	0.043	0.048	0.175	0.239
40.2/43.0	0.089/0.090	16220.62 secs	(1.098 mins)	0.042	0.049	0.175	0.230
40.2/43.0	0.090/0.090	16286.98 secs	(1.106 mins)	0.044	0.050	0.168	0.244


40.3/43.0	0.070/0.090	16344.02 secs	(57.04 secs)	0.020	0.050	0.163	0.242
40.3/43.0	0.071/0.090	16400.88 secs	(56.85 secs)	0.020	0.051	0.164	0.260
40.3/43.0	0.072/0.090	16456.17 secs	(55.29 secs)	0.022	0.051	0.172	0.251
40.3/43.0	0.073/0.090	16513.39 secs	(57.23 secs)	0.022	0.049	0.168	0.256
40.3/43.0	0.074/0.090	16572.93 secs	(59.54 secs)	0.026	0.052	0.175	0.254
40.3/43.0	0.075/0.090	16627.78 secs	(54.85 secs)	0.021	0.052	0.176	0.230
40.3/43.0	0.076/0.090	16685.52 secs	(57.74 secs)	0.025	0.048	0.175	0.238
40.3/43.0	0.077/0.090	16743.68 secs	(58.16 secs)	0.026	0.049	0.172	0.268
40.3/43.0	0.078/0.090	16806.82 secs	(1.052 mins)	0.033	0.045	0.187	0.263
40.3/43.0	0.079/0.090	16870.40 secs	(1.06 mins)	0.035	0.049	0.189	0.258
40.3/43.0	0.080/0.090	16933.14 secs	(1.046 mins)	0.032	0.050	0.174	0.248
40.3/43.0	0.081/0.090	17003.75 secs	(1.177 mins)	0.034	0.050	0.186	0.247
40.3/43.0	0.082/0.090	17071.99 secs	(1.137 mins)	0.037	0.050	0.181	0.250
40.3/43.0	0.083/0.090	17142.69 secs	(1.178 mins)	0.033	0.049	0.180	0.246
40.3/43.0	0.084/0.090	17204.91 secs	(1.037 mins)	0.037	0.047	0.167	0.246
40.3/43.0	0.085/0.090	17268.27 secs	(1.056 mins)	0.042	0.049	0.178	0.258
40.3/43.0	0.086/0.090	17328.14 secs	(59.87 secs)	0.037	0.050	0.172	0.283
40.3/43.0	0.087/0.090	17394.09 secs	(1.099 mins)	0.041	0.049	0.177	0.236
40.3/43.0	0.088/0.090	17456.73 secs	(1.044 mins)	0.044	0.050	0.179	0.233
40.3/43.0	0.089/0.090	17519.45 secs	(1.045 mins)	0.038	0.047	0.167	0.239
40.3/43.0	0.090/0.090	17585.63 secs	(1.103 mins)	0.046	0.049	0.190	0.232


40.4/43.0	0.070/0.090	17638.50 secs	(52.87 secs)	0.018	0.050	0.169	0.237
40.4/43.0	0.071/0.090	17693.11 secs	(54.61 secs)	0.023	0.052	0.171	0.258
40.4/43.0	0.072/0.090	17750.20 secs	(57.09 secs)	0.024	0.049	0.161	0.270
40.4/43.0	0.073/0.090	17808.47 secs	(58.27 secs)	0.025	0.049	0.186	0.264
40.4/43.0	0.074/0.090	17865.70 secs	(57.23 secs)	0.027	0.051	0.187	0.252
40.4/43.0	0.075/0.090	17920.68 secs	(54.98 secs)	0.022	0.048	0.175	0.275
40.4/43.0	0.076/0.090	17978.53 secs	(57.85 secs)	0.026	0.051	0.173	0.272
40.4/43.0	0.077/0.090	18035.12 secs	(56.59 secs)	0.027	0.050	0.162	0.251
40.4/43.0	0.078/0.090	18096.29 secs	(1.019 mins)	0.027	0.048	0.181	0.258
40.4/43.0	0.079/0.090	18158.73 secs	(1.041 mins)	0.029	0.050	0.180	0.237
40.4/43.0	0.080/0.090	18223.08 secs	(1.072 mins)	0.028	0.049	0.167	0.238
40.4/43.0	0.081/0.090	18286.56 secs	(1.058 mins)	0.032	0.052	0.182	0.232
40.4/43.0	0.082/0.090	18350.60 secs	(1.067 mins)	0.039	0.051	0.179	0.250
40.4/43.0	0.083/0.090	18410.28 secs	(59.67 secs)	0.037	0.050	0.178	0.251
40.4/43.0	0.084/0.090	18477.17 secs	(1.115 mins)	0.042	0.050	0.183	0.238
40.4/43.0	0.085/0.090	18538.15 secs	(1.016 mins)	0.035	0.052	0.175	0.262
40.4/43.0	0.086/0.090	18599.47 secs	(1.022 mins)	0.034	0.052	0.170	0.240
40.4/43.0	0.087/0.090	18663.86 secs	(1.073 mins)	0.045	0.049	0.177	0.270
40.4/43.0	0.088/0.090	18725.76 secs	(1.032 mins)	0.042	0.052	0.184	0.241
40.4/43.0	0.089/0.090	18788.76 secs	(1.05 mins)	0.044	0.050	0.185	0.238
40.4/43.0	0.090/0.090	18855.52 secs	(1.113 mins)	0.050	0.050	0.180	0.241


40.5/43.0	0.070/0.090	18908.65 secs	(53.13 secs)	0.019	0.050	0.165	0.232
40.5/43.0	0.071/0.090	18963.14 secs	(54.49 secs)	0.024	0.049	0.183	0.258
40.5/43.0	0.072/0.090	19015.94 secs	(52.80 secs)	0.019	0.049	0.163	0.274
40.5/43.0	0.073/0.090	19071.98 secs	(56.05 secs)	0.022	0.051	0.177	0.271
40.5/43.0	0.074/0.090	19127.48 secs	(55.49 secs)	0.023	0.048	0.169	0.253
40.5/43.0	0.075/0.090	19182.32 secs	(54.85 secs)	0.023	0.050	0.177	0.254
40.5/43.0	0.076/0.090	19239.83 secs	(57.51 secs)	0.031	0.049	0.185	0.243
40.5/43.0	0.077/0.090	19299.22 secs	(59.39 secs)	0.030	0.051	0.172	0.254
40.5/43.0	0.078/0.090	19359.26 secs	(1.001 mins)	0.034	0.052	0.173	0.227
40.5/43.0	0.079/0.090	19422.33 secs	(1.051 mins)	0.035	0.050	0.187	0.246
40.5/43.0	0.080/0.090	19478.85 secs	(56.52 secs)	0.025	0.048	0.163	0.245
40.5/43.0	0.081/0.090	19536.62 secs	(57.76 secs)	0.032	0.053	0.166	0.247
40.5/43.0	0.082/0.090	19595.73 secs	(59.11 secs)	0.034	0.050	0.179	0.233
40.5/43.0	0.083/0.090	19657.89 secs	(1.036 mins)	0.035	0.049	0.190	0.249
40.5/43.0	0.084/0.090	19720.12 secs	(1.037 mins)	0.033	0.047	0.188	0.232
40.5/43.0	0.085/0.090	19783.72 secs	(1.06 mins)	0.035	0.050	0.170	0.245
40.5/43.0	0.086/0.090	19856.84 secs	(1.219 mins)	0.045	0.048	0.175	0.246
40.5/43.0	0.087/0.090	19919.03 secs	(1.037 mins)	0.041	0.050	0.178	0.250
40.5/43.0	0.088/0.090	19981.41 secs	(1.04 mins)	0.043	0.048	0.170	0.248
40.5/43.0	0.089/0.090	20045.49 secs	(1.068 mins)	0.049	0.049	0.183	0.244
40.5/43.0	0.090/0.090	20110.76 secs	(1.088 mins)	0.053	0.053	0.186	0.224


40.6/43.0	0.070/0.090	20166.35 secs	(55.59 secs)	0.025	0.051	0.196	0.259
40.6/43.0	0.071/0.090	20219.96 secs	(53.62 secs)	0.019	0.048	0.190	0.257
40.6/43.0	0.072/0.090	20273.58 secs	(53.61 secs)	0.023	0.050	0.171	0.255
40.6/43.0	0.073/0.090	20330.97 secs	(57.39 secs)	0.025	0.049	0.183	0.254
40.6/43.0	0.074/0.090	20387.40 secs	(56.43 secs)	0.024	0.048	0.170	0.241
40.6/43.0	0.075/0.090	20446.35 secs	(58.96 secs)	0.030	0.049	0.195	0.255
40.6/43.0	0.076/0.090	20499.90 secs	(53.55 secs)	0.022	0.052	0.181	0.245
40.6/43.0	0.077/0.090	20556.19 secs	(56.29 secs)	0.028	0.050	0.171	0.246
40.6/43.0	0.078/0.090	20616.29 secs	(1.002 mins)	0.029	0.050	0.192	0.237
40.6/43.0	0.079/0.090	20680.59 secs	(1.072 mins)	0.031	0.051	0.185	0.248
40.6/43.0	0.080/0.090	20745.26 secs	(1.078 mins)	0.033	0.050	0.167	0.264
40.6/43.0	0.081/0.090	20804.93 secs	(59.67 secs)	0.031	0.049	0.193	0.254
40.6/43.0	0.082/0.090	20863.87 secs	(58.94 secs)	0.032	0.049	0.177	0.240
40.6/43.0	0.083/0.090	20923.44 secs	(59.57 secs)	0.031	0.051	0.174	0.238
40.6/43.0	0.084/0.090	20988.88 secs	(1.091 mins)	0.043	0.051	0.178	0.246
40.6/43.0	0.085/0.090	21046.71 secs	(57.83 secs)	0.028	0.050	0.165	0.241
40.6/43.0	0.086/0.090	21109.92 secs	(1.054 mins)	0.041	0.048	0.180	0.236
40.6/43.0	0.087/0.090	21178.40 secs	(1.141 mins)	0.040	0.050	0.179	0.267
40.6/43.0	0.088/0.090	21243.58 secs	(1.086 mins)	0.040	0.049	0.190	0.248
40.6/43.0	0.089/0.090	21310.80 secs	(1.12 mins)	0.050	0.049	0.175	0.241
40.6/43.0	0.090/0.090	21381.22 secs	(1.174 mins)	0.046	0.049	0.188	0.237


40.7/43.0	0.070/0.090	21433.57 secs	(52.34 secs)	0.019	0.051	0.177	0.275
40.7/43.0	0.071/0.090	21491.22 secs	(57.66 secs)	0.022	0.049	0.180	0.265
40.7/43.0	0.072/0.090	21545.44 secs	(54.21 secs)	0.021	0.049	0.202	0.270
40.7/43.0	0.073/0.090	21608.73 secs	(1.055 mins)	0.031	0.048	0.187	0.256
40.7/43.0	0.074/0.090	21665.59 secs	(56.86 secs)	0.024	0.049	0.198	0.247
40.7/43.0	0.075/0.090	21723.11 secs	(57.52 secs)	0.028	0.048	0.181	0.249
40.7/43.0	0.076/0.090	21783.82 secs	(1.012 mins)	0.027	0.049	0.186	0.238
40.7/43.0	0.077/0.090	21845.84 secs	(1.034 mins)	0.027	0.049	0.175	0.264
40.7/43.0	0.078/0.090	21905.73 secs	(59.89 secs)	0.026	0.050	0.178	0.249
40.7/43.0	0.079/0.090	21966.75 secs	(1.017 mins)	0.027	0.049	0.171	0.254
40.7/43.0	0.080/0.090	22026.95 secs	(1.003 mins)	0.031	0.052	0.173	0.238
40.7/43.0	0.081/0.090	22086.89 secs	(59.94 secs)	0.027	0.050	0.173	0.246
40.7/43.0	0.082/0.090	22150.23 secs	(1.056 mins)	0.033	0.050	0.174	0.259
40.7/43.0	0.083/0.090	22212.35 secs	(1.035 mins)	0.037	0.049	0.189	0.257
40.7/43.0	0.084/0.090	22275.51 secs	(1.053 mins)	0.036	0.050	0.183	0.233
40.7/43.0	0.085/0.090	22340.04 secs	(1.075 mins)	0.037	0.049	0.172	0.232
40.7/43.0	0.086/0.090	22405.18 secs	(1.086 mins)	0.045	0.048	0.194	0.245
40.7/43.0	0.087/0.090	22471.34 secs	(1.103 mins)	0.044	0.051	0.169	0.242
40.7/43.0	0.088/0.090	22537.06 secs	(1.095 mins)	0.043	0.049	0.194	0.252
40.7/43.0	0.089/0.090	22603.91 secs	(1.114 mins)	0.042	0.049	0.175	0.227
40.7/43.0	0.090/0.090	22671.62 secs	(1.128 mins)	0.049	0.050	0.177	0.230


40.8/43.0	0.070/0.090	22726.57 secs	(54.96 secs)	0.020	0.050	0.194	0.250
40.8/43.0	0.071/0.090	22784.32 secs	(57.75 secs)	0.024	0.049	0.180	0.264
40.8/43.0	0.072/0.090	22838.82 secs	(54.50 secs)	0.019	0.049	0.175	0.258
40.8/43.0	0.073/0.090	22900.03 secs	(1.02 mins)	0.020	0.049	0.185	0.258
40.8/43.0	0.074/0.090	22959.77 secs	(59.74 secs)	0.022	0.049	0.178	0.257
40.8/43.0	0.075/0.090	23018.27 secs	(58.50 secs)	0.028	0.052	0.172	0.246
40.8/43.0	0.076/0.090	23077.53 secs	(59.26 secs)	0.029	0.050	0.173	0.260
40.8/43.0	0.077/0.090	23140.26 secs	(1.045 mins)	0.029	0.047	0.166	0.243
40.8/43.0	0.078/0.090	23198.81 secs	(58.55 secs)	0.032	0.049	0.193	0.250
40.8/43.0	0.079/0.090	23261.41 secs	(1.043 mins)	0.033	0.050	0.175	0.252
40.8/43.0	0.080/0.090	23322.83 secs	(1.024 mins)	0.034	0.049	0.207	0.260
40.8/43.0	0.081/0.090	23385.14 secs	(1.039 mins)	0.035	0.048	0.189	0.254
40.8/43.0	0.082/0.090	23446.16 secs	(1.017 mins)	0.033	0.050	0.176	0.247
40.8/43.0	0.083/0.090	23510.37 secs	(1.07 mins)	0.038	0.050	0.190	0.264
40.8/43.0	0.084/0.090	23573.18 secs	(1.047 mins)	0.037	0.051	0.174	0.264
40.8/43.0	0.085/0.090	23637.74 secs	(1.076 mins)	0.041	0.051	0.181	0.264
40.8/43.0	0.086/0.090	23701.85 secs	(1.069 mins)	0.040	0.049	0.195	0.262
40.8/43.0	0.087/0.090	23764.36 secs	(1.042 mins)	0.037	0.050	0.162	0.239
40.8/43.0	0.088/0.090	23828.04 secs	(1.061 mins)	0.038	0.049	0.165	0.260
40.8/43.0	0.089/0.090	23898.27 secs	(1.17 mins)	0.048	0.050	0.169	0.260
40.8/43.0	0.090/0.090	23963.24 secs	(1.083 mins)	0.042	0.050	0.180	0.232


40.9/43.0	0.070/0.090	24017.53 secs	(54.29 secs)	0.021	0.048	0.181	0.261
40.9/43.0	0.071/0.090	24089.31 secs	(1.196 mins)	0.028	0.049	0.181	0.258
40.9/43.0	0.072/0.090	24152.73 secs	(1.057 mins)	0.025	0.048	0.187	0.240
40.9/43.0	0.073/0.090	24212.53 secs	(59.79 secs)	0.029	0.051	0.186	0.246
40.9/43.0	0.074/0.090	24270.30 secs	(57.77 secs)	0.023	0.050	0.174	0.236
40.9/43.0	0.075/0.090	24328.18 secs	(57.88 secs)	0.026	0.049	0.183	0.263
40.9/43.0	0.076/0.090	24385.43 secs	(57.25 secs)	0.025	0.051	0.189	0.275
40.9/43.0	0.077/0.090	24439.16 secs	(53.73 secs)	0.021	0.049	0.185	0.251
40.9/43.0	0.078/0.090	24501.53 secs	(1.04 mins)	0.029	0.051	0.177	0.263
40.9/43.0	0.079/0.090	24565.10 secs	(1.059 mins)	0.032	0.050	0.171	0.247
40.9/43.0	0.080/0.090	24625.29 secs	(1.003 mins)	0.035	0.049	0.186	0.240
40.9/43.0	0.081/0.090	24691.19 secs	(1.098 mins)	0.033	0.048	0.176	0.252
40.9/43.0	0.082/0.090	24758.11 secs	(1.115 mins)	0.039	0.049	0.183	0.236
40.9/43.0	0.083/0.090	24822.45 secs	(1.072 mins)	0.038	0.049	0.176	0.272
40.9/43.0	0.084/0.090	24884.60 secs	(1.036 mins)	0.038	0.051	0.179	0.254
40.9/43.0	0.085/0.090	24956.51 secs	(1.198 mins)	0.049	0.048	0.197	0.234
40.9/43.0	0.086/0.090	25026.37 secs	(1.164 mins)	0.039	0.050	0.169	0.252
40.9/43.0	0.087/0.090	25090.21 secs	(1.064 mins)	0.041	0.048	0.183	0.248
40.9/43.0	0.088/0.090	25158.72 secs	(1.142 mins)	0.046	0.052	0.187	0.248
40.9/43.0	0.089/0.090	25227.81 secs	(1.152 mins)	0.042	0.049	0.194	0.233
40.9/43.0	0.090/0.090	25298.55 secs	(1.179 mins)	0.044	0.049	0.190	0.229


41.0/43.0	0.070/0.090	25354.55 secs	(56.00 secs)	0.023	0.051	0.180	0.258
41.0/43.0	0.071/0.090	25411.67 secs	(57.12 secs)	0.021	0.047	0.179	0.264
41.0/43.0	0.072/0.090	25477.76 secs	(1.101 mins)	0.019	0.049	0.184	0.265
41.0/43.0	0.073/0.090	25533.57 secs	(55.81 secs)	0.024	0.052	0.174	0.242
41.0/43.0	0.074/0.090	25592.82 secs	(59.26 secs)	0.026	0.049	0.183	0.258
41.0/43.0	0.075/0.090	25651.47 secs	(58.65 secs)	0.025	0.051	0.163	0.268
41.0/43.0	0.076/0.090	25710.39 secs	(58.92 secs)	0.029	0.050	0.165	0.251
41.0/43.0	0.077/0.090	25770.26 secs	(59.87 secs)	0.028	0.048	0.193	0.252
41.0/43.0	0.078/0.090	25830.76 secs	(1.008 mins)	0.028	0.051	0.185	0.259
41.0/43.0	0.079/0.090	25892.33 secs	(1.026 mins)	0.034	0.048	0.180	0.245
41.0/43.0	0.080/0.090	25952.95 secs	(1.01 mins)	0.028	0.052	0.174	0.268
41.0/43.0	0.081/0.090	26013.52 secs	(1.009 mins)	0.036	0.049	0.182	0.255
41.0/43.0	0.082/0.090	26078.50 secs	(1.083 mins)	0.033	0.049	0.178	0.243
41.0/43.0	0.083/0.090	26142.39 secs	(1.065 mins)	0.037	0.046	0.195	0.259
41.0/43.0	0.084/0.090	26204.71 secs	(1.039 mins)	0.031	0.050	0.173	0.239
41.0/43.0	0.085/0.090	26271.69 secs	(1.116 mins)	0.039	0.049	0.177	0.235
41.0/43.0	0.086/0.090	26332.43 secs	(1.012 mins)	0.035	0.049	0.180	0.259
41.0/43.0	0.087/0.090	26393.38 secs	(1.016 mins)	0.035	0.050	0.177	0.245
41.0/43.0	0.088/0.090	26457.51 secs	(1.069 mins)	0.043	0.051	0.181	0.252
41.0/43.0	0.089/0.090	26526.42 secs	(1.149 mins)	0.054	0.050	0.201	0.252
41.0/43.0	0.090/0.090	26595.08 secs	(1.144 mins)	0.047	0.050	0.194	0.256


41.1/43.0	0.070/0.090	26656.69 secs	(1.027 mins)	0.024	0.049	0.198	0.244
41.1/43.0	0.071/0.090	26713.31 secs	(56.61 secs)	0.025	0.048	0.177	0.247
41.1/43.0	0.072/0.090	26767.32 secs	(54.01 secs)	0.023	0.050	0.177	0.261
41.1/43.0	0.073/0.090	26827.11 secs	(59.79 secs)	0.028	0.050	0.173	0.255
41.1/43.0	0.074/0.090	26888.72 secs	(1.027 mins)	0.025	0.049	0.192	0.247
41.1/43.0	0.075/0.090	26948.81 secs	(1.001 mins)	0.024	0.051	0.194	0.255
41.1/43.0	0.076/0.090	27006.89 secs	(58.09 secs)	0.028	0.051	0.171	0.262
41.1/43.0	0.077/0.090	27068.03 secs	(1.019 mins)	0.025	0.049	0.172	0.255
41.1/43.0	0.078/0.090	27126.36 secs	(58.34 secs)	0.030	0.049	0.167	0.249
41.1/43.0	0.079/0.090	27185.03 secs	(58.67 secs)	0.025	0.048	0.163	0.258
41.1/43.0	0.080/0.090	27250.14 secs	(1.085 mins)	0.032	0.050	0.179	0.251
41.1/43.0	0.081/0.090	27315.98 secs	(1.097 mins)	0.032	0.050	0.182	0.256
41.1/43.0	0.082/0.090	27375.37 secs	(59.39 secs)	0.037	0.049	0.194	0.244
41.1/43.0	0.083/0.090	27439.13 secs	(1.063 mins)	0.038	0.051	0.174	0.241
41.1/43.0	0.084/0.090	27502.56 secs	(1.057 mins)	0.034	0.052	0.191	0.254
41.1/43.0	0.085/0.090	27566.00 secs	(1.057 mins)	0.041	0.053	0.182	0.235
41.1/43.0	0.086/0.090	27637.82 secs	(1.197 mins)	0.042	0.051	0.175	0.251
41.1/43.0	0.087/0.090	27707.10 secs	(1.155 mins)	0.039	0.051	0.189	0.250
41.1/43.0	0.088/0.090	27774.72 secs	(1.127 mins)	0.040	0.051	0.174	0.257
41.1/43.0	0.089/0.090	27843.30 secs	(1.143 mins)	0.048	0.054	0.180	0.228
41.1/43.0	0.090/0.090	27908.35 secs	(1.084 mins)	0.043	0.050	0.184	0.244


41.2/43.0	0.070/0.090	27966.04 secs	(57.68 secs)	0.020	0.050	0.178	0.248
41.2/43.0	0.071/0.090	28023.15 secs	(57.12 secs)	0.021	0.048	0.169	0.264
41.2/43.0	0.072/0.090	28079.20 secs	(56.05 secs)	0.022	0.048	0.175	0.257
41.2/43.0	0.073/0.090	28137.68 secs	(58.48 secs)	0.028	0.053	0.184	0.259
41.2/43.0	0.074/0.090	28199.68 secs	(1.033 mins)	0.027	0.048	0.169	0.245
41.2/43.0	0.075/0.090	28258.18 secs	(58.50 secs)	0.027	0.050	0.185	0.261
41.2/43.0	0.076/0.090	28320.96 secs	(1.046 mins)	0.032	0.052	0.198	0.262
41.2/43.0	0.077/0.090	28376.09 secs	(55.13 secs)	0.025	0.048	0.181	0.271
41.2/43.0	0.078/0.090	28434.88 secs	(58.78 secs)	0.031	0.047	0.180	0.260
41.2/43.0	0.079/0.090	28491.69 secs	(56.81 secs)	0.030	0.050	0.179	0.244
41.2/43.0	0.080/0.090	28556.62 secs	(1.082 mins)	0.031	0.046	0.199	0.254
41.2/43.0	0.081/0.090	28627.20 secs	(1.176 mins)	0.032	0.049	0.177	0.249
41.2/43.0	0.082/0.090	28693.30 secs	(1.102 mins)	0.040	0.049	0.181	0.249
41.2/43.0	0.083/0.090	28757.24 secs	(1.066 mins)	0.035	0.051	0.165	0.251
41.2/43.0	0.084/0.090	28821.08 secs	(1.064 mins)	0.038	0.050	0.190	0.247
41.2/43.0	0.085/0.090	28898.77 secs	(1.295 mins)	0.046	0.051	0.187	0.266
41.2/43.0	0.086/0.090	28970.00 secs	(1.187 mins)	0.042	0.047	0.171	0.241
41.2/43.0	0.087/0.090	29040.89 secs	(1.182 mins)	0.049	0.052	0.201	0.238
41.2/43.0	0.088/0.090	29113.41 secs	(1.209 mins)	0.049	0.051	0.177	0.241
41.2/43.0	0.089/0.090	29178.17 secs	(1.079 mins)	0.042	0.048	0.185	0.275
41.2/43.0	0.090/0.090	29241.52 secs	(1.056 mins)	0.049	0.051	0.184	0.237


41.3/43.0	0.070/0.090	29298.02 secs	(56.49 secs)	0.025	0.049	0.209	0.276
41.3/43.0	0.071/0.090	29355.51 secs	(57.49 secs)	0.024	0.051	0.192	0.265
41.3/43.0	0.072/0.090	29411.66 secs	(56.15 secs)	0.023	0.049	0.181	0.261
41.3/43.0	0.073/0.090	29470.13 secs	(58.47 secs)	0.024	0.048	0.185	0.241
41.3/43.0	0.074/0.090	29529.79 secs	(59.65 secs)	0.027	0.049	0.185	0.261
41.3/43.0	0.075/0.090	29588.40 secs	(58.61 secs)	0.027	0.049	0.173	0.253
41.3/43.0	0.076/0.090	29650.78 secs	(1.04 mins)	0.027	0.049	0.194	0.253
41.3/43.0	0.077/0.090	29711.50 secs	(1.012 mins)	0.031	0.050	0.182	0.247
41.3/43.0	0.078/0.090	29771.17 secs	(59.66 secs)	0.029	0.048	0.174	0.255
41.3/43.0	0.079/0.090	29831.77 secs	(1.01 mins)	0.028	0.053	0.178	0.253
41.3/43.0	0.080/0.090	29894.62 secs	(1.047 mins)	0.036	0.049	0.178	0.245
41.3/43.0	0.081/0.090	29956.29 secs	(1.028 mins)	0.036	0.052	0.187	0.260
41.3/43.0	0.082/0.090	30020.53 secs	(1.071 mins)	0.035	0.054	0.156	0.250
41.3/43.0	0.083/0.090	30082.67 secs	(1.036 mins)	0.036	0.049	0.180	0.248
41.3/43.0	0.084/0.090	30144.15 secs	(1.025 mins)	0.043	0.050	0.187	0.247
41.3/43.0	0.085/0.090	30205.10 secs	(1.016 mins)	0.034	0.049	0.175	0.241
41.3/43.0	0.086/0.090	30303.57 secs	(1.641 mins)	0.043	0.050	0.170	0.251
41.3/43.0	0.087/0.090	30371.69 secs	(1.135 mins)	0.039	0.050	0.183	0.252
41.3/43.0	0.088/0.090	30442.80 secs	(1.185 mins)	0.047	0.047	0.175	0.223
41.3/43.0	0.089/0.090	30510.09 secs	(1.121 mins)	0.045	0.049	0.178	0.237
41.3/43.0	0.090/0.090	30586.73 secs	(1.277 mins)	0.049	0.050	0.178	0.247


41.4/43.0	0.070/0.090	30641.65 secs	(54.92 secs)	0.019	0.049	0.189	0.257
41.4/43.0	0.071/0.090	30699.40 secs	(57.75 secs)	0.023	0.046	0.192	0.267
41.4/43.0	0.072/0.090	30760.17 secs	(1.013 mins)	0.025	0.050	0.180	0.245
41.4/43.0	0.073/0.090	30817.22 secs	(57.06 secs)	0.025	0.051	0.182	0.248
41.4/43.0	0.074/0.090	30879.17 secs	(1.032 mins)	0.033	0.052	0.191	0.277
41.4/43.0	0.075/0.090	30934.92 secs	(55.76 secs)	0.024	0.048	0.180	0.254
41.4/43.0	0.076/0.090	30999.53 secs	(1.077 mins)	0.030	0.050	0.185	0.258
41.4/43.0	0.077/0.090	31061.07 secs	(1.026 mins)	0.032	0.050	0.171	0.237
41.4/43.0	0.078/0.090	31120.33 secs	(59.26 secs)	0.027	0.050	0.188	0.257
41.4/43.0	0.079/0.090	31185.58 secs	(1.087 mins)	0.032	0.048	0.181	0.248
41.4/43.0	0.080/0.090	31246.24 secs	(1.011 mins)	0.029	0.048	0.175	0.255
41.4/43.0	0.081/0.090	31308.83 secs	(1.043 mins)	0.033	0.052	0.165	0.251
41.4/43.0	0.082/0.090	31375.86 secs	(1.117 mins)	0.038	0.050	0.193	0.257
41.4/43.0	0.083/0.090	31439.78 secs	(1.065 mins)	0.038	0.049	0.169	0.246
41.4/43.0	0.084/0.090	31509.24 secs	(1.158 mins)	0.043	0.052	0.191	0.283
41.4/43.0	0.085/0.090	31571.55 secs	(1.039 mins)	0.038	0.051	0.198	0.254
41.4/43.0	0.086/0.090	31644.39 secs	(1.214 mins)	0.044	0.052	0.181	0.252
41.4/43.0	0.087/0.090	31706.45 secs	(1.034 mins)	0.042	0.049	0.189	0.231
41.4/43.0	0.088/0.090	31773.20 secs	(1.113 mins)	0.043	0.051	0.176	0.244
41.4/43.0	0.089/0.090	31841.21 secs	(1.134 mins)	0.049	0.049	0.177	0.236
41.4/43.0	0.090/0.090	31906.28 secs	(1.084 mins)	0.047	0.049	0.183	0.252


41.5/43.0	0.070/0.090	31960.83 secs	(54.54 secs)	0.021	0.048	0.198	0.256
41.5/43.0	0.071/0.090	32021.14 secs	(1.005 mins)	0.025	0.049	0.176	0.259
41.5/43.0	0.072/0.090	32076.30 secs	(55.16 secs)	0.019	0.047	0.180	0.258
41.5/43.0	0.073/0.090	32135.91 secs	(59.62 secs)	0.024	0.049	0.188	0.252
41.5/43.0	0.074/0.090	32193.02 secs	(57.11 secs)	0.023	0.048	0.183	0.268
41.5/43.0	0.075/0.090	32252.17 secs	(59.15 secs)	0.026	0.051	0.181	0.272
41.5/43.0	0.076/0.090	32312.11 secs	(59.94 secs)	0.026	0.049	0.184	0.252
41.5/43.0	0.077/0.090	32375.25 secs	(1.052 mins)	0.031	0.048	0.181	0.250
41.5/43.0	0.078/0.090	32436.01 secs	(1.013 mins)	0.028	0.051	0.191	0.239
41.5/43.0	0.079/0.090	32502.24 secs	(1.104 mins)	0.037	0.048	0.187	0.261
41.5/43.0	0.080/0.090	32563.80 secs	(1.026 mins)	0.029	0.049	0.186	0.257
41.5/43.0	0.081/0.090	32627.62 secs	(1.064 mins)	0.032	0.048	0.174	0.262
41.5/43.0	0.082/0.090	32688.96 secs	(1.022 mins)	0.035	0.051	0.173	0.241
41.5/43.0	0.083/0.090	32750.15 secs	(1.02 mins)	0.040	0.049	0.186	0.271
41.5/43.0	0.084/0.090	32815.23 secs	(1.085 mins)	0.040	0.050	0.188	0.249
41.5/43.0	0.085/0.090	32881.77 secs	(1.109 mins)	0.044	0.052	0.193	0.239
41.5/43.0	0.086/0.090	32948.58 secs	(1.113 mins)	0.045	0.048	0.187	0.259
41.5/43.0	0.087/0.090	33013.58 secs	(1.083 mins)	0.036	0.052	0.190	0.261
41.5/43.0	0.088/0.090	33083.47 secs	(1.165 mins)	0.046	0.052	0.177	0.254
41.5/43.0	0.089/0.090	33147.73 secs	(1.071 mins)	0.047	0.048	0.195	0.238
41.5/43.0	0.090/0.090	33212.42 secs	(1.078 mins)	0.045	0.050	0.177	0.273


41.6/43.0	0.070/0.090	33266.72 secs	(54.30 secs)	0.022	0.051	0.179	0.263
41.6/43.0	0.071/0.090	33320.35 secs	(53.63 secs)	0.022	0.049	0.185	0.261
41.6/43.0	0.072/0.090	33376.10 secs	(55.75 secs)	0.026	0.047	0.178	0.272
41.6/43.0	0.073/0.090	33432.13 secs	(56.03 secs)	0.023	0.050	0.202	0.259
41.6/43.0	0.074/0.090	33487.82 secs	(55.69 secs)	0.024	0.049	0.180	0.285
41.6/43.0	0.075/0.090	33549.92 secs	(1.035 mins)	0.025	0.050	0.184	0.255
41.6/43.0	0.076/0.090	33613.75 secs	(1.064 mins)	0.029	0.048	0.193	0.263
41.6/43.0	0.077/0.090	33676.17 secs	(1.04 mins)	0.024	0.051	0.197	0.265
41.6/43.0	0.078/0.090	33741.29 secs	(1.085 mins)	0.029	0.051	0.180	0.242
41.6/43.0	0.079/0.090	33818.66 secs	(1.289 mins)	0.035	0.049	0.185	0.233
41.6/43.0	0.080/0.090	33883.23 secs	(1.076 mins)	0.031	0.051	0.177	0.257
41.6/43.0	0.081/0.090	33947.00 secs	(1.063 mins)	0.036	0.050	0.177	0.250
41.6/43.0	0.082/0.090	34016.60 secs	(1.16 mins)	0.041	0.049	0.185	0.245
41.6/43.0	0.083/0.090	34079.83 secs	(1.054 mins)	0.037	0.049	0.190	0.262
41.6/43.0	0.084/0.090	34143.95 secs	(1.069 mins)	0.039	0.051	0.185	0.260
41.6/43.0	0.085/0.090	34210.48 secs	(1.109 mins)	0.040	0.051	0.198	0.252
41.6/43.0	0.086/0.090	34274.42 secs	(1.066 mins)	0.049	0.050	0.203	0.253
41.6/43.0	0.087/0.090	34332.97 secs	(58.55 secs)	0.038	0.052	0.184	0.254
41.6/43.0	0.088/0.090	34398.67 secs	(1.095 mins)	0.053	0.050	0.198	0.248
41.6/43.0	0.089/0.090	34471.87 secs	(1.22 mins)	0.053	0.051	0.203	0.264
41.6/43.0	0.090/0.090	34533.61 secs	(1.029 mins)	0.045	0.049	0.178	0.254


41.7/43.0	0.070/0.090	34598.11 secs	(1.075 mins)	0.025	0.050	0.184	0.268
41.7/43.0	0.071/0.090	34658.74 secs	(1.01 mins)	0.023	0.050	0.180	0.265
41.7/43.0	0.072/0.090	34713.92 secs	(55.18 secs)	0.025	0.051	0.193	0.277
41.7/43.0	0.073/0.090	34766.07 secs	(52.15 secs)	0.021	0.049	0.173	0.274
41.7/43.0	0.074/0.090	34821.41 secs	(55.34 secs)	0.026	0.048	0.178	0.257
41.7/43.0	0.075/0.090	34882.39 secs	(1.016 mins)	0.031	0.049	0.209	0.248
41.7/43.0	0.076/0.090	34935.69 secs	(53.31 secs)	0.022	0.048	0.174	0.248
41.7/43.0	0.077/0.090	34998.25 secs	(1.043 mins)	0.029	0.048	0.185	0.266
41.7/43.0	0.078/0.090	35061.34 secs	(1.051 mins)	0.031	0.049	0.186	0.253
41.7/43.0	0.079/0.090	35121.13 secs	(59.80 secs)	0.030	0.051	0.183	0.247
41.7/43.0	0.080/0.090	35184.26 secs	(1.052 mins)	0.039	0.049	0.178	0.246
41.7/43.0	0.081/0.090	35244.00 secs	(59.74 secs)	0.034	0.049	0.184	0.233
41.7/43.0	0.082/0.090	35303.88 secs	(59.88 secs)	0.030	0.051	0.197	0.258
41.7/43.0	0.083/0.090	35367.69 secs	(1.064 mins)	0.047	0.050	0.195	0.251
41.7/43.0	0.084/0.090	35433.56 secs	(1.098 mins)	0.039	0.048	0.205	0.249
41.7/43.0	0.085/0.090	35492.63 secs	(59.07 secs)	0.036	0.054	0.189	0.254
41.7/43.0	0.086/0.090	35560.34 secs	(1.129 mins)	0.042	0.048	0.189	0.249
41.7/43.0	0.087/0.090	35623.81 secs	(1.058 mins)	0.041	0.050	0.177	0.261
41.7/43.0	0.088/0.090	35689.55 secs	(1.096 mins)	0.055	0.050	0.200	0.247
41.7/43.0	0.089/0.090	35761.29 secs	(1.196 mins)	0.040	0.051	0.153	0.262
41.7/43.0	0.090/0.090	35826.86 secs	(1.093 mins)	0.048	0.052	0.207	0.257


41.8/43.0	0.070/0.090	35884.17 secs	(57.32 secs)	0.021	0.050	0.186	0.253
41.8/43.0	0.071/0.090	35939.86 secs	(55.68 secs)	0.026	0.048	0.193	0.252
41.8/43.0	0.072/0.090	35999.77 secs	(59.91 secs)	0.024	0.049	0.191	0.264
41.8/43.0	0.073/0.090	36054.29 secs	(54.53 secs)	0.023	0.052	0.197	0.262
41.8/43.0	0.074/0.090	36108.73 secs	(54.44 secs)	0.026	0.049	0.200	0.243
41.8/43.0	0.075/0.090	36166.26 secs	(57.52 secs)	0.029	0.049	0.203	0.261
41.8/43.0	0.076/0.090	36224.85 secs	(58.59 secs)	0.026	0.052	0.183	0.250
41.8/43.0	0.077/0.090	36285.60 secs	(1.013 mins)	0.029	0.050	0.194	0.252
41.8/43.0	0.078/0.090	36343.67 secs	(58.06 secs)	0.034	0.050	0.205	0.252
41.8/43.0	0.079/0.090	36408.80 secs	(1.086 mins)	0.032	0.046	0.185	0.257
41.8/43.0	0.080/0.090	36466.74 secs	(57.94 secs)	0.031	0.048	0.174	0.243
41.8/43.0	0.081/0.090	36528.78 secs	(1.034 mins)	0.037	0.051	0.186	0.236
41.8/43.0	0.082/0.090	36589.70 secs	(1.015 mins)	0.035	0.048	0.177	0.256
41.8/43.0	0.083/0.090	36652.42 secs	(1.045 mins)	0.043	0.051	0.192	0.249
41.8/43.0	0.084/0.090	36717.95 secs	(1.092 mins)	0.042	0.052	0.194	0.227
41.8/43.0	0.085/0.090	36779.77 secs	(1.03 mins)	0.042	0.048	0.201	0.248
41.8/43.0	0.086/0.090	36841.11 secs	(1.022 mins)	0.046	0.051	0.184	0.256
41.8/43.0	0.087/0.090	36906.46 secs	(1.089 mins)	0.043	0.050	0.181	0.241
41.8/43.0	0.088/0.090	36969.57 secs	(1.052 mins)	0.045	0.048	0.175	0.257
41.8/43.0	0.089/0.090	37036.46 secs	(1.115 mins)	0.052	0.051	0.176	0.254
41.8/43.0	0.090/0.090	37102.71 secs	(1.104 mins)	0.057	0.049	0.178	0.236


41.9/43.0	0.070/0.090	37158.57 secs	(55.86 secs)	0.024	0.049	0.179	0.250
41.9/43.0	0.071/0.090	37216.24 secs	(57.67 secs)	0.025	0.049	0.184	0.264
41.9/43.0	0.072/0.090	37271.78 secs	(55.55 secs)	0.024	0.051	0.195	0.268
41.9/43.0	0.073/0.090	37328.01 secs	(56.22 secs)	0.028	0.050	0.181	0.242
41.9/43.0	0.074/0.090	37382.45 secs	(54.44 secs)	0.024	0.048	0.192	0.266
41.9/43.0	0.075/0.090	37442.41 secs	(59.96 secs)	0.027	0.050	0.175	0.264
41.9/43.0	0.076/0.090	37495.69 secs	(53.28 secs)	0.024	0.051	0.165	0.252
41.9/43.0	0.077/0.090	37555.36 secs	(59.66 secs)	0.034	0.049	0.193	0.254
41.9/43.0	0.078/0.090	37612.71 secs	(57.35 secs)	0.028	0.048	0.176	0.267
41.9/43.0	0.079/0.090	37675.95 secs	(1.054 mins)	0.036	0.049	0.204	0.253
41.9/43.0	0.080/0.090	37739.75 secs	(1.063 mins)	0.031	0.050	0.175	0.245
41.9/43.0	0.081/0.090	37801.54 secs	(1.03 mins)	0.032	0.052	0.184	0.250
41.9/43.0	0.082/0.090	37871.69 secs	(1.169 mins)	0.028	0.052	0.194	0.260
41.9/43.0	0.083/0.090	37930.16 secs	(58.47 secs)	0.033	0.049	0.191	0.268
41.9/43.0	0.084/0.090	37996.80 secs	(1.111 mins)	0.043	0.049	0.191	0.248
41.9/43.0	0.085/0.090	38057.94 secs	(1.019 mins)	0.044	0.050	0.183	0.233
41.9/43.0	0.086/0.090	38124.93 secs	(1.117 mins)	0.041	0.049	0.174	0.247
41.9/43.0	0.087/0.090	38188.61 secs	(1.061 mins)	0.043	0.050	0.192	0.235
41.9/43.0	0.088/0.090	38250.60 secs	(1.033 mins)	0.048	0.049	0.183	0.255
41.9/43.0	0.089/0.090	38320.63 secs	(1.167 mins)	0.052	0.049	0.200	0.242
41.9/43.0	0.090/0.090	38384.28 secs	(1.061 mins)	0.050	0.050	0.189	0.248


42.0/43.0	0.070/0.090	38437.32 secs	(53.04 secs)	0.023	0.048	0.165	0.231
42.0/43.0	0.071/0.090	38492.52 secs	(55.21 secs)	0.025	0.051	0.203	0.269
42.0/43.0	0.072/0.090	38555.48 secs	(1.049 mins)	0.026	0.050	0.177	0.263
42.0/43.0	0.073/0.090	38615.23 secs	(59.75 secs)	0.027	0.051	0.186	0.246
42.0/43.0	0.074/0.090	38673.29 secs	(58.06 secs)	0.030	0.048	0.192	0.257
42.0/43.0	0.075/0.090	38729.24 secs	(55.95 secs)	0.027	0.051	0.176	0.274
42.0/43.0	0.076/0.090	38787.29 secs	(58.05 secs)	0.023	0.051	0.186	0.276
42.0/43.0	0.077/0.090	38847.88 secs	(1.01 mins)	0.031	0.049	0.189	0.264
42.0/43.0	0.078/0.090	38903.98 secs	(56.10 secs)	0.028	0.049	0.173	0.251
42.0/43.0	0.079/0.090	38961.18 secs	(57.20 secs)	0.032	0.051	0.183	0.254
42.0/43.0	0.080/0.090	39021.82 secs	(1.011 mins)	0.035	0.052	0.206	0.266
42.0/43.0	0.081/0.090	39080.16 secs	(58.34 secs)	0.037	0.048	0.190	0.273
42.0/43.0	0.082/0.090	39140.17 secs	(1.00 mins)	0.039	0.051	0.194	0.250
42.0/43.0	0.083/0.090	39201.60 secs	(1.024 mins)	0.038	0.049	0.188	0.251
42.0/43.0	0.084/0.090	39261.06 secs	(59.47 secs)	0.043	0.052	0.196	0.252
42.0/43.0	0.085/0.090	39324.20 secs	(1.052 mins)	0.041	0.049	0.202	0.261
42.0/43.0	0.086/0.090	39387.30 secs	(1.052 mins)	0.039	0.048	0.170	0.248
42.0/43.0	0.087/0.090	39447.78 secs	(1.008 mins)	0.037	0.050	0.179	0.270
42.0/43.0	0.088/0.090	39507.37 secs	(59.58 secs)	0.042	0.051	0.193	0.247
42.0/43.0	0.089/0.090	39572.92 secs	(1.093 mins)	0.048	0.051	0.192	0.239
42.0/43.0	0.090/0.090	39642.73 secs	(1.163 mins)	0.055	0.050	0.193	0.254


42.1/43.0	0.070/0.090	39693.49 secs	(50.76 secs)	0.021	0.051	0.195	0.265
42.1/43.0	0.071/0.090	39752.07 secs	(58.59 secs)	0.023	0.046	0.173	0.262
42.1/43.0	0.072/0.090	39805.28 secs	(53.21 secs)	0.026	0.050	0.185	0.263
42.1/43.0	0.073/0.090	39858.77 secs	(53.49 secs)	0.024	0.050	0.190	0.270
42.1/43.0	0.074/0.090	39913.23 secs	(54.46 secs)	0.025	0.051	0.184	0.271
42.1/43.0	0.075/0.090	39973.37 secs	(1.002 mins)	0.024	0.051	0.184	0.269
42.1/43.0	0.076/0.090	40032.64 secs	(59.28 secs)	0.034	0.049	0.203	0.272
42.1/43.0	0.077/0.090	40088.90 secs	(56.26 secs)	0.029	0.052	0.179	0.258
42.1/43.0	0.078/0.090	40146.95 secs	(58.05 secs)	0.033	0.050	0.190	0.242
42.1/43.0	0.079/0.090	40209.65 secs	(1.045 mins)	0.030	0.049	0.192	0.265
42.1/43.0	0.080/0.090	40272.97 secs	(1.055 mins)	0.034	0.050	0.179	0.256
42.1/43.0	0.081/0.090	40327.62 secs	(54.65 secs)	0.031	0.051	0.173	0.236
42.1/43.0	0.082/0.090	40392.33 secs	(1.078 mins)	0.041	0.050	0.199	0.248
42.1/43.0	0.083/0.090	40452.79 secs	(1.008 mins)	0.037	0.049	0.173	0.259
42.1/43.0	0.084/0.090	40516.22 secs	(1.057 mins)	0.040	0.047	0.189	0.250
42.1/43.0	0.085/0.090	40580.14 secs	(1.065 mins)	0.045	0.050	0.183	0.275
42.1/43.0	0.086/0.090	40638.44 secs	(58.30 secs)	0.040	0.051	0.178	0.245
42.1/43.0	0.087/0.090	40699.03 secs	(1.01 mins)	0.036	0.048	0.168	0.248
42.1/43.0	0.088/0.090	40764.74 secs	(1.095 mins)	0.049	0.047	0.183	0.239
42.1/43.0	0.089/0.090	40827.41 secs	(1.044 mins)	0.047	0.052	0.204	0.264
42.1/43.0	0.090/0.090	40890.19 secs	(1.046 mins)	0.042	0.049	0.194	0.264


42.2/43.0	0.070/0.090	40944.18 secs	(53.99 secs)	0.023	0.052	0.179	0.253
42.2/43.0	0.071/0.090	41001.57 secs	(57.38 secs)	0.029	0.050	0.199	0.279
42.2/43.0	0.072/0.090	41057.16 secs	(55.59 secs)	0.025	0.050	0.175	0.260
42.2/43.0	0.073/0.090	41111.87 secs	(54.72 secs)	0.026	0.049	0.196	0.251
42.2/43.0	0.074/0.090	41171.51 secs	(59.64 secs)	0.027	0.049	0.196	0.262
42.2/43.0	0.075/0.090	41229.92 secs	(58.41 secs)	0.033	0.050	0.202	0.250
42.2/43.0	0.076/0.090	41291.29 secs	(1.023 mins)	0.032	0.052	0.178	0.279
42.2/43.0	0.077/0.090	41351.64 secs	(1.006 mins)	0.030	0.049	0.203	0.272
42.2/43.0	0.078/0.090	41410.76 secs	(59.11 secs)	0.030	0.050	0.196	0.259
42.2/43.0	0.079/0.090	41472.17 secs	(1.023 mins)	0.031	0.051	0.180	0.243
42.2/43.0	0.080/0.090	41528.73 secs	(56.57 secs)	0.034	0.049	0.196	0.256
42.2/43.0	0.081/0.090	41588.33 secs	(59.59 secs)	0.032	0.051	0.177	0.256
42.2/43.0	0.082/0.090	41651.24 secs	(1.049 mins)	0.040	0.050	0.212	0.245
42.2/43.0	0.083/0.090	41711.34 secs	(1.002 mins)	0.040	0.050	0.184	0.255
42.2/43.0	0.084/0.090	41776.22 secs	(1.081 mins)	0.041	0.050	0.184	0.249
42.2/43.0	0.085/0.090	41839.81 secs	(1.06 mins)	0.043	0.054	0.188	0.245
42.2/43.0	0.086/0.090	41902.78 secs	(1.05 mins)	0.041	0.049	0.181	0.232
42.2/43.0	0.087/0.090	41965.89 secs	(1.052 mins)	0.043	0.046	0.180	0.239
42.2/43.0	0.088/0.090	42032.05 secs	(1.103 mins)	0.048	0.050	0.189	0.258
42.2/43.0	0.089/0.090	42095.21 secs	(1.053 mins)	0.049	0.048	0.191	0.258
42.2/43.0	0.090/0.090	42168.50 secs	(1.221 mins)	0.051	0.050	0.187	0.253


42.3/43.0	0.070/0.090	42224.10 secs	(55.61 secs)	0.022	0.050	0.188	0.255
42.3/43.0	0.071/0.090	42279.14 secs	(55.04 secs)	0.027	0.050	0.203	0.252
42.3/43.0	0.072/0.090	42334.33 secs	(55.19 secs)	0.024	0.050	0.188	0.286
42.3/43.0	0.073/0.090	42389.93 secs	(55.60 secs)	0.029	0.049	0.196	0.243
42.3/43.0	0.074/0.090	42445.40 secs	(55.47 secs)	0.026	0.050	0.202	0.249
42.3/43.0	0.075/0.090	42505.87 secs	(1.008 mins)	0.028	0.051	0.177	0.248
42.3/43.0	0.076/0.090	42565.66 secs	(59.79 secs)	0.030	0.049	0.212	0.261
42.3/43.0	0.077/0.090	42622.72 secs	(57.05 secs)	0.029	0.050	0.185	0.255
42.3/43.0	0.078/0.090	42689.19 secs	(1.108 mins)	0.032	0.049	0.182	0.249
42.3/43.0	0.079/0.090	42753.76 secs	(1.076 mins)	0.037	0.050	0.179	0.260
42.3/43.0	0.080/0.090	42812.77 secs	(59.01 secs)	0.041	0.048	0.197	0.253
42.3/43.0	0.081/0.090	42871.45 secs	(58.68 secs)	0.034	0.050	0.175	0.229
42.3/43.0	0.082/0.090	42932.23 secs	(1.013 mins)	0.036	0.047	0.175	0.252
42.3/43.0	0.083/0.090	42995.52 secs	(1.055 mins)	0.039	0.049	0.175	0.262
42.3/43.0	0.084/0.090	43056.88 secs	(1.023 mins)	0.039	0.051	0.187	0.255
42.3/43.0	0.085/0.090	43125.50 secs	(1.144 mins)	0.036	0.049	0.186	0.264
42.3/43.0	0.086/0.090	43183.82 secs	(58.32 secs)	0.034	0.046	0.180	0.254
42.3/43.0	0.087/0.090	43251.41 secs	(1.126 mins)	0.051	0.049	0.196	0.268
42.3/43.0	0.088/0.090	43321.90 secs	(1.175 mins)	0.049	0.048	0.201	0.258
42.3/43.0	0.089/0.090	43389.62 secs	(1.129 mins)	0.054	0.049	0.201	0.260
42.3/43.0	0.090/0.090	43453.29 secs	(1.061 mins)	0.045	0.049	0.200	0.240


42.4/43.0	0.070/0.090	43510.24 secs	(56.95 secs)	0.026	0.051	0.202	0.257
42.4/43.0	0.071/0.090	43563.69 secs	(53.45 secs)	0.023	0.049	0.184	0.267
42.4/43.0	0.072/0.090	43621.50 secs	(57.81 secs)	0.026	0.048	0.197	0.258
42.4/43.0	0.073/0.090	43676.40 secs	(54.89 secs)	0.025	0.047	0.189	0.256
42.4/43.0	0.074/0.090	43732.84 secs	(56.44 secs)	0.027	0.050	0.207	0.281
42.4/43.0	0.075/0.090	43790.18 secs	(57.34 secs)	0.030	0.050	0.184	0.259
42.4/43.0	0.076/0.090	43846.44 secs	(56.25 secs)	0.032	0.050	0.191	0.265
42.4/43.0	0.077/0.090	43901.14 secs	(54.70 secs)	0.029	0.049	0.178	0.263
42.4/43.0	0.078/0.090	43960.93 secs	(59.79 secs)	0.030	0.049	0.176	0.277
42.4/43.0	0.079/0.090	44019.28 secs	(58.35 secs)	0.034	0.050	0.188	0.285
42.4/43.0	0.080/0.090	44077.64 secs	(58.37 secs)	0.036	0.048	0.205	0.266
42.4/43.0	0.081/0.090	44139.55 secs	(1.032 mins)	0.037	0.049	0.194	0.242
42.4/43.0	0.082/0.090	44203.37 secs	(1.064 mins)	0.040	0.048	0.196	0.253
42.4/43.0	0.083/0.090	44272.33 secs	(1.149 mins)	0.043	0.050	0.202	0.262
42.4/43.0	0.084/0.090	44335.45 secs	(1.052 mins)	0.042	0.050	0.188	0.254
42.4/43.0	0.085/0.090	44399.34 secs	(1.065 mins)	0.040	0.050	0.196	0.255
42.4/43.0	0.086/0.090	44460.05 secs	(1.012 mins)	0.039	0.049	0.183	0.272
42.4/43.0	0.087/0.090	44530.07 secs	(1.167 mins)	0.048	0.047	0.185	0.260
42.4/43.0	0.088/0.090	44590.47 secs	(1.007 mins)	0.039	0.051	0.192	0.244
42.4/43.0	0.089/0.090	44651.26 secs	(1.013 mins)	0.046	0.051	0.190	0.216
42.4/43.0	0.090/0.090	44717.27 secs	(1.10 mins)	0.057	0.049	0.208	0.253


42.5/43.0	0.070/0.090	44773.44 secs	(56.17 secs)	0.028	0.049	0.199	0.264
42.5/43.0	0.071/0.090	44825.97 secs	(52.53 secs)	0.024	0.048	0.192	0.261
42.5/43.0	0.072/0.090	44881.29 secs	(55.33 secs)	0.026	0.048	0.196	0.260
42.5/43.0	0.073/0.090	44937.80 secs	(56.51 secs)	0.026	0.050	0.198	0.266
42.5/43.0	0.074/0.090	44995.03 secs	(57.23 secs)	0.030	0.049	0.197	0.267
42.5/43.0	0.075/0.090	45051.75 secs	(56.72 secs)	0.030	0.049	0.184	0.261
42.5/43.0	0.076/0.090	45111.52 secs	(59.77 secs)	0.031	0.048	0.180	0.263
42.5/43.0	0.077/0.090	45173.43 secs	(1.032 mins)	0.033	0.049	0.180	0.249
42.5/43.0	0.078/0.090	45234.86 secs	(1.024 mins)	0.033	0.048	0.187	0.266
42.5/43.0	0.079/0.090	45296.94 secs	(1.035 mins)	0.027	0.049	0.156	0.257
42.5/43.0	0.080/0.090	45354.59 secs	(57.65 secs)	0.034	0.049	0.194	0.270
42.5/43.0	0.081/0.090	45413.71 secs	(59.12 secs)	0.034	0.050	0.188	0.246
42.5/43.0	0.082/0.090	45471.32 secs	(57.61 secs)	0.035	0.049	0.195	0.241
42.5/43.0	0.083/0.090	45534.47 secs	(1.053 mins)	0.036	0.052	0.176	0.249
42.5/43.0	0.084/0.090	45592.90 secs	(58.42 secs)	0.034	0.050	0.186	0.265
42.5/43.0	0.085/0.090	45661.19 secs	(1.138 mins)	0.045	0.047	0.205	0.255
42.5/43.0	0.086/0.090	45731.95 secs	(1.179 mins)	0.047	0.050	0.195	0.258
42.5/43.0	0.087/0.090	45792.70 secs	(1.013 mins)	0.039	0.051	0.191	0.262
42.5/43.0	0.088/0.090	45856.13 secs	(1.057 mins)	0.051	0.050	0.171	0.255
42.5/43.0	0.089/0.090	45922.06 secs	(1.099 mins)	0.051	0.049	0.190	0.257
42.5/43.0	0.090/0.090	45987.87 secs	(1.097 mins)	0.043	0.053	0.196	0.258


42.6/43.0	0.070/0.090	46042.02 secs	(54.15 secs)	0.020	0.049	0.186	0.253
42.6/43.0	0.071/0.090	46099.17 secs	(57.15 secs)	0.027	0.050	0.180	0.255
42.6/43.0	0.072/0.090	46157.23 secs	(58.06 secs)	0.023	0.049	0.201	0.258
42.6/43.0	0.073/0.090	46212.88 secs	(55.65 secs)	0.027	0.051	0.186	0.255
42.6/43.0	0.074/0.090	46271.71 secs	(58.83 secs)	0.031	0.052	0.193	0.276
42.6/43.0	0.075/0.090	46329.67 secs	(57.96 secs)	0.028	0.048	0.201	0.255
42.6/43.0	0.076/0.090	46384.57 secs	(54.90 secs)	0.028	0.052	0.184	0.263
42.6/43.0	0.077/0.090	46446.24 secs	(1.028 mins)	0.032	0.050	0.190	0.258
42.6/43.0	0.078/0.090	46506.68 secs	(1.007 mins)	0.033	0.049	0.199	0.270
42.6/43.0	0.079/0.090	46564.04 secs	(57.35 secs)	0.034	0.048	0.210	0.249
42.6/43.0	0.080/0.090	46624.17 secs	(1.002 mins)	0.034	0.049	0.179	0.269
42.6/43.0	0.081/0.090	46685.09 secs	(1.015 mins)	0.033	0.050	0.191	0.262
42.6/43.0	0.082/0.090	46746.25 secs	(1.019 mins)	0.038	0.051	0.188	0.258
42.6/43.0	0.083/0.090	46807.90 secs	(1.027 mins)	0.035	0.052	0.190	0.267
42.6/43.0	0.084/0.090	46868.34 secs	(1.007 mins)	0.042	0.052	0.185	0.240
42.6/43.0	0.085/0.090	46932.60 secs	(1.071 mins)	0.041	0.049	0.201	0.255
42.6/43.0	0.086/0.090	46996.52 secs	(1.065 mins)	0.051	0.048	0.204	0.227
42.6/43.0	0.087/0.090	47061.76 secs	(1.087 mins)	0.042	0.050	0.185	0.258
42.6/43.0	0.088/0.090	47126.12 secs	(1.073 mins)	0.043	0.048	0.198	0.259
42.6/43.0	0.089/0.090	47186.91 secs	(1.013 mins)	0.044	0.051	0.182	0.243
42.6/43.0	0.090/0.090	47251.79 secs	(1.081 mins)	0.053	0.049	0.200	0.260


42.7/43.0	0.070/0.090	47304.78 secs	(52.99 secs)	0.022	0.051	0.197	0.279
42.7/43.0	0.071/0.090	47356.05 secs	(51.27 secs)	0.019	0.051	0.180	0.273
42.7/43.0	0.072/0.090	47413.31 secs	(57.27 secs)	0.026	0.050	0.193	0.270
42.7/43.0	0.073/0.090	47471.07 secs	(57.75 secs)	0.027	0.048	0.179	0.268
42.7/43.0	0.074/0.090	47532.13 secs	(1.018 mins)	0.027	0.051	0.192	0.258
42.7/43.0	0.075/0.090	47595.05 secs	(1.049 mins)	0.025	0.051	0.171	0.265
42.7/43.0	0.076/0.090	47651.37 secs	(56.32 secs)	0.027	0.051	0.165	0.255
42.7/43.0	0.077/0.090	47711.07 secs	(59.70 secs)	0.028	0.050	0.204	0.274
42.7/43.0	0.078/0.090	47769.93 secs	(58.86 secs)	0.033	0.048	0.199	0.249
42.7/43.0	0.079/0.090	47830.10 secs	(1.003 mins)	0.031	0.047	0.192	0.257
42.7/43.0	0.080/0.090	47897.48 secs	(1.123 mins)	0.036	0.050	0.196	0.264
42.7/43.0	0.081/0.090	47956.09 secs	(58.61 secs)	0.035	0.050	0.188	0.259
42.7/43.0	0.082/0.090	48025.85 secs	(1.163 mins)	0.042	0.048	0.174	0.254
42.7/43.0	0.083/0.090	48088.57 secs	(1.045 mins)	0.042	0.049	0.203	0.269
42.7/43.0	0.084/0.090	48149.99 secs	(1.024 mins)	0.039	0.049	0.181	0.245
42.7/43.0	0.085/0.090	48211.58 secs	(1.026 mins)	0.042	0.050	0.183	0.264
42.7/43.0	0.086/0.090	48276.79 secs	(1.087 mins)	0.045	0.047	0.192	0.246
42.7/43.0	0.087/0.090	48340.96 secs	(1.069 mins)	0.049	0.049	0.191	0.261
42.7/43.0	0.088/0.090	48406.30 secs	(1.089 mins)	0.045	0.049	0.183	0.256
42.7/43.0	0.089/0.090	48471.78 secs	(1.091 mins)	0.043	0.051	0.190	0.252
42.7/43.0	0.090/0.090	48534.01 secs	(1.037 mins)	0.042	0.048	0.184	0.264


42.8/43.0	0.070/0.090	48588.37 secs	(54.35 secs)	0.024	0.050	0.179	0.264
42.8/43.0	0.071/0.090	48644.58 secs	(56.21 secs)	0.022	0.051	0.185	0.264
42.8/43.0	0.072/0.090	48697.62 secs	(53.04 secs)	0.023	0.051	0.194	0.267
42.8/43.0	0.073/0.090	48753.57 secs	(55.95 secs)	0.029	0.046	0.182	0.251
42.8/43.0	0.074/0.090	48817.30 secs	(1.062 mins)	0.030	0.051	0.190	0.270
42.8/43.0	0.075/0.090	48872.17 secs	(54.86 secs)	0.024	0.050	0.172	0.248
42.8/43.0	0.076/0.090	48933.32 secs	(1.019 mins)	0.034	0.050	0.189	0.254
42.8/43.0	0.077/0.090	48990.30 secs	(56.98 secs)	0.027	0.050	0.186	0.257
42.8/43.0	0.078/0.090	49051.70 secs	(1.023 mins)	0.032	0.049	0.186	0.246
42.8/43.0	0.079/0.090	49113.20 secs	(1.025 mins)	0.035	0.049	0.187	0.248
42.8/43.0	0.080/0.090	49173.55 secs	(1.006 mins)	0.031	0.050	0.189	0.276
42.8/43.0	0.081/0.090	49233.50 secs	(59.95 secs)	0.035	0.048	0.193	0.266
42.8/43.0	0.082/0.090	49291.60 secs	(58.09 secs)	0.035	0.049	0.186	0.254
42.8/43.0	0.083/0.090	49350.59 secs	(58.99 secs)	0.037	0.051	0.192	0.265
42.8/43.0	0.084/0.090	49412.09 secs	(1.025 mins)	0.042	0.049	0.178	0.246
42.8/43.0	0.085/0.090	49480.62 secs	(1.142 mins)	0.044	0.049	0.179	0.262
42.8/43.0	0.086/0.090	49543.36 secs	(1.046 mins)	0.042	0.049	0.178	0.246
42.8/43.0	0.087/0.090	49609.05 secs	(1.095 mins)	0.050	0.049	0.196	0.237
42.8/43.0	0.088/0.090	49682.16 secs	(1.219 mins)	0.051	0.052	0.193	0.255
42.8/43.0	0.089/0.090	49745.85 secs	(1.062 mins)	0.043	0.050	0.193	0.234
42.8/43.0	0.090/0.090	49813.04 secs	(1.12 mins)	0.050	0.051	0.193	0.264


42.9/43.0	0.070/0.090	49871.34 secs	(58.30 secs)	0.027	0.052	0.172	0.264
42.9/43.0	0.071/0.090	49927.97 secs	(56.62 secs)	0.027	0.050	0.198	0.278
42.9/43.0	0.072/0.090	49982.85 secs	(54.88 secs)	0.026	0.051	0.172	0.267
42.9/43.0	0.073/0.090	50039.43 secs	(56.58 secs)	0.027	0.048	0.183	0.264
42.9/43.0	0.074/0.090	50096.78 secs	(57.34 secs)	0.029	0.050	0.200	0.266
42.9/43.0	0.075/0.090	50156.07 secs	(59.30 secs)	0.026	0.049	0.184	0.276
42.9/43.0	0.076/0.090	50221.75 secs	(1.095 mins)	0.032	0.049	0.198	0.241
42.9/43.0	0.077/0.090	50275.37 secs	(53.62 secs)	0.028	0.049	0.192	0.242
42.9/43.0	0.078/0.090	50331.41 secs	(56.04 secs)	0.032	0.048	0.184	0.262
42.9/43.0	0.079/0.090	50393.30 secs	(1.032 mins)	0.035	0.049	0.196	0.278
42.9/43.0	0.080/0.090	50452.60 secs	(59.30 secs)	0.033	0.049	0.198	0.254
42.9/43.0	0.081/0.090	50515.57 secs	(1.05 mins)	0.034	0.050	0.205	0.252
42.9/43.0	0.082/0.090	50577.76 secs	(1.036 mins)	0.043	0.049	0.190	0.263
42.9/43.0	0.083/0.090	50640.19 secs	(1.041 mins)	0.038	0.051	0.176	0.272
42.9/43.0	0.084/0.090	50703.73 secs	(1.059 mins)	0.039	0.048	0.206	0.255
42.9/43.0	0.085/0.090	50765.76 secs	(1.034 mins)	0.045	0.049	0.208	0.279
42.9/43.0	0.086/0.090	50832.87 secs	(1.119 mins)	0.049	0.049	0.195	0.264
42.9/43.0	0.087/0.090	50897.24 secs	(1.073 mins)	0.053	0.052	0.188	0.267
42.9/43.0	0.088/0.090	50958.83 secs	(1.027 mins)	0.042	0.047	0.184	0.267
42.9/43.0	0.089/0.090	51025.50 secs	(1.111 mins)	0.045	0.050	0.180	0.247
42.9/43.0	0.090/0.090	51093.83 secs	(1.139 mins)	0.048	0.048	0.195	0.254


43.0/43.0	0.070/0.090	51149.09 secs	(55.26 secs)	0.023	0.049	0.182	0.249
43.0/43.0	0.071/0.090	51204.97 secs	(55.88 secs)	0.027	0.049	0.211	0.245
43.0/43.0	0.072/0.090	51261.80 secs	(56.83 secs)	0.028	0.050	0.191	0.271
43.0/43.0	0.073/0.090	51320.12 secs	(58.32 secs)	0.028	0.049	0.179	0.275
43.0/43.0	0.074/0.090	51378.26 secs	(58.14 secs)	0.027	0.048	0.186	0.273
43.0/43.0	0.075/0.090	51433.65 secs	(55.39 secs)	0.029	0.048	0.198	0.256
43.0/43.0	0.076/0.090	51489.46 secs	(55.80 secs)	0.026	0.049	0.183	0.254
43.0/43.0	0.077/0.090	51549.44 secs	(59.98 secs)	0.030	0.051	0.184	0.266
43.0/43.0	0.078/0.090	51610.84 secs	(1.023 mins)	0.032	0.047	0.200	0.261
43.0/43.0	0.079/0.090	51670.27 secs	(59.44 secs)	0.034	0.050	0.202	0.266
43.0/43.0	0.080/0.090	51734.14 secs	(1.064 mins)	0.037	0.049	0.198	0.259
43.0/43.0	0.081/0.090	51803.98 secs	(1.164 mins)	0.039	0.049	0.193	0.259
43.0/43.0	0.082/0.090	51862.14 secs	(58.16 secs)	0.038	0.048	0.187	0.239
43.0/43.0	0.083/0.090	51922.11 secs	(59.98 secs)	0.039	0.050	0.175	0.244
43.0/43.0	0.084/0.090	51983.35 secs	(1.021 mins)	0.043	0.050	0.189	0.260
43.0/43.0	0.085/0.090	52044.29 secs	(1.016 mins)	0.046	0.049	0.177	0.252
43.0/43.0	0.086/0.090	52105.09 secs	(1.013 mins)	0.047	0.050	0.203	0.271
43.0/43.0	0.087/0.090	52169.61 secs	(1.075 mins)	0.045	0.050	0.187	0.253
43.0/43.0	0.088/0.090	52235.23 secs	(1.094 mins)	0.045	0.049	0.201	0.258
43.0/43.0	0.089/0.090	52299.19 secs	(1.066 mins)	0.045	0.049	0.188	0.254
43.0/43.0	0.090/0.090	52369.98 secs	(1.18 mins)	0.052	0.052	0.193	0.260


> 
> proc.time()
     user    system   elapsed 
916523.30  16841.71  52856.29 
