
R version 4.3.0 (2023-04-21) -- "Already Tomorrow"
Copyright (C) 2023 The R Foundation for Statistical Computing
Platform: x86_64-pc-linux-gnu (64-bit)

R is free software and comes with ABSOLUTELY NO WARRANTY.
You are welcome to redistribute it under certain conditions.
Type 'license()' or 'licence()' for distribution details.

  Natural language support but running in an English locale

R is a collaborative project with many contributors.
Type 'contributors()' for more information and
'citation()' on how to cite R or R packages in publications.

Type 'demo()' for some demos, 'help()' for on-line help, or
'help.start()' for an HTML browser interface to help.
Type 'q()' to quit R.

> rm(list = ls())
> gc()
         used (Mb) gc trigger (Mb) max used (Mb)
Ncells 284765 15.3     664565 35.5   464468 24.9
Vcells 490458  3.8    8388608 64.0  1837328 14.1
> library(dplyr)

Attaching package: ‘dplyr’

The following objects are masked from ‘package:stats’:

    filter, lag

The following objects are masked from ‘package:base’:

    intersect, setdiff, setequal, union

> library(readr)
> library(foreach)
> library(doParallel)
Loading required package: iterators
Loading required package: parallel
> 
> # Set up the number of cores used for parallelization.
> message(detectCores())
32
> num_cores <- 32
> registerDoParallel(num_cores)
> 
> #########################
> #### SEIR Simulation ####
> #########################
> time <- 365 # Number of days.
> inf <- 7 # Average infectious period length.
> N <- 1000 # Population size.
> 
> create_hh <- function() {
+   # Randomly sample household sizes such that total population is 1000 
+   # individuals.
+   hh_size <- sample(x = c(3, 4, 5, 6), size = 340, replace = T)
+   
+   # Keep households such that total population is < 1000.
+   hh_size <- hh_size[which(cumsum(hh_size) < N)]
+   
+   leftover <- N - sum(hh_size)
+   if (leftover < 3) {
+     hh <- 1:length(hh_size)
+     sampled <- sample(hh[hh_size < 6], leftover)
+     hh_size[sampled] <- hh_size[sampled] + 1
+   } else {
+     hh_size <- c(hh_size, leftover)
+   }
+   return(hh_size)
+ }
> 
> SEIR_env <- function(params, inf = 7, verbose = F) {
+   hh_size <- create_hh()
+   
+   # Create frame for running the simulation.
+   # ID: ID of individual.
+   # SIZE: size of individual's household.
+   # HH: ID of individual's household.
+   # S: susceptibility status.
+   # E: exposed status.
+   # E_count: number of days since exposed.
+   # I: infectious status.
+   # I_count: number of days since infectious.
+   # R: recovered status.
+   # INC: incubation period.
+   # INF: infectious period.
+   data <- data.frame(ID = 1:N,
+                      SIZE = rep(hh_size, times = hh_size),
+                      HH = rep(1:length(hh_size), times = hh_size), 
+                      S = rep(1, N), 
+                      E = rep(0, N),
+                      E_count = rep(0, N), 
+                      I = 0,
+                      I_count = 0, 
+                      R = 0, 
+                      INC = rep(0, N),
+                      INF = 0)
+   
+   # Create frame for storing results.
+   # ID: ID of individual.
+   # SIZE: size of individual's household.
+   # HH: ID of individual's household.
+   # TYPE: the kind of infection: household (H), community (C), or both (B).
+   # TIME: when the individual became infectious.
+   # S_NUM: number of susceptible people in individual's household when their 
+   #        infectious period begins.
+   # I_NUM: number of people in household that this individual infected over 
+   #        their infectious period.
+   results <- data[, 1:3] %>% mutate(TYPE = NA, TIME = NA, S_NUM = NA, I_NUM = 0)
+     
+   for(t in 1:time) {
+     if (verbose) {
+       if (t %% 10 == 0) {
+         cat(paste0(t, ' '))
+       }
+     }
+     
+     # Anyone who has been infectious for as many days as their infectious period
+     # is now recovered.
+     recovered <- (data$INF > 0) & (data$I_count == data$INF)
+     if(sum(recovered, na.rm = T) > 0) {
+       data$R[recovered] <- 1
+       data$I[recovered] <- 0
+       data$I_count[recovered] <- 0 
+     }
+     
+     # Anyone who has been incubating for as many days as their incubation period
+     # is now infectious.
+     new_inf <- (data$INC > 0) & (data$E_count == data$INC)
+     num_new_inf <- sum(new_inf, na.rm = T)
+     if(num_new_inf > 0) {
+       # Change status to newly infectious and add infectious period.
+       data$I[new_inf] <- 1
+       random_inf <- rnorm(num_new_inf, mean = inf, sd = 1) %>% round()
+       data$INF[new_inf] <- random_inf
+       
+       # Remove exposure status and exposure count.
+       data$E[new_inf] <- 0
+       data$E_count[new_inf] <- 0 
+       
+       results$TIME[new_inf] <- t
+     }
+     
+     beta_E <- params[1]
+     risk_E <- pmin(beta_E * data$S, 1)
+     
+     new_exposed <- rbinom(N, 1, risk_E)
+     num_new_exposed <- sum(new_exposed, na.rm = T)
+     if(num_new_exposed > 0) {
+       # Change status to newly exposed and add incubation period.
+       data$E[new_exposed == 1] <- 1
+       random_inc <- rlnorm(num_new_exposed, meanlog = log(29.8), sdlog = 0.45) %>% round()
+       data$INC[new_exposed == 1] <- random_inc
+       
+       # Remove susceptible status.
+       data$S[new_exposed == 1] <- 0
+         
+       # Label infection types.
+       results$TYPE[new_exposed == 1] <- 'E'
+     }
+     
+     # Increment exposure and infectious counters.
+     data$E_count[data$E == 1] <- data$E_count[data$E == 1] + 1
+     data$I_count[data$I == 1] <- data$I_count[data$I == 1] + 1
+   }
+   return(results)
+ }
> 
> metrics <- function(results) {
+   # Incidence is the proportion of the population that became infected.
+   idc <- mean(!is.na(results$TIME))
+   return(c(idc))
+ }
> 
> # 5% Cumulative Incidence
> beta_E <- 0.00015
> params <- c(beta_E)
> 
> n_sims <- 1000
> i <- 1
> j <- 0
> while (i <= n_sims) {
+     results <- SEIR_env(params)
+     j <- j + 1
+     cat(paste0(j, '\t', i, '\n'))
+     if (metrics(results) > 0.04 & metrics(results) < 0.06) {
+         write.csv(results, file = paste0('5/', i, '.csv'), row.names = F)
+         i <- i + 1
+     }
+ }
1	1
2	2
3	3
4	4
5	5
6	6
7	7
8	7
9	8
10	9
11	10
12	11
13	12
14	13
15	14
16	14
17	15
18	15
19	16
20	17
21	18
22	19
23	20
24	20
25	21
26	22
27	23
28	24
29	25
30	26
31	27
32	28
33	29
34	30
35	31
36	32
37	33
38	34
39	35
40	35
41	35
42	36
43	37
44	37
45	38
46	39
47	40
48	41
49	42
50	43
51	44
52	45
53	46
54	47
55	48
56	49
57	50
58	51
59	52
60	53
61	54
62	55
63	56
64	57
65	58
66	59
67	60
68	61
69	62
70	63
71	64
72	65
73	66
74	67
75	68
76	69
77	70
78	71
79	72
80	73
81	74
82	75
83	76
84	77
85	77
86	78
87	78
88	78
89	79
90	80
91	81
92	82
93	83
94	84
95	84
96	85
97	86
98	87
99	87
100	88
101	89
102	90
103	90
104	90
105	91
106	92
107	93
108	93
109	94
110	95
111	96
112	97
113	98
114	99
115	100
116	101
117	102
118	103
119	104
120	105
121	106
122	107
123	107
124	108
125	109
126	110
127	111
128	112
129	113
130	114
131	114
132	115
133	116
134	117
135	118
136	118
137	118
138	119
139	120
140	121
141	122
142	123
143	124
144	125
145	125
146	126
147	127
148	128
149	129
150	130
151	131
152	132
153	133
154	134
155	135
156	136
157	137
158	137
159	138
160	139
161	140
162	141
163	142
164	143
165	144
166	145
167	146
168	147
169	148
170	149
171	150
172	151
173	152
174	153
175	154
176	155
177	155
178	156
179	157
180	158
181	159
182	160
183	161
184	162
185	163
186	164
187	165
188	166
189	167
190	168
191	169
192	170
193	171
194	172
195	173
196	174
197	174
198	175
199	176
200	177
201	177
202	178
203	179
204	180
205	181
206	182
207	182
208	183
209	183
210	184
211	185
212	186
213	187
214	187
215	188
216	189
217	190
218	191
219	192
220	193
221	194
222	195
223	196
224	197
225	198
226	199
227	200
228	201
229	202
230	203
231	204
232	205
233	205
234	206
235	207
236	208
237	209
238	210
239	211
240	212
241	213
242	214
243	215
244	216
245	217
246	218
247	219
248	220
249	221
250	222
251	223
252	223
253	224
254	224
255	225
256	226
257	227
258	228
259	229
260	229
261	229
262	229
263	230
264	231
265	232
266	233
267	234
268	235
269	236
270	237
271	238
272	239
273	240
274	241
275	242
276	243
277	244
278	245
279	246
280	247
281	248
282	249
283	250
284	251
285	252
286	253
287	254
288	255
289	256
290	257
291	257
292	257
293	258
294	259
295	260
296	261
297	261
298	261
299	262
300	263
301	264
302	265
303	266
304	267
305	268
306	269
307	270
308	271
309	272
310	273
311	274
312	275
313	276
314	277
315	278
316	279
317	279
318	279
319	280
320	281
321	282
322	283
323	283
324	284
325	285
326	286
327	286
328	287
329	288
330	289
331	290
332	291
333	292
334	293
335	294
336	295
337	295
338	296
339	297
340	298
341	298
342	299
343	300
344	301
345	301
346	302
347	303
348	304
349	305
350	306
351	307
352	308
353	308
354	309
355	310
356	311
357	312
358	312
359	313
360	313
361	313
362	314
363	315
364	316
365	316
366	317
367	318
368	318
369	319
370	320
371	320
372	321
373	322
374	323
375	324
376	325
377	325
378	326
379	327
380	328
381	329
382	330
383	330
384	331
385	332
386	333
387	334
388	335
389	336
390	336
391	337
392	338
393	339
394	340
395	341
396	342
397	343
398	344
399	345
400	346
401	347
402	348
403	349
404	350
405	350
406	351
407	352
408	353
409	354
410	355
411	356
412	357
413	358
414	359
415	360
416	361
417	362
418	362
419	363
420	364
421	365
422	366
423	367
424	368
425	369
426	370
427	371
428	372
429	373
430	374
431	375
432	376
433	376
434	376
435	377
436	378
437	379
438	380
439	381
440	382
441	383
442	384
443	385
444	385
445	386
446	387
447	388
448	389
449	390
450	391
451	392
452	393
453	394
454	395
455	396
456	397
457	398
458	398
459	399
460	399
461	400
462	401
463	402
464	402
465	402
466	403
467	404
468	405
469	405
470	406
471	407
472	407
473	407
474	408
475	409
476	410
477	411
478	411
479	412
480	413
481	413
482	414
483	415
484	416
485	417
486	418
487	419
488	420
489	421
490	421
491	422
492	422
493	423
494	424
495	425
496	426
497	427
498	428
499	429
500	430
501	431
502	431
503	432
504	433
505	434
506	435
507	436
508	436
509	436
510	437
511	438
512	439
513	440
514	441
515	441
516	442
517	443
518	444
519	445
520	446
521	447
522	448
523	449
524	450
525	451
526	452
527	453
528	454
529	455
530	456
531	457
532	458
533	458
534	459
535	460
536	461
537	462
538	463
539	464
540	465
541	466
542	467
543	468
544	469
545	470
546	471
547	472
548	473
549	473
550	474
551	474
552	475
553	476
554	477
555	478
556	479
557	479
558	480
559	481
560	482
561	483
562	484
563	485
564	486
565	486
566	487
567	487
568	488
569	489
570	490
571	490
572	491
573	492
574	492
575	493
576	494
577	494
578	495
579	496
580	497
581	498
582	498
583	499
584	499
585	499
586	500
587	501
588	502
589	502
590	503
591	504
592	505
593	506
594	507
595	507
596	508
597	509
598	510
599	511
600	512
601	512
602	513
603	513
604	514
605	515
606	515
607	516
608	516
609	517
610	518
611	519
612	520
613	521
614	522
615	522
616	523
617	524
618	525
619	525
620	526
621	526
622	527
623	528
624	529
625	530
626	531
627	532
628	533
629	534
630	535
631	535
632	536
633	537
634	538
635	539
636	540
637	541
638	542
639	543
640	544
641	545
642	546
643	547
644	548
645	549
646	550
647	551
648	552
649	553
650	554
651	555
652	556
653	557
654	558
655	559
656	560
657	561
658	562
659	562
660	563
661	564
662	565
663	566
664	567
665	568
666	569
667	570
668	571
669	572
670	573
671	574
672	574
673	575
674	576
675	576
676	577
677	578
678	579
679	580
680	581
681	582
682	583
683	584
684	585
685	585
686	586
687	587
688	587
689	588
690	589
691	590
692	591
693	591
694	592
695	593
696	594
697	595
698	596
699	597
700	598
701	599
702	599
703	600
704	601
705	602
706	603
707	604
708	604
709	605
710	606
711	607
712	608
713	609
714	610
715	611
716	611
717	612
718	613
719	614
720	615
721	616
722	617
723	618
724	619
725	620
726	621
727	622
728	623
729	623
730	624
731	625
732	626
733	626
734	627
735	628
736	629
737	629
738	630
739	631
740	632
741	633
742	634
743	635
744	636
745	637
746	638
747	639
748	639
749	640
750	640
751	640
752	641
753	642
754	643
755	643
756	643
757	644
758	645
759	646
760	647
761	647
762	648
763	649
764	650
765	651
766	652
767	652
768	653
769	654
770	655
771	656
772	657
773	658
774	658
775	659
776	660
777	661
778	662
779	663
780	664
781	664
782	665
783	666
784	667
785	667
786	668
787	669
788	670
789	671
790	672
791	673
792	673
793	674
794	675
795	676
796	677
797	678
798	679
799	680
800	681
801	682
802	683
803	684
804	685
805	686
806	687
807	688
808	689
809	689
810	690
811	691
812	692
813	692
814	693
815	694
816	695
817	695
818	696
819	697
820	698
821	699
822	700
823	701
824	701
825	701
826	702
827	703
828	704
829	704
830	705
831	706
832	706
833	707
834	708
835	709
836	710
837	711
838	712
839	713
840	714
841	715
842	716
843	717
844	718
845	719
846	720
847	720
848	721
849	722
850	723
851	724
852	725
853	725
854	726
855	727
856	728
857	728
858	729
859	730
860	731
861	732
862	733
863	733
864	734
865	734
866	735
867	736
868	736
869	736
870	737
871	737
872	738
873	739
874	740
875	741
876	742
877	743
878	744
879	745
880	746
881	747
882	748
883	749
884	750
885	751
886	751
887	751
888	752
889	753
890	754
891	754
892	755
893	755
894	756
895	757
896	758
897	759
898	760
899	761
900	761
901	762
902	763
903	764
904	765
905	766
906	767
907	768
908	769
909	770
910	771
911	772
912	772
913	773
914	773
915	773
916	774
917	775
918	776
919	777
920	778
921	779
922	780
923	781
924	782
925	783
926	784
927	785
928	786
929	787
930	787
931	788
932	789
933	790
934	791
935	792
936	793
937	793
938	794
939	794
940	795
941	795
942	796
943	796
944	797
945	798
946	799
947	799
948	800
949	801
950	802
951	803
952	804
953	805
954	806
955	807
956	808
957	809
958	810
959	810
960	811
961	812
962	813
963	814
964	815
965	816
966	816
967	817
968	817
969	818
970	819
971	820
972	821
973	822
974	822
975	823
976	823
977	824
978	825
979	826
980	827
981	828
982	828
983	829
984	830
985	831
986	832
987	833
988	834
989	834
990	835
991	836
992	837
993	838
994	839
995	840
996	841
997	842
998	843
999	844
1000	845
1001	845
1002	846
1003	847
1004	848
1005	849
1006	850
1007	851
1008	851
1009	852
1010	853
1011	853
1012	854
1013	855
1014	856
1015	857
1016	858
1017	858
1018	859
1019	860
1020	861
1021	861
1022	861
1023	862
1024	863
1025	864
1026	864
1027	865
1028	866
1029	867
1030	868
1031	869
1032	870
1033	871
1034	872
1035	873
1036	873
1037	874
1038	875
1039	876
1040	876
1041	876
1042	877
1043	878
1044	879
1045	880
1046	881
1047	882
1048	882
1049	883
1050	884
1051	884
1052	885
1053	886
1054	887
1055	888
1056	889
1057	890
1058	891
1059	892
1060	893
1061	894
1062	895
1063	896
1064	897
1065	898
1066	899
1067	900
1068	900
1069	901
1070	902
1071	903
1072	904
1073	905
1074	906
1075	907
1076	908
1077	909
1078	910
1079	911
1080	912
1081	913
1082	914
1083	915
1084	916
1085	917
1086	917
1087	918
1088	919
1089	920
1090	920
1091	921
1092	921
1093	921
1094	921
1095	922
1096	923
1097	924
1098	925
1099	926
1100	927
1101	927
1102	928
1103	929
1104	930
1105	931
1106	931
1107	932
1108	933
1109	934
1110	934
1111	935
1112	936
1113	937
1114	938
1115	939
1116	940
1117	941
1118	942
1119	942
1120	943
1121	944
1122	945
1123	946
1124	947
1125	948
1126	949
1127	950
1128	951
1129	952
1130	953
1131	954
1132	954
1133	955
1134	956
1135	956
1136	957
1137	958
1138	959
1139	960
1140	961
1141	962
1142	962
1143	963
1144	964
1145	965
1146	966
1147	967
1148	967
1149	968
1150	969
1151	970
1152	971
1153	972
1154	973
1155	973
1156	973
1157	974
1158	974
1159	975
1160	976
1161	977
1162	978
1163	979
1164	979
1165	980
1166	981
1167	982
1168	983
1169	984
1170	985
1171	985
1172	986
1173	987
1174	988
1175	989
1176	989
1177	990
1178	991
1179	992
1180	993
1181	993
1182	994
1183	995
1184	996
1185	997
1186	998
1187	998
1188	999
1189	1000
> cat(paste0('05%:\t', j, '\n'))
05%:	1189
> 
> # 10% Cumulative Incidence
> beta_E <- 0.00031
> params <- c(beta_E)
> 
> n_sims <- 1000
> i <- 1
> j <- 0
> while (i <= n_sims) {
+     results <- SEIR_env(params)
+     j <- j + 1
+     cat(paste0(j, '\t', i, '\n'))
+     if (metrics(results) > 0.09 & metrics(results) < 0.11) {
+         write.csv(results, file = paste0('10/', i, '.csv'), row.names = F)
+         i <- i + 1
+     }
+ }
1	1
2	2
3	2
4	3
5	3
6	3
7	3
8	4
9	5
10	5
11	6
12	6
13	7
14	8
15	9
16	10
17	10
18	11
19	11
20	12
21	13
22	14
23	14
24	14
25	15
26	16
27	16
28	17
29	17
30	17
31	18
32	18
33	18
34	19
35	20
36	21
37	22
38	23
39	24
40	25
41	25
42	26
43	27
44	28
45	29
46	30
47	31
48	32
49	33
50	33
51	33
52	34
53	35
54	35
55	35
56	36
57	36
58	37
59	38
60	38
61	39
62	40
63	41
64	42
65	43
66	43
67	44
68	45
69	46
70	46
71	47
72	48
73	49
74	50
75	50
76	51
77	51
78	52
79	52
80	52
81	53
82	53
83	53
84	53
85	54
86	54
87	54
88	54
89	55
90	56
91	57
92	58
93	59
94	60
95	61
96	62
97	63
98	64
99	64
100	65
101	65
102	66
103	67
104	68
105	69
106	70
107	71
108	71
109	72
110	73
111	74
112	75
113	76
114	76
115	76
116	76
117	77
118	78
119	79
120	79
121	80
122	80
123	81
124	81
125	81
126	82
127	83
128	84
129	84
130	85
131	86
132	87
133	88
134	89
135	89
136	89
137	90
138	91
139	92
140	93
141	94
142	95
143	96
144	97
145	97
146	98
147	99
148	100
149	101
150	101
151	102
152	102
153	103
154	104
155	105
156	105
157	106
158	106
159	107
160	108
161	108
162	108
163	109
164	110
165	110
166	111
167	112
168	113
169	114
170	115
171	115
172	116
173	116
174	117
175	117
176	117
177	118
178	119
179	120
180	120
181	121
182	122
183	123
184	124
185	124
186	125
187	125
188	126
189	127
190	127
191	128
192	128
193	129
194	130
195	131
196	132
197	133
198	133
199	133
200	134
201	135
202	136
203	137
204	138
205	138
206	139
207	140
208	141
209	142
210	143
211	144
212	145
213	146
214	146
215	146
216	146
217	147
218	147
219	148
220	149
221	150
222	151
223	152
224	152
225	152
226	153
227	154
228	155
229	155
230	156
231	156
232	157
233	158
234	159
235	159
236	159
237	159
238	159
239	160
240	160
241	161
242	162
243	163
244	163
245	164
246	164
247	165
248	165
249	165
250	166
251	167
252	167
253	168
254	169
255	169
256	170
257	170
258	171
259	171
260	172
261	173
262	173
263	174
264	175
265	175
266	176
267	177
268	178
269	178
270	179
271	180
272	180
273	181
274	182
275	183
276	183
277	183
278	184
279	185
280	186
281	186
282	187
283	187
284	187
285	187
286	188
287	188
288	189
289	189
290	190
291	191
292	191
293	192
294	193
295	194
296	194
297	194
298	195
299	195
300	195
301	196
302	196
303	196
304	197
305	198
306	199
307	199
308	200
309	201
310	202
311	203
312	204
313	204
314	205
315	205
316	206
317	207
318	207
319	207
320	208
321	208
322	209
323	210
324	210
325	211
326	212
327	212
328	213
329	213
330	214
331	215
332	216
333	217
334	217
335	218
336	219
337	219
338	220
339	221
340	222
341	222
342	222
343	223
344	224
345	225
346	226
347	227
348	228
349	228
350	228
351	228
352	229
353	230
354	230
355	231
356	231
357	231
358	231
359	232
360	233
361	234
362	235
363	235
364	236
365	236
366	237
367	238
368	239
369	240
370	240
371	240
372	241
373	242
374	243
375	244
376	244
377	245
378	246
379	247
380	248
381	249
382	250
383	250
384	251
385	252
386	253
387	254
388	254
389	254
390	255
391	255
392	256
393	257
394	257
395	257
396	257
397	258
398	259
399	259
400	259
401	259
402	260
403	261
404	261
405	262
406	262
407	262
408	262
409	263
410	264
411	265
412	266
413	266
414	267
415	268
416	268
417	268
418	269
419	270
420	271
421	272
422	273
423	274
424	275
425	275
426	275
427	276
428	276
429	276
430	277
431	278
432	279
433	280
434	281
435	281
436	282
437	283
438	283
439	284
440	284
441	285
442	285
443	286
444	286
445	287
446	288
447	289
448	290
449	291
450	292
451	293
452	294
453	294
454	295
455	296
456	297
457	297
458	298
459	299
460	300
461	301
462	301
463	302
464	302
465	302
466	303
467	304
468	305
469	306
470	307
471	308
472	309
473	310
474	311
475	312
476	313
477	313
478	313
479	313
480	313
481	314
482	314
483	315
484	316
485	317
486	317
487	318
488	319
489	319
490	320
491	321
492	322
493	323
494	323
495	324
496	324
497	325
498	325
499	326
500	326
501	326
502	326
503	327
504	327
505	328
506	329
507	330
508	331
509	332
510	333
511	333
512	334
513	335
514	336
515	336
516	337
517	338
518	339
519	339
520	340
521	341
522	342
523	342
524	342
525	343
526	343
527	343
528	344
529	344
530	345
531	345
532	346
533	347
534	347
535	348
536	349
537	350
538	351
539	351
540	352
541	353
542	353
543	354
544	355
545	356
546	357
547	358
548	359
549	359
550	360
551	360
552	360
553	361
554	362
555	363
556	364
557	365
558	365
559	365
560	366
561	367
562	367
563	368
564	369
565	369
566	370
567	370
568	371
569	372
570	372
571	373
572	373
573	374
574	375
575	376
576	377
577	378
578	379
579	380
580	380
581	380
582	380
583	381
584	382
585	383
586	383
587	384
588	385
589	386
590	387
591	388
592	389
593	389
594	389
595	390
596	390
597	390
598	391
599	391
600	392
601	393
602	394
603	395
604	395
605	396
606	397
607	397
608	397
609	397
610	398
611	399
612	399
613	399
614	399
615	399
616	400
617	401
618	402
619	403
620	404
621	404
622	405
623	406
624	407
625	408
626	409
627	409
628	410
629	411
630	412
631	413
632	414
633	415
634	416
635	416
636	416
637	416
638	417
639	418
640	419
641	420
642	420
643	421
644	422
645	423
646	424
647	425
648	426
649	427
650	428
651	429
652	430
653	431
654	432
655	433
656	434
657	434
658	435
659	436
660	436
661	436
662	437
663	438
664	439
665	440
666	441
667	442
668	443
669	444
670	445
671	446
672	447
673	448
674	448
675	448
676	449
677	450
678	451
679	452
680	452
681	453
682	453
683	453
684	453
685	453
686	454
687	455
688	456
689	457
690	458
691	459
692	459
693	460
694	460
695	461
696	462
697	463
698	464
699	464
700	465
701	465
702	466
703	467
704	468
705	469
706	470
707	470
708	470
709	471
710	472
711	472
712	473
713	474
714	475
715	476
716	477
717	477
718	478
719	478
720	479
721	480
722	480
723	480
724	481
725	482
726	483
727	484
728	485
729	486
730	487
731	487
732	488
733	488
734	488
735	488
736	489
737	490
738	491
739	491
740	492
741	492
742	493
743	494
744	495
745	495
746	496
747	496
748	497
749	498
750	499
751	499
752	500
753	501
754	502
755	503
756	504
757	505
758	506
759	507
760	507
761	507
762	508
763	509
764	509
765	510
766	510
767	511
768	512
769	513
770	513
771	513
772	514
773	514
774	515
775	516
776	517
777	518
778	518
779	519
780	520
781	520
782	521
783	522
784	523
785	524
786	525
787	526
788	527
789	528
790	529
791	530
792	530
793	531
794	531
795	532
796	533
797	534
798	535
799	536
800	537
801	538
802	539
803	540
804	541
805	542
806	543
807	544
808	545
809	546
810	547
811	548
812	549
813	549
814	550
815	550
816	550
817	550
818	551
819	552
820	553
821	554
822	555
823	555
824	555
825	555
826	556
827	557
828	558
829	559
830	560
831	560
832	561
833	562
834	562
835	563
836	563
837	563
838	564
839	565
840	565
841	565
842	566
843	566
844	566
845	567
846	568
847	568
848	568
849	569
850	569
851	570
852	571
853	572
854	573
855	574
856	574
857	575
858	576
859	577
860	578
861	579
862	580
863	581
864	582
865	583
866	583
867	584
868	585
869	586
870	587
871	587
872	588
873	588
874	588
875	589
876	590
877	591
878	591
879	592
880	593
881	594
882	595
883	596
884	597
885	598
886	598
887	599
888	600
889	601
890	602
891	603
892	604
893	605
894	606
895	607
896	607
897	608
898	608
899	608
900	609
901	610
902	611
903	612
904	613
905	614
906	615
907	616
908	616
909	617
910	618
911	619
912	619
913	619
914	620
915	621
916	622
917	623
918	624
919	625
920	626
921	627
922	627
923	628
924	629
925	629
926	629
927	629
928	630
929	631
930	632
931	632
932	633
933	634
934	635
935	636
936	637
937	638
938	638
939	639
940	639
941	640
942	641
943	641
944	642
945	643
946	644
947	644
948	645
949	645
950	646
951	646
952	646
953	646
954	646
955	647
956	648
957	649
958	649
959	649
960	650
961	650
962	651
963	652
964	652
965	653
966	654
967	655
968	655
969	655
970	656
971	657
972	657
973	658
974	658
975	659
976	660
977	661
978	662
979	662
980	663
981	664
982	665
983	666
984	667
985	668
986	669
987	670
988	671
989	671
990	672
991	673
992	674
993	674
994	675
995	675
996	676
997	677
998	678
999	679
1000	680
1001	681
1002	682
1003	683
1004	683
1005	684
1006	684
1007	684
1008	684
1009	684
1010	685
1011	685
1012	686
1013	686
1014	687
1015	688
1016	688
1017	689
1018	690
1019	690
1020	690
1021	690
1022	691
1023	692
1024	693
1025	694
1026	695
1027	695
1028	695
1029	696
1030	697
1031	697
1032	698
1033	699
1034	699
1035	700
1036	701
1037	702
1038	703
1039	703
1040	703
1041	704
1042	705
1043	706
1044	707
1045	708
1046	709
1047	710
1048	711
1049	711
1050	712
1051	712
1052	713
1053	714
1054	715
1055	716
1056	717
1057	718
1058	719
1059	720
1060	721
1061	722
1062	722
1063	723
1064	724
1065	725
1066	726
1067	727
1068	728
1069	729
1070	730
1071	731
1072	732
1073	733
1074	734
1075	735
1076	735
1077	736
1078	736
1079	736
1080	737
1081	738
1082	739
1083	740
1084	741
1085	742
1086	742
1087	743
1088	744
1089	745
1090	745
1091	746
1092	746
1093	746
1094	747
1095	748
1096	748
1097	749
1098	750
1099	751
1100	752
1101	752
1102	753
1103	754
1104	754
1105	754
1106	755
1107	756
1108	756
1109	756
1110	756
1111	757
1112	757
1113	757
1114	758
1115	759
1116	760
1117	761
1118	762
1119	763
1120	764
1121	764
1122	764
1123	765
1124	766
1125	767
1126	768
1127	768
1128	769
1129	769
1130	769
1131	770
1132	770
1133	771
1134	772
1135	773
1136	774
1137	774
1138	774
1139	775
1140	776
1141	777
1142	777
1143	777
1144	778
1145	779
1146	780
1147	780
1148	780
1149	780
1150	781
1151	781
1152	782
1153	783
1154	784
1155	784
1156	785
1157	786
1158	787
1159	788
1160	789
1161	790
1162	791
1163	792
1164	793
1165	794
1166	795
1167	796
1168	796
1169	797
1170	798
1171	798
1172	799
1173	800
1174	801
1175	801
1176	801
1177	801
1178	801
1179	802
1180	803
1181	804
1182	804
1183	804
1184	805
1185	805
1186	805
1187	805
1188	806
1189	806
1190	806
1191	807
1192	808
1193	808
1194	809
1195	809
1196	809
1197	810
1198	811
1199	811
1200	811
1201	812
1202	813
1203	813
1204	813
1205	814
1206	815
1207	816
1208	817
1209	818
1210	819
1211	820
1212	821
1213	822
1214	823
1215	823
1216	823
1217	824
1218	825
1219	825
1220	826
1221	827
1222	828
1223	828
1224	829
1225	830
1226	831
1227	832
1228	833
1229	834
1230	835
1231	836
1232	837
1233	837
1234	838
1235	839
1236	840
1237	841
1238	841
1239	842
1240	842
1241	843
1242	843
1243	844
1244	845
1245	846
1246	846
1247	847
1248	848
1249	848
1250	849
1251	850
1252	850
1253	851
1254	852
1255	852
1256	853
1257	854
1258	855
1259	856
1260	856
1261	856
1262	856
1263	857
1264	857
1265	858
1266	859
1267	860
1268	860
1269	861
1270	862
1271	862
1272	863
1273	864
1274	864
1275	865
1276	866
1277	867
1278	868
1279	868
1280	869
1281	870
1282	871
1283	871
1284	871
1285	872
1286	873
1287	874
1288	874
1289	875
1290	876
1291	877
1292	878
1293	879
1294	880
1295	881
1296	882
1297	882
1298	883
1299	883
1300	883
1301	884
1302	884
1303	884
1304	885
1305	885
1306	886
1307	886
1308	887
1309	888
1310	888
1311	888
1312	888
1313	889
1314	890
1315	891
1316	892
1317	893
1318	893
1319	893
1320	894
1321	894
1322	894
1323	895
1324	896
1325	897
1326	898
1327	899
1328	900
1329	900
1330	900
1331	900
1332	901
1333	902
1334	903
1335	904
1336	905
1337	905
1338	905
1339	905
1340	906
1341	907
1342	908
1343	909
1344	909
1345	910
1346	911
1347	911
1348	912
1349	913
1350	914
1351	915
1352	916
1353	917
1354	917
1355	918
1356	919
1357	920
1358	921
1359	921
1360	922
1361	923
1362	924
1363	925
1364	926
1365	927
1366	927
1367	928
1368	929
1369	930
1370	930
1371	931
1372	931
1373	932
1374	933
1375	934
1376	934
1377	935
1378	936
1379	936
1380	937
1381	937
1382	938
1383	939
1384	940
1385	941
1386	942
1387	942
1388	943
1389	944
1390	945
1391	946
1392	947
1393	948
1394	949
1395	950
1396	951
1397	952
1398	953
1399	954
1400	954
1401	954
1402	955
1403	955
1404	956
1405	957
1406	958
1407	959
1408	960
1409	961
1410	961
1411	962
1412	963
1413	964
1414	964
1415	965
1416	966
1417	966
1418	966
1419	966
1420	967
1421	968
1422	969
1423	970
1424	971
1425	971
1426	972
1427	973
1428	973
1429	974
1430	975
1431	976
1432	976
1433	977
1434	977
1435	977
1436	978
1437	978
1438	979
1439	980
1440	981
1441	982
1442	983
1443	983
1444	984
1445	985
1446	985
1447	986
1448	987
1449	988
1450	989
1451	989
1452	990
1453	991
1454	992
1455	993
1456	994
1457	995
1458	996
1459	997
1460	998
1461	999
1462	1000
1463	1000
> cat(paste0('10%:\t', j, '\n'))
10%:	1463
> 
> # 30% Cumulative Incidence
> beta_E <- 0.00107
> params <- c(beta_E)
> 
> n_sims <- 1000
> i <- 1
> j <- 0
> while (i <= n_sims) {
+     results <- SEIR_env(params)
+     j <- j + 1
+     cat(paste0(j, '\t', i, '\n'))
+     if (metrics(results) > 0.29 & metrics(results) < 0.31) {
+         write.csv(results, file = paste0('30/', i, '.csv'), row.names = F)
+         i <- i + 1
+     }
+ }
1	1
2	1
3	1
4	2
5	3
6	4
7	5
8	5
9	6
10	6
11	7
12	7
13	7
14	8
15	8
16	8
17	9
18	10
19	10
20	10
21	10
22	10
23	11
24	11
25	12
26	12
27	12
28	13
29	14
30	15
31	16
32	17
33	17
34	17
35	17
36	18
37	19
38	20
39	20
40	21
41	22
42	23
43	23
44	24
45	25
46	26
47	26
48	27
49	28
50	28
51	28
52	29
53	30
54	30
55	30
56	30
57	31
58	32
59	33
60	33
61	33
62	33
63	33
64	33
65	34
66	34
67	34
68	35
69	35
70	36
71	36
72	36
73	37
74	37
75	37
76	37
77	38
78	38
79	38
80	38
81	38
82	38
83	38
84	38
85	39
86	40
87	41
88	42
89	43
90	44
91	44
92	44
93	45
94	45
95	45
96	46
97	46
98	47
99	47
100	47
101	48
102	49
103	50
104	50
105	51
106	51
107	51
108	51
109	51
110	52
111	53
112	53
113	54
114	54
115	54
116	55
117	56
118	57
119	57
120	57
121	57
122	57
123	57
124	57
125	58
126	59
127	60
128	60
129	61
130	62
131	63
132	64
133	64
134	64
135	65
136	66
137	67
138	68
139	69
140	70
141	71
142	72
143	72
144	73
145	73
146	73
147	73
148	73
149	73
150	73
151	74
152	75
153	75
154	75
155	76
156	76
157	77
158	77
159	78
160	78
161	79
162	79
163	79
164	80
165	81
166	82
167	82
168	82
169	82
170	82
171	83
172	84
173	84
174	85
175	85
176	85
177	85
178	85
179	85
180	86
181	86
182	86
183	87
184	87
185	88
186	88
187	89
188	90
189	91
190	92
191	92
192	92
193	92
194	93
195	93
196	94
197	94
198	95
199	96
200	97
201	98
202	98
203	98
204	98
205	98
206	98
207	98
208	99
209	100
210	101
211	102
212	103
213	103
214	103
215	103
216	103
217	103
218	104
219	105
220	105
221	106
222	106
223	107
224	108
225	109
226	109
227	110
228	111
229	112
230	113
231	113
232	113
233	113
234	113
235	114
236	115
237	116
238	117
239	118
240	118
241	118
242	119
243	120
244	120
245	121
246	122
247	123
248	124
249	125
250	125
251	125
252	126
253	127
254	127
255	128
256	129
257	130
258	130
259	130
260	131
261	131
262	132
263	133
264	133
265	133
266	134
267	134
268	134
269	134
270	135
271	135
272	135
273	135
274	136
275	137
276	138
277	138
278	138
279	138
280	139
281	139
282	139
283	140
284	140
285	140
286	140
287	141
288	142
289	143
290	143
291	144
292	144
293	145
294	146
295	146
296	146
297	146
298	146
299	146
300	147
301	147
302	148
303	148
304	148
305	149
306	150
307	150
308	151
309	151
310	152
311	152
312	152
313	152
314	153
315	154
316	154
317	155
318	155
319	155
320	155
321	156
322	157
323	158
324	158
325	158
326	158
327	159
328	160
329	161
330	162
331	162
332	163
333	164
334	164
335	164
336	165
337	165
338	166
339	166
340	167
341	168
342	168
343	169
344	169
345	169
346	169
347	170
348	170
349	171
350	171
351	171
352	171
353	171
354	172
355	173
356	174
357	174
358	175
359	175
360	176
361	177
362	177
363	177
364	178
365	178
366	178
367	178
368	178
369	179
370	179
371	179
372	180
373	181
374	182
375	183
376	183
377	183
378	184
379	185
380	186
381	186
382	186
383	186
384	187
385	187
386	187
387	188
388	188
389	189
390	189
391	190
392	191
393	192
394	192
395	192
396	192
397	192
398	193
399	194
400	195
401	195
402	195
403	196
404	197
405	197
406	197
407	197
408	197
409	197
410	198
411	198
412	199
413	200
414	200
415	200
416	201
417	202
418	203
419	203
420	204
421	205
422	205
423	205
424	206
425	206
426	206
427	207
428	208
429	209
430	210
431	210
432	211
433	212
434	213
435	213
436	213
437	213
438	213
439	213
440	213
441	214
442	215
443	215
444	215
445	215
446	215
447	215
448	215
449	216
450	216
451	216
452	217
453	217
454	218
455	218
456	218
457	218
458	219
459	219
460	220
461	221
462	222
463	223
464	224
465	224
466	224
467	225
468	226
469	226
470	227
471	227
472	228
473	229
474	229
475	230
476	231
477	231
478	232
479	233
480	234
481	235
482	236
483	237
484	237
485	238
486	238
487	239
488	240
489	241
490	242
491	243
492	243
493	244
494	244
495	245
496	245
497	245
498	246
499	246
500	246
501	247
502	247
503	248
504	248
505	248
506	248
507	248
508	248
509	249
510	249
511	250
512	250
513	250
514	251
515	251
516	251
517	251
518	251
519	251
520	252
521	253
522	254
523	254
524	254
525	255
526	255
527	255
528	255
529	255
530	256
531	257
532	257
533	257
534	258
535	258
536	258
537	259
538	260
539	261
540	262
541	263
542	263
543	264
544	265
545	265
546	265
547	265
548	265
549	265
550	265
551	266
552	266
553	267
554	268
555	268
556	268
557	269
558	269
559	269
560	270
561	271
562	271
563	272
564	273
565	274
566	274
567	274
568	274
569	274
570	274
571	274
572	275
573	275
574	276
575	277
576	277
577	277
578	278
579	279
580	279
581	279
582	279
583	280
584	281
585	282
586	283
587	284
588	285
589	286
590	286
591	286
592	287
593	288
594	288
595	289
596	289
597	289
598	290
599	290
600	291
601	292
602	293
603	293
604	294
605	294
606	294
607	294
608	295
609	295
610	296
611	297
612	298
613	299
614	300
615	301
616	301
617	301
618	302
619	303
620	303
621	304
622	304
623	304
624	304
625	305
626	306
627	307
628	308
629	308
630	308
631	308
632	309
633	309
634	310
635	310
636	310
637	310
638	310
639	310
640	311
641	312
642	312
643	312
644	312
645	312
646	312
647	312
648	313
649	314
650	314
651	314
652	314
653	315
654	315
655	316
656	316
657	316
658	316
659	316
660	317
661	317
662	318
663	318
664	318
665	319
666	319
667	319
668	320
669	321
670	322
671	322
672	323
673	323
674	324
675	325
676	326
677	326
678	327
679	328
680	328
681	329
682	329
683	330
684	331
685	332
686	332
687	332
688	333
689	334
690	335
691	336
692	336
693	336
694	336
695	337
696	338
697	339
698	340
699	341
700	342
701	343
702	344
703	344
704	345
705	345
706	345
707	345
708	345
709	346
710	346
711	346
712	346
713	346
714	347
715	347
716	347
717	347
718	348
719	349
720	349
721	350
722	351
723	351
724	352
725	353
726	354
727	355
728	355
729	355
730	356
731	356
732	357
733	357
734	358
735	359
736	359
737	360
738	360
739	360
740	361
741	362
742	363
743	363
744	363
745	363
746	364
747	365
748	366
749	367
750	367
751	367
752	368
753	369
754	370
755	370
756	370
757	371
758	371
759	372
760	373
761	373
762	374
763	375
764	375
765	376
766	377
767	378
768	378
769	379
770	379
771	379
772	379
773	380
774	381
775	381
776	381
777	382
778	382
779	382
780	383
781	383
782	383
783	383
784	383
785	384
786	384
787	385
788	385
789	386
790	386
791	386
792	387
793	388
794	389
795	389
796	390
797	391
798	392
799	393
800	394
801	395
802	395
803	396
804	397
805	397
806	398
807	399
808	400
809	400
810	401
811	401
812	401
813	402
814	402
815	402
816	403
817	404
818	404
819	405
820	406
821	407
822	407
823	408
824	408
825	408
826	409
827	410
828	411
829	411
830	412
831	412
832	413
833	414
834	414
835	415
836	415
837	415
838	415
839	416
840	416
841	417
842	418
843	419
844	420
845	420
846	421
847	422
848	423
849	423
850	424
851	424
852	424
853	425
854	425
855	425
856	425
857	425
858	425
859	426
860	426
861	427
862	427
863	428
864	428
865	428
866	428
867	429
868	430
869	430
870	430
871	430
872	431
873	432
874	432
875	433
876	433
877	433
878	434
879	434
880	435
881	435
882	436
883	437
884	437
885	438
886	439
887	439
888	439
889	440
890	440
891	440
892	440
893	441
894	442
895	443
896	443
897	444
898	445
899	446
900	446
901	447
902	448
903	448
904	449
905	450
906	451
907	451
908	451
909	451
910	452
911	452
912	452
913	452
914	452
915	452
916	452
917	453
918	453
919	454
920	454
921	455
922	456
923	456
924	457
925	458
926	459
927	459
928	460
929	461
930	461
931	461
932	462
933	462
934	462
935	462
936	463
937	464
938	464
939	465
940	465
941	466
942	466
943	466
944	466
945	466
946	466
947	466
948	466
949	467
950	468
951	469
952	469
953	470
954	470
955	471
956	472
957	472
958	473
959	473
960	473
961	474
962	474
963	475
964	475
965	476
966	476
967	477
968	477
969	477
970	478
971	478
972	478
973	479
974	479
975	480
976	480
977	481
978	481
979	482
980	482
981	482
982	483
983	484
984	485
985	485
986	485
987	486
988	487
989	487
990	487
991	487
992	487
993	487
994	487
995	487
996	487
997	488
998	489
999	489
1000	490
1001	491
1002	492
1003	492
1004	492
1005	493
1006	493
1007	494
1008	494
1009	495
1010	495
1011	496
1012	496
1013	496
1014	497
1015	497
1016	498
1017	498
1018	498
1019	499
1020	500
1021	501
1022	502
1023	503
1024	503
1025	503
1026	504
1027	505
1028	506
1029	506
1030	506
1031	506
1032	507
1033	508
1034	509
1035	510
1036	511
1037	512
1038	513
1039	513
1040	513
1041	514
1042	515
1043	515
1044	515
1045	516
1046	516
1047	517
1048	518
1049	518
1050	519
1051	519
1052	520
1053	520
1054	521
1055	521
1056	522
1057	522
1058	522
1059	522
1060	522
1061	523
1062	524
1063	525
1064	525
1065	525
1066	526
1067	527
1068	528
1069	529
1070	529
1071	529
1072	530
1073	530
1074	530
1075	531
1076	531
1077	531
1078	531
1079	532
1080	533
1081	533
1082	534
1083	535
1084	536
1085	537
1086	538
1087	538
1088	539
1089	540
1090	541
1091	542
1092	542
1093	543
1094	544
1095	544
1096	545
1097	546
1098	547
1099	548
1100	549
1101	549
1102	550
1103	551
1104	551
1105	552
1106	553
1107	554
1108	554
1109	554
1110	554
1111	555
1112	555
1113	556
1114	556
1115	557
1116	557
1117	557
1118	558
1119	559
1120	560
1121	561
1122	561
1123	562
1124	563
1125	563
1126	564
1127	564
1128	564
1129	564
1130	565
1131	565
1132	565
1133	566
1134	567
1135	568
1136	569
1137	569
1138	570
1139	570
1140	570
1141	570
1142	570
1143	571
1144	572
1145	572
1146	572
1147	572
1148	572
1149	572
1150	573
1151	573
1152	574
1153	574
1154	574
1155	574
1156	574
1157	574
1158	575
1159	575
1160	576
1161	577
1162	578
1163	578
1164	578
1165	579
1166	579
1167	579
1168	579
1169	580
1170	581
1171	582
1172	582
1173	582
1174	583
1175	583
1176	584
1177	584
1178	585
1179	586
1180	586
1181	587
1182	587
1183	588
1184	588
1185	589
1186	590
1187	590
1188	591
1189	591
1190	591
1191	591
1192	592
1193	592
1194	592
1195	592
1196	592
1197	593
1198	594
1199	595
1200	596
1201	597
1202	598
1203	598
1204	599
1205	599
1206	599
1207	599
1208	599
1209	600
1210	601
1211	602
1212	603
1213	604
1214	605
1215	605
1216	605
1217	606
1218	607
1219	607
1220	607
1221	607
1222	608
1223	608
1224	608
1225	609
1226	610
1227	610
1228	610
1229	611
1230	612
1231	613
1232	613
1233	614
1234	614
1235	615
1236	615
1237	616
1238	616
1239	616
1240	617
1241	617
1242	617
1243	618
1244	618
1245	618
1246	619
1247	620
1248	621
1249	622
1250	622
1251	623
1252	624
1253	624
1254	625
1255	625
1256	625
1257	626
1258	626
1259	627
1260	628
1261	628
1262	628
1263	628
1264	629
1265	629
1266	629
1267	629
1268	630
1269	630
1270	631
1271	631
1272	632
1273	632
1274	632
1275	632
1276	633
1277	633
1278	633
1279	634
1280	635
1281	635
1282	636
1283	636
1284	637
1285	637
1286	638
1287	639
1288	640
1289	641
1290	642
1291	642
1292	642
1293	642
1294	643
1295	643
1296	644
1297	644
1298	644
1299	644
1300	645
1301	646
1302	647
1303	648
1304	649
1305	649
1306	649
1307	649
1308	649
1309	650
1310	651
1311	652
1312	653
1313	654
1314	655
1315	656
1316	656
1317	656
1318	656
1319	657
1320	657
1321	658
1322	659
1323	659
1324	660
1325	660
1326	660
1327	661
1328	661
1329	661
1330	662
1331	663
1332	663
1333	663
1334	664
1335	665
1336	666
1337	666
1338	666
1339	667
1340	668
1341	668
1342	669
1343	670
1344	670
1345	671
1346	671
1347	672
1348	672
1349	672
1350	673
1351	673
1352	673
1353	674
1354	675
1355	675
1356	676
1357	676
1358	677
1359	678
1360	679
1361	680
1362	680
1363	681
1364	682
1365	683
1366	684
1367	685
1368	685
1369	686
1370	687
1371	688
1372	689
1373	690
1374	691
1375	691
1376	692
1377	692
1378	693
1379	694
1380	695
1381	695
1382	695
1383	696
1384	696
1385	697
1386	697
1387	698
1388	698
1389	699
1390	700
1391	700
1392	701
1393	702
1394	703
1395	703
1396	703
1397	703
1398	704
1399	704
1400	705
1401	706
1402	706
1403	706
1404	707
1405	707
1406	707
1407	708
1408	708
1409	709
1410	709
1411	710
1412	710
1413	710
1414	710
1415	711
1416	712
1417	712
1418	712
1419	713
1420	714
1421	714
1422	715
1423	716
1424	716
1425	716
1426	716
1427	716
1428	717
1429	718
1430	718
1431	718
1432	718
1433	718
1434	718
1435	718
1436	718
1437	719
1438	720
1439	721
1440	722
1441	722
1442	722
1443	723
1444	723
1445	724
1446	724
1447	725
1448	725
1449	726
1450	726
1451	727
1452	728
1453	728
1454	728
1455	729
1456	729
1457	729
1458	729
1459	729
1460	730
1461	731
1462	732
1463	732
1464	733
1465	734
1466	735
1467	736
1468	737
1469	738
1470	738
1471	738
1472	739
1473	739
1474	739
1475	739
1476	739
1477	740
1478	741
1479	742
1480	743
1481	744
1482	744
1483	744
1484	744
1485	744
1486	744
1487	744
1488	745
1489	746
1490	747
1491	748
1492	749
1493	749
1494	750
1495	751
1496	751
1497	751
1498	751
1499	751
1500	752
1501	752
1502	753
1503	754
1504	754
1505	754
1506	755
1507	756
1508	757
1509	757
1510	758
1511	758
1512	758
1513	758
1514	758
1515	758
1516	759
1517	759
1518	760
1519	761
1520	761
1521	761
1522	762
1523	762
1524	763
1525	763
1526	763
1527	764
1528	765
1529	765
1530	766
1531	766
1532	766
1533	767
1534	767
1535	768
1536	769
1537	769
1538	769
1539	769
1540	769
1541	769
1542	770
1543	771
1544	771
1545	771
1546	771
1547	772
1548	772
1549	772
1550	773
1551	774
1552	774
1553	774
1554	774
1555	775
1556	776
1557	777
1558	777
1559	777
1560	778
1561	778
1562	778
1563	778
1564	778
1565	778
1566	779
1567	780
1568	781
1569	781
1570	781
1571	782
1572	782
1573	783
1574	784
1575	785
1576	785
1577	785
1578	786
1579	787
1580	787
1581	787
1582	788
1583	789
1584	789
1585	790
1586	791
1587	792
1588	793
1589	794
1590	794
1591	795
1592	796
1593	796
1594	796
1595	796
1596	796
1597	796
1598	797
1599	797
1600	798
1601	799
1602	800
1603	800
1604	800
1605	800
1606	801
1607	801
1608	801
1609	802
1610	802
1611	802
1612	802
1613	803
1614	803
1615	803
1616	804
1617	804
1618	805
1619	805
1620	805
1621	806
1622	807
1623	808
1624	808
1625	809
1626	810
1627	810
1628	810
1629	810
1630	811
1631	812
1632	813
1633	814
1634	815
1635	816
1636	817
1637	818
1638	818
1639	818
1640	818
1641	819
1642	819
1643	819
1644	820
1645	821
1646	821
1647	822
1648	822
1649	822
1650	822
1651	822
1652	822
1653	823
1654	823
1655	823
1656	823
1657	824
1658	824
1659	824
1660	824
1661	825
1662	826
1663	826
1664	826
1665	827
1666	827
1667	827
1668	827
1669	827
1670	827
1671	827
1672	828
1673	828
1674	829
1675	830
1676	831
1677	832
1678	833
1679	834
1680	834
1681	835
1682	835
1683	836
1684	836
1685	837
1686	837
1687	837
1688	838
1689	839
1690	840
1691	841
1692	841
1693	842
1694	842
1695	842
1696	842
1697	843
1698	844
1699	844
1700	845
1701	845
1702	846
1703	847
1704	847
1705	847
1706	848
1707	848
1708	849
1709	849
1710	849
1711	849
1712	849
1713	849
1714	850
1715	850
1716	851
1717	852
1718	853
1719	854
1720	854
1721	854
1722	854
1723	855
1724	855
1725	855
1726	855
1727	855
1728	855
1729	855
1730	856
1731	856
1732	857
1733	858
1734	859
1735	860
1736	860
1737	860
1738	861
1739	861
1740	862
1741	863
1742	863
1743	863
1744	863
1745	864
1746	864
1747	865
1748	865
1749	865
1750	865
1751	866
1752	866
1753	866
1754	867
1755	867
1756	868
1757	868
1758	869
1759	870
1760	871
1761	872
1762	873
1763	873
1764	873
1765	874
1766	874
1767	874
1768	875
1769	876
1770	876
1771	877
1772	877
1773	877
1774	877
1775	877
1776	877
1777	878
1778	878
1779	878
1780	878
1781	878
1782	879
1783	880
1784	881
1785	881
1786	882
1787	882
1788	883
1789	884
1790	885
1791	885
1792	885
1793	886
1794	886
1795	886
1796	887
1797	887
1798	888
1799	888
1800	889
1801	889
1802	889
1803	890
1804	890
1805	890
1806	890
1807	891
1808	891
1809	891
1810	891
1811	892
1812	893
1813	893
1814	894
1815	894
1816	894
1817	895
1818	895
1819	895
1820	896
1821	897
1822	897
1823	897
1824	897
1825	897
1826	897
1827	897
1828	897
1829	897
1830	898
1831	899
1832	899
1833	900
1834	901
1835	901
1836	901
1837	901
1838	901
1839	901
1840	902
1841	902
1842	902
1843	902
1844	902
1845	902
1846	902
1847	902
1848	902
1849	902
1850	903
1851	904
1852	904
1853	904
1854	904
1855	904
1856	904
1857	904
1858	905
1859	905
1860	905
1861	906
1862	906
1863	907
1864	907
1865	907
1866	908
1867	909
1868	910
1869	911
1870	912
1871	913
1872	913
1873	913
1874	913
1875	914
1876	914
1877	915
1878	916
1879	917
1880	917
1881	918
1882	918
1883	919
1884	919
1885	919
1886	920
1887	920
1888	921
1889	921
1890	922
1891	923
1892	924
1893	924
1894	925
1895	925
1896	925
1897	925
1898	925
1899	925
1900	926
1901	927
1902	927
1903	928
1904	929
1905	930
1906	930
1907	931
1908	931
1909	931
1910	931
1911	931
1912	931
1913	932
1914	933
1915	933
1916	933
1917	934
1918	935
1919	936
1920	937
1921	938
1922	938
1923	939
1924	940
1925	940
1926	941
1927	942
1928	942
1929	942
1930	943
1931	943
1932	944
1933	944
1934	944
1935	944
1936	945
1937	946
1938	946
1939	947
1940	948
1941	948
1942	948
1943	948
1944	949
1945	950
1946	951
1947	951
1948	952
1949	953
1950	954
1951	955
1952	956
1953	957
1954	957
1955	958
1956	958
1957	958
1958	959
1959	960
1960	961
1961	962
1962	963
1963	963
1964	963
1965	964
1966	965
1967	966
1968	966
1969	967
1970	968
1971	969
1972	969
1973	969
1974	970
1975	970
1976	971
1977	972
1978	973
1979	974
1980	975
1981	975
1982	975
1983	975
1984	976
1985	976
1986	976
1987	977
1988	978
1989	978
1990	979
1991	979
1992	979
1993	979
1994	980
1995	980
1996	981
1997	981
1998	982
1999	983
2000	984
2001	985
2002	986
2003	987
2004	988
2005	989
2006	989
2007	990
2008	991
2009	991
2010	992
2011	993
2012	994
2013	994
2014	995
2015	996
2016	997
2017	998
2018	998
2019	999
2020	999
2021	1000
> cat(paste0('30%:\t', j, '\n'))
30%:	2021
> 
> proc.time()
   user  system elapsed 
842.708   6.763 862.844 
