
R version 4.3.0 (2023-04-21) -- "Already Tomorrow"
Copyright (C) 2023 The R Foundation for Statistical Computing
Platform: x86_64-pc-linux-gnu (64-bit)

R is free software and comes with ABSOLUTELY NO WARRANTY.
You are welcome to redistribute it under certain conditions.
Type 'license()' or 'licence()' for distribution details.

  Natural language support but running in an English locale

R is a collaborative project with many contributors.
Type 'contributors()' for more information and
'citation()' on how to cite R or R packages in publications.

Type 'demo()' for some demos, 'help()' for on-line help, or
'help.start()' for an HTML browser interface to help.
Type 'q()' to quit R.

> rm(list = ls())
> gc()
         used (Mb) gc trigger (Mb) max used (Mb)
Ncells 284765 15.3     664565 35.5   464468 24.9
Vcells 490458  3.8    8388608 64.0  1837328 14.1
> library(dplyr)

Attaching package: ‘dplyr’

The following objects are masked from ‘package:stats’:

    filter, lag

The following objects are masked from ‘package:base’:

    intersect, setdiff, setequal, union

> library(readr)
> library(foreach)
> library(doParallel)
Loading required package: iterators
Loading required package: parallel
> 
> # Set up the number of cores used for parallelization.
> message(detectCores())
24
> num_cores <- 24
> registerDoParallel(num_cores)
> 
> #########################
> #### SEIR Simulation ####
> #########################
> time <- 365 # Number of days.
> inf <- 7 # Average infectious period length.
> N <- 1000 # Population size.
> 
> create_hh <- function() {
+   # Randomly sample household sizes such that total population is 1000 
+   # individuals.
+   hh_size <- sample(x = c(3, 4, 5, 6), size = 340, replace = T)
+   
+   # Keep households such that total population is < 1000.
+   hh_size <- hh_size[which(cumsum(hh_size) < N)]
+   
+   leftover <- N - sum(hh_size)
+   if (leftover < 3) {
+     hh <- 1:length(hh_size)
+     sampled <- sample(hh[hh_size < 6], leftover)
+     hh_size[sampled] <- hh_size[sampled] + 1
+   } else {
+     hh_size <- c(hh_size, leftover)
+   }
+   return(hh_size)
+ }
> 
> SEIR_p2p <- function(params, inf = 7, verbose = F) {
+   hh_size <- create_hh()
+   
+   # Create frame for running the simulation.
+   # ID: ID of individual.
+   # SIZE: size of individual's household.
+   # HH: ID of individual's household.
+   # S: susceptibility status.
+   # E: exposed status.
+   # E_count: number of days since exposed.
+   # I: infectious status.
+   # I_count: number of days since infectious.
+   # R: recovered status.
+   # INC: incubation period.
+   # INF: infectious period.
+   data <- data.frame(ID = 1:N,
+                      SIZE = rep(hh_size, times = hh_size),
+                      HH = rep(1:length(hh_size), times = hh_size), 
+                      S = c(0, rep(1, N - 1)), 
+                      E = c(1, rep(0, N - 1)),
+                      E_count = c(1, rep(0, N - 1)), 
+                      I = 0,
+                      I_count = 0, 
+                      R = 0, 
+                      INC = c(round(rlnorm(1, meanlog = log(29.8), sdlog = 0.45)), rep(0, N - 1)),
+                      INF = 0)
+   
+   # Create frame for storing results.
+   # ID: ID of individual.
+   # SIZE: size of individual's household.
+   # HH: ID of individual's household.
+   # TYPE: the kind of infection: household (H), community (C), or both (B).
+   # TIME: when the individual became infectious.
+   # S_num: number of susceptible people in individual's household when their 
+   #        infectious period begins.
+   # I_num: number of people in household that this individual infected over 
+   #        their infectious period.
+   results <- data[, 1:3] %>% mutate(TYPE = NA, TIME = NA, S_num = NA, I_num = 0)
+   results$TYPE[1] <- '0'
+   
+   for(t in 1:time) {
+     if (verbose) {
+       if (t %% 10 == 0) {
+         cat(paste0(t, ' '))
+       }
+     }
+     
+     # Anyone who has been infectious for as many days as their infectious period
+     # is now recovered.
+     recovered <- (data$INF > 0) & (data$I_count == data$INF)
+     if(sum(recovered, na.rm = T) > 0) {
+       data$R[recovered] <- 1
+       data$I[recovered] <- 0
+       data$I_count[recovered] <- 0 
+     }
+     
+     # Anyone who has been incubating for as many days as their incubation period
+     # is now infectious.
+     new_inf <- (data$INC > 0) & (data$E_count == data$INC)
+     num_new_inf <- sum(new_inf, na.rm = T)
+     if(num_new_inf > 0) {
+       # Change status to newly infectious and add infectious period.
+       data$I[new_inf] <- 1
+       random_inf <- rnorm(num_new_inf, mean = inf, sd = 1) %>% round()
+       data$INF[new_inf] <- random_inf
+       
+       # Remove exposure status and exposure count.
+       data$E[new_inf] <- 0
+       data$E_count[new_inf] <- 0 
+       
+       # Record time at which infectious period starts.
+       results$TIME[new_inf] <- t
+       
+       # Save the number of susceptible people in each infectious individual's 
+       # household.
+       S_data <- data %>% group_by(HH) %>% 
+         mutate(S_tot = sum(S)) %>% 
+         select(HH, S_tot)
+       results$S_num[new_inf == 1] <- S_data$S_tot[new_inf == 1]
+     }
+     
+     # I_H is the number of infections inside each household.
+     # I_C is the number of infections outside each household.
+     I_data <- data %>% group_by(HH) %>% 
+       mutate(I_H = sum(I)) %>% 
+       ungroup() %>% 
+       mutate(I_C = sum(I) - I_H)
+     
+     # Calculate household risk and community risk.
+     beta_H <- params[1]
+     beta_C <- params[2]
+     risk_H <- pmin(beta_H * data$S * I_data$I_H / N, 1)
+     risk_C <- pmin(beta_C * data$S * I_data$I_C / N, 1)
+     
+     # Each individual is infected from their household or community 
+     # independently with probabilities risk_H and risk_C.
+     new_inf_H <- rbinom(N, 1, risk_H)
+     new_inf_C <- rbinom(N, 1, risk_C)
+     
+     new_exposed <- (new_inf_H == 1) | (new_inf_C == 1)
+     num_new_exposed <- sum(new_exposed, na.rm = T)
+     if (num_new_exposed > 0) {
+       # Change status to newly exposed and add incubation period.
+       data$E[new_exposed] <- 1
+       random_inc <- rlnorm(num_new_exposed, meanlog = log(29.8), sdlog = 0.45) %>% round()
+       data$INC[new_exposed] <- random_inc
+       
+       # Remove susceptible status.
+       data$S[new_exposed] <- 0
+       
+       # Get number of new infections in each household.
+       I_data <- I_data %>%
+         select(ID, HH, I, I_H) %>%
+         mutate(new_I_H = new_inf_H) %>%
+         group_by(HH) %>%
+         # Find households with at least 1 currently infectious individual. If 
+         # exactly 1 infectious individual in household, assign all new H 
+         # exposures to that individual. If there are multiple infectious 
+         # individuals, assign all infections to the infectious individual with 
+         # the first ID.
+         mutate(new_I_H = ifelse(I == 1 & ID == first(ID[I == 1]), 
+                                 sum(new_I_H), 0))
+       
+       results$I_num <- results$I_num + I_data$new_I_H
+       
+       # Label infection types.
+       results$TYPE[new_inf_C == 1] <- 'C'
+       results$TYPE[new_inf_H == 1] <- 'H'
+       results$TYPE[(new_inf_H == 1) & (new_inf_C == 1)] <- 'HC'
+     }
+     
+     # Increment exposure and infectious counters.
+     data$E_count[data$E == 1] <- data$E_count[data$E == 1] + 1
+     data$I_count[data$I == 1] <- data$I_count[data$I == 1] + 1
+   }
+   return(results)
+ }
> 
> metrics <- function(results) {
+   # Incidence is the proportion of the population that became infected.
+   idc <- mean(!is.na(results$TIME))
+   return(c(idc))
+ }
> 
> # 5% Cumulative Incidence
> beta_H <- 52.5
> beta_C <- 0.073
> params <- c(beta_H, beta_C)
> 
> n_sims <- 1000
> i <- 1
> j <- 0
> while (i <= n_sims) {
+     results <- SEIR_p2p(params)
+     j <- j + 1
+     cat(paste0(j, '\t', i, '\n'))
+     if (metrics(results) > 0.04 & metrics(results) < 0.06) {
+         write.csv(results, file = paste0('5/', i, '.csv'), row.names = F)
+         i <- i + 1
+     }
+ }
1	1
2	1
3	1
4	1
5	1
6	2
7	2
8	2
9	2
10	2
11	2
12	3
13	3
14	3
15	3
16	3
17	4
18	4
19	4
20	4
21	4
22	4
23	4
24	4
25	4
26	4
27	4
28	4
29	4
30	4
31	4
32	4
33	4
34	4
35	4
36	4
37	4
38	4
39	4
40	4
41	4
42	4
43	4
44	4
45	4
46	4
47	4
48	4
49	4
50	4
51	4
52	4
53	4
54	4
55	4
56	4
57	4
58	4
59	4
60	5
61	5
62	5
63	5
64	5
65	5
66	5
67	5
68	5
69	5
70	5
71	5
72	5
73	5
74	6
75	6
76	6
77	6
78	6
79	6
80	6
81	6
82	6
83	6
84	6
85	6
86	6
87	6
88	6
89	6
90	6
91	6
92	6
93	6
94	7
95	7
96	8
97	8
98	8
99	9
100	9
101	9
102	10
103	10
104	10
105	11
106	12
107	12
108	12
109	12
110	12
111	12
112	12
113	12
114	12
115	12
116	13
117	13
118	13
119	13
120	13
121	13
122	13
123	13
124	14
125	14
126	14
127	14
128	14
129	14
130	14
131	15
132	15
133	15
134	15
135	15
136	15
137	15
138	15
139	15
140	15
141	15
142	15
143	15
144	15
145	15
146	15
147	15
148	15
149	15
150	15
151	15
152	15
153	15
154	15
155	15
156	15
157	15
158	15
159	15
160	15
161	15
162	15
163	16
164	16
165	16
166	16
167	16
168	17
169	17
170	17
171	17
172	17
173	17
174	17
175	18
176	18
177	18
178	18
179	18
180	19
181	19
182	19
183	19
184	19
185	19
186	20
187	20
188	20
189	20
190	20
191	20
192	20
193	20
194	21
195	21
196	21
197	21
198	21
199	21
200	21
201	22
202	22
203	22
204	22
205	22
206	22
207	22
208	22
209	22
210	22
211	22
212	22
213	23
214	23
215	23
216	23
217	24
218	24
219	24
220	24
221	24
222	24
223	24
224	24
225	24
226	25
227	26
228	26
229	26
230	26
231	26
232	26
233	26
234	26
235	26
236	26
237	26
238	26
239	26
240	26
241	26
242	26
243	27
244	27
245	27
246	27
247	27
248	27
249	27
250	27
251	27
252	27
253	28
254	28
255	28
256	28
257	28
258	28
259	28
260	28
261	28
262	28
263	28
264	28
265	28
266	28
267	28
268	29
269	29
270	29
271	29
272	29
273	29
274	29
275	29
276	29
277	29
278	29
279	29
280	29
281	29
282	29
283	29
284	29
285	30
286	30
287	30
288	30
289	30
290	30
291	30
292	30
293	30
294	30
295	30
296	30
297	31
298	31
299	31
300	32
301	32
302	32
303	32
304	32
305	33
306	33
307	33
308	33
309	33
310	33
311	33
312	33
313	33
314	34
315	34
316	34
317	34
318	34
319	34
320	34
321	34
322	34
323	34
324	34
325	34
326	34
327	34
328	34
329	34
330	34
331	34
332	34
333	34
334	34
335	34
336	34
337	35
338	35
339	35
340	35
341	35
342	35
343	35
344	36
345	36
346	36
347	36
348	36
349	36
350	36
351	36
352	36
353	36
354	36
355	36
356	36
357	36
358	36
359	36
360	36
361	36
362	36
363	37
364	37
365	37
366	37
367	37
368	37
369	37
370	37
371	37
372	37
373	37
374	37
375	37
376	37
377	37
378	37
379	37
380	37
381	37
382	37
383	37
384	37
385	37
386	37
387	37
388	37
389	37
390	37
391	37
392	37
393	37
394	37
395	37
396	37
397	37
398	37
399	37
400	37
401	37
402	37
403	37
404	37
405	37
406	37
407	37
408	38
409	38
410	38
411	39
412	39
413	39
414	39
415	40
416	40
417	41
418	41
419	41
420	41
421	42
422	42
423	42
424	42
425	42
426	42
427	42
428	42
429	42
430	42
431	42
432	43
433	43
434	43
435	43
436	43
437	43
438	43
439	43
440	43
441	43
442	43
443	43
444	43
445	43
446	43
447	43
448	43
449	43
450	43
451	43
452	43
453	43
454	44
455	44
456	44
457	45
458	45
459	45
460	45
461	45
462	45
463	45
464	45
465	45
466	45
467	45
468	45
469	46
470	46
471	46
472	46
473	47
474	47
475	47
476	47
477	47
478	47
479	47
480	47
481	47
482	47
483	47
484	48
485	48
486	48
487	48
488	48
489	48
490	48
491	48
492	48
493	48
494	48
495	48
496	48
497	48
498	48
499	48
500	48
501	48
502	48
503	48
504	48
505	48
506	48
507	48
508	48
509	49
510	49
511	49
512	49
513	49
514	49
515	49
516	49
517	49
518	49
519	49
520	49
521	49
522	49
523	50
524	50
525	50
526	51
527	51
528	51
529	51
530	51
531	51
532	51
533	51
534	51
535	51
536	52
537	52
538	52
539	52
540	52
541	52
542	52
543	52
544	52
545	53
546	53
547	53
548	53
549	53
550	53
551	53
552	53
553	53
554	53
555	53
556	53
557	53
558	53
559	53
560	53
561	53
562	53
563	53
564	53
565	53
566	53
567	53
568	53
569	53
570	53
571	53
572	53
573	53
574	53
575	53
576	53
577	53
578	53
579	53
580	53
581	53
582	53
583	53
584	53
585	53
586	53
587	53
588	53
589	53
590	53
591	53
592	53
593	53
594	54
595	54
596	54
597	54
598	54
599	55
600	55
601	55
602	55
603	55
604	55
605	55
606	56
607	56
608	56
609	56
610	56
611	56
612	56
613	56
614	57
615	57
616	58
617	58
618	58
619	59
620	60
621	60
622	60
623	60
624	60
625	60
626	61
627	61
628	61
629	62
630	62
631	62
632	62
633	62
634	62
635	62
636	62
637	62
638	62
639	62
640	62
641	62
642	62
643	62
644	62
645	63
646	64
647	64
648	64
649	64
650	64
651	64
652	64
653	65
654	65
655	65
656	65
657	65
658	65
659	65
660	65
661	65
662	65
663	65
664	65
665	65
666	65
667	66
668	66
669	66
670	66
671	67
672	67
673	67
674	67
675	67
676	67
677	67
678	67
679	67
680	67
681	67
682	68
683	68
684	68
685	68
686	68
687	68
688	68
689	68
690	68
691	68
692	68
693	68
694	68
695	68
696	68
697	68
698	68
699	68
700	68
701	68
702	68
703	68
704	68
705	68
706	69
707	69
708	69
709	69
710	69
711	69
712	69
713	69
714	69
715	69
716	69
717	69
718	69
719	69
720	69
721	69
722	69
723	69
724	69
725	69
726	69
727	69
728	69
729	69
730	69
731	69
732	69
733	69
734	69
735	69
736	69
737	69
738	69
739	69
740	69
741	69
742	69
743	69
744	69
745	69
746	69
747	70
748	70
749	71
750	71
751	71
752	71
753	71
754	71
755	71
756	71
757	72
758	72
759	72
760	72
761	72
762	72
763	72
764	72
765	73
766	73
767	73
768	73
769	73
770	73
771	73
772	73
773	73
774	73
775	73
776	74
777	74
778	74
779	74
780	74
781	74
782	74
783	74
784	75
785	75
786	76
787	76
788	76
789	76
790	76
791	76
792	76
793	76
794	76
795	76
796	76
797	76
798	76
799	76
800	76
801	76
802	76
803	76
804	76
805	76
806	76
807	76
808	76
809	76
810	76
811	76
812	76
813	76
814	76
815	76
816	76
817	76
818	76
819	77
820	78
821	78
822	78
823	78
824	78
825	78
826	78
827	78
828	78
829	78
830	78
831	78
832	78
833	78
834	78
835	78
836	79
837	79
838	79
839	79
840	79
841	79
842	79
843	79
844	79
845	79
846	79
847	79
848	79
849	79
850	79
851	79
852	80
853	80
854	80
855	80
856	80
857	80
858	80
859	80
860	80
861	81
862	81
863	81
864	81
865	81
866	81
867	81
868	81
869	81
870	81
871	82
872	82
873	82
874	82
875	82
876	82
877	82
878	82
879	82
880	82
881	82
882	82
883	82
884	82
885	82
886	82
887	82
888	82
889	82
890	82
891	82
892	82
893	82
894	82
895	82
896	82
897	82
898	82
899	82
900	82
901	82
902	82
903	82
904	82
905	82
906	82
907	82
908	82
909	82
910	83
911	84
912	84
913	85
914	85
915	85
916	85
917	85
918	86
919	86
920	86
921	86
922	86
923	86
924	86
925	86
926	86
927	86
928	86
929	86
930	86
931	86
932	86
933	86
934	86
935	87
936	88
937	88
938	88
939	88
940	88
941	88
942	88
943	88
944	88
945	88
946	89
947	89
948	89
949	89
950	89
951	89
952	89
953	90
954	90
955	90
956	90
957	90
958	90
959	91
960	91
961	91
962	91
963	92
964	92
965	92
966	92
967	92
968	92
969	92
970	92
971	92
972	92
973	92
974	92
975	92
976	92
977	92
978	92
979	93
980	93
981	93
982	94
983	95
984	96
985	96
986	96
987	96
988	96
989	96
990	96
991	96
992	97
993	97
994	97
995	97
996	97
997	97
998	97
999	97
1000	97
1001	97
1002	97
1003	97
1004	97
1005	97
1006	97
1007	97
1008	97
1009	97
1010	97
1011	97
1012	97
1013	97
1014	97
1015	98
1016	98
1017	98
1018	98
1019	98
1020	98
1021	98
1022	98
1023	99
1024	99
1025	99
1026	99
1027	99
1028	99
1029	99
1030	99
1031	99
1032	99
1033	100
1034	100
1035	100
1036	100
1037	100
1038	101
1039	101
1040	101
1041	101
1042	101
1043	101
1044	101
1045	101
1046	101
1047	101
1048	101
1049	101
1050	102
1051	102
1052	102
1053	102
1054	102
1055	102
1056	102
1057	102
1058	102
1059	102
1060	102
1061	102
1062	102
1063	102
1064	102
1065	102
1066	102
1067	102
1068	102
1069	102
1070	102
1071	102
1072	102
1073	102
1074	102
1075	102
1076	102
1077	103
1078	103
1079	104
1080	104
1081	104
1082	104
1083	104
1084	104
1085	104
1086	104
1087	104
1088	104
1089	104
1090	104
1091	104
1092	104
1093	104
1094	104
1095	104
1096	104
1097	104
1098	104
1099	104
1100	104
1101	104
1102	104
1103	104
1104	104
1105	104
1106	104
1107	105
1108	105
1109	105
1110	106
1111	106
1112	106
1113	107
1114	107
1115	107
1116	107
1117	107
1118	107
1119	107
1120	107
1121	107
1122	107
1123	107
1124	107
1125	107
1126	107
1127	107
1128	108
1129	108
1130	108
1131	108
1132	108
1133	108
1134	109
1135	109
1136	109
1137	109
1138	109
1139	109
1140	109
1141	109
1142	109
1143	109
1144	109
1145	109
1146	109
1147	109
1148	109
1149	109
1150	109
1151	109
1152	109
1153	110
1154	110
1155	110
1156	110
1157	110
1158	110
1159	111
1160	111
1161	111
1162	112
1163	112
1164	112
1165	112
1166	112
1167	112
1168	112
1169	112
1170	112
1171	112
1172	112
1173	112
1174	112
1175	112
1176	112
1177	112
1178	112
1179	113
1180	114
1181	115
1182	115
1183	115
1184	115
1185	115
1186	115
1187	116
1188	116
1189	116
1190	116
1191	116
1192	117
1193	117
1194	117
1195	117
1196	117
1197	118
1198	118
1199	118
1200	118
1201	119
1202	119
1203	119
1204	119
1205	119
1206	119
1207	119
1208	119
1209	119
1210	119
1211	119
1212	119
1213	120
1214	120
1215	120
1216	120
1217	120
1218	120
1219	120
1220	120
1221	120
1222	120
1223	120
1224	120
1225	120
1226	120
1227	121
1228	121
1229	121
1230	121
1231	121
1232	121
1233	121
1234	122
1235	122
1236	122
1237	122
1238	122
1239	123
1240	123
1241	123
1242	124
1243	124
1244	124
1245	124
1246	124
1247	125
1248	126
1249	126
1250	126
1251	126
1252	126
1253	126
1254	126
1255	126
1256	126
1257	127
1258	127
1259	127
1260	127
1261	127
1262	127
1263	127
1264	127
1265	127
1266	127
1267	127
1268	127
1269	127
1270	127
1271	127
1272	127
1273	127
1274	128
1275	128
1276	128
1277	128
1278	128
1279	128
1280	129
1281	130
1282	130
1283	130
1284	130
1285	130
1286	130
1287	130
1288	131
1289	131
1290	132
1291	132
1292	132
1293	132
1294	132
1295	132
1296	132
1297	132
1298	132
1299	132
1300	132
1301	132
1302	132
1303	132
1304	132
1305	132
1306	132
1307	132
1308	133
1309	133
1310	133
1311	133
1312	133
1313	133
1314	133
1315	133
1316	133
1317	133
1318	134
1319	134
1320	134
1321	134
1322	134
1323	134
1324	134
1325	134
1326	134
1327	134
1328	134
1329	134
1330	134
1331	134
1332	134
1333	134
1334	134
1335	134
1336	134
1337	134
1338	134
1339	134
1340	134
1341	134
1342	134
1343	134
1344	134
1345	134
1346	134
1347	134
1348	134
1349	134
1350	134
1351	134
1352	134
1353	134
1354	134
1355	134
1356	134
1357	134
1358	134
1359	134
1360	134
1361	134
1362	134
1363	134
1364	134
1365	135
1366	135
1367	135
1368	135
1369	135
1370	135
1371	135
1372	135
1373	135
1374	135
1375	135
1376	135
1377	135
1378	135
1379	136
1380	137
1381	137
1382	137
1383	138
1384	138
1385	138
1386	138
1387	138
1388	138
1389	138
1390	138
1391	138
1392	138
1393	138
1394	138
1395	138
1396	138
1397	138
1398	138
1399	139
1400	139
1401	139
1402	139
1403	139
1404	139
1405	139
1406	139
1407	139
1408	139
1409	139
1410	139
1411	139
1412	139
1413	139
1414	139
1415	139
1416	139
1417	139
1418	139
1419	139
1420	139
1421	139
1422	139
1423	139
1424	139
1425	139
1426	139
1427	139
1428	139
1429	139
1430	139
1431	139
1432	140
1433	140
1434	140
1435	140
1436	140
1437	140
1438	140
1439	140
1440	140
1441	140
1442	141
1443	141
1444	141
1445	141
1446	141
1447	141
1448	141
1449	141
1450	141
1451	141
1452	141
1453	141
1454	141
1455	141
1456	141
1457	141
1458	141
1459	141
1460	141
1461	141
1462	141
1463	141
1464	141
1465	141
1466	141
1467	141
1468	141
1469	141
1470	142
1471	142
1472	142
1473	142
1474	142
1475	142
1476	142
1477	142
1478	142
1479	142
1480	142
1481	142
1482	142
1483	142
1484	142
1485	142
1486	142
1487	142
1488	143
1489	143
1490	143
1491	143
1492	143
1493	144
1494	144
1495	144
1496	144
1497	144
1498	145
1499	145
1500	145
1501	145
1502	145
1503	145
1504	145
1505	145
1506	146
1507	146
1508	146
1509	147
1510	147
1511	147
1512	148
1513	148
1514	148
1515	148
1516	148
1517	148
1518	148
1519	149
1520	149
1521	149
1522	150
1523	150
1524	151
1525	151
1526	151
1527	151
1528	151
1529	151
1530	152
1531	152
1532	152
1533	153
1534	153
1535	153
1536	153
1537	153
1538	153
1539	153
1540	153
1541	153
1542	153
1543	153
1544	153
1545	153
1546	153
1547	153
1548	153
1549	153
1550	153
1551	153
1552	153
1553	153
1554	153
1555	153
1556	153
1557	154
1558	154
1559	154
1560	154
1561	154
1562	154
1563	154
1564	154
1565	154
1566	154
1567	154
1568	154
1569	154
1570	154
1571	154
1572	154
1573	154
1574	154
1575	154
1576	154
1577	154
1578	154
1579	154
1580	155
1581	155
1582	156
1583	156
1584	156
1585	157
1586	157
1587	157
1588	157
1589	157
1590	157
1591	157
1592	157
1593	157
1594	157
1595	157
1596	157
1597	157
1598	157
1599	157
1600	157
1601	157
1602	157
1603	157
1604	157
1605	157
1606	157
1607	157
1608	157
1609	157
1610	157
1611	157
1612	157
1613	157
1614	157
1615	157
1616	157
1617	157
1618	157
1619	157
1620	157
1621	157
1622	157
1623	157
1624	157
1625	157
1626	157
1627	157
1628	157
1629	158
1630	158
1631	158
1632	158
1633	158
1634	158
1635	158
1636	158
1637	158
1638	158
1639	158
1640	158
1641	158
1642	158
1643	158
1644	158
1645	158
1646	158
1647	158
1648	159
1649	159
1650	159
1651	159
1652	159
1653	159
1654	159
1655	159
1656	159
1657	159
1658	159
1659	159
1660	159
1661	159
1662	159
1663	160
1664	161
1665	161
1666	161
1667	161
1668	161
1669	161
1670	161
1671	161
1672	161
1673	161
1674	161
1675	161
1676	161
1677	161
1678	161
1679	161
1680	161
1681	161
1682	161
1683	161
1684	161
1685	161
1686	161
1687	161
1688	161
1689	161
1690	161
1691	161
1692	162
1693	162
1694	162
1695	162
1696	162
1697	162
1698	162
1699	162
1700	162
1701	162
1702	162
1703	163
1704	163
1705	164
1706	164
1707	164
1708	164
1709	164
1710	164
1711	164
1712	164
1713	164
1714	164
1715	164
1716	164
1717	164
1718	164
1719	165
1720	165
1721	165
1722	165
1723	165
1724	165
1725	165
1726	165
1727	165
1728	165
1729	165
1730	165
1731	165
1732	165
1733	165
1734	165
1735	165
1736	165
1737	165
1738	166
1739	166
1740	166
1741	166
1742	166
1743	166
1744	166
1745	166
1746	166
1747	166
1748	167
1749	167
1750	167
1751	167
1752	167
1753	167
1754	167
1755	167
1756	168
1757	168
1758	168
1759	168
1760	168
1761	168
1762	168
1763	168
1764	168
1765	168
1766	168
1767	168
1768	168
1769	168
1770	168
1771	168
1772	168
1773	168
1774	169
1775	169
1776	169
1777	169
1778	169
1779	169
1780	169
1781	170
1782	170
1783	170
1784	170
1785	170
1786	170
1787	170
1788	170
1789	170
1790	170
1791	171
1792	171
1793	171
1794	171
1795	171
1796	171
1797	171
1798	171
1799	171
1800	171
1801	171
1802	171
1803	171
1804	171
1805	171
1806	171
1807	172
1808	172
1809	172
1810	172
1811	172
1812	172
1813	172
1814	172
1815	172
1816	172
1817	173
1818	173
1819	173
1820	173
1821	173
1822	173
1823	173
1824	174
1825	174
1826	174
1827	174
1828	174
1829	174
1830	174
1831	174
1832	174
1833	174
1834	174
1835	174
1836	174
1837	174
1838	174
1839	174
1840	174
1841	174
1842	174
1843	175
1844	175
1845	175
1846	175
1847	175
1848	175
1849	175
1850	175
1851	175
1852	175
1853	175
1854	175
1855	175
1856	175
1857	175
1858	175
1859	175
1860	175
1861	175
1862	176
1863	176
1864	176
1865	176
1866	176
1867	176
1868	176
1869	176
1870	176
1871	176
1872	176
1873	176
1874	176
1875	176
1876	176
1877	176
1878	176
1879	176
1880	176
1881	176
1882	176
1883	177
1884	177
1885	178
1886	178
1887	178
1888	178
1889	178
1890	178
1891	178
1892	178
1893	178
1894	178
1895	178
1896	178
1897	178
1898	178
1899	178
1900	178
1901	178
1902	179
1903	179
1904	179
1905	180
1906	180
1907	180
1908	180
1909	180
1910	180
1911	181
1912	182
1913	182
1914	182
1915	182
1916	182
1917	182
1918	182
1919	182
1920	182
1921	182
1922	182
1923	183
1924	183
1925	183
1926	183
1927	183
1928	183
1929	183
1930	183
1931	183
1932	183
1933	183
1934	184
1935	184
1936	184
1937	185
1938	185
1939	185
1940	186
1941	186
1942	186
1943	186
1944	186
1945	186
1946	186
1947	186
1948	186
1949	186
1950	187
1951	188
1952	188
1953	188
1954	188
1955	188
1956	188
1957	188
1958	188
1959	188
1960	188
1961	188
1962	188
1963	188
1964	188
1965	188
1966	188
1967	188
1968	188
1969	188
1970	188
1971	188
1972	188
1973	188
1974	188
1975	188
1976	188
1977	188
1978	188
1979	188
1980	188
1981	188
1982	188
1983	188
1984	188
1985	188
1986	188
1987	189
1988	189
1989	189
1990	189
1991	189
1992	189
1993	189
1994	190
1995	190
1996	190
1997	190
1998	190
1999	190
2000	190
2001	190
2002	190
2003	190
2004	190
2005	190
2006	190
2007	190
2008	190
2009	190
2010	190
2011	191
2012	192
2013	192
2014	192
2015	192
2016	192
2017	192
2018	193
2019	193
2020	193
2021	193
2022	193
2023	193
2024	193
2025	193
2026	193
2027	193
2028	194
2029	194
2030	194
2031	194
2032	194
2033	194
2034	194
2035	194
2036	194
2037	194
2038	194
2039	194
2040	195
2041	195
2042	195
2043	195
2044	195
2045	195
2046	195
2047	195
2048	195
2049	195
2050	195
2051	195
2052	195
2053	195
2054	195
2055	195
2056	195
2057	195
2058	195
2059	195
2060	196
2061	196
2062	196
2063	196
2064	196
2065	196
2066	196
2067	196
2068	196
2069	196
2070	196
2071	196
2072	196
2073	196
2074	196
2075	196
2076	196
2077	196
2078	196
2079	196
2080	196
2081	196
2082	196
2083	197
2084	197
2085	197
2086	198
2087	198
2088	199
2089	199
2090	199
2091	199
2092	199
2093	200
2094	200
2095	200
2096	200
2097	200
2098	200
2099	201
2100	201
2101	201
2102	201
2103	201
2104	201
2105	201
2106	201
2107	201
2108	201
2109	201
2110	201
2111	201
2112	201
2113	201
2114	201
2115	201
2116	201
2117	201
2118	201
2119	201
2120	201
2121	201
2122	201
2123	201
2124	202
2125	202
2126	202
2127	202
2128	202
2129	202
2130	202
2131	202
2132	202
2133	202
2134	202
2135	202
2136	202
2137	202
2138	202
2139	202
2140	202
2141	202
2142	202
2143	202
2144	202
2145	202
2146	202
2147	202
2148	202
2149	202
2150	202
2151	202
2152	202
2153	202
2154	202
2155	202
2156	202
2157	202
2158	202
2159	202
2160	202
2161	202
2162	202
2163	202
2164	203
2165	203
2166	203
2167	203
2168	203
2169	203
2170	203
2171	203
2172	203
2173	203
2174	204
2175	204
2176	204
2177	204
2178	205
2179	205
2180	205
2181	205
2182	205
2183	205
2184	205
2185	206
2186	206
2187	206
2188	206
2189	206
2190	206
2191	206
2192	206
2193	206
2194	206
2195	206
2196	206
2197	206
2198	206
2199	207
2200	207
2201	207
2202	207
2203	207
2204	207
2205	207
2206	207
2207	207
2208	207
2209	207
2210	207
2211	207
2212	207
2213	207
2214	207
2215	207
2216	207
2217	207
2218	207
2219	207
2220	207
2221	207
2222	207
2223	207
2224	207
2225	207
2226	207
2227	207
2228	207
2229	207
2230	207
2231	207
2232	207
2233	207
2234	207
2235	207
2236	207
2237	207
2238	207
2239	207
2240	207
2241	207
2242	207
2243	207
2244	207
2245	207
2246	207
2247	207
2248	207
2249	207
2250	207
2251	207
2252	207
2253	207
2254	208
2255	209
2256	209
2257	209
2258	209
2259	209
2260	209
2261	209
2262	209
2263	209
2264	209
2265	209
2266	209
2267	209
2268	209
2269	209
2270	209
2271	209
2272	209
2273	209
2274	209
2275	209
2276	209
2277	209
2278	209
2279	209
2280	209
2281	209
2282	209
2283	209
2284	210
2285	210
2286	210
2287	211
2288	211
2289	211
2290	211
2291	211
2292	211
2293	211
2294	211
2295	211
2296	212
2297	212
2298	212
2299	212
2300	212
2301	212
2302	213
2303	213
2304	213
2305	213
2306	213
2307	213
2308	214
2309	214
2310	214
2311	214
2312	214
2313	214
2314	214
2315	215
2316	215
2317	215
2318	215
2319	215
2320	215
2321	215
2322	216
2323	216
2324	216
2325	216
2326	216
2327	216
2328	216
2329	216
2330	216
2331	217
2332	217
2333	217
2334	217
2335	217
2336	217
2337	217
2338	217
2339	217
2340	217
2341	218
2342	218
2343	218
2344	218
2345	218
2346	219
2347	219
2348	219
2349	219
2350	219
2351	219
2352	219
2353	219
2354	219
2355	219
2356	219
2357	219
2358	219
2359	219
2360	220
2361	220
2362	220
2363	220
2364	220
2365	220
2366	220
2367	221
2368	221
2369	221
2370	221
2371	221
2372	221
2373	221
2374	221
2375	221
2376	221
2377	221
2378	221
2379	221
2380	221
2381	221
2382	221
2383	221
2384	221
2385	221
2386	221
2387	221
2388	221
2389	221
2390	221
2391	221
2392	221
2393	221
2394	221
2395	221
2396	221
2397	221
2398	221
2399	221
2400	221
2401	221
2402	221
2403	221
2404	221
2405	221
2406	221
2407	221
2408	221
2409	221
2410	221
2411	221
2412	221
2413	221
2414	221
2415	221
2416	221
2417	221
2418	221
2419	221
2420	222
2421	222
2422	222
2423	223
2424	223
2425	223
2426	223
2427	223
2428	223
2429	223
2430	223
2431	223
2432	223
2433	223
2434	224
2435	224
2436	224
2437	224
2438	224
2439	225
2440	225
2441	226
2442	226
2443	226
2444	227
2445	227
2446	227
2447	227
2448	227
2449	227
2450	227
2451	227
2452	228
2453	228
2454	228
2455	228
2456	228
2457	228
2458	228
2459	228
2460	228
2461	228
2462	228
2463	228
2464	228
2465	229
2466	229
2467	229
2468	229
2469	230
2470	230
2471	230
2472	230
2473	230
2474	230
2475	230
2476	230
2477	230
2478	230
2479	230
2480	231
2481	231
2482	231
2483	231
2484	231
2485	231
2486	232
2487	232
2488	232
2489	232
2490	232
2491	232
2492	232
2493	232
2494	232
2495	232
2496	232
2497	232
2498	232
2499	232
2500	232
2501	232
2502	233
2503	233
2504	233
2505	233
2506	233
2507	233
2508	233
2509	233
2510	233
2511	233
2512	233
2513	233
2514	233
2515	233
2516	233
2517	233
2518	233
2519	233
2520	233
2521	233
2522	233
2523	233
2524	233
2525	233
2526	233
2527	233
2528	233
2529	233
2530	234
2531	234
2532	234
2533	234
2534	234
2535	234
2536	234
2537	234
2538	234
2539	234
2540	234
2541	234
2542	234
2543	234
2544	234
2545	234
2546	234
2547	234
2548	234
2549	235
2550	235
2551	235
2552	235
2553	235
2554	235
2555	235
2556	236
2557	236
2558	236
2559	237
2560	237
2561	237
2562	237
2563	237
2564	237
2565	237
2566	237
2567	237
2568	238
2569	238
2570	238
2571	239
2572	240
2573	240
2574	240
2575	240
2576	240
2577	240
2578	240
2579	241
2580	241
2581	241
2582	242
2583	242
2584	242
2585	242
2586	242
2587	242
2588	242
2589	242
2590	242
2591	242
2592	242
2593	242
2594	242
2595	242
2596	242
2597	242
2598	242
2599	242
2600	242
2601	243
2602	243
2603	243
2604	243
2605	243
2606	243
2607	243
2608	243
2609	243
2610	243
2611	244
2612	244
2613	245
2614	245
2615	245
2616	246
2617	246
2618	246
2619	246
2620	246
2621	246
2622	246
2623	246
2624	247
2625	247
2626	247
2627	247
2628	247
2629	248
2630	248
2631	248
2632	248
2633	248
2634	248
2635	248
2636	248
2637	248
2638	248
2639	248
2640	249
2641	249
2642	250
2643	250
2644	250
2645	250
2646	250
2647	250
2648	250
2649	250
2650	250
2651	250
2652	250
2653	250
2654	250
2655	250
2656	250
2657	250
2658	250
2659	250
2660	250
2661	250
2662	250
2663	250
2664	250
2665	250
2666	250
2667	250
2668	250
2669	251
2670	251
2671	251
2672	251
2673	251
2674	251
2675	252
2676	252
2677	252
2678	252
2679	252
2680	252
2681	252
2682	253
2683	253
2684	253
2685	253
2686	253
2687	253
2688	253
2689	253
2690	253
2691	253
2692	253
2693	253
2694	253
2695	253
2696	253
2697	253
2698	253
2699	253
2700	253
2701	254
2702	254
2703	254
2704	254
2705	254
2706	255
2707	255
2708	255
2709	255
2710	255
2711	255
2712	255
2713	255
2714	255
2715	255
2716	255
2717	255
2718	255
2719	255
2720	255
2721	255
2722	255
2723	255
2724	255
2725	255
2726	256
2727	256
2728	256
2729	256
2730	256
2731	256
2732	256
2733	256
2734	256
2735	256
2736	256
2737	256
2738	256
2739	256
2740	256
2741	256
2742	256
2743	256
2744	256
2745	256
2746	256
2747	256
2748	256
2749	256
2750	256
2751	256
2752	256
2753	256
2754	256
2755	256
2756	256
2757	256
2758	256
2759	257
2760	257
2761	257
2762	257
2763	258
2764	258
2765	258
2766	258
2767	258
2768	258
2769	259
2770	259
2771	259
2772	259
2773	259
2774	259
2775	259
2776	259
2777	259
2778	259
2779	259
2780	260
2781	260
2782	260
2783	260
2784	260
2785	260
2786	260
2787	261
2788	261
2789	261
2790	262
2791	262
2792	262
2793	262
2794	262
2795	262
2796	263
2797	263
2798	263
2799	263
2800	263
2801	263
2802	264
2803	264
2804	264
2805	264
2806	264
2807	264
2808	264
2809	265
2810	266
2811	266
2812	266
2813	266
2814	267
2815	267
2816	267
2817	267
2818	267
2819	267
2820	267
2821	267
2822	267
2823	267
2824	267
2825	267
2826	267
2827	267
2828	267
2829	267
2830	267
2831	267
2832	268
2833	268
2834	268
2835	268
2836	268
2837	268
2838	268
2839	268
2840	268
2841	268
2842	268
2843	268
2844	268
2845	268
2846	268
2847	268
2848	269
2849	269
2850	269
2851	269
2852	269
2853	269
2854	269
2855	269
2856	269
2857	269
2858	269
2859	269
2860	269
2861	269
2862	269
2863	269
2864	269
2865	270
2866	270
2867	270
2868	270
2869	270
2870	270
2871	270
2872	270
2873	270
2874	270
2875	270
2876	270
2877	270
2878	270
2879	270
2880	270
2881	270
2882	270
2883	270
2884	271
2885	271
2886	271
2887	271
2888	271
2889	271
2890	271
2891	271
2892	271
2893	271
2894	271
2895	271
2896	271
2897	271
2898	271
2899	271
2900	271
2901	271
2902	271
2903	271
2904	271
2905	271
2906	272
2907	272
2908	272
2909	273
2910	273
2911	273
2912	273
2913	273
2914	273
2915	273
2916	273
2917	273
2918	273
2919	273
2920	273
2921	273
2922	273
2923	273
2924	273
2925	274
2926	274
2927	274
2928	274
2929	274
2930	274
2931	274
2932	274
2933	274
2934	274
2935	274
2936	274
2937	274
2938	274
2939	274
2940	274
2941	275
2942	275
2943	275
2944	276
2945	276
2946	276
2947	276
2948	276
2949	276
2950	276
2951	276
2952	276
2953	276
2954	276
2955	276
2956	276
2957	276
2958	276
2959	276
2960	276
2961	276
2962	276
2963	276
2964	276
2965	276
2966	276
2967	276
2968	276
2969	276
2970	276
2971	276
2972	276
2973	276
2974	276
2975	276
2976	276
2977	276
2978	277
2979	278
2980	278
2981	278
2982	278
2983	278
2984	278
2985	278
2986	278
2987	278
2988	278
2989	278
2990	278
2991	278
2992	278
2993	278
2994	278
2995	278
2996	278
2997	278
2998	278
2999	278
3000	278
3001	278
3002	278
3003	278
3004	278
3005	278
3006	278
3007	278
3008	278
3009	278
3010	278
3011	278
3012	278
3013	278
3014	278
3015	278
3016	278
3017	278
3018	278
3019	278
3020	278
3021	279
3022	279
3023	279
3024	279
3025	279
3026	280
3027	281
3028	281
3029	281
3030	281
3031	281
3032	282
3033	282
3034	282
3035	282
3036	282
3037	282
3038	282
3039	283
3040	283
3041	283
3042	283
3043	283
3044	283
3045	283
3046	283
3047	283
3048	283
3049	283
3050	283
3051	283
3052	283
3053	283
3054	283
3055	283
3056	283
3057	284
3058	284
3059	284
3060	284
3061	284
3062	284
3063	284
3064	284
3065	284
3066	284
3067	284
3068	284
3069	284
3070	284
3071	284
3072	285
3073	285
3074	285
3075	286
3076	286
3077	286
3078	286
3079	286
3080	287
3081	287
3082	287
3083	287
3084	287
3085	287
3086	287
3087	287
3088	287
3089	287
3090	287
3091	287
3092	287
3093	287
3094	287
3095	287
3096	287
3097	288
3098	288
3099	288
3100	288
3101	289
3102	289
3103	289
3104	289
3105	289
3106	290
3107	290
3108	290
3109	291
3110	291
3111	291
3112	291
3113	291
3114	291
3115	291
3116	291
3117	291
3118	291
3119	291
3120	291
3121	291
3122	291
3123	291
3124	291
3125	291
3126	291
3127	291
3128	291
3129	291
3130	291
3131	291
3132	291
3133	291
3134	291
3135	291
3136	291
3137	291
3138	291
3139	291
3140	291
3141	291
3142	291
3143	291
3144	291
3145	291
3146	291
3147	291
3148	291
3149	291
3150	291
3151	291
3152	291
3153	292
3154	292
3155	292
3156	292
3157	292
3158	292
3159	292
3160	292
3161	292
3162	292
3163	292
3164	292
3165	293
3166	293
3167	293
3168	293
3169	293
3170	293
3171	294
3172	294
3173	294
3174	294
3175	294
3176	294
3177	294
3178	294
3179	294
3180	294
3181	294
3182	294
3183	294
3184	294
3185	294
3186	294
3187	295
3188	295
3189	296
3190	296
3191	296
3192	297
3193	297
3194	298
3195	298
3196	298
3197	298
3198	298
3199	298
3200	298
3201	298
3202	298
3203	298
3204	298
3205	298
3206	298
3207	298
3208	298
3209	298
3210	298
3211	298
3212	298
3213	298
3214	299
3215	299
3216	300
3217	300
3218	300
3219	300
3220	300
3221	300
3222	300
3223	300
3224	300
3225	300
3226	300
3227	301
3228	301
3229	302
3230	302
3231	302
3232	302
3233	302
3234	302
3235	303
3236	303
3237	303
3238	303
3239	303
3240	303
3241	303
3242	304
3243	304
3244	304
3245	304
3246	304
3247	304
3248	304
3249	304
3250	305
3251	305
3252	305
3253	305
3254	305
3255	305
3256	305
3257	305
3258	305
3259	305
3260	305
3261	305
3262	305
3263	305
3264	305
3265	305
3266	305
3267	305
3268	305
3269	305
3270	305
3271	305
3272	305
3273	305
3274	305
3275	305
3276	305
3277	305
3278	305
3279	305
3280	305
3281	305
3282	305
3283	305
3284	305
3285	305
3286	305
3287	305
3288	305
3289	305
3290	305
3291	305
3292	305
3293	305
3294	305
3295	306
3296	306
3297	306
3298	306
3299	306
3300	306
3301	306
3302	306
3303	306
3304	306
3305	306
3306	306
3307	306
3308	306
3309	306
3310	306
3311	306
3312	306
3313	307
3314	307
3315	307
3316	307
3317	307
3318	307
3319	308
3320	308
3321	308
3322	308
3323	308
3324	309
3325	309
3326	309
3327	309
3328	310
3329	310
3330	310
3331	310
3332	310
3333	310
3334	310
3335	310
3336	310
3337	310
3338	310
3339	310
3340	310
3341	310
3342	310
3343	310
3344	310
3345	310
3346	310
3347	310
3348	310
3349	310
3350	310
3351	310
3352	310
3353	310
3354	310
3355	310
3356	310
3357	310
3358	310
3359	310
3360	310
3361	310
3362	310
3363	310
3364	310
3365	310
3366	310
3367	310
3368	310
3369	310
3370	310
3371	311
3372	311
3373	311
3374	311
3375	311
3376	311
3377	311
3378	311
3379	311
3380	311
3381	311
3382	311
3383	312
3384	312
3385	312
3386	313
3387	313
3388	313
3389	313
3390	313
3391	313
3392	313
3393	313
3394	313
3395	313
3396	313
3397	313
3398	313
3399	313
3400	313
3401	313
3402	313
3403	314
3404	314
3405	314
3406	314
3407	314
3408	314
3409	314
3410	314
3411	314
3412	314
3413	314
3414	314
3415	314
3416	314
3417	314
3418	314
3419	314
3420	314
3421	314
3422	315
3423	315
3424	316
3425	316
3426	317
3427	317
3428	317
3429	317
3430	317
3431	317
3432	317
3433	317
3434	317
3435	317
3436	318
3437	318
3438	318
3439	318
3440	318
3441	318
3442	318
3443	318
3444	318
3445	318
3446	318
3447	318
3448	318
3449	318
3450	318
3451	318
3452	318
3453	318
3454	318
3455	318
3456	318
3457	318
3458	318
3459	318
3460	318
3461	318
3462	319
3463	319
3464	319
3465	319
3466	319
3467	319
3468	319
3469	319
3470	319
3471	319
3472	319
3473	319
3474	319
3475	320
3476	320
3477	320
3478	320
3479	320
3480	320
3481	321
3482	321
3483	321
3484	321
3485	321
3486	321
3487	321
3488	321
3489	321
3490	321
3491	321
3492	321
3493	321
3494	321
3495	321
3496	321
3497	321
3498	321
3499	321
3500	321
3501	321
3502	321
3503	321
3504	321
3505	321
3506	321
3507	321
3508	321
3509	321
3510	321
3511	321
3512	321
3513	321
3514	321
3515	321
3516	321
3517	321
3518	321
3519	321
3520	321
3521	321
3522	321
3523	321
3524	322
3525	322
3526	322
3527	322
3528	322
3529	322
3530	322
3531	322
3532	322
3533	322
3534	322
3535	322
3536	322
3537	322
3538	323
3539	323
3540	323
3541	324
3542	324
3543	324
3544	324
3545	324
3546	324
3547	324
3548	324
3549	324
3550	324
3551	324
3552	324
3553	324
3554	324
3555	324
3556	324
3557	324
3558	324
3559	324
3560	324
3561	324
3562	324
3563	324
3564	324
3565	324
3566	324
3567	324
3568	324
3569	324
3570	324
3571	324
3572	324
3573	324
3574	324
3575	324
3576	324
3577	324
3578	324
3579	324
3580	325
3581	325
3582	325
3583	325
3584	325
3585	325
3586	325
3587	325
3588	325
3589	325
3590	325
3591	325
3592	325
3593	325
3594	325
3595	326
3596	326
3597	326
3598	326
3599	326
3600	327
3601	328
3602	328
3603	328
3604	328
3605	328
3606	328
3607	328
3608	328
3609	328
3610	328
3611	328
3612	328
3613	328
3614	328
3615	328
3616	328
3617	328
3618	328
3619	328
3620	328
3621	328
3622	329
3623	329
3624	329
3625	330
3626	331
3627	332
3628	332
3629	332
3630	332
3631	332
3632	332
3633	332
3634	332
3635	332
3636	333
3637	333
3638	334
3639	334
3640	334
3641	334
3642	334
3643	334
3644	334
3645	334
3646	334
3647	334
3648	334
3649	334
3650	334
3651	334
3652	334
3653	334
3654	334
3655	334
3656	334
3657	334
3658	334
3659	334
3660	334
3661	334
3662	334
3663	334
3664	334
3665	334
3666	334
3667	334
3668	334
3669	334
3670	334
3671	334
3672	334
3673	334
3674	334
3675	334
3676	334
3677	334
3678	334
3679	334
3680	334
3681	334
3682	334
3683	334
3684	334
3685	334
3686	334
3687	334
3688	334
3689	334
3690	334
3691	335
3692	335
3693	335
3694	335
3695	335
3696	335
3697	335
3698	335
3699	335
3700	336
3701	336
3702	336
3703	336
3704	336
3705	336
3706	336
3707	336
3708	336
3709	336
3710	336
3711	336
3712	336
3713	336
3714	337
3715	337
3716	337
3717	337
3718	337
3719	337
3720	337
3721	337
3722	337
3723	337
3724	337
3725	337
3726	337
3727	337
3728	337
3729	337
3730	337
3731	337
3732	337
3733	337
3734	337
3735	337
3736	338
3737	338
3738	338
3739	338
3740	338
3741	338
3742	339
3743	339
3744	339
3745	339
3746	339
3747	339
3748	339
3749	339
3750	339
3751	339
3752	339
3753	339
3754	339
3755	339
3756	339
3757	339
3758	339
3759	339
3760	339
3761	340
3762	340
3763	340
3764	340
3765	340
3766	340
3767	340
3768	341
3769	341
3770	341
3771	341
3772	342
3773	342
3774	342
3775	342
3776	342
3777	342
3778	342
3779	342
3780	342
3781	343
3782	343
3783	343
3784	343
3785	343
3786	344
3787	344
3788	344
3789	344
3790	344
3791	344
3792	344
3793	344
3794	344
3795	344
3796	344
3797	344
3798	344
3799	344
3800	344
3801	344
3802	344
3803	344
3804	344
3805	344
3806	344
3807	344
3808	344
3809	344
3810	344
3811	344
3812	344
3813	344
3814	344
3815	344
3816	344
3817	344
3818	344
3819	344
3820	344
3821	344
3822	344
3823	344
3824	344
3825	344
3826	344
3827	344
3828	344
3829	344
3830	344
3831	344
3832	344
3833	344
3834	344
3835	344
3836	344
3837	344
3838	345
3839	345
3840	346
3841	346
3842	346
3843	346
3844	346
3845	346
3846	347
3847	347
3848	347
3849	347
3850	347
3851	347
3852	347
3853	348
3854	348
3855	348
3856	348
3857	348
3858	348
3859	348
3860	348
3861	348
3862	349
3863	349
3864	350
3865	350
3866	350
3867	350
3868	351
3869	351
3870	351
3871	351
3872	351
3873	351
3874	351
3875	351
3876	351
3877	351
3878	351
3879	351
3880	352
3881	352
3882	352
3883	352
3884	352
3885	352
3886	352
3887	352
3888	352
3889	352
3890	352
3891	353
3892	353
3893	353
3894	353
3895	353
3896	353
3897	354
3898	354
3899	355
3900	356
3901	356
3902	356
3903	356
3904	356
3905	356
3906	356
3907	356
3908	356
3909	356
3910	356
3911	356
3912	357
3913	357
3914	357
3915	357
3916	357
3917	357
3918	357
3919	357
3920	357
3921	358
3922	358
3923	358
3924	358
3925	358
3926	358
3927	358
3928	358
3929	358
3930	358
3931	358
3932	359
3933	359
3934	359
3935	360
3936	360
3937	360
3938	360
3939	360
3940	361
3941	361
3942	361
3943	361
3944	361
3945	361
3946	361
3947	361
3948	361
3949	361
3950	361
3951	361
3952	361
3953	361
3954	361
3955	361
3956	361
3957	361
3958	362
3959	362
3960	362
3961	362
3962	363
3963	363
3964	363
3965	363
3966	363
3967	364
3968	364
3969	364
3970	364
3971	364
3972	364
3973	364
3974	364
3975	364
3976	364
3977	364
3978	364
3979	364
3980	364
3981	364
3982	364
3983	364
3984	364
3985	365
3986	365
3987	365
3988	365
3989	365
3990	365
3991	365
3992	365
3993	366
3994	366
3995	366
3996	367
3997	368
3998	368
3999	368
4000	368
4001	368
4002	368
4003	368
4004	368
4005	368
4006	368
4007	368
4008	368
4009	368
4010	368
4011	368
4012	368
4013	368
4014	368
4015	368
4016	368
4017	369
4018	369
4019	369
4020	369
4021	369
4022	369
4023	370
4024	370
4025	370
4026	370
4027	370
4028	370
4029	370
4030	370
4031	371
4032	371
4033	371
4034	371
4035	371
4036	371
4037	371
4038	371
4039	371
4040	371
4041	371
4042	372
4043	372
4044	372
4045	372
4046	372
4047	372
4048	372
4049	372
4050	372
4051	372
4052	372
4053	372
4054	372
4055	372
4056	372
4057	372
4058	372
4059	373
4060	373
4061	373
4062	373
4063	373
4064	373
4065	373
4066	373
4067	374
4068	374
4069	374
4070	374
4071	374
4072	374
4073	374
4074	374
4075	374
4076	374
4077	374
4078	374
4079	374
4080	374
4081	374
4082	374
4083	374
4084	374
4085	374
4086	374
4087	374
4088	374
4089	374
4090	374
4091	374
4092	374
4093	374
4094	374
4095	374
4096	374
4097	374
4098	374
4099	374
4100	374
4101	374
4102	374
4103	375
4104	375
4105	376
4106	376
4107	376
4108	377
4109	377
4110	377
4111	377
4112	377
4113	378
4114	378
4115	378
4116	378
4117	378
4118	379
4119	379
4120	379
4121	379
4122	379
4123	379
4124	379
4125	379
4126	379
4127	379
4128	379
4129	379
4130	379
4131	379
4132	380
4133	380
4134	380
4135	380
4136	380
4137	380
4138	380
4139	380
4140	380
4141	380
4142	380
4143	380
4144	380
4145	380
4146	380
4147	380
4148	381
4149	381
4150	381
4151	381
4152	382
4153	382
4154	382
4155	383
4156	383
4157	383
4158	383
4159	383
4160	383
4161	383
4162	383
4163	383
4164	383
4165	383
4166	383
4167	383
4168	383
4169	383
4170	384
4171	384
4172	384
4173	384
4174	384
4175	384
4176	385
4177	385
4178	386
4179	387
4180	387
4181	387
4182	387
4183	387
4184	387
4185	387
4186	387
4187	387
4188	387
4189	387
4190	387
4191	387
4192	387
4193	387
4194	387
4195	387
4196	387
4197	388
4198	388
4199	388
4200	388
4201	388
4202	388
4203	388
4204	388
4205	388
4206	388
4207	388
4208	388
4209	388
4210	389
4211	389
4212	389
4213	389
4214	389
4215	389
4216	389
4217	389
4218	389
4219	389
4220	389
4221	389
4222	389
4223	389
4224	389
4225	389
4226	389
4227	389
4228	389
4229	389
4230	390
4231	390
4232	390
4233	390
4234	390
4235	390
4236	391
4237	391
4238	391
4239	391
4240	392
4241	392
4242	392
4243	393
4244	393
4245	393
4246	394
4247	394
4248	394
4249	394
4250	394
4251	394
4252	395
4253	395
4254	395
4255	395
4256	395
4257	395
4258	395
4259	395
4260	395
4261	395
4262	395
4263	395
4264	395
4265	395
4266	395
4267	395
4268	395
4269	395
4270	395
4271	395
4272	395
4273	395
4274	395
4275	395
4276	396
4277	396
4278	396
4279	396
4280	396
4281	396
4282	396
4283	396
4284	396
4285	396
4286	396
4287	396
4288	397
4289	397
4290	397
4291	397
4292	397
4293	397
4294	397
4295	397
4296	397
4297	397
4298	397
4299	397
4300	397
4301	397
4302	398
4303	398
4304	398
4305	398
4306	398
4307	398
4308	398
4309	398
4310	398
4311	398
4312	398
4313	398
4314	398
4315	398
4316	398
4317	398
4318	398
4319	398
4320	398
4321	398
4322	398
4323	398
4324	398
4325	399
4326	399
4327	399
4328	399
4329	399
4330	399
4331	399
4332	399
4333	399
4334	399
4335	399
4336	399
4337	399
4338	399
4339	400
4340	400
4341	400
4342	400
4343	400
4344	400
4345	400
4346	400
4347	400
4348	400
4349	400
4350	400
4351	400
4352	400
4353	400
4354	400
4355	400
4356	400
4357	400
4358	400
4359	400
4360	401
4361	401
4362	401
4363	401
4364	401
4365	401
4366	402
4367	402
4368	402
4369	402
4370	402
4371	402
4372	402
4373	402
4374	402
4375	402
4376	402
4377	402
4378	402
4379	402
4380	402
4381	403
4382	403
4383	403
4384	404
4385	404
4386	405
4387	406
4388	406
4389	407
4390	407
4391	407
4392	407
4393	407
4394	407
4395	407
4396	407
4397	407
4398	407
4399	407
4400	407
4401	407
4402	407
4403	407
4404	407
4405	407
4406	407
4407	407
4408	407
4409	407
4410	407
4411	407
