
R version 4.3.0 (2023-04-21) -- "Already Tomorrow"
Copyright (C) 2023 The R Foundation for Statistical Computing
Platform: x86_64-pc-linux-gnu (64-bit)

R is free software and comes with ABSOLUTELY NO WARRANTY.
You are welcome to redistribute it under certain conditions.
Type 'license()' or 'licence()' for distribution details.

  Natural language support but running in an English locale

R is a collaborative project with many contributors.
Type 'contributors()' for more information and
'citation()' on how to cite R or R packages in publications.

Type 'demo()' for some demos, 'help()' for on-line help, or
'help.start()' for an HTML browser interface to help.
Type 'q()' to quit R.

> rm(list = ls())
> gc()
         used (Mb) gc trigger (Mb) max used (Mb)
Ncells 284765 15.3     664565 35.5   464468 24.9
Vcells 490458  3.8    8388608 64.0  1837328 14.1
> library(dplyr)

Attaching package: ‘dplyr’

The following objects are masked from ‘package:stats’:

    filter, lag

The following objects are masked from ‘package:base’:

    intersect, setdiff, setequal, union

> library(readr)
> library(foreach)
> library(doParallel)
Loading required package: iterators
Loading required package: parallel
> 
> # Set up the number of cores used for parallelization.
> message(detectCores())
32
> num_cores <- 32
> registerDoParallel(num_cores)
> 
> #########################
> #### SEIR Simulation ####
> #########################
> time <- 365 # Number of days.
> inf <- 7 # Average infectious period length.
> N <- 1000 # Population size.
> 
> create_hh <- function() {
+   # Randomly sample household sizes such that total population is 1000 
+   # individuals.
+   hh_size <- sample(x = c(3, 4, 5, 6), size = 340, replace = T)
+   
+   # Keep households such that total population is < 1000.
+   hh_size <- hh_size[which(cumsum(hh_size) < N)]
+   
+   leftover <- N - sum(hh_size)
+   if (leftover < 3) {
+     hh <- 1:length(hh_size)
+     sampled <- sample(hh[hh_size < 6], leftover)
+     hh_size[sampled] <- hh_size[sampled] + 1
+   } else {
+     hh_size <- c(hh_size, leftover)
+   }
+   return(hh_size)
+ }
> 
> SEIR_p2p <- function(params, inf = 7, verbose = F) {
+   hh_size <- create_hh()
+   
+   # Create frame for running the simulation.
+   # ID: ID of individual.
+   # SIZE: size of individual's household.
+   # HH: ID of individual's household.
+   # S: susceptibility status.
+   # E: exposed status.
+   # E_count: number of days since exposed.
+   # I: infectious status.
+   # I_count: number of days since infectious.
+   # R: recovered status.
+   # INC: incubation period.
+   # INF: infectious period.
+   data <- data.frame(ID = 1:N,
+                      SIZE = rep(hh_size, times = hh_size),
+                      HH = rep(1:length(hh_size), times = hh_size), 
+                      S = c(0, rep(1, N - 1)), 
+                      E = c(1, rep(0, N - 1)),
+                      E_count = c(1, rep(0, N - 1)), 
+                      I = 0,
+                      I_count = 0, 
+                      R = 0, 
+                      INC = c(round(rlnorm(1, meanlog = log(29.8), sdlog = 0.45)), rep(0, N - 1)),
+                      INF = 0)
+   
+   # Create frame for storing results.
+   # ID: ID of individual.
+   # SIZE: size of individual's household.
+   # HH: ID of individual's household.
+   # TYPE: the kind of infection: household (H), community (C), or both (B).
+   # TIME: when the individual became infectious.
+   # S_num: number of susceptible people in individual's household when their 
+   #        infectious period begins.
+   # I_num: number of people in household that this individual infected over 
+   #        their infectious period.
+   results <- data[, 1:3] %>% mutate(TYPE = NA, TIME = NA, S_num = NA, I_num = 0)
+   results$TYPE[1] <- '0'
+   
+   for(t in 1:time) {
+     if (verbose) {
+       if (t %% 10 == 0) {
+         cat(paste0(t, ' '))
+       }
+     }
+     
+     # Anyone who has been infectious for as many days as their infectious period
+     # is now recovered.
+     recovered <- (data$INF > 0) & (data$I_count == data$INF)
+     if(sum(recovered, na.rm = T) > 0) {
+       data$R[recovered] <- 1
+       data$I[recovered] <- 0
+       data$I_count[recovered] <- 0 
+     }
+     
+     # Anyone who has been incubating for as many days as their incubation period
+     # is now infectious.
+     new_inf <- (data$INC > 0) & (data$E_count == data$INC)
+     num_new_inf <- sum(new_inf, na.rm = T)
+     if(num_new_inf > 0) {
+       # Change status to newly infectious and add infectious period.
+       data$I[new_inf] <- 1
+       random_inf <- rnorm(num_new_inf, mean = inf, sd = 1) %>% round()
+       data$INF[new_inf] <- random_inf
+       
+       # Remove exposure status and exposure count.
+       data$E[new_inf] <- 0
+       data$E_count[new_inf] <- 0 
+       
+       # Record time at which infectious period starts.
+       results$TIME[new_inf] <- t
+       
+       # Save the number of susceptible people in each infectious individual's 
+       # household.
+       S_data <- data %>% group_by(HH) %>% 
+         mutate(S_tot = sum(S)) %>% 
+         select(HH, S_tot)
+       results$S_num[new_inf == 1] <- S_data$S_tot[new_inf == 1]
+     }
+     
+     # I_H is the number of infections inside each household.
+     # I_C is the number of infections outside each household.
+     I_data <- data %>% group_by(HH) %>% 
+       mutate(I_H = sum(I)) %>% 
+       ungroup() %>% 
+       mutate(I_C = sum(I) - I_H)
+     
+     # Calculate household risk and community risk.
+     beta_H <- params[1]
+     beta_C <- params[2]
+     risk_H <- pmin(beta_H * data$S * I_data$I_H / N, 1)
+     risk_C <- pmin(beta_C * data$S * I_data$I_C / N, 1)
+     
+     # Each individual is infected from their household or community 
+     # independently with probabilities risk_H and risk_C.
+     new_inf_H <- rbinom(N, 1, risk_H)
+     new_inf_C <- rbinom(N, 1, risk_C)
+     
+     new_exposed <- (new_inf_H == 1) | (new_inf_C == 1)
+     num_new_exposed <- sum(new_exposed, na.rm = T)
+     if (num_new_exposed > 0) {
+       # Change status to newly exposed and add incubation period.
+       data$E[new_exposed] <- 1
+       random_inc <- rlnorm(num_new_exposed, meanlog = log(29.8), sdlog = 0.45) %>% round()
+       data$INC[new_exposed] <- random_inc
+       
+       # Remove susceptible status.
+       data$S[new_exposed] <- 0
+       
+       # Get number of new infections in each household.
+       I_data <- I_data %>%
+         select(ID, HH, I, I_H) %>%
+         mutate(new_I_H = new_inf_H) %>%
+         group_by(HH) %>%
+         # Find households with at least 1 currently infectious individual. If 
+         # exactly 1 infectious individual in household, assign all new H 
+         # exposures to that individual. If there are multiple infectious 
+         # individuals, assign all infections to the infectious individual with 
+         # the first ID.
+         mutate(new_I_H = ifelse(I == 1 & ID == first(ID[I == 1]), 
+                                 sum(new_I_H), 0))
+       
+       results$I_num <- results$I_num + I_data$new_I_H
+       
+       # Label infection types.
+       results$TYPE[new_inf_C == 1] <- 'C'
+       results$TYPE[new_inf_H == 1] <- 'H'
+       results$TYPE[(new_inf_H == 1) & (new_inf_C == 1)] <- 'HC'
+     }
+     
+     # Increment exposure and infectious counters.
+     data$E_count[data$E == 1] <- data$E_count[data$E == 1] + 1
+     data$I_count[data$I == 1] <- data$I_count[data$I == 1] + 1
+   }
+   return(results)
+ }
> 
> metrics <- function(results) {
+   # Incidence is the proportion of the population that became infected.
+   idc <- mean(!is.na(results$TIME))
+   return(c(idc))
+ }
> 
> # 10% Cumulative Incidence
> beta_H <- 52.7
> beta_C <- 0.099
> params <- c(beta_H, beta_C)
> 
> n_sims <- 1000
> i <- 1
> j <- 0
> while (i <= n_sims) {
+     results <- SEIR_p2p(params)
+     j <- j + 1
+     cat(paste0(j, '\t', i, '\n'))
+     if (metrics(results) > 0.09 & metrics(results) < 0.11) {
+         write.csv(results, file = paste0('10/', i, '.csv'), row.names = F)
+         i <- i + 1
+     }
+ }
1	1
2	1
3	1
4	1
5	1
6	1
7	1
8	1
9	1
10	2
11	2
12	2
13	2
14	2
15	2
16	2
17	2
18	2
19	2
20	2
21	2
22	2
23	2
24	2
25	2
26	2
27	2
28	2
29	2
30	2
31	3
32	3
33	3
34	3
35	3
36	3
37	3
38	3
39	3
40	3
41	3
42	3
43	3
44	3
45	3
46	3
47	3
48	3
49	3
50	3
51	3
52	3
53	3
54	3
55	3
56	3
57	3
58	3
59	3
60	3
61	3
62	3
63	3
64	3
65	3
66	3
67	3
68	3
69	3
70	3
71	3
72	3
73	3
74	3
75	3
76	3
77	3
78	3
79	3
80	3
81	3
82	3
83	3
84	3
85	4
86	4
87	4
88	4
89	4
90	4
91	4
92	4
93	4
94	4
95	4
96	4
97	4
98	4
99	4
100	4
101	4
102	4
103	4
104	4
105	4
106	4
107	4
108	4
109	4
110	4
111	4
112	4
113	4
114	4
115	4
116	4
117	4
118	5
119	5
120	5
121	5
122	5
123	5
124	5
125	5
126	6
127	6
128	6
129	6
130	6
131	7
132	7
133	7
134	7
135	7
136	7
137	7
138	7
139	7
140	7
141	7
142	7
143	7
144	8
145	8
146	8
147	8
148	8
149	8
150	8
151	9
152	9
153	9
154	9
155	9
156	9
157	9
158	9
159	9
160	9
161	9
162	9
163	9
164	10
165	10
166	10
167	10
168	11
169	11
170	11
171	11
172	11
173	11
174	11
175	11
176	11
177	11
178	11
179	11
180	11
181	11
182	11
183	11
184	11
185	11
186	11
187	11
188	11
189	11
190	11
191	11
192	11
193	11
194	11
195	12
196	12
197	12
198	12
199	12
200	12
201	12
202	12
203	12
204	12
205	12
206	12
207	12
208	12
209	12
210	12
211	12
212	12
213	12
214	12
215	12
216	12
217	12
218	12
219	12
220	13
221	13
222	13
223	13
224	13
225	13
226	13
227	13
228	13
229	13
230	13
231	13
232	13
233	14
234	14
235	14
236	14
237	14
238	14
239	14
240	14
241	14
242	14
243	14
244	14
245	14
246	14
247	14
248	14
249	14
250	14
251	14
252	14
253	14
254	14
255	14
256	14
257	14
258	14
259	14
260	14
261	14
262	14
263	14
264	14
265	14
266	14
267	15
268	16
269	16
270	16
271	16
272	16
273	16
274	16
275	16
276	16
277	16
278	16
279	16
280	17
281	17
282	17
283	17
284	17
285	17
286	17
287	17
288	17
289	17
290	17
291	17
292	17
293	17
294	17
295	17
296	17
297	17
298	17
299	17
300	17
301	17
302	17
303	17
304	17
305	17
306	17
307	17
308	17
309	17
310	17
311	17
312	17
313	17
314	17
315	17
316	17
317	17
318	17
319	17
320	17
321	17
322	17
323	17
324	17
325	17
326	17
327	17
328	18
329	18
330	18
331	18
332	18
333	18
334	18
335	18
336	19
337	19
338	19
339	19
340	19
341	19
342	19
343	19
344	19
345	19
346	19
347	20
348	20
349	20
350	20
351	20
352	20
353	20
354	20
355	20
356	20
357	20
358	20
359	20
360	20
361	20
362	20
363	20
364	20
365	20
366	20
367	20
368	21
369	21
370	21
371	21
372	21
373	21
374	21
375	21
376	21
377	21
378	21
379	21
380	21
381	21
382	21
383	21
384	21
385	21
386	21
387	21
388	21
389	21
390	21
391	21
392	21
393	21
394	21
395	21
396	21
397	21
398	21
399	21
400	21
401	21
402	21
403	21
404	21
405	22
406	22
407	22
408	22
409	22
410	22
411	22
412	22
413	22
414	22
415	22
416	22
417	22
418	22
419	22
420	22
421	22
422	22
423	22
424	22
425	22
426	22
427	22
428	22
429	22
430	22
431	22
432	22
433	22
434	22
435	22
436	22
437	22
438	22
439	22
440	22
441	23
442	23
443	23
444	23
445	23
446	23
447	23
448	23
449	23
450	23
451	23
452	23
453	23
454	24
455	24
456	24
457	24
458	24
459	24
460	24
461	24
462	24
463	24
464	24
465	24
466	24
467	24
468	24
469	24
470	24
471	24
472	24
473	24
474	24
475	24
476	24
477	24
478	24
479	24
480	24
481	24
482	24
483	24
484	24
485	24
486	24
487	24
488	24
489	24
490	24
491	25
492	25
493	25
494	25
495	25
496	25
497	25
498	25
499	25
500	25
501	25
502	25
503	25
504	25
505	25
506	25
507	25
508	25
509	25
510	25
511	25
512	25
513	25
514	25
515	25
516	25
517	25
518	25
519	25
520	25
521	25
522	25
523	25
524	25
525	25
526	25
527	25
528	25
529	25
530	25
531	26
532	26
533	26
534	26
535	27
536	27
537	27
538	27
539	27
540	27
541	27
542	27
543	27
544	27
545	27
546	27
547	27
548	28
549	28
550	28
551	28
552	28
553	28
554	28
555	28
556	28
557	28
558	28
559	29
560	29
561	29
562	29
563	29
564	29
565	29
566	29
567	29
568	29
569	29
570	29
571	30
572	30
573	30
574	30
575	30
576	30
577	30
578	30
579	30
580	30
581	30
582	30
583	30
584	30
585	30
586	31
587	31
588	31
589	31
590	31
591	31
592	31
593	31
594	31
595	31
596	31
597	31
598	31
599	31
600	31
601	31
602	31
603	32
604	32
605	32
606	32
607	32
608	32
609	32
610	32
611	32
612	32
613	32
614	32
615	32
616	32
617	32
618	32
619	32
620	32
621	32
622	32
623	32
624	32
625	32
626	32
627	32
628	32
629	32
630	32
631	32
632	32
633	32
634	32
635	32
636	32
637	32
638	32
639	32
640	32
641	32
642	32
643	32
644	32
645	32
646	32
647	32
648	32
649	32
650	32
651	32
652	32
653	32
654	32
655	32
656	32
657	32
658	32
659	32
660	32
661	32
662	32
663	32
664	32
665	32
666	32
667	32
668	32
669	33
670	33
671	33
672	33
673	33
674	33
675	34
676	34
677	34
678	34
679	34
680	34
681	34
682	34
683	34
684	34
685	34
686	34
687	34
688	34
689	34
690	34
691	35
692	35
693	35
694	35
695	35
696	35
697	35
698	35
699	36
700	36
701	36
702	37
703	38
704	38
705	38
706	38
707	38
708	38
709	38
710	38
711	38
712	38
713	38
714	38
715	38
716	38
717	38
718	38
719	38
720	38
721	38
722	38
723	38
724	38
725	38
726	38
727	38
728	38
729	38
730	38
731	38
732	38
733	38
734	38
735	38
736	38
737	38
738	38
739	38
740	38
741	38
742	38
743	39
744	39
745	39
746	39
747	39
748	39
749	39
750	39
751	39
752	39
753	39
754	39
755	39
756	39
757	39
758	39
759	39
760	39
761	39
762	39
763	39
764	39
765	39
766	39
767	39
768	39
769	39
770	39
771	39
772	39
773	39
774	39
775	40
776	40
777	40
778	40
779	40
780	40
781	41
782	41
783	41
784	41
785	41
786	41
787	41
788	41
789	41
790	41
791	41
792	41
793	41
794	41
795	41
796	41
797	41
798	41
799	41
800	41
801	41
802	41
803	41
804	41
805	41
806	41
807	41
808	41
809	41
810	41
811	41
812	41
813	41
814	41
815	41
816	41
817	41
818	41
819	41
820	41
821	41
822	41
823	41
824	41
825	41
826	41
827	41
828	41
829	41
830	41
831	41
832	41
833	41
834	41
835	41
836	41
837	41
838	41
839	41
840	41
841	41
842	41
843	41
844	41
845	42
846	42
847	42
848	42
849	42
850	42
851	42
852	42
853	42
854	42
855	42
856	42
857	42
858	42
859	42
860	42
861	42
862	42
863	42
864	42
865	42
866	42
867	42
868	43
869	43
870	43
871	43
872	43
873	43
874	43
875	43
876	43
877	43
878	43
879	43
880	43
881	43
882	43
883	43
884	43
885	43
886	43
887	43
888	43
889	43
890	43
891	43
892	44
893	44
894	44
895	44
896	44
897	45
898	45
899	45
900	45
901	45
902	45
903	45
904	45
905	45
906	45
907	45
908	45
909	45
910	45
911	45
912	45
913	45
914	45
915	45
916	45
917	45
918	45
919	45
920	45
921	45
922	45
923	45
924	45
925	45
926	45
927	45
928	46
929	46
930	46
931	47
932	47
933	47
934	47
935	47
936	47
937	47
938	47
939	47
940	47
941	47
942	47
943	47
944	47
945	47
946	47
947	47
948	47
949	47
950	47
951	47
952	47
953	47
954	47
955	47
956	47
957	47
958	47
959	47
960	47
961	48
962	48
963	48
964	48
965	48
966	48
967	48
968	48
969	48
970	49
971	49
972	49
973	49
974	49
975	49
976	49
977	49
978	49
979	49
980	50
981	50
982	50
983	50
984	50
985	50
986	50
987	50
988	50
989	51
990	51
991	52
992	52
993	52
994	52
995	52
996	52
997	52
998	52
999	52
1000	52
1001	52
1002	52
1003	52
1004	52
1005	52
1006	52
1007	52
1008	52
1009	52
1010	52
1011	52
1012	52
1013	52
1014	52
1015	52
1016	52
1017	52
1018	52
1019	52
1020	52
1021	52
1022	52
1023	52
1024	52
1025	52
1026	52
1027	52
1028	52
1029	52
1030	52
1031	52
1032	52
1033	52
1034	52
1035	52
1036	52
1037	52
1038	52
1039	52
1040	52
1041	52
1042	52
1043	52
1044	52
1045	52
1046	52
1047	52
1048	52
1049	53
1050	53
1051	53
1052	53
1053	53
1054	53
1055	53
1056	53
1057	53
1058	53
1059	53
1060	53
1061	53
1062	53
1063	54
1064	54
1065	54
1066	54
1067	54
1068	55
1069	55
1070	55
1071	55
1072	55
1073	55
1074	55
1075	55
1076	55
1077	55
1078	56
1079	56
1080	56
1081	56
1082	56
1083	56
1084	56
1085	56
1086	56
1087	57
1088	57
1089	57
1090	57
1091	57
1092	57
1093	57
1094	57
1095	57
1096	57
1097	57
1098	57
1099	57
1100	57
1101	57
1102	57
1103	57
1104	57
1105	57
1106	57
1107	57
1108	57
1109	57
1110	57
1111	57
1112	57
1113	57
1114	57
1115	57
1116	57
1117	57
1118	57
1119	57
1120	57
1121	57
1122	57
1123	57
1124	57
1125	57
1126	57
1127	57
1128	57
1129	57
1130	57
1131	57
1132	57
1133	57
1134	57
1135	57
1136	57
1137	57
1138	57
1139	57
1140	57
1141	57
1142	57
1143	57
1144	57
1145	57
1146	57
1147	57
1148	57
1149	57
1150	57
1151	57
1152	57
1153	57
1154	57
1155	57
1156	57
1157	57
1158	57
1159	57
1160	57
1161	57
1162	57
1163	57
1164	57
1165	57
1166	57
1167	57
1168	58
1169	58
1170	58
1171	58
1172	58
1173	58
1174	58
1175	58
1176	58
1177	58
1178	58
1179	58
1180	58
1181	58
1182	58
1183	58
1184	58
1185	58
1186	58
1187	58
1188	58
1189	58
1190	58
1191	59
1192	59
1193	59
1194	59
1195	59
1196	59
1197	59
1198	59
1199	59
1200	59
1201	59
1202	59
1203	59
1204	59
1205	59
1206	59
1207	59
1208	59
1209	59
1210	59
1211	59
1212	59
1213	59
1214	59
1215	59
1216	59
1217	59
1218	59
1219	59
1220	59
1221	59
1222	59
1223	59
1224	59
1225	59
1226	59
1227	59
1228	59
1229	59
1230	59
1231	59
1232	59
1233	59
1234	59
1235	59
1236	59
1237	59
1238	59
1239	59
1240	59
1241	59
1242	59
1243	59
1244	59
1245	59
1246	59
1247	59
1248	59
1249	59
1250	59
1251	59
1252	59
1253	59
1254	59
1255	59
1256	59
1257	59
1258	59
1259	59
1260	59
1261	59
1262	59
1263	59
1264	59
1265	59
1266	59
1267	59
1268	59
1269	59
1270	59
1271	59
1272	59
1273	59
1274	59
1275	59
1276	60
1277	60
1278	61
1279	61
1280	61
1281	61
1282	61
1283	61
1284	61
1285	61
1286	61
1287	61
1288	61
1289	61
1290	61
1291	61
1292	61
1293	61
1294	61
1295	61
1296	62
1297	62
1298	62
1299	62
1300	62
1301	62
1302	62
1303	62
1304	62
1305	62
1306	62
1307	62
1308	62
1309	62
1310	62
1311	62
1312	62
1313	62
1314	62
1315	62
1316	62
1317	62
1318	62
1319	62
1320	62
1321	62
1322	62
1323	62
1324	62
1325	62
1326	62
1327	62
1328	62
1329	62
1330	62
1331	62
1332	62
1333	62
1334	62
1335	62
1336	62
1337	62
1338	62
1339	62
1340	62
1341	62
1342	62
1343	62
1344	62
1345	62
1346	62
1347	62
1348	62
1349	62
1350	62
1351	62
1352	63
1353	63
1354	63
1355	63
1356	63
1357	63
1358	63
1359	63
1360	63
1361	63
1362	63
1363	63
1364	63
1365	63
1366	63
1367	63
1368	63
1369	63
1370	63
1371	63
1372	63
1373	64
1374	64
1375	64
1376	64
1377	64
1378	64
1379	64
1380	65
1381	65
1382	65
1383	66
1384	66
1385	66
1386	66
1387	66
1388	66
1389	67
1390	68
1391	68
1392	68
1393	68
1394	69
1395	69
1396	69
1397	69
1398	69
1399	69
1400	69
1401	69
1402	69
1403	69
1404	69
1405	69
1406	69
1407	69
1408	69
1409	69
1410	69
1411	69
1412	69
1413	70
1414	70
1415	70
1416	70
1417	70
1418	70
1419	70
1420	70
1421	70
1422	70
1423	70
1424	70
1425	70
1426	70
1427	70
1428	70
1429	71
1430	71
1431	71
1432	71
1433	71
1434	71
1435	72
1436	72
1437	72
1438	72
1439	72
1440	72
1441	72
1442	72
1443	72
1444	72
1445	72
1446	72
1447	72
1448	72
1449	72
1450	72
1451	72
1452	72
1453	72
1454	72
1455	72
1456	72
1457	72
1458	72
1459	72
1460	72
1461	72
1462	72
1463	72
1464	72
1465	72
1466	72
1467	72
1468	72
1469	72
1470	72
1471	72
1472	72
1473	72
1474	72
1475	72
1476	72
1477	72
1478	72
1479	72
1480	72
1481	72
1482	72
1483	72
1484	72
1485	73
1486	73
1487	73
1488	73
1489	73
1490	73
1491	73
1492	73
1493	73
1494	73
1495	73
1496	73
1497	74
1498	74
1499	74
1500	74
1501	74
1502	74
1503	74
1504	74
1505	74
1506	74
1507	74
1508	74
1509	74
1510	74
1511	74
1512	74
1513	74
1514	74
1515	74
1516	74
1517	74
1518	74
1519	74
1520	74
1521	74
1522	74
1523	74
1524	74
1525	74
1526	74
1527	74
1528	74
1529	74
1530	74
1531	74
1532	74
1533	74
1534	74
1535	74
1536	74
1537	74
1538	74
1539	74
1540	74
1541	74
1542	74
1543	74
1544	74
1545	74
1546	74
1547	74
1548	74
1549	74
1550	74
1551	74
1552	74
1553	74
1554	74
1555	74
1556	74
1557	74
1558	74
1559	75
1560	75
1561	75
1562	75
1563	75
1564	75
1565	75
1566	76
1567	77
1568	77
1569	77
1570	77
1571	77
1572	77
1573	77
1574	77
1575	77
1576	77
1577	77
1578	77
1579	77
1580	77
1581	77
1582	77
1583	77
1584	77
1585	77
1586	77
1587	77
1588	77
1589	77
1590	77
1591	77
1592	77
1593	77
1594	77
1595	77
1596	77
1597	77
1598	77
1599	77
1600	77
1601	77
1602	77
1603	77
1604	77
1605	77
1606	78
1607	78
1608	78
1609	78
1610	78
1611	78
1612	79
1613	79
1614	79
1615	79
1616	79
1617	79
1618	79
1619	79
1620	79
1621	79
1622	79
1623	79
1624	79
1625	79
1626	79
1627	79
1628	80
1629	80
1630	80
1631	80
1632	80
1633	80
1634	80
1635	80
1636	80
1637	80
1638	80
1639	80
1640	80
1641	80
1642	80
1643	80
1644	80
1645	80
1646	80
1647	80
1648	80
1649	80
1650	80
1651	80
1652	80
1653	80
1654	80
1655	80
1656	80
1657	80
1658	80
1659	80
1660	80
1661	80
1662	80
1663	80
1664	80
1665	80
1666	81
1667	81
1668	81
1669	81
1670	81
1671	81
1672	81
1673	81
1674	81
1675	81
1676	81
1677	81
1678	81
1679	81
1680	81
1681	81
1682	82
1683	83
1684	84
1685	84
1686	84
1687	84
1688	84
1689	84
1690	84
1691	84
1692	84
1693	84
1694	84
1695	84
1696	84
1697	84
1698	84
1699	84
1700	84
1701	84
1702	84
1703	84
1704	84
1705	84
1706	84
1707	85
1708	85
1709	85
1710	85
1711	85
1712	85
1713	85
1714	85
1715	85
1716	85
1717	85
1718	85
1719	85
1720	85
1721	85
1722	85
1723	85
1724	85
1725	85
1726	85
1727	85
1728	85
1729	85
1730	85
1731	85
1732	85
1733	85
1734	85
1735	85
1736	85
1737	85
1738	85
1739	86
1740	86
1741	86
1742	86
1743	86
1744	87
1745	87
1746	87
1747	87
1748	87
1749	87
1750	87
1751	88
1752	88
1753	88
1754	88
1755	88
1756	88
1757	88
1758	88
1759	88
1760	88
1761	88
1762	89
1763	89
1764	89
1765	89
1766	89
1767	89
1768	89
1769	90
1770	90
1771	90
1772	90
1773	90
1774	90
1775	90
1776	90
1777	90
1778	90
1779	90
1780	90
1781	90
1782	90
1783	90
1784	90
1785	90
1786	90
1787	90
1788	90
1789	90
1790	90
1791	90
1792	90
1793	90
1794	90
1795	90
1796	90
1797	90
1798	90
1799	91
1800	91
1801	91
1802	91
1803	91
1804	91
1805	91
1806	91
1807	91
1808	91
1809	91
1810	91
1811	91
1812	91
1813	91
1814	91
1815	91
1816	91
1817	91
1818	91
1819	91
1820	91
1821	91
1822	91
1823	92
1824	92
1825	92
1826	93
1827	94
1828	94
1829	94
1830	94
1831	95
1832	95
1833	95
1834	95
1835	95
1836	95
1837	95
1838	95
1839	95
1840	95
1841	95
1842	95
1843	95
1844	95
1845	95
1846	95
1847	95
1848	95
1849	95
1850	95
1851	95
1852	95
1853	95
1854	95
1855	95
1856	95
1857	95
1858	95
1859	95
1860	96
1861	96
1862	96
1863	96
1864	96
1865	96
1866	96
1867	96
1868	96
1869	96
1870	96
1871	96
1872	96
1873	96
1874	96
1875	96
1876	96
1877	96
1878	96
1879	97
1880	97
1881	97
1882	97
1883	97
1884	97
1885	97
1886	97
1887	97
1888	97
1889	98
1890	98
1891	98
1892	98
1893	99
1894	99
1895	99
1896	99
1897	99
1898	99
1899	99
1900	99
1901	100
1902	100
1903	101
1904	102
1905	102
1906	102
1907	102
1908	102
1909	102
1910	102
1911	103
1912	103
1913	103
1914	103
1915	103
1916	103
1917	103
1918	103
1919	103
1920	103
1921	103
1922	103
1923	103
1924	103
1925	103
1926	103
1927	103
1928	103
1929	103
1930	103
1931	103
1932	103
1933	103
1934	103
1935	103
1936	103
1937	103
1938	103
1939	103
1940	103
1941	103
1942	103
1943	103
1944	103
1945	103
1946	103
1947	103
1948	103
1949	103
1950	103
1951	103
1952	103
1953	103
1954	103
1955	103
1956	103
1957	103
1958	103
1959	103
1960	103
1961	103
1962	103
1963	103
1964	103
1965	103
1966	103
1967	103
1968	103
1969	103
1970	103
1971	103
1972	103
1973	103
1974	103
1975	103
1976	103
1977	103
1978	103
1979	103
1980	103
1981	103
1982	103
1983	103
1984	103
1985	103
1986	103
1987	103
1988	103
1989	103
1990	103
1991	103
1992	103
1993	103
1994	103
1995	104
1996	104
1997	104
1998	104
1999	104
2000	104
2001	105
2002	105
2003	105
2004	105
2005	105
2006	105
2007	105
2008	105
2009	105
2010	105
2011	105
2012	105
2013	105
2014	105
2015	105
2016	106
2017	106
2018	106
2019	106
2020	106
2021	106
2022	106
2023	106
2024	106
2025	106
2026	106
2027	106
2028	106
2029	106
2030	106
2031	106
2032	106
2033	106
2034	106
2035	106
2036	106
2037	106
2038	106
2039	106
2040	106
2041	106
2042	106
2043	106
2044	106
2045	106
2046	106
2047	106
2048	107
2049	108
2050	108
2051	108
2052	108
2053	108
2054	108
2055	108
2056	108
2057	108
2058	108
2059	108
2060	108
2061	108
2062	108
2063	108
2064	108
2065	108
2066	108
2067	108
2068	108
2069	108
2070	108
2071	108
2072	108
2073	108
2074	108
2075	108
2076	108
2077	108
2078	109
2079	109
2080	109
2081	109
2082	109
2083	109
2084	109
2085	109
2086	109
2087	109
2088	109
2089	109
2090	109
2091	109
2092	110
2093	110
2094	110
2095	110
2096	110
2097	111
2098	111
2099	111
2100	111
2101	111
2102	111
2103	111
2104	111
2105	111
2106	111
2107	111
2108	111
2109	111
2110	111
2111	111
2112	111
2113	111
2114	111
2115	111
2116	111
2117	111
2118	111
2119	111
2120	111
2121	111
2122	111
2123	111
2124	111
2125	111
2126	111
2127	111
2128	111
2129	111
2130	111
2131	111
2132	111
2133	111
2134	111
2135	112
2136	112
2137	112
2138	112
2139	112
2140	112
2141	112
2142	112
2143	112
2144	112
2145	112
2146	112
2147	112
2148	112
2149	112
2150	112
2151	112
2152	112
2153	112
2154	112
2155	112
2156	112
2157	112
2158	112
2159	112
2160	112
2161	112
2162	112
2163	112
2164	113
2165	113
2166	113
2167	113
2168	113
2169	113
2170	113
2171	113
2172	113
2173	113
2174	113
2175	113
2176	113
2177	113
2178	113
2179	113
2180	113
2181	113
2182	113
2183	113
2184	113
2185	113
2186	113
2187	113
2188	113
2189	113
2190	113
2191	114
2192	114
2193	114
2194	114
2195	114
2196	114
2197	114
2198	114
2199	114
2200	114
2201	114
2202	114
2203	114
2204	114
2205	114
2206	114
2207	114
2208	114
2209	114
2210	114
2211	114
2212	114
2213	114
2214	114
2215	114
2216	115
2217	115
2218	115
2219	115
2220	115
2221	115
2222	115
2223	115
2224	115
2225	115
2226	115
2227	116
2228	116
2229	116
2230	116
2231	116
2232	116
2233	116
2234	116
2235	116
2236	117
2237	117
2238	117
2239	117
2240	117
2241	117
2242	117
2243	117
2244	117
2245	117
2246	117
2247	117
2248	117
2249	117
2250	117
2251	117
2252	117
2253	117
2254	117
2255	117
2256	117
2257	117
2258	117
2259	117
2260	117
2261	117
2262	117
2263	117
2264	117
2265	117
2266	117
2267	117
2268	117
2269	117
2270	117
2271	117
2272	117
2273	117
2274	117
2275	117
2276	117
2277	117
2278	117
2279	117
2280	117
2281	117
2282	117
2283	117
2284	117
2285	117
2286	117
2287	117
2288	117
2289	117
2290	117
2291	117
2292	117
2293	117
2294	118
2295	118
2296	118
2297	118
2298	118
2299	118
2300	118
2301	118
2302	118
2303	118
2304	118
2305	118
2306	118
2307	118
2308	118
2309	118
2310	118
2311	118
2312	118
2313	118
2314	118
2315	118
2316	118
2317	118
2318	118
2319	119
2320	119
2321	119
2322	119
2323	119
2324	119
2325	119
2326	119
2327	119
2328	119
2329	119
2330	119
2331	119
2332	119
2333	119
2334	119
2335	119
2336	119
2337	119
2338	120
2339	120
2340	120
2341	120
2342	120
2343	120
2344	120
2345	120
2346	120
2347	120
2348	120
2349	120
2350	120
2351	120
2352	120
2353	120
2354	120
2355	120
2356	120
2357	120
2358	120
2359	120
2360	120
2361	120
2362	120
2363	120
2364	120
2365	121
2366	121
2367	121
2368	121
2369	121
2370	121
2371	121
2372	121
2373	121
2374	122
2375	122
2376	122
2377	122
2378	122
2379	122
2380	122
2381	123
2382	123
2383	123
2384	123
2385	123
2386	123
2387	123
2388	123
2389	123
2390	123
2391	123
2392	123
2393	123
2394	123
2395	124
2396	124
2397	124
2398	124
2399	124
2400	124
2401	124
2402	124
2403	125
2404	125
2405	125
2406	125
2407	125
2408	125
2409	125
2410	125
2411	125
2412	125
2413	125
2414	125
2415	125
2416	125
2417	125
2418	125
2419	125
2420	125
2421	125
2422	125
2423	125
2424	125
2425	125
2426	125
2427	125
2428	125
2429	125
2430	125
2431	125
2432	125
2433	125
2434	125
2435	125
2436	125
2437	125
2438	125
2439	125
2440	125
2441	125
2442	125
2443	125
2444	125
2445	125
2446	125
2447	125
2448	125
2449	125
2450	125
2451	125
2452	125
2453	125
2454	126
2455	126
2456	126
2457	127
2458	127
2459	127
2460	127
2461	128
2462	128
2463	129
2464	129
2465	129
2466	129
2467	129
2468	129
2469	129
2470	129
2471	129
2472	129
2473	129
2474	129
2475	129
2476	129
2477	129
2478	129
2479	129
2480	129
2481	130
2482	130
2483	130
2484	130
2485	130
2486	130
2487	130
2488	130
2489	130
2490	130
2491	130
2492	130
2493	130
2494	130
2495	130
2496	130
2497	130
2498	130
2499	130
2500	130
2501	130
2502	130
2503	130
2504	130
2505	130
2506	130
2507	130
2508	130
2509	130
2510	130
2511	130
2512	130
2513	130
2514	130
2515	130
2516	130
2517	130
2518	130
2519	130
2520	130
2521	130
2522	131
2523	131
2524	131
2525	131
2526	131
2527	131
2528	131
2529	131
2530	131
2531	131
2532	131
2533	131
2534	131
2535	131
2536	131
2537	131
2538	131
2539	131
2540	131
2541	131
2542	131
2543	131
2544	131
2545	131
2546	131
2547	131
2548	131
2549	131
2550	132
2551	132
2552	132
2553	132
2554	132
2555	132
2556	132
2557	132
2558	132
2559	132
2560	132
2561	132
2562	132
2563	132
2564	132
2565	132
2566	132
2567	132
2568	132
2569	132
2570	132
2571	132
2572	132
2573	132
2574	132
2575	132
2576	132
2577	132
2578	132
2579	132
2580	132
2581	133
2582	133
2583	133
2584	133
2585	133
2586	133
2587	133
2588	133
2589	133
2590	134
2591	134
2592	134
2593	134
2594	134
2595	134
2596	134
2597	134
2598	134
2599	134
2600	134
2601	134
2602	134
2603	135
2604	135
2605	135
2606	135
2607	135
2608	135
2609	135
2610	135
2611	135
2612	135
2613	135
2614	135
2615	135
2616	135
2617	135
2618	135
2619	135
2620	135
2621	135
2622	135
2623	135
2624	135
2625	135
2626	135
2627	135
2628	135
2629	135
2630	135
2631	135
2632	135
2633	135
2634	135
2635	135
2636	135
2637	135
2638	135
2639	135
2640	135
2641	135
2642	135
2643	135
2644	135
2645	135
2646	135
2647	135
2648	135
2649	135
2650	135
2651	135
2652	135
2653	135
2654	135
2655	135
2656	135
2657	135
2658	135
2659	135
2660	136
2661	136
2662	136
2663	136
2664	136
2665	136
2666	136
2667	136
2668	136
2669	136
2670	136
2671	136
2672	136
2673	136
2674	136
2675	136
2676	136
2677	136
2678	136
2679	136
2680	136
2681	136
2682	136
2683	136
2684	136
2685	136
2686	136
2687	136
2688	136
2689	136
2690	136
2691	136
2692	136
2693	136
2694	136
2695	136
2696	136
2697	136
2698	136
2699	136
2700	136
2701	136
2702	137
2703	137
2704	137
2705	137
2706	137
2707	137
2708	137
2709	137
2710	137
2711	137
2712	138
2713	138
2714	138
2715	138
2716	138
2717	138
2718	138
2719	138
2720	138
2721	138
2722	138
2723	138
2724	139
2725	139
2726	139
2727	139
2728	139
2729	139
2730	139
2731	139
2732	139
2733	139
2734	139
2735	139
2736	139
2737	139
2738	139
2739	139
2740	139
2741	139
2742	139
2743	139
2744	139
2745	139
2746	139
2747	139
2748	139
2749	140
2750	140
2751	140
2752	140
2753	140
2754	140
2755	140
2756	141
2757	141
2758	141
2759	141
2760	141
2761	141
2762	141
2763	141
2764	141
2765	141
2766	141
2767	141
2768	141
2769	141
2770	141
2771	141
2772	141
2773	141
2774	141
2775	142
2776	142
2777	142
2778	142
2779	142
2780	142
2781	142
2782	142
2783	142
2784	142
2785	142
2786	142
2787	142
2788	142
2789	142
2790	142
2791	142
2792	143
2793	143
2794	143
2795	143
2796	143
2797	143
2798	143
2799	143
2800	143
2801	143
2802	143
2803	143
2804	143
2805	143
2806	143
2807	143
2808	143
2809	143
2810	143
2811	143
2812	143
2813	143
2814	143
2815	143
2816	143
2817	143
2818	143
2819	143
2820	143
2821	143
2822	143
2823	143
2824	143
2825	143
2826	143
2827	144
2828	144
2829	144
2830	144
2831	144
2832	144
2833	144
2834	145
2835	145
2836	145
2837	145
2838	145
2839	145
2840	145
2841	145
2842	145
2843	145
2844	145
2845	145
2846	145
2847	145
2848	145
2849	146
2850	146
2851	146
2852	146
2853	146
2854	146
2855	146
2856	146
2857	146
2858	146
2859	146
2860	146
2861	146
2862	146
2863	146
2864	146
2865	146
2866	146
2867	146
2868	146
2869	147
2870	147
2871	147
2872	147
2873	147
2874	147
2875	147
2876	147
2877	147
2878	147
2879	147
2880	147
2881	147
2882	147
2883	147
2884	147
2885	148
2886	148
2887	148
2888	148
2889	148
2890	148
2891	148
2892	148
2893	148
2894	148
2895	148
2896	148
2897	148
2898	148
2899	148
2900	148
2901	148
2902	148
2903	148
2904	148
2905	148
2906	148
2907	148
2908	148
2909	148
2910	148
2911	148
2912	148
2913	148
2914	148
2915	148
2916	148
2917	148
2918	148
2919	148
2920	148
2921	148
2922	148
2923	148
2924	148
2925	148
2926	149
2927	149
2928	149
2929	149
2930	149
2931	149
2932	149
2933	149
2934	149
2935	149
2936	149
2937	149
2938	149
2939	149
2940	149
2941	149
2942	149
2943	149
2944	149
2945	149
2946	149
2947	149
2948	149
2949	150
2950	150
2951	150
2952	150
2953	150
2954	150
2955	150
2956	150
2957	150
2958	150
2959	151
2960	151
2961	151
2962	151
2963	152
2964	152
2965	152
2966	152
2967	153
2968	153
2969	153
2970	153
2971	153
2972	153
2973	153
2974	153
2975	153
2976	153
2977	153
2978	153
2979	153
2980	153
2981	153
2982	153
2983	153
2984	153
2985	153
2986	153
2987	153
2988	153
2989	153
2990	154
2991	155
2992	155
2993	156
2994	156
2995	156
2996	156
2997	156
2998	156
2999	157
3000	157
3001	157
3002	157
3003	157
3004	157
3005	157
3006	157
3007	157
3008	157
3009	157
3010	157
3011	157
3012	158
3013	158
3014	158
3015	158
3016	158
3017	158
3018	158
3019	158
3020	158
3021	158
3022	158
3023	158
3024	158
3025	158
3026	158
3027	158
3028	158
3029	158
3030	159
3031	159
3032	159
3033	159
3034	159
3035	159
3036	159
3037	159
3038	159
3039	159
3040	159
3041	159
3042	159
3043	159
3044	159
3045	159
3046	159
3047	159
3048	159
3049	159
3050	159
3051	159
3052	160
3053	160
3054	160
3055	160
3056	160
3057	160
3058	160
3059	160
3060	160
3061	160
3062	160
3063	160
3064	160
3065	161
3066	161
3067	161
3068	161
3069	161
3070	161
3071	161
3072	161
3073	161
3074	161
3075	161
3076	161
3077	161
3078	161
3079	161
3080	161
3081	161
3082	161
3083	161
3084	161
3085	161
3086	161
3087	161
3088	161
3089	161
3090	161
3091	161
3092	162
3093	162
3094	162
3095	162
3096	162
3097	162
3098	162
3099	162
3100	162
3101	162
3102	162
3103	162
3104	162
3105	162
3106	162
3107	162
3108	162
3109	162
3110	162
3111	162
3112	163
3113	163
3114	163
3115	163
3116	163
3117	163
3118	163
3119	163
3120	163
3121	163
3122	163
3123	163
3124	163
3125	163
3126	163
3127	163
3128	163
3129	163
3130	163
3131	163
3132	163
3133	163
3134	163
3135	163
3136	163
3137	163
3138	163
3139	163
3140	163
3141	163
3142	163
3143	163
3144	163
3145	163
3146	163
3147	163
3148	163
3149	163
3150	163
3151	163
3152	163
3153	163
3154	163
3155	163
3156	163
3157	163
3158	163
3159	163
3160	163
3161	164
3162	164
3163	164
3164	164
3165	164
3166	164
3167	164
3168	164
3169	164
3170	164
3171	164
3172	164
3173	164
3174	164
3175	164
3176	164
3177	164
3178	164
3179	164
3180	164
3181	164
3182	164
3183	164
3184	164
3185	164
3186	164
3187	164
3188	164
3189	164
3190	164
3191	164
3192	164
3193	164
3194	164
3195	164
3196	164
3197	164
3198	164
3199	164
3200	164
3201	164
3202	164
3203	164
3204	164
3205	164
3206	164
3207	165
3208	165
3209	165
3210	165
3211	165
3212	165
3213	165
3214	165
3215	165
3216	165
3217	165
3218	165
3219	165
3220	165
3221	165
3222	165
3223	165
3224	165
3225	165
3226	165
3227	166
3228	166
3229	166
3230	166
3231	166
3232	166
3233	166
3234	166
3235	166
3236	166
3237	166
3238	166
3239	166
3240	166
3241	167
3242	167
3243	167
3244	167
3245	167
3246	167
3247	168
3248	168
3249	168
3250	168
3251	168
3252	168
3253	168
3254	168
3255	168
3256	168
3257	168
3258	168
3259	168
3260	168
3261	168
3262	168
3263	168
3264	168
3265	168
3266	168
3267	168
3268	168
3269	168
3270	168
3271	168
3272	168
3273	168
3274	168
3275	168
3276	168
3277	168
3278	168
3279	168
3280	168
3281	168
3282	168
3283	168
3284	168
3285	168
3286	168
3287	168
3288	168
3289	168
3290	168
3291	168
3292	168
3293	168
3294	168
3295	168
3296	168
3297	168
3298	168
3299	169
3300	169
3301	169
3302	169
3303	169
3304	169
3305	169
3306	169
3307	169
3308	170
3309	170
3310	170
3311	170
3312	170
3313	170
3314	170
3315	170
3316	170
3317	170
3318	170
3319	170
3320	170
3321	170
3322	170
3323	170
3324	170
3325	170
3326	170
3327	170
3328	170
3329	170
3330	170
3331	170
3332	170
3333	170
3334	170
3335	170
3336	170
3337	170
3338	170
3339	170
3340	170
3341	170
3342	170
3343	170
3344	170
3345	170
3346	170
3347	170
3348	170
3349	171
3350	171
3351	171
3352	172
3353	172
3354	172
3355	172
3356	172
3357	172
3358	172
3359	172
3360	172
3361	172
3362	172
3363	173
3364	173
3365	173
3366	173
3367	173
3368	173
3369	173
3370	173
3371	173
3372	173
3373	173
3374	173
3375	173
3376	173
3377	173
3378	173
3379	173
3380	173
3381	174
3382	174
3383	174
3384	174
3385	174
3386	175
3387	175
3388	175
3389	175
3390	175
3391	175
3392	175
3393	175
3394	175
3395	175
3396	175
3397	175
3398	175
3399	175
3400	175
3401	175
3402	175
3403	175
3404	175
3405	175
3406	175
3407	175
3408	175
3409	175
3410	175
3411	175
3412	175
3413	175
3414	175
3415	175
3416	175
3417	175
3418	175
3419	175
3420	175
3421	175
3422	175
3423	175
3424	175
3425	176
3426	176
3427	176
3428	176
3429	176
3430	176
3431	176
3432	177
3433	177
3434	177
3435	177
3436	177
3437	177
3438	177
3439	177
3440	177
3441	177
3442	177
3443	177
3444	177
3445	177
3446	177
3447	177
3448	177
3449	177
3450	177
3451	177
3452	177
3453	177
3454	178
3455	178
3456	178
3457	178
3458	178
3459	178
3460	178
3461	178
3462	178
3463	178
3464	178
3465	178
3466	178
3467	178
3468	179
3469	179
3470	179
3471	179
3472	179
3473	179
3474	179
3475	179
3476	179
3477	179
3478	179
3479	179
3480	179
3481	179
3482	179
3483	179
3484	179
3485	179
3486	179
3487	179
3488	179
3489	179
3490	179
3491	179
3492	179
3493	179
3494	179
3495	179
3496	179
3497	179
3498	179
3499	179
3500	179
3501	179
3502	179
3503	179
3504	179
3505	180
3506	180
3507	180
3508	180
3509	180
3510	180
3511	180
3512	180
3513	180
3514	180
3515	180
3516	180
3517	180
3518	180
3519	180
3520	180
3521	180
3522	180
3523	180
3524	180
3525	180
3526	180
3527	180
3528	180
3529	180
3530	180
3531	180
3532	180
3533	180
3534	180
3535	180
3536	180
3537	180
3538	180
3539	180
3540	180
3541	180
3542	180
3543	180
3544	180
3545	180
3546	180
3547	180
3548	181
3549	181
3550	181
3551	181
3552	181
3553	181
3554	181
3555	181
3556	181
3557	181
3558	181
3559	181
3560	181
3561	181
3562	181
3563	181
3564	181
3565	181
3566	181
3567	181
3568	181
3569	181
3570	181
3571	181
3572	181
3573	181
3574	181
3575	181
3576	181
3577	181
3578	181
3579	181
3580	181
3581	181
3582	181
3583	181
3584	181
3585	181
3586	181
3587	181
3588	181
3589	181
3590	181
3591	181
3592	181
3593	181
3594	181
3595	181
3596	181
3597	181
3598	181
3599	181
3600	181
3601	181
3602	181
3603	181
3604	181
3605	181
3606	181
3607	182
3608	182
3609	182
3610	182
3611	182
3612	182
3613	182
3614	182
3615	182
3616	182
3617	182
3618	182
3619	182
3620	182
3621	182
3622	182
3623	182
3624	182
3625	182
3626	182
3627	182
3628	183
3629	183
3630	183
3631	183
3632	183
3633	183
3634	183
3635	183
3636	183
3637	183
3638	183
3639	183
3640	183
3641	183
3642	183
3643	184
3644	184
3645	184
3646	184
3647	184
3648	184
3649	184
3650	184
3651	185
3652	185
3653	185
3654	185
3655	185
3656	185
3657	185
3658	185
3659	185
3660	185
3661	185
3662	185
3663	185
3664	185
3665	185
3666	185
3667	185
3668	185
3669	185
3670	185
3671	185
3672	185
3673	185
3674	186
3675	186
3676	186
3677	186
3678	186
3679	186
3680	186
3681	186
3682	186
3683	186
3684	186
3685	186
3686	186
3687	186
3688	186
3689	186
3690	186
3691	186
3692	187
3693	187
3694	187
3695	187
3696	187
3697	187
3698	187
3699	188
3700	188
3701	188
3702	188
3703	188
3704	188
3705	188
3706	188
3707	188
3708	188
3709	188
3710	188
3711	188
3712	188
3713	188
3714	188
3715	188
3716	188
3717	188
3718	188
3719	188
3720	188
3721	188
3722	188
3723	188
3724	188
3725	188
3726	188
3727	188
3728	188
3729	188
3730	188
3731	188
3732	188
3733	188
3734	188
3735	188
3736	188
3737	188
3738	188
3739	188
3740	189
3741	189
3742	189
3743	189
3744	189
3745	189
3746	189
3747	189
3748	189
3749	189
3750	189
3751	189
3752	189
3753	189
3754	189
3755	189
3756	189
3757	189
3758	189
3759	189
3760	189
3761	189
3762	189
3763	189
3764	189
3765	189
3766	190
3767	190
3768	190
3769	190
3770	190
3771	190
3772	190
3773	190
3774	190
3775	190
3776	190
3777	190
3778	190
3779	190
3780	190
3781	190
3782	190
3783	190
3784	190
3785	190
3786	190
3787	190
3788	190
3789	190
3790	190
3791	190
3792	190
3793	190
3794	190
3795	190
3796	190
3797	190
3798	190
3799	190
3800	190
3801	190
3802	190
3803	190
3804	190
3805	190
3806	190
3807	190
3808	190
3809	190
3810	190
3811	191
3812	191
3813	191
3814	191
3815	191
3816	191
3817	191
3818	191
3819	191
3820	191
3821	191
3822	191
3823	191
3824	191
3825	191
3826	191
3827	191
3828	191
3829	192
3830	192
3831	192
3832	192
3833	192
3834	192
3835	192
3836	192
3837	192
3838	192
3839	193
3840	193
3841	193
3842	193
3843	193
3844	193
3845	193
3846	193
3847	193
3848	193
3849	193
3850	193
3851	193
3852	193
3853	193
3854	193
3855	193
3856	194
3857	194
3858	194
3859	194
3860	194
3861	194
3862	194
3863	194
3864	194
3865	194
3866	194
3867	194
3868	194
3869	194
3870	195
3871	195
3872	195
3873	195
3874	195
3875	195
3876	196
3877	196
3878	196
3879	196
3880	196
3881	196
3882	196
3883	196
3884	196
3885	196
3886	196
3887	196
3888	196
3889	197
3890	197
3891	197
3892	197
3893	197
3894	197
3895	197
3896	197
3897	197
3898	197
3899	197
3900	197
3901	197
3902	197
3903	197
3904	197
3905	197
3906	197
3907	197
3908	197
3909	197
3910	197
3911	197
3912	198
3913	198
3914	198
3915	198
3916	198
3917	198
3918	198
3919	198
3920	198
3921	198
3922	198
3923	198
3924	198
3925	198
3926	198
3927	198
3928	198
3929	198
3930	198
3931	198
3932	198
3933	199
3934	199
3935	199
3936	199
3937	199
3938	199
3939	199
3940	200
3941	200
3942	200
3943	200
3944	200
3945	200
3946	200
3947	200
3948	200
3949	200
3950	200
3951	200
3952	200
3953	200
3954	200
3955	200
3956	200
3957	200
3958	200
3959	200
3960	200
3961	200
3962	200
3963	200
3964	200
3965	200
3966	200
3967	200
3968	200
3969	200
3970	200
3971	200
3972	200
3973	200
3974	200
3975	200
3976	200
3977	200
3978	200
3979	200
3980	200
3981	200
3982	200
3983	200
3984	200
3985	200
3986	200
3987	200
3988	200
3989	200
3990	200
3991	200
3992	200
3993	200
3994	200
3995	200
3996	200
3997	200
3998	200
3999	200
4000	200
4001	200
4002	200
4003	201
4004	201
4005	201
4006	201
4007	201
4008	201
4009	201
4010	201
4011	201
4012	201
4013	201
4014	201
4015	202
4016	202
4017	202
4018	202
4019	202
4020	202
4021	202
4022	202
4023	202
4024	202
4025	202
4026	203
4027	203
4028	203
4029	203
4030	203
4031	203
4032	203
4033	203
4034	203
4035	203
4036	203
4037	203
4038	203
4039	204
4040	204
4041	204
4042	204
4043	204
4044	204
4045	204
4046	204
4047	204
4048	204
4049	204
4050	204
4051	204
4052	204
4053	204
4054	204
4055	204
4056	204
4057	204
4058	204
4059	204
4060	204
4061	205
4062	205
4063	205
4064	205
4065	205
4066	205
4067	205
4068	205
4069	205
4070	205
4071	205
4072	205
4073	205
4074	205
4075	205
4076	205
4077	205
4078	205
4079	205
4080	205
4081	205
4082	205
4083	205
4084	205
4085	205
4086	205
4087	205
4088	205
4089	205
4090	205
4091	205
4092	205
4093	205
4094	205
4095	206
4096	206
4097	206
4098	206
4099	206
4100	206
4101	206
4102	206
4103	206
4104	206
4105	206
4106	206
4107	206
4108	206
4109	206
4110	206
4111	206
4112	206
4113	206
4114	206
4115	206
4116	206
4117	206
4118	206
4119	206
4120	206
4121	206
4122	206
4123	206
4124	206
4125	207
4126	207
4127	207
4128	207
4129	207
4130	207
4131	207
4132	207
4133	207
4134	207
4135	207
4136	207
4137	207
4138	207
4139	207
4140	207
4141	207
4142	207
4143	207
4144	207
4145	207
4146	207
4147	208
4148	208
4149	208
4150	208
4151	209
4152	210
4153	210
4154	210
4155	210
4156	210
4157	210
4158	210
4159	210
4160	210
4161	210
4162	210
4163	210
