
R version 4.3.0 (2023-04-21) -- "Already Tomorrow"
Copyright (C) 2023 The R Foundation for Statistical Computing
Platform: x86_64-pc-linux-gnu (64-bit)

R is free software and comes with ABSOLUTELY NO WARRANTY.
You are welcome to redistribute it under certain conditions.
Type 'license()' or 'licence()' for distribution details.

  Natural language support but running in an English locale

R is a collaborative project with many contributors.
Type 'contributors()' for more information and
'citation()' on how to cite R or R packages in publications.

Type 'demo()' for some demos, 'help()' for on-line help, or
'help.start()' for an HTML browser interface to help.
Type 'q()' to quit R.

> rm(list = ls())
> gc()
         used (Mb) gc trigger (Mb) max used (Mb)
Ncells 284765 15.3     664565 35.5   464468 24.9
Vcells 490458  3.8    8388608 64.0  1837328 14.1
> library(dplyr)

Attaching package: ‘dplyr’

The following objects are masked from ‘package:stats’:

    filter, lag

The following objects are masked from ‘package:base’:

    intersect, setdiff, setequal, union

> library(readr)
> library(foreach)
> library(doParallel)
Loading required package: iterators
Loading required package: parallel
> 
> # Set up the number of cores used for parallelization.
> message(detectCores())
32
> num_cores <- 32
> registerDoParallel(num_cores)
> 
> #########################
> #### SEIR Simulation ####
> #########################
> time <- 365 # Number of days.
> inf <- 7 # Average infectious period length.
> N <- 1000 # Population size.
> 
> create_hh <- function() {
+   # Randomly sample household sizes such that total population is 1000 
+   # individuals.
+   hh_size <- sample(x = c(3, 4, 5, 6), size = 340, replace = T)
+   
+   # Keep households such that total population is < 1000.
+   hh_size <- hh_size[which(cumsum(hh_size) < N)]
+   
+   leftover <- N - sum(hh_size)
+   if (leftover < 3) {
+     hh <- 1:length(hh_size)
+     sampled <- sample(hh[hh_size < 6], leftover)
+     hh_size[sampled] <- hh_size[sampled] + 1
+   } else {
+     hh_size <- c(hh_size, leftover)
+   }
+   return(hh_size)
+ }
> 
> SEIR_p2p <- function(params, inf = 7, verbose = F) {
+   hh_size <- create_hh()
+   
+   # Create frame for running the simulation.
+   # ID: ID of individual.
+   # SIZE: size of individual's household.
+   # HH: ID of individual's household.
+   # S: susceptibility status.
+   # E: exposed status.
+   # E_count: number of days since exposed.
+   # I: infectious status.
+   # I_count: number of days since infectious.
+   # R: recovered status.
+   # INC: incubation period.
+   # INF: infectious period.
+   data <- data.frame(ID = 1:N,
+                      SIZE = rep(hh_size, times = hh_size),
+                      HH = rep(1:length(hh_size), times = hh_size), 
+                      S = c(0, rep(1, N - 1)), 
+                      E = c(1, rep(0, N - 1)),
+                      E_count = c(1, rep(0, N - 1)), 
+                      I = 0,
+                      I_count = 0, 
+                      R = 0, 
+                      INC = c(round(rlnorm(1, meanlog = log(29.8), sdlog = 0.45)), rep(0, N - 1)),
+                      INF = 0)
+   
+   # Create frame for storing results.
+   # ID: ID of individual.
+   # SIZE: size of individual's household.
+   # HH: ID of individual's household.
+   # TYPE: the kind of infection: household (H), community (C), or both (B).
+   # TIME: when the individual became infectious.
+   # S_num: number of susceptible people in individual's household when their 
+   #        infectious period begins.
+   # I_num: number of people in household that this individual infected over 
+   #        their infectious period.
+   results <- data[, 1:3] %>% mutate(TYPE = NA, TIME = NA, S_num = NA, I_num = 0)
+   results$TYPE[1] <- '0'
+   
+   for(t in 1:time) {
+     if (verbose) {
+       if (t %% 10 == 0) {
+         cat(paste0(t, ' '))
+       }
+     }
+     
+     # Anyone who has been infectious for as many days as their infectious period
+     # is now recovered.
+     recovered <- (data$INF > 0) & (data$I_count == data$INF)
+     if(sum(recovered, na.rm = T) > 0) {
+       data$R[recovered] <- 1
+       data$I[recovered] <- 0
+       data$I_count[recovered] <- 0 
+     }
+     
+     # Anyone who has been incubating for as many days as their incubation period
+     # is now infectious.
+     new_inf <- (data$INC > 0) & (data$E_count == data$INC)
+     num_new_inf <- sum(new_inf, na.rm = T)
+     if(num_new_inf > 0) {
+       # Change status to newly infectious and add infectious period.
+       data$I[new_inf] <- 1
+       random_inf <- rnorm(num_new_inf, mean = inf, sd = 1) %>% round()
+       data$INF[new_inf] <- random_inf
+       
+       # Remove exposure status and exposure count.
+       data$E[new_inf] <- 0
+       data$E_count[new_inf] <- 0 
+       
+       # Record time at which infectious period starts.
+       results$TIME[new_inf] <- t
+       
+       # Save the number of susceptible people in each infectious individual's 
+       # household.
+       S_data <- data %>% group_by(HH) %>% 
+         mutate(S_tot = sum(S)) %>% 
+         select(HH, S_tot)
+       results$S_num[new_inf == 1] <- S_data$S_tot[new_inf == 1]
+     }
+     
+     # I_H is the number of infections inside each household.
+     # I_C is the number of infections outside each household.
+     I_data <- data %>% group_by(HH) %>% 
+       mutate(I_H = sum(I)) %>% 
+       ungroup() %>% 
+       mutate(I_C = sum(I) - I_H)
+     
+     # Calculate household risk and community risk.
+     beta_H <- params[1]
+     beta_C <- params[2]
+     risk_H <- pmin(beta_H * data$S * I_data$I_H / N, 1)
+     risk_C <- pmin(beta_C * data$S * I_data$I_C / N, 1)
+     
+     # Each individual is infected from their household or community 
+     # independently with probabilities risk_H and risk_C.
+     new_inf_H <- rbinom(N, 1, risk_H)
+     new_inf_C <- rbinom(N, 1, risk_C)
+     
+     new_exposed <- (new_inf_H == 1) | (new_inf_C == 1)
+     num_new_exposed <- sum(new_exposed, na.rm = T)
+     if (num_new_exposed > 0) {
+       # Change status to newly exposed and add incubation period.
+       data$E[new_exposed] <- 1
+       random_inc <- rlnorm(num_new_exposed, meanlog = log(29.8), sdlog = 0.45) %>% round()
+       data$INC[new_exposed] <- random_inc
+       
+       # Remove susceptible status.
+       data$S[new_exposed] <- 0
+       
+       # Get number of new infections in each household.
+       I_data <- I_data %>%
+         select(ID, HH, I, I_H) %>%
+         mutate(new_I_H = new_inf_H) %>%
+         group_by(HH) %>%
+         # Find households with at least 1 currently infectious individual. If 
+         # exactly 1 infectious individual in household, assign all new H 
+         # exposures to that individual. If there are multiple infectious 
+         # individuals, assign all infections to the infectious individual with 
+         # the first ID.
+         mutate(new_I_H = ifelse(I == 1 & ID == first(ID[I == 1]), 
+                                 sum(new_I_H), 0))
+       
+       results$I_num <- results$I_num + I_data$new_I_H
+       
+       # Label infection types.
+       results$TYPE[new_inf_C == 1] <- 'C'
+       results$TYPE[new_inf_H == 1] <- 'H'
+       results$TYPE[(new_inf_H == 1) & (new_inf_C == 1)] <- 'HC'
+     }
+     
+     # Increment exposure and infectious counters.
+     data$E_count[data$E == 1] <- data$E_count[data$E == 1] + 1
+     data$I_count[data$I == 1] <- data$I_count[data$I == 1] + 1
+   }
+   return(results)
+ }
> 
> metrics <- function(results) {
+   # Incidence is the proportion of the population that became infected.
+   idc <- mean(!is.na(results$TIME))
+   return(c(idc))
+ }
> 
> # 30% Cumulative Incidence
> beta_H <- 50.7
> beta_C <- 0.135
> params <- c(beta_H, beta_C)
> 
> n_sims <- 1000
> i <- 1
> j <- 0
> while (i <= n_sims) {
+     results <- SEIR_p2p(params)
+     j <- j + 1
+     cat(paste0(j, '\t', i, '\n'))
+     if (metrics(results) > 0.29 & metrics(results) < 0.31) {
+         write.csv(results, file = paste0('30/', i, '.csv'), row.names = F)
+         i <- i + 1
+     }
+ }
1	1
2	1
3	1
4	1
5	1
6	1
7	1
8	1
9	1
10	1
11	1
12	1
13	1
14	1
15	1
16	1
17	1
18	1
19	1
20	1
21	1
22	1
23	1
24	1
25	1
26	1
27	1
28	1
29	1
30	1
31	1
32	1
33	1
34	1
35	1
36	1
37	1
38	1
39	1
40	1
41	1
42	1
43	1
44	1
45	1
46	1
47	1
48	1
49	1
50	1
51	1
52	1
53	1
54	1
55	1
56	1
57	1
58	1
59	1
60	1
61	1
62	1
63	1
64	1
65	1
66	1
67	1
68	1
69	1
70	1
71	1
72	1
73	1
74	1
75	1
76	1
77	1
78	1
79	1
80	1
81	1
82	1
83	1
84	1
85	1
86	1
87	1
88	1
89	1
90	1
91	1
92	1
93	1
94	1
95	1
96	1
97	1
98	1
99	1
100	1
101	1
102	1
103	1
104	1
105	1
106	1
107	1
108	1
109	1
110	1
111	1
112	1
113	1
114	1
115	1
116	1
117	1
118	1
119	1
120	1
121	1
122	1
123	1
124	1
125	1
126	1
127	1
128	1
129	1
130	1
131	1
132	1
133	1
134	1
135	2
136	2
137	2
138	2
139	2
140	2
141	2
142	2
143	2
144	3
145	3
146	4
147	4
148	4
149	4
150	5
151	5
152	5
153	5
154	6
155	6
156	6
157	6
158	6
159	6
160	6
161	6
162	6
163	6
164	6
165	6
166	6
167	6
168	6
169	7
170	7
171	7
172	7
173	7
174	7
175	7
176	7
177	7
178	7
179	7
180	7
181	7
182	7
183	7
184	7
185	7
186	7
187	7
188	7
189	7
190	7
191	7
192	7
193	7
194	7
195	7
196	7
197	7
198	7
199	7
200	7
201	7
202	7
203	7
204	7
205	7
206	7
207	7
208	7
209	7
210	7
211	7
212	7
213	7
214	7
215	7
216	7
217	7
218	7
219	7
220	7
221	7
222	7
223	7
224	7
225	7
226	7
227	7
228	7
229	7
230	7
231	7
232	7
233	7
234	7
235	7
236	7
237	7
238	7
239	7
240	7
241	7
242	7
243	7
244	7
245	7
246	7
247	7
248	7
249	7
250	7
251	7
252	7
253	7
254	7
255	7
256	7
257	7
258	7
259	7
260	7
261	7
262	7
263	7
264	7
265	7
266	7
267	7
268	7
269	7
270	7
271	7
272	7
273	7
274	7
275	7
276	7
277	7
278	7
279	7
280	7
281	7
282	7
283	7
284	7
285	7
286	7
287	7
288	7
289	7
290	7
291	7
292	7
293	7
294	7
295	7
296	8
297	8
298	8
299	8
300	8
301	8
302	8
303	8
304	8
305	8
306	8
307	8
308	8
309	8
310	8
311	8
312	8
313	8
314	8
315	8
316	8
317	8
318	8
319	8
320	8
321	8
322	8
323	8
324	8
325	8
326	8
327	8
328	8
329	8
330	8
331	8
332	8
333	8
334	8
335	8
336	8
337	8
338	8
339	8
340	8
341	8
342	8
343	8
344	8
345	8
346	8
347	8
348	8
349	8
350	8
351	8
352	8
353	8
354	8
355	8
356	8
357	8
358	8
359	8
360	8
361	8
362	8
363	8
364	8
365	8
366	8
367	8
368	8
369	8
370	8
371	8
372	8
373	8
374	8
375	8
376	8
377	8
378	8
379	8
380	8
381	8
382	8
383	8
384	8
385	8
386	8
387	8
388	8
389	8
390	8
391	8
392	8
393	8
394	8
395	8
396	8
397	8
398	8
399	9
400	9
401	9
402	9
403	9
404	9
405	9
406	9
407	9
408	9
409	9
410	9
411	9
412	9
413	9
414	9
415	9
416	9
417	9
418	10
419	10
420	10
421	10
422	10
423	10
424	10
425	10
426	10
427	10
428	10
429	10
430	10
431	10
432	10
433	10
434	10
435	10
436	10
437	10
438	10
439	10
440	10
441	10
442	10
443	10
444	10
445	10
446	10
447	10
448	10
449	10
450	10
451	10
452	10
453	10
454	10
455	10
456	10
457	10
458	10
459	10
460	10
461	10
462	10
463	10
464	10
465	10
466	10
467	10
468	10
469	10
470	10
471	10
472	10
473	10
474	10
475	10
476	10
477	10
478	10
479	10
480	10
481	10
482	10
483	10
484	10
485	10
486	10
487	10
488	10
489	10
490	10
491	10
492	10
493	10
494	10
495	10
496	10
497	10
498	10
499	10
500	10
501	10
502	11
503	11
504	11
505	11
506	11
507	11
508	11
509	11
510	11
511	11
512	11
513	12
514	12
515	13
516	13
517	13
518	13
519	13
520	13
521	13
522	13
523	13
524	13
525	13
526	13
527	13
528	13
529	13
530	13
531	13
532	13
533	13
534	13
535	13
536	13
537	13
538	13
539	13
540	13
541	13
542	13
543	13
544	13
545	13
546	13
547	13
548	13
549	14
550	14
551	14
552	14
553	14
554	14
555	14
556	14
557	14
558	14
559	14
560	14
561	14
562	14
563	14
564	14
565	14
566	14
567	14
568	14
569	14
570	14
571	14
572	14
573	14
574	14
575	14
576	14
577	14
578	14
579	14
580	14
581	14
582	14
583	14
584	14
585	14
586	14
587	14
588	14
589	14
590	14
591	14
592	14
593	14
594	14
595	14
596	14
597	14
598	14
599	14
600	14
601	14
602	14
603	14
604	14
605	14
606	14
607	14
608	14
609	14
610	14
611	14
612	14
613	14
614	14
615	14
616	14
617	14
618	14
619	14
620	14
621	14
622	14
623	14
624	14
625	14
626	14
627	14
628	14
629	14
630	14
631	14
632	14
633	14
634	14
635	14
636	14
637	14
638	14
639	14
640	14
641	14
642	14
643	14
644	14
645	14
646	14
647	14
648	14
649	14
650	14
651	14
652	14
653	14
654	14
655	14
656	14
657	14
658	14
659	14
660	14
661	14
662	14
663	14
664	14
665	14
666	14
667	14
668	14
669	14
670	14
671	14
672	14
673	14
674	14
675	14
676	14
677	14
678	14
679	14
680	14
681	14
682	14
683	14
684	14
685	14
686	14
687	14
688	14
689	14
690	14
691	14
692	14
693	14
694	14
695	14
696	14
697	14
698	14
699	14
700	14
701	14
702	14
703	14
704	14
705	14
706	14
707	14
708	14
709	14
710	14
711	14
712	14
713	14
714	14
715	14
716	14
717	14
718	14
719	14
720	14
721	14
722	14
723	14
724	14
725	14
726	14
727	14
728	14
729	14
730	14
731	14
732	14
733	14
734	14
735	14
736	14
737	14
738	14
739	14
740	14
741	14
742	14
743	14
744	14
745	14
746	14
747	14
748	14
749	14
750	14
751	14
752	14
753	14
754	14
755	14
756	14
757	14
758	14
759	14
760	14
761	14
762	14
763	14
764	14
765	14
766	14
767	14
768	14
769	14
770	14
771	15
772	15
773	15
774	15
775	15
776	15
777	15
778	15
779	15
780	15
781	15
782	15
783	15
784	15
785	15
786	15
787	15
788	15
789	15
790	15
791	15
792	15
793	15
794	15
795	15
796	15
797	15
798	15
799	15
800	15
801	15
802	15
803	15
804	15
805	16
806	16
807	16
808	16
809	16
810	16
811	16
812	16
813	16
814	16
815	16
816	16
817	16
818	16
819	16
820	16
821	17
822	17
823	18
824	18
825	18
826	18
827	18
828	18
829	18
830	18
831	18
832	18
833	18
834	18
835	18
836	18
837	18
838	18
839	18
840	18
841	18
842	18
843	18
844	18
845	18
846	18
847	18
848	18
849	18
850	18
851	18
852	18
853	18
854	18
855	19
856	19
857	19
858	19
859	19
860	19
861	19
862	19
863	19
864	19
865	19
866	19
867	19
868	19
869	19
870	19
871	19
872	19
873	19
874	19
875	19
876	19
877	19
878	19
879	19
880	19
881	19
882	19
883	19
884	19
885	19
886	19
887	19
888	19
889	19
890	20
891	20
892	20
893	20
894	20
895	20
896	20
897	20
898	20
899	20
900	20
901	20
902	20
903	20
904	20
905	20
906	20
907	21
908	21
909	21
910	21
911	21
912	21
913	21
914	21
915	21
916	21
917	21
918	21
919	21
920	21
921	21
922	21
923	21
924	21
925	21
926	22
927	22
928	22
929	22
930	22
931	22
932	22
933	22
934	22
935	22
936	22
937	22
938	22
939	22
940	22
941	22
942	22
943	22
944	22
945	22
946	22
947	22
948	22
949	22
950	22
951	22
952	22
953	22
954	22
955	22
956	22
957	22
958	22
959	22
960	22
961	22
962	22
963	22
964	22
965	22
966	22
967	22
968	22
969	22
970	22
971	23
972	23
973	23
974	23
975	23
976	23
977	23
978	23
979	23
980	23
981	23
982	23
983	23
984	23
985	23
986	23
987	23
988	23
989	23
990	23
991	23
992	23
993	23
994	23
995	23
996	23
997	23
998	23
999	23
1000	23
1001	23
1002	23
1003	23
1004	23
1005	23
1006	23
1007	23
1008	23
1009	23
1010	23
1011	23
1012	23
1013	23
1014	23
1015	23
1016	23
1017	23
1018	23
1019	23
1020	23
1021	23
1022	23
1023	23
1024	23
1025	24
1026	24
1027	24
1028	24
1029	24
1030	24
1031	24
1032	24
1033	24
1034	24
1035	24
1036	24
1037	24
1038	24
1039	24
1040	24
1041	24
1042	25
1043	25
1044	25
1045	25
1046	25
1047	25
1048	25
1049	25
1050	25
1051	25
1052	25
1053	25
1054	25
1055	25
1056	25
1057	25
1058	25
1059	25
1060	25
1061	26
1062	26
1063	27
1064	27
1065	27
1066	27
1067	27
1068	27
1069	27
1070	27
1071	27
1072	27
1073	27
1074	27
1075	27
1076	27
1077	27
1078	27
1079	27
1080	27
1081	27
1082	27
1083	27
1084	27
1085	27
1086	27
1087	27
1088	27
1089	27
1090	27
1091	27
1092	27
1093	27
1094	27
1095	28
1096	28
1097	28
1098	28
1099	28
1100	28
1101	28
1102	28
1103	28
1104	29
1105	29
1106	29
1107	29
1108	29
1109	29
1110	29
1111	29
1112	29
1113	29
1114	29
1115	29
1116	29
1117	29
1118	29
1119	29
1120	29
1121	29
1122	29
1123	29
1124	29
1125	29
1126	29
1127	29
1128	29
1129	29
1130	29
1131	29
1132	29
1133	29
1134	29
1135	29
1136	29
1137	29
1138	29
1139	29
1140	29
1141	29
1142	29
1143	29
1144	29
1145	29
1146	29
1147	29
1148	29
1149	29
1150	29
1151	29
1152	29
1153	29
1154	29
1155	29
1156	29
1157	29
1158	29
1159	29
1160	29
1161	29
1162	29
1163	29
1164	29
1165	29
1166	29
1167	29
1168	29
1169	29
1170	29
1171	29
1172	29
1173	29
1174	29
1175	29
1176	29
1177	29
1178	29
1179	29
1180	29
1181	29
1182	29
1183	29
1184	29
1185	29
1186	29
1187	29
1188	29
1189	29
1190	29
1191	29
1192	29
1193	29
1194	29
1195	29
1196	29
1197	29
1198	29
1199	29
1200	29
1201	29
1202	29
1203	29
1204	29
1205	29
1206	29
1207	29
1208	29
1209	29
1210	29
1211	29
1212	29
1213	29
1214	29
1215	29
1216	29
1217	29
1218	29
1219	29
1220	29
1221	29
1222	29
1223	29
1224	29
1225	29
1226	29
1227	29
1228	29
1229	29
1230	29
1231	29
1232	29
1233	29
1234	29
1235	29
1236	29
1237	29
1238	29
1239	29
1240	29
1241	29
1242	29
1243	29
1244	29
1245	29
1246	30
1247	30
1248	30
1249	30
1250	30
1251	30
1252	30
1253	30
1254	30
1255	30
1256	30
1257	30
1258	30
1259	30
1260	30
1261	30
1262	30
1263	30
1264	30
1265	30
1266	30
1267	30
1268	30
1269	31
1270	31
1271	31
1272	31
1273	31
1274	31
1275	31
1276	31
1277	31
1278	31
1279	31
1280	31
1281	31
1282	31
1283	31
1284	31
1285	31
1286	31
1287	31
1288	31
1289	31
1290	31
1291	31
1292	31
1293	31
1294	31
1295	31
1296	31
1297	31
1298	31
1299	31
1300	31
1301	31
1302	31
1303	31
1304	31
1305	31
1306	31
1307	31
1308	31
1309	31
1310	31
1311	31
1312	31
1313	31
1314	31
1315	31
1316	31
1317	31
1318	31
1319	31
1320	31
1321	31
1322	31
1323	31
1324	31
1325	31
1326	31
1327	31
1328	31
1329	31
1330	31
1331	31
1332	31
1333	31
1334	31
1335	31
1336	31
1337	31
1338	31
1339	31
1340	31
1341	31
1342	31
1343	31
1344	31
1345	31
1346	31
1347	31
1348	31
1349	31
1350	31
1351	31
1352	31
1353	31
1354	31
1355	31
1356	31
1357	31
1358	31
1359	31
1360	31
1361	31
1362	32
1363	32
1364	32
1365	32
1366	32
1367	32
1368	32
1369	32
1370	32
1371	32
1372	32
1373	32
1374	32
1375	32
1376	32
1377	32
1378	32
1379	32
1380	32
1381	32
1382	32
1383	32
1384	32
1385	32
1386	32
1387	32
1388	32
1389	32
1390	32
1391	32
1392	32
1393	32
1394	32
1395	32
1396	32
1397	32
1398	32
1399	32
1400	32
1401	32
1402	32
1403	32
1404	32
1405	32
1406	33
1407	33
1408	33
1409	33
1410	33
1411	33
1412	33
1413	33
1414	33
1415	33
1416	33
1417	33
1418	33
1419	33
1420	33
1421	33
1422	33
1423	33
1424	33
1425	33
1426	33
1427	33
1428	33
1429	33
1430	33
1431	33
1432	33
1433	33
1434	33
1435	33
1436	33
1437	33
1438	33
1439	33
1440	33
1441	33
1442	33
1443	33
1444	33
1445	33
1446	33
1447	33
1448	33
1449	33
1450	33
1451	33
1452	33
1453	33
1454	33
1455	33
1456	33
1457	33
1458	33
1459	33
1460	33
1461	33
1462	33
1463	33
1464	33
1465	33
1466	33
1467	33
1468	33
1469	33
1470	33
1471	33
1472	33
1473	33
1474	33
1475	33
1476	33
1477	33
1478	33
1479	33
1480	33
1481	33
1482	34
1483	34
1484	34
1485	34
1486	34
1487	34
1488	34
1489	34
1490	34
1491	34
1492	34
1493	34
1494	34
1495	34
1496	34
1497	34
1498	34
1499	34
1500	34
1501	34
1502	34
1503	34
1504	34
1505	34
1506	34
1507	34
1508	34
1509	34
1510	34
1511	35
1512	35
1513	35
1514	35
1515	35
1516	35
1517	35
1518	35
1519	35
1520	35
1521	35
1522	35
1523	35
1524	35
1525	35
1526	35
1527	35
1528	35
1529	35
1530	35
1531	35
1532	35
1533	35
1534	35
1535	35
1536	35
1537	35
1538	35
1539	35
1540	35
1541	35
1542	35
1543	36
1544	36
1545	36
1546	36
1547	36
1548	36
1549	36
1550	36
1551	36
1552	36
1553	36
1554	36
1555	36
1556	36
1557	36
1558	36
1559	36
1560	36
1561	36
1562	36
1563	36
1564	36
1565	36
1566	36
1567	36
1568	36
1569	36
1570	36
1571	36
1572	36
1573	36
1574	36
1575	36
1576	36
1577	36
1578	36
1579	36
1580	36
1581	36
1582	36
1583	36
1584	36
1585	36
1586	36
1587	36
1588	36
1589	36
1590	36
1591	36
1592	36
1593	36
1594	36
1595	36
1596	36
1597	36
1598	36
1599	36
1600	36
1601	36
1602	37
1603	37
1604	37
1605	37
1606	37
1607	37
1608	37
1609	37
1610	37
1611	37
1612	37
1613	37
1614	37
1615	37
1616	37
1617	37
1618	37
1619	37
1620	37
1621	37
1622	37
1623	37
1624	37
1625	37
1626	37
1627	37
1628	37
1629	37
1630	37
1631	37
1632	37
1633	37
1634	37
1635	37
1636	37
1637	37
1638	37
1639	37
1640	37
1641	37
1642	37
1643	37
1644	37
1645	37
1646	37
1647	37
1648	37
1649	37
1650	37
1651	37
1652	37
1653	37
1654	37
1655	37
1656	37
1657	37
1658	37
1659	37
1660	37
1661	37
1662	37
1663	37
1664	37
1665	37
1666	37
1667	37
1668	37
1669	37
1670	38
1671	38
1672	38
1673	38
1674	38
1675	38
1676	38
1677	38
1678	38
1679	38
1680	38
1681	38
1682	38
1683	38
1684	38
1685	38
1686	38
1687	38
1688	38
1689	38
1690	38
1691	38
1692	38
1693	38
1694	38
1695	38
1696	38
1697	38
1698	38
1699	38
1700	38
1701	38
1702	38
1703	38
1704	38
1705	38
1706	38
1707	38
1708	38
1709	38
1710	38
1711	38
1712	38
1713	38
1714	38
1715	38
1716	38
1717	38
1718	38
1719	38
1720	38
1721	38
1722	38
1723	38
1724	38
1725	38
1726	38
1727	38
1728	38
1729	38
1730	38
1731	38
1732	38
1733	38
1734	38
1735	38
1736	38
1737	38
1738	38
1739	38
1740	38
1741	38
1742	39
1743	39
1744	39
1745	39
1746	39
1747	39
1748	39
1749	39
1750	39
1751	39
1752	39
1753	39
1754	39
1755	39
1756	39
1757	39
1758	39
1759	39
1760	39
1761	39
1762	39
1763	39
1764	39
1765	39
1766	39
1767	39
1768	39
1769	39
1770	39
1771	39
1772	39
1773	39
1774	39
1775	39
1776	39
1777	39
1778	39
1779	39
1780	39
1781	39
1782	39
1783	39
1784	39
1785	39
1786	39
1787	39
1788	40
1789	40
1790	40
1791	40
1792	40
1793	40
1794	40
1795	40
1796	40
1797	40
1798	40
1799	41
1800	41
1801	41
1802	41
1803	41
1804	41
1805	41
1806	41
1807	41
1808	41
1809	41
1810	41
1811	41
1812	41
1813	41
1814	41
1815	41
1816	41
1817	41
1818	41
1819	41
1820	41
1821	41
1822	41
1823	41
1824	41
1825	41
1826	41
1827	41
1828	41
1829	41
1830	41
1831	41
1832	41
1833	41
1834	41
1835	41
1836	41
1837	41
1838	41
1839	41
1840	41
1841	41
1842	41
1843	41
1844	41
1845	41
1846	41
1847	41
1848	41
1849	41
1850	41
1851	41
1852	41
1853	41
1854	41
1855	42
1856	43
1857	43
1858	43
1859	43
1860	43
1861	43
1862	43
1863	43
1864	43
1865	43
1866	43
1867	43
1868	43
1869	43
1870	43
1871	43
1872	43
1873	43
1874	43
1875	43
1876	43
1877	43
1878	43
1879	43
1880	43
1881	43
1882	43
1883	43
1884	43
1885	43
1886	43
1887	43
1888	43
1889	43
1890	44
1891	44
1892	44
1893	45
1894	45
1895	46
1896	46
1897	46
1898	46
1899	46
1900	46
1901	46
1902	46
1903	46
1904	46
1905	46
1906	46
1907	46
1908	46
1909	46
1910	46
1911	46
1912	46
1913	46
1914	46
1915	46
1916	46
1917	46
1918	46
1919	46
1920	46
1921	46
1922	46
1923	46
1924	46
1925	46
1926	46
1927	46
1928	46
1929	46
1930	46
1931	46
1932	46
1933	46
1934	46
1935	46
1936	46
1937	46
1938	46
1939	46
1940	46
1941	46
1942	46
1943	46
1944	46
1945	46
1946	46
1947	46
1948	46
1949	46
1950	46
1951	46
1952	46
1953	46
1954	46
1955	46
1956	46
1957	46
1958	47
1959	47
1960	47
1961	47
1962	47
1963	47
1964	47
1965	47
1966	47
1967	47
1968	47
1969	47
1970	47
1971	47
1972	47
1973	47
1974	47
1975	47
1976	47
1977	47
1978	47
1979	47
1980	48
1981	48
1982	49
1983	49
1984	49
1985	49
1986	49
1987	49
1988	49
1989	49
1990	49
1991	49
1992	49
1993	49
1994	49
1995	49
1996	49
1997	49
1998	50
1999	50
2000	50
2001	50
2002	50
2003	50
2004	50
2005	50
2006	50
2007	50
2008	50
2009	50
2010	50
2011	50
2012	50
2013	50
2014	50
2015	50
2016	50
2017	50
2018	50
2019	50
2020	50
2021	50
2022	50
2023	50
2024	50
2025	50
2026	50
2027	50
2028	50
2029	50
2030	50
2031	50
2032	50
2033	50
2034	50
2035	50
2036	50
2037	50
2038	50
2039	50
2040	50
2041	50
2042	51
2043	51
2044	51
2045	51
2046	51
2047	51
2048	51
2049	51
2050	51
2051	51
2052	51
2053	51
2054	51
2055	51
2056	51
2057	51
2058	51
2059	51
2060	51
2061	51
2062	51
2063	51
2064	51
2065	51
2066	51
2067	51
2068	51
2069	51
2070	51
2071	51
2072	51
2073	51
2074	51
2075	51
2076	51
2077	51
2078	51
2079	51
2080	51
2081	51
2082	51
2083	51
2084	51
2085	51
2086	51
2087	52
2088	52
2089	52
2090	52
2091	52
2092	52
2093	52
2094	52
2095	52
2096	52
2097	52
2098	52
2099	52
2100	52
2101	52
2102	52
2103	52
2104	52
2105	52
2106	52
2107	52
2108	52
2109	52
2110	52
2111	52
2112	52
2113	52
2114	52
2115	52
2116	52
2117	52
2118	52
2119	52
2120	52
2121	52
2122	52
2123	52
2124	52
2125	52
2126	52
2127	53
2128	53
2129	53
2130	53
2131	53
2132	53
2133	53
2134	53
2135	53
2136	53
2137	53
2138	53
2139	53
2140	53
2141	53
2142	53
2143	53
2144	53
2145	53
2146	53
2147	53
2148	53
2149	53
2150	53
2151	53
2152	53
2153	53
2154	53
2155	53
2156	53
2157	53
2158	53
2159	53
2160	53
2161	53
2162	53
2163	53
2164	53
2165	53
2166	53
2167	53
2168	53
2169	53
2170	54
2171	54
2172	54
2173	54
2174	54
2175	54
2176	54
2177	54
2178	54
2179	54
2180	54
2181	54
2182	54
2183	54
2184	54
2185	54
2186	54
2187	54
2188	54
2189	54
2190	54
2191	54
2192	54
2193	54
2194	54
2195	54
2196	54
2197	54
2198	54
2199	54
2200	54
2201	54
2202	54
2203	54
2204	54
2205	54
2206	54
2207	54
2208	54
2209	54
2210	54
2211	54
2212	54
2213	54
2214	55
2215	55
2216	55
2217	55
2218	56
2219	56
2220	56
2221	56
2222	56
2223	56
2224	56
2225	56
2226	56
2227	56
2228	56
2229	56
2230	56
2231	56
2232	56
2233	56
2234	56
2235	56
2236	56
2237	57
2238	57
2239	57
2240	57
2241	57
2242	57
2243	57
2244	57
2245	57
2246	57
2247	57
2248	57
2249	57
2250	57
2251	57
2252	57
2253	57
2254	57
2255	57
2256	57
2257	57
2258	57
2259	57
2260	57
2261	57
2262	57
2263	57
2264	57
2265	57
2266	57
2267	57
2268	57
2269	57
2270	57
2271	57
2272	57
2273	57
2274	57
2275	57
2276	57
2277	57
2278	57
2279	57
2280	57
2281	57
2282	57
2283	57
2284	57
2285	57
2286	57
2287	57
2288	57
2289	57
2290	57
2291	57
2292	57
2293	57
2294	57
2295	57
2296	57
2297	58
2298	58
2299	58
2300	58
2301	58
2302	58
2303	58
2304	58
2305	58
2306	58
2307	58
2308	58
2309	58
2310	58
2311	58
2312	58
2313	58
2314	58
2315	58
2316	58
2317	58
2318	58
2319	58
2320	59
2321	59
2322	59
2323	59
2324	59
2325	59
2326	59
2327	59
2328	59
2329	59
2330	59
2331	59
2332	59
2333	59
2334	59
2335	59
2336	59
2337	59
2338	59
2339	59
2340	59
2341	60
2342	60
2343	60
2344	60
2345	60
2346	60
2347	60
2348	60
2349	60
2350	60
2351	60
2352	60
2353	60
2354	60
2355	60
2356	60
2357	60
2358	60
2359	60
2360	60
2361	60
2362	60
2363	60
2364	60
2365	61
2366	61
2367	61
2368	61
2369	61
2370	61
2371	61
2372	62
2373	62
2374	62
2375	62
2376	62
2377	62
2378	62
2379	62
2380	62
2381	62
2382	62
2383	62
2384	62
2385	62
2386	62
2387	62
2388	62
2389	62
2390	62
2391	62
2392	62
2393	62
2394	62
2395	63
2396	63
2397	63
2398	63
2399	63
2400	63
2401	63
2402	63
2403	63
2404	63
2405	63
2406	63
2407	63
2408	63
2409	63
2410	63
2411	63
2412	63
2413	63
2414	63
2415	63
2416	63
2417	63
2418	63
2419	63
2420	63
2421	63
2422	63
2423	63
2424	63
2425	63
2426	63
2427	63
2428	63
2429	63
2430	63
2431	63
2432	63
2433	63
2434	63
2435	63
2436	63
2437	63
2438	63
2439	63
2440	63
2441	63
2442	63
2443	63
2444	63
2445	63
2446	63
2447	63
2448	63
2449	63
2450	63
2451	63
2452	63
2453	63
2454	63
2455	63
2456	63
2457	63
2458	63
2459	63
2460	63
2461	63
2462	63
2463	63
2464	63
2465	63
2466	63
2467	63
2468	63
2469	63
2470	63
2471	63
2472	63
2473	63
2474	63
2475	63
2476	64
2477	64
2478	64
2479	64
2480	64
2481	64
2482	64
2483	64
2484	64
2485	64
2486	64
2487	64
2488	64
2489	64
2490	64
2491	64
2492	64
2493	64
2494	64
2495	64
2496	64
2497	64
2498	64
2499	64
2500	64
2501	64
2502	64
2503	64
2504	64
2505	64
2506	64
2507	64
2508	64
2509	64
2510	64
2511	64
2512	64
2513	64
2514	64
2515	64
2516	64
2517	64
2518	64
2519	64
2520	64
2521	64
2522	64
2523	64
2524	64
2525	64
2526	64
2527	64
2528	64
2529	64
2530	64
2531	64
2532	64
2533	64
2534	64
2535	64
2536	64
2537	64
2538	64
2539	64
2540	64
2541	64
2542	64
2543	64
2544	64
2545	64
2546	64
2547	64
2548	64
2549	64
2550	64
2551	64
2552	64
2553	64
2554	64
2555	64
2556	64
2557	64
2558	64
2559	64
2560	64
2561	64
2562	65
2563	65
2564	65
2565	65
2566	65
2567	65
2568	65
2569	65
2570	65
2571	65
2572	65
2573	65
2574	65
2575	65
2576	65
2577	65
2578	65
2579	65
2580	65
2581	65
2582	65
2583	65
2584	65
2585	66
2586	66
2587	66
2588	66
2589	66
2590	66
2591	66
2592	66
2593	66
2594	66
2595	66
2596	66
2597	66
2598	66
2599	66
2600	66
2601	66
2602	66
2603	66
2604	66
2605	66
2606	66
2607	66
2608	67
2609	67
2610	67
2611	67
2612	67
2613	67
2614	67
2615	67
2616	67
2617	67
2618	67
2619	67
2620	67
2621	67
2622	67
2623	67
2624	67
2625	67
2626	68
2627	68
2628	68
2629	68
2630	68
2631	68
2632	68
2633	68
2634	68
2635	68
2636	68
2637	68
2638	68
2639	68
2640	68
2641	68
2642	68
2643	68
2644	68
2645	68
2646	68
2647	68
2648	68
2649	68
2650	68
2651	68
2652	68
2653	68
2654	68
2655	68
2656	68
2657	68
2658	68
2659	68
2660	68
2661	68
2662	68
2663	68
2664	68
2665	68
2666	68
2667	68
2668	68
2669	68
2670	68
2671	68
2672	68
2673	68
2674	68
2675	68
2676	69
2677	69
2678	70
2679	70
2680	70
2681	70
2682	70
2683	70
2684	70
2685	70
2686	70
2687	70
2688	70
2689	70
2690	70
2691	70
2692	70
2693	70
2694	70
2695	70
2696	70
2697	70
2698	70
2699	70
2700	70
2701	70
2702	70
2703	70
2704	70
2705	70
2706	70
2707	70
2708	70
2709	70
2710	70
2711	70
2712	70
2713	70
2714	70
2715	71
2716	71
2717	71
2718	71
2719	71
2720	71
2721	71
2722	71
2723	71
2724	72
2725	72
2726	72
2727	72
2728	72
2729	72
2730	72
2731	72
2732	72
2733	72
2734	72
2735	72
2736	72
2737	72
2738	72
2739	72
2740	72
2741	72
2742	72
2743	72
2744	72
2745	72
2746	72
2747	72
2748	72
2749	72
2750	72
2751	72
2752	72
2753	72
2754	72
2755	72
2756	72
2757	72
2758	72
2759	72
2760	72
2761	72
2762	72
2763	72
2764	72
2765	72
2766	72
2767	72
2768	72
2769	72
2770	72
2771	72
2772	72
2773	72
2774	72
2775	72
2776	72
2777	72
2778	72
2779	72
2780	72
2781	72
2782	72
2783	72
2784	72
2785	72
2786	72
2787	72
2788	72
2789	72
2790	72
2791	72
2792	72
2793	72
2794	72
2795	72
2796	72
2797	72
2798	72
2799	72
2800	72
2801	72
2802	72
2803	72
2804	72
2805	72
2806	72
2807	72
2808	72
2809	72
2810	72
2811	72
2812	72
2813	73
2814	73
2815	73
2816	73
2817	73
2818	73
2819	73
2820	73
2821	73
2822	73
2823	73
2824	73
2825	73
2826	73
2827	73
2828	73
2829	73
2830	73
2831	73
2832	73
2833	73
2834	73
2835	73
2836	73
2837	73
2838	73
2839	73
2840	73
2841	73
2842	73
2843	73
2844	73
2845	73
2846	73
2847	73
2848	73
2849	74
2850	74
2851	74
2852	74
2853	74
2854	74
2855	74
2856	74
2857	74
2858	74
2859	74
2860	74
2861	74
2862	74
2863	74
2864	74
2865	74
2866	74
2867	74
2868	74
2869	74
2870	74
2871	74
2872	74
2873	74
2874	74
2875	74
2876	75
2877	76
2878	76
2879	76
2880	76
2881	76
2882	76
2883	76
2884	76
2885	76
2886	76
2887	76
2888	76
2889	76
2890	76
2891	76
2892	76
2893	77
2894	77
2895	78
2896	78
2897	79
2898	79
2899	79
2900	79
2901	79
2902	79
2903	79
2904	79
2905	79
2906	79
2907	79
2908	80
2909	80
2910	80
2911	80
2912	80
2913	80
2914	80
2915	80
2916	80
2917	80
2918	80
2919	80
2920	80
2921	80
2922	80
2923	80
2924	80
2925	80
2926	80
2927	80
2928	80
2929	80
2930	80
2931	80
2932	80
2933	80
2934	80
2935	80
2936	80
2937	80
2938	80
2939	80
2940	80
2941	80
2942	80
2943	80
2944	80
2945	80
2946	80
2947	80
2948	80
2949	80
2950	80
2951	80
2952	80
2953	80
2954	80
2955	80
2956	80
2957	80
2958	80
2959	80
2960	80
2961	80
2962	80
2963	80
2964	81
2965	81
2966	81
2967	81
2968	81
2969	82
2970	82
2971	82
2972	82
2973	82
2974	82
2975	82
2976	82
2977	82
2978	82
2979	82
2980	82
2981	82
2982	82
2983	82
2984	82
2985	82
2986	82
2987	82
2988	82
2989	82
2990	82
2991	82
2992	82
2993	82
2994	82
2995	82
2996	82
2997	82
2998	82
2999	82
3000	82
3001	82
3002	82
3003	82
3004	82
3005	82
3006	82
3007	82
3008	82
3009	82
3010	82
3011	82
3012	82
3013	82
3014	82
3015	82
3016	82
3017	82
3018	82
3019	82
3020	82
3021	82
3022	82
3023	82
3024	82
3025	82
3026	82
3027	82
3028	82
3029	82
3030	82
3031	82
3032	82
3033	82
3034	82
3035	82
3036	82
3037	82
3038	82
3039	82
3040	82
3041	82
3042	82
3043	82
3044	82
3045	82
3046	83
3047	83
3048	83
3049	83
3050	83
3051	83
3052	83
3053	83
3054	83
3055	83
3056	83
3057	83
3058	83
3059	83
3060	83
3061	83
3062	83
3063	83
3064	83
3065	83
3066	83
3067	83
3068	83
3069	83
3070	83
3071	83
3072	83
3073	83
3074	83
3075	83
3076	83
3077	83
3078	83
3079	83
3080	83
3081	83
3082	83
3083	83
3084	83
3085	83
3086	83
3087	84
3088	84
3089	84
3090	84
3091	85
3092	85
3093	85
3094	85
3095	85
3096	85
3097	85
3098	85
3099	85
3100	85
3101	85
3102	85
3103	85
3104	85
3105	85
3106	85
3107	85
3108	85
3109	85
3110	85
3111	85
3112	85
3113	85
3114	85
3115	85
3116	85
3117	85
3118	85
3119	85
3120	85
3121	85
3122	85
3123	85
3124	85
3125	85
3126	85
3127	85
3128	85
3129	85
3130	85
3131	85
3132	85
3133	85
3134	85
3135	85
3136	85
3137	85
3138	85
3139	85
3140	85
3141	85
3142	85
3143	85
3144	85
3145	85
3146	85
3147	85
3148	85
3149	85
3150	85
3151	85
3152	85
3153	85
3154	85
3155	85
3156	85
3157	85
3158	85
3159	85
3160	85
3161	85
3162	85
3163	85
3164	86
3165	86
3166	86
3167	86
3168	86
3169	86
3170	86
3171	86
3172	86
3173	86
3174	86
3175	86
3176	86
3177	86
3178	86
3179	86
3180	86
3181	86
3182	86
3183	86
3184	86
3185	86
3186	86
3187	86
3188	86
3189	87
3190	87
3191	88
3192	88
3193	88
3194	88
3195	88
3196	88
3197	88
3198	88
3199	88
3200	88
3201	88
3202	88
3203	88
3204	88
3205	88
3206	88
3207	88
3208	88
3209	88
3210	88
3211	88
3212	88
3213	89
3214	89
3215	89
3216	89
3217	89
3218	89
3219	90
3220	90
3221	90
3222	90
3223	90
3224	90
3225	90
3226	90
3227	90
3228	90
3229	90
3230	90
3231	90
3232	90
3233	90
3234	90
3235	90
3236	90
3237	90
3238	90
3239	90
3240	90
3241	90
3242	90
3243	90
3244	90
3245	90
3246	90
3247	90
3248	90
3249	90
3250	90
3251	90
3252	90
3253	90
3254	90
3255	90
3256	90
3257	90
3258	90
3259	90
3260	90
3261	90
3262	90
3263	90
3264	90
3265	90
3266	90
3267	90
3268	90
3269	90
3270	90
3271	90
3272	90
3273	90
3274	90
3275	91
3276	91
3277	91
3278	91
3279	91
3280	91
3281	91
3282	91
3283	91
3284	91
3285	91
3286	91
3287	91
3288	91
3289	91
3290	91
3291	91
3292	91
3293	91
3294	91
3295	91
3296	91
3297	91
3298	91
3299	91
3300	91
3301	91
3302	91
3303	91
3304	91
3305	91
3306	91
3307	91
3308	91
3309	91
3310	91
3311	91
3312	91
3313	91
3314	91
3315	91
3316	91
3317	91
3318	91
3319	91
3320	91
3321	91
3322	91
3323	91
3324	91
3325	91
3326	91
3327	91
3328	91
3329	91
3330	91
3331	91
3332	91
3333	91
3334	91
3335	91
3336	91
3337	91
3338	91
3339	91
3340	91
3341	91
3342	91
3343	91
3344	91
3345	91
3346	91
3347	91
3348	91
3349	91
3350	91
3351	91
3352	91
3353	91
3354	91
3355	91
3356	91
3357	92
3358	92
3359	92
3360	92
3361	92
3362	92
3363	92
3364	92
3365	92
3366	92
3367	92
3368	92
3369	92
3370	92
3371	92
3372	92
3373	92
3374	92
3375	92
3376	92
3377	92
3378	92
3379	92
3380	92
3381	92
3382	92
3383	92
3384	92
3385	92
3386	92
3387	92
3388	92
3389	92
3390	92
3391	92
3392	92
3393	92
3394	92
3395	93
3396	93
3397	93
3398	93
3399	93
3400	93
3401	93
3402	93
3403	93
3404	93
3405	93
3406	93
3407	93
3408	93
3409	93
3410	93
3411	93
3412	93
3413	93
3414	93
3415	93
3416	93
3417	93
3418	93
