
R version 4.2.2 Patched (2022-11-10 r83330) -- "Innocent and Trusting"
Copyright (C) 2022 The R Foundation for Statistical Computing
Platform: x86_64-pc-linux-gnu (64-bit)

R is free software and comes with ABSOLUTELY NO WARRANTY.
You are welcome to redistribute it under certain conditions.
Type 'license()' or 'licence()' for distribution details.

  Natural language support but running in an English locale

R is a collaborative project with many contributors.
Type 'contributors()' for more information and
'citation()' on how to cite R or R packages in publications.

Type 'demo()' for some demos, 'help()' for on-line help, or
'help.start()' for an HTML browser interface to help.
Type 'q()' to quit R.

> rm(list = ls())
> gc()
         used (Mb) gc trigger (Mb) max used (Mb)
Ncells 275325 14.8     662942 35.5   468594 25.1
Vcells 462880  3.6    8388608 64.0  1820267 13.9
> library(dplyr)

Attaching package: ‘dplyr’

The following objects are masked from ‘package:stats’:

    filter, lag

The following objects are masked from ‘package:base’:

    intersect, setdiff, setequal, union

> library(foreach)
> library(doParallel)
Loading required package: iterators
Loading required package: parallel
> 
> # Set up the number of cores used for parallelization.
> # Use detectCores() to find out how many cores are available.
> message(detectCores())
32
> num_cores <- 24
> registerDoParallel(num_cores)
> 
> time <- 365 # Number of days.
> inc <- 28 # Average incubation period length.
> inf <- 7 # Average infectious period length.
> pop <- 1000 # Population size.
> 
> create_hh <- function() {
+   # Randomly sample household sizes such that total population is 1000 
+   # individuals.
+   hh_size <- sample(x = c(3, 4, 5, 6), size = 340, replace = T)
+   
+   # Keep households such that total population is < 1000.
+   hh_size <- hh_size[which(cumsum(hh_size) < pop)]
+   
+   leftover <- pop - sum(hh_size)
+   if (leftover < 3) {
+     hh <- 1:length(hh_size)
+     sampled <- sample(hh[hh_size < 6], leftover)
+     hh_size[sampled] <- hh_size[sampled] + 1
+   } else {
+     hh_size <- c(hh_size, leftover)
+   }
+   return(hh_size)
+ }
> 
> SEIR <- function(beta_H, beta_C, inc, inf, verbose = 0) {
+   hh_size <- create_hh()
+   
+   # Create frame for running the simulation.
+   # ID: ID of individual.
+   # SIZE: size of individual's household.
+   # HH: ID of individual's household.
+   # S: susceptibility status.
+   # E: exposed status.
+   # E_count: number of days since exposed.
+   # I: infectious status.
+   # I_count: number of days since infectious.
+   # R: recovered status.
+   # INC: incubation period.
+   # INF: infectious period.
+   data <- data.frame(ID = 1:pop,
+                     SIZE = rep(hh_size, times = hh_size),
+                     HH = rep(1:length(hh_size), times = hh_size), 
+                     S = c(0, rep(1, pop - 1)), 
+                     E = c(1, rep(0, pop - 1)),
+                     E_count = c(1, rep(0, pop - 1)), 
+                     I = 0,
+                     I_count = 0, 
+                     R = 0, 
+                     INC = c(round(rnorm(1, inc, 2)), rep(0, pop - 1)),
+                     INF = 0)
+   
+   # Create frame for storing results.
+   # ID: ID of individual.
+   # SIZE: size of individual's household.
+   # HH: ID of individual's household.
+   # TYPE: the kind of infection: household (H), community (C), or both (B).
+   # TIME: when the individual became infectious.
+   # S_num: number of susceptible people in individual's household when their 
+   #        infectious period begins.
+   # I_num: number of people in household that this individual infected over 
+   #        their infectious period.
+   results <- data[, 1:3] %>% mutate(TYPE = NA, TIME = NA, S_num = NA, I_num = 0)
+   results$TYPE[1] <- '0'
+   
+   for(t in 1:time) {
+     if (verbose) {
+       if (t %% 10 == 0) {
+         message(t)
+       }
+     }
+     
+     # Anyone who has been infectious for as many days as their infectious
+     # period is now recovered.
+     recovered <- (data$INF > 0) & (data$I_count == data$INF)
+     if(sum(recovered, na.rm = T) > 0) {
+       data$R[recovered] <- 1
+       data$I[recovered] <- 0
+       data$I_count[recovered] <- 0 
+     }
+     
+     # Anyone who has been incubating for as many days as their incubation
+     # period is now infectious.
+     new_inf <- (data$INC > 0) & (data$E_count == data$INC)
+     num_new_inf <- sum(new_inf, na.rm = T)
+     if(num_new_inf > 0) {
+       # Change status to newly infectious and add infectious period.
+       data$I[new_inf] <- 1
+       random_inf <- rnorm(num_new_inf, mean = inf, sd = 1) %>% round()
+       data$INF[new_inf] <- random_inf
+       
+       # Remove exposure status and exposure count.
+       data$E[new_inf] <- 0
+       data$E_count[new_inf] <- 0 
+       
+       # Record time at which infectious period starts.
+       results$TIME[new_inf] <- t
+     }
+     
+     # I_H is the number of infections inside each household.
+     # I_C is the number of infections outside each household.
+     I_data <- data %>% group_by(HH) %>% 
+       mutate(I_H = sum(I)) %>% 
+       ungroup() %>% 
+       mutate(I_C = sum(I) - I_H)
+     
+     # Calculate household risk and community risk.
+     risk_H <- beta_H * data$S * I_data$I_H / pop
+     risk_C <- beta_C * data$S * I_data$I_C / pop
+     
+     # Each individual is infected from their household or 
+     # community independently with probabilities risk_H
+     # and risk_C.
+     new_inf_H <- rbinom(nrow(data), 1, risk_H)
+     new_inf_C <- rbinom(nrow(data), 1, risk_C)
+     
+     new_exposed <- (new_inf_H == 1) | (new_inf_C == 1)
+     num_new_exposed <- sum(new_exposed, na.rm = T)
+     if (num_new_exposed > 0) {
+       # Change status to newly exposed and add incubation period.
+       data$E[new_exposed] <- 1
+       random_inc <- rnorm(num_new_exposed, mean = inc, sd = 2) %>% round()
+       data$INC[new_exposed] <- random_inc
+       
+       # Remove susceptible status.
+       data$S[new_exposed] <- 0
+       
+       # Label infections.
+       results$TYPE[new_inf_C == 1] <- 'C'
+       results$TYPE[new_inf_H == 1] <- 'H'
+       results$TYPE[(new_inf_H == 1) & (new_inf_C == 1)] <- 'B'
+     }
+     
+     # Increment exposure and infectious counters.
+     data$E_count[data$E == 1] <- data$E_count[data$E == 1] + 1
+     data$I_count[data$I == 1] <- data$I_count[data$I == 1] + 1
+   }
+   return(results)
+ }
> 
> metrics <- function(results) {
+   # Incidence is the proportion of the population that became infected.
+   idc <- mean(!is.na(results$TIME))
+   
+   # If incidence is 0, the proportion of household infections is undefined.
+   prp <- NA
+   if (idc != 0) {
+     # The proportion of household infections is the proportion of infections that
+     # were from the household.
+     prp <- mean(results[!is.na(results$TIME), ]$TYPE == 'H')
+   }
+   return(c(idc, prp))
+ }
> 
> beta_Hs <- seq(91, 160, 1)
> beta_Cs <- seq(0, 0.2, 0.01)
> 
> a <- length(beta_Hs)
> b <- length(beta_Cs)
> 
> reps <- 100
> idcs <- array(rep(NA, a * b * reps), dim = c(a, b, reps))
> prps <- array(rep(NA, a * b * reps), dim = c(a, b, reps))
> t_tot <- 0
> for (i in 1:a) {
+   for (j in 1:b) {
+     beta_H <- beta_Hs[i]
+     beta_C <- beta_Cs[j]
+       
+     t_0 <- Sys.time()
+     vals <- foreach (k = 1:reps, .combine = 'c') %dopar% {
+       results <- SEIR(beta_H, beta_C, inc, inf, verbose = F) 
+       metrics(results)
+     }
+     t_1 <- Sys.time()
+     t_tot <- t_tot + (t_1 - t_0)
+     vals <- matrix(vals, reps, byrow = T)
+     idcs[i, j, ] <- vals[, 1]
+     prps[i, j, ] <- vals[, 2]
+     message(paste0(beta_H, '/130\t', 
+                    format(beta_C, nsmall = 2), '/0.20\t',  
+                    format(t_tot, nsmall = 2), '\t(', format(t_1 - t_0, nsmall = 2), ')\t', 
+                    format(mean(vals[, 1]), nsmall = 3), '\t', 
+                    format(mean(vals[, 2]), nsmall = 3)))
+     write.table(idcs, file = 'idcs_2.txt', row.names = F, col.names = F)
+     write.table(prps, file = 'prps_2.txt', row.names = F, col.names = F)
+   }
+   message('\n')
+ }
91/130	0.00/0.20	1.119935 mins	(1.119935 mins)	0.00376	0.6098333
91/130	0.01/0.20	2.135861 mins	(1.015926 mins)	0.00591	0.6629748
91/130	0.02/0.20	3.182613 mins	(1.046752 mins)	0.00891	0.6773306
91/130	0.03/0.20	4.265454 mins	(1.08284 mins)	0.0133	0.6534866
91/130	0.04/0.20	5.325282 mins	(1.059828 mins)	0.02527	0.6148042
91/130	0.05/0.20	6.358538 mins	(1.033256 mins)	0.0441	0.6553493
91/130	0.06/0.20	7.446083 mins	(1.087545 mins)	0.08096	0.627152
91/130	0.07/0.20	8.486065 mins	(1.039982 mins)	0.13959	0.5903474
91/130	0.08/0.20	9.553916 mins	(1.067851 mins)	0.21295	0.624276
91/130	0.09/0.20	10.6255 mins	(1.071581 mins)	0.29135	0.5940509
91/130	0.10/0.20	11.6484 mins	(1.022898 mins)	0.37514	0.585965
91/130	0.11/0.20	12.68856 mins	(1.040169 mins)	0.48569	0.5805944
91/130	0.12/0.20	13.83711 mins	(1.148542 mins)	0.58775	0.5696591
91/130	0.13/0.20	14.90298 mins	(1.065876 mins)	0.64325	0.5549642
91/130	0.14/0.20	953.9737 secs	(59.79479 secs)	0.73177	0.5479008
91/130	0.15/0.20	1017.792 secs	(1.063643 mins)	0.80047	0.5508366
91/130	0.16/0.20	1086.35 secs	(1.142628 mins)	0.8239	0.5418164
91/130	0.17/0.20	1154.203 secs	(1.130886 mins)	0.88286	0.533715
91/130	0.18/0.20	1214.24 secs	(1.000616 mins)	0.83144	0.5062415
91/130	0.19/0.20	1277.567 secs	(1.055453 mins)	0.89989	0.5213084
91/130	0.20/0.20	1346.225 secs	(1.144292 mins)	0.89612	0.4917846


92/130	0.00/0.20	1410.007 secs	(1.063039 mins)	0.00404	0.6801667
92/130	0.01/0.20	1468.102 secs	(58.09453 secs)	0.00526	0.649148
92/130	0.02/0.20	1530.455 secs	(1.039223 mins)	0.00893	0.6589942
92/130	0.03/0.20	1600.488 secs	(1.167223 mins)	0.01674	0.6720003
92/130	0.04/0.20	1662.485 secs	(1.033281 mins)	0.02598	0.661752
92/130	0.05/0.20	1721.194 secs	(58.70831 secs)	0.05494	0.6216078
92/130	0.06/0.20	1785.918 secs	(1.078741 mins)	0.09054	0.6348734
92/130	0.07/0.20	1851.893 secs	(1.099589 mins)	0.15981	0.6197588
92/130	0.08/0.20	1916.127 secs	(1.070557 mins)	0.20305	0.6266921
92/130	0.09/0.20	1980.824 secs	(1.078282 mins)	0.2487	0.595064
92/130	0.10/0.20	2048.434 secs	(1.126838 mins)	0.38631	0.5659392
92/130	0.11/0.20	2114.184 secs	(1.09583 mins)	0.51127	0.5778707
92/130	0.12/0.20	2174.19 secs	(1.000102 mins)	0.60742	0.5708933
92/130	0.13/0.20	2236.783 secs	(1.043214 mins)	0.63576	0.564177
92/130	0.14/0.20	2304.936 secs	(1.135893 mins)	0.73767	0.5479344
92/130	0.15/0.20	2369.578 secs	(1.077366 mins)	0.79759	0.5429956
92/130	0.16/0.20	2429.799 secs	(1.003675 mins)	0.84315	0.5476599
92/130	0.17/0.20	2493.241 secs	(1.057377 mins)	0.86692	0.5358574
92/130	0.18/0.20	2559.865 secs	(1.11039 mins)	0.89462	0.5305809
92/130	0.19/0.20	2622.904 secs	(1.050653 mins)	0.90092	0.5183102
92/130	0.20/0.20	2684.456 secs	(1.025871 mins)	0.86724	0.4855701


93/130	0.00/0.20	2746.485 secs	(1.033811 mins)	0.0037	0.6466667
93/130	0.01/0.20	2808.717 secs	(1.037194 mins)	0.00588	0.6817985
93/130	0.02/0.20	2872.319 secs	(1.060037 mins)	0.00849	0.6449296
93/130	0.03/0.20	2937.245 secs	(1.082111 mins)	0.01593	0.6519115
93/130	0.04/0.20	2998.77 secs	(1.025414 mins)	0.02679	0.6744149
93/130	0.05/0.20	3062.702 secs	(1.065535 mins)	0.05131	0.6161517
93/130	0.06/0.20	3125.37 secs	(1.044456 mins)	0.08827	0.6797134
93/130	0.07/0.20	3187.684 secs	(1.038575 mins)	0.15917	0.6301835
93/130	0.08/0.20	3249.005 secs	(1.022017 mins)	0.21999	0.6002962
93/130	0.09/0.20	3314.037 secs	(1.083861 mins)	0.26388	0.6000866
93/130	0.10/0.20	3378.033 secs	(1.066602 mins)	0.40003	0.5678584
93/130	0.11/0.20	3439.551 secs	(1.025293 mins)	0.46162	0.5616548
93/130	0.12/0.20	3501.947 secs	(1.039943 mins)	0.5811	0.5498986
93/130	0.13/0.20	3569.068 secs	(1.118686 mins)	0.68199	0.5657902
93/130	0.14/0.20	3634.44 secs	(1.089527 mins)	0.73638	0.5432382
93/130	0.15/0.20	3694.37 secs	(59.93038 secs)	0.79937	0.5388172
93/130	0.16/0.20	3757.282 secs	(1.048532 mins)	0.85348	0.5560836
93/130	0.17/0.20	3825.901 secs	(1.143651 mins)	0.86031	0.5390163
93/130	0.18/0.20	3892.047 secs	(1.102423 mins)	0.88285	0.5235271
93/130	0.19/0.20	3952.535 secs	(1.008142 mins)	0.85826	0.4907331
93/130	0.20/0.20	4013.643 secs	(1.018457 mins)	0.89807	0.5007118


94/130	0.00/0.20	4081.454 secs	(1.130186 mins)	0.00402	0.6566667
94/130	0.01/0.20	4146.54 secs	(1.084769 mins)	0.00505	0.6585566
94/130	0.02/0.20	4205.501 secs	(58.96054 secs)	0.00951	0.6791829
94/130	0.03/0.20	4265.341 secs	(59.84083 secs)	0.01309	0.6402635
94/130	0.04/0.20	4333.038 secs	(1.128277 mins)	0.03102	0.6475115
94/130	0.05/0.20	4401.896 secs	(1.14764 mins)	0.04092	0.6366944
94/130	0.06/0.20	4461.038 secs	(59.1413 secs)	0.06972	0.6210371
94/130	0.07/0.20	4519.972 secs	(58.93465 secs)	0.13769	0.6114188
94/130	0.08/0.20	4584.268 secs	(1.071587 mins)	0.20704	0.6003493
94/130	0.09/0.20	4653.39 secs	(1.152043 mins)	0.31988	0.5548552
94/130	0.10/0.20	4717.006 secs	(1.060261 mins)	0.40503	0.6105117
94/130	0.11/0.20	4776.19 secs	(59.18424 secs)	0.48274	0.5903814
94/130	0.12/0.20	4840.14 secs	(1.065834 mins)	0.55689	0.5448989
94/130	0.13/0.20	4909.304 secs	(1.152729 mins)	0.60399	0.5513414
94/130	0.14/0.20	4972.584 secs	(1.054676 mins)	0.71681	0.5430375
94/130	0.15/0.20	5032.429 secs	(59.84485 secs)	0.74877	0.5419661
94/130	0.16/0.20	5096.08 secs	(1.060839 mins)	0.85914	0.5587016
94/130	0.17/0.20	5166.029 secs	(1.165816 mins)	0.83213	0.5183642
94/130	0.18/0.20	5228.249 secs	(1.037011 mins)	0.85205	0.5168536
94/130	0.19/0.20	5287.482 secs	(59.23305 secs)	0.8881	0.5214452
94/130	0.20/0.20	5351.521 secs	(1.067317 mins)	0.92229	0.507663


95/130	0.00/0.20	5419.706 secs	(1.136415 mins)	0.0037	0.6085
95/130	0.01/0.20	5480.091 secs	(1.006408 mins)	0.00572	0.6655146
95/130	0.02/0.20	5538.159 secs	(58.06855 secs)	0.00835	0.6595815
95/130	0.03/0.20	5600.76 secs	(1.043348 mins)	0.01433	0.658518
95/130	0.04/0.20	5669.707 secs	(1.149112 mins)	0.03594	0.6737569
95/130	0.05/0.20	5731.507 secs	(1.029997 mins)	0.06316	0.6759938
95/130	0.06/0.20	5790.488 secs	(58.98128 secs)	0.08419	0.6241925
95/130	0.07/0.20	5854.255 secs	(1.06278 mins)	0.16619	0.6499139
95/130	0.08/0.20	5922.918 secs	(1.144382 mins)	0.20123	0.6083068
95/130	0.09/0.20	5983.766 secs	(1.014132 mins)	0.33434	0.5900769
95/130	0.10/0.20	6042.853 secs	(59.08758 secs)	0.4162	0.5973272
95/130	0.11/0.20	6107.464 secs	(1.076841 mins)	0.47735	0.5727738
95/130	0.12/0.20	6176.263 secs	(1.146653 mins)	0.5682	0.5710489
95/130	0.13/0.20	6237.685 secs	(1.02371 mins)	0.67136	0.5455143
95/130	0.14/0.20	6298.635 secs	(1.015822 mins)	0.72729	0.5431337
95/130	0.15/0.20	6365.384 secs	(1.112485 mins)	0.80836	0.5415046
95/130	0.16/0.20	6433.253 secs	(1.131155 mins)	0.85635	0.559991
95/130	0.17/0.20	6493.376 secs	(1.002046 mins)	0.85077	0.5324933
95/130	0.18/0.20	6553.72 secs	(1.005727 mins)	0.89562	0.5406986
95/130	0.19/0.20	6622.177 secs	(1.140958 mins)	0.88148	0.5090429
95/130	0.20/0.20	6690.026 secs	(1.130812 mins)	0.91007	0.506341


96/130	0.00/0.20	6749.226 secs	(59.20041 secs)	0.00372	0.6231667
96/130	0.01/0.20	6810.919 secs	(1.028209 mins)	0.00528	0.6409174
96/130	0.02/0.20	6879.961 secs	(1.15071 mins)	0.00799	0.666361
96/130	0.03/0.20	6944.148 secs	(1.069784 mins)	0.01628	0.657636
96/130	0.04/0.20	7003.665 secs	(59.51636 secs)	0.02738	0.6343323
96/130	0.05/0.20	7065.353 secs	(1.028133 mins)	0.04786	0.5741708
96/130	0.06/0.20	7133.852 secs	(1.141661 mins)	0.09657	0.5916104
96/130	0.07/0.20	7199.413 secs	(1.092672 mins)	0.14452	0.6132382
96/130	0.08/0.20	7258.839 secs	(59.42619 secs)	0.22034	0.5989961
96/130	0.09/0.20	7318.465 secs	(59.62667 secs)	0.29554	0.6083458
96/130	0.10/0.20	7389.068 secs	(1.176706 mins)	0.42538	0.5944168
96/130	0.11/0.20	7457.577 secs	(1.141812 mins)	0.49763	0.592443
96/130	0.12/0.20	7518.261 secs	(1.011404 mins)	0.5513	0.5742255
96/130	0.13/0.20	7577.855 secs	(59.59419 secs)	0.68605	0.5750957
96/130	0.14/0.20	7644.037 secs	(1.103037 mins)	0.75882	0.5779971
96/130	0.15/0.20	7713.571 secs	(1.158902 mins)	0.77336	0.5464687
96/130	0.16/0.20	7776.552 secs	(1.049679 mins)	0.85524	0.5634729
96/130	0.17/0.20	7836.699 secs	(1.002449 mins)	0.89107	0.5472545
96/130	0.18/0.20	7899.546 secs	(1.047447 mins)	0.88495	0.5314528
96/130	0.19/0.20	7969.533 secs	(1.166453 mins)	0.87301	0.5176312
96/130	0.20/0.20	8032.155 secs	(1.043701 mins)	0.93243	0.5220185


97/130	0.00/0.20	8091.553 secs	(59.3983 secs)	0.00377	0.6165
97/130	0.01/0.20	8154.24 secs	(1.044774 mins)	0.006	0.6539564
97/130	0.02/0.20	8221.95 secs	(1.12851 mins)	0.00871	0.6107674
97/130	0.03/0.20	8286.133 secs	(1.069718 mins)	0.0139	0.6517532
97/130	0.04/0.20	8345.015 secs	(58.88197 secs)	0.0244	0.6684648
97/130	0.05/0.20	8406.295 secs	(1.021328 mins)	0.04713	0.6223345
97/130	0.06/0.20	8475.626 secs	(1.155523 mins)	0.08577	0.6379015
97/130	0.07/0.20	8539.535 secs	(1.065146 mins)	0.13361	0.6178985
97/130	0.08/0.20	8598.502 secs	(58.96707 secs)	0.24397	0.6185242
97/130	0.09/0.20	8658.849 secs	(1.005788 mins)	0.2852	0.583048
97/130	0.10/0.20	8728.602 secs	(1.162542 mins)	0.45619	0.6195665
97/130	0.11/0.20	8794.701 secs	(1.101655 mins)	0.55957	0.6017248
97/130	0.12/0.20	8854.53 secs	(59.82855 secs)	0.64387	0.5808671
97/130	0.13/0.20	8914.107 secs	(59.57743 secs)	0.68477	0.5795874
97/130	0.14/0.20	8981.949 secs	(1.130693 mins)	0.75895	0.5768465
97/130	0.15/0.20	9051.717 secs	(1.162799 mins)	0.78038	0.5508465
97/130	0.16/0.20	9113.288 secs	(1.026186 mins)	0.86654	0.5524369
97/130	0.17/0.20	9172.367 secs	(59.07942 secs)	0.87432	0.5558275
97/130	0.18/0.20	9234.628 secs	(1.037671 mins)	0.84408	0.5268574
97/130	0.19/0.20	9303.696 secs	(1.151131 mins)	0.92487	0.5257021
97/130	0.20/0.20	9365.774 secs	(1.034649 mins)	0.88832	0.4999939


98/130	0.00/0.20	9425.301 secs	(59.52606 secs)	0.00395	0.6518333
98/130	0.01/0.20	9489.785 secs	(1.074742 mins)	0.00517	0.590765
98/130	0.02/0.20	9557.013 secs	(1.120466 mins)	0.00882	0.6791606
98/130	0.03/0.20	9619.351 secs	(1.038975 mins)	0.01535	0.6907093
98/130	0.04/0.20	9682.658 secs	(1.055109 mins)	0.02708	0.635828
98/130	0.05/0.20	9747.719 secs	(1.084351 mins)	0.05443	0.6419692
98/130	0.06/0.20	9811.252 secs	(1.05888 mins)	0.10792	0.6818436
98/130	0.07/0.20	9872.254 secs	(1.016701 mins)	0.15948	0.6286719
98/130	0.08/0.20	9935.339 secs	(1.051417 mins)	0.24605	0.6011914
98/130	0.09/0.20	9999.246 secs	(1.065124 mins)	0.33548	0.5981637
98/130	0.10/0.20	10064.19 secs	(1.082333 mins)	0.44195	0.6100369
98/130	0.11/0.20	10126.25 secs	(1.034439 mins)	0.52761	0.5957796
98/130	0.12/0.20	10192.03 secs	(1.09634 mins)	0.62033	0.5777653
98/130	0.13/0.20	10255.74 secs	(1.061723 mins)	0.66005	0.5734785
98/130	0.14/0.20	10318.02 secs	(1.03802 mins)	0.73185	0.5504356
98/130	0.15/0.20	10379.54 secs	(1.025324 mins)	0.82685	0.5748815
98/130	0.16/0.20	10442.13 secs	(1.043273 mins)	0.84834	0.5631659
98/130	0.17/0.20	10506.66 secs	(1.075364 mins)	0.85468	0.5413527
98/130	0.18/0.20	10568.85 secs	(1.036581 mins)	0.86277	0.5426552
98/130	0.19/0.20	10632.81 secs	(1.066044 mins)	0.88509	0.5047771
98/130	0.20/0.20	10694.98 secs	(1.036045 mins)	0.93139	0.5176371


99/130	0.00/0.20	10756.97 secs	(1.033183 mins)	0.00411	0.6973333
99/130	0.01/0.20	10818.08 secs	(1.018606 mins)	0.00568	0.6840999
99/130	0.02/0.20	10882.07 secs	(1.066406 mins)	0.00775	0.6440599
99/130	0.03/0.20	10944.79 secs	(1.045365 mins)	0.01296	0.6493399
99/130	0.04/0.20	11006.81 secs	(1.033708 mins)	0.02742	0.6025181
99/130	0.05/0.20	11070.40 secs	(1.059808 mins)	0.04428	0.6239641
99/130	0.06/0.20	11132.60 secs	(1.036727 mins)	0.08141	0.6774997
99/130	0.07/0.20	11195.67 secs	(1.051069 mins)	0.1466	0.5944602
99/130	0.08/0.20	11258.27 secs	(1.043288 mins)	0.24774	0.6094566
99/130	0.09/0.20	11320.68 secs	(1.040202 mins)	0.32157	0.6050276
99/130	0.10/0.20	11382.96 secs	(1.038035 mins)	0.42289	0.6062766
99/130	0.11/0.20	11450.27 secs	(1.121893 mins)	0.49933	0.5804264
99/130	0.12/0.20	11517.16 secs	(1.114795 mins)	0.66156	0.6041608
99/130	0.13/0.20	11577.47 secs	(1.005084 mins)	0.69287	0.5692535
99/130	0.14/0.20	11638.27 secs	(1.013471 mins)	0.76196	0.5763428
99/130	0.15/0.20	11707.52 secs	(1.154084 mins)	0.85134	0.5741027
99/130	0.16/0.20	11776.81 secs	(1.154822 mins)	0.85343	0.5498435
99/130	0.17/0.20	11837.74 secs	(1.015561 mins)	0.89215	0.5557389
99/130	0.18/0.20	11896.69 secs	(58.94828 secs)	0.9123	0.5491832
99/130	0.19/0.20	11961.00 secs	(1.071763 mins)	0.87823	0.516277
99/130	0.20/0.20	12029.92 secs	(1.148715 mins)	0.93065	0.5259889


100/130	0.00/0.20	12090.01 secs	(1.001544 mins)	0.00387	0.6716667
100/130	0.01/0.20	12148.71 secs	(58.70002 secs)	0.00526	0.6417397
100/130	0.02/0.20	12214.13 secs	(1.090277 mins)	0.01086	0.6663447
100/130	0.03/0.20	12282.05 secs	(1.131951 mins)	0.01454	0.6536848
100/130	0.04/0.20	12345.27 secs	(1.053707 mins)	0.03311	0.6794335
100/130	0.05/0.20	12404.78 secs	(59.51238 secs)	0.05734	0.6791869
100/130	0.06/0.20	12468.75 secs	(1.066237 mins)	0.10215	0.64928
100/130	0.07/0.20	12537.26 secs	(1.141748 mins)	0.14509	0.5708408
100/130	0.08/0.20	12603.96 secs	(1.1117 mins)	0.23919	0.6226201
100/130	0.09/0.20	12662.54 secs	(58.57645 secs)	0.33429	0.6087774
100/130	0.10/0.20	12721.26 secs	(58.72615 secs)	0.41026	0.5836202
100/130	0.11/0.20	12789.42 secs	(1.135955 mins)	0.56035	0.5877155
100/130	0.12/0.20	12859.35 secs	(1.165511 mins)	0.61193	0.5868611
100/130	0.13/0.20	12920.60 secs	(1.020791 mins)	0.63995	0.5422623
100/130	0.14/0.20	12980.36 secs	(59.76341 secs)	0.73614	0.5735125
100/130	0.15/0.20	13047.33 secs	(1.116048 mins)	0.79533	0.5476357
100/130	0.16/0.20	13116.55 secs	(1.153745 mins)	0.82113	0.5401849
100/130	0.17/0.20	13178.52 secs	(1.032787 mins)	0.82676	0.528065
100/130	0.18/0.20	13238.77 secs	(1.004192 mins)	0.90901	0.5444656
100/130	0.19/0.20	13304.13 secs	(1.089306 mins)	0.88562	0.5216753
100/130	0.20/0.20	13372.46 secs	(1.138932 mins)	0.95117	0.5298222


101/130	0.00/0.20	13433.80 secs	(1.022226 mins)	0.00376	0.6406667
101/130	0.01/0.20	13491.99 secs	(58.19286 secs)	0.00551	0.6678582
101/130	0.02/0.20	13555.41 secs	(1.057024 mins)	0.00953	0.6777274
101/130	0.03/0.20	13624.74 secs	(1.155426 mins)	0.01796	0.6630222
101/130	0.04/0.20	13690.08 secs	(1.088981 mins)	0.02844	0.6373709
101/130	0.05/0.20	13749.09 secs	(59.01387 secs)	0.05755	0.6743236
101/130	0.06/0.20	13809.87 secs	(1.012958 mins)	0.07962	0.5883115
101/130	0.07/0.20	13879.02 secs	(1.152542 mins)	0.14938	0.6205709
101/130	0.08/0.20	13944.53 secs	(1.091866 mins)	0.24443	0.6128814
101/130	0.09/0.20	14003.62 secs	(59.09274 secs)	0.30609	0.6119375
101/130	0.10/0.20	14065.28 secs	(1.027571 mins)	0.44097	0.5999551
101/130	0.11/0.20	14133.12 secs	(1.130731 mins)	0.59016	0.6107145
101/130	0.12/0.20	14201.26 secs	(1.135578 mins)	0.64118	0.5954133
101/130	0.13/0.20	14261.11 secs	(59.85628 secs)	0.72376	0.5807349
101/130	0.14/0.20	14320.49 secs	(59.37967 secs)	0.72734	0.5523021
101/130	0.15/0.20	14389.44 secs	(1.149134 mins)	0.8258	0.5641691
101/130	0.16/0.20	14457.57 secs	(1.135549 mins)	0.8246	0.5316542
101/130	0.17/0.20	14517.68 secs	(1.001848 mins)	0.90076	0.5578912
101/130	0.18/0.20	14577.00 secs	(59.31631 secs)	0.91951	0.5526479
101/130	0.19/0.20	14643.93 secs	(1.115524 mins)	0.89242	0.5302483
101/130	0.20/0.20	14712.81 secs	(1.147945 mins)	0.89781	0.5221568


102/130	0.00/0.20	14771.44 secs	(58.63476 secs)	0.00416	0.6913333
102/130	0.01/0.20	14832.64 secs	(1.019901 mins)	0.00555	0.6563302
102/130	0.02/0.20	14900.26 secs	(1.127033 mins)	0.0099	0.6960808
102/130	0.03/0.20	14964.95 secs	(1.078226 mins)	0.01818	0.6177609
102/130	0.04/0.20	15023.90 secs	(58.94415 secs)	0.02608	0.6633823
102/130	0.05/0.20	15084.52 secs	(1.010436 mins)	0.04438	0.6048507
102/130	0.06/0.20	15152.13 secs	(1.126781 mins)	0.10405	0.6275446
102/130	0.07/0.20	15216.83 secs	(1.07825 mins)	0.13941	0.6046131
102/130	0.08/0.20	15275.91 secs	(59.08057 secs)	0.20435	0.5707693
102/130	0.09/0.20	15337.49 secs	(1.026377 mins)	0.34566	0.6181801
102/130	0.10/0.20	15405.45 secs	(1.132669 mins)	0.44668	0.6068712
102/130	0.11/0.20	15476.42 secs	(1.18284 mins)	0.49605	0.5832044
102/130	0.12/0.20	15535.17 secs	(58.74662 secs)	0.63278	0.5764525
102/130	0.13/0.20	15593.21 secs	(58.04855 secs)	0.66996	0.5597444
102/130	0.14/0.20	15661.75 secs	(1.142249 mins)	0.80155	0.5847436
102/130	0.15/0.20	15729.95 secs	(1.136744 mins)	0.81739	0.5695295
102/130	0.16/0.20	15791.52 secs	(1.026017 mins)	0.76832	0.524102
102/130	0.17/0.20	15851.35 secs	(59.83551 secs)	0.8413	0.5278238
102/130	0.18/0.20	15918.94 secs	(1.126425 mins)	0.89031	0.5424536
102/130	0.19/0.20	15987.81 secs	(1.147898 mins)	0.92898	0.5398963
102/130	0.20/0.20	16051.42 secs	(1.060123 mins)	0.9198	0.5272535


103/130	0.00/0.20	16110.43 secs	(59.01194 secs)	0.00407	0.6805
103/130	0.01/0.20	16173.02 secs	(1.043125 mins)	0.00542	0.6620949
103/130	0.02/0.20	16240.92 secs	(1.131721 mins)	0.00995	0.6733268
103/130	0.03/0.20	16308.87 secs	(1.132555 mins)	0.01768	0.69048
103/130	0.04/0.20	16367.95 secs	(59.07502 secs)	0.03165	0.6761999
103/130	0.05/0.20	16427.33 secs	(59.38331 secs)	0.06374	0.6564108
103/130	0.06/0.20	16493.75 secs	(1.106926 mins)	0.09342	0.6582285
103/130	0.07/0.20	16561.92 secs	(1.136211 mins)	0.17969	0.6381219
103/130	0.08/0.20	16621.24 secs	(59.31927 secs)	0.25056	0.602536
103/130	0.09/0.20	16681.58 secs	(1.005611 mins)	0.36403	0.6058246
103/130	0.10/0.20	16749.41 secs	(1.130552 mins)	0.40255	0.6041654
103/130	0.11/0.20	16818.74 secs	(1.15557 mins)	0.5041	0.5764474
103/130	0.12/0.20	16878.08 secs	(59.33699 secs)	0.59751	0.5813708
103/130	0.13/0.20	16939.77 secs	(1.028154 mins)	0.74137	0.5676821
103/130	0.14/0.20	17005.99 secs	(1.1036 mins)	0.82695	0.5917886
103/130	0.15/0.20	17075.15 secs	(1.152788 mins)	0.81961	0.5583146
103/130	0.16/0.20	17135.77 secs	(1.010323 mins)	0.86844	0.5674095
103/130	0.17/0.20	17195.43 secs	(59.65916 secs)	0.90515	0.5563452
103/130	0.18/0.20	17261.64 secs	(1.10344 mins)	0.89341	0.54051
103/130	0.19/0.20	17330.41 secs	(1.146258 mins)	0.85018	0.5048747
103/130	0.20/0.20	17394.95 secs	(1.07564 mins)	0.92528	0.5216381


104/130	0.00/0.20	17454.50 secs	(59.54653 secs)	0.00395	0.6421667
104/130	0.01/0.20	17513.02 secs	(58.51886 secs)	0.00616	0.6865075
104/130	0.02/0.20	17581.49 secs	(1.141164 mins)	0.00707	0.6422315
104/130	0.03/0.20	17649.41 secs	(1.132071 mins)	0.0156	0.6950328
104/130	0.04/0.20	17710.90 secs	(1.024759 mins)	0.03721	0.6607174
104/130	0.05/0.20	17769.18 secs	(58.28284 secs)	0.06361	0.6797555
104/130	0.06/0.20	17832.27 secs	(1.051541 mins)	0.11481	0.6414901
104/130	0.07/0.20	17900.58 secs	(1.138528 mins)	0.17956	0.6452838
104/130	0.08/0.20	17965.60 secs	(1.083603 mins)	0.24344	0.5937026
104/130	0.09/0.20	18025.01 secs	(59.40585 secs)	0.35137	0.5910587
104/130	0.10/0.20	18084.45 secs	(59.44771 secs)	0.43494	0.6129124
104/130	0.11/0.20	18153.43 secs	(1.149639 mins)	0.59276	0.6019058
104/130	0.12/0.20	18221.98 secs	(1.142507 mins)	0.60476	0.5597937
104/130	0.13/0.20	18280.84 secs	(58.86202 secs)	0.68843	0.5990349
104/130	0.14/0.20	18338.87 secs	(58.02669 secs)	0.76508	0.574726
104/130	0.15/0.20	18407.11 secs	(1.137383 mins)	0.84367	0.5842271
104/130	0.16/0.20	18474.89 secs	(1.129659 mins)	0.85587	0.5575934
104/130	0.17/0.20	18537.08 secs	(1.036419 mins)	0.86577	0.543799
104/130	0.18/0.20	18597.02 secs	(59.94042 secs)	0.91504	0.5485449
104/130	0.19/0.20	18660.66 secs	(1.060712 mins)	0.8909	0.5261195
104/130	0.20/0.20	18729.14 secs	(1.14138 mins)	0.95549	0.5413632


105/130	0.00/0.20	18790.01 secs	(1.014404 mins)	0.00401	0.6765
105/130	0.01/0.20	18848.80 secs	(58.79445 secs)	0.00547	0.7180434
105/130	0.02/0.20	18913.30 secs	(1.075007 mins)	0.00849	0.6596542
105/130	0.03/0.20	18980.96 secs	(1.127607 mins)	0.01603	0.6773309
105/130	0.04/0.20	19043.20 secs	(1.037291 mins)	0.03191	0.6773355
105/130	0.05/0.20	19101.67 secs	(58.47363 secs)	0.05237	0.648178
105/130	0.06/0.20	19166.57 secs	(1.081684 mins)	0.08734	0.6348144
105/130	0.07/0.20	19231.81 secs	(1.087376 mins)	0.15451	0.6481244
105/130	0.08/0.20	19294.58 secs	(1.046044 mins)	0.2507	0.6036951
105/130	0.09/0.20	19357.40 secs	(1.047053 mins)	0.32779	0.6239105
105/130	0.10/0.20	19424.94 secs	(1.125581 mins)	0.47781	0.6199865
105/130	0.11/0.20	19488.98 secs	(1.067332 mins)	0.56417	0.614692
105/130	0.12/0.20	19548.79 secs	(59.81318 secs)	0.6297	0.5827071
105/130	0.13/0.20	19612.60 secs	(1.063507 mins)	0.72555	0.6008461
105/130	0.14/0.20	19678.31 secs	(1.095167 mins)	0.76262	0.5751068
105/130	0.15/0.20	19740.01 secs	(1.028409 mins)	0.82146	0.5785462
105/130	0.16/0.20	19802.61 secs	(1.043272 mins)	0.81702	0.571218
105/130	0.17/0.20	19868.64 secs	(1.100438 mins)	0.85625	0.5347893
105/130	0.18/0.20	19932.85 secs	(1.070312 mins)	0.9236	0.5528514
105/130	0.19/0.20	19992.40 secs	(59.5456 secs)	0.86784	0.5182802
105/130	0.20/0.20	20055.52 secs	(1.051966 mins)	0.90938	0.5162205


106/130	0.00/0.20	20120.10 secs	(1.076428 mins)	0.00397	0.681
106/130	0.01/0.20	20182.06 secs	(1.03266 mins)	0.00506	0.6833246
106/130	0.02/0.20	20241.73 secs	(59.66429 secs)	0.00806	0.6615178
106/130	0.03/0.20	20307.07 secs	(1.08897 mins)	0.0144	0.7054877
106/130	0.04/0.20	20373.69 secs	(1.110351 mins)	0.0313	0.6590565
106/130	0.05/0.20	20434.86 secs	(1.019509 mins)	0.06752	0.6786012
106/130	0.06/0.20	20496.93 secs	(1.034558 mins)	0.09947	0.6526668
106/130	0.07/0.20	20563.32 secs	(1.106435 mins)	0.15434	0.6531171
106/130	0.08/0.20	20628.22 secs	(1.081656 mins)	0.25246	0.6380629
106/130	0.09/0.20	20688.36 secs	(1.002326 mins)	0.32237	0.6043116
106/130	0.10/0.20	20752.08 secs	(1.062014 mins)	0.48119	0.6158828
106/130	0.11/0.20	20819.14 secs	(1.117667 mins)	0.56818	0.5992316
106/130	0.12/0.20	20882.43 secs	(1.054829 mins)	0.60817	0.5969241
106/130	0.13/0.20	20941.14 secs	(58.71106 secs)	0.67911	0.5731059
106/130	0.14/0.20	21006.70 secs	(1.092669 mins)	0.81381	0.5957996
106/130	0.15/0.20	21074.31 secs	(1.126924 mins)	0.81221	0.5807935
106/130	0.16/0.20	21138.24 secs	(1.065509 mins)	0.82721	0.5703512
106/130	0.17/0.20	21200.68 secs	(1.040587 mins)	0.89174	0.5469801
106/130	0.18/0.20	21265.16 secs	(1.074646 mins)	0.8901	0.5372915
106/130	0.19/0.20	21330.63 secs	(1.091158 mins)	0.92908	0.5508645
106/130	0.20/0.20	21390.96 secs	(1.005485 mins)	0.92746	0.5292483


107/130	0.00/0.20	21452.66 secs	(1.028376 mins)	0.00422	0.7001667
107/130	0.01/0.20	21516.60 secs	(1.065762 mins)	0.00603	0.6768132
107/130	0.02/0.20	21579.82 secs	(1.053606 mins)	0.00947	0.6967065
107/130	0.03/0.20	21640.59 secs	(1.012743 mins)	0.01541	0.6650786
107/130	0.04/0.20	21705.25 secs	(1.077794 mins)	0.03231	0.6634634
107/130	0.05/0.20	21767.84 secs	(1.043188 mins)	0.06313	0.6417813
107/130	0.06/0.20	21831.32 secs	(1.05786 mins)	0.10013	0.6490591
107/130	0.07/0.20	21893.14 secs	(1.030374 mins)	0.16295	0.6581551
107/130	0.08/0.20	21954.24 secs	(1.018295 mins)	0.25669	0.6449692
107/130	0.09/0.20	22016.83 secs	(1.043277 mins)	0.32305	0.6101284
107/130	0.10/0.20	22077.26 secs	(1.007054 mins)	0.43556	0.6139165
107/130	0.11/0.20	22139.90 secs	(1.044046 mins)	0.56683	0.606721
107/130	0.12/0.20	22203.78 secs	(1.06475 mins)	0.66776	0.6093148
107/130	0.13/0.20	22267.48 secs	(1.061594 mins)	0.71108	0.5659458
107/130	0.14/0.20	22326.81 secs	(59.32631 secs)	0.80474	0.5748906
107/130	0.15/0.20	22391.06 secs	(1.070866 mins)	0.81823	0.5548869
107/130	0.16/0.20	22457.15 secs	(1.101519 mins)	0.86402	0.5773943
107/130	0.17/0.20	22519.76 secs	(1.043495 mins)	0.9177	0.5683836
107/130	0.18/0.20	22582.67 secs	(1.04847 mins)	0.91817	0.5556411
107/130	0.19/0.20	22648.72 secs	(1.100863 mins)	0.93871	0.5424301
107/130	0.20/0.20	22713.56 secs	(1.080742 mins)	0.94539	0.5338428


108/130	0.00/0.20	22772.83 secs	(59.26737 secs)	0.00417	0.703
108/130	0.01/0.20	22834.52 secs	(1.028106 mins)	0.00592	0.6690751
108/130	0.02/0.20	22903.07 secs	(1.142561 mins)	0.00923	0.6705203
108/130	0.03/0.20	22966.69 secs	(1.060373 mins)	0.01774	0.6542978
108/130	0.04/0.20	23025.86 secs	(59.16821 secs)	0.03453	0.6864671
108/130	0.05/0.20	23087.94 secs	(1.034687 mins)	0.05959	0.6461797
108/130	0.06/0.20	23157.07 secs	(1.152092 mins)	0.10583	0.6488942
108/130	0.07/0.20	23219.08 secs	(1.033582 mins)	0.20352	0.6525455
108/130	0.08/0.20	23278.72 secs	(59.64118 secs)	0.20824	0.6292924
108/130	0.09/0.20	23342.45 secs	(1.062113 mins)	0.30992	0.5896852
108/130	0.10/0.20	23411.80 secs	(1.155767 mins)	0.44682	0.5824935
108/130	0.11/0.20	23474.99 secs	(1.053164 mins)	0.5917	0.6077287
108/130	0.12/0.20	23535.18 secs	(1.003193 mins)	0.64336	0.5847565
108/130	0.13/0.20	23600.13 secs	(1.082611 mins)	0.70011	0.5864011
108/130	0.14/0.20	23669.05 secs	(1.148512 mins)	0.85289	0.6014614
108/130	0.15/0.20	23730.08 secs	(1.017266 mins)	0.81913	0.5696175
108/130	0.16/0.20	23790.09 secs	(1.00012 mins)	0.87828	0.5778888
108/130	0.17/0.20	23858.27 secs	(1.136321 mins)	0.91011	0.5632053
108/130	0.18/0.20	23925.36 secs	(1.118261 mins)	0.91295	0.5522547
108/130	0.19/0.20	23986.37 secs	(1.016797 mins)	0.84641	0.5240279
108/130	0.20/0.20	24049.81 secs	(1.057366 mins)	0.96107	0.5400748


109/130	0.00/0.20	24117.27 secs	(1.124233 mins)	0.00431	0.701
109/130	0.01/0.20	24182.59 secs	(1.088779 mins)	0.00636	0.6840166
109/130	0.02/0.20	24241.59 secs	(59.00043 secs)	0.00973	0.6567449
109/130	0.03/0.20	24304.30 secs	(1.045012 mins)	0.01514	0.6943907
109/130	0.04/0.20	24371.35 secs	(1.117586 mins)	0.03265	0.6618674
109/130	0.05/0.20	24433.53 secs	(1.036251 mins)	0.06957	0.6754138
109/130	0.06/0.20	24492.49 secs	(58.96022 secs)	0.11145	0.6567335
109/130	0.07/0.20	24556.72 secs	(1.070604 mins)	0.15346	0.6430372
109/130	0.08/0.20	24626.29 secs	(1.159468 mins)	0.28628	0.6454835
109/130	0.09/0.20	24686.80 secs	(1.008468 mins)	0.37269	0.628745
109/130	0.10/0.20	24744.98 secs	(58.18408 secs)	0.46425	0.6037538
109/130	0.11/0.20	24811.51 secs	(1.108851 mins)	0.54205	0.5809225
109/130	0.12/0.20	24881.11 secs	(1.159863 mins)	0.65513	0.5920189
109/130	0.13/0.20	24941.89 secs	(1.013103 mins)	0.74341	0.6030388
109/130	0.14/0.20	25003.52 secs	(1.027166 mins)	0.80375	0.5860941
109/130	0.15/0.20	25072.36 secs	(1.147254 mins)	0.83459	0.5850021
109/130	0.16/0.20	25139.59 secs	(1.120482 mins)	0.84588	0.5588959
109/130	0.17/0.20	25200.73 secs	(1.019077 mins)	0.87383	0.5646528
109/130	0.18/0.20	25263.20 secs	(1.041227 mins)	0.90058	0.5446483
109/130	0.19/0.20	25334.06 secs	(1.180879 mins)	0.94455	0.5451991
109/130	0.20/0.20	25399.82 secs	(1.096088 mins)	0.87701	0.4984671


110/130	0.00/0.20	25459.65 secs	(59.82385 secs)	0.00417	0.687
110/130	0.01/0.20	25520.06 secs	(1.006864 mins)	0.00584	0.6968254
110/130	0.02/0.20	25588.32 secs	(1.137683 mins)	0.00928	0.6967749
110/130	0.03/0.20	25655.81 secs	(1.124869 mins)	0.01979	0.7012076
110/130	0.04/0.20	25714.51 secs	(58.7026 secs)	0.02977	0.6744002
110/130	0.05/0.20	25776.05 secs	(1.025569 mins)	0.05109	0.6650898
110/130	0.06/0.20	25843.25 secs	(1.120126 mins)	0.12563	0.6868276
110/130	0.07/0.20	25910.81 secs	(1.125911 mins)	0.16917	0.6422872
110/130	0.08/0.20	25970.48 secs	(59.67305 secs)	0.25581	0.6158332
110/130	0.09/0.20	26031.41 secs	(1.015399 mins)	0.35838	0.629696
110/130	0.10/0.20	26100.21 secs	(1.146686 mins)	0.45467	0.6118645
110/130	0.11/0.20	26168.17 secs	(1.132709 mins)	0.56388	0.597237
110/130	0.12/0.20	26227.89 secs	(59.72501 secs)	0.68988	0.6177647
110/130	0.13/0.20	26287.87 secs	(59.97413 secs)	0.75948	0.5926825
110/130	0.14/0.20	26355.78 secs	(1.131833 mins)	0.81062	0.5905039
110/130	0.15/0.20	26423.84 secs	(1.134288 mins)	0.83894	0.5791417
110/130	0.16/0.20	26484.41 secs	(1.009613 mins)	0.88968	0.580161
110/130	0.17/0.20	26544.33 secs	(59.92031 secs)	0.91086	0.5702736
110/130	0.18/0.20	26609.78 secs	(1.09083 mins)	0.86448	0.5481052
110/130	0.19/0.20	26678.87 secs	(1.151432 mins)	0.92463	0.5405277
110/130	0.20/0.20	26740.49 secs	(1.026938 mins)	0.94946	0.5478316


111/130	0.00/0.20	26799.95 secs	(59.46149 secs)	0.00389	0.6543333
111/130	0.01/0.20	26867.47 secs	(1.125428 mins)	0.00655	0.7202476
111/130	0.02/0.20	26934.92 secs	(1.124121 mins)	0.00999	0.6822845
111/130	0.03/0.20	26996.67 secs	(1.029227 mins)	0.01667	0.6728928
111/130	0.04/0.20	27059.16 secs	(1.041456 mins)	0.03588	0.6591843
111/130	0.05/0.20	27124.31 secs	(1.085857 mins)	0.06694	0.6663174
111/130	0.06/0.20	27188.74 secs	(1.07375 mins)	0.11867	0.6324712
111/130	0.07/0.20	27248.73 secs	(59.98938 secs)	0.19521	0.6456655
111/130	0.08/0.20	27310.86 secs	(1.035561 mins)	0.26471	0.5753878
111/130	0.09/0.20	27375.73 secs	(1.081115 mins)	0.38454	0.644237
111/130	0.10/0.20	27439.58 secs	(1.064257 mins)	0.47922	0.5905589
111/130	0.11/0.20	27502.36 secs	(1.046272 mins)	0.57402	0.5865545
111/130	0.12/0.20	27565.56 secs	(1.053422 mins)	0.64647	0.6243618
111/130	0.13/0.20	27628.85 secs	(1.054773 mins)	0.79068	0.6041729
111/130	0.14/0.20	27692.01 secs	(1.052652 mins)	0.80582	0.5863409
111/130	0.15/0.20	27756.08 secs	(1.067794 mins)	0.85454	0.5929591
111/130	0.16/0.20	27818.28 secs	(1.036736 mins)	0.88323	0.5771698
111/130	0.17/0.20	27883.63 secs	(1.089094 mins)	0.90219	0.5694912
111/130	0.18/0.20	27947.13 secs	(1.058376 mins)	0.90663	0.5503334
111/130	0.19/0.20	28010.06 secs	(1.048772 mins)	0.94335	0.5478315
111/130	0.20/0.20	28072.51 secs	(1.040937 mins)	0.93115	0.5268406


112/130	0.00/0.20	28135.85 secs	(1.05557 mins)	0.00402	0.6633333
112/130	0.01/0.20	28199.55 secs	(1.061695 mins)	0.00545	0.7255455
112/130	0.02/0.20	28262.69 secs	(1.052438 mins)	0.00939	0.7057598
112/130	0.03/0.20	28325.78 secs	(1.051405 mins)	0.01755	0.6846185
112/130	0.04/0.20	28386.77 secs	(1.016511 mins)	0.03305	0.660344
112/130	0.05/0.20	28448.72 secs	(1.032525 mins)	0.06842	0.6943619
112/130	0.06/0.20	28512.37 secs	(1.060848 mins)	0.12405	0.6527904
112/130	0.07/0.20	28575.44 secs	(1.051101 mins)	0.15942	0.6399935
112/130	0.08/0.20	28639.60 secs	(1.06941 mins)	0.28145	0.651348
112/130	0.09/0.20	28702.82 secs	(1.053604 mins)	0.39931	0.6281519
112/130	0.10/0.20	28767.39 secs	(1.076244 mins)	0.50127	0.630047
112/130	0.11/0.20	28829.69 secs	(1.038196 mins)	0.56715	0.615761
112/130	0.12/0.20	28892.53 secs	(1.047347 mins)	0.68075	0.6089042
112/130	0.13/0.20	28955.07 secs	(1.042375 mins)	0.6994	0.5699255
112/130	0.14/0.20	29020.13 secs	(1.084346 mins)	0.82552	0.5814851
112/130	0.15/0.20	29083.11 secs	(1.049752 mins)	0.87537	0.5951626
112/130	0.16/0.20	29145.00 secs	(1.03138 mins)	0.90574	0.5915395
112/130	0.17/0.20	29207.55 secs	(1.04262 mins)	0.88189	0.5683008
112/130	0.18/0.20	29270.82 secs	(1.054504 mins)	0.92048	0.5545929
112/130	0.19/0.20	29333.87 secs	(1.05079 mins)	0.88888	0.531254
112/130	0.20/0.20	29399.00 secs	(1.085443 mins)	0.91504	0.523216


113/130	0.00/0.20	29462.25 secs	(1.054229 mins)	0.00434	0.7033333
113/130	0.01/0.20	29525.80 secs	(1.059052 mins)	0.00638	0.7304807
113/130	0.02/0.20	29586.78 secs	(1.016383 mins)	0.00927	0.6803158
113/130	0.03/0.20	29651.46 secs	(1.077952 mins)	0.01623	0.6692095
113/130	0.04/0.20	29713.28 secs	(1.030488 mins)	0.02784	0.6830769
113/130	0.05/0.20	29776.55 secs	(1.054467 mins)	0.06962	0.6612384
113/130	0.06/0.20	29838.41 secs	(1.030915 mins)	0.12548	0.6705412
113/130	0.07/0.20	29900.92 secs	(1.041832 mins)	0.16254	0.6534685
113/130	0.08/0.20	29964.46 secs	(1.059029 mins)	0.29227	0.639229
113/130	0.09/0.20	30026.30 secs	(1.030732 mins)	0.3674	0.6274228
113/130	0.10/0.20	30089.70 secs	(1.056532 mins)	0.48057	0.6376262
113/130	0.11/0.20	30150.47 secs	(1.012871 mins)	0.56847	0.6055259
113/130	0.12/0.20	30214.17 secs	(1.061693 mins)	0.67744	0.607626
113/130	0.13/0.20	30277.49 secs	(1.055312 mins)	0.73532	0.6010748
113/130	0.14/0.20	30343.12 secs	(1.093936 mins)	0.79315	0.5725594
113/130	0.15/0.20	30405.19 secs	(1.034481 mins)	0.83264	0.5880547
113/130	0.16/0.20	30468.35 secs	(1.052655 mins)	0.87345	0.5566695
113/130	0.17/0.20	30530.68 secs	(1.038837 mins)	0.85898	0.5474196
113/130	0.18/0.20	30593.84 secs	(1.052677 mins)	0.89751	0.5572898
113/130	0.19/0.20	30660.46 secs	(1.110285 mins)	0.94847	0.5495009
113/130	0.20/0.20	30722.97 secs	(1.04188 mins)	0.93253	0.5342272


114/130	0.00/0.20	30786.94 secs	(1.066151 mins)	0.00428	0.6985
114/130	0.01/0.20	30848.88 secs	(1.03233 mins)	0.00586	0.7191696
114/130	0.02/0.20	30912.61 secs	(1.062193 mins)	0.01002	0.7012867
114/130	0.03/0.20	30978.58 secs	(1.099388 mins)	0.01832	0.7075335
114/130	0.04/0.20	31043.22 secs	(1.077425 mins)	0.02551	0.6609541
114/130	0.05/0.20	31107.17 secs	(1.065875 mins)	0.06339	0.6804571
114/130	0.06/0.20	31168.46 secs	(1.021469 mins)	0.11377	0.6537415
114/130	0.07/0.20	31232.00 secs	(1.059023 mins)	0.20815	0.6425288
114/130	0.08/0.20	31297.71 secs	(1.095105 mins)	0.23543	0.6337126
114/130	0.09/0.20	31359.59 secs	(1.031333 mins)	0.35662	0.6120977
114/130	0.10/0.20	31421.34 secs	(1.02911 mins)	0.50868	0.6193859
114/130	0.11/0.20	31488.47 secs	(1.118841 mins)	0.59908	0.6237779
114/130	0.12/0.20	31552.83 secs	(1.072672 mins)	0.66782	0.5972813
114/130	0.13/0.20	31613.58 secs	(1.012604 mins)	0.77551	0.5944039
114/130	0.14/0.20	31675.75 secs	(1.036115 mins)	0.80136	0.5922121
114/130	0.15/0.20	31743.00 secs	(1.120781 mins)	0.86431	0.601328
114/130	0.16/0.20	31807.33 secs	(1.072148 mins)	0.88294	0.5653238
114/130	0.17/0.20	31867.56 secs	(1.003816 mins)	0.9027	0.5757517
114/130	0.18/0.20	31929.52 secs	(1.032715 mins)	0.88664	0.5445726
114/130	0.19/0.20	31998.36 secs	(1.147327 mins)	0.91449	0.5417066
114/130	0.20/0.20	32060.12 secs	(1.029306 mins)	0.90584	0.5279494


115/130	0.00/0.20	32118.56 secs	(58.43893 secs)	0.00399	0.6745
115/130	0.01/0.20	32181.25 secs	(1.044965 mins)	0.00626	0.7152313
115/130	0.02/0.20	32248.74 secs	(1.124758 mins)	0.00833	0.6622908
115/130	0.03/0.20	32311.52 secs	(1.046337 mins)	0.0175	0.7159051
115/130	0.04/0.20	32372.24 secs	(1.011992 mins)	0.03255	0.7000185
115/130	0.05/0.20	32437.40 secs	(1.08601 mins)	0.06322	0.6448809
115/130	0.06/0.20	32505.19 secs	(1.129822 mins)	0.09775	0.6482232
115/130	0.07/0.20	32566.02 secs	(1.013897 mins)	0.19058	0.6358319
115/130	0.08/0.20	32626.76 secs	(1.012327 mins)	0.26866	0.6364228
115/130	0.09/0.20	32693.47 secs	(1.111724 mins)	0.3357	0.6016491
115/130	0.10/0.20	32760.06 secs	(1.109835 mins)	0.48027	0.6162977
115/130	0.11/0.20	32820.57 secs	(1.008608 mins)	0.60252	0.6137729
115/130	0.12/0.20	32883.22 secs	(1.044167 mins)	0.73441	0.6318304
115/130	0.13/0.20	32951.38 secs	(1.136008 mins)	0.76449	0.5900883
115/130	0.14/0.20	33017.05 secs	(1.094454 mins)	0.80173	0.581234
115/130	0.15/0.20	33077.12 secs	(1.001131 mins)	0.84412	0.596744
115/130	0.16/0.20	33139.60 secs	(1.041383 mins)	0.89087	0.5723889
115/130	0.17/0.20	33208.06 secs	(1.141007 mins)	0.92225	0.5708112
115/130	0.18/0.20	33270.76 secs	(1.044964 mins)	0.89235	0.5396854
115/130	0.19/0.20	33330.26 secs	(59.50449 secs)	0.9462	0.562934
115/130	0.20/0.20	33392.86 secs	(1.043267 mins)	0.96322	0.5482853


116/130	0.00/0.20	33461.09 secs	(1.137132 mins)	0.00413	0.7085
116/130	0.01/0.20	33523.98 secs	(1.048192 mins)	0.00532	0.6255634
116/130	0.02/0.20	33583.33 secs	(59.35318 secs)	0.01047	0.6587169
116/130	0.03/0.20	33645.70 secs	(1.039421 mins)	0.01327	0.6819487
116/130	0.04/0.20	33712.22 secs	(1.108785 mins)	0.03627	0.7002196
116/130	0.05/0.20	33776.06 secs	(1.063867 mins)	0.05515	0.6819003
116/130	0.06/0.20	33835.24 secs	(59.18672 secs)	0.10261	0.6659793
116/130	0.07/0.20	33896.77 secs	(1.025523 mins)	0.17696	0.6625009
116/130	0.08/0.20	33963.20 secs	(1.10704 mins)	0.27021	0.6371995
116/130	0.09/0.20	34027.63 secs	(1.073902 mins)	0.33815	0.6283284
116/130	0.10/0.20	34089.32 secs	(1.028104 mins)	0.49046	0.6342453
116/130	0.11/0.20	34150.78 secs	(1.024414 mins)	0.60995	0.6027896
116/130	0.12/0.20	34214.18 secs	(1.056586 mins)	0.67014	0.6096376
116/130	0.13/0.20	34278.71 secs	(1.075601 mins)	0.79964	0.6220934
116/130	0.14/0.20	34338.02 secs	(59.3082 secs)	0.79681	0.5871044
116/130	0.15/0.20	34401.34 secs	(1.055339 mins)	0.78709	0.5713967
116/130	0.16/0.20	34464.80 secs	(1.057646 mins)	0.87927	0.572438
116/130	0.17/0.20	34527.15 secs	(1.039238 mins)	0.89037	0.5674562
116/130	0.18/0.20	34590.15 secs	(1.049979 mins)	0.90512	0.5617492
116/130	0.19/0.20	34652.23 secs	(1.034677 mins)	0.93704	0.5493579
116/130	0.20/0.20	34715.94 secs	(1.061764 mins)	0.97396	0.5517288


117/130	0.00/0.20	34775.46 secs	(59.52291 secs)	0.00425	0.7035
117/130	0.01/0.20	34836.70 secs	(1.02068 mins)	0.00658	0.7204944
117/130	0.02/0.20	34899.91 secs	(1.053406 mins)	0.00945	0.6957772
117/130	0.03/0.20	34962.63 secs	(1.045368 mins)	0.01648	0.6863343
117/130	0.04/0.20	35021.72 secs	(59.08866 secs)	0.03336	0.6910827
117/130	0.05/0.20	35085.84 secs	(1.06869 mins)	0.07494	0.6911312
117/130	0.06/0.20	35151.23 secs	(1.089762 mins)	0.10057	0.6672781
117/130	0.07/0.20	35212.78 secs	(1.025886 mins)	0.19376	0.6571806
117/130	0.08/0.20	35272.32 secs	(59.53645 secs)	0.2796	0.6240937
117/130	0.09/0.20	35336.92 secs	(1.076671 mins)	0.39339	0.6538546
117/130	0.10/0.20	35403.21 secs	(1.104834 mins)	0.50858	0.6310435
117/130	0.11/0.20	35466.01 secs	(1.046762 mins)	0.59837	0.6277482
117/130	0.12/0.20	35525.33 secs	(59.31739 secs)	0.64622	0.5889953
117/130	0.13/0.20	35591.71 secs	(1.106287 mins)	0.78739	0.6118935
117/130	0.14/0.20	35659.50 secs	(1.129836 mins)	0.81529	0.6031354
117/130	0.15/0.20	35720.73 secs	(1.020484 mins)	0.87197	0.5815716
117/130	0.16/0.20	35781.85 secs	(1.018719 mins)	0.85379	0.5797998
117/130	0.17/0.20	35850.09 secs	(1.137426 mins)	0.91077	0.5682668
117/130	0.18/0.20	35916.31 secs	(1.103627 mins)	0.93804	0.5641476
117/130	0.19/0.20	35976.40 secs	(1.001421 mins)	0.93662	0.5480806
117/130	0.20/0.20	36039.32 secs	(1.048649 mins)	0.90524	0.5256504


118/130	0.00/0.20	36105.80 secs	(1.1081 mins)	0.00391	0.6545
118/130	0.01/0.20	36169.24 secs	(1.057375 mins)	0.00607	0.6891571
118/130	0.02/0.20	36227.98 secs	(58.73989 secs)	0.01151	0.6887916
118/130	0.03/0.20	36288.81 secs	(1.013824 mins)	0.01914	0.7031979
118/130	0.04/0.20	36356.34 secs	(1.125409 mins)	0.03181	0.7276532
118/130	0.05/0.20	36420.34 secs	(1.066774 mins)	0.05701	0.706698
118/130	0.06/0.20	36479.99 secs	(59.64189 secs)	0.13502	0.693629
118/130	0.07/0.20	36542.65 secs	(1.044418 mins)	0.19658	0.6789324
118/130	0.08/0.20	36610.20 secs	(1.125728 mins)	0.32076	0.6605386
118/130	0.09/0.20	36673.57 secs	(1.056269 mins)	0.40685	0.6406813
118/130	0.10/0.20	36733.04 secs	(59.46436 secs)	0.50566	0.6062696
118/130	0.11/0.20	36796.05 secs	(1.050213 mins)	0.58526	0.6051167
118/130	0.12/0.20	36863.44 secs	(1.123195 mins)	0.68601	0.6138346
118/130	0.13/0.20	36927.18 secs	(1.062283 mins)	0.81398	0.611023
118/130	0.14/0.20	36986.11 secs	(58.93417 secs)	0.8462	0.6063899
118/130	0.15/0.20	37049.62 secs	(1.05853 mins)	0.86706	0.5843619
118/130	0.16/0.20	37117.98 secs	(1.139253 mins)	0.89494	0.5882036
118/130	0.17/0.20	37185.27 secs	(1.121536 mins)	0.89668	0.5637237
118/130	0.18/0.20	37245.07 secs	(59.80049 secs)	0.91121	0.5570074
118/130	0.19/0.20	37304.08 secs	(59.00994 secs)	0.94137	0.5537663
118/130	0.20/0.20	37373.67 secs	(1.159863 mins)	0.96338	0.5520705


119/130	0.00/0.20	37441.93 secs	(1.137684 mins)	0.00404	0.6825
119/130	0.01/0.20	37503.35 secs	(1.023635 mins)	0.00669	0.7009049
119/130	0.02/0.20	37561.73 secs	(58.383 secs)	0.01209	0.7123269
119/130	0.03/0.20	37625.94 secs	(1.07016 mins)	0.02079	0.7025773
119/130	0.04/0.20	37693.02 secs	(1.11797 mins)	0.03364	0.6827017
119/130	0.05/0.20	37757.22 secs	(1.069881 mins)	0.061	0.6641987
119/130	0.06/0.20	37816.22 secs	(59.00278 secs)	0.11215	0.6724107
119/130	0.07/0.20	37879.67 secs	(1.05757 mins)	0.18947	0.6432917
119/130	0.08/0.20	37948.66 secs	(1.149834 mins)	0.25492	0.6221168
119/130	0.09/0.20	38016.06 secs	(1.123265 mins)	0.40328	0.6482183
119/130	0.10/0.20	38075.07 secs	(59.00749 secs)	0.47749	0.6126
119/130	0.11/0.20	38134.85 secs	(59.78609 secs)	0.61678	0.6295252
119/130	0.12/0.20	38204.44 secs	(1.159784 mins)	0.70714	0.6264562
119/130	0.13/0.20	38272.53 secs	(1.134845 mins)	0.77045	0.5982257
119/130	0.14/0.20	38334.29 secs	(1.02931 mins)	0.82246	0.6116208
119/130	0.15/0.20	38393.40 secs	(59.10858 secs)	0.89392	0.6036767
119/130	0.16/0.20	38456.43 secs	(1.050593 mins)	0.8715	0.5829372
119/130	0.17/0.20	38524.50 secs	(1.134428 mins)	0.94536	0.5830939
119/130	0.18/0.20	38589.85 secs	(1.089229 mins)	0.91735	0.5554395
119/130	0.19/0.20	38650.02 secs	(1.002751 mins)	0.97327	0.5661698
119/130	0.20/0.20	38710.76 secs	(1.012386 mins)	0.91737	0.5280038


120/130	0.00/0.20	38777.75 secs	(1.116544 mins)	0.00415	0.7048333
120/130	0.01/0.20	38845.45 secs	(1.12831 mins)	0.00552	0.6943704
120/130	0.02/0.20	38904.56 secs	(59.10862 secs)	0.00779	0.6404222
120/130	0.03/0.20	38962.79 secs	(58.23127 secs)	0.02048	0.7168422
120/130	0.04/0.20	39027.70 secs	(1.081878 mins)	0.03667	0.6825923
120/130	0.05/0.20	39096.49 secs	(1.146435 mins)	0.05281	0.6997692
120/130	0.06/0.20	39160.46 secs	(1.066092 mins)	0.12479	0.6636633
120/130	0.07/0.20	39219.11 secs	(58.65899 secs)	0.19215	0.6783379
120/130	0.08/0.20	39281.68 secs	(1.042799 mins)	0.31015	0.6709037
120/130	0.09/0.20	39348.84 secs	(1.119299 mins)	0.40434	0.6503783
120/130	0.10/0.20	39413.61 secs	(1.079508 mins)	0.49641	0.6274917
120/130	0.11/0.20	39472.74 secs	(59.13231 secs)	0.62836	0.6220545
120/130	0.12/0.20	39533.79 secs	(1.017445 mins)	0.71146	0.6197445
120/130	0.13/0.20	39601.94 secs	(1.135794 mins)	0.78789	0.6149282
120/130	0.14/0.20	39667.03 secs	(1.084895 mins)	0.79035	0.5760651
120/130	0.15/0.20	39726.60 secs	(59.56906 secs)	0.86544	0.6020294
120/130	0.16/0.20	39789.09 secs	(1.041432 mins)	0.88851	0.5785552
120/130	0.17/0.20	39858.93 secs	(1.164041 mins)	0.88874	0.5557632
120/130	0.18/0.20	39922.64 secs	(1.06178 mins)	0.90051	0.5511082
120/130	0.19/0.20	39981.26 secs	(58.62337 secs)	0.95001	0.559775
120/130	0.20/0.20	40042.93 secs	(1.027866 mins)	0.95717	0.5499322


121/130	0.00/0.20	40110.54 secs	(1.126864 mins)	0.00414	0.6623333
121/130	0.01/0.20	40173.71 secs	(1.052824 mins)	0.00574	0.7046037
121/130	0.02/0.20	40232.97 secs	(59.25627 secs)	0.00832	0.6907899
121/130	0.03/0.20	40295.10 secs	(1.035448 mins)	0.01351	0.688507
121/130	0.04/0.20	40363.44 secs	(1.139001 mins)	0.03177	0.7144671
121/130	0.05/0.20	40426.11 secs	(1.044586 mins)	0.058	0.6755652
121/130	0.06/0.20	40485.38 secs	(59.26973 secs)	0.13443	0.6743044
121/130	0.07/0.20	40548.35 secs	(1.049523 mins)	0.19065	0.6747114
121/130	0.08/0.20	40616.60 secs	(1.137503 mins)	0.31537	0.6460877
121/130	0.09/0.20	40679.43 secs	(1.047099 mins)	0.44733	0.637641
121/130	0.10/0.20	40738.42 secs	(58.99445 secs)	0.49516	0.6197523
121/130	0.11/0.20	40802.07 secs	(1.060798 mins)	0.62257	0.6367934
121/130	0.12/0.20	40870.95 secs	(1.148075 mins)	0.71176	0.6114487
121/130	0.13/0.20	40933.37 secs	(1.040182 mins)	0.74909	0.6143132
121/130	0.14/0.20	40992.69 secs	(59.32713 secs)	0.80245	0.5787472
121/130	0.15/0.20	41057.98 secs	(1.088127 mins)	0.85854	0.5912452
121/130	0.16/0.20	41125.77 secs	(1.129861 mins)	0.89568	0.5970861
121/130	0.17/0.20	41188.49 secs	(1.045331 mins)	0.93166	0.5828548
121/130	0.18/0.20	41248.81 secs	(1.005366 mins)	0.92961	0.5621043
121/130	0.19/0.20	41313.80 secs	(1.083035 mins)	0.93664	0.557361
121/130	0.20/0.20	41381.99 secs	(1.136582 mins)	0.94812	0.5420364


122/130	0.00/0.20	41446.56 secs	(1.076146 mins)	0.00403	0.7053333
122/130	0.01/0.20	41505.45 secs	(58.88608 secs)	0.00642	0.7275847
122/130	0.02/0.20	41567.63 secs	(1.036433 mins)	0.01016	0.6935773
122/130	0.03/0.20	41634.67 secs	(1.117288 mins)	0.02167	0.7184897
122/130	0.04/0.20	41700.53 secs	(1.097762 mins)	0.03425	0.6887092
122/130	0.05/0.20	41759.57 secs	(59.03794 secs)	0.08099	0.6839614
122/130	0.06/0.20	41819.73 secs	(1.00268 mins)	0.11565	0.6919641
122/130	0.07/0.20	41887.74 secs	(1.133522 mins)	0.1816	0.686512
122/130	0.08/0.20	41953.86 secs	(1.101955 mins)	0.29668	0.6627407
122/130	0.09/0.20	42013.40 secs	(59.54009 secs)	0.41677	0.6445738
122/130	0.10/0.20	42073.03 secs	(59.6294 secs)	0.48516	0.637445
122/130	0.11/0.20	42140.64 secs	(1.126808 mins)	0.58358	0.6233554
122/130	0.12/0.20	42208.63 secs	(1.133165 mins)	0.70135	0.6194178
122/130	0.13/0.20	42268.55 secs	(59.91976 secs)	0.78646	0.6088559
122/130	0.14/0.20	42329.99 secs	(1.024032 mins)	0.85873	0.6083339
122/130	0.15/0.20	42398.50 secs	(1.141827 mins)	0.84596	0.6075304
122/130	0.16/0.20	42464.77 secs	(1.104535 mins)	0.92445	0.5938674
122/130	0.17/0.20	42523.08 secs	(58.30498 secs)	0.89157	0.564699
122/130	0.18/0.20	42582.93 secs	(59.85057 secs)	0.96078	0.5726205
122/130	0.19/0.20	42651.69 secs	(1.145955 mins)	0.95988	0.5699239
122/130	0.20/0.20	42720.84 secs	(1.152539 mins)	0.93732	0.5583767


123/130	0.00/0.20	42780.41 secs	(59.57465 secs)	0.00427	0.7085
123/130	0.01/0.20	42840.82 secs	(1.00675 mins)	0.00595	0.6788692
123/130	0.02/0.20	42905.25 secs	(1.073862 mins)	0.01001	0.7069978
123/130	0.03/0.20	42972.77 secs	(1.125326 mins)	0.02108	0.7093605
123/130	0.04/0.20	43036.98 secs	(1.070171 mins)	0.03908	0.7016951
123/130	0.05/0.20	43096.27 secs	(59.28888 secs)	0.07156	0.6921025
123/130	0.06/0.20	43156.01 secs	(59.74206 secs)	0.12728	0.6860741
123/130	0.07/0.20	43223.75 secs	(1.128926 mins)	0.18879	0.6647912
123/130	0.08/0.20	43294.35 secs	(1.176765 mins)	0.33371	0.6442282
123/130	0.09/0.20	43354.27 secs	(59.91819 secs)	0.38828	0.6165596
123/130	0.10/0.20	43413.88 secs	(59.61249 secs)	0.57016	0.6476561
123/130	0.11/0.20	43479.22 secs	(1.088887 mins)	0.5986	0.6094218
123/130	0.12/0.20	43548.00 secs	(1.146366 mins)	0.67007	0.619564
123/130	0.13/0.20	43610.89 secs	(1.048233 mins)	0.76123	0.6139705
123/130	0.14/0.20	43669.51 secs	(58.61492 secs)	0.81485	0.596926
123/130	0.15/0.20	43734.09 secs	(1.076388 mins)	0.86548	0.5826036
123/130	0.16/0.20	43802.18 secs	(1.134871 mins)	0.87385	0.5777877
123/130	0.17/0.20	43868.78 secs	(1.110028 mins)	0.8541	0.5532455
123/130	0.18/0.20	43928.20 secs	(59.41774 secs)	0.92745	0.5590791
123/130	0.19/0.20	43989.43 secs	(1.020469 mins)	0.92315	0.5537979
123/130	0.20/0.20	44058.25 secs	(1.146975 mins)	0.94817	0.555251


124/130	0.00/0.20	44121.72 secs	(1.057909 mins)	0.0042	0.6961667
124/130	0.01/0.20	44180.74 secs	(59.01215 secs)	0.00584	0.7394574
124/130	0.02/0.20	44242.20 secs	(1.024341 mins)	0.00985	0.6898192
124/130	0.03/0.20	44308.46 secs	(1.104411 mins)	0.01939	0.6959132
124/130	0.04/0.20	44370.77 secs	(1.038555 mins)	0.03443	0.7182207
124/130	0.05/0.20	44429.31 secs	(58.53865 secs)	0.06673	0.6961031
124/130	0.06/0.20	44491.13 secs	(1.030313 mins)	0.12502	0.6556772
124/130	0.07/0.20	44558.31 secs	(1.119728 mins)	0.19751	0.6380347
124/130	0.08/0.20	44621.41 secs	(1.051609 mins)	0.29142	0.6548343
124/130	0.09/0.20	44682.26 secs	(1.014103 mins)	0.42944	0.6567478
124/130	0.10/0.20	44745.92 secs	(1.061119 mins)	0.50502	0.6365423
124/130	0.11/0.20	44809.02 secs	(1.051594 mins)	0.67728	0.6359049
124/130	0.12/0.20	44871.45 secs	(1.040461 mins)	0.70072	0.614101
124/130	0.13/0.20	44934.54 secs	(1.051452 mins)	0.77636	0.611457
124/130	0.14/0.20	44996.72 secs	(1.036457 mins)	0.84173	0.6066221
124/130	0.15/0.20	45060.56 secs	(1.064021 mins)	0.89068	0.5919071
124/130	0.16/0.20	45123.66 secs	(1.05162 mins)	0.90517	0.589529
124/130	0.17/0.20	45187.84 secs	(1.06969 mins)	0.91006	0.5821229
124/130	0.18/0.20	45250.54 secs	(1.045008 mins)	0.92836	0.565945
124/130	0.19/0.20	45313.66 secs	(1.051966 mins)	0.94191	0.5578391
124/130	0.20/0.20	45376.56 secs	(1.048336 mins)	0.9671	0.55293


125/130	0.00/0.20	45438.65 secs	(1.034757 mins)	0.00398	0.6681667
125/130	0.01/0.20	45501.25 secs	(1.043468 mins)	0.00581	0.703467
125/130	0.02/0.20	45562.82 secs	(1.026108 mins)	0.01161	0.7057922
125/130	0.03/0.20	45625.22 secs	(1.04001 mins)	0.01777	0.7008355
125/130	0.04/0.20	45687.53 secs	(1.038484 mins)	0.0388	0.7150047
125/130	0.05/0.20	45749.46 secs	(1.032117 mins)	0.07754	0.6916355
125/130	0.06/0.20	45811.98 secs	(1.042102 mins)	0.11606	0.6610405
125/130	0.07/0.20	45874.38 secs	(1.039914 mins)	0.19117	0.6544552
125/130	0.08/0.20	45938.92 secs	(1.075643 mins)	0.32507	0.647914
125/130	0.09/0.20	46001.75 secs	(1.047256 mins)	0.43533	0.6437041
125/130	0.10/0.20	46065.48 secs	(1.062091 mins)	0.52377	0.6488926
125/130	0.11/0.20	46126.25 secs	(1.012842 mins)	0.58261	0.6286772
125/130	0.12/0.20	46189.80 secs	(1.059222 mins)	0.72683	0.617831
125/130	0.13/0.20	46252.40 secs	(1.043282 mins)	0.79011	0.6297866
125/130	0.14/0.20	46315.66 secs	(1.054428 mins)	0.83964	0.6135387
125/130	0.15/0.20	46377.58 secs	(1.031876 mins)	0.86499	0.6045272
125/130	0.16/0.20	46440.56 secs	(1.049784 mins)	0.87393	0.5959089
125/130	0.17/0.20	46503.44 secs	(1.047946 mins)	0.88435	0.5729324
125/130	0.18/0.20	46567.73 secs	(1.071558 mins)	0.93702	0.5696359
125/130	0.19/0.20	46631.62 secs	(1.064789 mins)	0.94656	0.5587544
125/130	0.20/0.20	46694.20 secs	(1.042906 mins)	0.95857	0.5556901


126/130	0.00/0.20	46757.47 secs	(1.05455 mins)	0.00408	0.6756667
126/130	0.01/0.20	46819.55 secs	(1.034734 mins)	0.00705	0.7193395
126/130	0.02/0.20	46880.93 secs	(1.022869 mins)	0.00944	0.7050285
126/130	0.03/0.20	46942.25 secs	(1.022142 mins)	0.0187	0.7072605
126/130	0.04/0.20	47003.95 secs	(1.028248 mins)	0.04126	0.707195
126/130	0.05/0.20	47067.48 secs	(1.058807 mins)	0.05591	0.7167761
126/130	0.06/0.20	47129.75 secs	(1.037911 mins)	0.11404	0.6731921
126/130	0.07/0.20	47193.50 secs	(1.062432 mins)	0.22983	0.6792699
126/130	0.08/0.20	47255.71 secs	(1.036846 mins)	0.30065	0.6493625
126/130	0.09/0.20	47319.63 secs	(1.065317 mins)	0.37833	0.6241368
126/130	0.10/0.20	47382.53 secs	(1.048336 mins)	0.55066	0.6398166
126/130	0.11/0.20	47444.28 secs	(1.029141 mins)	0.66387	0.6469167
126/130	0.12/0.20	47506.96 secs	(1.044714 mins)	0.70786	0.6097379
126/130	0.13/0.20	47569.07 secs	(1.035175 mins)	0.79708	0.6123863
126/130	0.14/0.20	47630.62 secs	(1.025824 mins)	0.84578	0.6052592
126/130	0.15/0.20	47693.76 secs	(1.052294 mins)	0.83833	0.5998073
126/130	0.16/0.20	47756.57 secs	(1.046824 mins)	0.89967	0.5905273
126/130	0.17/0.20	47817.91 secs	(1.022344 mins)	0.93132	0.5767819
126/130	0.18/0.20	47881.18 secs	(1.054631 mins)	0.93291	0.5691614
126/130	0.19/0.20	47944.82 secs	(1.06052 mins)	0.96747	0.5715923
126/130	0.20/0.20	48010.97 secs	(1.102611 mins)	0.94984	0.5469064


127/130	0.00/0.20	48073.12 secs	(1.035757 mins)	0.00419	0.6856667
127/130	0.01/0.20	48136.28 secs	(1.052698 mins)	0.00515	0.7077955
127/130	0.02/0.20	48199.50 secs	(1.053656 mins)	0.00861	0.734213
127/130	0.03/0.20	48262.90 secs	(1.056646 mins)	0.01658	0.70337
127/130	0.04/0.20	48325.01 secs	(1.035226 mins)	0.03745	0.6909262
127/130	0.05/0.20	48387.58 secs	(1.042876 mins)	0.06679	0.7115621
127/130	0.06/0.20	48451.81 secs	(1.070392 mins)	0.13455	0.7081888
127/130	0.07/0.20	48513.01 secs	(1.020128 mins)	0.24275	0.6835375
127/130	0.08/0.20	48575.22 secs	(1.036832 mins)	0.30358	0.6459919
127/130	0.09/0.20	48640.29 secs	(1.084411 mins)	0.45419	0.6432981
127/130	0.10/0.20	48703.47 secs	(1.052977 mins)	0.47653	0.6278178
127/130	0.11/0.20	48765.49 secs	(1.033649 mins)	0.64295	0.6355309
127/130	0.12/0.20	48830.35 secs	(1.080977 mins)	0.72947	0.6182381
127/130	0.13/0.20	48894.59 secs	(1.070809 mins)	0.77114	0.6197246
127/130	0.14/0.20	48955.41 secs	(1.013662 mins)	0.83459	0.6138737
127/130	0.15/0.20	49017.29 secs	(1.031234 mins)	0.90981	0.616548
127/130	0.16/0.20	49083.38 secs	(1.101597 mins)	0.94548	0.6047731
127/130	0.17/0.20	49146.66 secs	(1.054565 mins)	0.91544	0.5748123
127/130	0.18/0.20	49208.15 secs	(1.024815 mins)	0.95831	0.5770263
127/130	0.19/0.20	49271.86 secs	(1.061868 mins)	0.93785	0.5538276
127/130	0.20/0.20	49335.08 secs	(1.053688 mins)	0.95066	0.5499389


128/130	0.00/0.20	49397.42 secs	(1.038983 mins)	0.0043	0.7026667
128/130	0.01/0.20	49458.86 secs	(1.024069 mins)	0.00628	0.6931387
128/130	0.02/0.20	49521.63 secs	(1.046122 mins)	0.01086	0.7065589
128/130	0.03/0.20	49583.78 secs	(1.035762 mins)	0.02143	0.7363252
128/130	0.04/0.20	49645.48 secs	(1.028414 mins)	0.03902	0.6953223
128/130	0.05/0.20	49709.13 secs	(1.060901 mins)	0.07043	0.6942091
128/130	0.06/0.20	49770.75 secs	(1.02694 mins)	0.14291	0.6641363
128/130	0.07/0.20	49832.96 secs	(1.036838 mins)	0.21363	0.6624363
128/130	0.08/0.20	49895.78 secs	(1.047042 mins)	0.31967	0.6441414
128/130	0.09/0.20	49957.81 secs	(1.033745 mins)	0.44628	0.6529415
128/130	0.10/0.20	50022.42 secs	(1.076845 mins)	0.48842	0.6389291
128/130	0.11/0.20	50086.04 secs	(1.060289 mins)	0.64459	0.618522
128/130	0.12/0.20	50151.32 secs	(1.088072 mins)	0.71234	0.6220132
128/130	0.13/0.20	50215.20 secs	(1.064714 mins)	0.76607	0.6187827
128/130	0.14/0.20	50277.96 secs	(1.045874 mins)	0.84307	0.6090192
128/130	0.15/0.20	50341.95 secs	(1.066624 mins)	0.90777	0.6086974
128/130	0.16/0.20	50404.58 secs	(1.043799 mins)	0.92591	0.6043225
128/130	0.17/0.20	50468.66 secs	(1.06798 mins)	0.88373	0.5469476
128/130	0.18/0.20	50531.78 secs	(1.052039 mins)	0.93458	0.5774921
128/130	0.19/0.20	50593.90 secs	(1.035232 mins)	0.95734	0.5675457
128/130	0.20/0.20	50654.90 secs	(1.016697 mins)	0.96873	0.5619352


129/130	0.00/0.20	50718.12 secs	(1.053728 mins)	0.00398	0.6741667
129/130	0.01/0.20	50779.29 secs	(1.019459 mins)	0.00608	0.7171952
129/130	0.02/0.20	50840.52 secs	(1.020538 mins)	0.01151	0.7359967
129/130	0.03/0.20	50903.21 secs	(1.044844 mins)	0.01791	0.7150196
129/130	0.04/0.20	50964.04 secs	(1.013779 mins)	0.03415	0.7051762
129/130	0.05/0.20	51028.08 secs	(1.067342 mins)	0.06642	0.6884064
129/130	0.06/0.20	51090.60 secs	(1.041958 mins)	0.13844	0.689565
129/130	0.07/0.20	51154.10 secs	(1.058326 mins)	0.21369	0.6903025
129/130	0.08/0.20	51216.61 secs	(1.041842 mins)	0.31299	0.6671724
129/130	0.09/0.20	51279.85 secs	(1.053963 mins)	0.41003	0.6592134
129/130	0.10/0.20	51342.06 secs	(1.036868 mins)	0.58929	0.6488827
129/130	0.11/0.20	51405.40 secs	(1.055783 mins)	0.61208	0.6298261
129/130	0.12/0.20	51466.92 secs	(1.025211 mins)	0.69117	0.629537
129/130	0.13/0.20	51530.89 secs	(1.066293 mins)	0.79358	0.6070282
129/130	0.14/0.20	51595.66 secs	(1.079397 mins)	0.83934	0.6054113
129/130	0.15/0.20	51656.40 secs	(1.012429 mins)	0.86536	0.5979225
129/130	0.16/0.20	51720.31 secs	(1.06512 mins)	0.91843	0.5941984
129/130	0.17/0.20	51785.69 secs	(1.08959 mins)	0.91472	0.5775393
129/130	0.18/0.20	51847.57 secs	(1.031375 mins)	0.94053	0.5705456
129/130	0.19/0.20	51908.93 secs	(1.022612 mins)	0.96378	0.5674736
129/130	0.20/0.20	51972.42 secs	(1.058196 mins)	0.93075	0.5477991


130/130	0.00/0.20	52034.66 secs	(1.037407 mins)	0.0044	0.7345
130/130	0.01/0.20	52095.41 secs	(1.012418 mins)	0.00539	0.6958063
130/130	0.02/0.20	52158.69 secs	(1.054723 mins)	0.00974	0.729248
130/130	0.03/0.20	52218.81 secs	(1.001987 mins)	0.0189	0.722042
130/130	0.04/0.20	52282.01 secs	(1.053421 mins)	0.03931	0.6965691
130/130	0.05/0.20	52345.43 secs	(1.056897 mins)	0.07938	0.7163911
130/130	0.06/0.20	52408.97 secs	(1.058964 mins)	0.10604	0.6508188
130/130	0.07/0.20	52470.53 secs	(1.026072 mins)	0.19362	0.6544367
130/130	0.08/0.20	52534.02 secs	(1.058128 mins)	0.28068	0.6658446
130/130	0.09/0.20	52598.89 secs	(1.081125 mins)	0.43839	0.6494856
130/130	0.10/0.20	52659.73 secs	(1.014043 mins)	0.53978	0.6068935
130/130	0.11/0.20	52720.93 secs	(1.020066 mins)	0.63228	0.6319179
130/130	0.12/0.20	52785.84 secs	(1.081857 mins)	0.74978	0.6434309
130/130	0.13/0.20	52851.05 secs	(1.086704 mins)	0.74203	0.6107501
130/130	0.14/0.20	52911.55 secs	(1.008477 mins)	0.82532	0.5948649
130/130	0.15/0.20	52976.66 secs	(1.085082 mins)	0.90411	0.6083569
130/130	0.16/0.20	53042.42 secs	(1.095948 mins)	0.94052	0.5995489
130/130	0.17/0.20	53104.18 secs	(1.029407 mins)	0.92438	0.5818241
130/130	0.18/0.20	53166.21 secs	(1.03384 mins)	0.92345	0.5687903
130/130	0.19/0.20	53230.26 secs	(1.067399 mins)	0.913	0.5631104
130/130	0.20/0.20	53293.55 secs	(1.054886 mins)	0.94279	0.5491455


131/130	0.00/0.20	53353.67 secs	(1.002037 mins)	0.00403	0.680
131/130	0.01/0.20	53418.17 secs	(1.074906 mins)	0.00644	0.711855
131/130	0.02/0.20	53481.51 secs	(1.055706 mins)	0.01021	0.7171303
131/130	0.03/0.20	53542.99 secs	(1.024635 mins)	0.0191	0.7111964
131/130	0.04/0.20	53604.77 secs	(1.029807 mins)	0.03993	0.731006
131/130	0.05/0.20	53667.29 secs	(1.042004 mins)	0.0666	0.6943755
131/130	0.06/0.20	53730.90 secs	(1.060041 mins)	0.13717	0.6918062
131/130	0.07/0.20	53792.12 secs	(1.020307 mins)	0.19885	0.657572
131/130	0.08/0.20	53856.87 secs	(1.079227 mins)	0.34707	0.6413999
131/130	0.09/0.20	53920.92 secs	(1.067456 mins)	0.43068	0.6386165
131/130	0.10/0.20	53982.74 secs	(1.03032 mins)	0.57593	0.6591198
131/130	0.11/0.20	54044.40 secs	(1.027772 mins)	0.68075	0.6183762
131/130	0.12/0.20	54109.65 secs	(1.087445 mins)	0.69392	0.6306813
131/130	0.13/0.20	54175.65 secs	(1.09996 mins)	0.81858	0.6278379
131/130	0.14/0.20	54237.45 secs	(1.030011 mins)	0.86948	0.6265984
131/130	0.15/0.20	54299.56 secs	(1.03523 mins)	0.86441	0.5858479
131/130	0.16/0.20	54363.67 secs	(1.068473 mins)	0.9233	0.5954363
131/130	0.17/0.20	54427.85 secs	(1.069675 mins)	0.93754	0.5844482
131/130	0.18/0.20	54488.59 secs	(1.012403 mins)	0.92118	0.5615845
131/130	0.19/0.20	54552.95 secs	(1.072562 mins)	0.93569	0.5583809
131/130	0.20/0.20	54616.28 secs	(1.055516 mins)	0.97175	0.5607142


132/130	0.00/0.20	54678.38 secs	(1.034979 mins)	0.00442	0.7291667
132/130	0.01/0.20	54740.30 secs	(1.032011 mins)	0.00633	0.6976143
132/130	0.02/0.20	54801.59 secs	(1.021478 mins)	0.00821	0.6994147
132/130	0.03/0.20	54863.52 secs	(1.032207 mins)	0.02111	0.6968158
132/130	0.04/0.20	54925.84 secs	(1.038755 mins)	0.03869	0.6696327
132/130	0.05/0.20	54989.39 secs	(1.059177 mins)	0.08289	0.7078205
132/130	0.06/0.20	55052.96 secs	(1.059459 mins)	0.14595	0.7090238
132/130	0.07/0.20	55116.55 secs	(1.059785 mins)	0.20709	0.6830242
132/130	0.08/0.20	55179.32 secs	(1.046151 mins)	0.32894	0.6662251
132/130	0.09/0.20	55244.08 secs	(1.079346 mins)	0.46036	0.6727099
132/130	0.10/0.20	55305.80 secs	(1.028634 mins)	0.55461	0.6469956
132/130	0.11/0.20	55368.32 secs	(1.042116 mins)	0.67946	0.6458383
132/130	0.12/0.20	55430.87 secs	(1.042387 mins)	0.74293	0.6416802
132/130	0.13/0.20	55493.36 secs	(1.041513 mins)	0.79272	0.6180552
132/130	0.14/0.20	55557.42 secs	(1.067644 mins)	0.85958	0.6126235
132/130	0.15/0.20	55618.08 secs	(1.011123 mins)	0.89615	0.6039801
132/130	0.16/0.20	55681.77 secs	(1.061478 mins)	0.93301	0.6032741
132/130	0.17/0.20	55745.39 secs	(1.060208 mins)	0.95106	0.5917966
132/130	0.18/0.20	55809.36 secs	(1.06619 mins)	0.90251	0.5753031
132/130	0.19/0.20	55872.26 secs	(1.048365 mins)	0.95524	0.5641155
132/130	0.20/0.20	55933.84 secs	(1.026385 mins)	0.96173	0.5591341


133/130	0.00/0.20	55995.81 secs	(1.032722 mins)	0.00439	0.716
133/130	0.01/0.20	56057.97 secs	(1.036079 mins)	0.00638	0.7252482
133/130	0.02/0.20	56119.72 secs	(1.029143 mins)	0.01014	0.7022621
133/130	0.03/0.20	56182.36 secs	(1.044036 mins)	0.01759	0.7050801
133/130	0.04/0.20	56245.22 secs	(1.047736 mins)	0.0446	0.7260006
133/130	0.05/0.20	56308.33 secs	(1.051791 mins)	0.06268	0.6953305
133/130	0.06/0.20	56370.86 secs	(1.042183 mins)	0.11516	0.6754403
133/130	0.07/0.20	56432.35 secs	(1.024714 mins)	0.20276	0.6628629
133/130	0.08/0.20	56497.31 secs	(1.082688 mins)	0.26678	0.6490418
133/130	0.09/0.20	56559.30 secs	(1.033129 mins)	0.45045	0.6687789
133/130	0.10/0.20	56622.61 secs	(1.055172 mins)	0.55866	0.6388877
133/130	0.11/0.20	56684.98 secs	(1.039599 mins)	0.62645	0.6162286
133/130	0.12/0.20	56748.72 secs	(1.062265 mins)	0.70016	0.6040957
133/130	0.13/0.20	56812.44 secs	(1.062069 mins)	0.80558	0.6352465
133/130	0.14/0.20	56872.76 secs	(1.005389 mins)	0.86524	0.6181169
133/130	0.15/0.20	56936.09 secs	(1.055356 mins)	0.88336	0.6033588
133/130	0.16/0.20	57001.19 secs	(1.084992 mins)	0.93574	0.5962286
133/130	0.17/0.20	57063.77 secs	(1.043038 mins)	0.90306	0.582806
133/130	0.18/0.20	57126.33 secs	(1.042674 mins)	0.96116	0.5814931
133/130	0.19/0.20	57189.03 secs	(1.045002 mins)	0.94395	0.5610089
133/130	0.20/0.20	57252.43 secs	(1.056632 mins)	0.96329	0.5696406


134/130	0.00/0.20	57314.99 secs	(1.042762 mins)	0.00388	0.6606667
134/130	0.01/0.20	57377.41 secs	(1.040318 mins)	0.00625	0.732655
134/130	0.02/0.20	57439.62 secs	(1.036882 mins)	0.01056	0.7277662
134/130	0.03/0.20	57501.06 secs	(1.023926 mins)	0.0168	0.706018
134/130	0.04/0.20	57563.73 secs	(1.044429 mins)	0.04723	0.7087304
134/130	0.05/0.20	57626.71 secs	(1.049733 mins)	0.06738	0.6871808
134/130	0.06/0.20	57690.20 secs	(1.058238 mins)	0.12531	0.6863663
134/130	0.07/0.20	57752.50 secs	(1.038316 mins)	0.21933	0.6857278
134/130	0.08/0.20	57815.79 secs	(1.054798 mins)	0.34166	0.6565349
134/130	0.09/0.20	57877.62 secs	(1.030501 mins)	0.46103	0.6563818
134/130	0.10/0.20	57938.81 secs	(1.01984 mins)	0.56477	0.6519583
134/130	0.11/0.20	58000.67 secs	(1.030981 mins)	0.67845	0.6367864
134/130	0.12/0.20	58065.05 secs	(1.073014 mins)	0.74903	0.6316456
134/130	0.13/0.20	58128.91 secs	(1.064278 mins)	0.81258	0.6279124
134/130	0.14/0.20	58189.07 secs	(1.002727 mins)	0.84813	0.6110116
134/130	0.15/0.20	58254.10 secs	(1.083836 mins)	0.90258	0.6062694
134/130	0.16/0.20	58318.23 secs	(1.068893 mins)	0.9221	0.6001685
134/130	0.17/0.20	58380.54 secs	(1.038501 mins)	0.91868	0.5858528
134/130	0.18/0.20	58442.70 secs	(1.035843 mins)	0.9436	0.582591
134/130	0.19/0.20	58505.72 secs	(1.050377 mins)	0.94913	0.5648721
134/130	0.20/0.20	58570.77 secs	(1.084152 mins)	0.97317	0.5665253


135/130	0.00/0.20	58631.49 secs	(1.012118 mins)	0.00405	0.6973333
135/130	0.01/0.20	58693.36 secs	(1.031168 mins)	0.00691	0.7280955
135/130	0.02/0.20	58758.17 secs	(1.080147 mins)	0.01131	0.7097342
135/130	0.03/0.20	58820.92 secs	(1.04582 mins)	0.01666	0.7039961
135/130	0.04/0.20	58879.15 secs	(58.22584 secs)	0.03782	0.7095062
135/130	0.05/0.20	58940.82 secs	(1.027914 mins)	0.07982	0.7024871
135/130	0.06/0.20	59010.52 secs	(1.161538 mins)	0.13692	0.6940489
135/130	0.07/0.20	59072.65 secs	(1.035592 mins)	0.20969	0.6881773
135/130	0.08/0.20	59132.04 secs	(59.39041 secs)	0.32843	0.6674113
135/130	0.09/0.20	59194.66 secs	(1.043652 mins)	0.4666	0.6583626
135/130	0.10/0.20	59264.10 secs	(1.157406 mins)	0.51595	0.6334081
135/130	0.11/0.20	59327.03 secs	(1.048715 mins)	0.65103	0.640877
135/130	0.12/0.20	59386.41 secs	(59.38668 secs)	0.74298	0.6303743
135/130	0.13/0.20	59449.81 secs	(1.056561 mins)	0.77261	0.6263421
135/130	0.14/0.20	59519.51 secs	(1.161721 mins)	0.86723	0.6096236
135/130	0.15/0.20	59582.22 secs	(1.045104 mins)	0.89446	0.5933775
135/130	0.16/0.20	59641.92 secs	(59.7006 secs)	0.89128	0.5948042
135/130	0.17/0.20	59704.09 secs	(1.036258 mins)	0.92784	0.5884446
135/130	0.18/0.20	59773.79 secs	(1.161531 mins)	0.90111	0.5711225
135/130	0.19/0.20	59837.68 secs	(1.064896 mins)	0.91999	0.5603857
135/130	0.20/0.20	59897.66 secs	(59.97791 secs)	0.96118	0.5668483


136/130	0.00/0.20	59959.35 secs	(1.028148 mins)	0.0043	0.703
136/130	0.01/0.20	60028.04 secs	(1.144876 mins)	0.0057	0.6956163
136/130	0.02/0.20	60089.38 secs	(1.022275 mins)	0.01014	0.6751979
136/130	0.03/0.20	60149.07 secs	(59.69652 secs)	0.01941	0.7009751
136/130	0.04/0.20	60212.64 secs	(1.059491 mins)	0.04253	0.7040095
136/130	0.05/0.20	60276.41 secs	(1.062765 mins)	0.0769	0.713543
136/130	0.06/0.20	60337.94 secs	(1.025585 mins)	0.14207	0.6642246
136/130	0.07/0.20	60400.39 secs	(1.040742 mins)	0.19385	0.651854
136/130	0.08/0.20	60465.73 secs	(1.089138 mins)	0.29686	0.650505
136/130	0.09/0.20	60529.09 secs	(1.055919 mins)	0.45399	0.6517162
136/130	0.10/0.20	60588.74 secs	(59.64834 secs)	0.54749	0.6537781
136/130	0.11/0.20	60653.27 secs	(1.075463 mins)	0.60766	0.6384934
136/130	0.12/0.20	60718.26 secs	(1.083285 mins)	0.74221	0.6368114
136/130	0.13/0.20	60781.87 secs	(1.06013 mins)	0.84164	0.6418269
136/130	0.14/0.20	60843.49 secs	(1.027036 mins)	0.85506	0.6236691
136/130	0.15/0.20	60908.00 secs	(1.075032 mins)	0.88836	0.6037517
136/130	0.16/0.20	60972.66 secs	(1.077709 mins)	0.9306	0.5980817
136/130	0.17/0.20	61034.80 secs	(1.03563 mins)	0.95295	0.5934728
136/130	0.18/0.20	61098.73 secs	(1.065623 mins)	0.9536	0.5748993
136/130	0.19/0.20	61163.99 secs	(1.087602 mins)	0.95649	0.5730934
136/130	0.20/0.20	61226.43 secs	(1.040634 mins)	0.96345	0.5607714


137/130	0.00/0.20	61288.97 secs	(1.042407 mins)	0.00459	0.7568333
137/130	0.01/0.20	61353.10 secs	(1.068791 mins)	0.00616	0.7181431
137/130	0.02/0.20	61416.01 secs	(1.048467 mins)	0.01174	0.7141322
137/130	0.03/0.20	61476.39 secs	(1.006428 mins)	0.01794	0.6946214
137/130	0.04/0.20	61539.79 secs	(1.056606 mins)	0.0391	0.6965635
137/130	0.05/0.20	61602.37 secs	(1.043101 mins)	0.07466	0.7092077
137/130	0.06/0.20	61664.47 secs	(1.034995 mins)	0.14943	0.6884721
137/130	0.07/0.20	61729.08 secs	(1.07668 mins)	0.20356	0.6810455
137/130	0.08/0.20	61794.67 secs	(1.093262 mins)	0.31243	0.6530039
137/130	0.09/0.20	61860.27 secs	(1.093316 mins)	0.41083	0.6525512
137/130	0.10/0.20	61927.45 secs	(1.119684 mins)	0.57226	0.6483696
137/130	0.11/0.20	61995.12 secs	(1.127759 mins)	0.67097	0.6472647
137/130	0.12/0.20	62066.66 secs	(1.192399 mins)	0.75717	0.6323272
137/130	0.13/0.20	62135.23 secs	(1.142771 mins)	0.82416	0.6334491
137/130	0.14/0.20	62201.46 secs	(1.103926 mins)	0.82896	0.631643
137/130	0.15/0.20	62268.56 secs	(1.118308 mins)	0.89859	0.6149126
137/130	0.16/0.20	62333.09 secs	(1.075557 mins)	0.93535	0.6046459
137/130	0.17/0.20	62396.15 secs	(1.050881 mins)	0.95529	0.5918687
137/130	0.18/0.20	62455.96 secs	(59.81251 secs)	0.93419	0.5707191
137/130	0.19/0.20	62520.74 secs	(1.079716 mins)	0.94627	0.5683662
137/130	0.20/0.20	62590.07 secs	(1.155479 mins)	0.96242	0.5562636


138/130	0.00/0.20	62649.38 secs	(59.30755 secs)	0.00416	0.7125
138/130	0.01/0.20	62708.14 secs	(58.76028 secs)	0.00599	0.6999299
138/130	0.02/0.20	62774.94 secs	(1.113394 mins)	0.00858	0.7269836
138/130	0.03/0.20	62842.75 secs	(1.130076 mins)	0.02071	0.7101694
138/130	0.04/0.20	62903.01 secs	(1.004366 mins)	0.04242	0.6967907
138/130	0.05/0.20	62962.34 secs	(59.32939 secs)	0.07627	0.7337148
138/130	0.06/0.20	63025.36 secs	(1.050358 mins)	0.14148	0.7035493
138/130	0.07/0.20	63092.74 secs	(1.122931 mins)	0.21804	0.6777357
138/130	0.08/0.20	63160.73 secs	(1.133296 mins)	0.32432	0.6638668
138/130	0.09/0.20	63219.94 secs	(59.20443 secs)	0.4234	0.6646084
138/130	0.10/0.20	63278.88 secs	(58.94351 secs)	0.55215	0.6467346
138/130	0.11/0.20	63345.55 secs	(1.111194 mins)	0.69766	0.6388423
138/130	0.12/0.20	63413.23 secs	(1.128009 mins)	0.72076	0.6208541
138/130	0.13/0.20	63474.54 secs	(1.021804 mins)	0.79522	0.6105227
138/130	0.14/0.20	63534.17 secs	(59.62382 secs)	0.85256	0.6161988
138/130	0.15/0.20	63596.25 secs	(1.034738 mins)	0.88838	0.6123824
138/130	0.16/0.20	63663.72 secs	(1.124569 mins)	0.93636	0.610705
138/130	0.17/0.20	63726.61 secs	(1.048028 mins)	0.95769	0.5964364
138/130	0.18/0.20	63786.19 secs	(59.58038 secs)	0.94437	0.5885361
138/130	0.19/0.20	63849.00 secs	(1.046903 mins)	0.95984	0.5744812
138/130	0.20/0.20	63912.91 secs	(1.065118 mins)	0.96138	0.5641483


139/130	0.00/0.20	63975.67 secs	(1.046104 mins)	0.00415	0.702
139/130	0.01/0.20	64037.03 secs	(1.022534 mins)	0.00592	0.7464912
139/130	0.02/0.20	64099.46 secs	(1.040503 mins)	0.01071	0.722626
139/130	0.03/0.20	64159.59 secs	(1.002283 mins)	0.02226	0.7205215
139/130	0.04/0.20	64220.88 secs	(1.021473 mins)	0.04172	0.7129521
139/130	0.05/0.20	64286.48 secs	(1.093358 mins)	0.06983	0.7013576
139/130	0.06/0.20	64350.89 secs	(1.073423 mins)	0.15206	0.6873561
139/130	0.07/0.20	64409.53 secs	(58.64581 secs)	0.20468	0.6679782
139/130	0.08/0.20	64471.89 secs	(1.039187 mins)	0.31438	0.6779324
139/130	0.09/0.20	64539.08 secs	(1.119904 mins)	0.45981	0.6614824
139/130	0.10/0.20	64602.82 secs	(1.062391 mins)	0.55737	0.6370394
139/130	0.11/0.20	64662.72 secs	(59.89952 secs)	0.68651	0.6425196
139/130	0.12/0.20	64722.69 secs	(59.96957 secs)	0.70884	0.6217773
139/130	0.13/0.20	64790.89 secs	(1.136618 mins)	0.80686	0.6376099
139/130	0.14/0.20	64859.22 secs	(1.138777 mins)	0.81826	0.6064542
139/130	0.15/0.20	64919.90 secs	(1.011469 mins)	0.92145	0.6208922
139/130	0.16/0.20	64980.14 secs	(1.003966 mins)	0.93437	0.6042993
139/130	0.17/0.20	65043.98 secs	(1.063997 mins)	0.94806	0.5875791
139/130	0.18/0.20	65114.91 secs	(1.182131 mins)	0.96862	0.5910412
139/130	0.19/0.20	65177.74 secs	(1.047124 mins)	0.97953	0.5789206
139/130	0.20/0.20	65237.66 secs	(59.91865 secs)	0.9632	0.5593219


140/130	0.00/0.20	65297.65 secs	(59.99264 secs)	0.00431	0.7206667
140/130	0.01/0.20	65362.49 secs	(1.080746 mins)	0.00476	0.7254199
140/130	0.02/0.20	65427.26 secs	(1.079454 mins)	0.01083	0.7379948
140/130	0.03/0.20	65489.33 secs	(1.034444 mins)	0.02549	0.7316628
140/130	0.04/0.20	65549.27 secs	(59.93837 secs)	0.03047	0.6830691
140/130	0.05/0.20	65613.09 secs	(1.063704 mins)	0.08926	0.6721242
140/130	0.06/0.20	65675.25 secs	(1.035999 mins)	0.1586	0.6952285
140/130	0.07/0.20	65739.28 secs	(1.067284 mins)	0.22205	0.679262
140/130	0.08/0.20	65801.63 secs	(1.039111 mins)	0.33463	0.6638219
140/130	0.09/0.20	65864.69 secs	(1.051048 mins)	0.41433	0.6380781
140/130	0.10/0.20	65926.28 secs	(1.026492 mins)	0.56438	0.6440673
140/130	0.11/0.20	65995.73 secs	(1.157499 mins)	0.67411	0.645777
140/130	0.12/0.20	66062.84 secs	(1.118509 mins)	0.75969	0.6359466
140/130	0.13/0.20	66129.52 secs	(1.111238 mins)	0.78761	0.6229871
140/130	0.14/0.20	66189.77 secs	(1.004139 mins)	0.88559	0.6247676
140/130	0.15/0.20	66249.31 secs	(59.54312 secs)	0.90213	0.6193532
140/130	0.16/0.20	66318.23 secs	(1.148644 mins)	0.90408	0.6105507
140/130	0.17/0.20	66386.00 secs	(1.129555 mins)	0.94026	0.590266
140/130	0.18/0.20	66447.86 secs	(1.03098 mins)	0.94528	0.5793367
140/130	0.19/0.20	66507.62 secs	(59.75691 secs)	0.94831	0.569493
140/130	0.20/0.20	66568.74 secs	(1.018717 mins)	0.95479	0.556663


141/130	0.00/0.20	66636.21 secs	(1.124525 mins)	0.00443	0.7338333
141/130	0.01/0.20	66702.73 secs	(1.108556 mins)	0.00593	0.7077426
141/130	0.02/0.20	66761.97 secs	(59.24079 secs)	0.01112	0.7343991
141/130	0.03/0.20	66820.65 secs	(58.68431 secs)	0.02198	0.7139754
141/130	0.04/0.20	66886.02 secs	(1.089511 mins)	0.03009	0.7100037
141/130	0.05/0.20	66953.62 secs	(1.12667 mins)	0.06693	0.6646036
141/130	0.06/0.20	67014.38 secs	(1.012605 mins)	0.15181	0.7130429
141/130	0.07/0.20	67074.25 secs	(59.86986 secs)	0.2657	0.6822116
141/130	0.08/0.20	67137.41 secs	(1.052641 mins)	0.30797	0.6424883
141/130	0.09/0.20	67206.22 secs	(1.146821 mins)	0.44876	0.6516006
141/130	0.10/0.20	67267.76 secs	(1.0258 mins)	0.59912	0.6555663
141/130	0.11/0.20	67327.00 secs	(59.23187 secs)	0.70434	0.6510941
141/130	0.12/0.20	67391.12 secs	(1.068734 mins)	0.77071	0.622878
141/130	0.13/0.20	67455.74 secs	(1.077014 mins)	0.82913	0.6200421
141/130	0.14/0.20	67518.58 secs	(1.047399 mins)	0.88655	0.6224388
141/130	0.15/0.20	67579.66 secs	(1.017931 mins)	0.87998	0.6041273
141/130	0.16/0.20	67644.00 secs	(1.072329 mins)	0.89859	0.6013276
141/130	0.17/0.20	67709.22 secs	(1.086976 mins)	0.94784	0.6014672
141/130	0.18/0.20	67770.15 secs	(1.015485 mins)	0.95591	0.5879866
141/130	0.19/0.20	67832.93 secs	(1.046461 mins)	0.97018	0.5735561
141/130	0.20/0.20	67900.25 secs	(1.121845 mins)	0.97218	0.564523


142/130	0.00/0.20	67964.19 secs	(1.065784 mins)	0.00451	0.7433333
142/130	0.01/0.20	68023.66 secs	(59.46655 secs)	0.00641	0.7280321
142/130	0.02/0.20	68085.22 secs	(1.026058 mins)	0.00979	0.7305988
142/130	0.03/0.20	68153.49 secs	(1.13773 mins)	0.0185	0.6952952
142/130	0.04/0.20	68217.02 secs	(1.058883 mins)	0.04438	0.728722
142/130	0.05/0.20	68276.54 secs	(59.52025 secs)	0.08616	0.6967419
142/130	0.06/0.20	68339.35 secs	(1.046789 mins)	0.14204	0.6824547
142/130	0.07/0.20	68406.39 secs	(1.117443 mins)	0.24568	0.6952476
142/130	0.08/0.20	68471.91 secs	(1.091876 mins)	0.35486	0.6343341
142/130	0.09/0.20	68530.48 secs	(58.5753 secs)	0.48257	0.6646608
142/130	0.10/0.20	68592.98 secs	(1.041671 mins)	0.5575	0.6286373
142/130	0.11/0.20	68662.08 secs	(1.151593 mins)	0.684	0.6468308
142/130	0.12/0.20	68725.52 secs	(1.057348 mins)	0.78865	0.6431418
142/130	0.13/0.20	68785.02 secs	(59.49864 secs)	0.80694	0.6429236
142/130	0.14/0.20	68846.79 secs	(1.029554 mins)	0.84099	0.6179153
142/130	0.15/0.20	68914.37 secs	(1.126333 mins)	0.86988	0.5954319
142/130	0.16/0.20	68979.08 secs	(1.07856 mins)	0.90725	0.6084108
142/130	0.17/0.20	69038.84 secs	(59.7554 secs)	0.95114	0.5997402
142/130	0.18/0.20	69101.96 secs	(1.05203 mins)	0.94523	0.5812228
142/130	0.19/0.20	69169.48 secs	(1.125377 mins)	0.96128	0.5759027
142/130	0.20/0.20	69234.92 secs	(1.090561 mins)	0.96146	0.5756837


143/130	0.00/0.20	69293.66 secs	(58.74132 secs)	0.00428	0.7091667
143/130	0.01/0.20	69353.96 secs	(1.005096 mins)	0.00586	0.713216
143/130	0.02/0.20	69423.03 secs	(1.151138 mins)	0.00912	0.673845
143/130	0.03/0.20	69490.04 secs	(1.11672 mins)	0.01917	0.7373993
143/130	0.04/0.20	69548.97 secs	(58.93603 secs)	0.03433	0.7038369
143/130	0.05/0.20	69607.99 secs	(59.0229 secs)	0.09083	0.7010501
143/130	0.06/0.20	69677.06 secs	(1.151032 mins)	0.15152	0.7043224
143/130	0.07/0.20	69744.64 secs	(1.126433 mins)	0.23878	0.6611607
143/130	0.08/0.20	69804.68 secs	(1.000631 mins)	0.31448	0.6477116
143/130	0.09/0.20	69863.41 secs	(58.73413 secs)	0.44343	0.6581349
143/130	0.10/0.20	69926.14 secs	(1.04545 mins)	0.55307	0.6514495
143/130	0.11/0.20	69995.82 secs	(1.161329 mins)	0.69019	0.6441807
143/130	0.12/0.20	70058.66 secs	(1.047246 mins)	0.7923	0.6452166
143/130	0.13/0.20	70120.06 secs	(1.023386 mins)	0.7792	0.6174998
143/130	0.14/0.20	70181.96 secs	(1.031709 mins)	0.84966	0.6210546
143/130	0.15/0.20	70246.96 secs	(1.083247 mins)	0.88504	0.6090448
143/130	0.16/0.20	70311.12 secs	(1.069345 mins)	0.89536	0.5978863
143/130	0.17/0.20	70374.16 secs	(1.050748 mins)	0.9255	0.5933163
143/130	0.18/0.20	70438.57 secs	(1.073457 mins)	0.94829	0.5804698
143/130	0.19/0.20	70503.50 secs	(1.082137 mins)	0.97072	0.5803925
143/130	0.20/0.20	70565.64 secs	(1.035737 mins)	0.96464	0.5669502


144/130	0.00/0.20	70627.86 secs	(1.036913 mins)	0.00439	0.7251667
144/130	0.01/0.20	70693.29 secs	(1.090555 mins)	0.00663	0.7306644
144/130	0.02/0.20	70756.24 secs	(1.049129 mins)	0.00996	0.7345137
144/130	0.03/0.20	70815.33 secs	(59.08994 secs)	0.01747	0.7021521
144/130	0.04/0.20	70876.38 secs	(1.0176 mins)	0.0443	0.7161394
144/130	0.05/0.20	70943.19 secs	(1.113396 mins)	0.08304	0.7296573
144/130	0.06/0.20	71007.05 secs	(1.064409 mins)	0.14265	0.7078722
144/130	0.07/0.20	71066.49 secs	(59.43793 secs)	0.2496	0.6897646
144/130	0.08/0.20	71129.33 secs	(1.047345 mins)	0.34106	0.6552123
144/130	0.09/0.20	71198.32 secs	(1.149877 mins)	0.47532	0.6498202
144/130	0.10/0.20	71262.19 secs	(1.064399 mins)	0.5807	0.660817
144/130	0.11/0.20	71322.70 secs	(1.008621 mins)	0.65812	0.636068
144/130	0.12/0.20	71386.60 secs	(1.064846 mins)	0.71814	0.6286003
144/130	0.13/0.20	71455.72 secs	(1.152037 mins)	0.78869	0.6169103
144/130	0.14/0.20	71519.10 secs	(1.05645 mins)	0.86067	0.6037119
144/130	0.15/0.20	71578.17 secs	(59.07023 secs)	0.93476	0.6234293
144/130	0.16/0.20	71640.07 secs	(1.031609 mins)	0.89314	0.5920367
144/130	0.17/0.20	71708.28 secs	(1.136795 mins)	0.92511	0.5869586
144/130	0.18/0.20	71782.00 secs	(1.228713 mins)	0.95682	0.5871225
144/130	0.19/0.20	71846.04 secs	(1.067292 mins)	0.97333	0.5787012
144/130	0.20/0.20	71909.94 secs	(1.065074 mins)	0.97391	0.564675


145/130	0.00/0.20	71975.44 secs	(1.091618 mins)	0.00451	0.7406667
145/130	0.01/0.20	72044.20 secs	(1.146011 mins)	0.00602	0.7370668
145/130	0.02/0.20	72107.24 secs	(1.050714 mins)	0.01042	0.7118042
145/130	0.03/0.20	72165.85 secs	(58.60216 secs)	0.022	0.7182027
145/130	0.04/0.20	72226.78 secs	(1.015624 mins)	0.0364	0.7322731
145/130	0.05/0.20	72295.91 secs	(1.152111 mins)	0.07693	0.7031257
145/130	0.06/0.20	72366.77 secs	(1.180954 mins)	0.14507	0.7088255
145/130	0.07/0.20	72426.99 secs	(1.003704 mins)	0.22355	0.6543979
145/130	0.08/0.20	72485.99 secs	(58.99627 secs)	0.36675	0.6607482
145/130	0.09/0.20	72552.48 secs	(1.108169 mins)	0.45037	0.6637695
145/130	0.10/0.20	72621.66 secs	(1.153012 mins)	0.52089	0.6263059
145/130	0.11/0.20	72684.48 secs	(1.047043 mins)	0.69571	0.6507715
145/130	0.12/0.20	72744.64 secs	(1.002661 mins)	0.75958	0.6121281
145/130	0.13/0.20	72808.58 secs	(1.065691 mins)	0.85297	0.6407864
145/130	0.14/0.20	72877.48 secs	(1.148251 mins)	0.8627	0.6182344
145/130	0.15/0.20	72939.38 secs	(1.031807 mins)	0.89979	0.6008113
145/130	0.16/0.20	72998.56 secs	(59.17384 secs)	0.89002	0.589914
145/130	0.17/0.20	73060.97 secs	(1.04012 mins)	0.93019	0.5857964
145/130	0.18/0.20	73130.81 secs	(1.163998 mins)	0.96805	0.5892161
145/130	0.19/0.20	73195.26 secs	(1.074266 mins)	0.92047	0.5594192
145/130	0.20/0.20	73256.26 secs	(1.016719 mins)	0.96508	0.5628294


146/130	0.00/0.20	73318.71 secs	(1.04078 mins)	0.00442	0.7283333
146/130	0.01/0.20	73385.81 secs	(1.118247 mins)	0.00582	0.7292792
146/130	0.02/0.20	73450.89 secs	(1.084649 mins)	0.01038	0.727499
146/130	0.03/0.20	73510.03 secs	(59.14885 secs)	0.01829	0.7151166
146/130	0.04/0.20	73570.00 secs	(59.96956 secs)	0.0524	0.7389267
146/130	0.05/0.20	73637.32 secs	(1.121877 mins)	0.07685	0.7132405
146/130	0.06/0.20	73707.89 secs	(1.176232 mins)	0.17955	0.7109495
146/130	0.07/0.20	73768.08 secs	(1.00324 mins)	0.2449	0.6889314
146/130	0.08/0.20	73826.98 secs	(58.89611 secs)	0.37476	0.6680578
146/130	0.09/0.20	73892.70 secs	(1.095381 mins)	0.43759	0.6692288
146/130	0.10/0.20	73961.19 secs	(1.141391 mins)	0.5838	0.640222
146/130	0.11/0.20	74021.86 secs	(1.011161 mins)	0.6823	0.6463085
146/130	0.12/0.20	74081.09 secs	(59.23432 secs)	0.76685	0.6289822
146/130	0.13/0.20	74147.96 secs	(1.114451 mins)	0.84563	0.6429118
146/130	0.14/0.20	74215.51 secs	(1.125802 mins)	0.86092	0.6173634
146/130	0.15/0.20	74277.13 secs	(1.026993 mins)	0.8832	0.6019324
146/130	0.16/0.20	74336.43 secs	(59.30698 secs)	0.93035	0.6058176
146/130	0.17/0.20	74401.98 secs	(1.092393 mins)	0.9374	0.6043652
146/130	0.18/0.20	74469.82 secs	(1.130705 mins)	0.94861	0.5960175
146/130	0.19/0.20	74534.12 secs	(1.071728 mins)	0.97299	0.5772376
146/130	0.20/0.20	74594.44 secs	(1.005354 mins)	0.97574	0.5726689


147/130	0.00/0.20	74654.61 secs	(1.002772 mins)	0.00431	0.7365
147/130	0.01/0.20	74721.72 secs	(1.118543 mins)	0.00685	0.6895885
147/130	0.02/0.20	74790.79 secs	(1.151211 mins)	0.01177	0.7366203
147/130	0.03/0.20	74849.53 secs	(58.73347 secs)	0.02323	0.7273561
147/130	0.04/0.20	74908.71 secs	(59.17842 secs)	0.03906	0.7146141
147/130	0.05/0.20	74977.84 secs	(1.152246 mins)	0.0834	0.6990547
147/130	0.06/0.20	75044.88 secs	(1.117259 mins)	0.12654	0.7162829
147/130	0.07/0.20	75104.49 secs	(59.61557 secs)	0.24469	0.6708955
147/130	0.08/0.20	75163.90 secs	(59.40422 secs)	0.3341	0.6587242
147/130	0.09/0.20	75231.23 secs	(1.122299 mins)	0.45794	0.6648988
147/130	0.10/0.20	75299.15 secs	(1.131871 mins)	0.56799	0.6678107
147/130	0.11/0.20	75361.18 secs	(1.033829 mins)	0.72609	0.6517313
147/130	0.12/0.20	75421.17 secs	(59.99481 secs)	0.76866	0.6273785
147/130	0.13/0.20	75485.87 secs	(1.078271 mins)	0.82346	0.6196836
147/130	0.14/0.20	75554.43 secs	(1.142656 mins)	0.88183	0.6242274
147/130	0.15/0.20	75618.19 secs	(1.062711 mins)	0.94636	0.6261938
147/130	0.16/0.20	75677.79 secs	(59.59806 secs)	0.9152	0.6182195
147/130	0.17/0.20	75741.69 secs	(1.064985 mins)	0.95355	0.6005841
147/130	0.18/0.20	75809.50 secs	(1.130219 mins)	0.94769	0.5843889
147/130	0.19/0.20	75876.28 secs	(1.113021 mins)	0.96134	0.577977
147/130	0.20/0.20	75935.47 secs	(59.18375 secs)	0.9661	0.5689654


148/130	0.00/0.20	75994.51 secs	(59.04633 secs)	0.0041	0.6963333
148/130	0.01/0.20	76061.13 secs	(1.110335 mins)	0.00683	0.7214742
148/130	0.02/0.20	76129.10 secs	(1.13285 mins)	0.01351	0.7374137
148/130	0.03/0.20	76188.08 secs	(58.98235 secs)	0.01669	0.7132766
148/130	0.04/0.20	76246.96 secs	(58.87879 secs)	0.04398	0.7268777
148/130	0.05/0.20	76312.15 secs	(1.086455 mins)	0.09214	0.7292743
148/130	0.06/0.20	76380.42 secs	(1.137864 mins)	0.13275	0.7042188
148/130	0.07/0.20	76440.15 secs	(59.73198 secs)	0.20164	0.6903611
148/130	0.08/0.20	76500.79 secs	(1.010651 mins)	0.32134	0.6484037
148/130	0.09/0.20	76568.01 secs	(1.120338 mins)	0.44051	0.6647899
148/130	0.10/0.20	76634.38 secs	(1.106049 mins)	0.6112	0.6488224
148/130	0.11/0.20	76693.45 secs	(59.07757 secs)	0.71515	0.6565341
148/130	0.12/0.20	76754.28 secs	(1.013832 mins)	0.73293	0.6293916
148/130	0.13/0.20	76821.46 secs	(1.119522 mins)	0.78231	0.6404768
148/130	0.14/0.20	76887.34 secs	(1.098081 mins)	0.90071	0.633107
148/130	0.15/0.20	76946.83 secs	(59.49063 secs)	0.90342	0.619023
148/130	0.16/0.20	77007.26 secs	(1.007162 mins)	0.93564	0.6026154
148/130	0.17/0.20	77075.58 secs	(1.138599 mins)	0.94914	0.5925749
148/130	0.18/0.20	77142.73 secs	(1.119186 mins)	0.95386	0.5841864
148/130	0.19/0.20	77203.25 secs	(1.00868 mins)	0.95126	0.5729415
148/130	0.20/0.20	77264.11 secs	(1.014369 mins)	0.95393	0.5560638


149/130	0.00/0.20	77329.92 secs	(1.096785 mins)	0.00418	0.6995
149/130	0.01/0.20	77398.95 secs	(1.150545 mins)	0.00575	0.7263341
149/130	0.02/0.20	77460.98 secs	(1.033892 mins)	0.0097	0.7178811
149/130	0.03/0.20	77520.23 secs	(59.24288 secs)	0.02221	0.7452873
149/130	0.04/0.20	77586.32 secs	(1.101473 mins)	0.04332	0.6942314
149/130	0.05/0.20	77657.14 secs	(1.180488 mins)	0.08892	0.7335739
149/130	0.06/0.20	77725.20 secs	(1.13431 mins)	0.167	0.6584283
149/130	0.07/0.20	77786.44 secs	(1.02058 mins)	0.24666	0.6897876
149/130	0.08/0.20	77846.43 secs	(59.99388 secs)	0.35664	0.6579455
149/130	0.09/0.20	77915.81 secs	(1.156247 mins)	0.46923	0.6455159
149/130	0.10/0.20	77985.69 secs	(1.164645 mins)	0.58957	0.6593841
149/130	0.11/0.20	78047.53 secs	(1.03076 mins)	0.68123	0.6415672
149/130	0.12/0.20	78109.29 secs	(1.029326 mins)	0.81005	0.6483968
149/130	0.13/0.20	78174.53 secs	(1.087274 mins)	0.78598	0.6216934
149/130	0.14/0.20	78242.77 secs	(1.137424 mins)	0.85314	0.636977
149/130	0.15/0.20	78304.94 secs	(1.036067 mins)	0.89407	0.6163227
149/130	0.16/0.20	78364.18 secs	(59.24416 secs)	0.93518	0.6127122
149/130	0.17/0.20	78427.99 secs	(1.063411 mins)	0.9617	0.6027458
149/130	0.18/0.20	78496.16 secs	(1.136162 mins)	0.93824	0.5826974
149/130	0.19/0.20	78558.49 secs	(1.038854 mins)	0.97286	0.5820102
149/130	0.20/0.20	78617.64 secs	(59.1564 secs)	0.96358	0.5672432


150/130	0.00/0.20	78680.67 secs	(1.050383 mins)	0.00373	0.679
150/130	0.01/0.20	78748.18 secs	(1.12523 mins)	0.00628	0.7263942
150/130	0.02/0.20	78809.75 secs	(1.026089 mins)	0.01169	0.7483632
150/130	0.03/0.20	78868.38 secs	(58.63166 secs)	0.02643	0.7515845
150/130	0.04/0.20	78931.03 secs	(1.044146 mins)	0.03681	0.7264076
150/130	0.05/0.20	78999.48 secs	(1.140852 mins)	0.0764	0.7169631
150/130	0.06/0.20	79061.99 secs	(1.04191 mins)	0.13113	0.6796134
150/130	0.07/0.20	79121.16 secs	(59.16524 secs)	0.26255	0.6767043
150/130	0.08/0.20	79184.91 secs	(1.062542 mins)	0.37368	0.6959837
150/130	0.09/0.20	79252.01 secs	(1.118343 mins)	0.47515	0.6624507
150/130	0.10/0.20	79315.88 secs	(1.064481 mins)	0.61657	0.6562635
150/130	0.11/0.20	79375.37 secs	(59.49119 secs)	0.71081	0.6366495
150/130	0.12/0.20	79440.11 secs	(1.079085 mins)	0.77119	0.6393931
150/130	0.13/0.20	79508.74 secs	(1.143757 mins)	0.84436	0.6381184
150/130	0.14/0.20	79569.04 secs	(1.004971 mins)	0.879	0.6311323
150/130	0.15/0.20	79630.71 secs	(1.027841 mins)	0.91282	0.6249313
150/130	0.16/0.20	79697.35 secs	(1.110698 mins)	0.93852	0.6143773
150/130	0.17/0.20	79763.17 secs	(1.096937 mins)	0.90704	0.5978334
150/130	0.18/0.20	79822.13 secs	(58.96512 secs)	0.94601	0.5898991
150/130	0.19/0.20	79883.05 secs	(1.015246 mins)	0.97216	0.5801731
150/130	0.20/0.20	79950.47 secs	(1.123799 mins)	0.97599	0.5693485


151/130	0.00/0.20	80014.85 secs	(1.072854 mins)	0.00441	0.7285
151/130	0.01/0.20	80073.44 secs	(58.59738 secs)	0.00538	0.7153812
151/130	0.02/0.20	80134.36 secs	(1.015257 mins)	0.01085	0.7341699
151/130	0.03/0.20	80202.15 secs	(1.129787 mins)	0.03081	0.7249059
151/130	0.04/0.20	80266.96 secs	(1.080246 mins)	0.04262	0.7247845
151/130	0.05/0.20	80325.38 secs	(58.41578 secs)	0.07921	0.7034212
151/130	0.06/0.20	80386.05 secs	(1.011267 mins)	0.1507	0.6879956
151/130	0.07/0.20	80454.03 secs	(1.133001 mins)	0.2301	0.6971666
151/130	0.08/0.20	80519.29 secs	(1.087641 mins)	0.36396	0.6868358
151/130	0.09/0.20	80578.55 secs	(59.25911 secs)	0.47624	0.6582621
151/130	0.10/0.20	80642.67 secs	(1.068661 mins)	0.62174	0.6667193
151/130	0.11/0.20	80711.05 secs	(1.139627 mins)	0.63887	0.6297287
151/130	0.12/0.20	80773.51 secs	(1.041065 mins)	0.72854	0.6128789
151/130	0.13/0.20	80832.72 secs	(59.20357 secs)	0.82515	0.6384348
151/130	0.14/0.20	80897.17 secs	(1.074191 mins)	0.85363	0.6126408
151/130	0.15/0.20	80965.94 secs	(1.146158 mins)	0.91972	0.6225844
151/130	0.16/0.20	81027.57 secs	(1.027276 mins)	0.94455	0.6155069
151/130	0.17/0.20	81088.34 secs	(1.012783 mins)	0.93529	0.5969076
151/130	0.18/0.20	81153.10 secs	(1.079372 mins)	0.93848	0.5767114
151/130	0.19/0.20	81222.67 secs	(1.159487 mins)	0.9347	0.5628281
151/130	0.20/0.20	81285.68 secs	(1.050107 mins)	0.97664	0.5685192


152/130	0.00/0.20	81344.42 secs	(58.7413 secs)	0.00448	0.7305
152/130	0.01/0.20	81407.86 secs	(1.057425 mins)	0.00621	0.7029197
152/130	0.02/0.20	81475.78 secs	(1.131849 mins)	0.01001	0.7301437
152/130	0.03/0.20	81536.41 secs	(1.01063 mins)	0.02785	0.755579
152/130	0.04/0.20	81594.93 secs	(58.52118 secs)	0.03493	0.6902795
152/130	0.05/0.20	81656.90 secs	(1.032836 mins)	0.09788	0.7051045
152/130	0.06/0.20	81724.61 secs	(1.128482 mins)	0.13435	0.6820391
152/130	0.07/0.20	81786.31 secs	(1.028297 mins)	0.25608	0.6908471
152/130	0.08/0.20	81845.76 secs	(59.44818 secs)	0.36085	0.6891636
152/130	0.09/0.20	81909.70 secs	(1.065679 mins)	0.50266	0.6777703
152/130	0.10/0.20	81978.81 secs	(1.15182 mins)	0.58227	0.6606993
152/130	0.11/0.20	82039.87 secs	(1.017726 mins)	0.69478	0.6610106
152/130	0.12/0.20	82099.53 secs	(59.65908 secs)	0.76576	0.6265588
152/130	0.13/0.20	82164.61 secs	(1.084668 mins)	0.80564	0.622928
152/130	0.14/0.20	82232.55 secs	(1.132326 mins)	0.92602	0.6342405
152/130	0.15/0.20	82294.10 secs	(1.025837 mins)	0.91974	0.6268654
152/130	0.16/0.20	82352.87 secs	(58.76986 secs)	0.95512	0.6125125
152/130	0.17/0.20	82417.52 secs	(1.07744 mins)	0.94024	0.5973666
152/130	0.18/0.20	82486.31 secs	(1.146486 mins)	0.92915	0.5728511
152/130	0.19/0.20	82547.36 secs	(1.017627 mins)	0.96489	0.5834065
152/130	0.20/0.20	82606.60 secs	(59.23964 secs)	0.96393	0.5783724


153/130	0.00/0.20	82672.22 secs	(1.093539 mins)	0.00449	0.7388333
153/130	0.01/0.20	82739.63 secs	(1.123534 mins)	0.00698	0.7448374
153/130	0.02/0.20	82804.45 secs	(1.080309 mins)	0.01162	0.7468457
153/130	0.03/0.20	82863.70 secs	(59.2482 secs)	0.0162	0.6950486
153/130	0.04/0.20	82923.59 secs	(59.89899 secs)	0.04428	0.7276257
153/130	0.05/0.20	82991.47 secs	(1.131209 mins)	0.07964	0.7363789
153/130	0.06/0.20	83058.37 secs	(1.114966 mins)	0.14715	0.6926069
153/130	0.07/0.20	83117.93 secs	(59.5663 secs)	0.23588	0.7041984
153/130	0.08/0.20	83178.68 secs	(1.01256 mins)	0.35856	0.6836774
153/130	0.09/0.20	83248.01 secs	(1.155339 mins)	0.4721	0.6377429
153/130	0.10/0.20	83313.68 secs	(1.094643 mins)	0.58073	0.6646056
153/130	0.11/0.20	83373.58 secs	(59.89814 secs)	0.68246	0.6517824
153/130	0.12/0.20	83436.61 secs	(1.050506 mins)	0.75861	0.6391633
153/130	0.13/0.20	83506.86 secs	(1.17085 mins)	0.82767	0.6300881
153/130	0.14/0.20	83571.18 secs	(1.071961 mins)	0.78812	0.615971
153/130	0.15/0.20	83631.34 secs	(1.002727 mins)	0.91752	0.6199468
153/130	0.16/0.20	83693.17 secs	(1.030468 mins)	0.92464	0.6167921
153/130	0.17/0.20	83762.60 secs	(1.157081 mins)	0.95007	0.5994839
153/130	0.18/0.20	83825.20 secs	(1.043421 mins)	0.95015	0.6006883
153/130	0.19/0.20	83884.50 secs	(59.29812 secs)	0.92297	0.5721517
153/130	0.20/0.20	83947.82 secs	(1.055377 mins)	0.926	0.5588832


154/130	0.00/0.20	84016.58 secs	(1.146 mins)	0.00438	0.7255
154/130	0.01/0.20	84078.53 secs	(1.032419 mins)	0.00643	0.7508836
154/130	0.02/0.20	84138.48 secs	(59.95108 secs)	0.0108	0.7255728
154/130	0.03/0.20	84201.96 secs	(1.057959 mins)	0.02283	0.7087887
154/130	0.04/0.20	84270.18 secs	(1.137052 mins)	0.04468	0.7347447
154/130	0.05/0.20	84333.38 secs	(1.05326 mins)	0.08651	0.7365234
154/130	0.06/0.20	84393.44 secs	(1.000982 mins)	0.13777	0.7000157
154/130	0.07/0.20	84456.14 secs	(1.045121 mins)	0.26207	0.6922511
154/130	0.08/0.20	84523.91 secs	(1.129433 mins)	0.36092	0.6679117
154/130	0.09/0.20	84590.14 secs	(1.103836 mins)	0.46749	0.6604767
154/130	0.10/0.20	84648.93 secs	(58.78891 secs)	0.60095	0.6634475
154/130	0.11/0.20	84709.75 secs	(1.01366 mins)	0.64295	0.6482825
154/130	0.12/0.20	84778.15 secs	(1.140039 mins)	0.73324	0.6265652
154/130	0.13/0.20	84847.03 secs	(1.148004 mins)	0.82875	0.6421071
154/130	0.14/0.20	84905.37 secs	(58.34442 secs)	0.87719	0.6341772
154/130	0.15/0.20	84965.09 secs	(59.72 secs)	0.92884	0.629881
154/130	0.16/0.20	85034.52 secs	(1.157034 mins)	0.93424	0.6123784
