
R version 4.2.2 Patched (2022-11-10 r83330) -- "Innocent and Trusting"
Copyright (C) 2022 The R Foundation for Statistical Computing
Platform: x86_64-pc-linux-gnu (64-bit)

R is free software and comes with ABSOLUTELY NO WARRANTY.
You are welcome to redistribute it under certain conditions.
Type 'license()' or 'licence()' for distribution details.

  Natural language support but running in an English locale

R is a collaborative project with many contributors.
Type 'contributors()' for more information and
'citation()' on how to cite R or R packages in publications.

Type 'demo()' for some demos, 'help()' for on-line help, or
'help.start()' for an HTML browser interface to help.
Type 'q()' to quit R.

> rm(list = ls())
> gc()
         used (Mb) gc trigger (Mb) max used (Mb)
Ncells 275507 14.8     663402 35.5   469283 25.1
Vcells 463357  3.6    8388608 64.0  1822500 14.0
> library(dplyr)

Attaching package: ‘dplyr’

The following objects are masked from ‘package:stats’:

    filter, lag

The following objects are masked from ‘package:base’:

    intersect, setdiff, setequal, union

> library(foreach)
> library(doParallel)
Loading required package: iterators
Loading required package: parallel
> 
> # Set up the number of cores used for parallelization.
> # Use detectCores() to find out how many cores are available.
> message(detectCores())
24
> num_cores <- 24
> registerDoParallel(num_cores)
> 
> time <- 365 # Number of days.
> inc <- 28 # Average incubation period length.
> inf <- 7 # Average infectious period length.
> pop <- 1000 # Population size.
> 
> create_hh <- function() {
+   # Randomly sample household sizes such that total population is 1000 
+   # individuals.
+   hh_size <- sample(x = c(3, 4, 5, 6), size = 340, replace = T)
+   
+   # Keep households such that total population is < 1000.
+   hh_size <- hh_size[which(cumsum(hh_size) < pop)]
+   
+   leftover <- pop - sum(hh_size)
+   if (leftover < 3) {
+     hh <- 1:length(hh_size)
+     sampled <- sample(hh[hh_size < 6], leftover)
+     hh_size[sampled] <- hh_size[sampled] + 1
+   } else {
+     hh_size <- c(hh_size, leftover)
+   }
+   return(hh_size)
+ }
> 
> SEIR <- function(beta_H, beta_C, inc, inf, verbose = 0) {
+   hh_size <- create_hh()
+   
+   # Create frame for running the simulation.
+   # ID: ID of individual.
+   # SIZE: size of individual's household.
+   # HH: ID of individual's household.
+   # S: susceptibility status.
+   # E: exposed status.
+   # E_count: number of days since exposed.
+   # I: infectious status.
+   # I_count: number of days since infectious.
+   # R: recovered status.
+   # INC: incubation period.
+   # INF: infectious period.
+   data <- data.frame(ID = 1:pop,
+                     SIZE = rep(hh_size, times = hh_size),
+                     HH = rep(1:length(hh_size), times = hh_size), 
+                     S = c(0, rep(1, pop - 1)), 
+                     E = c(1, rep(0, pop - 1)),
+                     E_count = c(1, rep(0, pop - 1)), 
+                     I = 0,
+                     I_count = 0, 
+                     R = 0, 
+                     INC = c(round(rnorm(1, inc, 2)), rep(0, pop - 1)),
+                     INF = 0)
+   
+   # Create frame for storing results.
+   # ID: ID of individual.
+   # SIZE: size of individual's household.
+   # HH: ID of individual's household.
+   # TYPE: the kind of infection: household (H), community (C), or both (B).
+   # TIME: when the individual became infectious.
+   # S_num: number of susceptible people in individual's household when their 
+   #        infectious period begins.
+   # I_num: number of people in household that this individual infected over 
+   #        their infectious period.
+   results <- data[, 1:3] %>% mutate(TYPE = NA, TIME = NA, S_num = NA, I_num = 0)
+   results$TYPE[1] <- '0'
+   
+   for(t in 1:time) {
+     if (verbose) {
+       if (t %% 10 == 0) {
+         message(t)
+       }
+     }
+     
+     # Anyone who has been infectious for as many days as their infectious
+     # period is now recovered.
+     recovered <- (data$INF > 0) & (data$I_count == data$INF)
+     if(sum(recovered, na.rm = T) > 0) {
+       data$R[recovered] <- 1
+       data$I[recovered] <- 0
+       data$I_count[recovered] <- 0 
+     }
+     
+     # Anyone who has been incubating for as many days as their incubation
+     # period is now infectious.
+     new_inf <- (data$INC > 0) & (data$E_count == data$INC)
+     num_new_inf <- sum(new_inf, na.rm = T)
+     if(num_new_inf > 0) {
+       # Change status to newly infectious and add infectious period.
+       data$I[new_inf] <- 1
+       random_inf <- rnorm(num_new_inf, mean = inf, sd = 1) %>% round()
+       data$INF[new_inf] <- random_inf
+       
+       # Remove exposure status and exposure count.
+       data$E[new_inf] <- 0
+       data$E_count[new_inf] <- 0 
+       
+       # Record time at which infectious period starts.
+       results$TIME[new_inf] <- t
+     }
+     
+     # I_H is the number of infections inside each household.
+     # I_C is the number of infections outside each household.
+     I_data <- data %>% group_by(HH) %>% 
+       mutate(I_H = sum(I)) %>% 
+       ungroup() %>% 
+       mutate(I_C = sum(I) - I_H)
+     
+     # Calculate household risk and community risk.
+     risk_H <- pmin(beta_H * data$S * I_data$I_H / pop, 1)
+     risk_C <- pmin(beta_C * data$S * I_data$I_C / pop, 1)
+     
+     # Each individual is infected from their household or 
+     # community independently with probabilities risk_H
+     # and risk_C.
+     new_inf_H <- rbinom(pop, 1, risk_H)
+     new_inf_C <- rbinom(pop, 1, risk_C)
+     
+     new_exposed <- (new_inf_H == 1) | (new_inf_C == 1)
+     num_new_exposed <- sum(new_exposed, na.rm = T)
+     if (num_new_exposed > 0) {
+       # Change status to newly exposed and add incubation period.
+       data$E[new_exposed] <- 1
+       random_inc <- rnorm(num_new_exposed, mean = inc, sd = 2) %>% round()
+       data$INC[new_exposed] <- random_inc
+       
+       # Remove susceptible status.
+       data$S[new_exposed] <- 0
+       
+       # Label infections.
+       results$TYPE[new_inf_C == 1] <- 'C'
+       results$TYPE[new_inf_H == 1] <- 'H'
+       results$TYPE[(new_inf_H == 1) & (new_inf_C == 1)] <- 'B'
+     }
+     
+     # Increment exposure and infectious counters.
+     data$E_count[data$E == 1] <- data$E_count[data$E == 1] + 1
+     data$I_count[data$I == 1] <- data$I_count[data$I == 1] + 1
+   }
+   return(results)
+ }
> 
> metrics <- function(results) {
+   # Incidence is the proportion of the population that became infected.
+   idc <- mean(!is.na(results$TIME))
+   
+   # If incidence is 0, the proportion of household infections is undefined.
+   prp <- NA
+   if (idc != 0) {
+     # The proportion of household infections is the proportion of infections that
+     # were from the household.
+     prp <- mean(results[!is.na(results$TIME), ]$TYPE == 'H')
+   }
+   return(c(idc, prp))
+ }
> 
> beta_Hs <- seq(371, 500, 1)
> beta_Cs <- seq(0, 0.2, 0.01)
> 
> a <- length(beta_Hs)
> b <- length(beta_Cs)
> 
> reps <- 100
> idcs <- array(rep(NA, a * b * reps), dim = c(a, b, reps))
> prps <- array(rep(NA, a * b * reps), dim = c(a, b, reps))
> t_tot <- 0
> for (i in 1:a) {
+   for (j in 1:b) {
+     beta_H <- beta_Hs[i]
+     beta_C <- beta_Cs[j]
+     
+     cat(paste0(beta_H, '/500\t', 
+                format(beta_C, nsmall = 2), '/0.20\t'))
+       
+     t_0 <- Sys.time()
+     vals <- foreach (k = 1:reps, .combine = 'c') %dopar% {
+       results <- SEIR(beta_H, beta_C, inc, inf, verbose = F) 
+       metrics(results)
+     }
+       
+     t_1 <- Sys.time()
+     t_tot <- t_tot + (t_1 - t_0)
+     cat(paste0(format(t_tot, nsmall = 2), 
+                '\t(', format(t_1 - t_0, nsmall = 2), ')\t'))
+     
+     vals <- matrix(vals, reps, byrow = T)
+     idcs[i, j, ] <- vals[, 1]
+     prps[i, j, ] <- vals[, 2]
+       
+     cat(paste0(format(mean(vals[, 1]), nsmall = 3), '\t', 
+                format(mean(vals[, 2]), nsmall = 3)))
+       
+     write.table(idcs, file = 'idcs_6.txt', row.names = F, col.names = F)
+     write.table(prps, file = 'prps_6.txt', row.names = F, col.names = F)
+     cat('\n')
+   }
+   message('\n')
+ }
371/500	0.00/0.20	22.25776 secs	(22.25776 secs)	0.0045	0.7585
371/500	0.01/0.20	43.92412 secs	(21.66635 secs)	0.00591	0.7615965
371/500	0.02/0.20	66.03913 secs	(22.11502 secs)	0.01366	0.7721434
371/500	0.03/0.20	88.10628 secs	(22.06714 secs)	0.0271	0.7655091
371/500	0.04/0.20	110.4924 secs	(22.38608 secs)	0.04428	0.7503479
371/500	0.05/0.20	132.2935 secs	(21.80114 secs)	0.11666	0.7468418
371/500	0.06/0.20	154.4728 secs	(22.1793 secs)	0.24864	0.7332112
371/500	0.07/0.20	176.6503 secs	(22.17755 secs)	0.33354	0.7234694
371/500	0.08/0.20	198.8963 secs	(22.24594 secs)	0.50803	0.717206
371/500	0.09/0.20	220.8413 secs	(21.94497 secs)	0.63669	0.7150376
371/500	0.10/0.20	242.9101 secs	(22.0688 secs)	0.75581	0.7032044
371/500	0.11/0.20	265.1116 secs	(22.2016 secs)	0.86239	0.6972341
371/500	0.12/0.20	287.3902 secs	(22.2786 secs)	0.88997	0.686171
371/500	0.13/0.20	309.7431 secs	(22.35284 secs)	0.94855	0.6824101
371/500	0.14/0.20	332.1529 secs	(22.40986 secs)	0.96017	0.6717137
371/500	0.15/0.20	354.5727 secs	(22.4198 secs)	0.9554	0.660302
371/500	0.16/0.20	376.6803 secs	(22.10758 secs)	0.97783	0.6523442
371/500	0.17/0.20	398.7588 secs	(22.07843 secs)	0.99123	0.6406379
371/500	0.18/0.20	421.3692 secs	(22.61046 secs)	0.98321	0.63346
371/500	0.19/0.20	443.8627 secs	(22.49344 secs)	0.98443	0.6219806
371/500	0.20/0.20	465.9928 secs	(22.13014 secs)	0.99598	0.6159718


372/500	0.00/0.20	487.7117 secs	(21.71887 secs)	0.00426	0.7516667
372/500	0.01/0.20	510.5326 secs	(22.82098 secs)	0.00805	0.7547291
372/500	0.02/0.20	532.361 secs	(21.8284 secs)	0.00947	0.7611013
372/500	0.03/0.20	554.3255 secs	(21.96448 secs)	0.02764	0.7702521
372/500	0.04/0.20	576.6697 secs	(22.34419 secs)	0.05276	0.7645116
372/500	0.05/0.20	598.749 secs	(22.07932 secs)	0.10618	0.7542051
372/500	0.06/0.20	620.7013 secs	(21.95228 secs)	0.26392	0.7395839
372/500	0.07/0.20	643.0511 secs	(22.34973 secs)	0.37448	0.7278504
372/500	0.08/0.20	665.0617 secs	(22.01061 secs)	0.52081	0.7205678
372/500	0.09/0.20	687.1216 secs	(22.05995 secs)	0.6243	0.71054
372/500	0.10/0.20	709.7623 secs	(22.64071 secs)	0.78407	0.7066245
372/500	0.11/0.20	732.1492 secs	(22.38693 secs)	0.85181	0.6962949
372/500	0.12/0.20	754.4746 secs	(22.3253 secs)	0.92549	0.6923799
372/500	0.13/0.20	777.209 secs	(22.73443 secs)	0.92359	0.6818446
372/500	0.14/0.20	799.6872 secs	(22.47826 secs)	0.94569	0.6717143
372/500	0.15/0.20	821.652 secs	(21.96477 secs)	0.95262	0.666032
372/500	0.16/0.20	843.837 secs	(22.18499 secs)	0.97527	0.6498008
372/500	0.17/0.20	865.9386 secs	(22.10161 secs)	0.97123	0.645303
372/500	0.18/0.20	888.5138 secs	(22.57522 secs)	0.98348	0.6344346
372/500	0.19/0.20	910.7468 secs	(22.23301 secs)	0.9645	0.6267808
372/500	0.20/0.20	933.4085 secs	(22.6617 secs)	0.99615	0.6135659


373/500	0.00/0.20	955.37 secs	(21.96144 secs)	0.00435	0.7551667
373/500	0.01/0.20	977.2186 secs	(21.84859 secs)	0.00726	0.7617767
373/500	0.02/0.20	998.8094 secs	(21.59084 secs)	0.0132	0.7657483
373/500	0.03/0.20	1020.805 secs	(21.99566 secs)	0.02333	0.7595103
373/500	0.04/0.20	1042.412 secs	(21.60724 secs)	0.06717	0.7604908
373/500	0.05/0.20	1064.254 secs	(21.84154 secs)	0.14036	0.7488788
373/500	0.06/0.20	1086.786 secs	(22.53173 secs)	0.24984	0.7318884
373/500	0.07/0.20	1109.058 secs	(22.27202 secs)	0.41235	0.7168798
373/500	0.08/0.20	1131.928 secs	(22.87022 secs)	0.52443	0.7106748
373/500	0.09/0.20	1154.12 secs	(22.19226 secs)	0.59696	0.7004602
373/500	0.10/0.20	1176.839 secs	(22.71843 secs)	0.76729	0.7095388
373/500	0.11/0.20	1199.037 secs	(22.19798 secs)	0.83601	0.7004416
373/500	0.12/0.20	1221.86 secs	(22.82308 secs)	0.85867	0.6909131
373/500	0.13/0.20	1244.548 secs	(22.68827 secs)	0.93703	0.6798847
373/500	0.14/0.20	1266.89 secs	(22.34211 secs)	0.93657	0.6723887
373/500	0.15/0.20	1289.47 secs	(22.57976 secs)	0.9515	0.6642714
373/500	0.16/0.20	1311.867 secs	(22.39685 secs)	0.96671	0.6558316
373/500	0.17/0.20	1334.116 secs	(22.24972 secs)	0.98641	0.640949
373/500	0.18/0.20	1356.675 secs	(22.55827 secs)	0.99175	0.6321794
373/500	0.19/0.20	1378.93 secs	(22.25557 secs)	0.99464	0.6227637
373/500	0.20/0.20	1401.822 secs	(22.89162 secs)	0.98666	0.6142465


374/500	0.00/0.20	1423.676 secs	(21.85393 secs)	0.00456	0.7651667
374/500	0.01/0.20	1445.84 secs	(22.16444 secs)	0.0073	0.7695252
374/500	0.02/0.20	1467.789 secs	(21.94848 secs)	0.01223	0.7637465
374/500	0.03/0.20	1489.967 secs	(22.17832 secs)	0.02368	0.7686784
374/500	0.04/0.20	1512.092 secs	(22.12519 secs)	0.07103	0.7641657
374/500	0.05/0.20	1534.001 secs	(21.90919 secs)	0.10389	0.7411849
374/500	0.06/0.20	1556.309 secs	(22.30745 secs)	0.21071	0.7449036
374/500	0.07/0.20	1578.725 secs	(22.41581 secs)	0.32366	0.7301518
374/500	0.08/0.20	1600.896 secs	(22.17155 secs)	0.52715	0.7162054
374/500	0.09/0.20	1623.003 secs	(22.10697 secs)	0.59252	0.7126395
374/500	0.10/0.20	1645.642 secs	(22.63925 secs)	0.74549	0.7079118
374/500	0.11/0.20	1668.903 secs	(23.26025 secs)	0.82264	0.7011742
374/500	0.12/0.20	1691.393 secs	(22.49006 secs)	0.86839	0.6917381
374/500	0.13/0.20	1713.753 secs	(22.3605 secs)	0.94613	0.6807764
374/500	0.14/0.20	1736.21 secs	(22.45688 secs)	0.95575	0.6715598
374/500	0.15/0.20	1758.355 secs	(22.14543 secs)	0.9698	0.6622384
374/500	0.16/0.20	1780.801 secs	(22.44529 secs)	0.98679	0.6530336
374/500	0.17/0.20	1802.717 secs	(21.91658 secs)	0.96074	0.636954
374/500	0.18/0.20	1825.648 secs	(22.93112 secs)	0.98253	0.6331316
374/500	0.19/0.20	1848.308 secs	(22.65951 secs)	0.99473	0.6252151
374/500	0.20/0.20	1870.499 secs	(22.19073 secs)	0.99577	0.614487


375/500	0.00/0.20	1892.698 secs	(22.19884 secs)	0.0045	0.7635
375/500	0.01/0.20	1914.816 secs	(22.11804 secs)	0.00637	0.7639788
375/500	0.02/0.20	1936.554 secs	(21.73792 secs)	0.01189	0.7723672
375/500	0.03/0.20	1958.123 secs	(21.56922 secs)	0.02649	0.7651443
375/500	0.04/0.20	1980.804 secs	(22.68106 secs)	0.05336	0.7577612
375/500	0.05/0.20	2002.545 secs	(21.7407 secs)	0.12479	0.7449289
375/500	0.06/0.20	2024.424 secs	(21.87989 secs)	0.20782	0.7424767
375/500	0.07/0.20	2046.368 secs	(21.94327 secs)	0.32368	0.7308152
375/500	0.08/0.20	2069.14 secs	(22.7726 secs)	0.52335	0.7185527
375/500	0.09/0.20	2091.798 secs	(22.6576 secs)	0.65897	0.7130328
375/500	0.10/0.20	2113.813 secs	(22.01506 secs)	0.78751	0.7040498
375/500	0.11/0.20	2136.165 secs	(22.3522 secs)	0.83758	0.6974767
375/500	0.12/0.20	2158.573 secs	(22.40826 secs)	0.88606	0.6886677
375/500	0.13/0.20	2180.901 secs	(22.32722 secs)	0.94533	0.6795778
375/500	0.14/0.20	2203.753 secs	(22.85215 secs)	0.95286	0.6747918
375/500	0.15/0.20	2225.717 secs	(21.96415 secs)	0.93164	0.6636425
375/500	0.16/0.20	2248.183 secs	(22.46587 secs)	0.95819	0.6550074
375/500	0.17/0.20	2270.491 secs	(22.30852 secs)	0.96206	0.6447965
375/500	0.18/0.20	2292.861 secs	(22.3701 secs)	0.98089	0.6327812
375/500	0.19/0.20	2315.191 secs	(22.32957 secs)	0.99554	0.6225935
375/500	0.20/0.20	2337.476 secs	(22.2854 secs)	0.9865	0.614156


376/500	0.00/0.20	2359.305 secs	(21.82816 secs)	0.00435	0.7535
376/500	0.01/0.20	2380.731 secs	(21.42689 secs)	0.00766	0.7775074
376/500	0.02/0.20	2402.945 secs	(22.21393 secs)	0.01253	0.7691203
376/500	0.03/0.20	2425.212 secs	(22.26707 secs)	0.02515	0.7708822
376/500	0.04/0.20	2446.967 secs	(21.75455 secs)	0.06478	0.7634179
376/500	0.05/0.20	2468.906 secs	(21.93924 secs)	0.14619	0.7467436
376/500	0.06/0.20	2490.972 secs	(22.06624 secs)	0.23109	0.7326072
376/500	0.07/0.20	2512.714 secs	(21.74177 secs)	0.38295	0.7305219
376/500	0.08/0.20	2535.044 secs	(22.33007 secs)	0.50954	0.7234429
376/500	0.09/0.20	2557.888 secs	(22.84379 secs)	0.65255	0.7132857
376/500	0.10/0.20	2580.28 secs	(22.39238 secs)	0.76297	0.7059116
376/500	0.11/0.20	2602.579 secs	(22.29871 secs)	0.80273	0.6959674
376/500	0.12/0.20	2625.359 secs	(22.77969 secs)	0.8475	0.6898351
376/500	0.13/0.20	2647.377 secs	(22.01847 secs)	0.91747	0.680368
376/500	0.14/0.20	2669.931 secs	(22.55393 secs)	0.95571	0.6724121
376/500	0.15/0.20	2691.95 secs	(22.01913 secs)	0.96257	0.663945
376/500	0.16/0.20	2714.659 secs	(22.70902 secs)	0.98869	0.6535672
376/500	0.17/0.20	2736.969 secs	(22.3094 secs)	0.98857	0.6420234
376/500	0.18/0.20	2759.696 secs	(22.72737 secs)	0.99334	0.6337694
376/500	0.19/0.20	2782.394 secs	(22.69771 secs)	0.9851	0.6241298
376/500	0.20/0.20	2804.352 secs	(21.95776 secs)	0.98565	0.6142058


377/500	0.00/0.20	2826.256 secs	(21.90439 secs)	0.0045	0.764
377/500	0.01/0.20	2847.713 secs	(21.45651 secs)	0.00653	0.7683031
377/500	0.02/0.20	2869.735 secs	(22.02217 secs)	0.01085	0.7669529
377/500	0.03/0.20	2892.081 secs	(22.34659 secs)	0.02524	0.7695768
377/500	0.04/0.20	2913.678 secs	(21.59691 secs)	0.0531	0.7599357
377/500	0.05/0.20	2935.526 secs	(21.84763 secs)	0.15286	0.7433802
377/500	0.06/0.20	2957.673 secs	(22.14687 secs)	0.22713	0.7364053
377/500	0.07/0.20	2980.149 secs	(22.47588 secs)	0.34326	0.7273749
377/500	0.08/0.20	3002.439 secs	(22.29011 secs)	0.51077	0.7205138
377/500	0.09/0.20	3025.027 secs	(22.58814 secs)	0.6691	0.7080949
377/500	0.10/0.20	3047.439 secs	(22.41259 secs)	0.73902	0.7022681
377/500	0.11/0.20	3069.657 secs	(22.21744 secs)	0.86903	0.6960577
377/500	0.12/0.20	3091.735 secs	(22.07818 secs)	0.8966	0.6895881
377/500	0.13/0.20	3114.431 secs	(22.69607 secs)	0.94189	0.6819972
377/500	0.14/0.20	3136.592 secs	(22.16134 secs)	0.9414	0.6736766
377/500	0.15/0.20	3159.055 secs	(22.46208 secs)	0.96968	0.6631817
377/500	0.16/0.20	3181.01 secs	(21.95582 secs)	0.96641	0.6533703
377/500	0.17/0.20	3203.571 secs	(22.56013 secs)	0.97011	0.6424631
377/500	0.18/0.20	3225.639 secs	(22.0684 secs)	0.99315	0.6314395
377/500	0.19/0.20	3248.33 secs	(22.69087 secs)	0.98452	0.6254515
377/500	0.20/0.20	3270.527 secs	(22.19721 secs)	0.99599	0.61201


378/500	0.00/0.20	3292.297 secs	(21.77005 secs)	0.00438	0.758
378/500	0.01/0.20	3313.687 secs	(21.39003 secs)	0.00674	0.7625483
378/500	0.02/0.20	3335.232 secs	(21.54466 secs)	0.01417	0.7680924
378/500	0.03/0.20	3357.157 secs	(21.92547 secs)	0.03053	0.757423
378/500	0.04/0.20	3378.885 secs	(21.7275 secs)	0.05702	0.7569712
378/500	0.05/0.20	3401.21 secs	(22.32575 secs)	0.10691	0.7475707
378/500	0.06/0.20	3423.729 secs	(22.51828 secs)	0.2573	0.7387503
378/500	0.07/0.20	3446.544 secs	(22.81541 secs)	0.4194	0.725427
378/500	0.08/0.20	3469.447 secs	(22.90326 secs)	0.5326	0.7182835
378/500	0.09/0.20	3492.016 secs	(22.569 secs)	0.6641	0.7112366
378/500	0.10/0.20	3514.267 secs	(22.25074 secs)	0.76331	0.7035765
378/500	0.11/0.20	3536.666 secs	(22.39917 secs)	0.84199	0.697012
378/500	0.12/0.20	3558.923 secs	(22.25659 secs)	0.90042	0.6905241
378/500	0.13/0.20	3581.296 secs	(22.37311 secs)	0.92094	0.684875
378/500	0.14/0.20	3603.702 secs	(22.40624 secs)	0.97275	0.6725348
378/500	0.15/0.20	3626.104 secs	(22.40198 secs)	0.97357	0.6634077
378/500	0.16/0.20	3648.486 secs	(22.38125 secs)	0.96515	0.6531057
378/500	0.17/0.20	3670.787 secs	(22.30173 secs)	0.97901	0.6440099
378/500	0.18/0.20	3692.875 secs	(22.08735 secs)	0.98279	0.6323991
378/500	0.19/0.20	3715.365 secs	(22.48998 secs)	0.99509	0.6241417
378/500	0.20/0.20	3737.369 secs	(22.00454 secs)	0.98656	0.6128092


379/500	0.00/0.20	3759.519 secs	(22.15015 secs)	0.00452	0.7583333
379/500	0.01/0.20	3781.29 secs	(21.77054 secs)	0.00684	0.766586
379/500	0.02/0.20	3803.293 secs	(22.00359 secs)	0.01025	0.761032
379/500	0.03/0.20	3825.336 secs	(22.0424 secs)	0.02964	0.7651093
379/500	0.04/0.20	3847.16 secs	(21.82437 secs)	0.06211	0.7654207
379/500	0.05/0.20	3869.285 secs	(22.12463 secs)	0.11247	0.7506764
379/500	0.06/0.20	3891.66 secs	(22.37477 secs)	0.22755	0.7342515
379/500	0.07/0.20	3913.783 secs	(22.12368 secs)	0.40198	0.7278866
379/500	0.08/0.20	3936.327 secs	(22.54368 secs)	0.56807	0.7205351
379/500	0.09/0.20	3959.046 secs	(22.71865 secs)	0.67221	0.7099796
379/500	0.10/0.20	3981.857 secs	(22.81094 secs)	0.75079	0.707074
379/500	0.11/0.20	4004.294 secs	(22.43753 secs)	0.8428	0.6986167
379/500	0.12/0.20	4026.936 secs	(22.64181 secs)	0.88015	0.6902737
379/500	0.13/0.20	4049.093 secs	(22.15688 secs)	0.92831	0.6831742
379/500	0.14/0.20	4071.585 secs	(22.49247 secs)	0.95149	0.6712299
379/500	0.15/0.20	4094.142 secs	(22.55683 secs)	0.9527	0.6632381
379/500	0.16/0.20	4116.442 secs	(22.30015 secs)	0.9852	0.6516022
379/500	0.17/0.20	4139.068 secs	(22.6257 secs)	0.98002	0.6423572
379/500	0.18/0.20	4161.286 secs	(22.21804 secs)	0.99345	0.633525
379/500	0.19/0.20	4183.592 secs	(22.30567 secs)	0.98491	0.6232035
379/500	0.20/0.20	4206.199 secs	(22.60711 secs)	0.9963	0.6135279


380/500	0.00/0.20	4228.569 secs	(22.37058 secs)	0.00466	0.771
380/500	0.01/0.20	4250.512 secs	(21.94318 secs)	0.00679	0.7642185
380/500	0.02/0.20	4272.325 secs	(21.81248 secs)	0.0109	0.7601159
380/500	0.03/0.20	4294.923 secs	(22.59836 secs)	0.02605	0.7639584
380/500	0.04/0.20	4317.214 secs	(22.29083 secs)	0.05109	0.7544544
380/500	0.05/0.20	4339.218 secs	(22.00425 secs)	0.0978	0.7546453
380/500	0.06/0.20	4361.906 secs	(22.68738 secs)	0.22918	0.7407451
380/500	0.07/0.20	4384.119 secs	(22.21304 secs)	0.34455	0.7319286
380/500	0.08/0.20	4406.343 secs	(22.2244 secs)	0.51667	0.7193445
380/500	0.09/0.20	4429.655 secs	(23.31173 secs)	0.60764	0.7105297
380/500	0.10/0.20	4452.054 secs	(22.39953 secs)	0.75581	0.7042758
380/500	0.11/0.20	4474.397 secs	(22.34296 secs)	0.82034	0.7006101
380/500	0.12/0.20	4496.88 secs	(22.48249 secs)	0.88427	0.690286
380/500	0.13/0.20	4519.285 secs	(22.40534 secs)	0.91195	0.6801345
380/500	0.14/0.20	4541.504 secs	(22.219 secs)	0.96341	0.6713187
380/500	0.15/0.20	4563.421 secs	(21.9172 secs)	0.98382	0.6615812
380/500	0.16/0.20	4585.905 secs	(22.48365 secs)	0.96807	0.6552893
380/500	0.17/0.20	4608.408 secs	(22.50247 secs)	0.95224	0.6438166
380/500	0.18/0.20	4630.797 secs	(22.38945 secs)	0.97377	0.6305897
380/500	0.19/0.20	4653.766 secs	(22.96895 secs)	0.98472	0.6254147
380/500	0.20/0.20	4676.119 secs	(22.35338 secs)	0.97565	0.6140676


381/500	0.00/0.20	4697.848 secs	(21.72823 secs)	0.00452	0.765
381/500	0.01/0.20	4719.841 secs	(21.9937 secs)	0.00798	0.7706851
381/500	0.02/0.20	4741.716 secs	(21.87505 secs)	0.01151	0.7671952
381/500	0.03/0.20	4763.224 secs	(21.50731 secs)	0.02483	0.7600354
381/500	0.04/0.20	4784.99 secs	(21.76683 secs)	0.06445	0.7473008
381/500	0.05/0.20	4807.041 secs	(22.05026 secs)	0.12928	0.7488871
381/500	0.06/0.20	4829.495 secs	(22.45386 secs)	0.23195	0.7367518
381/500	0.07/0.20	4851.394 secs	(21.89956 secs)	0.3783	0.734936
381/500	0.08/0.20	4873.86 secs	(22.46561 secs)	0.51949	0.7144221
381/500	0.09/0.20	4895.943 secs	(22.08301 secs)	0.65692	0.7137355
381/500	0.10/0.20	4918.198 secs	(22.25503 secs)	0.7397	0.7043927
381/500	0.11/0.20	4940.565 secs	(22.36688 secs)	0.81756	0.6983426
381/500	0.12/0.20	4963.141 secs	(22.57588 secs)	0.89926	0.690075
381/500	0.13/0.20	4986.107 secs	(22.96692 secs)	0.92869	0.6794665
381/500	0.14/0.20	5008.276 secs	(22.16833 secs)	0.95086	0.6719297
381/500	0.15/0.20	5030.506 secs	(22.2301 secs)	0.9734	0.6618645
381/500	0.16/0.20	5052.605 secs	(22.099 secs)	0.98741	0.6532881
381/500	0.17/0.20	5075.127 secs	(22.52225 secs)	0.97198	0.643626
381/500	0.18/0.20	5097.335 secs	(22.20805 secs)	0.96375	0.6331967
381/500	0.19/0.20	5119.46 secs	(22.12483 secs)	0.99161	0.6230131
381/500	0.20/0.20	5141.96 secs	(22.49963 secs)	0.99568	0.6149327


382/500	0.00/0.20	5163.749 secs	(21.78939 secs)	0.00443	0.752
382/500	0.01/0.20	5185.77 secs	(22.02106 secs)	0.00667	0.7619587
382/500	0.02/0.20	5207.448 secs	(21.67784 secs)	0.0116	0.7609743
382/500	0.03/0.20	5229.198 secs	(21.75003 secs)	0.01958	0.7689561
382/500	0.04/0.20	5251.228 secs	(22.03009 secs)	0.05234	0.7587416
382/500	0.05/0.20	5273.463 secs	(22.23495 secs)	0.12788	0.7486872
382/500	0.06/0.20	5295.273 secs	(21.80967 secs)	0.19963	0.7339041
382/500	0.07/0.20	5317.797 secs	(22.52387 secs)	0.38005	0.7258962
382/500	0.08/0.20	5340.062 secs	(22.26496 secs)	0.4966	0.7207512
382/500	0.09/0.20	5362.065 secs	(22.00308 secs)	0.70076	0.7115204
382/500	0.10/0.20	5384.628 secs	(22.56376 secs)	0.74469	0.7045436
382/500	0.11/0.20	5406.913 secs	(22.28507 secs)	0.84569	0.694244
382/500	0.12/0.20	5430.283 secs	(23.36995 secs)	0.85976	0.6938095
382/500	0.13/0.20	5452.702 secs	(22.41812 secs)	0.92258	0.67992
382/500	0.14/0.20	5475.062 secs	(22.36014 secs)	0.96686	0.671729
382/500	0.15/0.20	5497.451 secs	(22.38977 secs)	0.97881	0.6624954
382/500	0.16/0.20	5519.486 secs	(22.03475 secs)	0.96793	0.6503138
382/500	0.17/0.20	5541.877 secs	(22.39116 secs)	0.97168	0.6433659
382/500	0.18/0.20	5564.19 secs	(22.31222 secs)	0.97425	0.6332754
382/500	0.19/0.20	5586.526 secs	(22.33645 secs)	0.985	0.6224391
382/500	0.20/0.20	5608.272 secs	(21.74595 secs)	0.99584	0.6141561


383/500	0.00/0.20	5629.675 secs	(21.40327 secs)	0.00437	0.7525
383/500	0.01/0.20	5652.009 secs	(22.33415 secs)	0.00632	0.7552019
383/500	0.02/0.20	5674.30 secs	(22.29109 secs)	0.01252	0.7706212
383/500	0.03/0.20	5696.006 secs	(21.70571 secs)	0.02539	0.758174
383/500	0.04/0.20	5718.222 secs	(22.21576 secs)	0.05257	0.755644
383/500	0.05/0.20	5740.783 secs	(22.56119 secs)	0.14248	0.7463579
383/500	0.06/0.20	5762.867 secs	(22.08402 secs)	0.22362	0.7370154
383/500	0.07/0.20	5784.754 secs	(21.88673 secs)	0.36597	0.7285254
383/500	0.08/0.20	5807.012 secs	(22.25823 secs)	0.52376	0.7128703
383/500	0.09/0.20	5829.026 secs	(22.01375 secs)	0.65957	0.7135938
383/500	0.10/0.20	5851.225 secs	(22.19919 secs)	0.76326	0.7035091
383/500	0.11/0.20	5873.558 secs	(22.33281 secs)	0.81309	0.6985049
383/500	0.12/0.20	5896.327 secs	(22.76954 secs)	0.90881	0.6914793
383/500	0.13/0.20	5918.348 secs	(22.02058 secs)	0.93763	0.6849199
383/500	0.14/0.20	5940.356 secs	(22.00837 secs)	0.95772	0.6712695
383/500	0.15/0.20	5962.884 secs	(22.5272 secs)	0.95359	0.6663329
383/500	0.16/0.20	5985.139 secs	(22.25561 secs)	0.96574	0.652414
383/500	0.17/0.20	6007.799 secs	(22.66028 secs)	0.9598	0.6447647
383/500	0.18/0.20	6030.701 secs	(22.9019 secs)	0.96359	0.6366348
383/500	0.19/0.20	6053.407 secs	(22.70535 secs)	0.99506	0.6243536
383/500	0.20/0.20	6075.754 secs	(22.34739 secs)	0.97661	0.6194078


384/500	0.00/0.20	6097.358 secs	(21.60371 secs)	0.00457	0.7665
384/500	0.01/0.20	6118.968 secs	(21.61037 secs)	0.00747	0.7631006
384/500	0.02/0.20	6141.088 secs	(22.11971 secs)	0.01221	0.7613605
384/500	0.03/0.20	6163.323 secs	(22.23468 secs)	0.02473	0.7625585
384/500	0.04/0.20	6185.668 secs	(22.34596 secs)	0.04989	0.7455866
384/500	0.05/0.20	6208.04 secs	(22.37177 secs)	0.13988	0.7482933
384/500	0.06/0.20	6230.05 secs	(22.0101 secs)	0.22198	0.7361979
384/500	0.07/0.20	6252.152 secs	(22.10127 secs)	0.38348	0.7250401
384/500	0.08/0.20	6274.116 secs	(21.96418 secs)	0.48985	0.7179934
384/500	0.09/0.20	6296.388 secs	(22.2722 secs)	0.62883	0.7109547
384/500	0.10/0.20	6318.412 secs	(22.02351 secs)	0.74492	0.7051832
384/500	0.11/0.20	6341.074 secs	(22.66233 secs)	0.80348	0.7045415
384/500	0.12/0.20	6363.41 secs	(22.3357 secs)	0.87658	0.690774
384/500	0.13/0.20	6386.314 secs	(22.90408 secs)	0.93077	0.6808839
384/500	0.14/0.20	6409.221 secs	(22.90731 secs)	0.92378	0.6735726
384/500	0.15/0.20	6432.221 secs	(23.00047 secs)	0.93179	0.6674347
384/500	0.16/0.20	6454.328 secs	(22.10705 secs)	0.96835	0.6558568
384/500	0.17/0.20	6476.584 secs	(22.25561 secs)	0.95137	0.6391878
384/500	0.18/0.20	6498.906 secs	(22.32146 secs)	0.99347	0.6329565
384/500	0.19/0.20	6521.075 secs	(22.16931 secs)	0.97524	0.6243179
384/500	0.20/0.20	6543.276 secs	(22.20154 secs)	0.9958	0.6119578


385/500	0.00/0.20	6564.885 secs	(21.60813 secs)	0.00456	0.7675
385/500	0.01/0.20	6587.086 secs	(22.20125 secs)	0.00634	0.7603205
385/500	0.02/0.20	6609.057 secs	(21.97159 secs)	0.01545	0.7634684
385/500	0.03/0.20	6630.868 secs	(21.81046 secs)	0.02725	0.760308
385/500	0.04/0.20	6653.417 secs	(22.54952 secs)	0.05745	0.7595982
385/500	0.05/0.20	6675.272 secs	(21.85471 secs)	0.12171	0.751382
385/500	0.06/0.20	6697.654 secs	(22.38154 secs)	0.23469	0.7383139
385/500	0.07/0.20	6719.688 secs	(22.0349 secs)	0.39941	0.7286137
385/500	0.08/0.20	6742.392 secs	(22.70303 secs)	0.5175	0.7190236
385/500	0.09/0.20	6764.141 secs	(21.74997 secs)	0.66754	0.7135491
385/500	0.10/0.20	6786.451 secs	(22.30993 secs)	0.76296	0.70387
385/500	0.11/0.20	6808.853 secs	(22.40146 secs)	0.84587	0.7001108
385/500	0.12/0.20	6831.94 secs	(23.08717 secs)	0.89557	0.688544
385/500	0.13/0.20	6854.898 secs	(22.95748 secs)	0.90789	0.682382
385/500	0.14/0.20	6877.257 secs	(22.3595 secs)	0.93892	0.6739721
385/500	0.15/0.20	6899.473 secs	(22.21549 secs)	0.93551	0.6641962
385/500	0.16/0.20	6921.914 secs	(22.44177 secs)	0.96708	0.6529052
385/500	0.17/0.20	6944.078 secs	(22.16367 secs)	0.99018	0.6415871
385/500	0.18/0.20	6966.838 secs	(22.76025 secs)	0.98298	0.6318533
385/500	0.19/0.20	6989.36 secs	(22.52202 secs)	0.95524	0.6279838
385/500	0.20/0.20	7011.738 secs	(22.37811 secs)	0.99669	0.6137542


386/500	0.00/0.20	7033.238 secs	(21.50007 secs)	0.00474	0.774
386/500	0.01/0.20	7054.906 secs	(21.66793 secs)	0.00654	0.7609543
386/500	0.02/0.20	7076.814 secs	(21.90798 secs)	0.01512	0.7629311
386/500	0.03/0.20	7098.69 secs	(21.87617 secs)	0.0273	0.7576522
386/500	0.04/0.20	7120.875 secs	(22.1848 secs)	0.06403	0.7588797
386/500	0.05/0.20	7143.188 secs	(22.31244 secs)	0.10505	0.7491224
386/500	0.06/0.20	7164.884 secs	(21.69638 secs)	0.23359	0.7385428
386/500	0.07/0.20	7187.784 secs	(22.90019 secs)	0.30523	0.7270754
386/500	0.08/0.20	7210.139 secs	(22.35478 secs)	0.55581	0.722437
386/500	0.09/0.20	7232.613 secs	(22.4744 secs)	0.60349	0.7101736
386/500	0.10/0.20	7254.901 secs	(22.288 secs)	0.77367	0.7047921
386/500	0.11/0.20	7277.641 secs	(22.73944 secs)	0.83831	0.700897
386/500	0.12/0.20	7299.691 secs	(22.04988 secs)	0.92391	0.6913161
386/500	0.13/0.20	7322.49 secs	(22.79877 secs)	0.93183	0.6800493
386/500	0.14/0.20	7345.442 secs	(22.95294 secs)	0.93925	0.6751761
386/500	0.15/0.20	7368.149 secs	(22.70614 secs)	0.97212	0.6644929
386/500	0.16/0.20	7390.236 secs	(22.08716 secs)	0.97731	0.6528335
386/500	0.17/0.20	7412.405 secs	(22.16948 secs)	0.9821	0.641866
386/500	0.18/0.20	7434.435 secs	(22.02965 secs)	0.99339	0.6322849
386/500	0.19/0.20	7456.649 secs	(22.21439 secs)	0.98505	0.6254556
386/500	0.20/0.20	7479.065 secs	(22.41544 secs)	0.98564	0.6165381


387/500	0.00/0.20	7501.133 secs	(22.06797 secs)	0.00435	0.7558333
387/500	0.01/0.20	7522.849 secs	(21.7164 secs)	0.0064	0.7675869
387/500	0.02/0.20	7544.865 secs	(22.01586 secs)	0.01211	0.7753986
387/500	0.03/0.20	7566.498 secs	(21.63297 secs)	0.02823	0.762883
387/500	0.04/0.20	7588.666 secs	(22.16785 secs)	0.05527	0.7592436
387/500	0.05/0.20	7610.562 secs	(21.89646 secs)	0.12793	0.7455079
387/500	0.06/0.20	7632.758 secs	(22.19609 secs)	0.20301	0.7386809
387/500	0.07/0.20	7655.05 secs	(22.29166 secs)	0.34838	0.7292484
387/500	0.08/0.20	7677.501 secs	(22.45138 secs)	0.52081	0.7181507
387/500	0.09/0.20	7699.902 secs	(22.4006 secs)	0.60068	0.7101418
387/500	0.10/0.20	7722.401 secs	(22.49943 secs)	0.77187	0.7067484
387/500	0.11/0.20	7744.666 secs	(22.26489 secs)	0.85429	0.6982891
387/500	0.12/0.20	7767.331 secs	(22.66441 secs)	0.90586	0.6897115
387/500	0.13/0.20	7789.344 secs	(22.01374 secs)	0.95248	0.6831594
387/500	0.14/0.20	7811.96 secs	(22.61531 secs)	0.94137	0.6738677
387/500	0.15/0.20	7833.874 secs	(21.91447 secs)	0.93493	0.6604803
387/500	0.16/0.20	7856.18 secs	(22.30585 secs)	0.95644	0.6529657
387/500	0.17/0.20	7878.302 secs	(22.12227 secs)	0.98903	0.6426561
387/500	0.18/0.20	7900.595 secs	(22.29262 secs)	0.9936	0.6327321
387/500	0.19/0.20	7922.69 secs	(22.0953 secs)	0.99499	0.6239053
387/500	0.20/0.20	7944.859 secs	(22.16902 secs)	0.9857	0.6184906


388/500	0.00/0.20	7966.911 secs	(22.05186 secs)	0.00441	0.7571667
388/500	0.01/0.20	7988.918 secs	(22.00724 secs)	0.00661	0.7657449
388/500	0.02/0.20	8010.545 secs	(21.6267 secs)	0.01229	0.7674903
388/500	0.03/0.20	8032.339 secs	(21.79402 secs)	0.02692	0.7720275
388/500	0.04/0.20	8054.406 secs	(22.06729 secs)	0.06522	0.7630452
388/500	0.05/0.20	8076.323 secs	(21.91695 secs)	0.11684	0.7481646
388/500	0.06/0.20	8098.788 secs	(22.46448 secs)	0.23314	0.7371444
388/500	0.07/0.20	8121.088 secs	(22.30023 secs)	0.37525	0.7251712
388/500	0.08/0.20	8143.73 secs	(22.64239 secs)	0.48935	0.7191076
388/500	0.09/0.20	8166.253 secs	(22.5225 secs)	0.66686	0.7129227
388/500	0.10/0.20	8188.179 secs	(21.92587 secs)	0.73127	0.7050555
388/500	0.11/0.20	8210.337 secs	(22.15781 secs)	0.83116	0.6980746
388/500	0.12/0.20	8233.118 secs	(22.78131 secs)	0.9236	0.6920113
388/500	0.13/0.20	8255.595 secs	(22.47722 secs)	0.94998	0.6816369
388/500	0.14/0.20	8277.879 secs	(22.2842 secs)	0.94341	0.6727846
388/500	0.15/0.20	8300.045 secs	(22.1655 secs)	0.9601	0.6664727
388/500	0.16/0.20	8322.457 secs	(22.41165 secs)	0.9883	0.6527613
388/500	0.17/0.20	8344.838 secs	(22.38157 secs)	0.99039	0.6430116
388/500	0.18/0.20	8367.12 secs	(22.28203 secs)	0.96388	0.6357162
388/500	0.19/0.20	8389.325 secs	(22.20511 secs)	0.99459	0.6237664
388/500	0.20/0.20	8411.58 secs	(22.2547 secs)	0.99584	0.6143572


389/500	0.00/0.20	8433.528 secs	(21.94821 secs)	0.00466	0.7693333
389/500	0.01/0.20	8455.175 secs	(21.64661 secs)	0.00686	0.7627081
389/500	0.02/0.20	8477.057 secs	(21.88262 secs)	0.01404	0.767692
389/500	0.03/0.20	8499.432 secs	(22.37455 secs)	0.03035	0.7587216
389/500	0.04/0.20	8521.494 secs	(22.06173 secs)	0.05177	0.7660747
389/500	0.05/0.20	8543.148 secs	(21.65408 secs)	0.11302	0.7441
389/500	0.06/0.20	8565.504 secs	(22.35655 secs)	0.20199	0.733107
389/500	0.07/0.20	8587.702 secs	(22.19784 secs)	0.35647	0.7246036
389/500	0.08/0.20	8609.945 secs	(22.24256 secs)	0.48331	0.7194196
389/500	0.09/0.20	8632.515 secs	(22.56993 secs)	0.67895	0.7095874
389/500	0.10/0.20	8655.264 secs	(22.74956 secs)	0.75018	0.7105244
389/500	0.11/0.20	8677.296 secs	(22.03176 secs)	0.84329	0.7004643
389/500	0.12/0.20	8699.347 secs	(22.05134 secs)	0.89206	0.6929655
389/500	0.13/0.20	8722.131 secs	(22.78407 secs)	0.92668	0.6836912
389/500	0.14/0.20	8744.852 secs	(22.72104 secs)	0.94185	0.6748187
389/500	0.15/0.20	8767.246 secs	(22.39323 secs)	0.97284	0.6619885
389/500	0.16/0.20	8789.50 secs	(22.25431 secs)	0.96486	0.6556196
389/500	0.17/0.20	8811.701 secs	(22.20109 secs)	0.99118	0.6416545
389/500	0.18/0.20	8833.77 secs	(22.06872 secs)	0.97388	0.6371546
389/500	0.19/0.20	8856.377 secs	(22.60682 secs)	0.97493	0.6261637
389/500	0.20/0.20	8879.002 secs	(22.62586 secs)	0.99654	0.6144503


390/500	0.00/0.20	8901.216 secs	(22.21321 secs)	0.00485	0.7803333
390/500	0.01/0.20	8923.423 secs	(22.20699 secs)	0.00672	0.758543
390/500	0.02/0.20	8945.386 secs	(21.96311 secs)	0.01137	0.7657867
390/500	0.03/0.20	8967.20 secs	(21.81415 secs)	0.0334	0.768132
390/500	0.04/0.20	8989.206 secs	(22.00632 secs)	0.05402	0.7616783
390/500	0.05/0.20	9011.553 secs	(22.34724 secs)	0.11923	0.7452307
390/500	0.06/0.20	9034.134 secs	(22.58045 secs)	0.2519	0.7331569
390/500	0.07/0.20	9056.42 secs	(22.28563 secs)	0.38117	0.7256488
390/500	0.08/0.20	9078.862 secs	(22.44286 secs)	0.53059	0.7166721
390/500	0.09/0.20	9100.945 secs	(22.08311 secs)	0.60851	0.7114827
390/500	0.10/0.20	9123.455 secs	(22.50911 secs)	0.76539	0.7029998
390/500	0.11/0.20	9145.501 secs	(22.046 secs)	0.82114	0.6988318
390/500	0.12/0.20	9167.88 secs	(22.37935 secs)	0.88098	0.6921491
390/500	0.13/0.20	9190.075 secs	(22.19478 secs)	0.93332	0.6802612
390/500	0.14/0.20	9212.517 secs	(22.44267 secs)	0.9454	0.6736334
390/500	0.15/0.20	9234.788 secs	(22.27063 secs)	0.97149	0.6626011
390/500	0.16/0.20	9257.428 secs	(22.63993 secs)	0.96707	0.6536934
390/500	0.17/0.20	9279.398 secs	(21.97046 secs)	0.98062	0.6449684
390/500	0.18/0.20	9301.836 secs	(22.43725 secs)	0.98274	0.6349949
390/500	0.19/0.20	9324.53 secs	(22.69432 secs)	0.99514	0.6242081
390/500	0.20/0.20	9346.90 secs	(22.37022 secs)	0.99678	0.6162629


391/500	0.00/0.20	9369.098 secs	(22.19783 secs)	0.00459	0.7685
391/500	0.01/0.20	9391.157 secs	(22.05854 secs)	0.0064	0.7470932
391/500	0.02/0.20	9413.033 secs	(21.87612 secs)	0.01273	0.7699486
391/500	0.03/0.20	9434.80 secs	(21.76775 secs)	0.02552	0.7726192
391/500	0.04/0.20	9456.466 secs	(21.66524 secs)	0.06136	0.7546178
391/500	0.05/0.20	9478.844 secs	(22.37814 secs)	0.12981	0.7514441
391/500	0.06/0.20	9500.748 secs	(21.90441 secs)	0.22764	0.7377967
391/500	0.07/0.20	9524.168 secs	(23.4199 secs)	0.33997	0.7230639
391/500	0.08/0.20	9548.09 secs	(23.92197 secs)	0.50817	0.7168915
391/500	0.09/0.20	9570.66 secs	(22.56948 secs)	0.66427	0.7132495
391/500	0.10/0.20	9594.229 secs	(23.56904 secs)	0.80067	0.7066198
391/500	0.11/0.20	9618.406 secs	(24.17728 secs)	0.83849	0.7013603
391/500	0.12/0.20	9641.381 secs	(22.97551 secs)	0.88361	0.6914227
391/500	0.13/0.20	9664.296 secs	(22.91495 secs)	0.92213	0.6828991
391/500	0.14/0.20	9686.552 secs	(22.25529 secs)	0.95526	0.6716167
391/500	0.15/0.20	9709.183 secs	(22.63136 secs)	0.9606	0.6632728
391/500	0.16/0.20	9731.765 secs	(22.58165 secs)	0.95428	0.6523394
391/500	0.17/0.20	9753.942 secs	(22.17717 secs)	0.98163	0.6425112
391/500	0.18/0.20	9776.31 secs	(22.36819 secs)	0.97379	0.6334808
391/500	0.19/0.20	9798.494 secs	(22.18376 secs)	0.98505	0.6260333
391/500	0.20/0.20	9820.653 secs	(22.15923 secs)	0.99689	0.6130804


392/500	0.00/0.20	9842.909 secs	(22.25589 secs)	0.00446	0.7613333
392/500	0.01/0.20	9864.566 secs	(21.65677 secs)	0.00744	0.7754043
392/500	0.02/0.20	9886.422 secs	(21.85637 secs)	0.01062	0.7593568
392/500	0.03/0.20	9908.205 secs	(21.78327 secs)	0.0269	0.7659967
392/500	0.04/0.20	9930.705 secs	(22.49955 secs)	0.0562	0.7591024
392/500	0.05/0.20	9952.74 secs	(22.03485 secs)	0.11545	0.7518125
392/500	0.06/0.20	9974.74 secs	(22.00045 secs)	0.22247	0.7357465
392/500	0.07/0.20	9996.98 secs	(22.24026 secs)	0.4259	0.7273395
392/500	0.08/0.20	10019.24 secs	(22.25986 secs)	0.54661	0.7211773
392/500	0.09/0.20	10041.89 secs	(22.65261 secs)	0.66021	0.7145813
392/500	0.10/0.20	10064.16 secs	(22.26566 secs)	0.77911	0.7105235
392/500	0.11/0.20	10086.15 secs	(21.99156 secs)	0.85682	0.6983835
392/500	0.12/0.20	10108.39 secs	(22.23611 secs)	0.85453	0.6931968
392/500	0.13/0.20	10130.69 secs	(22.30291 secs)	0.9611	0.6799877
392/500	0.14/0.20	10153.15 secs	(22.45866 secs)	0.9382	0.6721945
392/500	0.15/0.20	10175.37 secs	(22.22266 secs)	0.96619	0.6624327
392/500	0.16/0.20	10197.71 secs	(22.33556 secs)	0.98783	0.6524123
392/500	0.17/0.20	10220.04 secs	(22.3363 secs)	0.99174	0.6451338
392/500	0.18/0.20	10242.21 secs	(22.16848 secs)	0.99249	0.633311
392/500	0.19/0.20	10264.47 secs	(22.25775 secs)	0.98453	0.6257203
392/500	0.20/0.20	10287.05 secs	(22.58492 secs)	0.98528	0.6148633


393/500	0.00/0.20	10309.32 secs	(22.26304 secs)	0.00457	0.7636667
393/500	0.01/0.20	10330.86 secs	(21.54309 secs)	0.00662	0.7689886
393/500	0.02/0.20	10353.03 secs	(22.17211 secs)	0.01323	0.761037
393/500	0.03/0.20	10378.63 secs	(25.59441 secs)	0.02238	0.7536312
393/500	0.04/0.20	10400.33 secs	(21.7062 secs)	0.04173	0.7632483
393/500	0.05/0.20	10422.31 secs	(21.97342 secs)	0.11479	0.7407744
393/500	0.06/0.20	10444.65 secs	(22.34253 secs)	0.19411	0.7385674
393/500	0.07/0.20	10467.32 secs	(22.67062 secs)	0.40036	0.7307612
393/500	0.08/0.20	10489.47 secs	(22.14905 secs)	0.48797	0.7245124
393/500	0.09/0.20	10512.34 secs	(22.87406 secs)	0.63727	0.7124346
393/500	0.10/0.20	10534.84 secs	(22.49859 secs)	0.76829	0.7098209
393/500	0.11/0.20	10557.10 secs	(22.25893 secs)	0.83874	0.6979551
393/500	0.12/0.20	10579.65 secs	(22.54574 secs)	0.87857	0.6936266
393/500	0.13/0.20	10602.16 secs	(22.51804 secs)	0.92963	0.6820678
393/500	0.14/0.20	10624.67 secs	(22.50282 secs)	0.91884	0.6774851
393/500	0.15/0.20	10646.80 secs	(22.13575 secs)	0.97356	0.663599
393/500	0.16/0.20	10669.25 secs	(22.4493 secs)	0.97358	0.6529407
393/500	0.17/0.20	10691.47 secs	(22.21441 secs)	0.99178	0.6435714
393/500	0.18/0.20	10714.17 secs	(22.70108 secs)	0.99405	0.6341748
393/500	0.19/0.20	10736.54 secs	(22.37337 secs)	0.99523	0.6232689
393/500	0.20/0.20	10758.68 secs	(22.1436 secs)	0.99558	0.6137967


394/500	0.00/0.20	10780.66 secs	(21.97835 secs)	0.00447	0.760
394/500	0.01/0.20	10802.52 secs	(21.85329 secs)	0.00676	0.7595775
394/500	0.02/0.20	10824.06 secs	(21.54066 secs)	0.01151	0.7589954
394/500	0.03/0.20	10845.96 secs	(21.90558 secs)	0.0245	0.7636715
394/500	0.04/0.20	10868.10 secs	(22.13574 secs)	0.05875	0.7543719
394/500	0.05/0.20	10890.44 secs	(22.33911 secs)	0.11622	0.7480271
394/500	0.06/0.20	10912.40 secs	(21.96741 secs)	0.22838	0.7330082
394/500	0.07/0.20	10934.60 secs	(22.19304 secs)	0.39413	0.7259925
394/500	0.08/0.20	10957.41 secs	(22.81623 secs)	0.51331	0.719725
394/500	0.09/0.20	10979.51 secs	(22.09581 secs)	0.70177	0.7109927
394/500	0.10/0.20	11002.39 secs	(22.88452 secs)	0.73557	0.7070868
394/500	0.11/0.20	11024.80 secs	(22.40484 secs)	0.83099	0.69899
394/500	0.12/0.20	11046.81 secs	(22.01055 secs)	0.83127	0.690506
394/500	0.13/0.20	11069.45 secs	(22.64399 secs)	0.95684	0.6820177
394/500	0.14/0.20	11092.04 secs	(22.58993 secs)	0.9275	0.6757342
394/500	0.15/0.20	11114.39 secs	(22.34355 secs)	0.94848	0.6576859
394/500	0.16/0.20	11136.68 secs	(22.29466 secs)	0.9833	0.651625
394/500	0.17/0.20	11159.10 secs	(22.4173 secs)	0.9812	0.6431064
394/500	0.18/0.20	11181.21 secs	(22.11386 secs)	0.97281	0.6352587
394/500	0.19/0.20	11203.76 secs	(22.54692 secs)	0.99395	0.6225285
394/500	0.20/0.20	11226.11 secs	(22.35175 secs)	0.9958	0.6179466


395/500	0.00/0.20	11248.16 secs	(22.04759 secs)	0.00446	0.7606667
395/500	0.01/0.20	11269.67 secs	(21.51624 secs)	0.00736	0.7600227
395/500	0.02/0.20	11291.13 secs	(21.45503 secs)	0.00986	0.765823
395/500	0.03/0.20	11313.24 secs	(22.10933 secs)	0.02437	0.7732373
395/500	0.04/0.20	11335.07 secs	(21.83368 secs)	0.05992	0.7647917
395/500	0.05/0.20	11357.64 secs	(22.57084 secs)	0.11487	0.7497778
395/500	0.06/0.20	11380.03 secs	(22.38731 secs)	0.23885	0.7371779
395/500	0.07/0.20	11402.78 secs	(22.74769 secs)	0.35276	0.7251348
395/500	0.08/0.20	11425.25 secs	(22.47208 secs)	0.52312	0.7179134
395/500	0.09/0.20	11447.47 secs	(22.2208 secs)	0.63492	0.7101591
395/500	0.10/0.20	11469.70 secs	(22.22655 secs)	0.74645	0.7090218
395/500	0.11/0.20	11492.18 secs	(22.48306 secs)	0.84128	0.6961841
395/500	0.12/0.20	11514.55 secs	(22.36811 secs)	0.86968	0.6893603
395/500	0.13/0.20	11536.92 secs	(22.37111 secs)	0.93638	0.6835822
395/500	0.14/0.20	11559.55 secs	(22.6342 secs)	0.9536	0.6732293
395/500	0.15/0.20	11581.95 secs	(22.39176 secs)	0.94188	0.6562719
395/500	0.16/0.20	11604.07 secs	(22.12464 secs)	0.97693	0.6532238
395/500	0.17/0.20	11626.03 secs	(21.96234 secs)	0.96621	0.6410299
395/500	0.18/0.20	11648.97 secs	(22.93607 secs)	0.98309	0.6350699
395/500	0.19/0.20	11671.16 secs	(22.18707 secs)	0.98507	0.6255248
395/500	0.20/0.20	11693.52 secs	(22.35881 secs)	0.98594	0.6168334


396/500	0.00/0.20	11715.75 secs	(22.23519 secs)	0.0047	0.7723333
396/500	0.01/0.20	11737.31 secs	(21.56084 secs)	0.00661	0.755386
396/500	0.02/0.20	11760.24 secs	(22.93002 secs)	0.01093	0.7542101
396/500	0.03/0.20	11781.97 secs	(21.72406 secs)	0.02835	0.7614683
396/500	0.04/0.20	11803.67 secs	(21.70583 secs)	0.0673	0.7504246
396/500	0.05/0.20	