
R version 4.3.0 (2023-04-21) -- "Already Tomorrow"
Copyright (C) 2023 The R Foundation for Statistical Computing
Platform: x86_64-pc-linux-gnu (64-bit)

R is free software and comes with ABSOLUTELY NO WARRANTY.
You are welcome to redistribute it under certain conditions.
Type 'license()' or 'licence()' for distribution details.

  Natural language support but running in an English locale

R is a collaborative project with many contributors.
Type 'contributors()' for more information and
'citation()' on how to cite R or R packages in publications.

Type 'demo()' for some demos, 'help()' for on-line help, or
'help.start()' for an HTML browser interface to help.
Type 'q()' to quit R.

> rm(list = ls())
> gc()
         used (Mb) gc trigger (Mb) max used (Mb)
Ncells 284765 15.3     664565 35.5   464468 24.9
Vcells 490458  3.8    8388608 64.0  1837328 14.1
> library(dplyr)

Attaching package: ‘dplyr’

The following objects are masked from ‘package:stats’:

    filter, lag

The following objects are masked from ‘package:base’:

    intersect, setdiff, setequal, union

> library(foreach)
> library(doParallel)
Loading required package: iterators
Loading required package: parallel
> 
> # Set up the number of cores used for parallelization.
> message(detectCores())
32
> num_cores <- 32
> registerDoParallel(num_cores)
> 
> #########################
> #### SEIR Simulation ####
> #########################
> time <- 365 # Number of days.
> inf <- 7 # Average infectious period length.
> N <- 1000 # Population size.
> 
> create_hh <- function() {
+   # Randomly sample household sizes such that total population is 1000 
+   # individuals.
+   hh_size <- sample(x = c(3, 4, 5, 6), size = 340, replace = T)
+   
+   # Keep households such that total population is < 1000.
+   hh_size <- hh_size[which(cumsum(hh_size) < N)]
+   
+   leftover <- N - sum(hh_size)
+   if (leftover < 3) {
+     hh <- 1:length(hh_size)
+     sampled <- sample(hh[hh_size < 6], leftover)
+     hh_size[sampled] <- hh_size[sampled] + 1
+   } else {
+     hh_size <- c(hh_size, leftover)
+   }
+   return(hh_size)
+ }
> 
> SEIR_mix <- function(params, inf = 7, verbose = F) {
+   hh_size <- create_hh()
+   
+   # Create frame for running the simulation.
+   # ID: ID of individual.
+   # SIZE: size of individual's household.
+   # HH: ID of individual's household.
+   # S: susceptibility status.
+   # E: exposed status.
+   # E_count: number of days since exposed.
+   # I: infectious status.
+   # I_count: number of days since infectious.
+   # R: recovered status.
+   # INC: incubation period.
+   # INF: infectious period.
+   data <- data.frame(ID = 1:N,
+                      SIZE = rep(hh_size, times = hh_size),
+                      HH = rep(1:length(hh_size), times = hh_size), 
+                      S = c(0, rep(1, N - 1)), 
+                      E = c(1, rep(0, N - 1)),
+                      E_count = c(1, rep(0, N - 1)), 
+                      I = 0,
+                      I_count = 0, 
+                      R = 0, 
+                      INC = c(rlnorm(1, meanlog = log(29.8), sdlog = 0.45), rep(0, N - 1)),
+                      INF = 0)
+   
+   # Create frame for storing results.
+   # ID: ID of individual.
+   # SIZE: size of individual's household.
+   # HH: ID of individual's household.
+   # TYPE: the kind of infection: household (H), community (C), or both (B).
+   # TIME: when the individual became infectious.
+   # S_NUM: number of susceptible people in individual's household when their 
+   #        infectious period begins.
+   # I_NUM: number of people in household that this individual infected over 
+   #        their infectious period.
+   results <- data[, 1:3] %>% mutate(TYPE = NA, TIME = NA, S_NUM = NA, I_NUM = 0)
+   results$TYPE[1] <- '0'
+   
+   for(t in 1:time) {
+     if (verbose) {
+       if (t %% 10 == 0) {
+         cat(paste0(t, ' '))
+       }
+     }
+     
+     # Anyone who has been infectious for as many days as their infectious period
+     # is now recovered.
+     recovered <- (data$INF > 0) & (data$I_count == data$INF)
+     if(sum(recovered, na.rm = T) > 0) {
+       data$R[recovered] <- 1
+       data$I[recovered] <- 0
+       data$I_count[recovered] <- 0 
+     }
+     
+     new_inf <- (data$INC > 0) & (data$E_count == data$INC)
+     num_new_inf <- sum(new_inf, na.rm = T)
+     if(num_new_inf > 0) {
+       # Change status to newly infectious and add infectious period.
+       data$I[new_inf] <- 1
+       random_inf <- rnorm(num_new_inf, mean = inf, sd = 1) %>% round()
+       data$INF[new_inf] <- random_inf
+       
+       # Remove exposure status and exposure count.
+       data$E[new_inf] <- 0
+       data$E_count[new_inf] <- 0 
+       
+       # Record time at which infectious period starts.
+       results$TIME[new_inf] <- t
+       
+       # Save the number of susceptible people in each infectious individual's 
+       # household.
+       S_data <- data %>% group_by(HH) %>% 
+         mutate(S_TOT = sum(S)) %>% 
+         select(HH, S_TOT)
+       results$S_NUM[new_inf == 1] <- S_data$S_TOT[new_inf == 1]
+     }
+     
+     # I_H is the number of infections inside each household.
+     # I_C is the number of infections outside each household.
+     I_data <- data %>% group_by(HH) %>% 
+       mutate(I_H = sum(I)) %>% 
+       ungroup() %>% 
+       mutate(I_C = sum(I) - I_H)
+     
+     beta_H <- params[1]
+     beta_C <- params[2]
+     beta_E <- params[3]
+     risk_H <- pmin(beta_H * data$S * I_data$I_H / N, 1)
+     risk_C <- pmin(beta_C * data$S * I_data$I_C / N, 1)
+     risk_E <- pmin(beta_E * data$S, 1)
+ 
+     new_inf_H <- rbinom(N, 1, risk_H)
+     new_inf_C <- rbinom(N, 1, risk_C)
+     new_inf_E <- rbinom(N, 1, risk_E)
+     new_exposed <- (new_inf_H == 1) | (new_inf_C == 1) | (new_inf_E == 1)
+     num_new_exposed <- sum(new_exposed, na.rm = T)
+     if (num_new_exposed > 0) {
+       # Change status to newly exposed and add incubation period.
+       data$E[new_exposed] <- 1
+       random_inc <- rlnorm(num_new_exposed, meanlog = log(29.8), sdlog = 0.45) %>% round()
+       data$INC[new_exposed] <- random_inc
+       
+       # Remove susceptible status.
+       data$S[new_exposed] <- 0
+       
+       # Get number of new infections in each household.
+       I_data <- I_data %>%
+         select(ID, HH, I, I_H) %>%
+         mutate(new_I_H = new_inf_H) %>%
+         group_by(HH) %>%
+         # Find households with at least 1 currently infectious individual. If 
+         # exactly 1 infectious individual in household, assign all new H 
+         # exposures to that individual. If there are multiple infectious 
+         # individuals, assign all infections to the infectious individual with 
+         # the first ID.
+         mutate(new_I_H = ifelse(I == 1 & ID == first(ID[I == 1]), 
+                                 sum(new_I_H), 0))
+       
+       results$I_NUM <- results$I_NUM + I_data$new_I_H
+       
+       # Label infections types.
+       results$TYPE[new_inf_H == 1] <- 'H'
+       results$TYPE[new_inf_C == 1] <- 'C'
+       results$TYPE[new_inf_E == 1] <- 'E'
+       results$TYPE[(new_inf_H == 1) & (new_inf_C == 1)] <- 'HC'
+       results$TYPE[(new_inf_H == 1) & (new_inf_E == 1)] <- 'HE'
+       results$TYPE[(new_inf_C == 1) & (new_inf_E == 1)] <- 'CE'
+       results$TYPE[(new_inf_H == 1) & (new_inf_C == 1) & (new_inf_E == 1)] <- 'HCE'
+     }
+     
+     # Increment exposure and infectious counters.
+     data$E_count[data$E == 1] <- data$E_count[data$E == 1] + 1
+     data$I_count[data$I == 1] <- data$I_count[data$I == 1] + 1
+   }
+   return(results)
+ }
> 
> metrics <- function(results) {
+   # Incidence is the proportion of the population that became infected.
+   idc <- mean(!is.na(results$TIME))
+   
+   # The SAR is the average SAR for each individual that was infectious.
+   sar <- mean(results$I_NUM / results$S_NUM, na.rm = T)
+   
+   # The proportion of cases caused by household infections.
+   cases <- results[!is.na(results$TIME), ]
+   prp <- mean((cases$TYPE != 'E') & (cases$TYPE != '0'))
+ 
+   return(c(idc, sar, prp))
+ }
> 
> beta_Hs <- seq(27, 30, 1) # 4
> beta_Cs <- seq(0, 0.005, 0.001) # 6
> beta_Es <- seq(0.00010, 0.00025, 0.00001) # 16
> 
> d_H <- length(beta_Hs)
> d_C <- length(beta_Cs)
> d_E <- length(beta_Es)
> 
> reps <- 200
> idcs <- array(rep(NA, d_H * d_C * d_E * reps), dim = c(d_H, d_C, d_E, reps))
> sars <- array(rep(NA, d_H * d_C * d_E * reps), dim = c(d_H, d_C, d_E, reps))
> prps <- array(rep(NA, d_H * d_C * d_E * reps), dim = c(d_H, d_C, d_E, reps))
> t_tot <- 0
> for (i in 1:d_H) {
+   for (j in 1:d_C) {
+     for (k in 1:d_E) {
+       beta_H <- beta_Hs[i]
+       beta_C <- beta_Cs[j]
+       beta_E <- beta_Es[k]
+       
+       params <- c(beta_H, beta_C, beta_E)
+       
+       cat(paste0(format(beta_H, nsmall = 0), '/29\t', 
+                  format(beta_C, nsmall = 3), '/0.005\t',
+                  format(beta_E, nsmall = 5, scientific = F), '/0.00025\t'))
+         
+       t_0 <- Sys.time()
+       vals <- foreach (l = 1:reps, .combine = 'c') %dopar% {
+         results <- SEIR_mix(params) 
+         metrics(results)
+       }
+       t_1 <- Sys.time()
+       t_tot <- t_tot + (t_1 - t_0)
+         
+       cat(paste0(format(t_tot, nsmall = 2, digits = 4), '\t(', 
+                  format(t_1 - t_0, nsmall = 2, digits = 4), ')\t'))
+       
+       vals <- matrix(vals, reps, byrow = T)
+       idcs[i, j, k, ] <- vals[, 1]
+       sars[i, j, k, ] <- vals[, 2]
+       prps[i, j, k, ] <- vals[, 3]
+         
+       cat(paste0(format(round(mean(vals[, 1]), 3), nsmall = 3), '\t', 
+                  format(round(mean(vals[, 2]), 3), nsmall = 3), '\t', 
+                  format(round(mean(vals[, 3]), 3), nsmall = 3), '\n'))
+     }
+     cat('\n')
+     saveRDS(idcs, file = 'idcs.rds')
+     saveRDS(sars, file = 'sars.rds')
+     saveRDS(prps, file = 'prps.rds')
+     
+     write.table(idcs, file = 'idcs.txt', row.names = F, col.names = F)
+     write.table(sars, file = 'sars.txt', row.names = F, col.names = F)
+     write.table(prps, file = 'prps.txt', row.names = F, col.names = F)
+   }
+   message('\n')
+ }
27/29	0.000/0.005	0.00010/0.00025	1.32 mins	(1.32 mins)	0.059	0.168	0.447
27/29	0.000/0.005	0.00011/0.00025	2.66 mins	(1.34 mins)	0.065	0.170	0.449
27/29	0.000/0.005	0.00012/0.00025	4.054 mins	(1.394 mins)	0.071	0.173	0.450
27/29	0.000/0.005	0.00013/0.00025	5.515 mins	(1.461 mins)	0.076	0.166	0.444
27/29	0.000/0.005	0.00014/0.00025	7.008 mins	(1.493 mins)	0.079	0.168	0.444
27/29	0.000/0.005	0.00015/0.00025	8.523 mins	(1.516 mins)	0.087	0.170	0.452
27/29	0.000/0.005	0.00016/0.00025	10.07 mins	(1.547 mins)	0.094	0.171	0.454
27/29	0.000/0.005	0.00017/0.00025	11.68 mins	(1.611 mins)	0.098	0.168	0.446
27/29	0.000/0.005	0.00018/0.00025	13.33 mins	(1.647 mins)	0.102	0.170	0.447
27/29	0.000/0.005	0.00019/0.00025	15.00 mins	(1.676 mins)	0.109	0.171	0.448
27/29	0.000/0.005	0.00020/0.00025	16.72 mins	(1.712 mins)	0.115	0.172	0.452
27/29	0.000/0.005	0.00021/0.00025	18.46 mins	(1.749 mins)	0.118	0.171	0.444
27/29	0.000/0.005	0.00022/0.00025	20.21 mins	(1.746 mins)	0.124	0.171	0.445
27/29	0.000/0.005	0.00023/0.00025	21.99 mins	(1.782 mins)	0.127	0.166	0.436
27/29	0.000/0.005	0.00024/0.00025	23.82 mins	(1.824 mins)	0.135	0.172	0.446
27/29	0.000/0.005	0.00025/0.00025	25.67 mins	(1.858 mins)	0.141	0.170	0.441

27/29	0.001/0.005	0.00010/0.00025	27.04 mins	(1.362 mins)	0.061	0.172	0.461
27/29	0.001/0.005	0.00011/0.00025	28.41 mins	(1.369 mins)	0.067	0.177	0.466
27/29	0.001/0.005	0.00012/0.00025	29.80 mins	(1.395 mins)	0.072	0.175	0.463
27/29	0.001/0.005	0.00013/0.00025	31.26 mins	(1.463 mins)	0.077	0.165	0.448
27/29	0.001/0.005	0.00014/0.00025	32.75 mins	(1.492 mins)	0.084	0.173	0.463
27/29	0.001/0.005	0.00015/0.00025	34.29 mins	(1.538 mins)	0.089	0.173	0.465
27/29	0.001/0.005	0.00016/0.00025	35.87 mins	(1.575 mins)	0.092	0.170	0.455
27/29	0.001/0.005	0.00017/0.00025	37.45 mins	(1.583 mins)	0.099	0.172	0.452
27/29	0.001/0.005	0.00018/0.00025	39.11 mins	(1.662 mins)	0.103	0.171	0.451
27/29	0.001/0.005	0.00019/0.00025	40.79 mins	(1.681 mins)	0.111	0.169	0.450
27/29	0.001/0.005	0.00020/0.00025	42.49 mins	(1.696 mins)	0.115	0.170	0.452
27/29	0.001/0.005	0.00021/0.00025	44.23 mins	(1.737 mins)	0.121	0.170	0.451
27/29	0.001/0.005	0.00022/0.00025	46.00 mins	(1.775 mins)	0.126	0.171	0.452
27/29	0.001/0.005	0.00023/0.00025	47.81 mins	(1.806 mins)	0.131	0.170	0.451
27/29	0.001/0.005	0.00024/0.00025	49.68 mins	(1.872 mins)	0.135	0.171	0.447
27/29	0.001/0.005	0.00025/0.00025	51.53 mins	(1.851 mins)	0.140	0.170	0.447

27/29	0.002/0.005	0.00010/0.00025	52.88 mins	(1.348 mins)	0.061	0.171	0.463
27/29	0.002/0.005	0.00011/0.00025	54.28 mins	(1.40 mins)	0.067	0.171	0.462
27/29	0.002/0.005	0.00012/0.00025	55.70 mins	(1.416 mins)	0.072	0.168	0.459
27/29	0.002/0.005	0.00013/0.00025	57.18 mins	(1.48 mins)	0.078	0.168	0.461
27/29	0.002/0.005	0.00014/0.00025	58.67 mins	(1.49 mins)	0.084	0.170	0.463
27/29	0.002/0.005	0.00015/0.00025	60.18 mins	(1.513 mins)	0.089	0.168	0.454
27/29	0.002/0.005	0.00016/0.00025	61.73 mins	(1.552 mins)	0.094	0.172	0.458
27/29	0.002/0.005	0.00017/0.00025	63.34 mins	(1.607 mins)	0.100	0.171	0.456
27/29	0.002/0.005	0.00018/0.00025	64.98 mins	(1.637 mins)	0.105	0.170	0.457
27/29	0.002/0.005	0.00019/0.00025	66.68 mins	(1.704 mins)	0.114	0.172	0.465
27/29	0.002/0.005	0.00020/0.00025	68.40 mins	(1.719 mins)	0.118	0.171	0.465
27/29	0.002/0.005	0.00021/0.00025	70.14 mins	(1.738 mins)	0.121	0.169	0.451
27/29	0.002/0.005	0.00022/0.00025	71.95 mins	(1.813 mins)	0.127	0.170	0.456
27/29	0.002/0.005	0.00023/0.00025	73.79 mins	(1.842 mins)	0.133	0.171	0.457
27/29	0.002/0.005	0.00024/0.00025	75.64 mins	(1.846 mins)	0.139	0.173	0.459
27/29	0.002/0.005	0.00025/0.00025	77.53 mins	(1.893 mins)	0.142	0.171	0.455

27/29	0.003/0.005	0.00010/0.00025	78.85 mins	(1.319 mins)	0.060	0.170	0.458
27/29	0.003/0.005	0.00011/0.00025	80.24 mins	(1.39 mins)	0.067	0.168	0.464
27/29	0.003/0.005	0.00012/0.00025	81.67 mins	(1.429 mins)	0.074	0.174	0.472
27/29	0.003/0.005	0.00013/0.00025	83.17 mins	(1.503 mins)	0.080	0.170	0.471
27/29	0.003/0.005	0.00014/0.00025	84.66 mins	(1.491 mins)	0.083	0.167	0.466
27/29	0.003/0.005	0.00015/0.00025	86.22 mins	(1.555 mins)	0.090	0.169	0.464
27/29	0.003/0.005	0.00016/0.00025	87.80 mins	(1.581 mins)	0.096	0.171	0.465
27/29	0.003/0.005	0.00017/0.00025	89.45 mins	(1.649 mins)	0.100	0.171	0.464
27/29	0.003/0.005	0.00018/0.00025	91.11 mins	(1.663 mins)	0.107	0.170	0.465
27/29	0.003/0.005	0.00019/0.00025	92.80 mins	(1.693 mins)	0.113	0.171	0.467
27/29	0.003/0.005	0.00020/0.00025	94.53 mins	(1.726 mins)	0.117	0.171	0.462
27/29	0.003/0.005	0.00021/0.00025	96.35 mins	(1.816 mins)	0.124	0.174	0.469
27/29	0.003/0.005	0.00022/0.00025	98.15 mins	(1.804 mins)	0.127	0.172	0.459
27/29	0.003/0.005	0.00023/0.00025	100.00 mins	(1.852 mins)	0.135	0.172	0.468
27/29	0.003/0.005	0.00024/0.00025	101.84 mins	(1.839 mins)	0.138	0.171	0.463
27/29	0.003/0.005	0.00025/0.00025	103.72 mins	(1.879 mins)	0.145	0.170	0.461

27/29	0.004/0.005	0.00010/0.00025	105.09 mins	(1.373 mins)	0.061	0.169	0.463
27/29	0.004/0.005	0.00011/0.00025	106.50 mins	(1.406 mins)	0.069	0.174	0.479
27/29	0.004/0.005	0.00012/0.00025	107.95 mins	(1.447 mins)	0.076	0.173	0.472
27/29	0.004/0.005	0.00013/0.00025	109.42 mins	(1.471 mins)	0.078	0.166	0.466
27/29	0.004/0.005	0.00014/0.00025	110.89 mins	(1.472 mins)	0.084	0.167	0.471
27/29	0.004/0.005	0.00015/0.00025	112.45 mins	(1.558 mins)	0.091	0.170	0.473
27/29	0.004/0.005	0.00016/0.00025	114.04 mins	(1.596 mins)	0.099	0.172	0.471
27/29	0.004/0.005	0.00017/0.00025	115.67 mins	(1.624 mins)	0.101	0.173	0.469
27/29	0.004/0.005	0.00018/0.00025	117.33 mins	(1.666 mins)	0.108	0.171	0.473
27/29	0.004/0.005	0.00019/0.00025	119.03 mins	(1.697 mins)	0.113	0.174	0.472
27/29	0.004/0.005	0.00020/0.00025	120.77 mins	(1.735 mins)	0.119	0.173	0.474
27/29	0.004/0.005	0.00021/0.00025	122.54 mins	(1.774 mins)	0.123	0.171	0.466
27/29	0.004/0.005	0.00022/0.00025	124.35 mins	(1.814 mins)	0.133	0.172	0.471
27/29	0.004/0.005	0.00023/0.00025	126.20 mins	(1.845 mins)	0.137	0.173	0.474
27/29	0.004/0.005	0.00024/0.00025	128.09 mins	(1.89 mins)	0.140	0.171	0.465
27/29	0.004/0.005	0.00025/0.00025	129.97 mins	(1.879 mins)	0.145	0.172	0.468

27/29	0.005/0.005	0.00010/0.00025	131.32 mins	(1.349 mins)	0.063	0.170	0.476
27/29	0.005/0.005	0.00011/0.00025	132.70 mins	(1.379 mins)	0.068	0.167	0.474
27/29	0.005/0.005	0.00012/0.00025	134.13 mins	(1.434 mins)	0.074	0.167	0.471
27/29	0.005/0.005	0.00013/0.00025	135.63 mins	(1.498 mins)	0.081	0.171	0.481
27/29	0.005/0.005	0.00014/0.00025	137.15 mins	(1.523 mins)	0.089	0.171	0.481
27/29	0.005/0.005	0.00015/0.00025	138.74 mins	(1.584 mins)	0.093	0.169	0.473
27/29	0.005/0.005	0.00016/0.00025	140.35 mins	(1.615 mins)	0.097	0.172	0.475
27/29	0.005/0.005	0.00017/0.00025	141.99 mins	(1.639 mins)	0.104	0.172	0.479
27/29	0.005/0.005	0.00018/0.00025	143.68 mins	(1.69 mins)	0.107	0.170	0.474
27/29	0.005/0.005	0.00019/0.00025	145.39 mins	(1.709 mins)	0.114	0.169	0.471
27/29	0.005/0.005	0.00020/0.00025	147.11 mins	(1.719 mins)	0.118	0.171	0.472
27/29	0.005/0.005	0.00021/0.00025	148.90 mins	(1.793 mins)	0.125	0.167	0.467
27/29	0.005/0.005	0.00022/0.00025	150.71 mins	(1.813 mins)	0.131	0.170	0.473
27/29	0.005/0.005	0.00023/0.00025	152.58 mins	(1.864 mins)	0.137	0.173	0.475
27/29	0.005/0.005	0.00024/0.00025	154.49 mins	(1.913 mins)	0.144	0.175	0.474
27/29	0.005/0.005	0.00025/0.00025	156.39 mins	(1.905 mins)	0.148	0.173	0.477



28/29	0.000/0.005	0.00010/0.00025	157.72 mins	(1.324 mins)	0.058	0.173	0.456
28/29	0.000/0.005	0.00011/0.00025	159.12 mins	(1.397 mins)	0.065	0.175	0.457
28/29	0.000/0.005	0.00012/0.00025	160.56 mins	(1.441 mins)	0.073	0.175	0.462
28/29	0.000/0.005	0.00013/0.00025	162.03 mins	(1.472 mins)	0.077	0.176	0.466
28/29	0.000/0.005	0.00014/0.00025	163.52 mins	(1.496 mins)	0.083	0.175	0.455
28/29	0.000/0.005	0.00015/0.00025	165.08 mins	(1.555 mins)	0.091	0.177	0.457
28/29	0.000/0.005	0.00016/0.00025	166.68 mins	(1.599 mins)	0.094	0.178	0.460
28/29	0.000/0.005	0.00017/0.00025	168.29 mins	(1.613 mins)	0.101	0.172	0.453
28/29	0.000/0.005	0.00018/0.00025	169.92 mins	(1.625 mins)	0.104	0.179	0.462
28/29	0.000/0.005	0.00019/0.00025	171.62 mins	(1.703 mins)	0.112	0.175	0.456
28/29	0.000/0.005	0.00020/0.00025	173.33 mins	(1.713 mins)	0.116	0.179	0.464
28/29	0.000/0.005	0.00021/0.00025	175.09 mins	(1.754 mins)	0.122	0.176	0.455
28/29	0.000/0.005	0.00022/0.00025	176.88 mins	(1.791 mins)	0.128	0.177	0.463
28/29	0.000/0.005	0.00023/0.00025	178.70 mins	(1.823 mins)	0.131	0.178	0.456
28/29	0.000/0.005	0.00024/0.00025	180.54 mins	(1.838 mins)	0.138	0.179	0.459
28/29	0.000/0.005	0.00025/0.00025	182.41 mins	(1.869 mins)	0.141	0.176	0.451

28/29	0.001/0.005	0.00010/0.00025	183.74 mins	(1.333 mins)	0.061	0.179	0.470
28/29	0.001/0.005	0.00011/0.00025	185.14 mins	(1.404 mins)	0.069	0.179	0.472
28/29	0.001/0.005	0.00012/0.00025	186.56 mins	(1.419 mins)	0.073	0.173	0.462
28/29	0.001/0.005	0.00013/0.00025	188.03 mins	(1.47 mins)	0.079	0.178	0.468
28/29	0.001/0.005	0.00014/0.00025	189.52 mins	(1.492 mins)	0.085	0.176	0.463
28/29	0.001/0.005	0.00015/0.00025	191.10 mins	(1.572 mins)	0.091	0.178	0.467
28/29	0.001/0.005	0.00016/0.00025	192.67 mins	(1.577 mins)	0.097	0.179	0.468
28/29	0.001/0.005	0.00017/0.00025	194.29 mins	(1.612 mins)	0.100	0.177	0.461
28/29	0.001/0.005	0.00018/0.00025	195.94 mins	(1.65 mins)	0.105	0.178	0.466
28/29	0.001/0.005	0.00019/0.00025	197.65 mins	(1.711 mins)	0.112	0.177	0.462
28/29	0.001/0.005	0.00020/0.00025	199.37 mins	(1.722 mins)	0.116	0.177	0.463
28/29	0.001/0.005	0.00021/0.00025	201.13 mins	(1.765 mins)	0.123	0.179	0.464
28/29	0.001/0.005	0.00022/0.00025	202.92 mins	(1.79 mins)	0.127	0.177	0.463
28/29	0.001/0.005	0.00023/0.00025	204.75 mins	(1.825 mins)	0.132	0.175	0.456
28/29	0.001/0.005	0.00024/0.00025	206.58 mins	(1.83 mins)	0.135	0.175	0.456
28/29	0.001/0.005	0.00025/0.00025	208.45 mins	(1.868 mins)	0.144	0.179	0.461

28/29	0.002/0.005	0.00010/0.00025	209.78 mins	(1.336 mins)	0.062	0.180	0.476
28/29	0.002/0.005	0.00011/0.00025	211.16 mins	(1.38 mins)	0.068	0.178	0.471
28/29	0.002/0.005	0.00012/0.00025	212.60 mins	(1.435 mins)	0.074	0.180	0.473
28/29	0.002/0.005	0.00013/0.00025	214.05 mins	(1.452 mins)	0.080	0.180	0.476
28/29	0.002/0.005	0.00014/0.00025	215.55 mins	(1.50 mins)	0.084	0.177	0.472
28/29	0.002/0.005	0.00015/0.00025	217.09 mins	(1.539 mins)	0.090	0.176	0.468
28/29	0.002/0.005	0.00016/0.00025	218.67 mins	(1.584 mins)	0.096	0.176	0.465
28/29	0.002/0.005	0.00017/0.00025	220.31 mins	(1.64 mins)	0.101	0.176	0.470
28/29	0.002/0.005	0.00018/0.00025	221.99 mins	(1.674 mins)	0.106	0.178	0.469
28/29	0.002/0.005	0.00019/0.00025	223.68 mins	(1.691 mins)	0.113	0.178	0.467
28/29	0.002/0.005	0.00020/0.00025	225.44 mins	(1.759 mins)	0.120	0.176	0.466
28/29	0.002/0.005	0.00021/0.00025	227.16 mins	(1.72 mins)	0.123	0.178	0.469
28/29	0.002/0.005	0.00022/0.00025	228.94 mins	(1.781 mins)	0.129	0.177	0.466
28/29	0.002/0.005	0.00023/0.00025	230.79 mins	(1.849 mins)	0.133	0.176	0.464
28/29	0.002/0.005	0.00024/0.00025	232.63 mins	(1.841 mins)	0.139	0.180	0.466
28/29	0.002/0.005	0.00025/0.00025	234.52 mins	(1.897 mins)	0.144	0.175	0.465

28/29	0.003/0.005	0.00010/0.00025	235.88 mins	(1.352 mins)	0.062	0.172	0.463
28/29	0.003/0.005	0.00011/0.00025	237.26 mins	(1.38 mins)	0.067	0.171	0.466
28/29	0.003/0.005	0.00012/0.00025	238.71 mins	(1.455 mins)	0.074	0.175	0.472
28/29	0.003/0.005	0.00013/0.00025	240.20 mins	(1.487 mins)	0.082	0.179	0.484
28/29	0.003/0.005	0.00014/0.00025	241.74 mins	(1.543 mins)	0.086	0.176	0.478
28/29	0.003/0.005	0.00015/0.00025	243.33 mins	(1.594 mins)	0.092	0.177	0.481
28/29	0.003/0.005	0.00016/0.00025	244.99 mins	(1.659 mins)	0.096	0.178	0.475
28/29	0.003/0.005	0.00017/0.00025	246.72 mins	(1.726 mins)	0.102	0.175	0.469
28/29	0.003/0.005	0.00018/0.00025	248.56 mins	(1.837 mins)	0.108	0.176	0.471
28/29	0.003/0.005	0.00019/0.00025	250.31 mins	(1.75 mins)	0.113	0.174	0.473
28/29	0.003/0.005	0.00020/0.00025	252.06 mins	(1.753 mins)	0.120	0.174	0.470
28/29	0.003/0.005	0.00021/0.00025	253.82 mins	(1.758 mins)	0.125	0.175	0.471
28/29	0.003/0.005	0.00022/0.00025	255.62 mins	(1.806 mins)	0.131	0.176	0.472
28/29	0.003/0.005	0.00023/0.00025	257.43 mins	(1.812 mins)	0.137	0.178	0.476
28/29	0.003/0.005	0.00024/0.00025	259.28 mins	(1.844 mins)	0.140	0.177	0.467
28/29	0.003/0.005	0.00025/0.00025	261.18 mins	(1.903 mins)	0.145	0.176	0.469

28/29	0.004/0.005	0.00010/0.00025	262.53 mins	(1.35 mins)	0.065	0.180	0.495
28/29	0.004/0.005	0.00011/0.00025	263.92 mins	(1.389 mins)	0.069	0.178	0.489
28/29	0.004/0.005	0.00012/0.00025	265.36 mins	(1.438 mins)	0.075	0.174	0.481
28/29	0.004/0.005	0.00013/0.00025	266.85 mins	(1.487 mins)	0.082	0.178	0.488
28/29	0.004/0.005	0.00014/0.00025	268.38 mins	(1.531 mins)	0.087	0.176	0.483
28/29	0.004/0.005	0.00015/0.00025	269.91 mins	(1.538 mins)	0.092	0.178	0.487
28/29	0.004/0.005	0.00016/0.00025	271.51 mins	(1.598 mins)	0.098	0.178	0.487
28/29	0.004/0.005	0.00017/0.00025	273.15 mins	(1.64 mins)	0.104	0.177	0.482
28/29	0.004/0.005	0.00018/0.00025	274.91 mins	(1.754 mins)	0.111	0.179	0.482
28/29	0.004/0.005	0.00019/0.00025	276.66 mins	(1.757 mins)	0.115	0.177	0.480
28/29	0.004/0.005	0.00020/0.00025	278.43 mins	(1.769 mins)	0.123	0.180	0.484
28/29	0.004/0.005	0.00021/0.00025	280.21 mins	(1.777 mins)	0.128	0.176	0.478
28/29	0.004/0.005	0.00022/0.00025	282.00 mins	(1.795 mins)	0.129	0.174	0.473
28/29	0.004/0.005	0.00023/0.00025	283.87 mins	(1.865 mins)	0.136	0.176	0.474
28/29	0.004/0.005	0.00024/0.00025	285.75 mins	(1.885 mins)	0.143	0.174	0.471
28/29	0.004/0.005	0.00025/0.00025	287.70 mins	(1.947 mins)	0.149	0.178	0.482

28/29	0.005/0.005	0.00010/0.00025	289.04 mins	(1.334 mins)	0.064	0.179	0.493
28/29	0.005/0.005	0.00011/0.00025	290.45 mins	(1.412 mins)	0.070	0.177	0.489
28/29	0.005/0.005	0.00012/0.00025	291.91 mins	(1.466 mins)	0.077	0.178	0.497
28/29	0.005/0.005	0.00013/0.00025	293.44 mins	(1.526 mins)	0.084	0.176	0.490
28/29	0.005/0.005	0.00014/0.00025	294.97 mins	(1.528 mins)	0.087	0.179	0.490
28/29	0.005/0.005	0.00015/0.00025	296.55 mins	(1.579 mins)	0.093	0.178	0.487
28/29	0.005/0.005	0.00016/0.00025	298.15 mins	(1.597 mins)	0.099	0.178	0.491
28/29	0.005/0.005	0.00017/0.00025	299.78 mins	(1.633 mins)	0.104	0.177	0.487
28/29	0.005/0.005	0.00018/0.00025	301.49 mins	(1.711 mins)	0.111	0.178	0.483
28/29	0.005/0.005	0.00019/0.00025	303.20 mins	(1.715 mins)	0.117	0.175	0.485
28/29	0.005/0.005	0.00020/0.00025	304.95 mins	(1.749 mins)	0.121	0.177	0.482
28/29	0.005/0.005	0.00021/0.00025	306.72 mins	(1.769 mins)	0.127	0.173	0.477
28/29	0.005/0.005	0.00022/0.00025	308.52 mins	(1.803 mins)	0.132	0.178	0.484
28/29	0.005/0.005	0.00023/0.00025	310.38 mins	(1.854 mins)	0.139	0.179	0.487
28/29	0.005/0.005	0.00024/0.00025	312.30 mins	(1.926 mins)	0.146	0.178	0.488
28/29	0.005/0.005	0.00025/0.00025	314.22 mins	(1.912 mins)	0.149	0.175	0.481



29/29	0.000/0.005	0.00010/0.00025	315.54 mins	(1.325 mins)	0.060	0.184	0.477
29/29	0.000/0.005	0.00011/0.00025	316.96 mins	(1.416 mins)	0.068	0.183	0.473
29/29	0.000/0.005	0.00012/0.00025	318.40 mins	(1.445 mins)	0.073	0.181	0.464
29/29	0.000/0.005	0.00013/0.00025	319.89 mins	(1.488 mins)	0.079	0.181	0.472
29/29	0.000/0.005	0.00014/0.00025	321.40 mins	(1.515 mins)	0.085	0.181	0.468
29/29	0.000/0.005	0.00015/0.00025	322.98 mins	(1.571 mins)	0.093	0.183	0.473
29/29	0.000/0.005	0.00016/0.00025	324.58 mins	(1.605 mins)	0.098	0.186	0.475
29/29	0.000/0.005	0.00017/0.00025	326.21 mins	(1.633 mins)	0.101	0.184	0.472
29/29	0.000/0.005	0.00018/0.00025	327.87 mins	(1.66 mins)	0.106	0.180	0.465
29/29	0.000/0.005	0.00019/0.00025	329.59 mins	(1.718 mins)	0.112	0.184	0.468
29/29	0.000/0.005	0.00020/0.00025	331.34 mins	(1.753 mins)	0.117	0.183	0.467
29/29	0.000/0.005	0.00021/0.00025	333.11 mins	(1.766 mins)	0.124	0.184	0.465
29/29	0.000/0.005	0.00022/0.00025	334.90 mins	(1.791 mins)	0.129	0.184	0.466
29/29	0.000/0.005	0.00023/0.00025	336.74 mins	(1.839 mins)	0.135	0.184	0.469
29/29	0.000/0.005	0.00024/0.00025	338.62 mins	(1.878 mins)	0.142	0.183	0.470
29/29	0.000/0.005	0.00025/0.00025	340.55 mins	(1.934 mins)	0.147	0.189	0.472

29/29	0.001/0.005	0.00010/0.00025	341.93 mins	(1.375 mins)	0.062	0.182	0.471
29/29	0.001/0.005	0.00011/0.00025	343.38 mins	(1.451 mins)	0.070	0.187	0.484
29/29	0.001/0.005	0.00012/0.00025	344.87 mins	(1.496 mins)	0.073	0.179	0.472
29/29	0.001/0.005	0.00013/0.00025	346.42 mins	(1.55 mins)	0.080	0.179	0.474
29/29	0.001/0.005	0.00014/0.00025	348.00 mins	(1.577 mins)	0.084	0.180	0.471
29/29	0.001/0.005	0.00015/0.00025	349.66 mins	(1.661 mins)	0.092	0.184	0.476
29/29	0.001/0.005	0.00016/0.00025	351.31 mins	(1.647 mins)	0.096	0.182	0.468
29/29	0.001/0.005	0.00017/0.00025	353.01 mins	(1.704 mins)	0.102	0.184	0.478
29/29	0.001/0.005	0.00018/0.00025	354.74 mins	(1.729 mins)	0.108	0.183	0.474
29/29	0.001/0.005	0.00019/0.00025	356.52 mins	(1.774 mins)	0.115	0.187	0.477
29/29	0.001/0.005	0.00020/0.00025	358.31 mins	(1.791 mins)	0.117	0.182	0.469
29/29	0.001/0.005	0.00021/0.00025	360.16 mins	(1.849 mins)	0.125	0.183	0.473
29/29	0.001/0.005	0.00022/0.00025	362.01 mins	(1.857 mins)	0.132	0.182	0.472
29/29	0.001/0.005	0.00023/0.00025	363.86 mins	(1.85 mins)	0.137	0.183	0.472
29/29	0.001/0.005	0.00024/0.00025	365.73 mins	(1.866 mins)	0.140	0.183	0.472
29/29	0.001/0.005	0.00025/0.00025	367.67 mins	(1.938 mins)	0.148	0.185	0.474

29/29	0.002/0.005	0.00010/0.00025	369.04 mins	(1.371 mins)	0.063	0.181	0.480
29/29	0.002/0.005	0.00011/0.00025	370.44 mins	(1.398 mins)	0.069	0.181	0.478
29/29	0.002/0.005	0.00012/0.00025	371.89 mins	(1.458 mins)	0.074	0.186	0.485
29/29	0.002/0.005	0.00013/0.00025	373.36 mins	(1.463 mins)	0.080	0.183	0.484
29/29	0.002/0.005	0.00014/0.00025	374.91 mins	(1.558 mins)	0.087	0.183	0.478
29/29	0.002/0.005	0.00015/0.00025	376.48 mins	(1.561 mins)	0.091	0.183	0.481
29/29	0.002/0.005	0.00016/0.00025	378.09 mins	(1.611 mins)	0.098	0.182	0.479
29/29	0.002/0.005	0.00017/0.00025	379.76 mins	(1.669 mins)	0.106	0.186	0.485
29/29	0.002/0.005	0.00018/0.00025	381.44 mins	(1.685 mins)	0.109	0.183	0.476
29/29	0.002/0.005	0.00019/0.00025	383.17 mins	(1.725 mins)	0.116	0.181	0.480
29/29	0.002/0.005	0.00020/0.00025	384.91 mins	(1.748 mins)	0.123	0.184	0.481
29/29	0.002/0.005	0.00021/0.00025	386.70 mins	(1.788 mins)	0.126	0.182	0.480
29/29	0.002/0.005	0.00022/0.00025	388.50 mins	(1.799 mins)	0.133	0.183	0.478
29/29	0.002/0.005	0.00023/0.00025	390.35 mins	(1.849 mins)	0.136	0.182	0.478
29/29	0.002/0.005	0.00024/0.00025	392.24 mins	(1.895 mins)	0.144	0.181	0.478
29/29	0.002/0.005	0.00025/0.00025	394.15 mins	(1.908 mins)	0.148	0.187	0.479

29/29	0.003/0.005	0.00010/0.00025	395.56 mins	(1.411 mins)	0.065	0.180	0.491
29/29	0.003/0.005	0.00011/0.00025	396.99 mins	(1.43 mins)	0.071	0.179	0.484
29/29	0.003/0.005	0.00012/0.00025	398.44 mins	(1.444 mins)	0.077	0.180	0.493
29/29	0.003/0.005	0.00013/0.00025	399.94 mins	(1.503 mins)	0.082	0.184	0.492
29/29	0.003/0.005	0.00014/0.00025	401.50 mins	(1.559 mins)	0.088	0.184	0.489
29/29	0.003/0.005	0.00015/0.00025	403.06 mins	(1.566 mins)	0.095	0.181	0.488
29/29	0.003/0.005	0.00016/0.00025	404.71 mins	(1.643 mins)	0.101	0.186	0.493
29/29	0.003/0.005	0.00017/0.00025	406.35 mins	(1.637 mins)	0.103	0.184	0.489
29/29	0.003/0.005	0.00018/0.00025	408.04 mins	(1.693 mins)	0.110	0.185	0.490
29/29	0.003/0.005	0.00019/0.00025	409.78 mins	(1.746 mins)	0.116	0.185	0.486
29/29	0.003/0.005	0.00020/0.00025	411.52 mins	(1.735 mins)	0.121	0.181	0.478
29/29	0.003/0.005	0.00021/0.00025	413.32 mins	(1.806 mins)	0.127	0.184	0.482
29/29	0.003/0.005	0.00022/0.00025	415.14 mins	(1.82 mins)	0.134	0.185	0.485
29/29	0.003/0.005	0.00023/0.00025	417.02 mins	(1.874 mins)	0.137	0.182	0.480
29/29	0.003/0.005	0.00024/0.00025	418.90 mins	(1.877 mins)	0.145	0.183	0.483
29/29	0.003/0.005	0.00025/0.00025	420.84 mins	(1.942 mins)	0.149	0.183	0.482

29/29	0.004/0.005	0.00010/0.00025	422.21 mins	(1.377 mins)	0.065	0.181	0.500
29/29	0.004/0.005	0.00011/0.00025	423.63 mins	(1.412 mins)	0.071	0.180	0.493
29/29	0.004/0.005	0.00012/0.00025	425.09 mins	(1.465 mins)	0.077	0.181	0.492
29/29	0.004/0.005	0.00013/0.00025	426.61 mins	(1.519 mins)	0.081	0.185	0.491
29/29	0.004/0.005	0.00014/0.00025	428.17 mins	(1.56 mins)	0.089	0.181	0.487
29/29	0.004/0.005	0.00015/0.00025	429.77 mins	(1.60 mins)	0.095	0.183	0.493
29/29	0.004/0.005	0.00016/0.00025	431.37 mins	(1.597 mins)	0.099	0.182	0.495
29/29	0.004/0.005	0.00017/0.00025	433.05 mins	(1.683 mins)	0.105	0.184	0.491
29/29	0.004/0.005	0.00018/0.00025	434.75 mins	(1.701 mins)	0.112	0.184	0.495
29/29	0.004/0.005	0.00019/0.00025	436.49 mins	(1.735 mins)	0.117	0.183	0.491
29/29	0.004/0.005	0.00020/0.00025	438.27 mins	(1.787 mins)	0.123	0.183	0.491
29/29	0.004/0.005	0.00021/0.00025	440.10 mins	(1.823 mins)	0.129	0.182	0.491
29/29	0.004/0.005	0.00022/0.00025	441.92 mins	(1.826 mins)	0.134	0.179	0.486
29/29	0.004/0.005	0.00023/0.00025	443.78 mins	(1.857 mins)	0.139	0.183	0.487
29/29	0.004/0.005	0.00024/0.00025	445.68 mins	(1.904 mins)	0.146	0.184	0.486
29/29	0.004/0.005	0.00025/0.00025	447.60 mins	(1.92 mins)	0.150	0.183	0.489

29/29	0.005/0.005	0.00010/0.00025	448.98 mins	(1.373 mins)	0.065	0.182	0.501
29/29	0.005/0.005	0.00011/0.00025	450.39 mins	(1.418 mins)	0.070	0.178	0.497
29/29	0.005/0.005	0.00012/0.00025	451.88 mins	(1.488 mins)	0.078	0.182	0.494
29/29	0.005/0.005	0.00013/0.00025	453.41 mins	(1.53 mins)	0.084	0.183	0.499
29/29	0.005/0.005	0.00014/0.00025	454.95 mins	(1.542 mins)	0.088	0.185	0.502
29/29	0.005/0.005	0.00015/0.00025	456.59 mins	(1.63 mins)	0.096	0.181	0.499
29/29	0.005/0.005	0.00016/0.00025	458.23 mins	(1.645 mins)	0.100	0.183	0.498
29/29	0.005/0.005	0.00017/0.00025	459.91 mins	(1.675 mins)	0.107	0.182	0.497
29/29	0.005/0.005	0.00018/0.00025	461.60 mins	(1.695 mins)	0.114	0.182	0.500
29/29	0.005/0.005	0.00019/0.00025	463.34 mins	(1.743 mins)	0.118	0.179	0.491
29/29	0.005/0.005	0.00020/0.00025	465.13 mins	(1.79 mins)	0.127	0.186	0.502
29/29	0.005/0.005	0.00021/0.00025	466.97 mins	(1.836 mins)	0.130	0.182	0.499
29/29	0.005/0.005	0.00022/0.00025	468.82 mins	(1.846 mins)	0.135	0.185	0.492
29/29	0.005/0.005	0.00023/0.00025	470.70 mins	(1.883 mins)	0.142	0.182	0.493
29/29	0.005/0.005	0.00024/0.00025	472.60 mins	(1.906 mins)	0.147	0.186	0.496
29/29	0.005/0.005	0.00025/0.00025	474.56 mins	(1.955 mins)	0.153	0.183	0.491



30/29	0.000/0.005	0.00010/0.00025	475.90 mins	(1.343 mins)	0.062	0.187	0.482
30/29	0.000/0.005	0.00011/0.00025	477.33 mins	(1.427 mins)	0.069	0.187	0.477
30/29	0.000/0.005	0.00012/0.00025	478.78 mins	(1.447 mins)	0.075	0.187	0.477
30/29	0.000/0.005	0.00013/0.00025	480.25 mins	(1.474 mins)	0.080	0.188	0.476
30/29	0.000/0.005	0.00014/0.00025	481.75 mins	(1.503 mins)	0.086	0.191	0.486
30/29	0.000/0.005	0.00015/0.00025	483.33 mins	(1.575 mins)	0.093	0.188	0.480
30/29	0.000/0.005	0.00016/0.00025	484.90 mins	(1.571 mins)	0.097	0.186	0.477
30/29	0.000/0.005	0.00017/0.00025	486.56 mins	(1.656 mins)	0.103	0.187	0.477
30/29	0.000/0.005	0.00018/0.00025	488.22 mins	(1.664 mins)	0.109	0.189	0.476
30/29	0.000/0.005	0.00019/0.00025	489.93 mins	(1.706 mins)	0.116	0.188	0.483
30/29	0.000/0.005	0.00020/0.00025	491.67 mins	(1.745 mins)	0.121	0.189	0.477
30/29	0.000/0.005	0.00021/0.00025	493.45 mins	(1.78 mins)	0.126	0.188	0.474
30/29	0.000/0.005	0.00022/0.00025	495.29 mins	(1.837 mins)	0.131	0.190	0.474
30/29	0.000/0.005	0.00023/0.00025	497.12 mins	(1.827 mins)	0.137	0.191	0.480
30/29	0.000/0.005	0.00024/0.00025	498.99 mins	(1.871 mins)	0.143	0.187	0.474
30/29	0.000/0.005	0.00025/0.00025	500.92 mins	(1.93 mins)	0.146	0.189	0.472

30/29	0.001/0.005	0.00010/0.00025	502.28 mins	(1.364 mins)	0.063	0.186	0.483
30/29	0.001/0.005	0.00011/0.00025	503.70 mins	(1.416 mins)	0.069	0.184	0.484
30/29	0.001/0.005	0.00012/0.00025	505.16 mins	(1.467 mins)	0.077	0.188	0.487
30/29	0.001/0.005	0.00013/0.00025	506.68 mins	(1.513 mins)	0.083	0.187	0.485
30/29	0.001/0.005	0.00014/0.00025	508.22 mins	(1.544 mins)	0.086	0.187	0.483
30/29	0.001/0.005	0.00015/0.00025	509.81 mins	(1.587 mins)	0.095	0.188	0.484
30/29	0.001/0.005	0.00016/0.00025	511.41 mins	(1.60 mins)	0.098	0.185	0.482
30/29	0.001/0.005	0.00017/0.00025	513.05 mins	(1.647 mins)	0.103	0.186	0.480
30/29	0.001/0.005	0.00018/0.00025	514.77 mins	(1.717 mins)	0.111	0.190	0.489
30/29	0.001/0.005	0.00019/0.00025	516.55 mins	(1.779 mins)	0.118	0.191	0.482
30/29	0.001/0.005	0.00020/0.00025	518.30 mins	(1.751 mins)	0.122	0.188	0.485
30/29	0.001/0.005	0.00021/0.00025	520.09 mins	(1.785 mins)	0.128	0.188	0.486
30/29	0.001/0.005	0.00022/0.00025	521.91 mins	(1.82 mins)	0.133	0.189	0.482
30/29	0.001/0.005	0.00023/0.00025	523.76 mins	(1.853 mins)	0.139	0.188	0.479
30/29	0.001/0.005	0.00024/0.00025	525.67 mins	(1.908 mins)	0.144	0.188	0.485
30/29	0.001/0.005	0.00025/0.00025	527.57 mins	(1.90 mins)	0.150	0.189	0.482

30/29	0.002/0.005	0.00010/0.00025	528.92 mins	(1.356 mins)	0.063	0.186	0.493
30/29	0.002/0.005	0.00011/0.00025	530.36 mins	(1.436 mins)	0.070	0.185	0.487
30/29	0.002/0.005	0.00012/0.00025	531.81 mins	(1.452 mins)	0.077	0.187	0.490
30/29	0.002/0.005	0.00013/0.00025	533.33 mins	(1.52 mins)	0.083	0.189	0.496
30/29	0.002/0.005	0.00014/0.00025	534.85 mins	(1.522 mins)	0.088	0.189	0.490
30/29	0.002/0.005	0.00015/0.00025	536.43 mins	(1.576 mins)	0.096	0.188	0.494
30/29	0.002/0.005	0.00016/0.00025	538.01 mins	(1.587 mins)	0.100	0.190	0.496
30/29	0.002/0.005	0.00017/0.00025	539.66 mins	(1.649 mins)	0.105	0.190	0.490
30/29	0.002/0.005	0.00018/0.00025	541.35 mins	(1.69 mins)	0.111	0.190	0.494
30/29	0.002/0.005	0.00019/0.00025	543.06 mins	(1.704 mins)	0.116	0.187	0.486
30/29	0.002/0.005	0.00020/0.00025	544.83 mins	(1.768 mins)	0.123	0.186	0.489
30/29	0.002/0.005	0.00021/0.00025	546.64 mins	(1.81 mins)	0.126	0.189	0.486
30/29	0.002/0.005	0.00022/0.00025	548.47 mins	(1.832 mins)	0.134	0.192	0.491
30/29	0.002/0.005	0.00023/0.00025	550.34 mins	(1.875 mins)	0.139	0.187	0.484
30/29	0.002/0.005	0.00024/0.00025	552.23 mins	(1.885 mins)	0.147	0.188	0.489
30/29	0.002/0.005	0.00025/0.00025	554.16 mins	(1.928 mins)	0.152	0.189	0.484

30/29	0.003/0.005	0.00010/0.00025	555.55 mins	(1.392 mins)	0.067	0.190	0.496
30/29	0.003/0.005	0.00011/0.00025	556.95 mins	(1.406 mins)	0.069	0.184	0.490
30/29	0.003/0.005	0.00012/0.00025	558.40 mins	(1.445 mins)	0.076	0.187	0.499
30/29	0.003/0.005	0.00013/0.00025	559.96 mins	(1.563 mins)	0.085	0.190	0.504
30/29	0.003/0.005	0.00014/0.00025	561.59 mins	(1.629 mins)	0.090	0.188	0.499
30/29	0.003/0.005	0.00015/0.00025	563.23 mins	(1.637 mins)	0.096	0.185	0.496
30/29	0.003/0.005	0.00016/0.00025	564.90 mins	(1.675 mins)	0.101	0.189	0.495
30/29	0.003/0.005	0.00017/0.00025	566.64 mins	(1.738 mins)	0.108	0.189	0.495
30/29	0.003/0.005	0.00018/0.00025	568.37 mins	(1.729 mins)	0.111	0.186	0.494
30/29	0.003/0.005	0.00019/0.00025	570.12 mins	(1.746 mins)	0.118	0.188	0.492
30/29	0.003/0.005	0.00020/0.00025	571.89 mins	(1.775 mins)	0.124	0.189	0.494
30/29	0.003/0.005	0.00021/0.00025	573.69 mins	(1.798 mins)	0.132	0.187	0.493
30/29	0.003/0.005	0.00022/0.00025	575.57 mins	(1.886 mins)	0.137	0.189	0.493
30/29	0.003/0.005	0.00023/0.00025	577.46 mins	(1.886 mins)	0.141	0.187	0.492
30/29	0.003/0.005	0.00024/0.00025	579.34 mins	(1.884 mins)	0.148	0.190	0.494
30/29	0.003/0.005	0.00025/0.00025	581.29 mins	(1.945 mins)	0.152	0.188	0.489

30/29	0.004/0.005	0.00010/0.00025	582.71 mins	(1.421 mins)	0.066	0.188	0.504
30/29	0.004/0.005	0.00011/0.00025	584.15 mins	(1.437 mins)	0.073	0.187	0.502
30/29	0.004/0.005	0.00012/0.00025	585.61 mins	(1.462 mins)	0.078	0.190	0.510
30/29	0.004/0.005	0.00013/0.00025	587.15 mins	(1.544 mins)	0.086	0.189	0.508
30/29	0.004/0.005	0.00014/0.00025	588.71 mins	(1.555 mins)	0.090	0.187	0.505
30/29	0.004/0.005	0.00015/0.00025	590.29 mins	(1.582 mins)	0.096	0.186	0.497
30/29	0.004/0.005	0.00016/0.00025	591.92 mins	(1.633 mins)	0.102	0.186	0.497
30/29	0.004/0.005	0.00017/0.00025	593.67 mins	(1.747 mins)	0.108	0.188	0.502
30/29	0.004/0.005	0.00018/0.00025	595.45 mins	(1.783 mins)	0.114	0.190	0.500
30/29	0.004/0.005	0.00019/0.00025	597.29 mins	(1.839 mins)	0.121	0.188	0.503
30/29	0.004/0.005	0.00020/0.00025	599.12 mins	(1.822 mins)	0.124	0.184	0.494
30/29	0.004/0.005	0.00021/0.00025	600.98 mins	(1.869 mins)	0.131	0.190	0.503
30/29	0.004/0.005	0.00022/0.00025	602.83 mins	(1.849 mins)	0.136	0.187	0.495
30/29	0.004/0.005	0.00023/0.00025	604.74 mins	(1.911 mins)	0.143	0.188	0.496
30/29	0.004/0.005	0.00024/0.00025	606.63 mins	(1.889 mins)	0.145	0.185	0.492
30/29	0.004/0.005	0.00025/0.00025	608.59 mins	(1.96 mins)	0.156	0.189	0.498

30/29	0.005/0.005	0.00010/0.00025	610.00 mins	(1.405 mins)	0.067	0.189	0.513
30/29	0.005/0.005	0.00011/0.00025	611.42 mins	(1.425 mins)	0.073	0.188	0.517
30/29	0.005/0.005	0.00012/0.00025	612.88 mins	(1.46 mins)	0.078	0.184	0.504
30/29	0.005/0.005	0.00013/0.00025	614.43 mins	(1.548 mins)	0.085	0.188	0.507
30/29	0.005/0.005	0.00014/0.00025	615.99 mins	(1.556 mins)	0.091	0.188	0.508
30/29	0.005/0.005	0.00015/0.00025	617.59 mins	(1.601 mins)	0.098	0.190	0.510
30/29	0.005/0.005	0.00016/0.00025	619.26 mins	(1.666 mins)	0.103	0.189	0.507
30/29	0.005/0.005	0.00017/0.00025	620.90 mins	(1.649 mins)	0.109	0.187	0.503
30/29	0.005/0.005	0.00018/0.00025	622.63 mins	(1.724 mins)	0.116	0.187	0.504
30/29	0.005/0.005	0.00019/0.00025	624.38 mins	(1.749 mins)	0.122	0.189	0.506
30/29	0.005/0.005	0.00020/0.00025	626.19 mins	(1.812 mins)	0.126	0.189	0.503
30/29	0.005/0.005	0.00021/0.00025	628.01 mins	(1.825 mins)	0.133	0.189	0.508
30/29	0.005/0.005	0.00022/0.00025	629.86 mins	(1.847 mins)	0.137	0.187	0.501
30/29	0.005/0.005	0.00023/0.00025	631.74 mins	(1.88 mins)	0.144	0.188	0.503
30/29	0.005/0.005	0.00024/0.00025	633.66 mins	(1.92 mins)	0.152	0.188	0.503
30/29	0.005/0.005	0.00025/0.00025	635.60 mins	(1.939 mins)	0.156	0.190	0.506



> 
> proc.time()
      user     system    elapsed 
1046646.85   20840.06   38173.39 
