
R version 4.3.0 (2023-04-21) -- "Already Tomorrow"
Copyright (C) 2023 The R Foundation for Statistical Computing
Platform: x86_64-pc-linux-gnu (64-bit)

R is free software and comes with ABSOLUTELY NO WARRANTY.
You are welcome to redistribute it under certain conditions.
Type 'license()' or 'licence()' for distribution details.

  Natural language support but running in an English locale

R is a collaborative project with many contributors.
Type 'contributors()' for more information and
'citation()' on how to cite R or R packages in publications.

Type 'demo()' for some demos, 'help()' for on-line help, or
'help.start()' for an HTML browser interface to help.
Type 'q()' to quit R.

> rm(list = ls())
> gc()
         used (Mb) gc trigger (Mb) max used (Mb)
Ncells 284765 15.3     664565 35.5   464468 24.9
Vcells 490458  3.8    8388608 64.0  1837328 14.1
> library(dplyr)

Attaching package: ‘dplyr’

The following objects are masked from ‘package:stats’:

    filter, lag

The following objects are masked from ‘package:base’:

    intersect, setdiff, setequal, union

> library(foreach)
> library(doParallel)
Loading required package: iterators
Loading required package: parallel
> 
> # Set up the number of cores used for parallelization.
> message(detectCores())
32
> num_cores <- 32
> registerDoParallel(num_cores)
> 
> #########################
> #### SEIR Simulation ####
> #########################
> time <- 365 # Number of days.
> inf <- 7 # Average infectious period length.
> N <- 1000 # Population size.
> 
> create_hh <- function() {
+   # Randomly sample household sizes such that total population is 1000 
+   # individuals.
+   hh_size <- sample(x = c(3, 4, 5, 6), size = 340, replace = T)
+   
+   # Keep households such that total population is < 1000.
+   hh_size <- hh_size[which(cumsum(hh_size) < N)]
+   
+   leftover <- N - sum(hh_size)
+   if (leftover < 3) {
+     hh <- 1:length(hh_size)
+     sampled <- sample(hh[hh_size < 6], leftover)
+     hh_size[sampled] <- hh_size[sampled] + 1
+   } else {
+     hh_size <- c(hh_size, leftover)
+   }
+   return(hh_size)
+ }
> 
> SEIR_mix <- function(params, inf = 7, verbose = F) {
+   hh_size <- create_hh()
+   
+   # Create frame for running the simulation.
+   # ID: ID of individual.
+   # SIZE: size of individual's household.
+   # HH: ID of individual's household.
+   # S: susceptibility status.
+   # E: exposed status.
+   # E_count: number of days since exposed.
+   # I: infectious status.
+   # I_count: number of days since infectious.
+   # R: recovered status.
+   # INC: incubation period.
+   # INF: infectious period.
+   data <- data.frame(ID = 1:N,
+                      SIZE = rep(hh_size, times = hh_size),
+                      HH = rep(1:length(hh_size), times = hh_size), 
+                      S = c(0, rep(1, N - 1)), 
+                      E = c(1, rep(0, N - 1)),
+                      E_count = c(1, rep(0, N - 1)), 
+                      I = 0,
+                      I_count = 0, 
+                      R = 0, 
+                      INC = c(rlnorm(1, meanlog = log(29.8), sdlog = 0.45), rep(0, N - 1)),
+                      INF = 0)
+   
+   # Create frame for storing results.
+   # ID: ID of individual.
+   # SIZE: size of individual's household.
+   # HH: ID of individual's household.
+   # TYPE: the kind of infection: household (H), community (C), or both (B).
+   # TIME: when the individual became infectious.
+   # S_NUM: number of susceptible people in individual's household when their 
+   #        infectious period begins.
+   # I_NUM: number of people in household that this individual infected over 
+   #        their infectious period.
+   results <- data[, 1:3] %>% mutate(TYPE = NA, TIME = NA, S_NUM = NA, I_NUM = 0)
+   results$TYPE[1] <- '0'
+   
+   for(t in 1:time) {
+     if (verbose) {
+       if (t %% 10 == 0) {
+         cat(paste0(t, ' '))
+       }
+     }
+     
+     # Anyone who has been infectious for as many days as their infectious period
+     # is now recovered.
+     recovered <- (data$INF > 0) & (data$I_count == data$INF)
+     if(sum(recovered, na.rm = T) > 0) {
+       data$R[recovered] <- 1
+       data$I[recovered] <- 0
+       data$I_count[recovered] <- 0 
+     }
+     
+     new_inf <- (data$INC > 0) & (data$E_count == data$INC)
+     num_new_inf <- sum(new_inf, na.rm = T)
+     if(num_new_inf > 0) {
+       # Change status to newly infectious and add infectious period.
+       data$I[new_inf] <- 1
+       random_inf <- rnorm(num_new_inf, mean = inf, sd = 1) %>% round()
+       data$INF[new_inf] <- random_inf
+       
+       # Remove exposure status and exposure count.
+       data$E[new_inf] <- 0
+       data$E_count[new_inf] <- 0 
+       
+       # Record time at which infectious period starts.
+       results$TIME[new_inf] <- t
+       
+       # Save the number of susceptible people in each infectious individual's 
+       # household.
+       S_data <- data %>% group_by(HH) %>% 
+         mutate(S_TOT = sum(S)) %>% 
+         select(HH, S_TOT)
+       results$S_NUM[new_inf == 1] <- S_data$S_TOT[new_inf == 1]
+     }
+     
+     # I_H is the number of infections inside each household.
+     # I_C is the number of infections outside each household.
+     I_data <- data %>% group_by(HH) %>% 
+       mutate(I_H = sum(I)) %>% 
+       ungroup() %>% 
+       mutate(I_C = sum(I) - I_H)
+     
+     beta_H <- params[1]
+     beta_C <- params[2]
+     beta_E <- params[3]
+     risk_H <- pmin(beta_H * data$S * I_data$I_H / N, 1)
+     risk_C <- pmin(beta_C * data$S * I_data$I_C / N, 1)
+     risk_E <- pmin(beta_E * data$S, 1)
+ 
+     new_inf_H <- rbinom(N, 1, risk_H)
+     new_inf_C <- rbinom(N, 1, risk_C)
+     new_inf_E <- rbinom(N, 1, risk_E)
+     new_exposed <- (new_inf_H == 1) | (new_inf_C == 1) | (new_inf_E == 1)
+     num_new_exposed <- sum(new_exposed, na.rm = T)
+     if (num_new_exposed > 0) {
+       # Change status to newly exposed and add incubation period.
+       data$E[new_exposed] <- 1
+       random_inc <- rlnorm(num_new_exposed, meanlog = log(29.8), sdlog = 0.45) %>% round()
+       data$INC[new_exposed] <- random_inc
+       
+       # Remove susceptible status.
+       data$S[new_exposed] <- 0
+       
+       # Get number of new infections in each household.
+       I_data <- I_data %>%
+         select(ID, HH, I, I_H) %>%
+         mutate(new_I_H = new_inf_H) %>%
+         group_by(HH) %>%
+         # Find households with at least 1 currently infectious individual. If 
+         # exactly 1 infectious individual in household, assign all new H 
+         # exposures to that individual. If there are multiple infectious 
+         # individuals, assign all infections to the infectious individual with 
+         # the first ID.
+         mutate(new_I_H = ifelse(I == 1 & ID == first(ID[I == 1]), 
+                                 sum(new_I_H), 0))
+       
+       results$I_NUM <- results$I_NUM + I_data$new_I_H
+       
+       # Label infections types.
+       results$TYPE[new_inf_H == 1] <- 'H'
+       results$TYPE[new_inf_C == 1] <- 'C'
+       results$TYPE[new_inf_E == 1] <- 'E'
+       results$TYPE[(new_inf_H == 1) & (new_inf_C == 1)] <- 'HC'
+       results$TYPE[(new_inf_H == 1) & (new_inf_E == 1)] <- 'HE'
+       results$TYPE[(new_inf_C == 1) & (new_inf_E == 1)] <- 'CE'
+       results$TYPE[(new_inf_H == 1) & (new_inf_C == 1) & (new_inf_E == 1)] <- 'HCE'
+     }
+     
+     # Increment exposure and infectious counters.
+     data$E_count[data$E == 1] <- data$E_count[data$E == 1] + 1
+     data$I_count[data$I == 1] <- data$I_count[data$I == 1] + 1
+   }
+   return(results)
+ }
> 
> metrics <- function(results) {
+   # Incidence is the proportion of the population that became infected.
+   idc <- mean(!is.na(results$TIME))
+   
+   # The SAR is the average SAR for each individual that was infectious.
+   sar <- mean(results$I_NUM / results$S_NUM, na.rm = T)
+   
+   # The proportion of cases caused by household infections.
+   cases <- results[!is.na(results$TIME), ]
+   prp <- mean((cases$TYPE != 'E') & (cases$TYPE != '0'))
+ 
+   return(c(idc, sar, prp))
+ }
> 
> beta_Hs <- seq(39, 43, 1) # 5
> beta_Cs <- seq(0.035, 0.045, 0.001) # 11
> beta_Es <- seq(0.0002, 0.0003, 0.00001) # 11
> 
> d_H <- length(beta_Hs)
> d_C <- length(beta_Cs)
> d_E <- length(beta_Es)
> 
> reps <- 200
> idcs <- array(rep(NA, d_H * d_C * d_E * reps), dim = c(d_H, d_C, d_E, reps))
> sars <- array(rep(NA, d_H * d_C * d_E * reps), dim = c(d_H, d_C, d_E, reps))
> prps <- array(rep(NA, d_H * d_C * d_E * reps), dim = c(d_H, d_C, d_E, reps))
> t_tot <- 0
> for (i in 1:d_H) {
+   for (j in 1:d_C) {
+     for (k in 1:d_E) {
+       beta_H <- beta_Hs[i]
+       beta_C <- beta_Cs[j]
+       beta_E <- beta_Es[k]
+       
+       params <- c(beta_H, beta_C, beta_E)
+       
+       cat(paste0(format(beta_H, nsmall = 1), '/42\t', 
+                  format(beta_C, nsmall = 3), '/0.06\t',
+                  format(beta_E, nsmall = 5, scientific = F), '/0.00040\t'))
+         
+       t_0 <- Sys.time()
+       vals <- foreach (l = 1:reps, .combine = 'c') %dopar% {
+         results <- SEIR_mix(params) 
+         metrics(results)
+       }
+       t_1 <- Sys.time()
+       t_tot <- t_tot + (t_1 - t_0)
+         
+       cat(paste0(format(t_tot, nsmall = 2, digits = 4), '\t(', 
+                  format(t_1 - t_0, nsmall = 2, digits = 4), ')\t'))
+       
+       vals <- matrix(vals, reps, byrow = T)
+       idcs[i, j, k, ] <- vals[, 1]
+       sars[i, j, k, ] <- vals[, 2]
+       prps[i, j, k, ] <- vals[, 3]
+         
+       cat(paste0(format(round(mean(vals[, 1]), 3), nsmall = 3), '\t', 
+                  format(round(mean(vals[, 2]), 3), nsmall = 3), '\t', 
+                  format(round(mean(vals[, 3]), 3), nsmall = 3), '\n'))
+     }
+     cat('\n')
+     saveRDS(idcs, file = 'idcs.rds')
+     saveRDS(sars, file = 'sars.rds')
+     saveRDS(prps, file = 'prps.rds')
+     
+     write.table(idcs, file = 'idcs.txt', row.names = F, col.names = F)
+     write.table(sars, file = 'sars.txt', row.names = F, col.names = F)
+     write.table(prps, file = 'prps.txt', row.names = F, col.names = F)
+   }
+   message('\n')
+ }
39.0/42	0.035/0.06	0.00020/0.00040	2.216 mins	(2.216 mins)	0.216	0.237	0.720
39.0/42	0.035/0.06	0.00021/0.00040	4.51 mins	(2.294 mins)	0.231	0.238	0.723
39.0/42	0.035/0.06	0.00022/0.00040	6.802 mins	(2.292 mins)	0.234	0.235	0.717
39.0/42	0.035/0.06	0.00023/0.00040	9.119 mins	(2.317 mins)	0.243	0.236	0.714
39.0/42	0.035/0.06	0.00024/0.00040	11.55 mins	(2.436 mins)	0.251	0.237	0.718
39.0/42	0.035/0.06	0.00025/0.00040	14.01 mins	(2.456 mins)	0.253	0.237	0.710
39.0/42	0.035/0.06	0.00026/0.00040	16.54 mins	(2.533 mins)	0.265	0.237	0.712
39.0/42	0.035/0.06	0.00027/0.00040	19.14 mins	(2.592 mins)	0.276	0.238	0.711
39.0/42	0.035/0.06	0.00028/0.00040	21.72 mins	(2.588 mins)	0.284	0.237	0.711
39.0/42	0.035/0.06	0.00029/0.00040	24.32 mins	(2.594 mins)	0.286	0.239	0.709
39.0/42	0.035/0.06	0.00030/0.00040	26.98 mins	(2.666 mins)	0.298	0.238	0.707

39.0/42	0.036/0.06	0.00020/0.00040	29.23 mins	(2.247 mins)	0.222	0.238	0.727
39.0/42	0.036/0.06	0.00021/0.00040	31.56 mins	(2.33 mins)	0.235	0.236	0.727
39.0/42	0.036/0.06	0.00022/0.00040	33.87 mins	(2.309 mins)	0.236	0.240	0.721
39.0/42	0.036/0.06	0.00023/0.00040	36.23 mins	(2.355 mins)	0.251	0.239	0.727
39.0/42	0.036/0.06	0.00024/0.00040	38.60 mins	(2.371 mins)	0.253	0.237	0.717
39.0/42	0.036/0.06	0.00025/0.00040	41.05 mins	(2.456 mins)	0.266	0.237	0.717
39.0/42	0.036/0.06	0.00026/0.00040	43.50 mins	(2.452 mins)	0.273	0.237	0.715
39.0/42	0.036/0.06	0.00027/0.00040	45.98 mins	(2.476 mins)	0.278	0.239	0.716
39.0/42	0.036/0.06	0.00028/0.00040	48.50 mins	(2.517 mins)	0.285	0.236	0.713
39.0/42	0.036/0.06	0.00029/0.00040	51.00 mins	(2.505 mins)	0.295	0.240	0.715
39.0/42	0.036/0.06	0.00030/0.00040	53.56 mins	(2.561 mins)	0.301	0.238	0.712

39.0/42	0.037/0.06	0.00020/0.00040	55.83 mins	(2.269 mins)	0.226	0.237	0.729
39.0/42	0.037/0.06	0.00021/0.00040	58.11 mins	(2.271 mins)	0.232	0.238	0.727
39.0/42	0.037/0.06	0.00022/0.00040	60.44 mins	(2.339 mins)	0.247	0.241	0.732
39.0/42	0.037/0.06	0.00023/0.00040	62.83 mins	(2.381 mins)	0.247	0.236	0.724
39.0/42	0.037/0.06	0.00024/0.00040	65.24 mins	(2.413 mins)	0.257	0.236	0.722
39.0/42	0.037/0.06	0.00025/0.00040	67.66 mins	(2.422 mins)	0.266	0.239	0.723
39.0/42	0.037/0.06	0.00026/0.00040	70.10 mins	(2.439 mins)	0.275	0.238	0.724
39.0/42	0.037/0.06	0.00027/0.00040	72.58 mins	(2.476 mins)	0.282	0.239	0.718
39.0/42	0.037/0.06	0.00028/0.00040	75.05 mins	(2.474 mins)	0.290	0.237	0.719
39.0/42	0.037/0.06	0.00029/0.00040	77.58 mins	(2.526 mins)	0.293	0.236	0.710
39.0/42	0.037/0.06	0.00030/0.00040	80.11 mins	(2.538 mins)	0.300	0.238	0.713

39.0/42	0.038/0.06	0.00020/0.00040	82.44 mins	(2.327 mins)	0.228	0.238	0.736
39.0/42	0.038/0.06	0.00021/0.00040	84.74 mins	(2.301 mins)	0.234	0.237	0.729
39.0/42	0.038/0.06	0.00022/0.00040	87.13 mins	(2.386 mins)	0.245	0.236	0.729
39.0/42	0.038/0.06	0.00023/0.00040	89.57 mins	(2.439 mins)	0.251	0.238	0.729
39.0/42	0.038/0.06	0.00024/0.00040	92.00 mins	(2.432 mins)	0.261	0.239	0.730
39.0/42	0.038/0.06	0.00025/0.00040	94.46 mins	(2.463 mins)	0.272	0.239	0.728
39.0/42	0.038/0.06	0.00026/0.00040	96.93 mins	(2.467 mins)	0.277	0.238	0.727
39.0/42	0.038/0.06	0.00027/0.00040	99.46 mins	(2.527 mins)	0.286	0.238	0.723
39.0/42	0.038/0.06	0.00028/0.00040	102.04 mins	(2.586 mins)	0.295	0.237	0.724
39.0/42	0.038/0.06	0.00029/0.00040	104.63 mins	(2.59 mins)	0.302	0.238	0.720
39.0/42	0.038/0.06	0.00030/0.00040	107.22 mins	(2.584 mins)	0.308	0.238	0.719

39.0/42	0.039/0.06	0.00020/0.00040	109.48 mins	(2.264 mins)	0.228	0.239	0.740
39.0/42	0.039/0.06	0.00021/0.00040	111.86 mins	(2.377 mins)	0.244	0.237	0.737
39.0/42	0.039/0.06	0.00022/0.00040	114.20 mins	(2.341 mins)	0.249	0.237	0.733
39.0/42	0.039/0.06	0.00023/0.00040	116.60 mins	(2.397 mins)	0.258	0.239	0.732
39.0/42	0.039/0.06	0.00024/0.00040	119.04 mins	(2.441 mins)	0.267	0.238	0.730
39.0/42	0.039/0.06	0.00025/0.00040	121.49 mins	(2.457 mins)	0.277	0.240	0.734
39.0/42	0.039/0.06	0.00026/0.00040	123.98 mins	(2.492 mins)	0.278	0.238	0.727
39.0/42	0.039/0.06	0.00027/0.00040	126.51 mins	(2.524 mins)	0.292	0.238	0.725
39.0/42	0.039/0.06	0.00028/0.00040	129.07 mins	(2.565 mins)	0.301	0.238	0.730
39.0/42	0.039/0.06	0.00029/0.00040	131.64 mins	(2.568 mins)	0.303	0.237	0.720
39.0/42	0.039/0.06	0.00030/0.00040	134.23 mins	(2.585 mins)	0.315	0.238	0.725

39.0/42	0.040/0.06	0.00020/0.00040	136.52 mins	(2.29 mins)	0.234	0.237	0.741
39.0/42	0.040/0.06	0.00021/0.00040	138.87 mins	(2.349 mins)	0.239	0.235	0.738
39.0/42	0.040/0.06	0.00022/0.00040	141.24 mins	(2.37 mins)	0.249	0.237	0.736
39.0/42	0.040/0.06	0.00023/0.00040	143.66 mins	(2.421 mins)	0.264	0.236	0.737
39.0/42	0.040/0.06	0.00024/0.00040	146.08 mins	(2.428 mins)	0.267	0.237	0.735
39.0/42	0.040/0.06	0.00025/0.00040	148.53 mins	(2.449 mins)	0.272	0.236	0.731
39.0/42	0.040/0.06	0.00026/0.00040	151.02 mins	(2.491 mins)	0.286	0.237	0.732
39.0/42	0.040/0.06	0.00027/0.00040	153.54 mins	(2.515 mins)	0.293	0.238	0.730
39.0/42	0.040/0.06	0.00028/0.00040	156.09 mins	(2.547 mins)	0.298	0.239	0.729
39.0/42	0.040/0.06	0.00029/0.00040	158.66 mins	(2.575 mins)	0.310	0.237	0.730
39.0/42	0.040/0.06	0.00030/0.00040	161.32 mins	(2.656 mins)	0.313	0.240	0.727

39.0/42	0.041/0.06	0.00020/0.00040	163.69 mins	(2.379 mins)	0.239	0.238	0.750
39.0/42	0.041/0.06	0.00021/0.00040	166.11 mins	(2.415 mins)	0.249	0.237	0.743
39.0/42	0.041/0.06	0.00022/0.00040	168.50 mins	(2.392 mins)	0.259	0.238	0.744
39.0/42	0.041/0.06	0.00023/0.00040	170.94 mins	(2.434 mins)	0.266	0.237	0.740
39.0/42	0.041/0.06	0.00024/0.00040	173.38 mins	(2.44 mins)	0.272	0.239	0.740
39.0/42	0.041/0.06	0.00025/0.00040	175.88 mins	(2.508 mins)	0.279	0.238	0.740
39.0/42	0.041/0.06	0.00026/0.00040	178.40 mins	(2.52 mins)	0.289	0.239	0.738
39.0/42	0.041/0.06	0.00027/0.00040	181.02 mins	(2.619 mins)	0.298	0.238	0.738
39.0/42	0.041/0.06	0.00028/0.00040	183.68 mins	(2.658 mins)	0.306	0.238	0.736
39.0/42	0.041/0.06	0.00029/0.00040	186.39 mins	(2.705 mins)	0.312	0.237	0.730
39.0/42	0.041/0.06	0.00030/0.00040	189.02 mins	(2.636 mins)	0.320	0.238	0.732

39.0/42	0.042/0.06	0.00020/0.00040	191.43 mins	(2.408 mins)	0.244	0.238	0.749
39.0/42	0.042/0.06	0.00021/0.00040	193.77 mins	(2.341 mins)	0.248	0.236	0.747
39.0/42	0.042/0.06	0.00022/0.00040	196.21 mins	(2.439 mins)	0.259	0.238	0.750
39.0/42	0.042/0.06	0.00023/0.00040	198.66 mins	(2.447 mins)	0.264	0.238	0.742
39.0/42	0.042/0.06	0.00024/0.00040	201.12 mins	(2.464 mins)	0.276	0.237	0.744
39.0/42	0.042/0.06	0.00025/0.00040	203.62 mins	(2.501 mins)	0.286	0.240	0.743
39.0/42	0.042/0.06	0.00026/0.00040	206.12 mins	(2.498 mins)	0.291	0.238	0.742
39.0/42	0.042/0.06	0.00027/0.00040	208.67 mins	(2.548 mins)	0.299	0.238	0.739
39.0/42	0.042/0.06	0.00028/0.00040	211.26 mins	(2.595 mins)	0.309	0.238	0.738
39.0/42	0.042/0.06	0.00029/0.00040	213.86 mins	(2.594 mins)	0.312	0.237	0.736
39.0/42	0.042/0.06	0.00030/0.00040	216.50 mins	(2.646 mins)	0.323	0.237	0.735

39.0/42	0.043/0.06	0.00020/0.00040	218.82 mins	(2.323 mins)	0.246	0.237	0.756
39.0/42	0.043/0.06	0.00021/0.00040	221.20 mins	(2.378 mins)	0.252	0.234	0.751
39.0/42	0.043/0.06	0.00022/0.00040	223.64 mins	(2.438 mins)	0.259	0.239	0.753
39.0/42	0.043/0.06	0.00023/0.00040	226.08 mins	(2.436 mins)	0.269	0.236	0.746
39.0/42	0.043/0.06	0.00024/0.00040	228.53 mins	(2.452 mins)	0.279	0.238	0.746
39.0/42	0.043/0.06	0.00025/0.00040	231.08 mins	(2.548 mins)	0.289	0.238	0.745
39.0/42	0.043/0.06	0.00026/0.00040	233.60 mins	(2.523 mins)	0.297	0.240	0.745
39.0/42	0.043/0.06	0.00027/0.00040	236.10 mins	(2.504 mins)	0.298	0.237	0.739
39.0/42	0.043/0.06	0.00028/0.00040	238.69 mins	(2.589 mins)	0.314	0.236	0.742
39.0/42	0.043/0.06	0.00029/0.00040	241.28 mins	(2.584 mins)	0.320	0.238	0.740
39.0/42	0.043/0.06	0.00030/0.00040	243.92 mins	(2.644 mins)	0.333	0.240	0.743

39.0/42	0.044/0.06	0.00020/0.00040	246.30 mins	(2.377 mins)	0.250	0.236	0.756
39.0/42	0.044/0.06	0.00021/0.00040	248.67 mins	(2.375 mins)	0.258	0.239	0.757
39.0/42	0.044/0.06	0.00022/0.00040	251.15 mins	(2.475 mins)	0.270	0.238	0.754
39.0/42	0.044/0.06	0.00023/0.00040	253.67 mins	(2.519 mins)	0.275	0.239	0.753
39.0/42	0.044/0.06	0.00024/0.00040	256.27 mins	(2.607 mins)	0.286	0.238	0.751
39.0/42	0.044/0.06	0.00025/0.00040	258.83 mins	(2.561 mins)	0.292	0.239	0.750
39.0/42	0.044/0.06	0.00026/0.00040	261.37 mins	(2.536 mins)	0.296	0.237	0.746
39.0/42	0.044/0.06	0.00027/0.00040	263.92 mins	(2.554 mins)	0.310	0.239	0.748
39.0/42	0.044/0.06	0.00028/0.00040	266.52 mins	(2.591 mins)	0.317	0.237	0.746
39.0/42	0.044/0.06	0.00029/0.00040	269.12 mins	(2.608 mins)	0.322	0.239	0.744
39.0/42	0.044/0.06	0.00030/0.00040	271.81 mins	(2.684 mins)	0.334	0.239	0.742

39.0/42	0.045/0.06	0.00020/0.00040	274.21 mins	(2.401 mins)	0.246	0.236	0.754
39.0/42	0.045/0.06	0.00021/0.00040	276.61 mins	(2.405 mins)	0.262	0.237	0.760
39.0/42	0.045/0.06	0.00022/0.00040	279.00 mins	(2.39 mins)	0.264	0.236	0.752
39.0/42	0.045/0.06	0.00023/0.00040	281.47 mins	(2.471 mins)	0.278	0.239	0.755
39.0/42	0.045/0.06	0.00024/0.00040	283.95 mins	(2.48 mins)	0.288	0.237	0.756
39.0/42	0.045/0.06	0.00025/0.00040	286.45 mins	(2.494 mins)	0.288	0.237	0.748
39.0/42	0.045/0.06	0.00026/0.00040	289.01 mins	(2.559 mins)	0.302	0.239	0.750
39.0/42	0.045/0.06	0.00027/0.00040	291.58 mins	(2.572 mins)	0.310	0.237	0.748
39.0/42	0.045/0.06	0.00028/0.00040	294.21 mins	(2.632 mins)	0.324	0.238	0.750
39.0/42	0.045/0.06	0.00029/0.00040	296.86 mins	(2.654 mins)	0.331	0.237	0.748
39.0/42	0.045/0.06	0.00030/0.00040	299.54 mins	(2.671 mins)	0.333	0.236	0.744



40.0/42	0.035/0.06	0.00020/0.00040	301.81 mins	(2.279 mins)	0.226	0.244	0.731
40.0/42	0.035/0.06	0.00021/0.00040	304.12 mins	(2.304 mins)	0.229	0.242	0.723
40.0/42	0.035/0.06	0.00022/0.00040	306.43 mins	(2.31 mins)	0.239	0.244	0.725
40.0/42	0.035/0.06	0.00023/0.00040	308.79 mins	(2.365 mins)	0.247	0.242	0.723
40.0/42	0.035/0.06	0.00024/0.00040	311.22 mins	(2.424 mins)	0.257	0.244	0.721
40.0/42	0.035/0.06	0.00025/0.00040	313.67 mins	(2.449 mins)	0.267	0.245	0.721
40.0/42	0.035/0.06	0.00026/0.00040	316.14 mins	(2.47 mins)	0.276	0.244	0.719
40.0/42	0.035/0.06	0.00027/0.00040	318.60 mins	(2.462 mins)	0.283	0.244	0.720
40.0/42	0.035/0.06	0.00028/0.00040	321.13 mins	(2.531 mins)	0.288	0.244	0.715
40.0/42	0.035/0.06	0.00029/0.00040	323.65 mins	(2.525 mins)	0.300	0.243	0.717
40.0/42	0.035/0.06	0.00030/0.00040	326.21 mins	(2.56 mins)	0.308	0.242	0.715

40.0/42	0.036/0.06	0.00020/0.00040	328.52 mins	(2.301 mins)	0.225	0.243	0.727
40.0/42	0.036/0.06	0.00021/0.00040	330.83 mins	(2.316 mins)	0.235	0.245	0.731
40.0/42	0.036/0.06	0.00022/0.00040	333.18 mins	(2.352 mins)	0.238	0.245	0.726
40.0/42	0.036/0.06	0.00023/0.00040	335.51 mins	(2.329 mins)	0.246	0.244	0.726
40.0/42	0.036/0.06	0.00024/0.00040	337.93 mins	(2.421 mins)	0.261	0.241	0.724
40.0/42	0.036/0.06	0.00025/0.00040	340.40 mins	(2.463 mins)	0.270	0.242	0.722
40.0/42	0.036/0.06	0.00026/0.00040	342.84 mins	(2.448 mins)	0.275	0.245	0.723
40.0/42	0.036/0.06	0.00027/0.00040	345.38 mins	(2.537 mins)	0.280	0.242	0.721
40.0/42	0.036/0.06	0.00028/0.00040	347.88 mins	(2.504 mins)	0.292	0.243	0.723
40.0/42	0.036/0.06	0.00029/0.00040	350.44 mins	(2.551 mins)	0.299	0.245	0.721
40.0/42	0.036/0.06	0.00030/0.00040	353.01 mins	(2.578 mins)	0.308	0.244	0.717

40.0/42	0.037/0.06	0.00020/0.00040	355.30 mins	(2.283 mins)	0.231	0.242	0.734
40.0/42	0.037/0.06	0.00021/0.00040	357.61 mins	(2.31 mins)	0.235	0.243	0.729
40.0/42	0.037/0.06	0.00022/0.00040	359.99 mins	(2.38 mins)	0.245	0.243	0.733
40.0/42	0.037/0.06	0.00023/0.00040	362.39 mins	(2.399 mins)	0.256	0.244	0.732
40.0/42	0.037/0.06	0.00024/0.00040	364.79 mins	(2.407 mins)	0.264	0.242	0.727
40.0/42	0.037/0.06	0.00025/0.00040	367.21 mins	(2.419 mins)	0.270	0.246	0.725
40.0/42	0.037/0.06	0.00026/0.00040	369.70 mins	(2.484 mins)	0.284	0.245	0.732
40.0/42	0.037/0.06	0.00027/0.00040	372.21 mins	(2.511 mins)	0.291	0.244	0.725
40.0/42	0.037/0.06	0.00028/0.00040	374.74 mins	(2.534 mins)	0.296	0.246	0.724
40.0/42	0.037/0.06	0.00029/0.00040	377.28 mins	(2.54 mins)	0.296	0.242	0.719
40.0/42	0.037/0.06	0.00030/0.00040	379.88 mins	(2.596 mins)	0.312	0.243	0.725

40.0/42	0.038/0.06	0.00020/0.00040	382.21 mins	(2.336 mins)	0.233	0.241	0.738
40.0/42	0.038/0.06	0.00021/0.00040	384.55 mins	(2.337 mins)	0.242	0.243	0.738
40.0/42	0.038/0.06	0.00022/0.00040	386.90 mins	(2.346 mins)	0.250	0.242	0.735
40.0/42	0.038/0.06	0.00023/0.00040	389.34 mins	(2.443 mins)	0.258	0.244	0.736
40.0/42	0.038/0.06	0.00024/0.00040	391.78 mins	(2.439 mins)	0.269	0.244	0.735
40.0/42	0.038/0.06	0.00025/0.00040	394.26 mins	(2.483 mins)	0.276	0.244	0.735
40.0/42	0.038/0.06	0.00026/0.00040	396.74 mins	(2.477 mins)	0.285	0.245	0.733
40.0/42	0.038/0.06	0.00027/0.00040	399.31 mins	(2.568 mins)	0.290	0.243	0.729
40.0/42	0.038/0.06	0.00028/0.00040	401.91 mins	(2.598 mins)	0.303	0.245	0.731
40.0/42	0.038/0.06	0.00029/0.00040	404.50 mins	(2.592 mins)	0.309	0.242	0.729
40.0/42	0.038/0.06	0.00030/0.00040	407.08 mins	(2.582 mins)	0.314	0.245	0.727

40.0/42	0.039/0.06	0.00020/0.00040	409.45 mins	(2.367 mins)	0.237	0.244	0.746
40.0/42	0.039/0.06	0.00021/0.00040	411.80 mins	(2.35 mins)	0.245	0.244	0.744
40.0/42	0.039/0.06	0.00022/0.00040	414.17 mins	(2.373 mins)	0.250	0.244	0.736
40.0/42	0.039/0.06	0.00023/0.00040	416.56 mins	(2.387 mins)	0.254	0.240	0.734
40.0/42	0.039/0.06	0.00024/0.00040	418.97 mins	(2.414 mins)	0.271	0.242	0.739
40.0/42	0.039/0.06	0.00025/0.00040	421.48 mins	(2.513 mins)	0.277	0.243	0.736
40.0/42	0.039/0.06	0.00026/0.00040	424.06 mins	(2.576 mins)	0.293	0.244	0.736
40.0/42	0.039/0.06	0.00027/0.00040	426.60 mins	(2.537 mins)	0.297	0.244	0.735
40.0/42	0.039/0.06	0.00028/0.00040	429.16 mins	(2.569 mins)	0.302	0.242	0.730
40.0/42	0.039/0.06	0.00029/0.00040	431.72 mins	(2.555 mins)	0.306	0.244	0.730
40.0/42	0.039/0.06	0.00030/0.00040	434.33 mins	(2.613 mins)	0.319	0.246	0.732

40.0/42	0.040/0.06	0.00020/0.00040	436.63 mins	(2.302 mins)	0.237	0.241	0.744
40.0/42	0.040/0.06	0.00021/0.00040	439.00 mins	(2.368 mins)	0.249	0.244	0.745
40.0/42	0.040/0.06	0.00022/0.00040	441.38 mins	(2.376 mins)	0.254	0.240	0.739
40.0/42	0.040/0.06	0.00023/0.00040	443.84 mins	(2.464 mins)	0.264	0.242	0.742
40.0/42	0.040/0.06	0.00024/0.00040	446.34 mins	(2.499 mins)	0.276	0.244	0.744
40.0/42	0.040/0.06	0.00025/0.00040	448.84 mins	(2.504 mins)	0.281	0.244	0.736
40.0/42	0.040/0.06	0.00026/0.00040	451.36 mins	(2.521 mins)	0.290	0.242	0.738
40.0/42	0.040/0.06	0.00027/0.00040	453.91 mins	(2.542 mins)	0.299	0.243	0.735
40.0/42	0.040/0.06	0.00028/0.00040	456.52 mins	(2.61 mins)	0.305	0.245	0.737
40.0/42	0.040/0.06	0.00029/0.00040	459.13 mins	(2.611 mins)	0.315	0.244	0.733
40.0/42	0.040/0.06	0.00030/0.00040	461.77 mins	(2.646 mins)	0.324	0.245	0.735

40.0/42	0.041/0.06	0.00020/0.00040	464.18 mins	(2.405 mins)	0.244	0.243	0.754
40.0/42	0.041/0.06	0.00021/0.00040	466.57 mins	(2.389 mins)	0.254	0.243	0.753
40.0/42	0.041/0.06	0.00022/0.00040	468.97 mins	(2.408 mins)	0.260	0.245	0.747
40.0/42	0.041/0.06	0.00023/0.00040	471.43 mins	(2.453 mins)	0.275	0.244	0.752
40.0/42	0.041/0.06	0.00024/0.00040	473.95 mins	(2.523 mins)	0.280	0.244	0.748
40.0/42	0.041/0.06	0.00025/0.00040	476.46 mins	(2.504 mins)	0.290	0.244	0.745
40.0/42	0.041/0.06	0.00026/0.00040	479.03 mins	(2.574 mins)	0.293	0.244	0.741
40.0/42	0.041/0.06	0.00027/0.00040	481.58 mins	(2.553 mins)	0.301	0.244	0.742
40.0/42	0.041/0.06	0.00028/0.00040	484.19 mins	(2.612 mins)	0.312	0.245	0.739
40.0/42	0.041/0.06	0.00029/0.00040	486.86 mins	(2.665 mins)	0.318	0.245	0.740
40.0/42	0.041/0.06	0.00030/0.00040	489.62 mins	(2.758 mins)	0.325	0.242	0.738

40.0/42	0.042/0.06	0.00020/0.00040	492.09 mins	(2.478 mins)	0.245	0.243	0.755
40.0/42	0.042/0.06	0.00021/0.00040	494.57 mins	(2.478 mins)	0.256	0.243	0.756
40.0/42	0.042/0.06	0.00022/0.00040	497.00 mins	(2.43 mins)	0.269	0.244	0.755
40.0/42	0.042/0.06	0.00023/0.00040	499.48 mins	(2.48 mins)	0.277	0.243	0.753
40.0/42	0.042/0.06	0.00024/0.00040	501.94 mins	(2.46 mins)	0.279	0.243	0.746
40.0/42	0.042/0.06	0.00025/0.00040	504.45 mins	(2.51 mins)	0.292	0.243	0.746
40.0/42	0.042/0.06	0.00026/0.00040	506.97 mins	(2.518 mins)	0.300	0.243	0.748
40.0/42	0.042/0.06	0.00027/0.00040	509.54 mins	(2.569 mins)	0.305	0.244	0.746
40.0/42	0.042/0.06	0.00028/0.00040	512.12 mins	(2.583 mins)	0.315	0.244	0.746
40.0/42	0.042/0.06	0.00029/0.00040	514.79 mins	(2.665 mins)	0.327	0.244	0.746
40.0/42	0.042/0.06	0.00030/0.00040	517.43 mins	(2.647 mins)	0.328	0.244	0.739

40.0/42	0.043/0.06	0.00020/0.00040	519.81 mins	(2.376 mins)	0.250	0.244	0.761
40.0/42	0.043/0.06	0.00021/0.00040	522.28 mins	(2.47 mins)	0.260	0.240	0.758
40.0/42	0.043/0.06	0.00022/0.00040	524.71 mins	(2.434 mins)	0.267	0.242	0.755
40.0/42	0.043/0.06	0.00023/0.00040	527.16 mins	(2.445 mins)	0.275	0.244	0.753
40.0/42	0.043/0.06	0.00024/0.00040	529.70 mins	(2.538 mins)	0.287	0.246	0.756
40.0/42	0.043/0.06	0.00025/0.00040	532.25 mins	(2.55 mins)	0.294	0.243	0.750
40.0/42	0.043/0.06	0.00026/0.00040	534.83 mins	(2.587 mins)	0.300	0.242	0.747
40.0/42	0.043/0.06	0.00027/0.00040	537.38 mins	(2.552 mins)	0.308	0.242	0.745
40.0/42	0.043/0.06	0.00028/0.00040	540.04 mins	(2.658 mins)	0.325	0.243	0.746
40.0/42	0.043/0.06	0.00029/0.00040	542.63 mins	(2.586 mins)	0.321	0.243	0.742
40.0/42	0.043/0.06	0.00030/0.00040	545.26 mins	(2.634 mins)	0.333	0.243	0.740

40.0/42	0.044/0.06	0.00020/0.00040	547.63 mins	(2.366 mins)	0.256	0.244	0.765
40.0/42	0.044/0.06	0.00021/0.00040	550.04 mins	(2.416 mins)	0.260	0.241	0.763
40.0/42	0.044/0.06	0.00022/0.00040	552.53 mins	(2.481 mins)	0.276	0.245	0.761
40.0/42	0.044/0.06	0.00023/0.00040	555.00 mins	(2.476 mins)	0.274	0.242	0.754
40.0/42	0.044/0.06	0.00024/0.00040	557.51 mins	(2.513 mins)	0.289	0.243	0.752
40.0/42	0.044/0.06	0.00025/0.00040	560.06 mins	(2.541 mins)	0.298	0.244	0.756
40.0/42	0.044/0.06	0.00026/0.00040	562.68 mins	(2.628 mins)	0.313	0.244	0.760
40.0/42	0.044/0.06	0.00027/0.00040	565.27 mins	(2.582 mins)	0.308	0.242	0.751
40.0/42	0.044/0.06	0.00028/0.00040	567.90 mins	(2.636 mins)	0.326	0.244	0.753
40.0/42	0.044/0.06	0.00029/0.00040	570.54 mins	(2.634 mins)	0.331	0.247	0.748
40.0/42	0.044/0.06	0.00030/0.00040	573.21 mins	(2.673 mins)	0.341	0.245	0.747

40.0/42	0.045/0.06	0.00020/0.00040	575.63 mins	(2.42 mins)	0.258	0.242	0.771
40.0/42	0.045/0.06	0.00021/0.00040	578.08 mins	(2.454 mins)	0.265	0.243	0.764
40.0/42	0.045/0.06	0.00022/0.00040	580.53 mins	(2.451 mins)	0.274	0.242	0.761
40.0/42	0.045/0.06	0.00023/0.00040	583.06 mins	(2.522 mins)	0.287	0.245	0.765
40.0/42	0.045/0.06	0.00024/0.00040	585.60 mins	(2.543 mins)	0.298	0.244	0.761
40.0/42	0.045/0.06	0.00025/0.00040	588.16 mins	(2.561 mins)	0.303	0.243	0.759
40.0/42	0.045/0.06	0.00026/0.00040	590.74 mins	(2.581 mins)	0.309	0.243	0.756
40.0/42	0.045/0.06	0.00027/0.00040	593.37 mins	(2.628 mins)	0.319	0.244	0.756
40.0/42	0.045/0.06	0.00028/0.00040	596.00 mins	(2.626 mins)	0.329	0.243	0.754
40.0/42	0.045/0.06	0.00029/0.00040	598.64 mins	(2.642 mins)	0.325	0.243	0.748
40.0/42	0.045/0.06	0.00030/0.00040	601.30 mins	(2.661 mins)	0.340	0.244	0.751



41.0/42	0.035/0.06	0.00020/0.00040	603.60 mins	(2.305 mins)	0.230	0.249	0.736
41.0/42	0.035/0.06	0.00021/0.00040	605.89 mins	(2.286 mins)	0.236	0.249	0.731
41.0/42	0.035/0.06	0.00022/0.00040	608.29 mins	(2.402 mins)	0.243	0.247	0.727
41.0/42	0.035/0.06	0.00023/0.00040	610.68 mins	(2.388 mins)	0.252	0.248	0.726
41.0/42	0.035/0.06	0.00024/0.00040	613.12 mins	(2.44 mins)	0.262	0.248	0.726
41.0/42	0.035/0.06	0.00025/0.00040	615.57 mins	(2.453 mins)	0.270	0.248	0.727
41.0/42	0.035/0.06	0.00026/0.00040	618.07 mins	(2.495 mins)	0.277	0.250	0.722
41.0/42	0.035/0.06	0.00027/0.00040	620.58 mins	(2.518 mins)	0.287	0.249	0.723
41.0/42	0.035/0.06	0.00028/0.00040	623.12 mins	(2.537 mins)	0.295	0.249	0.725
41.0/42	0.035/0.06	0.00029/0.00040	625.70 mins	(2.582 mins)	0.298	0.247	0.718
41.0/42	0.035/0.06	0.00030/0.00040	628.25 mins	(2.551 mins)	0.306	0.249	0.719

41.0/42	0.036/0.06	0.00020/0.00040	630.56 mins	(2.302 mins)	0.228	0.250	0.735
41.0/42	0.036/0.06	0.00021/0.00040	632.88 mins	(2.323 mins)	0.236	0.249	0.734
41.0/42	0.036/0.06	0.00022/0.00040	635.24 mins	(2.359 mins)	0.247	0.246	0.732
41.0/42	0.036/0.06	0.00023/0.00040	637.61 mins	(2.374 mins)	0.254	0.247	0.729
41.0/42	0.036/0.06	0.00024/0.00040	640.04 mins	(2.427 mins)	0.268	0.250	0.733
41.0/42	0.036/0.06	0.00025/0.00040	642.48 mins	(2.444 mins)	0.274	0.248	0.730
41.0/42	0.036/0.06	0.00026/0.00040	645.01 mins	(2.533 mins)	0.284	0.249	0.731
41.0/42	0.036/0.06	0.00027/0.00040	647.52 mins	(2.508 mins)	0.288	0.248	0.726
41.0/42	0.036/0.06	0.00028/0.00040	650.07 mins	(2.543 mins)	0.295	0.249	0.725
41.0/42	0.036/0.06	0.00029/0.00040	652.62 mins	(2.551 mins)	0.303	0.248	0.726
41.0/42	0.036/0.06	0.00030/0.00040	655.21 mins	(2.595 mins)	0.313	0.248	0.723

41.0/42	0.037/0.06	0.00020/0.00040	657.54 mins	(2.329 mins)	0.234	0.247	0.741
41.0/42	0.037/0.06	0.00021/0.00040	659.90 mins	(2.355 mins)	0.243	0.250	0.742
41.0/42	0.037/0.06	0.00022/0.00040	662.31 mins	(2.418 mins)	0.253	0.249	0.738
41.0/42	0.037/0.06	0.00023/0.00040	664.71 mins	(2.398 mins)	0.258	0.249	0.739
41.0/42	0.037/0.06	0.00024/0.00040	667.15 mins	(2.443 mins)	0.272	0.249	0.738
41.0/42	0.037/0.06	0.00025/0.00040	669.61 mins	(2.453 mins)	0.270	0.246	0.728
41.0/42	0.037/0.06	0.00026/0.00040	672.11 mins	(2.502 mins)	0.285	0.250	0.731
41.0/42	0.037/0.06	0.00027/0.00040	674.62 mins	(2.506 mins)	0.293	0.249	0.731
41.0/42	0.037/0.06	0.00028/0.00040	677.18 mins	(2.566 mins)	0.304	0.249	0.732
41.0/42	0.037/0.06	0.00029/0.00040	679.76 mins	(2.582 mins)	0.307	0.249	0.728
41.0/42	0.037/0.06	0.00030/0.00040	682.39 mins	(2.631 mins)	0.318	0.250	0.728

41.0/42	0.038/0.06	0.00020/0.00040	684.73 mins	(2.332 mins)	0.237	0.247	0.743
41.0/42	0.038/0.06	0.00021/0.00040	687.12 mins	(2.393 mins)	0.248	0.246	0.743
41.0/42	0.038/0.06	0.00022/0.00040	689.53 mins	(2.406 mins)	0.251	0.247	0.742
41.0/42	0.038/0.06	0.00023/0.00040	692.02 mins	(2.49 mins)	0.261	0.247	0.740
41.0/42	0.038/0.06	0.00024/0.00040	694.62 mins	(2.604 mins)	0.267	0.247	0.736
41.0/42	0.038/0.06	0.00025/0.00040	697.26 mins	(2.638 mins)	0.284	0.248	0.739
41.0/42	0.038/0.06	0.00026/0.00040	699.87 mins	(2.61 mins)	0.286	0.247	0.729
41.0/42	0.038/0.06	0.00027/0.00040	702.56 mins	(2.695 mins)	0.297	0.249	0.735
41.0/42	0.038/0.06	0.00028/0.00040	705.23 mins	(2.665 mins)	0.301	0.249	0.729
41.0/42	0.038/0.06	0.00029/0.00040	707.95 mins	(2.726 mins)	0.318	0.251	0.735
41.0/42	0.038/0.06	0.00030/0.00040	710.58 mins	(2.624 mins)	0.322	0.250	0.732

41.0/42	0.039/0.06	0.00020/0.00040	712.91 mins	(2.33 mins)	0.243	0.247	0.751
41.0/42	0.039/0.06	0.00021/0.00040	715.26 mins	(2.356 mins)	0.246	0.247	0.745
41.0/42	0.039/0.06	0.00022/0.00040	717.64 mins	(2.381 mins)	0.258	0.250	0.749
41.0/42	0.039/0.06	0.00023/0.00040	720.07 mins	(2.424 mins)	0.268	0.250	0.746
41.0/42	0.039/0.06	0.00024/0.00040	722.54 mins	(2.468 mins)	0.278	0.246	0.743
41.0/42	0.039/0.06	0.00025/0.00040	725.05 mins	(2.516 mins)	0.284	0.250	0.742
41.0/42	0.039/0.06	0.00026/0.00040	727.57 mins	(2.518 mins)	0.295	0.247	0.741
41.0/42	0.039/0.06	0.00027/0.00040	730.16 mins	(2.585 mins)	0.301	0.248	0.739
41.0/42	0.039/0.06	0.00028/0.00040	732.73 mins	(2.572 mins)	0.304	0.248	0.734
41.0/42	0.039/0.06	0.00029/0.00040	735.32 mins	(2.588 mins)	0.312	0.248	0.732
41.0/42	0.039/0.06	0.00030/0.00040	737.93 mins	(2.618 mins)	0.321	0.248	0.734

41.0/42	0.040/0.06	0.00020/0.00040	740.25 mins	(2.319 mins)	0.240	0.249	0.750
41.0/42	0.040/0.06	0.00021/0.00040	742.61 mins	(2.36 mins)	0.254	0.247	0.752
41.0/42	0.040/0.06	0.00022/0.00040	745.05 mins	(2.441 mins)	0.264	0.248	0.750
41.0/42	0.040/0.06	0.00023/0.00040	747.48 mins	(2.432 mins)	0.272	0.250	0.751
41.0/42	0.040/0.06	0.00024/0.00040	749.99 mins	(2.501 mins)	0.278	0.248	0.744
41.0/42	0.040/0.06	0.00025/0.00040	752.48 mins	(2.492 mins)	0.287	0.249	0.746
41.0/42	0.040/0.06	0.00026/0.00040	755.06 mins	(2.581 mins)	0.294	0.248	0.744
41.0/42	0.040/0.06	0.00027/0.00040	757.60 mins	(2.545 mins)	0.306	0.250	0.742
41.0/42	0.040/0.06	0.00028/0.00040	760.20 mins	(2.598 mins)	0.310	0.247	0.738
41.0/42	0.040/0.06	0.00029/0.00040	762.83 mins	(2.633 mins)	0.320	0.248	0.739
41.0/42	0.040/0.06	0.00030/0.00040	765.46 mins	(2.63 mins)	0.326	0.247	0.739

41.0/42	0.041/0.06	0.00020/0.00040	767.83 mins	(2.366 mins)	0.250	0.247	0.753
41.0/42	0.041/0.06	0.00021/0.00040	770.21 mins	(2.376 mins)	0.254	0.250	0.754
41.0/42	0.041/0.06	0.00022/0.00040	772.63 mins	(2.428 mins)	0.262	0.246	0.751
41.0/42	0.041/0.06	0.00023/0.00040	775.10 mins	(2.466 mins)	0.276	0.247	0.752
41.0/42	0.041/0.06	0.00024/0.00040	777.60 mins	(2.504 mins)	0.286	0.248	0.753
41.0/42	0.041/0.06	0.00025/0.00040	780.11 mins	(2.504 mins)	0.292	0.249	0.751
41.0/42	0.041/0.06	0.00026/0.00040	782.65 mins	(2.542 mins)	0.296	0.249	0.749
41.0/42	0.041/0.06	0.00027/0.00040	785.24 mins	(2.586 mins)	0.310	0.249	0.747
41.0/42	0.041/0.06	0.00028/0.00040	787.83 mins	(2.598 mins)	0.315	0.247	0.744
41.0/42	0.041/0.06	0.00029/0.00040	790.48 mins	(2.646 mins)	0.323	0.250	0.743
41.0/42	0.041/0.06	0.00030/0.00040	793.12 mins	(2.644 mins)	0.331	0.249	0.741

41.0/42	0.042/0.06	0.00020/0.00040	795.50 mins	(2.376 mins)	0.251	0.248	0.760
41.0/42	0.042/0.06	0.00021/0.00040	797.89 mins	(2.395 mins)	0.256	0.248	0.757
41.0/42	0.042/0.06	0.00022/0.00040	800.33 mins	(2.44 mins)	0.268	0.247	0.758
41.0/42	0.042/0.06	0.00023/0.00040	802.81 mins	(2.474 mins)	0.280	0.251	0.758
41.0/42	0.042/0.06	0.00024/0.00040	805.29 mins	(2.484 mins)	0.286	0.248	0.754
41.0/42	0.042/0.06	0.00025/0.00040	807.84 mins	(2.55 mins)	0.294	0.246	0.749
41.0/42	0.042/0.06	0.00026/0.00040	810.39 mins	(2.547 mins)	0.303	0.249	0.752
41.0/42	0.042/0.06	0.00027/0.00040	812.96 mins	(2.574 mins)	0.314	0.248	0.749
41.0/42	0.042/0.06	0.00028/0.00040	815.57 mins	(2.609 mins)	0.320	0.248	0.747
41.0/42	0.042/0.06	0.00029/0.00040	818.18 mins	(2.61 mins)	0.330	0.248	0.749
41.0/42	0.042/0.06	0.00030/0.00040	820.81 mins	(2.626 mins)	0.330	0.247	0.743

41.0/42	0.043/0.06	0.00020/0.00040	823.19 mins	(2.38 mins)	0.254	0.250	0.763
41.0/42	0.043/0.06	0.00021/0.00040	825.60 mins	(2.413 mins)	0.265	0.251	0.762
41.0/42	0.043/0.06	0.00022/0.00040	828.08 mins	(2.477 mins)	0.274	0.248	0.758
41.0/42	0.043/0.06	0.00023/0.00040	830.58 mins	(2.498 mins)	0.279	0.247	0.760
41.0/42	0.043/0.06	0.00024/0.00040	833.12 mins	(2.548 mins)	0.292	0.248	0.758
41.0/42	0.043/0.06	0.00025/0.00040	835.69 mins	(2.562 mins)	0.305	0.249	0.760
41.0/42	0.043/0.06	0.00026/0.00040	838.31 mins	(2.621 mins)	0.312	0.249	0.757
41.0/42	0.043/0.06	0.00027/0.00040	840.86 mins	(2.556 mins)	0.315	0.249	0.755
41.0/42	0.043/0.06	0.00028/0.00040	843.54 mins	(2.673 mins)	0.324	0.247	0.750
41.0/42	0.043/0.06	0.00029/0.00040	846.18 mins	(2.641 mins)	0.332	0.250	0.750
41.0/42	0.043/0.06	0.00030/0.00040	848.89 mins	(2.712 mins)	0.341	0.249	0.749

41.0/42	0.044/0.06	0.00020/0.00040	851.29 mins	(2.40 mins)	0.263	0.251	0.768
41.0/42	0.044/0.06	0.00021/0.00040	853.72 mins	(2.428 mins)	0.268	0.250	0.767
41.0/42	0.044/0.06	0.00022/0.00040	856.17 mins	(2.456 mins)	0.277	0.248	0.766
41.0/42	0.044/0.06	0.00023/0.00040	858.65 mins	(2.478 mins)	0.289	0.248	0.765
41.0/42	0.044/0.06	0.00024/0.00040	861.18 mins	(2.528 mins)	0.294	0.248	0.762
41.0/42	0.044/0.06	0.00025/0.00040	863.76 mins	(2.577 mins)	0.304	0.248	0.761
41.0/42	0.044/0.06	0.00026/0.00040	866.41 mins	(2.652 mins)	0.315	0.248	0.761
41.0/42	0.044/0.06	0.00027/0.00040	869.01 mins	(2.601 mins)	0.319	0.250	0.758
41.0/42	0.044/0.06	0.00028/0.00040	871.66 mins	(2.653 mins)	0.330	0.248	0.757
41.0/42	0.044/0.06	0.00029/0.00040	874.35 mins	(2.684 mins)	0.335	0.248	0.752
41.0/42	0.044/0.06	0.00030/0.00040	877.04 mins	(2.689 mins)	0.341	0.250	0.751

41.0/42	0.045/0.06	0.00020/0.00040	879.51 mins	(2.471 mins)	0.259	0.247	0.766
41.0/42	0.045/0.06	0.00021/0.00040	882.03 mins	(2.527 mins)	0.275	0.249	0.771
41.0/42	0.045/0.06	0.00022/0.00040	884.51 mins	(2.48 mins)	0.280	0.250	0.767
41.0/42	0.045/0.06	0.00023/0.00040	887.01 mins	(2.494 mins)	0.299	0.251	0.775
41.0/42	0.045/0.06	0.00024/0.00040	889.56 mins	(2.551 mins)	0.304	0.247	0.770
41.0/42	0.045/0.06	0.00025/0.00040	892.19 mins	(2.63 mins)	0.308	0.248	0.764
41.0/42	0.045/0.06	0.00026/0.00040	894.76 mins	(2.57 mins)	0.313	0.249	0.763
41.0/42	0.045/0.06	0.00027/0.00040	897.42 mins	(2.666 mins)	0.330	0.248	0.765
41.0/42	0.045/0.06	0.00028/0.00040	900.05 mins	(2.628 mins)	0.327	0.250	0.757
41.0/42	0.045/0.06	0.00029/0.00040	902.73 mins	(2.679 mins)	0.341	0.248	0.760
41.0/42	0.045/0.06	0.00030/0.00040	905.42 mins	(2.691 mins)	0.349	0.249	0.757



42.0/42	0.035/0.06	0.00020/0.00040	907.72 mins	(2.294 mins)	0.233	0.254	0.740
42.0/42	0.035/0.06	0.00021/0.00040	910.08 mins	(2.367 mins)	0.242	0.253	0.740
42.0/42	0.035/0.06	0.00022/0.00040	912.49 mins	(2.411 mins)	0.251	0.255	0.737
42.0/42	0.035/0.06	0.00023/0.00040	914.91 mins	(2.418 mins)	0.258	0.253	0.735
42.0/42	0.035/0.06	0.00024/0.00040	917.34 mins	(2.426 mins)	0.262	0.250	0.733
42.0/42	0.035/0.06	0.00025/0.00040	919.84 mins	(2.503 mins)	0.272	0.253	0.731
42.0/42	0.035/0.06	0.00026/0.00040	922.32 mins	(2.476 mins)	0.283	0.257	0.733
42.0/42	0.035/0.06	0.00027/0.00040	924.85 mins	(2.529 mins)	0.293	0.254	0.732
42.0/42	0.035/0.06	0.00028/0.00040	927.38 mins	(2.539 mins)	0.297	0.252	0.726
42.0/42	0.035/0.06	0.00029/0.00040	929.99 mins	(2.607 mins)	0.306	0.255	0.726
42.0/42	0.035/0.06	0.00030/0.00040	932.61 mins	(2.621 mins)	0.316	0.254	0.725

42.0/42	0.036/0.06	0.00020/0.00040	934.96 mins	(2.35 mins)	0.233	0.252	0.741
42.0/42	0.036/0.06	0.00021/0.00040	937.28 mins	(2.316 mins)	0.242	0.253	0.741
42.0/42	0.036/0.06	0.00022/0.00040	939.67 mins	(2.394 mins)	0.255	0.253	0.741
42.0/42	0.036/0.06	0.00023/0.00040	942.11 mins	(2.432 mins)	0.263	0.254	0.737
42.0/42	0.036/0.06	0.00024/0.00040	944.55 mins	(2.444 mins)	0.272	0.255	0.735
42.0/42	0.036/0.06	0.00025/0.00040	947.02 mins	(2.471 mins)	0.283	0.255	0.736
42.0/42	0.036/0.06	0.00026/0.00040	949.54 mins	(2.518 mins)	0.288	0.256	0.736
42.0/42	0.036/0.06	0.00027/0.00040	952.08 mins	(2.544 mins)	0.290	0.253	0.727
42.0/42	0.036/0.06	0.00028/0.00040	954.64 mins	(2.552 mins)	0.302	0.254	0.732
42.0/42	0.036/0.06	0.00029/0.00040	957.24 mins	(2.60 mins)	0.309	0.257	0.729
42.0/42	0.036/0.06	0.00030/0.00040	959.91 mins	(2.678 mins)	0.318	0.253	0.729

42.0/42	0.037/0.06	0.00020/0.00040	962.26 mins	(2.347 mins)	0.236	0.252	0.747
42.0/42	0.037/0.06	0.00021/0.00040	964.66 mins	(2.399 mins)	0.248	0.253	0.744
42.0/42	0.037/0.06	0.00022/0.00040	967.04 mins	(2.381 mins)	0.255	0.255	0.743
42.0/42	0.037/0.06	0.00023/0.00040	969.46 mins	(2.419 mins)	0.263	0.254	0.739
42.0/42	0.037/0.06	0.00024/0.00040	971.93 mins	(2.473 mins)	0.274	0.255	0.742
42.0/42	0.037/0.06	0.00025/0.00040	974.44 mins	(2.506 mins)	0.278	0.251	0.737
42.0/42	0.037/0.06	0.00026/0.00040	976.94 mins	(2.502 mins)	0.291	0.256	0.738
42.0/42	0.037/0.06	0.00027/0.00040	979.50 mins	(2.555 mins)	0.294	0.253	0.737
42.0/42	0.037/0.06	0.00028/0.00040	982.07 mins	(2.574 mins)	0.308	0.255	0.737
42.0/42	0.037/0.06	0.00029/0.00040	984.65 mins	(2.577 mins)	0.307	0.253	0.731
42.0/42	0.037/0.06	0.00030/0.00040	987.29 mins	(2.64 mins)	0.320	0.255	0.733

42.0/42	0.038/0.06	0.00020/0.00040	989.61 mins	(2.321 mins)	0.234	0.252	0.746
42.0/42	0.038/0.06	0.00021/0.00040	992.04 mins	(2.426 mins)	0.248	0.253	0.746
42.0/42	0.038/0.06	0.00022/0.00040	994.41 mins	(2.368 mins)	0.255	0.253	0.744
42.0/42	0.038/0.06	0.00023/0.00040	996.85 mins	(2.444 mins)	0.269	0.253	0.744
42.0/42	0.038/0.06	0.00024/0.00040	999.32 mins	(2.473 mins)	0.277	0.254	0.744
42.0/42	0.038/0.06	0.00025/0.00040	1001.82 mins	(2.495 mins)	0.283	0.253	0.743
42.0/42	0.038/0.06	0.00026/0.00040	1004.34 mins	(2.519 mins)	0.290	0.253	0.739
42.0/42	0.038/0.06	0.00027/0.00040	1006.93 mins	(2.593 mins)	0.301	0.254	0.743
42.0/42	0.038/0.06	0.00028/0.00040	1009.55 mins	(2.618 mins)	0.311	0.253	0.738
42.0/42	0.038/0.06	0.00029/0.00040	1012.20 mins	(2.653 mins)	0.317	0.253	0.736
42.0/42	0.038/0.06	0.00030/0.00040	1014.85 mins	(2.65 mins)	0.330	0.255	0.739

42.0/42	0.039/0.06	0.00020/0.00040	1017.23 mins	(2.382 mins)	0.245	0.255	0.756
42.0/42	0.039/0.06	0.00021/0.00040	1019.60 mins	(2.371 mins)	0.254	0.252	0.750
42.0/42	0.039/0.06	0.00022/0.00040	1022.05 mins	(2.444 mins)	0.260	0.254	0.751
42.0/42	0.039/0.06	0.00023/0.00040	1024.49 mins	(2.441 mins)	0.268	0.253	0.749
42.0/42	0.039/0.06	0.00024/0.00040	1026.96 mins	(2.472 mins)	0.277	0.253	0.747
42.0/42	0.039/0.06	0.00025/0.00040	1029.46 mins	(2.497 mins)	0.290	0.251	0.748
42.0/42	0.039/0.06	0.00026/0.00040	1032.00 mins	(2.542 mins)	0.298	0.254	0.746
42.0/42	0.039/0.06	0.00027/0.00040	1034.63 mins	(2.633 mins)	0.303	0.253	0.743
42.0/42	0.039/0.06	0.00028/0.00040	1037.37 mins	(2.742 mins)	0.311	0.254	0.741
42.0/42	0.039/0.06	0.00029/0.00040	1040.12 mins	(2.75 mins)	0.322	0.254	0.741
42.0/42	0.039/0.06	0.00030/0.00040	1042.82 mins	(2.693 mins)	0.329	0.254	0.738

42.0/42	0.040/0.06	0.00020/0.00040	1045.23 mins	(2.409 mins)	0.247	0.255	0.756
42.0/42	0.040/0.06	0.00021/0.00040	1047.71 mins	(2.487 mins)	0.259	0.254	0.755
42.0/42	0.040/0.06	0.00022/0.00040	1050.18 mins	(2.464 mins)	0.271	0.256	0.756
42.0/42	0.040/0.06	0.00023/0.00040	1052.70 mins	(2.525 mins)	0.276	0.254	0.754
42.0/42	0.040/0.06	0.00024/0.00040	1055.23 mins	(2.528 mins)	0.281	0.254	0.751
42.0/42	0.040/0.06	0.00025/0.00040	1057.77 mins	(2.541 mins)	0.295	0.254	0.753
42.0/42	0.040/0.06	0.00026/0.00040	1060.39 mins	(2.618 mins)	0.310	0.254	0.751
42.0/42	0.040/0.06	0.00027/0.00040	1062.94 mins	(2.555 mins)	0.307	0.253	0.748
42.0/42	0.040/0.06	0.00028/0.00040	1065.56 mins	(2.612 mins)	0.315	0.254	0.743
42.0/42	0.040/0.06	0.00029/0.00040	1068.15 mins	(2.592 mins)	0.324	0.255	0.747
42.0/42	0.040/0.06	0.00030/0.00040	1070.81 mins	(2.663 mins)	0.337	0.254	0.748

42.0/42	0.041/0.06	0.00020/0.00040	1073.20 mins	(2.388 mins)	0.256	0.254	0.767
42.0/42	0.041/0.06	0.00021/0.00040	1075.60 mins	(2.399 mins)	0.254	0.249	0.754
42.0/42	0.041/0.06	0.00022/0.00040	1078.03 mins	(2.43 mins)	0.272	0.254	0.758
42.0/42	0.041/0.06	0.00023/0.00040	1080.52 mins	(2.487 mins)	0.278	0.252	0.757
42.0/42	0.041/0.06	0.00024/0.00040	1083.02 mins	(2.503 mins)	0.288	0.253	0.754
42.0/42	0.041/0.06	0.00025/0.00040	1085.51 mins	(2.491 mins)	0.293	0.253	0.751
42.0/42	0.041/0.06	0.00026/0.00040	1088.10 mins	(2.586 mins)	0.307	0.251	0.750
42.0/42	0.041/0.06	0.00027/0.00040	1090.83 mins	(2.733 mins)	0.316	0.254	0.754
42.0/42	0.041/0.06	0.00028/0.00040	1093.46 mins	(2.632 mins)	0.325	0.255	0.749
42.0/42	0.041/0.06	0.00029/0.00040	1096.11 mins	(2.649 mins)	0.329	0.257	0.749
42.0/42	0.041/0.06	0.00030/0.00040	1098.78 mins	(2.674 mins)	0.335	0.254	0.746

42.0/42	0.042/0.06	0.00020/0.00040	1101.20 mins	(2.418 mins)	0.260	0.256	0.770
42.0/42	0.042/0.06	0.00021/0.00040	1103.61 mins	(2.405 mins)	0.268	0.254	0.763
42.0/42	0.042/0.06	0.00022/0.00040	1106.08 mins	(2.472 mins)	0.277	0.254	0.763
42.0/42	0.042/0.06	0.00023/0.00040	1108.55 mins	(2.47 mins)	0.283	0.253	0.759
42.0/42	0.042/0.06	0.00024/0.00040	1111.05 mins	(2.497 mins)	0.291	0.254	0.763
42.0/42	0.042/0.06	0.00025/0.00040	1113.58 mins	(2.537 mins)	0.297	0.253	0.758
42.0/42	0.042/0.06	0.00026/0.00040	1116.16 mins	(2.575 mins)	0.305	0.256	0.755
42.0/42	0.042/0.06	0.00027/0.00040	1118.77 mins	(2.61 mins)	0.318	0.250	0.751
42.0/42	0.042/0.06	0.00028/0.00040	1121.40 mins	(2.633 mins)	0.323	0.256	0.756
42.0/42	0.042/0.06	0.00029/0.00040	1124.20 mins	(2.802 mins)	0.331	0.254	0.747
42.0/42	0.042/0.06	0.00030/0.00040	1126.94 mins	(2.736 mins)	0.339	0.253	0.750

42.0/42	0.043/0.06	0.00020/0.00040	1129.40 mins	(2.462 mins)	0.261	0.251	0.770
42.0/42	0.043/0.06	0.00021/0.00040	1131.85 mins	(2.445 mins)	0.271	0.253	0.768
42.0/42	0.043/0.06	0.00022/0.00040	1134.33 mins	(2.486 mins)	0.282	0.255	0.769
42.0/42	0.043/0.06	0.00023/0.00040	1136.83 mins	(2.50 mins)	0.287	0.255	0.765
42.0/42	0.043/0.06	0.00024/0.00040	1139.38 mins	(2.551 mins)	0.295	0.252	0.763
42.0/42	0.043/0.06	0.00025/0.00040	1141.92 mins	(2.541 mins)	0.305	0.254	0.761
42.0/42	0.043/0.06	0.00026/0.00040	1144.48 mins	(2.561 mins)	0.310	0.251	0.757
42.0/42	0.043/0.06	0.00027/0.00040	1147.07 mins	(2.585 mins)	0.318	0.253	0.757
42.0/42	0.043/0.06	0.00028/0.00040	1149.71 mins	(2.639 mins)	0.328	0.253	0.756
42.0/42	0.043/0.06	0.00029/0.00040	1152.39 mins	(2.678 mins)	0.341	0.253	0.756
42.0/42	0.043/0.06	0.00030/0.00040	1155.09 mins	(2.70 mins)	0.345	0.253	0.751

42.0/42	0.044/0.06	0.00020/0.00040	1157.60 mins	(2.509 mins)	0.263	0.253	0.770
42.0/42	0.044/0.06	0.00021/0.00040	1160.21 mins	(2.617 mins)	0.273	0.254	0.770
42.0/42	0.044/0.06	0.00022/0.00040	1162.82 mins	(2.608 mins)	0.281	0.256	0.771
42.0/42	0.044/0.06	0.00023/0.00040	1165.42 mins	(2.601 mins)	0.293	0.252	0.770
42.0/42	0.044/0.06	0.00024/0.00040	1168.09 mins	(2.668 mins)	0.308	0.257	0.769
42.0/42	0.044/0.06	0.00025/0.00040	1170.77 mins	(2.679 mins)	0.306	0.256	0.767
42.0/42	0.044/0.06	0.00026/0.00040	1173.45 mins	(2.684 mins)	0.316	0.253	0.762
42.0/42	0.044/0.06	0.00027/0.00040	1176.10 mins	(2.652 mins)	0.330	0.254	0.763
42.0/42	0.044/0.06	0.00028/0.00040	1178.78 mins	(2.673 mins)	0.336	0.253	0.761
42.0/42	0.044/0.06	0.00029/0.00040	1181.66 mins	(2.879 mins)	0.340	0.253	0.756
42.0/42	0.044/0.06	0.00030/0.00040	1184.40 mins	(2.741 mins)	0.353	0.254	0.759

42.0/42	0.045/0.06	0.00020/0.00040	1186.97 mins	(2.574 mins)	0.271	0.253	0.776
42.0/42	0.045/0.06	0.00021/0.00040	1189.49 mins	(2.52 mins)	0.274	0.253	0.771
42.0/42	0.045/0.06	0.00022/0.00040	1191.98 mins	(2.488 mins)	0.284	0.254	0.772
42.0/42	0.045/0.06	0.00023/0.00040	1194.51 mins	(2.528 mins)	0.295	0.254	0.774
42.0/42	0.045/0.06	0.00024/0.00040	1197.12 mins	(2.61 mins)	0.303	0.253	0.769
42.0/42	0.045/0.06	0.00025/0.00040	1199.70 mins	(2.581 mins)	0.315	0.253	0.768
42.0/42	0.045/0.06	0.00026/0.00040	1202.36 mins	(2.659 mins)	0.323	0.254	0.771
42.0/42	0.045/0.06	0.00027/0.00040	1205.02 mins	(2.66 mins)	0.328	0.253	0.766
42.0/42	0.045/0.06	0.00028/0.00040	1207.73 mins	(2.713 mins)	0.337	0.253	0.765
42.0/42	0.045/0.06	0.00029/0.00040	1210.45 mins	(2.719 mins)	0.351	0.255	0.765
42.0/42	0.045/0.06	0.00030/0.00040	1213.17 mins	(2.721 mins)	0.356	0.254	0.762



43.0/42	0.035/0.06	0.00020/0.00040	1215.53 mins	(2.361 mins)	0.241	0.260	0.743
43.0/42	0.035/0.06	0.00021/0.00040	1217.88 mins	(2.353 mins)	0.245	0.260	0.743
43.0/42	0.035/0.06	0.00022/0.00040	1220.27 mins	(2.385 mins)	0.254	0.261	0.741
43.0/42	0.035/0.06	0.00023/0.00040	1222.65 mins	(2.378 mins)	0.260	0.258	0.739
43.0/42	0.035/0.06	0.00024/0.00040	1225.10 mins	(2.452 mins)	0.274	0.262	0.739
43.0/42	0.035/0.06	0.00025/0.00040	1227.62 mins	(2.515 mins)	0.279	0.262	0.738
43.0/42	0.035/0.06	0.00026/0.00040	1230.13 mins	(2.512 mins)	0.292	0.260	0.741
43.0/42	0.035/0.06	0.00027/0.00040	1232.61 mins	(2.484 mins)	0.289	0.258	0.731
43.0/42	0.035/0.06	0.00028/0.00040	1235.16 mins	(2.548 mins)	0.303	0.260	0.730
43.0/42	0.035/0.06	0.00029/0.00040	1237.75 mins	(2.59 mins)	0.312	0.259	0.734
43.0/42	0.035/0.06	0.00030/0.00040	1240.35 mins	(2.60 mins)	0.320	0.259	0.730

43.0/42	0.036/0.06	0.00020/0.00040	1242.68 mins	(2.333 mins)	0.243	0.262	0.750
43.0/42	0.036/0.06	0.00021/0.00040	1245.04 mins	(2.358 mins)	0.248	0.259	0.748
43.0/42	0.036/0.06	0.00022/0.00040	1247.44 mins	(2.404 mins)	0.259	0.259	0.746
43.0/42	0.036/0.06	0.00023/0.00040	1249.96 mins	(2.521 mins)	0.273	0.261	0.746
43.0/42	0.036/0.06	0.00024/0.00040	1252.55 mins	(2.586 mins)	0.272	0.258	0.742
43.0/42	0.036/0.06	0.00025/0.00040	1255.16 mins	(2.608 mins)	0.285	0.260	0.743
43.0/42	0.036/0.06	0.00026/0.00040	1257.76 mins	(2.605 mins)	0.290	0.260	0.738
43.0/42	0.036/0.06	0.00027/0.00040	1260.37 mins	(2.608 mins)	0.303	0.259	0.738
43.0/42	0.036/0.06	0.00028/0.00040	1262.98 mins	(2.608 mins)	0.309	0.262	0.736
43.0/42	0.036/0.06	0.00029/0.00040	1265.56 mins	(2.581 mins)	0.313	0.260	0.733
43.0/42	0.036/0.06	0.00030/0.00040	1268.16 mins	(2.601 mins)	0.318	0.259	0.733

43.0/42	0.037/0.06	0.00020/0.00040	1270.52 mins	(2.361 mins)	0.241	0.258	0.750
43.0/42	0.037/0.06	0.00021/0.00040	1272.91 mins	(2.387 mins)	0.251	0.257	0.748
43.0/42	0.037/0.06	0.00022/0.00040	1275.38 mins	(2.473 mins)	0.262	0.257	0.749
43.0/42	0.037/0.06	0.00023/0.00040	1277.84 mins	(2.458 mins)	0.268	0.258	0.744
43.0/42	0.037/0.06	0.00024/0.00040	1280.32 mins	(2.483 mins)	0.279	0.258	0.745
43.0/42	0.037/0.06	0.00025/0.00040	1282.85 mins	(2.532 mins)	0.288	0.259	0.744
43.0/42	0.037/0.06	0.00026/0.00040	1285.39 mins	(2.537 mins)	0.299	0.261	0.746
43.0/42	0.037/0.06	0.00027/0.00040	1287.94 mins	(2.549 mins)	0.303	0.259	0.742
43.0/42	0.037/0.06	0.00028/0.00040	1290.53 mins	(2.587 mins)	0.310	0.260	0.740
43.0/42	0.037/0.06	0.00029/0.00040	1293.16 mins	(2.632 mins)	0.319	0.259	0.739
43.0/42	0.037/0.06	0.00030/0.00040	1295.77 mins	(2.615 mins)	0.329	0.259	0.739

43.0/42	0.038/0.06	0.00020/0.00040	1298.14 mins	(2.361 mins)	0.243	0.256	0.752
43.0/42	0.038/0.06	0.00021/0.00040	1300.53 mins	(2.397 mins)	0.253	0.260	0.753
43.0/42	0.038/0.06	0.00022/0.00040	1302.97 mins	(2.439 mins)	0.267	0.260	0.754
43.0/42	0.038/0.06	0.00023/0.00040	1305.46 mins	(2.484 mins)	0.276	0.258	0.752
43.0/42	0.038/0.06	0.00024/0.00040	1307.98 mins	(2.528 mins)	0.278	0.255	0.745
43.0/42	0.038/0.06	0.00025/0.00040	1310.55 mins	(2.563 mins)	0.292	0.258	0.751
43.0/42	0.038/0.06	0.00026/0.00040	1313.10 mins	(2.551 mins)	0.297	0.258	0.748
43.0/42	0.038/0.06	0.00027/0.00040	1315.68 mins	(2.582 mins)	0.306	0.259	0.745
43.0/42	0.038/0.06	0.00028/0.00040	1318.28 mins	(2.605 mins)	0.318	0.261	0.746
43.0/42	0.038/0.06	0.00029/0.00040	1320.93 mins	(2.643 mins)	0.325	0.259	0.743
43.0/42	0.038/0.06	0.00030/0.00040	1323.57 mins	(2.642 mins)	0.333	0.256	0.742

43.0/42	0.039/0.06	0.00020/0.00040	1325.96 mins	(2.394 mins)	0.255	0.261	0.764
43.0/42	0.039/0.06	0.00021/0.00040	1328.38 mins	(2.414 mins)	0.257	0.257	0.757
43.0/42	0.039/0.06	0.00022/0.00040	1330.86 mins	(2.482 mins)	0.266	0.259	0.754
43.0/42	0.039/0.06	0.00023/0.00040	1333.30 mins	(2.439 mins)	0.275	0.259	0.757
43.0/42	0.039/0.06	0.00024/0.00040	1335.76 mins	(2.458 mins)	0.284	0.258	0.752
43.0/42	0.039/0.06	0.00025/0.00040	1338.24 mins	(2.489 mins)	0.290	0.258	0.748
43.0/42	0.039/0.06	0.00026/0.00040	1340.84 mins	(2.598 mins)	0.308	0.261	0.756
43.0/42	0.039/0.06	0.00027/0.00040	1343.41 mins	(2.567 mins)	0.313	0.260	0.748
43.0/42	0.039/0.06	0.00028/0.00040	1346.03 mins	(2.624 mins)	0.319	0.261	0.747
43.0/42	0.039/0.06	0.00029/0.00040	1348.68 mins	(2.645 mins)	0.327	0.258	0.746
43.0/42	0.039/0.06	0.00030/0.00040	1351.34 mins	(2.658 mins)	0.335	0.261	0.746

43.0/42	0.040/0.06	0.00020/0.00040	1353.71 mins	(2.368 mins)	0.248	0.258	0.761
43.0/42	0.040/0.06	0.00021/0.00040	1356.10 mins	(2.39 mins)	0.263	0.258	0.764
43.0/42	0.040/0.06	0.00022/0.00040	1358.51 mins	(2.412 mins)	0.264	0.258	0.753
43.0/42	0.040/0.06	0.00023/0.00040	1361.00 mins	(2.494 mins)	0.284	0.259	0.760
43.0/42	0.040/0.06	0.00024/0.00040	1363.51 mins	(2.509 mins)	0.292	0.261	0.757
43.0/42	0.040/0.06	0.00025/0.00040	1366.04 mins	(2.531 mins)	0.301	0.259	0.757
43.0/42	0.040/0.06	0.00026/0.00040	1368.59 mins	(2.547 mins)	0.305	0.259	0.754
43.0/42	0.040/0.06	0.00027/0.00040	1371.12 mins	(2.534 mins)	0.310	0.257	0.751
43.0/42	0.040/0.06	0.00028/0.00040	1373.75 mins	(2.626 mins)	0.323	0.259	0.750
43.0/42	0.040/0.06	0.00029/0.00040	1376.38 mins	(2.629 mins)	0.328	0.260	0.752
43.0/42	0.040/0.06	0.00030/0.00040	1379.03 mins	(2.652 mins)	0.336	0.259	0.747

43.0/42	0.041/0.06	0.00020/0.00040	1381.36 mins	(2.331 mins)	0.250	0.256	0.761
43.0/42	0.041/0.06	0.00021/0.00040	1383.78 mins	(2.425 mins)	0.264	0.260	0.765
43.0/42	0.041/0.06	0.00022/0.00040	1386.25 mins	(2.469 mins)	0.276	0.259	0.764
43.0/42	0.041/0.06	0.00023/0.00040	1388.77 mins	(2.519 mins)	0.284	0.257	0.761
43.0/42	0.041/0.06	0.00024/0.00040	1391.30 mins	(2.525 mins)	0.297	0.261	0.763
43.0/42	0.041/0.06	0.00025/0.00040	1393.87 mins	(2.568 mins)	0.304	0.259	0.760
43.0/42	0.041/0.06	0.00026/0.00040	1396.45 mins	(2.581 mins)	0.316	0.260	0.760
43.0/42	0.041/0.06	0.00027/0.00040	1399.09 mins	(2.644 mins)	0.317	0.258	0.754
43.0/42	0.041/0.06	0.00028/0.00040	1401.74 mins	(2.653 mins)	0.328	0.261	0.755
43.0/42	0.041/0.06	0.00029/0.00040	1404.39 mins	(2.651 mins)	0.330	0.259	0.750
43.0/42	0.041/0.06	0.00030/0.00040	1407.20 mins	(2.803 mins)	0.341	0.261	0.753

43.0/42	0.042/0.06	0.00020/0.00040	1409.67 mins	(2.473 mins)	0.261	0.258	0.770
43.0/42	0.042/0.06	0.00021/0.00040	1412.24 mins	(2.572 mins)	0.272	0.256	0.769
43.0/42	0.042/0.06	0.00022/0.00040	1414.75 mins	(2.507 mins)	0.278	0.258	0.765
43.0/42	0.042/0.06	0.00023/0.00040	1417.38 mins	(2.632 mins)	0.290	0.261	0.768
43.0/42	0.042/0.06	0.00024/0.00040	1420.08 mins	(2.696 mins)	0.298	0.258	0.765
43.0/42	0.042/0.06	0.00025/0.00040	1422.71 mins	(2.635 mins)	0.307	0.257	0.762
43.0/42	0.042/0.06	0.00026/0.00040	1425.45 mins	(2.737 mins)	0.326	0.262	0.767
43.0/42	0.042/0.06	0.00027/0.00040	1428.17 mins	(2.719 mins)	0.322	0.258	0.758
43.0/42	0.042/0.06	0.00028/0.00040	1430.91 mins	(2.743 mins)	0.331	0.259	0.758
43.0/42	0.042/0.06	0.00029/0.00040	1433.58 mins	(2.674 mins)	0.340	0.260	0.759
43.0/42	0.042/0.06	0.00030/0.00040	1436.29 mins	(2.706 mins)	0.348	0.259	0.756

43.0/42	0.043/0.06	0.00020/0.00040	1438.72 mins	(2.435 mins)	0.265	0.256	0.772
43.0/42	0.043/0.06	0.00021/0.00040	1441.21 mins	(2.481 mins)	0.271	0.259	0.770
43.0/42	0.043/0.06	0.00022/0.00040	1443.73 mins	(2.528 mins)	0.278	0.258	0.769
43.0/42	0.043/0.06	0.00023/0.00040	1446.26 mins	(2.531 mins)	0.296	0.258	0.772
43.0/42	0.043/0.06	0.00024/0.00040	1448.83 mins	(2.568 mins)	0.300	0.259	0.765
43.0/42	0.043/0.06	0.00025/0.00040	1451.38 mins	(2.544 mins)	0.310	0.257	0.765
43.0/42	0.043/0.06	0.00026/0.00040	1454.01 mins	(2.636 mins)	0.322	0.259	0.765
43.0/42	0.043/0.06	0.00027/0.00040	1456.63 mins	(2.614 mins)	0.329	0.260	0.764
43.0/42	0.043/0.06	0.00028/0.00040	1459.30 mins	(2.673 mins)	0.341	0.259	0.764
43.0/42	0.043/0.06	0.00029/0.00040	1461.99 mins	(2.695 mins)	0.343	0.258	0.762
43.0/42	0.043/0.06	0.00030/0.00040	1464.72 mins	(2.73 mins)	0.352	0.259	0.760

43.0/42	0.044/0.06	0.00020/0.00040	1467.16 mins	(2.438 mins)	0.271	0.260	0.782
43.0/42	0.044/0.06	0.00021/0.00040	1469.64 mins	(2.481 mins)	0.280	0.261	0.776
43.0/42	0.044/0.06	0.00022/0.00040	1472.20 mins	(2.561 mins)	0.290	0.259	0.777
43.0/42	0.044/0.06	0.00023/0.00040	1474.70 mins	(2.498 mins)	0.292	0.260	0.772
43.0/42	0.044/0.06	0.00024/0.00040	1477.26 mins	(2.556 mins)	0.310	0.259	0.775
43.0/42	0.044/0.06	0.00025/0.00040	1479.84 mins	(2.58 mins)	0.317	0.260	0.773
43.0/42	0.044/0.06	0.00026/0.00040	1482.42 mins	(2.584 mins)	0.321	0.259	0.765
43.0/42	0.044/0.06	0.00027/0.00040	1485.02 mins	(2.598 mins)	0.328	0.259	0.767
43.0/42	0.044/0.06	0.00028/0.00040	1487.70 mins	(2.679 mins)	0.338	0.258	0.765
43.0/42	0.044/0.06	0.00029/0.00040	1490.38 mins	(2.684 mins)	0.343	0.260	0.762
43.0/42	0.044/0.06	0.00030/0.00040	1493.07 mins	(2.684 mins)	0.354	0.257	0.762

43.0/42	0.045/0.06	0.00020/0.00040	1495.49 mins	(2.42 mins)	0.271	0.259	0.782
43.0/42	0.045/0.06	0.00021/0.00040	1497.94 mins	(2.457 mins)	0.284	0.259	0.782
43.0/42	0.045/0.06	0.00022/0.00040	1500.43 mins	(2.486 mins)	0.299	0.261	0.783
43.0/42	0.045/0.06	0.00023/0.00040	1502.98 mins	(2.546 mins)	0.303	0.261	0.779
43.0/42	0.045/0.06	0.00024/0.00040	1505.56 mins	(2.581 mins)	0.313	0.259	0.775
43.0/42	0.045/0.06	0.00025/0.00040	1508.18 mins	(2.622 mins)	0.321	0.259	0.773
43.0/42	0.045/0.06	0.00026/0.00040	1510.86 mins	(2.683 mins)	0.329	0.260	0.772
43.0/42	0.045/0.06	0.00027/0.00040	1513.50 mins	(2.634 mins)	0.333	0.259	0.769
43.0/42	0.045/0.06	0.00028/0.00040	1516.15 mins	(2.652 mins)	0.343	0.257	0.769
43.0/42	0.045/0.06	0.00029/0.00040	1518.83 mins	(2.685 mins)	0.356	0.257	0.769
43.0/42	0.045/0.06	0.00030/0.00040	1521.55 mins	(2.72 mins)	0.355	0.259	0.766



> 
> proc.time()
      user     system    elapsed 
2523103.12   43427.97   91399.21 
