
R version 4.3.0 (2023-04-21) -- "Already Tomorrow"
Copyright (C) 2023 The R Foundation for Statistical Computing
Platform: x86_64-pc-linux-gnu (64-bit)

R is free software and comes with ABSOLUTELY NO WARRANTY.
You are welcome to redistribute it under certain conditions.
Type 'license()' or 'licence()' for distribution details.

  Natural language support but running in an English locale

R is a collaborative project with many contributors.
Type 'contributors()' for more information and
'citation()' on how to cite R or R packages in publications.

Type 'demo()' for some demos, 'help()' for on-line help, or
'help.start()' for an HTML browser interface to help.
Type 'q()' to quit R.

> rm(list = ls())
> gc()
         used (Mb) gc trigger (Mb) max used (Mb)
Ncells 284765 15.3     664565 35.5   464468 24.9
Vcells 490458  3.8    8388608 64.0  1837328 14.1
> library(dplyr)

Attaching package: ‘dplyr’

The following objects are masked from ‘package:stats’:

    filter, lag

The following objects are masked from ‘package:base’:

    intersect, setdiff, setequal, union

> library(foreach)
> library(doParallel)
Loading required package: iterators
Loading required package: parallel
> 
> # Set up the number of cores used for parallelization.
> message(detectCores())
32
> num_cores <- detectCores()
> registerDoParallel(num_cores)
> 
> #########################
> #### SEIR Simulation ####
> #########################
> time <- 365 # Number of days.
> inf <- 7 # Average infectious period length.
> N <- 1000 # Population size.
> 
> create_hh <- function() {
+   # Randomly sample household sizes such that total population is 1000 
+   # individuals.
+   hh_size <- sample(x = c(3, 4, 5, 6), size = 340, replace = T)
+   
+   # Keep households such that total population is < 1000.
+   hh_size <- hh_size[which(cumsum(hh_size) < N)]
+   
+   leftover <- N - sum(hh_size)
+   if (leftover < 3) {
+     hh <- 1:length(hh_size)
+     sampled <- sample(hh[hh_size < 6], leftover)
+     hh_size[sampled] <- hh_size[sampled] + 1
+   } else {
+     hh_size <- c(hh_size, leftover)
+   }
+   return(hh_size)
+ }
> 
> SEIR <- function(params, inf = 7, verbose = F) {
+   hh_size <- create_hh()
+   
+   # Create frame for running the simulation.
+   # ID: ID of individual.
+   # SIZE: size of individual's household.
+   # HH: ID of individual's household.
+   # S: susceptibility status.
+   # E: exposed status.
+   # E_count: number of days since exposed.
+   # I: infectious status.
+   # I_count: number of days since infectious.
+   # R: recovered status.
+   # INC: incubation period.
+   # INF: infectious period.
+   data <- data.frame(ID = 1:N,
+                      SIZE = rep(hh_size, times = hh_size),
+                      HH = rep(1:length(hh_size), times = hh_size), 
+                      S = c(0, rep(1, N - 1)), 
+                      E = c(1, rep(0, N - 1)),
+                      E_count = c(1, rep(0, N - 1)), 
+                      I = 0,
+                      I_count = 0, 
+                      R = 0, 
+                      INC = c(rlnorm(1, meanlog = log(29.8), sdlog = 0.45), rep(0, N - 1)),
+                      INF = 0)
+   
+   # Create frame for storing results.
+   # ID: ID of individual.
+   # SIZE: size of individual's household.
+   # HH: ID of individual's household.
+   # TYPE: the kind of infection: household (H), community (C), or both (B).
+   # TIME: when the individual became infectious.
+   # S_NUM: number of susceptible people in individual's household when their 
+   #        infectious period begins.
+   # I_NUM: number of people in household that this individual infected over 
+   #        their infectious period.
+   results <- data[, 1:3] %>% mutate(TYPE = NA, TIME = NA, S_NUM = NA, I_NUM = 0)
+   results$TYPE[1] <- '0'
+   
+   for(t in 1:time) {
+     if (verbose) {
+       if (t %% 10 == 0) {
+         cat(paste0(t, ' '))
+       }
+     }
+     
+     # Anyone who has been infectious for as many days as their infectious period
+     # is now recovered.
+     recovered <- (data$INF > 0) & (data$I_count == data$INF)
+     if(sum(recovered, na.rm = T) > 0) {
+       data$R[recovered] <- 1
+       data$I[recovered] <- 0
+       data$I_count[recovered] <- 0 
+     }
+     
+     new_inf <- (data$INC > 0) & (data$E_count == data$INC)
+     num_new_inf <- sum(new_inf, na.rm = T)
+     if(num_new_inf > 0) {
+       # Change status to newly infectious and add infectious period.
+       data$I[new_inf] <- 1
+       random_inf <- rnorm(num_new_inf, mean = inf, sd = 1) %>% round()
+       data$INF[new_inf] <- random_inf
+       
+       # Remove exposure status and exposure count.
+       data$E[new_inf] <- 0
+       data$E_count[new_inf] <- 0 
+       
+       # Record time at which infectious period starts.
+       results$TIME[new_inf] <- t
+       
+       # Save the number of susceptible people in each infectious individual's 
+       # household.
+       S_data <- data %>% group_by(HH) %>% 
+         mutate(S_TOT = sum(S)) %>% 
+         select(HH, S_TOT)
+       results$S_NUM[new_inf == 1] <- S_data$S_TOT[new_inf == 1]
+     }
+     
+     # I_H is the number of infections inside each household.
+     # I_C is the number of infections outside each household.
+     I_data <- data %>% group_by(HH) %>% 
+       mutate(I_H = sum(I)) %>% 
+       ungroup() %>% 
+       mutate(I_C = sum(I) - I_H)
+     
+     beta_H <- params[1]
+     beta_C <- params[2]
+     beta_E <- params[3]
+     risk_H <- pmin(beta_H * data$S * I_data$I_H / N, 1)
+     risk_C <- pmin(beta_C * data$S * I_data$I_C / N, 1)
+     risk_E <- pmin(beta_E * data$S, 1)
+ 
+     new_inf_H <- rbinom(N, 1, risk_H)
+     new_inf_C <- rbinom(N, 1, risk_C)
+     new_inf_E <- rbinom(N, 1, risk_E)
+     new_exposed <- (new_inf_H == 1) | (new_inf_C == 1) | (new_inf_E == 1)
+     num_new_exposed <- sum(new_exposed, na.rm = T)
+     if (num_new_exposed > 0) {
+       # Change status to newly exposed and add incubation period.
+       data$E[new_exposed] <- 1
+       random_inc <- rlnorm(num_new_exposed, meanlog = log(29.8), sdlog = 0.45) %>% round()
+       data$INC[new_exposed] <- random_inc
+       
+       # Remove susceptible status.
+       data$S[new_exposed] <- 0
+       
+       # Get number of new infections in each household.
+       I_data <- I_data %>%
+         select(ID, HH, I, I_H) %>%
+         mutate(new_I_H = new_inf_H) %>%
+         group_by(HH) %>%
+         # Find households with at least 1 currently infectious individual. If 
+         # exactly 1 infectious individual in household, assign all new H 
+         # exposures to that individual. If there are multiple infectious 
+         # individuals, assign all infections to the infectious individual with 
+         # the first ID.
+         mutate(new_I_H = ifelse(I == 1 & ID == first(ID[I == 1]), 
+                                 sum(new_I_H), 0))
+       
+       results$I_NUM <- results$I_NUM + I_data$new_I_H
+       
+       # Label infections types.
+       results$TYPE[new_inf_H == 1] <- 'H'
+       results$TYPE[new_inf_C == 1] <- 'C'
+       results$TYPE[new_inf_E == 1] <- 'E'
+       results$TYPE[(new_inf_H == 1) & (new_inf_C == 1)] <- 'HC'
+       results$TYPE[(new_inf_H == 1) & (new_inf_E == 1)] <- 'HE'
+       results$TYPE[(new_inf_C == 1) & (new_inf_E == 1)] <- 'CE'
+       results$TYPE[(new_inf_H == 1) & (new_inf_C == 1) & (new_inf_E == 1)] <- 'HCE'
+     }
+     
+     # Increment exposure and infectious counters.
+     data$E_count[data$E == 1] <- data$E_count[data$E == 1] + 1
+     data$I_count[data$I == 1] <- data$I_count[data$I == 1] + 1
+   }
+   return(results)
+ }
> 
> metrics <- function(results) {
+   # Incidence is the proportion of the population that became infected.
+   idc <- mean(!is.na(results$TIME))
+   
+   # If incidence is 0, the SAR and proportion of environmental infection are
+   # undefined.
+   sar <- NA
+   prp <- NA
+   if (idc != 0) {
+     # The SAR is the average SAR for each individual that was infectious.
+     sar <- mean(results$I_NUM / results$S_NUM, na.rm = T)
+     cases <- results[!is.na(results$TIME), ]
+     prp <- mean((cases$TYPE == 'H') | (cases$TYPE == 'HC') | (cases$TYPE == 'HCE'))
+   }
+   return(c(idc, sar, prp))
+ }
> 
> beta_Hs <- seq(39.5, 42.5, 0.2) # 16
> beta_Cs <- seq(0.035, 0.045, 0.001) # 11
> beta_Es <- seq(0.00015, 0.00035, 0.00001) # 21
> 
> d_H <- length(beta_Hs)
> d_C <- length(beta_Cs)
> d_E <- length(beta_Es)
> 
> reps <- 150
> idcs <- array(rep(NA, d_H * d_C * d_E * reps), dim = c(d_H, d_C, d_E, reps))
> sars <- array(rep(NA, d_H * d_C * d_E * reps), dim = c(d_H, d_C, d_E, reps))
> prps <- array(rep(NA, d_H * d_C * d_E * reps), dim = c(d_H, d_C, d_E, reps))
> t_tot <- 0
> for (i in 1:d_H) {
+   for (j in 1:d_C) {
+     for (k in 1:d_E) {
+       beta_H <- beta_Hs[i]
+       beta_C <- beta_Cs[j]
+       beta_E <- beta_Es[k]
+       
+       params <- c(beta_H, beta_C, beta_E)
+       
+       cat(paste0(format(beta_H, nsmall = 0), '/42.5\t', 
+                  format(beta_C, nsmall = 3), '/0.045\t',
+                  format(beta_E, nsmall = 5, scientific = F), '/0.00035\t'))
+         
+       t_0 <- Sys.time()
+       vals <- foreach (l = 1:reps, .combine = 'c') %dopar% {
+         results <- SEIR(params) 
+         metrics(results)
+       }
+       t_1 <- Sys.time()
+       t_tot <- t_tot + (t_1 - t_0)
+         
+       cat(paste0(format(t_tot, nsmall = 2, digits = 4), '\t(', 
+                  format(t_1 - t_0, nsmall = 2, digits = 4), ')\t'))
+       
+       vals <- matrix(vals, reps, byrow = T)
+       idcs[i, j, k, ] <- vals[, 1]
+       sars[i, j, k, ] <- vals[, 2]
+       prps[i, j, k, ] <- vals[, 3]
+         
+       cat(paste0(format(round(mean(vals[, 1]), 3), nsmall = 3), '\t', 
+                  format(round(mean(vals[, 2]), 3), nsmall = 3), '\t', 
+                  format(round(mean(vals[, 3]), 3), nsmall = 3), '\n'))
+     }
+     cat('\n')
+     saveRDS(idcs, file = 'idcs.rds')
+     saveRDS(sars, file = 'sars.rds')
+     saveRDS(prps, file = 'prps.rds')
+     
+     write.table(idcs, file = 'idcs.txt', row.names = F, col.names = F)
+     write.table(sars, file = 'sars.txt', row.names = F, col.names = F)
+     write.table(prps, file = 'prps.txt', row.names = F, col.names = F)
+   }
+   message('\n')
+ }
39.5/42.5	0.035/0.045	0.00015/0.00035	1.464 mins	(1.464 mins)	0.175	0.240	0.545
39.5/42.5	0.035/0.045	0.00016/0.00035	3.008 mins	(1.543 mins)	0.184	0.238	0.539
39.5/42.5	0.035/0.045	0.00017/0.00035	4.592 mins	(1.584 mins)	0.194	0.242	0.546
39.5/42.5	0.035/0.045	0.00018/0.00035	6.206 mins	(1.614 mins)	0.201	0.243	0.541
39.5/42.5	0.035/0.045	0.00019/0.00035	7.825 mins	(1.619 mins)	0.208	0.239	0.536
39.5/42.5	0.035/0.045	0.00020/0.00035	9.454 mins	(1.629 mins)	0.218	0.237	0.538
39.5/42.5	0.035/0.045	0.00021/0.00035	11.13 mins	(1.677 mins)	0.229	0.241	0.539
39.5/42.5	0.035/0.045	0.00022/0.00035	12.87 mins	(1.744 mins)	0.239	0.241	0.538
39.5/42.5	0.035/0.045	0.00023/0.00035	14.61 mins	(1.739 mins)	0.245	0.243	0.538
39.5/42.5	0.035/0.045	0.00024/0.00035	16.39 mins	(1.772 mins)	0.255	0.240	0.538
39.5/42.5	0.035/0.045	0.00025/0.00035	18.17 mins	(1.78 mins)	0.260	0.238	0.530
39.5/42.5	0.035/0.045	0.00026/0.00035	19.99 mins	(1.82 mins)	0.271	0.242	0.536
39.5/42.5	0.035/0.045	0.00027/0.00035	21.79 mins	(1.804 mins)	0.280	0.241	0.533
39.5/42.5	0.035/0.045	0.00028/0.00035	23.65 mins	(1.855 mins)	0.284	0.240	0.529
39.5/42.5	0.035/0.045	0.00029/0.00035	25.51 mins	(1.861 mins)	0.287	0.240	0.531
39.5/42.5	0.035/0.045	0.00030/0.00035	27.37 mins	(1.868 mins)	0.303	0.241	0.535
39.5/42.5	0.035/0.045	0.00031/0.00035	29.26 mins	(1.884 mins)	0.311	0.242	0.531
39.5/42.5	0.035/0.045	0.00032/0.00035	31.17 mins	(1.915 mins)	0.314	0.239	0.528
39.5/42.5	0.035/0.045	0.00033/0.00035	33.10 mins	(1.93 mins)	0.325	0.241	0.531
39.5/42.5	0.035/0.045	0.00034/0.00035	35.04 mins	(1.934 mins)	0.326	0.242	0.531
39.5/42.5	0.035/0.045	0.00035/0.00035	36.99 mins	(1.951 mins)	0.331	0.242	0.530

39.5/42.5	0.036/0.045	0.00015/0.00035	38.49 mins	(1.497 mins)	0.176	0.239	0.539
39.5/42.5	0.036/0.045	0.00016/0.00035	40.05 mins	(1.562 mins)	0.187	0.239	0.538
39.5/42.5	0.036/0.045	0.00017/0.00035	41.63 mins	(1.579 mins)	0.195	0.241	0.540
39.5/42.5	0.036/0.045	0.00018/0.00035	43.25 mins	(1.627 mins)	0.205	0.242	0.539
39.5/42.5	0.036/0.045	0.00019/0.00035	44.90 mins	(1.643 mins)	0.216	0.239	0.539
39.5/42.5	0.036/0.045	0.00020/0.00035	46.60 mins	(1.699 mins)	0.225	0.242	0.535
39.5/42.5	0.036/0.045	0.00021/0.00035	49.71 mins	(3.12 mins)	0.229	0.241	0.538
39.5/42.5	0.036/0.045	0.00022/0.00035	51.43 mins	(1.719 mins)	0.239	0.240	0.533
39.5/42.5	0.036/0.045	0.00023/0.00035	53.18 mins	(1.744 mins)	0.245	0.242	0.537
39.5/42.5	0.036/0.045	0.00024/0.00035	54.93 mins	(1.75 mins)	0.258	0.240	0.535
39.5/42.5	0.036/0.045	0.00025/0.00035	56.71 mins	(1.78 mins)	0.267	0.241	0.534
39.5/42.5	0.036/0.045	0.00026/0.00035	58.50 mins	(1.795 mins)	0.267	0.240	0.530
39.5/42.5	0.036/0.045	0.00027/0.00035	60.32 mins	(1.816 mins)	0.275	0.236	0.528
39.5/42.5	0.036/0.045	0.00028/0.00035	62.19 mins	(1.871 mins)	0.288	0.237	0.532
39.5/42.5	0.036/0.045	0.00029/0.00035	64.07 mins	(1.881 mins)	0.292	0.240	0.533
39.5/42.5	0.036/0.045	0.00030/0.00035	65.97 mins	(1.899 mins)	0.302	0.239	0.530
39.5/42.5	0.036/0.045	0.00031/0.00035	67.89 mins	(1.917 mins)	0.318	0.243	0.536
39.5/42.5	0.036/0.045	0.00032/0.00035	69.82 mins	(1.928 mins)	0.315	0.241	0.528
39.5/42.5	0.036/0.045	0.00033/0.00035	71.76 mins	(1.944 mins)	0.316	0.239	0.528
39.5/42.5	0.036/0.045	0.00034/0.00035	73.70 mins	(1.939 mins)	0.334	0.242	0.528
39.5/42.5	0.036/0.045	0.00035/0.00035	75.69 mins	(1.991 mins)	0.338	0.243	0.529

39.5/42.5	0.037/0.045	0.00015/0.00035	77.25 mins	(1.558 mins)	0.183	0.241	0.541
39.5/42.5	0.037/0.045	0.00016/0.00035	78.79 mins	(1.541 mins)	0.185	0.238	0.532
39.5/42.5	0.037/0.045	0.00017/0.00035	80.37 mins	(1.585 mins)	0.196	0.238	0.538
39.5/42.5	0.037/0.045	0.00018/0.00035	82.02 mins	(1.643 mins)	0.206	0.238	0.536
39.5/42.5	0.037/0.045	0.00019/0.00035	83.67 mins	(1.652 mins)	0.216	0.239	0.536
39.5/42.5	0.037/0.045	0.00020/0.00035	85.31 mins	(1.643 mins)	0.222	0.240	0.535
39.5/42.5	0.037/0.045	0.00021/0.00035	87.04 mins	(1.723 mins)	0.240	0.241	0.534
39.5/42.5	0.037/0.045	0.00022/0.00035	88.77 mins	(1.735 mins)	0.250	0.243	0.540
39.5/42.5	0.037/0.045	0.00023/0.00035	90.52 mins	(1.747 mins)	0.252	0.239	0.535
39.5/42.5	0.037/0.045	0.00024/0.00035	92.29 mins	(1.772 mins)	0.256	0.241	0.531
39.5/42.5	0.037/0.045	0.00025/0.00035	94.10 mins	(1.814 mins)	0.272	0.242	0.536
39.5/42.5	0.037/0.045	0.00026/0.00035	95.90 mins	(1.796 mins)	0.274	0.237	0.533
39.5/42.5	0.037/0.045	0.00027/0.00035	97.75 mins	(1.851 mins)	0.289	0.241	0.533
39.5/42.5	0.037/0.045	0.00028/0.00035	99.61 mins	(1.86 mins)	0.295	0.239	0.533
39.5/42.5	0.037/0.045	0.00029/0.00035	101.49 mins	(1.882 mins)	0.306	0.242	0.532
39.5/42.5	0.037/0.045	0.00030/0.00035	103.40 mins	(1.907 mins)	0.309	0.240	0.531
39.5/42.5	0.037/0.045	0.00031/0.00035	105.30 mins	(1.897 mins)	0.315	0.240	0.531
39.5/42.5	0.037/0.045	0.00032/0.00035	107.23 mins	(1.928 mins)	0.323	0.240	0.532
39.5/42.5	0.037/0.045	0.00033/0.00035	109.14 mins	(1.919 mins)	0.326	0.242	0.528
39.5/42.5	0.037/0.045	0.00034/0.00035	111.87 mins	(2.727 mins)	0.334	0.241	0.529
39.5/42.5	0.037/0.045	0.00035/0.00035	114.82 mins	(2.95 mins)	0.340	0.239	0.522

39.5/42.5	0.038/0.045	0.00015/0.00035	116.34 mins	(1.521 mins)	0.180	0.242	0.537
39.5/42.5	0.038/0.045	0.00016/0.00035	117.93 mins	(1.591 mins)	0.195	0.239	0.539
39.5/42.5	0.038/0.045	0.00017/0.00035	119.58 mins	(1.646 mins)	0.204	0.239	0.541
39.5/42.5	0.038/0.045	0.00018/0.00035	121.21 mins	(1.631 mins)	0.216	0.240	0.539
39.5/42.5	0.038/0.045	0.00019/0.00035	122.88 mins	(1.671 mins)	0.225	0.239	0.536
39.5/42.5	0.038/0.045	0.00020/0.00035	124.56 mins	(1.683 mins)	0.229	0.239	0.537
39.5/42.5	0.038/0.045	0.00021/0.00035	126.25 mins	(1.686 mins)	0.233	0.243	0.534
39.5/42.5	0.038/0.045	0.00022/0.00035	127.98 mins	(1.735 mins)	0.250	0.240	0.533
39.5/42.5	0.038/0.045	0.00023/0.00035	129.74 mins	(1.754 mins)	0.257	0.240	0.534
39.5/42.5	0.038/0.045	0.00024/0.00035	131.53 mins	(1.79 mins)	0.265	0.242	0.535
39.5/42.5	0.038/0.045	0.00025/0.00035	133.33 mins	(1.798 mins)	0.275	0.239	0.532
39.5/42.5	0.038/0.045	0.00026/0.00035	135.16 mins	(1.829 mins)	0.285	0.242	0.534
39.5/42.5	0.038/0.045	0.00027/0.00035	136.98 mins	(1.824 mins)	0.283	0.240	0.533
39.5/42.5	0.038/0.045	0.00028/0.00035	138.85 mins	(1.866 mins)	0.295	0.240	0.530
39.5/42.5	0.038/0.045	0.00029/0.00035	140.73 mins	(1.882 mins)	0.309	0.242	0.531
39.5/42.5	0.038/0.045	0.00030/0.00035	142.65 mins	(1.924 mins)	0.306	0.239	0.528
39.5/42.5	0.038/0.045	0.00031/0.00035	144.64 mins	(1.987 mins)	0.318	0.240	0.529
39.5/42.5	0.038/0.045	0.00032/0.00035	146.74 mins	(2.104 mins)	0.327	0.244	0.529
39.5/42.5	0.038/0.045	0.00033/0.00035	148.78 mins	(2.038 mins)	0.333	0.240	0.527
39.5/42.5	0.038/0.045	0.00034/0.00035	150.84 mins	(2.064 mins)	0.334	0.239	0.522
39.5/42.5	0.038/0.045	0.00035/0.00035	152.90 mins	(2.057 mins)	0.351	0.240	0.528

39.5/42.5	0.039/0.045	0.00015/0.00035	154.51 mins	(1.607 mins)	0.183	0.237	0.540
39.5/42.5	0.039/0.045	0.00016/0.00035	156.19 mins	(1.678 mins)	0.199	0.244	0.540
39.5/42.5	0.039/0.045	0.00017/0.00035	157.87 mins	(1.681 mins)	0.205	0.241	0.538
39.5/42.5	0.039/0.045	0.00018/0.00035	159.52 mins	(1.651 mins)	0.210	0.241	0.537
39.5/42.5	0.039/0.045	0.00019/0.00035	161.21 mins	(1.698 mins)	0.225	0.243	0.538
39.5/42.5	0.039/0.045	0.00020/0.00035	162.93 mins	(1.712 mins)	0.234	0.239	0.534
39.5/42.5	0.039/0.045	0.00021/0.00035	164.65 mins	(1.722 mins)	0.240	0.239	0.535
39.5/42.5	0.039/0.045	0.00022/0.00035	166.41 mins	(1.765 mins)	0.255	0.241	0.539
39.5/42.5	0.039/0.045	0.00023/0.00035	168.20 mins	(1.782 mins)	0.264	0.243	0.537
39.5/42.5	0.039/0.045	0.00024/0.00035	169.99 mins	(1.792 mins)	0.266	0.241	0.532
39.5/42.5	0.039/0.045	0.00025/0.00035	171.82 mins	(1.835 mins)	0.278	0.239	0.533
39.5/42.5	0.039/0.045	0.00026/0.00035	173.66 mins	(1.835 mins)	0.281	0.240	0.528
39.5/42.5	0.039/0.045	0.00027/0.00035	175.51 mins	(1.853 mins)	0.294	0.238	0.530
39.5/42.5	0.039/0.045	0.00028/0.00035	177.38 mins	(1.865 mins)	0.299	0.241	0.529
39.5/42.5	0.039/0.045	0.00029/0.00035	179.27 mins	(1.891 mins)	0.308	0.242	0.531
39.5/42.5	0.039/0.045	0.00030/0.00035	181.21 mins	(1.941 mins)	0.321	0.240	0.528
39.5/42.5	0.039/0.045	0.00031/0.00035	183.12 mins	(1.913 mins)	0.320	0.238	0.525
39.5/42.5	0.039/0.045	0.00032/0.00035	185.07 mins	(1.949 mins)	0.330	0.242	0.531
39.5/42.5	0.039/0.045	0.00033/0.00035	187.02 mins	(1.953 mins)	0.340	0.243	0.529
39.5/42.5	0.039/0.045	0.00034/0.00035	189.00 mins	(1.981 mins)	0.339	0.241	0.527
39.5/42.5	0.039/0.045	0.00035/0.00035	190.98 mins	(1.98 mins)	0.342	0.240	0.524

39.5/42.5	0.040/0.045	0.00015/0.00035	192.53 mins	(1.542 mins)	0.186	0.241	0.537
39.5/42.5	0.040/0.045	0.00016/0.00035	194.13 mins	(1.609 mins)	0.203	0.241	0.539
39.5/42.5	0.040/0.045	0.00017/0.00035	195.79 mins	(1.655 mins)	0.209	0.241	0.538
39.5/42.5	0.040/0.045	0.00018/0.00035	197.45 mins	(1.661 mins)	0.214	0.239	0.531
39.5/42.5	0.040/0.045	0.00019/0.00035	199.12 mins	(1.67 mins)	0.225	0.239	0.538
39.5/42.5	0.040/0.045	0.00020/0.00035	200.84 mins	(1.718 mins)	0.239	0.243	0.537
39.5/42.5	0.040/0.045	0.00021/0.00035	202.55 mins	(1.716 mins)	0.244	0.242	0.534
39.5/42.5	0.040/0.045	0.00022/0.00035	204.27 mins	(1.72 mins)	0.248	0.240	0.532
39.5/42.5	0.040/0.045	0.00023/0.00035	206.05 mins	(1.772 mins)	0.256	0.238	0.531
39.5/42.5	0.040/0.045	0.00024/0.00035	207.85 mins	(1.807 mins)	0.275	0.240	0.534
39.5/42.5	0.040/0.045	0.00025/0.00035	209.68 mins	(1.824 mins)	0.281	0.242	0.533
39.5/42.5	0.040/0.045	0.00026/0.00035	211.52 mins	(1.847 mins)	0.290	0.241	0.532
39.5/42.5	0.040/0.045	0.00027/0.00035	213.38 mins	(1.851 mins)	0.297	0.239	0.528
39.5/42.5	0.040/0.045	0.00028/0.00035	215.31 mins	(1.93 mins)	0.314	0.241	0.532
39.5/42.5	0.040/0.045	0.00029/0.00035	217.22 mins	(1.913 mins)	0.313	0.241	0.529
39.5/42.5	0.040/0.045	0.00030/0.00035	219.13 mins	(1.909 mins)	0.313	0.239	0.528
39.5/42.5	0.040/0.045	0.00031/0.00035	221.06 mins	(1.934 mins)	0.325	0.239	0.527
39.5/42.5	0.040/0.045	0.00032/0.00035	223.00 mins	(1.935 mins)	0.334	0.241	0.526
39.5/42.5	0.040/0.045	0.00033/0.00035	224.95 mins	(1.955 mins)	0.339	0.241	0.525
39.5/42.5	0.040/0.045	0.00034/0.00035	226.93 mins	(1.973 mins)	0.351	0.241	0.528
39.5/42.5	0.040/0.045	0.00035/0.00035	228.95 mins	(2.028 mins)	0.355	0.240	0.523

39.5/42.5	0.041/0.045	0.00015/0.00035	230.55 mins	(1.60 mins)	0.193	0.241	0.543
39.5/42.5	0.041/0.045	0.00016/0.00035	232.18 mins	(1.623 mins)	0.201	0.239	0.540
39.5/42.5	0.041/0.045	0.00017/0.00035	233.82 mins	(1.643 mins)	0.215	0.242	0.538
39.5/42.5	0.041/0.045	0.00018/0.00035	235.48 mins	(1.656 mins)	0.218	0.239	0.534
39.5/42.5	0.041/0.045	0.00019/0.00035	237.18 mins	(1.70 mins)	0.231	0.238	0.531
39.5/42.5	0.041/0.045	0.00020/0.00035	238.93 mins	(1.751 mins)	0.240	0.240	0.535
39.5/42.5	0.041/0.045	0.00021/0.00035	240.67 mins	(1.747 mins)	0.247	0.241	0.531
39.5/42.5	0.041/0.045	0.00022/0.00035	242.42 mins	(1.746 mins)	0.254	0.238	0.528
39.5/42.5	0.041/0.045	0.00023/0.00035	244.24 mins	(1.82 mins)	0.271	0.240	0.532
39.5/42.5	0.041/0.045	0.00024/0.00035	247.62 mins	(3.38 mins)	0.275	0.242	0.533
39.5/42.5	0.041/0.045	0.00025/0.00035	249.47 mins	(1.854 mins)	0.285	0.240	0.532
39.5/42.5	0.041/0.045	0.00026/0.00035	251.30 mins	(1.831 mins)	0.289	0.237	0.528
39.5/42.5	0.041/0.045	0.00027/0.00035	253.25 mins	(1.946 mins)	0.296	0.241	0.530
39.5/42.5	0.041/0.045	0.00028/0.00035	255.14 mins	(1.889 mins)	0.309	0.239	0.529
39.5/42.5	0.041/0.045	0.00029/0.00035	257.06 mins	(1.918 mins)	0.310	0.241	0.528
39.5/42.5	0.041/0.045	0.00030/0.00035	259.00 mins	(1.942 mins)	0.321	0.241	0.528
39.5/42.5	0.041/0.045	0.00031/0.00035	260.96 mins	(1.956 mins)	0.325	0.241	0.525
39.5/42.5	0.041/0.045	0.00032/0.00035	262.92 mins	(1.962 mins)	0.335	0.241	0.525
39.5/42.5	0.041/0.045	0.00033/0.00035	264.89 mins	(1.971 mins)	0.348	0.240	0.529
39.5/42.5	0.041/0.045	0.00034/0.00035	266.86 mins	(1.973 mins)	0.351	0.241	0.525
39.5/42.5	0.041/0.045	0.00035/0.00035	268.85 mins	(1.985 mins)	0.354	0.239	0.522

39.5/42.5	0.042/0.045	0.00015/0.00035	270.43 mins	(1.584 mins)	0.196	0.239	0.540
39.5/42.5	0.042/0.045	0.00016/0.00035	272.03 mins	(1.595 mins)	0.197	0.237	0.531
39.5/42.5	0.042/0.045	0.00017/0.00035	273.63 mins	(1.605 mins)	0.209	0.236	0.528
39.5/42.5	0.042/0.045	0.00018/0.00035	275.33 mins	(1.697 mins)	0.231	0.241	0.537
39.5/42.5	0.042/0.045	0.00019/0.00035	277.03 mins	(1.70 mins)	0.235	0.239	0.534
39.5/42.5	0.042/0.045	0.00020/0.00035	278.77 mins	(1.736 mins)	0.240	0.238	0.533
39.5/42.5	0.042/0.045	0.00021/0.00035	280.53 mins	(1.764 mins)	0.254	0.238	0.532
39.5/42.5	0.042/0.045	0.00022/0.00035	282.35 mins	(1.819 mins)	0.264	0.242	0.533
39.5/42.5	0.042/0.045	0.00023/0.00035	284.15 mins	(1.803 mins)	0.269	0.241	0.534
39.5/42.5	0.042/0.045	0.00024/0.00035	285.95 mins	(1.802 mins)	0.278	0.239	0.530
39.5/42.5	0.042/0.045	0.00025/0.00035	287.81 mins	(1.854 mins)	0.290	0.241	0.531
39.5/42.5	0.042/0.045	0.00026/0.00035	289.66 mins	(1.85 mins)	0.289	0.241	0.528
39.5/42.5	0.042/0.045	0.00027/0.00035	291.57 mins	(1.916 mins)	0.305	0.238	0.526
39.5/42.5	0.042/0.045	0.00028/0.00035	293.48 mins	(1.909 mins)	0.311	0.239	0.530
39.5/42.5	0.042/0.045	0.00029/0.00035	295.39 mins	(1.912 mins)	0.315	0.240	0.527
39.5/42.5	0.042/0.045	0.00030/0.00035	297.33 mins	(1.937 mins)	0.334	0.240	0.529
39.5/42.5	0.042/0.045	0.00031/0.00035	299.29 mins	(1.961 mins)	0.331	0.239	0.527
39.5/42.5	0.042/0.045	0.00032/0.00035	301.26 mins	(1.966 mins)	0.345	0.241	0.529
39.5/42.5	0.042/0.045	0.00033/0.00035	303.25 mins	(1.998 mins)	0.349	0.241	0.525
39.5/42.5	0.042/0.045	0.00034/0.00035	305.25 mins	(2.00 mins)	0.358	0.242	0.524
39.5/42.5	0.042/0.045	0.00035/0.00035	307.26 mins	(2.011 mins)	0.362	0.242	0.525

39.5/42.5	0.043/0.045	0.00015/0.00035	308.87 mins	(1.607 mins)	0.202	0.242	0.540
39.5/42.5	0.043/0.045	0.00016/0.00035	310.49 mins	(1.616 mins)	0.206	0.240	0.539
39.5/42.5	0.043/0.045	0.00017/0.00035	312.18 mins	(1.696 mins)	0.222	0.242	0.537
39.5/42.5	0.043/0.045	0.00018/0.00035	313.91 mins	(1.729 mins)	0.228	0.244	0.536
39.5/42.5	0.043/0.045	0.00019/0.00035	315.62 mins	(1.711 mins)	0.237	0.241	0.533
39.5/42.5	0.043/0.045	0.00020/0.00035	317.36 mins	(1.74 mins)	0.244	0.238	0.532
39.5/42.5	0.043/0.045	0.00021/0.00035	319.11 mins	(1.746 mins)	0.255	0.241	0.532
39.5/42.5	0.043/0.045	0.00022/0.00035	320.89 mins	(1.776 mins)	0.265	0.241	0.531
39.5/42.5	0.043/0.045	0.00023/0.00035	322.71 mins	(1.828 mins)	0.274	0.238	0.528
39.5/42.5	0.043/0.045	0.00024/0.00035	324.53 mins	(1.814 mins)	0.281	0.237	0.528
39.5/42.5	0.043/0.045	0.00025/0.00035	326.37 mins	(1.841 mins)	0.291	0.240	0.530
39.5/42.5	0.043/0.045	0.00026/0.00035	328.24 mins	(1.875 mins)	0.294	0.242	0.531
39.5/42.5	0.043/0.045	0.00027/0.00035	330.13 mins	(1.89 mins)	0.303	0.238	0.527
39.5/42.5	0.043/0.045	0.00028/0.00035	332.04 mins	(1.905 mins)	0.314	0.241	0.527
39.5/42.5	0.043/0.045	0.00029/0.00035	333.97 mins	(1.931 mins)	0.328	0.241	0.528
39.5/42.5	0.043/0.045	0.00030/0.00035	335.91 mins	(1.941 mins)	0.329	0.242	0.526
39.5/42.5	0.043/0.045	0.00031/0.00035	337.88 mins	(1.971 mins)	0.340	0.240	0.525
39.5/42.5	0.043/0.045	0.00032/0.00035	339.87 mins	(1.989 mins)	0.346	0.241	0.524
39.5/42.5	0.043/0.045	0.00033/0.00035	341.88 mins	(2.008 mins)	0.353	0.241	0.526
39.5/42.5	0.043/0.045	0.00034/0.00035	343.89 mins	(2.016 mins)	0.359	0.240	0.524
39.5/42.5	0.043/0.045	0.00035/0.00035	345.91 mins	(2.013 mins)	0.363	0.241	0.523

39.5/42.5	0.044/0.045	0.00015/0.00035	347.48 mins	(1.576 mins)	0.194	0.240	0.535
39.5/42.5	0.044/0.045	0.00016/0.00035	349.13 mins	(1.646 mins)	0.212	0.240	0.538
39.5/42.5	0.044/0.045	0.00017/0.00035	350.78 mins	(1.647 mins)	0.221	0.242	0.536
39.5/42.5	0.044/0.045	0.00018/0.00035	352.45 mins	(1.677 mins)	0.230	0.241	0.535
39.5/42.5	0.044/0.045	0.00019/0.00035	354.18 mins	(1.728 mins)	0.240	0.241	0.531
39.5/42.5	0.044/0.045	0.00020/0.00035	355.93 mins	(1.747 mins)	0.247	0.237	0.530
39.5/42.5	0.044/0.045	0.00021/0.00035	357.73 mins	(1.80 mins)	0.263	0.243	0.534
39.5/42.5	0.044/0.045	0.00022/0.00035	359.53 mins	(1.798 mins)	0.270	0.239	0.531
39.5/42.5	0.044/0.045	0.00023/0.00035	361.33 mins	(1.806 mins)	0.279	0.243	0.534
39.5/42.5	0.044/0.045	0.00024/0.00035	363.18 mins	(1.846 mins)	0.289	0.241	0.530
39.5/42.5	0.044/0.045	0.00025/0.00035	365.04 mins	(1.862 mins)	0.296	0.243	0.531
39.5/42.5	0.044/0.045	0.00026/0.00035	366.96 mins	(1.917 mins)	0.308	0.243	0.533
39.5/42.5	0.044/0.045	0.00027/0.00035	368.85 mins	(1.895 mins)	0.312	0.240	0.525
39.5/42.5	0.044/0.045	0.00028/0.00035	370.76 mins	(1.908 mins)	0.321	0.240	0.527
39.5/42.5	0.044/0.045	0.00029/0.00035	372.71 mins	(1.953 mins)	0.327	0.241	0.528
39.5/42.5	0.044/0.045	0.00030/0.00035	374.67 mins	(1.954 mins)	0.339	0.242	0.529
39.5/42.5	0.044/0.045	0.00031/0.00035	376.62 mins	(1.955 mins)	0.342	0.240	0.527
39.5/42.5	0.044/0.045	0.00032/0.00035	378.59 mins	(1.972 mins)	0.346	0.239	0.521
39.5/42.5	0.044/0.045	0.00033/0.00035	380.57 mins	(1.978 mins)	0.354	0.240	0.523
39.5/42.5	0.044/0.045	0.00034/0.00035	382.57 mins	(2.001 mins)	0.363	0.238	0.521
39.5/42.5	0.044/0.045	0.00035/0.00035	384.61 mins	(2.035 mins)	0.370	0.239	0.521

39.5/42.5	0.045/0.045	0.00015/0.00035	386.23 mins	(1.619 mins)	0.205	0.239	0.538
39.5/42.5	0.045/0.045	0.00016/0.00035	387.87 mins	(1.644 mins)	0.215	0.241	0.536
39.5/42.5	0.045/0.045	0.00017/0.00035	389.56 mins	(1.691 mins)	0.229	0.238	0.533
39.5/42.5	0.045/0.045	0.00018/0.00035	391.29 mins	(1.726 mins)	0.232	0.240	0.529
39.5/42.5	0.045/0.045	0.00019/0.00035	393.01 mins	(1.725 mins)	0.247	0.239	0.532
39.5/42.5	0.045/0.045	0.00020/0.00035	394.78 mins	(1.764 mins)	0.251	0.237	0.529
39.5/42.5	0.045/0.045	0.00021/0.00035	396.59 mins	(1.816 mins)	0.268	0.241	0.533
39.5/42.5	0.045/0.045	0.00022/0.00035	398.40 mins	(1.811 mins)	0.276	0.240	0.530
39.5/42.5	0.045/0.045	0.00023/0.00035	400.28 mins	(1.872 mins)	0.283	0.241	0.529
39.5/42.5	0.045/0.045	0.00024/0.00035	402.22 mins	(1.947 mins)	0.296	0.240	0.529
39.5/42.5	0.045/0.045	0.00025/0.00035	404.19 mins	(1.962 mins)	0.298	0.242	0.529
39.5/42.5	0.045/0.045	0.00026/0.00035	406.15 mins	(1.969 mins)	0.311	0.242	0.528
39.5/42.5	0.045/0.045	0.00027/0.00035	408.13 mins	(1.973 mins)	0.313	0.240	0.527
39.5/42.5	0.045/0.045	0.00028/0.00035	410.12 mins	(1.99 mins)	0.320	0.241	0.526
39.5/42.5	0.045/0.045	0.00029/0.00035	412.06 mins	(1.947 mins)	0.331	0.240	0.523
39.5/42.5	0.045/0.045	0.00030/0.00035	414.04 mins	(1.977 mins)	0.339	0.241	0.525
39.5/42.5	0.045/0.045	0.00031/0.00035	416.02 mins	(1.976 mins)	0.352	0.243	0.528
39.5/42.5	0.045/0.045	0.00032/0.00035	418.01 mins	(1.995 mins)	0.351	0.240	0.522
39.5/42.5	0.045/0.045	0.00033/0.00035	420.01 mins	(2.002 mins)	0.353	0.241	0.521
39.5/42.5	0.045/0.045	0.00034/0.00035	422.05 mins	(2.03 mins)	0.372	0.241	0.523
39.5/42.5	0.045/0.045	0.00035/0.00035	424.08 mins	(2.032 mins)	0.376	0.240	0.520



39.7/42.5	0.035/0.045	0.00015/0.00035	425.60 mins	(1.518 mins)	0.172	0.240	0.541
39.7/42.5	0.035/0.045	0.00016/0.00035	427.15 mins	(1.55 mins)	0.187	0.242	0.546
39.7/42.5	0.035/0.045	0.00017/0.00035	428.70 mins	(1.557 mins)	0.194	0.243	0.543
39.7/42.5	0.035/0.045	0.00018/0.00035	430.32 mins	(1.614 mins)	0.204	0.238	0.540
39.7/42.5	0.035/0.045	0.00019/0.00035	431.96 mins	(1.645 mins)	0.209	0.241	0.540
39.7/42.5	0.035/0.045	0.00020/0.00035	433.63 mins	(1.67 mins)	0.220	0.244	0.539
39.7/42.5	0.035/0.045	0.00021/0.00035	435.30 mins	(1.665 mins)	0.227	0.240	0.536
39.7/42.5	0.035/0.045	0.00022/0.00035	437.04 mins	(1.741 mins)	0.240	0.242	0.541
39.7/42.5	0.035/0.045	0.00023/0.00035	438.76 mins	(1.719 mins)	0.246	0.239	0.536
39.7/42.5	0.035/0.045	0.00024/0.00035	440.53 mins	(1.769 mins)	0.260	0.242	0.536
39.7/42.5	0.035/0.045	0.00025/0.00035	442.29 mins	(1.764 mins)	0.261	0.242	0.536
39.7/42.5	0.035/0.045	0.00026/0.00035	444.11 mins	(1.819 mins)	0.277	0.242	0.534
39.7/42.5	0.035/0.045	0.00027/0.00035	445.94 mins	(1.831 mins)	0.279	0.238	0.533
39.7/42.5	0.035/0.045	0.00028/0.00035	447.82 mins	(1.88 mins)	0.288	0.243	0.535
39.7/42.5	0.035/0.045	0.00029/0.00035	449.69 mins	(1.867 mins)	0.292	0.241	0.533
39.7/42.5	0.035/0.045	0.00030/0.00035	451.58 mins	(1.888 mins)	0.298	0.241	0.532
39.7/42.5	0.035/0.045	0.00031/0.00035	453.48 mins	(1.906 mins)	0.305	0.240	0.529
39.7/42.5	0.035/0.045	0.00032/0.00035	455.40 mins	(1.914 mins)	0.312	0.242	0.530
39.7/42.5	0.035/0.045	0.00033/0.00035	457.32 mins	(1.922 mins)	0.319	0.242	0.530
39.7/42.5	0.035/0.045	0.00034/0.00035	459.26 mins	(1.942 mins)	0.327	0.241	0.530
39.7/42.5	0.035/0.045	0.00035/0.00035	461.23 mins	(1.972 mins)	0.339	0.243	0.530

39.7/42.5	0.036/0.045	0.00015/0.00035	462.75 mins	(1.517 mins)	0.175	0.236	0.538
39.7/42.5	0.036/0.045	0.00016/0.00035	464.33 mins	(1.585 mins)	0.187	0.238	0.538
39.7/42.5	0.036/0.045	0.00017/0.00035	465.93 mins	(1.601 mins)	0.195	0.241	0.539
39.7/42.5	0.036/0.045	0.00018/0.00035	467.54 mins	(1.604 mins)	0.210	0.240	0.539
39.7/42.5	0.036/0.045	0.00019/0.00035	469.20 mins	(1.666 mins)	0.217	0.239	0.541
39.7/42.5	0.036/0.045	0.00020/0.00035	470.87 mins	(1.665 mins)	0.226	0.240	0.540
39.7/42.5	0.036/0.045	0.00021/0.00035	472.57 mins	(1.705 mins)	0.231	0.239	0.537
39.7/42.5	0.036/0.045	0.00022/0.00035	474.31 mins	(1.733 mins)	0.240	0.242	0.537
39.7/42.5	0.036/0.045	0.00023/0.00035	476.03 mins	(1.717 mins)	0.251	0.243	0.540
39.7/42.5	0.036/0.045	0.00024/0.00035	477.81 mins	(1.78 mins)	0.262	0.242	0.541
39.7/42.5	0.036/0.045	0.00025/0.00035	479.59 mins	(1.782 mins)	0.266	0.239	0.535
39.7/42.5	0.036/0.045	0.00026/0.00035	481.39 mins	(1.803 mins)	0.273	0.241	0.535
39.7/42.5	0.036/0.045	0.00027/0.00035	483.23 mins	(1.839 mins)	0.283	0.242	0.535
39.7/42.5	0.036/0.045	0.00028/0.00035	485.09 mins	(1.858 mins)	0.293	0.242	0.532
39.7/42.5	0.036/0.045	0.00029/0.00035	487.00 mins	(1.914 mins)	0.302	0.243	0.534
39.7/42.5	0.036/0.045	0.00030/0.00035	488.91 mins	(1.908 mins)	0.306	0.242	0.532
39.7/42.5	0.036/0.045	0.00031/0.00035	490.82 mins	(1.914 mins)	0.318	0.246	0.535
39.7/42.5	0.036/0.045	0.00032/0.00035	492.74 mins	(1.917 mins)	0.321	0.242	0.532
39.7/42.5	0.036/0.045	0.00033/0.00035	494.69 mins	(1.945 mins)	0.322	0.243	0.529
39.7/42.5	0.036/0.045	0.00034/0.00035	496.64 mins	(1.956 mins)	0.333	0.243	0.530
39.7/42.5	0.036/0.045	0.00035/0.00035	498.64 mins	(2.002 mins)	0.342	0.242	0.529

39.7/42.5	0.037/0.045	0.00015/0.00035	500.23 mins	(1.59 mins)	0.182	0.241	0.543
39.7/42.5	0.037/0.045	0.00016/0.00035	501.81 mins	(1.576 mins)	0.196	0.241	0.541
39.7/42.5	0.037/0.045	0.00017/0.00035	503.41 mins	(1.60 mins)	0.200	0.244	0.541
39.7/42.5	0.037/0.045	0.00018/0.00035	505.06 mins	(1.65 mins)	0.208	0.241	0.541
39.7/42.5	0.037/0.045	0.00019/0.00035	506.73 mins	(1.668 mins)	0.223	0.245	0.544
39.7/42.5	0.037/0.045	0.00020/0.00035	508.41 mins	(1.687 mins)	0.231	0.243	0.540
39.7/42.5	0.037/0.045	0.00021/0.00035	510.09 mins	(1.679 mins)	0.236	0.242	0.537
39.7/42.5	0.037/0.045	0.00022/0.00035	511.83 mins	(1.737 mins)	0.245	0.242	0.537
39.7/42.5	0.037/0.045	0.00023/0.00035	513.58 mins	(1.748 mins)	0.252	0.241	0.536
39.7/42.5	0.037/0.045	0.00024/0.00035	515.36 mins	(1.78 mins)	0.257	0.240	0.535
39.7/42.5	0.037/0.045	0.00025/0.00035	517.19 mins	(1.829 mins)	0.274	0.242	0.539
39.7/42.5	0.037/0.045	0.00026/0.00035	519.01 mins	(1.828 mins)	0.283	0.242	0.536
39.7/42.5	0.037/0.045	0.00027/0.00035	520.86 mins	(1.842 mins)	0.287	0.243	0.534
39.7/42.5	0.037/0.045	0.00028/0.00035	522.70 mins	(1.846 mins)	0.291	0.240	0.531
39.7/42.5	0.037/0.045	0.00029/0.00035	524.59 mins	(1.889 mins)	0.303	0.243	0.535
39.7/42.5	0.037/0.045	0.00030/0.00035	526.48 mins	(1.891 mins)	0.308	0.245	0.533
39.7/42.5	0.037/0.045	0.00031/0.00035	528.40 mins	(1.92 mins)	0.316	0.242	0.533
39.7/42.5	0.037/0.045	0.00032/0.00035	530.36 mins	(1.959 mins)	0.319	0.241	0.529
39.7/42.5	0.037/0.045	0.00033/0.00035	532.35 mins	(1.986 mins)	0.333	0.243	0.529
39.7/42.5	0.037/0.045	0.00034/0.00035	534.32 mins	(1.974 mins)	0.337	0.243	0.529
39.7/42.5	0.037/0.045	0.00035/0.00035	536.30 mins	(1.978 mins)	0.343	0.241	0.525

39.7/42.5	0.038/0.045	0.00015/0.00035	537.82 mins	(1.518 mins)	0.183	0.241	0.543
39.7/42.5	0.038/0.045	0.00016/0.00035	539.40 mins	(1.587 mins)	0.191	0.242	0.539
39.7/42.5	0.038/0.045	0.00017/0.00035	541.06 mins	(1.654 mins)	0.208	0.242	0.541
39.7/42.5	0.038/0.045	0.00018/0.00035	542.70 mins	(1.639 mins)	0.209	0.243	0.540
39.7/42.5	0.038/0.045	0.00019/0.00035	544.35 mins	(1.649 mins)	0.221	0.242	0.536
39.7/42.5	0.038/0.045	0.00020/0.00035	546.07 mins	(1.719 mins)	0.230	0.238	0.534
39.7/42.5	0.038/0.045	0.00021/0.00035	547.76 mins	(1.696 mins)	0.241	0.239	0.533
39.7/42.5	0.038/0.045	0.00022/0.00035	549.47 mins	(1.707 mins)	0.243	0.241	0.533
39.7/42.5	0.038/0.045	0.00023/0.00035	551.23 mins	(1.756 mins)	0.256	0.241	0.536
39.7/42.5	0.038/0.045	0.00024/0.00035	553.04 mins	(1.817 mins)	0.272	0.242	0.537
39.7/42.5	0.038/0.045	0.00025/0.00035	554.85 mins	(1.809 mins)	0.271	0.240	0.530
39.7/42.5	0.038/0.045	0.00026/0.00035	556.72 mins	(1.864 mins)	0.285	0.241	0.534
39.7/42.5	0.038/0.045	0.00027/0.00035	558.61 mins	(1.897 mins)	0.289	0.241	0.531
39.7/42.5	0.038/0.045	0.00028/0.00035	560.48 mins	(1.873 mins)	0.295	0.242	0.533
39.7/42.5	0.038/0.045	0.00029/0.00035	562.41 mins	(1.928 mins)	0.311	0.244	0.538
39.7/42.5	0.038/0.045	0.00030/0.00035	564.31 mins	(1.898 mins)	0.309	0.243	0.533
39.7/42.5	0.038/0.045	0.00031/0.00035	566.22 mins	(1.912 mins)	0.318	0.242	0.532
39.7/42.5	0.038/0.045	0.00032/0.00035	568.16 mins	(1.942 mins)	0.327	0.242	0.532
39.7/42.5	0.038/0.045	0.00033/0.00035	570.10 mins	(1.934 mins)	0.331	0.241	0.529
39.7/42.5	0.038/0.045	0.00034/0.00035	572.07 mins	(1.969 mins)	0.333	0.242	0.528
39.7/42.5	0.038/0.045	0.00035/0.00035	574.06 mins	(1.992 mins)	0.350	0.243	0.531

39.7/42.5	0.039/0.045	0.00015/0.00035	575.62 mins	(1.562 mins)	0.186	0.242	0.540
39.7/42.5	0.039/0.045	0.00016/0.00035	577.22 mins	(1.599 mins)	0.197	0.239	0.538
39.7/42.5	0.039/0.045	0.00017/0.00035	578.83 mins	(1.607 mins)	0.206	0.241	0.541
39.7/42.5	0.039/0.045	0.00018/0.00035	580.48 mins	(1.648 mins)	0.221	0.241	0.541
39.7/42.5	0.039/0.045	0.00019/0.00035	582.14 mins	(1.662 mins)	0.227	0.240	0.537
39.7/42.5	0.039/0.045	0.00020/0.00035	583.82 mins	(1.688 mins)	0.232	0.237	0.532
39.7/42.5	0.039/0.045	0.00021/0.00035	585.58 mins	(1.751 mins)	0.251	0.242	0.537
39.7/42.5	0.039/0.045	0.00022/0.00035	587.34 mins	(1.76 mins)	0.258	0.242	0.537
39.7/42.5	0.039/0.045	0.00023/0.00035	589.13 mins	(1.793 mins)	0.264	0.241	0.538
39.7/42.5	0.039/0.045	0.00024/0.00035	590.93 mins	(1.799 mins)	0.271	0.241	0.533
39.7/42.5	0.039/0.045	0.00025/0.00035	592.76 mins	(1.83 mins)	0.277	0.242	0.534
39.7/42.5	0.039/0.045	0.00026/0.00035	594.60 mins	(1.843 mins)	0.288	0.243	0.535
39.7/42.5	0.039/0.045	0.00027/0.00035	596.48 mins	(1.879 mins)	0.297	0.244	0.534
39.7/42.5	0.039/0.045	0.00028/0.00035	598.37 mins	(1.892 mins)	0.302	0.243	0.528
39.7/42.5	0.039/0.045	0.00029/0.00035	600.28 mins	(1.913 mins)	0.311	0.243	0.532
39.7/42.5	0.039/0.045	0.00030/0.00035	602.20 mins	(1.918 mins)	0.313	0.241	0.532
39.7/42.5	0.039/0.045	0.00031/0.00035	604.12 mins	(1.923 mins)	0.325	0.243	0.531
39.7/42.5	0.039/0.045	0.00032/0.00035	606.08 mins	(1.954 mins)	0.330	0.241	0.529
39.7/42.5	0.039/0.045	0.00033/0.00035	608.05 mins	(1.973 mins)	0.342	0.243	0.530
39.7/42.5	0.039/0.045	0.00034/0.00035	610.06 mins	(2.013 mins)	0.345	0.239	0.525
39.7/42.5	0.039/0.045	0.00035/0.00035	612.04 mins	(1.976 mins)	0.351	0.242	0.528

39.7/42.5	0.040/0.045	0.00015/0.00035	613.61 mins	(1.568 mins)	0.182	0.241	0.536
39.7/42.5	0.040/0.045	0.00016/0.00035	615.18 mins	(1.569 mins)	0.200	0.241	0.540
39.7/42.5	0.040/0.045	0.00017/0.00035	616.80 mins	(1.619 mins)	0.210	0.243	0.536
39.7/42.5	0.040/0.045	0.00018/0.00035	618.44 mins	(1.646 mins)	0.219	0.242	0.538
39.7/42.5	0.040/0.045	0.00019/0.00035	620.13 mins	(1.684 mins)	0.227	0.241	0.538
39.7/42.5	0.040/0.045	0.00020/0.00035	621.85 mins	(1.723 mins)	0.239	0.244	0.536
39.7/42.5	0.040/0.045	0.00021/0.00035	623.57 mins	(1.722 mins)	0.243	0.240	0.534
39.7/42.5	0.040/0.045	0.00022/0.00035	625.33 mins	(1.755 mins)	0.257	0.242	0.538
39.7/42.5	0.040/0.045	0.00023/0.00035	627.12 mins	(1.792 mins)	0.270	0.243	0.537
39.7/42.5	0.040/0.045	0.00024/0.00035	628.92 mins	(1.797 mins)	0.274	0.241	0.534
39.7/42.5	0.040/0.045	0.00025/0.00035	630.75 mins	(1.832 mins)	0.279	0.240	0.533
39.7/42.5	0.040/0.045	0.00026/0.00035	632.59 mins	(1.841 mins)	0.288	0.241	0.534
39.7/42.5	0.040/0.045	0.00027/0.00035	634.43 mins	(1.838 mins)	0.295	0.243	0.532
39.7/42.5	0.040/0.045	0.00028/0.00035	636.30 mins	(1.875 mins)	0.302	0.242	0.531
39.7/42.5	0.040/0.045	0.00029/0.00035	638.21 mins	(1.909 mins)	0.317	0.241	0.527
39.7/42.5	0.040/0.045	0.00030/0.00035	640.14 mins	(1.933 mins)	0.322	0.243	0.530
39.7/42.5	0.040/0.045	0.00031/0.00035	642.08 mins	(1.936 mins)	0.329	0.242	0.531
39.7/42.5	0.040/0.045	0.00032/0.00035	644.01 mins	(1.933 mins)	0.331	0.241	0.529
39.7/42.5	0.040/0.045	0.00033/0.00035	645.95 mins	(1.943 mins)	0.341	0.242	0.529
39.7/42.5	0.040/0.045	0.00034/0.00035	647.95 mins	(1.993 mins)	0.351	0.244	0.530
39.7/42.5	0.040/0.045	0.00035/0.00035	649.94 mins	(1.996 mins)	0.350	0.241	0.524

39.7/42.5	0.041/0.045	0.00015/0.00035	651.53 mins	(1.585 mins)	0.192	0.243	0.539
39.7/42.5	0.041/0.045	0.00016/0.00035	653.15 mins	(1.626 mins)	0.206	0.245	0.539
39.7/42.5	0.041/0.045	0.00017/0.00035	654.76 mins	(1.607 mins)	0.209	0.239	0.537
39.7/42.5	0.041/0.045	0.00018/0.00035	656.41 mins	(1.644 mins)	0.221	0.244	0.540
39.7/42.5	0.041/0.045	0.00019/0.00035	658.09 mins	(1.681 mins)	0.233	0.243	0.541
39.7/42.5	0.041/0.045	0.00020/0.00035	659.80 mins	(1.713 mins)	0.240	0.239	0.535
39.7/42.5	0.041/0.045	0.00021/0.00035	661.56 mins	(1.764 mins)	0.250	0.241	0.535
39.7/42.5	0.041/0.045	0.00022/0.00035	663.31 mins	(1.749 mins)	0.256	0.241	0.536
39.7/42.5	0.041/0.045	0.00023/0.00035	665.11 mins	(1.798 mins)	0.268	0.243	0.535
39.7/42.5	0.041/0.045	0.00024/0.00035	666.93 mins	(1.819 mins)	0.278	0.243	0.532
39.7/42.5	0.041/0.045	0.00025/0.00035	668.79 mins	(1.86 mins)	0.285	0.243	0.533
39.7/42.5	0.041/0.045	0.00026/0.00035	670.65 mins	(1.859 mins)	0.294	0.244	0.534
39.7/42.5	0.041/0.045	0.00027/0.00035	672.51 mins	(1.857 mins)	0.299	0.241	0.532
39.7/42.5	0.041/0.045	0.00028/0.00035	674.39 mins	(1.886 mins)	0.314	0.242	0.532
39.7/42.5	0.041/0.045	0.00029/0.00035	676.31 mins	(1.921 mins)	0.313	0.242	0.532
39.7/42.5	0.041/0.045	0.00030/0.00035	678.23 mins	(1.914 mins)	0.322	0.243	0.530
39.7/42.5	0.041/0.045	0.00031/0.00035	680.16 mins	(1.937 mins)	0.329	0.240	0.526
39.7/42.5	0.041/0.045	0.00032/0.00035	682.14 mins	(1.979 mins)	0.334	0.241	0.529
39.7/42.5	0.041/0.045	0.00033/0.00035	684.11 mins	(1.972 mins)	0.345	0.243	0.528
39.7/42.5	0.041/0.045	0.00034/0.00035	686.12 mins	(2.004 mins)	0.352	0.242	0.527
39.7/42.5	0.041/0.045	0.00035/0.00035	688.13 mins	(2.014 mins)	0.360	0.241	0.525

39.7/42.5	0.042/0.045	0.00015/0.00035	689.73 mins	(1.597 mins)	0.195	0.241	0.539
39.7/42.5	0.042/0.045	0.00016/0.00035	691.38 mins	(1.649 mins)	0.208	0.241	0.539
39.7/42.5	0.042/0.045	0.00017/0.00035	693.01 mins	(1.632 mins)	0.215	0.247	0.540
39.7/42.5	0.042/0.045	0.00018/0.00035	694.71 mins	(1.704 mins)	0.227	0.242	0.537
39.7/42.5	0.042/0.045	0.00019/0.00035	696.42 mins	(1.707 mins)	0.234	0.242	0.535
39.7/42.5	0.042/0.045	0.00020/0.00035	698.13 mins	(1.712 mins)	0.244	0.242	0.537
39.7/42.5	0.042/0.045	0.00021/0.00035	699.89 mins	(1.762 mins)	0.252	0.242	0.532
39.7/42.5	0.042/0.045	0.00022/0.00035	701.71 mins	(1.811 mins)	0.261	0.240	0.535
39.7/42.5	0.042/0.045	0.00023/0.00035	703.53 mins	(1.822 mins)	0.277	0.241	0.535
39.7/42.5	0.042/0.045	0.00024/0.00035	705.33 mins	(1.802 mins)	0.274	0.243	0.532
39.7/42.5	0.042/0.045	0.00025/0.00035	707.15 mins	(1.818 mins)	0.286	0.239	0.530
39.7/42.5	0.042/0.045	0.00026/0.00035	709.00 mins	(1.849 mins)	0.296	0.241	0.530
39.7/42.5	0.042/0.045	0.00027/0.00035	710.88 mins	(1.884 mins)	0.305	0.242	0.530
39.7/42.5	0.042/0.045	0.00028/0.00035	712.77 mins	(1.89 mins)	0.310	0.243	0.530
39.7/42.5	0.042/0.045	0.00029/0.00035	714.70 mins	(1.926 mins)	0.320	0.242	0.528
39.7/42.5	0.042/0.045	0.00030/0.00035	716.62 mins	(1.922 mins)	0.323	0.240	0.526
39.7/42.5	0.042/0.045	0.00031/0.00035	718.59 mins	(1.968 mins)	0.333	0.243	0.528
39.7/42.5	0.042/0.045	0.00032/0.00035	720.57 mins	(1.986 mins)	0.346	0.239	0.525
39.7/42.5	0.042/0.045	0.00033/0.00035	722.58 mins	(2.005 mins)	0.352	0.243	0.524
39.7/42.5	0.042/0.045	0.00034/0.00035	724.56 mins	(1.986 mins)	0.357	0.242	0.526
39.7/42.5	0.042/0.045	0.00035/0.00035	726.57 mins	(2.003 mins)	0.365	0.244	0.527

39.7/42.5	0.043/0.045	0.00015/0.00035	728.17 mins	(1.606 mins)	0.201	0.241	0.539
39.7/42.5	0.043/0.045	0.00016/0.00035	729.83 mins	(1.655 mins)	0.214	0.245	0.539
39.7/42.5	0.043/0.045	0.00017/0.00035	731.53 mins	(1.699 mins)	0.222	0.239	0.534
39.7/42.5	0.043/0.045	0.00018/0.00035	733.20 mins	(1.673 mins)	0.231	0.241	0.535
39.7/42.5	0.043/0.045	0.00019/0.00035	734.92 mins	(1.72 mins)	0.238	0.242	0.536
39.7/42.5	0.043/0.045	0.00020/0.00035	736.65 mins	(1.733 mins)	0.254	0.241	0.534
39.7/42.5	0.043/0.045	0.00021/0.00035	738.40 mins	(1.75 mins)	0.254	0.241	0.529
39.7/42.5	0.043/0.045	0.00022/0.00035	740.17 mins	(1.768 mins)	0.263	0.241	0.533
39.7/42.5	0.043/0.045	0.00023/0.00035	741.97 mins	(1.802 mins)	0.278	0.241	0.531
39.7/42.5	0.043/0.045	0.00024/0.00035	743.79 mins	(1.819 mins)	0.287	0.242	0.535
39.7/42.5	0.043/0.045	0.00025/0.00035	745.63 mins	(1.834 mins)	0.286	0.240	0.528
39.7/42.5	0.043/0.045	0.00026/0.00035	747.51 mins	(1.881 mins)	0.305	0.242	0.528
39.7/42.5	0.043/0.045	0.00027/0.00035	749.40 mins	(1.896 mins)	0.308	0.240	0.528
39.7/42.5	0.043/0.045	0.00028/0.00035	751.32 mins	(1.913 mins)	0.314	0.243	0.530
39.7/42.5	0.043/0.045	0.00029/0.00035	753.24 mins	(1.921 mins)	0.326	0.242	0.528
39.7/42.5	0.043/0.045	0.00030/0.00035	755.19 mins	(1.951 mins)	0.333	0.242	0.528
39.7/42.5	0.043/0.045	0.00031/0.00035	757.17 mins	(1.981 mins)	0.344	0.240	0.526
39.7/42.5	0.043/0.045	0.00032/0.00035	759.14 mins	(1.972 mins)	0.350	0.244	0.530
39.7/42.5	0.043/0.045	0.00033/0.00035	761.15 mins	(2.01 mins)	0.356	0.244	0.528
39.7/42.5	0.043/0.045	0.00034/0.00035	763.16 mins	(2.007 mins)	0.359	0.243	0.523
39.7/42.5	0.043/0.045	0.00035/0.00035	765.18 mins	(2.025 mins)	0.365	0.241	0.525

39.7/42.5	0.044/0.045	0.00015/0.00035	766.82 mins	(1.632 mins)	0.210	0.241	0.538
39.7/42.5	0.044/0.045	0.00016/0.00035	768.48 mins	(1.669 mins)	0.212	0.239	0.535
39.7/42.5	0.044/0.045	0.00017/0.00035	770.14 mins	(1.654 mins)	0.220	0.241	0.537
39.7/42.5	0.044/0.045	0.00018/0.00035	771.86 mins	(1.719 mins)	0.234	0.240	0.535
39.7/42.5	0.044/0.045	0.00019/0.00035	773.59 mins	(1.73 mins)	0.243	0.242	0.537
39.7/42.5	0.044/0.045	0.00020/0.00035	775.32 mins	(1.736 mins)	0.251	0.239	0.532
39.7/42.5	0.044/0.045	0.00021/0.00035	777.10 mins	(1.78 mins)	0.265	0.244	0.533
39.7/42.5	0.044/0.045	0.00022/0.00035	778.91 mins	(1.806 mins)	0.271	0.243	0.533
39.7/42.5	0.044/0.045	0.00023/0.00035	780.74 mins	(1.831 mins)	0.284	0.244	0.536
39.7/42.5	0.044/0.045	0.00024/0.00035	782.57 mins	(1.829 mins)	0.286	0.239	0.529
39.7/42.5	0.044/0.045	0.00025/0.00035	784.42 mins	(1.852 mins)	0.292	0.241	0.529
39.7/42.5	0.044/0.045	0.00026/0.00035	786.31 mins	(1.888 mins)	0.303	0.239	0.529
39.7/42.5	0.044/0.045	0.00027/0.00035	788.22 mins	(1.915 mins)	0.309	0.240	0.527
39.7/42.5	0.044/0.045	0.00028/0.00035	790.15 mins	(1.93 mins)	0.322	0.242	0.530
39.7/42.5	0.044/0.045	0.00029/0.00035	792.09 mins	(1.933 mins)	0.325	0.241	0.527
39.7/42.5	0.044/0.045	0.00030/0.00035	794.04 mins	(1.95 mins)	0.335	0.241	0.525
39.7/42.5	0.044/0.045	0.00031/0.00035	796.00 mins	(1.96 mins)	0.340	0.242	0.528
39.7/42.5	0.044/0.045	0.00032/0.00035	798.00 mins	(2.00 mins)	0.355	0.242	0.527
39.7/42.5	0.044/0.045	0.00033/0.00035	800.03 mins	(2.034 mins)	0.353	0.242	0.523
39.7/42.5	0.044/0.045	0.00034/0.00035	802.05 mins	(2.021 mins)	0.361	0.240	0.520
39.7/42.5	0.044/0.045	0.00035/0.00035	804.10 mins	(2.05 mins)	0.376	0.241	0.522

39.7/42.5	0.045/0.045	0.00015/0.00035	805.73 mins	(1.629 mins)	0.202	0.241	0.534
39.7/42.5	0.045/0.045	0.00016/0.00035	807.35 mins	(1.619 mins)	0.210	0.236	0.531
39.7/42.5	0.045/0.045	0.00017/0.00035	809.01 mins	(1.659 mins)	0.226	0.242	0.535
39.7/42.5	0.045/0.045	0.00018/0.00035	810.71 mins	(1.705 mins)	0.234	0.240	0.533
39.7/42.5	0.045/0.045	0.00019/0.00035	812.44 mins	(1.727 mins)	0.244	0.241	0.536
39.7/42.5	0.045/0.045	0.00020/0.00035	814.20 mins	(1.759 mins)	0.255	0.242	0.533
39.7/42.5	0.045/0.045	0.00021/0.00035	815.98 mins	(1.777 mins)	0.263	0.243	0.531
39.7/42.5	0.045/0.045	0.00022/0.00035	817.77 mins	(1.791 mins)	0.273	0.242	0.531
39.7/42.5	0.045/0.045	0.00023/0.00035	819.61 mins	(1.84 mins)	0.280	0.241	0.530
39.7/42.5	0.045/0.045	0.00024/0.00035	821.47 mins	(1.86 mins)	0.296	0.240	0.530
39.7/42.5	0.045/0.045	0.00025/0.00035	823.34 mins	(1.869 mins)	0.297	0.243	0.534
39.7/42.5	0.045/0.045	0.00026/0.00035	825.24 mins	(1.901 mins)	0.307	0.242	0.529
39.7/42.5	0.045/0.045	0.00027/0.00035	827.17 mins	(1.934 mins)	0.320	0.243	0.531
39.7/42.5	0.045/0.045	0.00028/0.00035	829.12 mins	(1.946 mins)	0.325	0.243	0.528
39.7/42.5	0.045/0.045	0.00029/0.00035	831.07 mins	(1.952 mins)	0.330	0.243	0.529
39.7/42.5	0.045/0.045	0.00030/0.00035	833.04 mins	(1.971 mins)	0.341	0.240	0.525
39.7/42.5	0.045/0.045	0.00031/0.00035	835.02 mins	(1.979 mins)	0.348	0.241	0.523
39.7/42.5	0.045/0.045	0.00032/0.00035	837.03 mins	(2.012 mins)	0.359	0.245	0.527
39.7/42.5	0.045/0.045	0.00033/0.00035	839.05 mins	(2.021 mins)	0.361	0.240	0.524
39.7/42.5	0.045/0.045	0.00034/0.00035	841.09 mins	(2.042 mins)	0.371	0.241	0.524
39.7/42.5	0.045/0.045	0.00035/0.00035	843.14 mins	(2.049 mins)	0.374	0.240	0.521



39.9/42.5	0.035/0.045	0.00015/0.00035	844.68 mins	(1.532 mins)	0.173	0.240	0.542
39.9/42.5	0.035/0.045	0.00016/0.00035	846.23 mins	(1.557 mins)	0.184	0.239	0.540
39.9/42.5	0.035/0.045	0.00017/0.00035	847.79 mins	(1.556 mins)	0.190	0.239	0.537
39.9/42.5	0.035/0.045	0.00018/0.00035	849.41 mins	(1.618 mins)	0.202	0.240	0.540
39.9/42.5	0.035/0.045	0.00019/0.00035	851.05 mins	(1.646 mins)	0.213	0.240	0.537
39.9/42.5	0.035/0.045	0.00020/0.00035	852.71 mins	(1.661 mins)	0.222	0.239	0.535
39.9/42.5	0.035/0.045	0.00021/0.00035	854.41 mins	(1.701 mins)	0.231	0.242	0.542
39.9/42.5	0.035/0.045	0.00022/0.00035	856.12 mins	(1.706 mins)	0.236	0.244	0.540
39.9/42.5	0.035/0.045	0.00023/0.00035	857.85 mins	(1.728 mins)	0.245	0.240	0.537
39.9/42.5	0.035/0.045	0.00024/0.00035	859.63 mins	(1.783 mins)	0.258	0.243	0.540
39.9/42.5	0.035/0.045	0.00025/0.00035	861.41 mins	(1.783 mins)	0.263	0.246	0.541
39.9/42.5	0.035/0.045	0.00026/0.00035	863.22 mins	(1.803 mins)	0.272	0.243	0.538
39.9/42.5	0.035/0.045	0.00027/0.00035	865.03 mins	(1.813 mins)	0.276	0.242	0.536
39.9/42.5	0.035/0.045	0.00028/0.00035	866.89 mins	(1.856 mins)	0.289	0.244	0.537
39.9/42.5	0.035/0.045	0.00029/0.00035	868.74 mins	(1.854 mins)	0.292	0.242	0.535
39.9/42.5	0.035/0.045	0.00030/0.00035	870.64 mins	(1.898 mins)	0.302	0.243	0.534
39.9/42.5	0.035/0.045	0.00031/0.00035	872.52 mins	(1.885 mins)	0.307	0.244	0.533
39.9/42.5	0.035/0.045	0.00032/0.00035	874.44 mins	(1.921 mins)	0.313	0.246	0.534
39.9/42.5	0.035/0.045	0.00033/0.00035	876.39 mins	(1.947 mins)	0.321	0.243	0.530
39.9/42.5	0.035/0.045	0.00034/0.00035	878.33 mins	(1.939 mins)	0.332	0.241	0.534
39.9/42.5	0.035/0.045	0.00035/0.00035	880.27 mins	(1.938 mins)	0.332	0.242	0.528

39.9/42.5	0.036/0.045	0.00015/0.00035	881.78 mins	(1.511 mins)	0.178	0.242	0.542
39.9/42.5	0.036/0.045	0.00016/0.00035	883.31 mins	(1.533 mins)	0.188	0.243	0.543
39.9/42.5	0.036/0.045	0.00017/0.00035	884.88 mins	(1.565 mins)	0.193	0.242	0.545
39.9/42.5	0.036/0.045	0.00018/0.00035	886.51 mins	(1.63 mins)	0.210	0.240	0.544
39.9/42.5	0.036/0.045	0.00019/0.00035	888.14 mins	(1.633 mins)	0.209	0.239	0.536
39.9/42.5	0.036/0.045	0.00020/0.00035	889.79 mins	(1.652 mins)	0.226	0.243	0.538
39.9/42.5	0.036/0.045	0.00021/0.00035	891.50 mins	(1.704 mins)	0.237	0.243	0.538
39.9/42.5	0.036/0.045	0.00022/0.00035	893.24 mins	(1.744 mins)	0.244	0.239	0.535
39.9/42.5	0.036/0.045	0.00023/0.00035	894.98 mins	(1.739 mins)	0.251	0.243	0.537
39.9/42.5	0.036/0.045	0.00024/0.00035	896.75 mins	(1.774 mins)	0.261	0.243	0.537
39.9/42.5	0.036/0.045	0.00025/0.00035	898.53 mins	(1.771 mins)	0.263	0.243	0.535
39.9/42.5	0.036/0.045	0.00026/0.00035	900.37 mins	(1.84 mins)	0.278	0.243	0.537
39.9/42.5	0.036/0.045	0.00027/0.00035	902.21 mins	(1.842 mins)	0.283	0.243	0.534
39.9/42.5	0.036/0.045	0.00028/0.00035	904.07 mins	(1.861 mins)	0.295	0.242	0.536
39.9/42.5	0.036/0.045	0.00029/0.00035	905.92 mins	(1.852 mins)	0.293	0.241	0.535
39.9/42.5	0.036/0.045	0.00030/0.00035	907.80 mins	(1.88 mins)	0.302	0.242	0.532
39.9/42.5	0.036/0.045	0.00031/0.00035	909.71 mins	(1.907 mins)	0.314	0.243	0.532
39.9/42.5	0.036/0.045	0.00032/0.00035	911.63 mins	(1.921 mins)	0.316	0.242	0.532
39.9/42.5	0.036/0.045	0.00033/0.00035	913.57 mins	(1.938 mins)	0.327	0.244	0.533
39.9/42.5	0.036/0.045	0.00034/0.00035	915.52 mins	(1.958 mins)	0.329	0.242	0.528
39.9/42.5	0.036/0.045	0.00035/0.00035	917.50 mins	(1.977 mins)	0.343	0.245	0.534

39.9/42.5	0.037/0.045	0.00015/0.00035	919.14 mins	(1.64 mins)	0.184	0.242	0.543
39.9/42.5	0.037/0.045	0.00016/0.00035	920.78 mins	(1.642 mins)	0.198	0.245	0.547
39.9/42.5	0.037/0.045	0.00017/0.00035	922.46 mins	(1.679 mins)	0.201	0.243	0.542
39.9/42.5	0.037/0.045	0.00018/0.00035	924.19 mins	(1.727 mins)	0.211	0.243	0.543
39.9/42.5	0.037/0.045	0.00019/0.00035	925.90 mins	(1.712 mins)	0.217	0.244	0.541
39.9/42.5	0.037/0.045	0.00020/0.00035	927.65 mins	(1.744 mins)	0.227	0.244	0.542
39.9/42.5	0.037/0.045	0.00021/0.00035	929.45 mins	(1.801 mins)	0.235	0.240	0.539
39.9/42.5	0.037/0.045	0.00022/0.00035	931.30 mins	(1.855 mins)	0.244	0.244	0.538
39.9/42.5	0.037/0.045	0.00023/0.00035	933.15 mins	(1.849 mins)	0.254	0.240	0.536
39.9/42.5	0.037/0.045	0.00024/0.00035	934.99 mins	(1.842 mins)	0.264	0.245	0.539
39.9/42.5	0.037/0.045	0.00025/0.00035	936.83 mins	(1.839 mins)	0.274	0.245	0.540
39.9/42.5	0.037/0.045	0.00026/0.00035	938.65 mins	(1.818 mins)	0.274	0.241	0.532
39.9/42.5	0.037/0.045	0.00027/0.00035	940.50 mins	(1.848 mins)	0.287	0.242	0.535
39.9/42.5	0.037/0.045	0.00028/0.00035	942.36 mins	(1.858 mins)	0.294	0.242	0.538
39.9/42.5	0.037/0.045	0.00029/0.00035	944.23 mins	(1.876 mins)	0.301	0.241	0.535
39.9/42.5	0.037/0.045	0.00030/0.00035	946.13 mins	(1.898 mins)	0.308	0.245	0.534
39.9/42.5	0.037/0.045	0.00031/0.00035	948.06 mins	(1.933 mins)	0.318	0.243	0.535
39.9/42.5	0.037/0.045	0.00032/0.00035	949.99 mins	(1.928 mins)	0.328	0.243	0.533
39.9/42.5	0.037/0.045	0.00033/0.00035	951.97 mins	(1.98 mins)	0.327	0.242	0.530
39.9/42.5	0.037/0.045	0.00034/0.00035	953.93 mins	(1.961 mins)	0.338	0.243	0.532
39.9/42.5	0.037/0.045	0.00035/0.00035	955.90 mins	(1.968 mins)	0.346	0.242	0.528

39.9/42.5	0.038/0.045	0.00015/0.00035	957.47 mins	(1.565 mins)	0.181	0.238	0.535
39.9/42.5	0.038/0.045	0.00016/0.00035	959.03 mins	(1.567 mins)	0.192	0.242	0.539
39.9/42.5	0.038/0.045	0.00017/0.00035	960.63 mins	(1.598 mins)	0.203	0.245	0.544
39.9/42.5	0.038/0.045	0.00018/0.00035	962.27 mins	(1.642 mins)	0.216	0.244	0.541
39.9/42.5	0.038/0.045	0.00019/0.00035	963.92 mins	(1.646 mins)	0.223	0.246	0.541
39.9/42.5	0.038/0.045	0.00020/0.00035	965.59 mins	(1.675 mins)	0.224	0.243	0.537
39.9/42.5	0.038/0.045	0.00021/0.00035	967.35 mins	(1.756 mins)	0.244	0.245	0.543
39.9/42.5	0.038/0.045	0.00022/0.00035	969.09 mins	(1.742 mins)	0.252	0.244	0.538
39.9/42.5	0.038/0.045	0.00023/0.00035	970.86 mins	(1.763 mins)	0.263	0.243	0.541
39.9/42.5	0.038/0.045	0.00024/0.00035	972.63 mins	(1.779 mins)	0.264	0.241	0.536
39.9/42.5	0.038/0.045	0.00025/0.00035	974.46 mins	(1.82 mins)	0.275	0.242	0.535
39.9/42.5	0.038/0.045	0.00026/0.00035	976.28 mins	(1.83 mins)	0.284	0.242	0.534
39.9/42.5	0.038/0.045	0.00027/0.00035	978.14 mins	(1.852 mins)	0.289	0.241	0.532
39.9/42.5	0.038/0.045	0.00028/0.00035	980.01 mins	(1.869 mins)	0.296	0.242	0.533
39.9/42.5	0.038/0.045	0.00029/0.00035	981.89 mins	(1.88 mins)	0.305	0.244	0.534
39.9/42.5	0.038/0.045	0.00030/0.00035	983.79 mins	(1.903 mins)	0.313	0.242	0.531
39.9/42.5	0.038/0.045	0.00031/0.00035	985.74 mins	(1.946 mins)	0.323	0.243	0.533
39.9/42.5	0.038/0.045	0.00032/0.00035	987.69 mins	(1.954 mins)	0.328	0.242	0.531
39.9/42.5	0.038/0.045	0.00033/0.00035	989.68 mins	(1.988 mins)	0.337	0.242	0.530
39.9/42.5	0.038/0.045	0.00034/0.00035	991.65 mins	(1.972 mins)	0.343	0.243	0.529
39.9/42.5	0.038/0.045	0.00035/0.00035	993.64 mins	(1.989 mins)	0.346	0.242	0.530

39.9/42.5	0.039/0.045	0.00015/0.00035	995.18 mins	(1.542 mins)	0.181	0.242	0.540
39.9/42.5	0.039/0.045	0.00016/0.00035	996.75 mins	(1.57 mins)	0.189	0.240	0.537
39.9/42.5	0.039/0.045	0.00017/0.00035	998.33 mins	(1.579 mins)	0.207	0.240	0.539
39.9/42.5	0.039/0.045	0.00018/0.00035	 999.97 mins	(1.639 mins)	0.216	0.242	0.542
39.9/42.5	0.039/0.045	0.00019/0.00035	1001.65 mins	(1.679 mins)	0.225	0.242	0.539
39.9/42.5	0.039/0.045	0.00020/0.00035	1003.35 mins	(1.708 mins)	0.238	0.245	0.542
39.9/42.5	0.039/0.045	0.00021/0.00035	1005.09 mins	(1.736 mins)	0.243	0.240	0.537
39.9/42.5	0.039/0.045	0.00022/0.00035	1006.84 mins	(1.75 mins)	0.255	0.241	0.536
39.9/42.5	0.039/0.045	0.00023/0.00035	1008.62 mins	(1.782 mins)	0.258	0.243	0.536
39.9/42.5	0.039/0.045	0.00024/0.00035	1010.41 mins	(1.787 mins)	0.268	0.241	0.532
39.9/42.5	0.039/0.045	0.00025/0.00035	1012.23 mins	(1.82 mins)	0.281	0.240	0.533
39.9/42.5	0.039/0.045	0.00026/0.00035	1014.05 mins	(1.815 mins)	0.285	0.244	0.536
39.9/42.5	0.039/0.045	0.00027/0.00035	1015.90 mins	(1.855 mins)	0.295	0.243	0.533
39.9/42.5	0.039/0.045	0.00028/0.00035	1017.76 mins	(1.862 mins)	0.294	0.243	0.532
39.9/42.5	0.039/0.045	0.00029/0.00035	1019.66 mins	(1.90 mins)	0.307	0.243	0.533
39.9/42.5	0.039/0.045	0.00030/0.00035	1021.59 mins	(1.923 mins)	0.316	0.244	0.531
39.9/42.5	0.039/0.045	0.00031/0.00035	1023.53 mins	(1.941 mins)	0.326	0.241	0.530
39.9/42.5	0.039/0.045	0.00032/0.00035	1025.47 mins	(1.946 mins)	0.331	0.242	0.530
39.9/42.5	0.039/0.045	0.00033/0.00035	1027.43 mins	(1.953 mins)	0.335	0.242	0.530
39.9/42.5	0.039/0.045	0.00034/0.00035	1029.42 mins	(1.988 mins)	0.346	0.241	0.530
39.9/42.5	0.039/0.045	0.00035/0.00035	1031.42 mins	(2.001 mins)	0.348	0.242	0.526

39.9/42.5	0.040/0.045	0.00015/0.00035	1033.00 mins	(1.588 mins)	0.196	0.244	0.544
39.9/42.5	0.040/0.045	0.00016/0.00035	1034.59 mins	(1.59 mins)	0.202	0.241	0.538
39.9/42.5	0.040/0.045	0.00017/0.00035	1036.23 mins	(1.632 mins)	0.214	0.243	0.541
39.9/42.5	0.040/0.045	0.00018/0.00035	1037.91 mins	(1.679 mins)	0.224	0.243	0.544
39.9/42.5	0.040/0.045	0.00019/0.00035	1039.59 mins	(1.682 mins)	0.226	0.242	0.535
39.9/42.5	0.040/0.045	0.00020/0.00035	1041.29 mins	(1.703 mins)	0.237	0.242	0.538
39.9/42.5	0.040/0.045	0.00021/0.00035	1043.01 mins	(1.722 mins)	0.247	0.242	0.537
39.9/42.5	0.040/0.045	0.00022/0.00035	1044.77 mins	(1.756 mins)	0.249	0.240	0.535
39.9/42.5	0.040/0.045	0.00023/0.00035	1046.55 mins	(1.783 mins)	0.267	0.242	0.536
39.9/42.5	0.040/0.045	0.00024/0.00035	1048.40 mins	(1.851 mins)	0.277	0.244	0.534
39.9/42.5	0.040/0.045	0.00025/0.00035	1050.23 mins	(1.827 mins)	0.278	0.244	0.534
39.9/42.5	0.040/0.045	0.00026/0.00035	1052.10 mins	(1.869 mins)	0.289	0.242	0.535
39.9/42.5	0.040/0.045	0.00027/0.00035	1053.98 mins	(1.879 mins)	0.300	0.245	0.534
39.9/42.5	0.040/0.045	0.00028/0.00035	1055.88 mins	(1.906 mins)	0.306	0.243	0.532
39.9/42.5	0.040/0.045	0.00029/0.00035	1057.82 mins	(1.934 mins)	0.314	0.244	0.532
39.9/42.5	0.040/0.045	0.00030/0.00035	1059.77 mins	(1.957 mins)	0.326	0.243	0.531
39.9/42.5	0.040/0.045	0.00031/0.00035	1061.74 mins	(1.964 mins)	0.330	0.243	0.529
39.9/42.5	0.040/0.045	0.00032/0.00035	1063.69 mins	(1.951 mins)	0.332	0.240	0.528
39.9/42.5	0.040/0.045	0.00033/0.00035	1065.67 mins	(1.978 mins)	0.343	0.243	0.530
39.9/42.5	0.040/0.045	0.00034/0.00035	1067.66 mins	(1.99 mins)	0.347	0.242	0.526
39.9/42.5	0.040/0.045	0.00035/0.00035	1069.66 mins	(1.999 mins)	0.357	0.245	0.527

39.9/42.5	0.041/0.045	0.00015/0.00035	1071.24 mins	(1.582 mins)	0.194	0.244	0.542
39.9/42.5	0.041/0.045	0.00016/0.00035	1072.84 mins	(1.605 mins)	0.203	0.244	0.541
39.9/42.5	0.041/0.045	0.00017/0.00035	1074.50 mins	(1.655 mins)	0.214	0.244	0.544
39.9/42.5	0.041/0.045	0.00018/0.00035	1076.15 mins	(1.656 mins)	0.221	0.242	0.541
39.9/42.5	0.041/0.045	0.00019/0.00035	1077.88 mins	(1.722 mins)	0.239	0.246	0.541
39.9/42.5	0.041/0.045	0.00020/0.00035	1079.59 mins	(1.711 mins)	0.243	0.244	0.540
39.9/42.5	0.041/0.045	0.00021/0.00035	1081.33 mins	(1.745 mins)	0.251	0.244	0.536
39.9/42.5	0.041/0.045	0.00022/0.00035	1083.10 mins	(1.766 mins)	0.256	0.240	0.535
39.9/42.5	0.041/0.045	0.00023/0.00035	1084.89 mins	(1.792 mins)	0.268	0.244	0.536
39.9/42.5	0.041/0.045	0.00024/0.00035	1086.73 mins	(1.844 mins)	0.277	0.243	0.537
39.9/42.5	0.041/0.045	0.00025/0.00035	1088.61 mins	(1.877 mins)	0.286	0.246	0.539
39.9/42.5	0.041/0.045	0.00026/0.00035	1090.49 mins	(1.884 mins)	0.296	0.244	0.535
39.9/42.5	0.041/0.045	0.00027/0.00035	1092.37 mins	(1.878 mins)	0.301	0.242	0.534
39.9/42.5	0.041/0.045	0.00028/0.00035	1094.29 mins	(1.914 mins)	0.308	0.244	0.534
39.9/42.5	0.041/0.045	0.00029/0.00035	1096.19 mins	(1.907 mins)	0.314	0.245	0.532
39.9/42.5	0.041/0.045	0.00030/0.00035	1098.15 mins	(1.958 mins)	0.328	0.243	0.535
39.9/42.5	0.041/0.045	0.00031/0.00035	1100.12 mins	(1.969 mins)	0.329	0.243	0.531
39.9/42.5	0.041/0.045	0.00032/0.00035	1102.07 mins	(1.948 mins)	0.338	0.242	0.526
39.9/42.5	0.041/0.045	0.00033/0.00035	1104.08 mins	(2.017 mins)	0.344	0.243	0.527
39.9/42.5	0.041/0.045	0.00034/0.00035	1106.07 mins	(1.983 mins)	0.350	0.242	0.528
39.9/42.5	0.041/0.045	0.00035/0.00035	1108.09 mins	(2.024 mins)	0.362	0.243	0.526

39.9/42.5	0.042/0.045	0.00015/0.00035	1109.69 mins	(1.598 mins)	0.195	0.243	0.537
39.9/42.5	0.042/0.045	0.00016/0.00035	1111.31 mins	(1.619 mins)	0.207	0.240	0.540
39.9/42.5	0.042/0.045	0.00017/0.00035	1113.00 mins	(1.697 mins)	0.218	0.244	0.539
39.9/42.5	0.042/0.045	0.00018/0.00035	1114.71 mins	(1.709 mins)	0.226	0.244	0.539
39.9/42.5	0.042/0.045	0.00019/0.00035	1116.44 mins	(1.728 mins)	0.234	0.242	0.535
39.9/42.5	0.042/0.045	0.00020/0.00035	1118.15 mins	(1.706 mins)	0.243	0.243	0.537
39.9/42.5	0.042/0.045	0.00021/0.00035	1119.89 mins	(1.743 mins)	0.252	0.240	0.534
39.9/42.5	0.042/0.045	0.00022/0.00035	1121.70 mins	(1.809 mins)	0.261	0.241	0.535
39.9/42.5	0.042/0.045	0.00023/0.00035	1123.52 mins	(1.817 mins)	0.270	0.243	0.535
39.9/42.5	0.042/0.045	0.00024/0.00035	1125.37 mins	(1.849 mins)	0.284	0.244	0.533
39.9/42.5	0.042/0.045	0.00025/0.00035	1127.21 mins	(1.839 mins)	0.293	0.244	0.533
39.9/42.5	0.042/0.045	0.00026/0.00035	1129.06 mins	(1.854 mins)	0.300	0.243	0.534
39.9/42.5	0.042/0.045	0.00027/0.00035	1130.96 mins	(1.897 mins)	0.306	0.245	0.534
39.9/42.5	0.042/0.045	0.00028/0.00035	1132.89 mins	(1.93 mins)	0.322	0.244	0.535
39.9/42.5	0.042/0.045	0.00029/0.00035	1134.82 mins	(1.938 mins)	0.320	0.243	0.531
39.9/42.5	0.042/0.045	0.00030/0.00035	1136.76 mins	(1.936 mins)	0.327	0.242	0.530
39.9/42.5	0.042/0.045	0.00031/0.00035	1138.75 mins	(1.985 mins)	0.341	0.241	0.530
39.9/42.5	0.042/0.045	0.00032/0.00035	1140.72 mins	(1.978 mins)	0.347	0.242	0.527
39.9/42.5	0.042/0.045	0.00033/0.00035	1142.71 mins	(1.986 mins)	0.348	0.243	0.526
39.9/42.5	0.042/0.045	0.00034/0.00035	1144.71 mins	(1.997 mins)	0.358	0.245	0.528
39.9/42.5	0.042/0.045	0.00035/0.00035	1146.71 mins	(2.003 mins)	0.362	0.242	0.524

39.9/42.5	0.043/0.045	0.00015/0.00035	1148.32 mins	(1.611 mins)	0.200	0.241	0.536
39.9/42.5	0.043/0.045	0.00016/0.00035	1149.97 mins	(1.645 mins)	0.210	0.240	0.535
39.9/42.5	0.043/0.045	0.00017/0.00035	1151.63 mins	(1.664 mins)	0.221	0.244	0.541
39.9/42.5	0.043/0.045	0.00018/0.00035	1153.29 mins	(1.665 mins)	0.227	0.241	0.536
39.9/42.5	0.043/0.045	0.00019/0.00035	1155.00 mins	(1.708 mins)	0.244	0.240	0.536
39.9/42.5	0.043/0.045	0.00020/0.00035	1156.76 mins	(1.762 mins)	0.250	0.244	0.536
39.9/42.5	0.043/0.045	0.00021/0.00035	1158.58 mins	(1.814 mins)	0.262	0.245	0.537
39.9/42.5	0.043/0.045	0.00022/0.00035	1160.38 mins	(1.798 mins)	0.265	0.240	0.531
39.9/42.5	0.043/0.045	0.00023/0.00035	1162.20 mins	(1.822 mins)	0.280	0.243	0.533
39.9/42.5	0.043/0.045	0.00024/0.00035	1164.03 mins	(1.836 mins)	0.286	0.243	0.534
39.9/42.5	0.043/0.045	0.00025/0.00035	1165.88 mins	(1.842 mins)	0.292	0.242	0.532
39.9/42.5	0.043/0.045	0.00026/0.00035	1167.78 mins	(1.907 mins)	0.305	0.244	0.534
39.9/42.5	0.043/0.045	0.00027/0.00035	1169.72 mins	(1.937 mins)	0.317	0.244	0.535
39.9/42.5	0.043/0.045	0.00028/0.00035	1171.63 mins	(1.906 mins)	0.318	0.244	0.529
39.9/42.5	0.043/0.045	0.00029/0.00035	1173.56 mins	(1.937 mins)	0.331	0.244	0.532
39.9/42.5	0.043/0.045	0.00030/0.00035	1175.55 mins	(1.988 mins)	0.337	0.243	0.529
39.9/42.5	0.043/0.045	0.00031/0.00035	1177.50 mins	(1.95 mins)	0.343	0.241	0.527
39.9/42.5	0.043/0.045	0.00032/0.00035	1179.50 mins	(2.004 mins)	0.352	0.241	0.529
39.9/42.5	0.043/0.045	0.00033/0.00035	1181.50 mins	(1.992 mins)	0.352	0.241	0.524
39.9/42.5	0.043/0.045	0.00034/0.00035	1183.50 mins	(2.002 mins)	0.361	0.243	0.526
39.9/42.5	0.043/0.045	0.00035/0.00035	1185.52 mins	(2.026 mins)	0.364	0.242	0.526

39.9/42.5	0.044/0.045	0.00015/0.00035	1187.12 mins	(1.60 mins)	0.199	0.241	0.536
39.9/42.5	0.044/0.045	0.00016/0.00035	1188.80 mins	(1.675 mins)	0.215	0.245	0.542
39.9/42.5	0.044/0.045	0.00017/0.00035	1190.45 mins	(1.652 mins)	0.224	0.241	0.535
39.9/42.5	0.044/0.045	0.00018/0.00035	1192.15 mins	(1.70 mins)	0.234	0.243	0.539
39.9/42.5	0.044/0.045	0.00019/0.00035	1193.87 mins	(1.722 mins)	0.243	0.241	0.534
39.9/42.5	0.044/0.045	0.00020/0.00035	1195.65 mins	(1.775 mins)	0.254	0.243	0.534
39.9/42.5	0.044/0.045	0.00021/0.00035	1197.38 mins	(1.737 mins)	0.260	0.241	0.535
39.9/42.5	0.044/0.045	0.00022/0.00035	1199.20 mins	(1.811 mins)	0.270	0.240	0.530
39.9/42.5	0.044/0.045	0.00023/0.00035	1201.05 mins	(1.853 mins)	0.287	0.244	0.534
39.9/42.5	0.044/0.045	0.00024/0.00035	1202.89 mins	(1.842 mins)	0.294	0.247	0.536
39.9/42.5	0.044/0.045	0.00025/0.00035	1204.76 mins	(1.865 mins)	0.296	0.243	0.532
39.9/42.5	0.044/0.045	0.00026/0.00035	1206.63 mins	(1.877 mins)	0.309	0.240	0.529
39.9/42.5	0.044/0.045	0.00027/0.00035	1208.51 mins	(1.88 mins)	0.315	0.243	0.532
39.9/42.5	0.044/0.045	0.00028/0.00035	1210.44 mins	(1.925 mins)	0.319	0.244	0.529
39.9/42.5	0.044/0.045	0.00029/0.00035	1212.38 mins	(1.943 mins)	0.328	0.242	0.528
39.9/42.5	0.044/0.045	0.00030/0.00035	1214.34 mins	(1.957 mins)	0.332	0.242	0.528
39.9/42.5	0.044/0.045	0.00031/0.00035	1216.32 mins	(1.986 mins)	0.343	0.245	0.529
39.9/42.5	0.044/0.045	0.00032/0.00035	1218.31 mins	(1.985 mins)	0.347	0.241	0.524
39.9/42.5	0.044/0.045	0.00033/0.00035	1220.32 mins	(2.015 mins)	0.359	0.242	0.526
39.9/42.5	0.044/0.045	0.00034/0.00035	1222.35 mins	(2.024 mins)	0.364	0.240	0.524
39.9/42.5	0.044/0.045	0.00035/0.00035	1224.39 mins	(2.045 mins)	0.375	0.242	0.524

39.9/42.5	0.045/0.045	0.00015/0.00035	1226.04 mins	(1.644 mins)	0.209	0.240	0.538
39.9/42.5	0.045/0.045	0.00016/0.00035	1227.70 mins	(1.66 mins)	0.213	0.240	0.535
39.9/42.5	0.045/0.045	0.00017/0.00035	1229.38 mins	(1.679 mins)	0.222	0.243	0.533
39.9/42.5	0.045/0.045	0.00018/0.00035	1231.07 mins	(1.698 mins)	0.237	0.243	0.536
39.9/42.5	0.045/0.045	0.00019/0.00035	1232.82 mins	(1.747 mins)	0.247	0.242	0.539
39.9/42.5	0.045/0.045	0.00020/0.00035	1234.60 mins	(1.778 mins)	0.260	0.241	0.537
39.9/42.5	0.045/0.045	0.00021/0.00035	1236.37 mins	(1.771 mins)	0.268	0.245	0.536
39.9/42.5	0.045/0.045	0.00022/0.00035	1238.18 mins	(1.811 mins)	0.275	0.242	0.533
39.9/42.5	0.045/0.045	0.00023/0.00035	1239.99 mins	(1.816 mins)	0.280	0.243	0.533
39.9/42.5	0.045/0.045	0.00024/0.00035	1241.85 mins	(1.856 mins)	0.291	0.243	0.531
39.9/42.5	0.045/0.045	0.00025/0.00035	1243.74 mins	(1.888 mins)	0.299	0.241	0.529
39.9/42.5	0.045/0.045	0.00026/0.00035	1245.65 mins	(1.912 mins)	0.309	0.242	0.532
39.9/42.5	0.045/0.045	0.00027/0.00035	1247.56 mins	(1.908 mins)	0.318	0.245	0.529
39.9/42.5	0.045/0.045	0.00028/0.00035	1249.50 mins	(1.937 mins)	0.323	0.242	0.528
39.9/42.5	0.045/0.045	0.00029/0.00035	1251.49 mins	(1.991 mins)	0.339	0.243	0.529
39.9/42.5	0.045/0.045	0.00030/0.00035	1253.47 mins	(1.978 mins)	0.345	0.241	0.526
39.9/42.5	0.045/0.045	0.00031/0.00035	1255.45 mins	(1.981 mins)	0.350	0.243	0.527
39.9/42.5	0.045/0.045	0.00032/0.00035	1257.44 mins	(1.989 mins)	0.357	0.245	0.529
39.9/42.5	0.045/0.045	0.00033/0.00035	1259.44 mins	(2.004 mins)	0.362	0.242	0.524
39.9/42.5	0.045/0.045	0.00034/0.00035	1261.50 mins	(2.058 mins)	0.371	0.243	0.525
39.9/42.5	0.045/0.045	0.00035/0.00035	1263.50 mins	(2.007 mins)	0.372	0.242	0.524



40.1/42.5	0.035/0.045	0.00015/0.00035	1265.04 mins	(1.538 mins)	0.175	0.245	0.547
40.1/42.5	0.035/0.045	0.00016/0.00035	1266.60 mins	(1.555 mins)	0.184	0.243	0.545
40.1/42.5	0.035/0.045	0.00017/0.00035	1268.20 mins	(1.606 mins)	0.194	0.241	0.543
40.1/42.5	0.035/0.045	0.00018/0.00035	1269.82 mins	(1.62 mins)	0.201	0.241	0.538
40.1/42.5	0.035/0.045	0.00019/0.00035	1271.45 mins	(1.623 mins)	0.214	0.246	0.547
40.1/42.5	0.035/0.045	0.00020/0.00035	1273.13 mins	(1.687 mins)	0.224	0.242	0.541
40.1/42.5	0.035/0.045	0.00021/0.00035	1274.82 mins	(1.686 mins)	0.230	0.247	0.545
40.1/42.5	0.035/0.045	0.00022/0.00035	1276.53 mins	(1.707 mins)	0.240	0.244	0.543
40.1/42.5	0.035/0.045	0.00023/0.00035	1278.27 mins	(1.749 mins)	0.249	0.243	0.540
40.1/42.5	0.035/0.045	0.00024/0.00035	1280.05 mins	(1.775 mins)	0.257	0.242	0.538
40.1/42.5	0.035/0.045	0.00025/0.00035	1281.84 mins	(1.791 mins)	0.262	0.243	0.537
40.1/42.5	0.035/0.045	0.00026/0.00035	1283.68 mins	(1.843 mins)	0.275	0.245	0.539
40.1/42.5	0.035/0.045	0.00027/0.00035	1285.50 mins	(1.821 mins)	0.282	0.243	0.535
40.1/42.5	0.035/0.045	0.00028/0.00035	1287.35 mins	(1.843 mins)	0.285	0.245	0.539
40.1/42.5	0.035/0.045	0.00029/0.00035	1289.22 mins	(1.874 mins)	0.296	0.247	0.537
40.1/42.5	0.035/0.045	0.00030/0.00035	1291.13 mins	(1.905 mins)	0.303	0.244	0.538
40.1/42.5	0.035/0.045	0.00031/0.00035	1293.04 mins	(1.911 mins)	0.311	0.244	0.538
40.1/42.5	0.035/0.045	0.00032/0.00035	1294.95 mins	(1.917 mins)	0.315	0.243	0.533
40.1/42.5	0.035/0.045	0.00033/0.00035	1296.87 mins	(1.915 mins)	0.323	0.244	0.535
40.1/42.5	0.035/0.045	0.00034/0.00035	1298.82 mins	(1.949 mins)	0.331	0.243	0.532
40.1/42.5	0.035/0.045	0.00035/0.00035	1300.79 mins	(1.97 mins)	0.333	0.242	0.530

40.1/42.5	0.036/0.045	0.00015/0.00035	1302.31 mins	(1.522 mins)	0.177	0.242	0.544
40.1/42.5	0.036/0.045	0.00016/0.00035	1303.90 mins	(1.594 mins)	0.192	0.241	0.541
40.1/42.5	0.036/0.045	0.00017/0.00035	1305.49 mins	(1.587 mins)	0.202	0.244	0.541
40.1/42.5	0.036/0.045	0.00018/0.00035	1307.13 mins	(1.635 mins)	0.210	0.246	0.546
40.1/42.5	0.036/0.045	0.00019/0.00035	1308.80 mins	(1.67 mins)	0.214	0.240	0.536
40.1/42.5	0.036/0.045	0.00020/0.00035	1310.47 mins	(1.675 mins)	0.222	0.243	0.544
40.1/42.5	0.036/0.045	0.00021/0.00035	1312.19 mins	(1.718 mins)	0.237	0.243	0.542
40.1/42.5	0.036/0.045	0.00022/0.00035	1313.91 mins	(1.723 mins)	0.246	0.244	0.540
40.1/42.5	0.036/0.045	0.00023/0.00035	1315.68 mins	(1.771 mins)	0.251	0.243	0.538
40.1/42.5	0.036/0.045	0.00024/0.00035	1317.46 mins	(1.778 mins)	0.260	0.244	0.541
40.1/42.5	0.036/0.045	0.00025/0.00035	1319.27 mins	(1.811 mins)	0.268	0.243	0.538
40.1/42.5	0.036/0.045	0.00026/0.00035	1321.10 mins	(1.828 mins)	0.277	0.242	0.535
40.1/42.5	0.036/0.045	0.00027/0.00035	1322.95 mins	(1.853 mins)	0.286	0.244	0.537
40.1/42.5	0.036/0.045	0.00028/0.00035	1324.81 mins	(1.861 mins)	0.292	0.246	0.537
40.1/42.5	0.036/0.045	0.00029/0.00035	1326.70 mins	(1.884 mins)	0.298	0.246	0.539
40.1/42.5	0.036/0.045	0.00030/0.00035	1328.59 mins	(1.891 mins)	0.305	0.244	0.537
40.1/42.5	0.036/0.045	0.00031/0.00035	1330.50 mins	(1.911 mins)	0.316	0.244	0.536
40.1/42.5	0.036/0.045	0.00032/0.00035	1332.47 mins	(1.967 mins)	0.324	0.244	0.537
40.1/42.5	0.036/0.045	0.00033/0.00035	1334.41 mins	(1.943 mins)	0.327	0.243	0.529
40.1/42.5	0.036/0.045	0.00034/0.00035	1336.46 mins	(2.051 mins)	0.336	0.243	0.530
40.1/42.5	0.036/0.045	0.00035/0.00035	1338.52 mins	(2.058 mins)	0.348	0.246	0.533

40.1/42.5	0.037/0.045	0.00015/0.00035	1340.12 mins	(1.607 mins)	0.180	0.240	0.540
40.1/42.5	0.037/0.045	0.00016/0.00035	1341.76 mins	(1.634 mins)	0.185	0.241	0.540
40.1/42.5	0.037/0.045	0.00017/0.00035	1343.43 mins	(1.673 mins)	0.200	0.241	0.538
40.1/42.5	0.037/0.045	0.00018/0.00035	1345.11 mins	(1.675 mins)	0.209	0.242	0.541
40.1/42.5	0.037/0.045	0.00019/0.00035	1346.86 mins	(1.754 mins)	0.218	0.243	0.542
40.1/42.5	0.037/0.045	0.00020/0.00035	1348.64 mins	(1.779 mins)	0.230	0.244	0.543
40.1/42.5	0.037/0.045	0.00021/0.00035	1350.42 mins	(1.784 mins)	0.233	0.243	0.537
40.1/42.5	0.037/0.045	0.00022/0.00035	1352.20 mins	(1.779 mins)	0.246	0.243	0.538
40.1/42.5	0.037/0.045	0.00023/0.00035	1353.94 mins	(1.74 mins)	0.252	0.240	0.535
40.1/42.5	0.037/0.045	0.00024/0.00035	1355.76 mins	(1.818 mins)	0.263	0.244	0.539
40.1/42.5	0.037/0.045	0.00025/0.00035	1357.57 mins	(1.804 mins)	0.273	0.243	0.539
40.1/42.5	0.037/0.045	0.00026/0.00035	1359.40 mins	(1.834 mins)	0.285	0.244	0.537
40.1/42.5	0.037/0.045	0.00027/0.00035	1361.23 mins	(1.83 mins)	0.286	0.241	0.535
40.1/42.5	0.037/0.045	0.00028/0.00035	1363.09 mins	(1.86 mins)	0.298	0.245	0.541
40.1/42.5	0.037/0.045	0.00029/0.00035	1364.99 mins	(1.90 mins)	0.299	0.244	0.536
40.1/42.5	0.037/0.045	0.00030/0.00035	1366.90 mins	(1.912 mins)	0.310	0.242	0.530
40.1/42.5	0.037/0.045	0.00031/0.00035	1368.83 mins	(1.93 mins)	0.317	0.245	0.534
40.1/42.5	0.037/0.045	0.00032/0.00035	1370.77 mins	(1.942 mins)	0.326	0.244	0.534
40.1/42.5	0.037/0.045	0.00033/0.00035	1372.73 mins	(1.956 mins)	0.331	0.246	0.535
40.1/42.5	0.037/0.045	0.00034/0.00035	1374.74 mins	(2.013 mins)	0.340	0.244	0.533
40.1/42.5	0.037/0.045	0.00035/0.00035	1376.73 mins	(1.983 mins)	0.342	0.243	0.531

40.1/42.5	0.038/0.045	0.00015/0.00035	1378.31 mins	(1.583 mins)	0.186	0.245	0.542
40.1/42.5	0.038/0.045	0.00016/0.00035	1379.92 mins	(1.61 mins)	0.200	0.243	0.544
40.1/42.5	0.038/0.045	0.00017/0.00035	1381.54 mins	(1.621 mins)	0.206	0.242	0.543
40.1/42.5	0.038/0.045	0.00018/0.00035	1383.17 mins	(1.627 mins)	0.209	0.243	0.542
40.1/42.5	0.038/0.045	0.00019/0.00035	1384.82 mins	(1.654 mins)	0.225	0.246	0.544
40.1/42.5	0.038/0.045	0.00020/0.00035	1386.53 mins	(1.705 mins)	0.232	0.242	0.541
40.1/42.5	0.038/0.045	0.00021/0.00035	1388.25 mins	(1.719 mins)	0.241	0.243	0.539
40.1/42.5	0.038/0.045	0.00022/0.00035	1390.01 mins	(1.761 mins)	0.251	0.245	0.538
40.1/42.5	0.038/0.045	0.00023/0.00035	1391.79 mins	(1.78 mins)	0.265	0.247	0.542
40.1/42.5	0.038/0.045	0.00024/0.00035	1393.56 mins	(1.775 mins)	0.266	0.244	0.539
40.1/42.5	0.038/0.045	0.00025/0.00035	1395.38 mins	(1.82 mins)	0.278	0.243	0.537
40.1/42.5	0.038/0.045	0.00026/0.00035	1397.23 mins	(1.846 mins)	0.286	0.246	0.538
40.1/42.5	0.038/0.045	0.00027/0.00035	1399.08 mins	(1.856 mins)	0.292	0.247	0.538
40.1/42.5	0.038/0.045	0.00028/0.00035	1400.98 mins	(1.895 mins)	0.302	0.244	0.536
40.1/42.5	0.038/0.045	0.00029/0.00035	1402.91 mins	(1.926 mins)	0.312	0.244	0.536
40.1/42.5	0.038/0.045	0.00030/0.00035	1404.86 mins	(1.952 mins)	0.315	0.246	0.536
40.1/42.5	0.038/0.045	0.00031/0.00035	1406.80 mins	(1.939 mins)	0.323	0.245	0.536
40.1/42.5	0.038/0.045	0.00032/0.00035	1408.73 mins	(1.935 mins)	0.330	0.245	0.536
40.1/42.5	0.038/0.045	0.00033/0.00035	1410.69 mins	(1.956 mins)	0.335	0.244	0.533
40.1/42.5	0.038/0.045	0.00034/0.00035	1412.66 mins	(1.97 mins)	0.343	0.243	0.530
40.1/42.5	0.038/0.045	0.00035/0.00035	1414.63 mins	(1.977 mins)	0.349	0.243	0.530

40.1/42.5	0.039/0.045	0.00015/0.00035	1416.21 mins	(1.58 mins)	0.187	0.248	0.542
40.1/42.5	0.039/0.045	0.00016/0.00035	1417.83 mins	(1.617 mins)	0.204	0.242	0.541
40.1/42.5	0.039/0.045	0.00017/0.00035	1419.44 mins	(1.605 mins)	0.204	0.244	0.541
40.1/42.5	0.039/0.045	0.00018/0.00035	1421.07 mins	(1.635 mins)	0.217	0.243	0.542
40.1/42.5	0.039/0.045	0.00019/0.00035	1422.75 mins	(1.683 mins)	0.226	0.244	0.540
40.1/42.5	0.039/0.045	0.00020/0.00035	1424.48 mins	(1.731 mins)	0.241	0.245	0.543
40.1/42.5	0.039/0.045	0.00021/0.00035	1426.20 mins	(1.713 mins)	0.243	0.246	0.542
40.1/42.5	0.039/0.045	0.00022/0.00035	1427.94 mins	(1.739 mins)	0.255	0.243	0.538
40.1/42.5	0.039/0.045	0.00023/0.00035	1429.71 mins	(1.772 mins)	0.265	0.242	0.537
40.1/42.5	0.039/0.045	0.00024/0.00035	1431.50 mins	(1.791 mins)	0.273	0.246	0.541
40.1/42.5	0.039/0.045	0.00025/0.00035	1433.32 mins	(1.816 mins)	0.277	0.244	0.538
40.1/42.5	0.039/0.045	0.00026/0.00035	1435.16 mins	(1.846 mins)	0.284	0.243	0.532
40.1/42.5	0.039/0.045	0.00027/0.00035	1437.02 mins	(1.862 mins)	0.292	0.244	0.532
40.1/42.5	0.039/0.045	0.00028/0.00035	