
R version 4.2.2 Patched (2022-11-10 r83330) -- "Innocent and Trusting"
Copyright (C) 2022 The R Foundation for Statistical Computing
Platform: x86_64-pc-linux-gnu (64-bit)

R is free software and comes with ABSOLUTELY NO WARRANTY.
You are welcome to redistribute it under certain conditions.
Type 'license()' or 'licence()' for distribution details.

  Natural language support but running in an English locale

R is a collaborative project with many contributors.
Type 'contributors()' for more information and
'citation()' on how to cite R or R packages in publications.

Type 'demo()' for some demos, 'help()' for on-line help, or
'help.start()' for an HTML browser interface to help.
Type 'q()' to quit R.

> rm(list = ls())
> gc()
         used (Mb) gc trigger (Mb) max used (Mb)
Ncells 275507 14.8     663402 35.5   469283 25.1
Vcells 463357  3.6    8388608 64.0  1822500 14.0
> library(dplyr)

Attaching package: ‘dplyr’

The following objects are masked from ‘package:stats’:

    filter, lag

The following objects are masked from ‘package:base’:

    intersect, setdiff, setequal, union

> library(foreach)
> library(doParallel)
Loading required package: iterators
Loading required package: parallel
> 
> # Set up the number of cores used for parallelization.
> message(detectCores())
32
> num_cores <- detectCores()
> registerDoParallel(num_cores)
> 
> #########################
> #### SEIR Simulation ####
> #########################
> time <- 365 # Number of days.
> inc <- 28 # Average incubation period length.
> inf <- 7 # Average infectious period length.
> N <- 1000 # Population size.
> 
> create_hh <- function() {
+   # Randomly sample household sizes such that total population is 1000 
+   # individuals.
+   hh_size <- sample(x = c(3, 4, 5, 6), size = 340, replace = T)
+   
+   # Keep households such that total population is < 1000.
+   hh_size <- hh_size[which(cumsum(hh_size) < N)]
+   
+   leftover <- N - sum(hh_size)
+   if (leftover < 3) {
+     hh <- 1:length(hh_size)
+     sampled <- sample(hh[hh_size < 6], leftover)
+     hh_size[sampled] <- hh_size[sampled] + 1
+   } else {
+     hh_size <- c(hh_size, leftover)
+   }
+   return(hh_size)
+ }
> 
> SEIR_blend <- function(params, inc, inf, verbose = F) {
+   hh_size <- create_hh()
+   
+   # Create frame for running the simulation.
+   # ID: ID of individual.
+   # SIZE: size of individual's household.
+   # HH: ID of individual's household.
+   # S: susceptibility status.
+   # E: exposed status.
+   # E_count: number of days since exposed.
+   # I: infectious status.
+   # I_count: number of days since infectious.
+   # R: recovered status.
+   # INC: incubation period.
+   # INF: infectious period.
+   data <- data.frame(ID = 1:N,
+                      SIZE = rep(hh_size, times = hh_size),
+                      HH = rep(1:length(hh_size), times = hh_size), 
+                      S = c(0, rep(1, N - 1)), 
+                      E = c(1, rep(0, N - 1)),
+                      E_count = c(1, rep(0, N - 1)), 
+                      I = 0,
+                      I_count = 0, 
+                      R = 0, 
+                      INC = c(round(rnorm(1, inc, 2)), rep(0, N - 1)),
+                      INF = 0)
+   
+   # Create frame for storing results.
+   # ID: ID of individual.
+   # SIZE: size of individual's household.
+   # HH: ID of individual's household.
+   # TYPE: the kind of infection: household (H), community (C), or both (B).
+   # TIME: when the individual became infectious.
+   # S_num: number of susceptible people in individual's household when their 
+   #        infectious period begins.
+   # I_num: number of people in household that this individual infected over 
+   #        their infectious period.
+   results <- data[, 1:3] %>% mutate(TYPE = NA, TIME = NA, S_num = NA, I_num = 0)
+   results$TYPE[1] <- '0'
+   
+   for(t in 1:time) {
+     if (verbose) {
+       if (t %% 10 == 0) {
+         cat(paste0(t, ' '))
+       }
+     }
+     
+     # Anyone who has been infectious for as many days as their infectious period
+     # is now recovered.
+     recovered <- (data$INF > 0) & (data$I_count == data$INF)
+     if(sum(recovered, na.rm = T) > 0) {
+       data$R[recovered] <- 1
+       data$I[recovered] <- 0
+       data$I_count[recovered] <- 0 
+     }
+     
+     new_inf <- (data$INC > 0) & (data$E_count == data$INC)
+     num_new_inf <- sum(new_inf, na.rm = T)
+     if(num_new_inf > 0) {
+       # Change status to newly infectious and add infectious period.
+       data$I[new_inf] <- 1
+       random_inf <- rnorm(num_new_inf, mean = inf, sd = 1) %>% round()
+       data$INF[new_inf] <- random_inf
+       
+       # Remove exposure status and exposure count.
+       data$E[new_inf] <- 0
+       data$E_count[new_inf] <- 0 
+       
+       # Record time at which infectious period starts.
+       results$TIME[new_inf] <- t
+       
+       # Save the number of susceptible people in each infectious individual's 
+       # household.
+       S_data <- data %>% group_by(HH) %>% 
+         mutate(S_tot = sum(S)) %>% 
+         select(HH, S_tot)
+       results$S_num[new_inf == 1] <- S_data$S_tot[new_inf == 1]
+     }
+     
+     # I_H is the number of infections inside each household.
+     # I_C is the number of infections outside each household.
+     I_data <- data %>% group_by(HH) %>% 
+       mutate(I_H = sum(I)) %>% 
+       ungroup() %>% 
+       mutate(I_C = sum(I) - I_H)
+     
+     beta_H <- params[1]
+     beta_C <- params[2]
+     beta_E <- params[3]
+     # Should risk_H be taken over the household size?
+     risk_H <- pmin(beta_H * data$S * I_data$I_H / N, 1)
+     risk_C <- pmin(beta_C * data$S * I_data$I_C / N, 1)
+     risk_E <- pmin(beta_E * data$S, 1)
+     
+     # What is rr here? It was an input to SEIR_blend.
+     #risk_hh <- d$S*rr*b_hh*summary_data$Ih/4
+     #risk_c <- d$S*b_hh*summary_data$Ic/995
+     #risk_e <- b_e*d$S
+     
+     new_inf_H <- rbinom(N, 1, risk_H)
+     new_inf_C <- rbinom(N, 1, risk_C)
+     new_inf_E <- rbinom(N, 1, risk_E)
+     new_exposed <- (new_inf_H == 1) | (new_inf_C == 1) | (new_inf_E == 1)
+     num_new_exposed <- sum(new_exposed, na.rm = T)
+     if (num_new_exposed > 0) {
+       # Change status to newly exposed and add incubation period.
+       data$E[new_exposed] <- 1
+       random_inc <- rnorm(num_new_exposed, mean = inc, sd = 2) %>% round()
+       data$INC[new_exposed] <- random_inc
+       
+       # Remove susceptible status.
+       data$S[new_exposed] <- 0
+       
+       # Get number of new infections in each household.
+       I_data <- I_data %>%
+         select(ID, HH, I, I_H) %>%
+         mutate(new_I_H = new_inf_H) %>%
+         group_by(HH) %>%
+         # Find households with at least 1 currently infectious individual. If 
+         # exactly 1 infectious individual in household, assign all new H 
+         # exposures to that individual. If there are multiple infectious 
+         # individuals, assign all infections to the infectious individual with 
+         # the first ID.
+         mutate(new_I_H = ifelse(I == 1 & ID == first(ID[I == 1]), 
+                                 sum(new_I_H), 0))
+       
+       results$I_num <- results$I_num + I_data$new_I_H
+         
+       # Label infections types.
+       new_inf_P <- (new_inf_H == 1) | (new_inf_C == 1)
+       results$TYPE[new_inf_P == 1] <- 'P'
+       results$TYPE[new_inf_E == 1] <- 'E'
+       results$TYPE[(new_inf_P == 1) & (new_inf_E == 1)] <- 'B'
+     }
+     
+     # Increment exposure and infectious counters.
+     data$E_count[data$E == 1] <- data$E_count[data$E == 1] + 1
+     data$I_count[data$I == 1] <- data$I_count[data$I == 1] + 1
+   }
+   return(results)
+ }
> 
> metrics <- function(results) {
+   # Incidence is the proportion of the population that became infected.
+   idc <- mean(!is.na(results$TIME))
+   
+   # If incidence is 0, the SAR and proportion of environmental infection are
+   # undefined.
+   sar <- NA
+   prp <- NA
+   if (idc != 0) {
+     # The SAR is the average SAR for each individual that was infectious.
+     sar <- mean(results$I_num / results$S_num, na.rm = T)
+     prp <- mean(results[!is.na(results$TIME), ]$TYPE != 'E')
+   }
+   return(c(idc, sar, prp))
+ }
> 
> beta_Hs <- seq(40, 45, 2.5) # 3
> beta_Cs <- seq(0, 0.5, 0.025) # 21
> beta_Es <- seq(0, 0.00005, 0.000005) # 11
> 
> a <- length(beta_Hs)
> b <- length(beta_Cs)
> c <- length(beta_Es)
> 
> reps <- 50
> idcs <- array(rep(NA, a * b * c * reps), dim = c(a, b, c, reps))
> sars <- array(rep(NA, a * b * c * reps), dim = c(a, b, c, reps))
> prps <- array(rep(NA, a * b * c * reps), dim = c(a, b, c, reps))
> t_tot <- 0
> for (i in 1:a) {
+   for (j in 1:b) {
+     for (k in 1:c) {
+       beta_H <- beta_Hs[i]
+       beta_C <- beta_Cs[j]
+       beta_E <- beta_Es[k]
+       
+       params <- c(beta_H, beta_C, beta_E)
+       
+       cat(paste0(beta_H, '/45\t', 
+                  format(beta_C, nsmall = 1), '/0.5\t',
+                  format(beta_E, nsmall = 6, digits = 2, scientific = F), '/0.000050\t'))
+         
+       t_0 <- Sys.time()
+       vals <- foreach (l = 1:reps, .combine = 'c') %dopar% {
+         results <- SEIR_blend(params, inc, inf) 
+         metrics(results)
+       }
+       t_1 <- Sys.time()
+       t_tot <- t_tot + (t_1 - t_0)
+         
+       cat(paste0(format(t_tot, nsmall = 2, digits = 4), '\t(', 
+                  format(t_1 - t_0, nsmall = 2, digits = 4), ')\t'))
+       
+       vals <- matrix(vals, reps, byrow = T)
+       idcs[i, j, k, ] <- vals[, 1]
+       sars[i, j, k, ] <- vals[, 2]
+       prps[i, j, k, ] <- vals[, 3]
+         
+       cat(paste0(format(round(mean(vals[, 1]), 3), nsmall = 3), '\t', 
+                  format(round(mean(vals[, 2]), 3), nsmall = 3), '\t', 
+                  format(round(mean(vals[, 3]), 3), nsmall = 3)))
+         
+       write.table(idcs, file = 'idcs.txt', row.names = F, col.names = F)
+       write.table(sars, file = 'sars.txt', row.names = F, col.names = F)
+       write.table(prps, file = 'prps.txt', row.names = F, col.names = F)
+         
+       cat('\n')
+     }
+     cat('\n')
+   }
+   message('\n')
+ }
40/45	0.0/0.5	0.000000/0.000050	10.70 secs	(10.70 secs)	0.002	0.123	1.000
40/45	0.0/0.5	0.000005/0.000050	21.88 secs	(11.19 secs)	0.007	0.228	0.735
40/45	0.0/0.5	0.000010/0.000050	33.65 secs	(11.76 secs)	0.011	0.214	0.643
40/45	0.0/0.5	0.000015/0.000050	44.82 secs	(11.17 secs)	0.013	0.231	0.621
40/45	0.0/0.5	0.000020/0.000050	56.86 secs	(12.04 secs)	0.019	0.248	0.621
40/45	0.0/0.5	0.000025/0.000050	69.51 secs	(12.65 secs)	0.022	0.231	0.613
40/45	0.0/0.5	0.000030/0.000050	82.88 secs	(13.37 secs)	0.027	0.245	0.604
40/45	0.0/0.5	0.000035/0.000050	96.08 secs	(13.20 secs)	0.031	0.248	0.611
40/45	0.0/0.5	0.000040/0.000050	109.91 secs	(13.83 secs)	0.036	0.236	0.603
40/45	0.0/0.5	0.000045/0.000050	123.81 secs	(13.89 secs)	0.037	0.248	0.595
40/45	0.0/0.5	0.000050/0.000050	138.19 secs	(14.39 secs)	0.040	0.241	0.599

40/45	0.025/0.5	0.000000/0.000050	149.08 secs	(10.89 secs)	0.003	0.156	1.000
40/45	0.025/0.5	0.000005/0.000050	161.82 secs	(12.74 secs)	0.010	0.202	0.799
40/45	0.025/0.5	0.000010/0.000050	174.55 secs	(12.72 secs)	0.017	0.226	0.757
40/45	0.025/0.5	0.000015/0.000050	187.16 secs	(12.61 secs)	0.019	0.233	0.742
40/45	0.025/0.5	0.000020/0.000050	200.33 secs	(13.17 secs)	0.030	0.234	0.730
40/45	0.025/0.5	0.000025/0.000050	213.71 secs	(13.38 secs)	0.034	0.232	0.720
40/45	0.025/0.5	0.000030/0.000050	227.79 secs	(14.08 secs)	0.039	0.240	0.738
40/45	0.025/0.5	0.000035/0.000050	242.21 secs	(14.42 secs)	0.042	0.222	0.705
40/45	0.025/0.5	0.000040/0.000050	257.68 secs	(15.48 secs)	0.053	0.231	0.728
40/45	0.025/0.5	0.000045/0.000050	273.11 secs	(15.43 secs)	0.053	0.221	0.697
40/45	0.025/0.5	0.000050/0.000050	289.56 secs	(16.45 secs)	0.064	0.245	0.729

40/45	0.05/0.5	0.000000/0.000050	300.64 secs	(11.08 secs)	0.010	0.189	1.000
40/45	0.05/0.5	0.000005/0.000050	313.29 secs	(12.65 secs)	0.027	0.211	0.894
40/45	0.05/0.5	0.000010/0.000050	326.59 secs	(13.30 secs)	0.032	0.255	0.851
40/45	0.05/0.5	0.000015/0.000050	340.43 secs	(13.84 secs)	0.036	0.224	0.809
40/45	0.05/0.5	0.000020/0.000050	355.56 secs	(15.13 secs)	0.058	0.233	0.841
40/45	0.05/0.5	0.000025/0.000050	371.10 secs	(15.54 secs)	0.056	0.218	0.831
40/45	0.05/0.5	0.000030/0.000050	388.12 secs	(17.02 secs)	0.072	0.237	0.842
40/45	0.05/0.5	0.000035/0.000050	405.18 secs	(17.06 secs)	0.077	0.237	0.829
40/45	0.05/0.5	0.000040/0.000050	423.30 secs	(18.12 secs)	0.087	0.246	0.836
40/45	0.05/0.5	0.000045/0.000050	443.99 secs	(20.69 secs)	0.096	0.239	0.839
40/45	0.05/0.5	0.000050/0.000050	464.05 secs	(20.06 secs)	0.100	0.233	0.817

40/45	0.075/0.5	0.000000/0.000050	479.00 secs	(14.95 secs)	0.036	0.173	1.000
40/45	0.075/0.5	0.000005/0.000050	494.88 secs	(15.88 secs)	0.046	0.212	0.907
40/45	0.075/0.5	0.000010/0.000050	511.17 secs	(16.30 secs)	0.071	0.211	0.885
40/45	0.075/0.5	0.000015/0.000050	529.10 secs	(17.93 secs)	0.089	0.240	0.919
40/45	0.075/0.5	0.000020/0.000050	547.25 secs	(18.15 secs)	0.099	0.241	0.896
40/45	0.075/0.5	0.000025/0.000050	567.10 secs	(19.85 secs)	0.123	0.244	0.923
40/45	0.075/0.5	0.000030/0.000050	587.77 secs	(20.66 secs)	0.130	0.240	0.910
40/45	0.075/0.5	0.000035/0.000050	608.44 secs	(20.67 secs)	0.141	0.233	0.901
40/45	0.075/0.5	0.000040/0.000050	631.34 secs	(22.90 secs)	0.169	0.243	0.910
40/45	0.075/0.5	0.000045/0.000050	656.26 secs	(24.91 secs)	0.193	0.242	0.918
40/45	0.075/0.5	0.000050/0.000050	680.29 secs	(24.04 secs)	0.189	0.241	0.907

40/45	0.1/0.5	0.000000/0.000050	700.48 secs	(20.19 secs)	0.084	0.173	1.000
40/45	0.1/0.5	0.000005/0.000050	723.08 secs	(22.60 secs)	0.140	0.230	0.945
40/45	0.1/0.5	0.000010/0.000050	746.49 secs	(23.41 secs)	0.169	0.224	0.950
40/45	0.1/0.5	0.000015/0.000050	769.25 secs	(22.76 secs)	0.196	0.229	0.944
40/45	0.1/0.5	0.000020/0.000050	792.64 secs	(23.38 secs)	0.211	0.231	0.954
40/45	0.1/0.5	0.000025/0.000050	816.38 secs	(23.74 secs)	0.231	0.236	0.952
40/45	0.1/0.5	0.000030/0.000050	842.46 secs	(26.08 secs)	0.243	0.233	0.944
40/45	0.1/0.5	0.000035/0.000050	869.20 secs	(26.75 secs)	0.282	0.235	0.951
40/45	0.1/0.5	0.000040/0.000050	896.43 secs	(27.23 secs)	0.305	0.234	0.953
40/45	0.1/0.5	0.000045/0.000050	925.39 secs	(28.96 secs)	0.349	0.241	0.957
40/45	0.1/0.5	0.000050/0.000050	953.89 secs	(28.50 secs)	0.355	0.235	0.949

40/45	0.125/0.5	0.000000/0.000050	975.22 secs	(21.33 secs)	0.200	0.186	1.000
40/45	0.125/0.5	0.000005/0.000050	1000.02 secs	(24.80 secs)	0.286	0.227	0.967
40/45	0.125/0.5	0.000010/0.000050	1024.67 secs	(24.65 secs)	0.292	0.225	0.982
40/45	0.125/0.5	0.000015/0.000050	1051.78 secs	(27.11 secs)	0.382	0.234	0.976
40/45	0.125/0.5	0.000020/0.000050	1079.15 secs	(27.38 secs)	0.379	0.233	0.977
40/45	0.125/0.5	0.000025/0.000050	1107.30 secs	(28.15 secs)	0.431	0.235	0.975
40/45	0.125/0.5	0.000030/0.000050	1136.68 secs	(29.38 secs)	0.442	0.241	0.978
40/45	0.125/0.5	0.000035/0.000050	1166.53 secs	(29.85 secs)	0.431	0.234	0.969
40/45	0.125/0.5	0.000040/0.000050	1196.82 secs	(30.29 secs)	0.483	0.237	0.969
40/45	0.125/0.5	0.000045/0.000050	1227.29 secs	(30.47 secs)	0.499	0.237	0.971
40/45	0.125/0.5	0.000050/0.000050	1258.74 secs	(31.45 secs)	0.537	0.238	0.972

40/45	0.15/0.5	0.000000/0.000050	1280.59 secs	(21.85 secs)	0.297	0.154	1.000
40/45	0.15/0.5	0.000005/0.000050	1307.77 secs	(27.19 secs)	0.494	0.220	0.980
40/45	0.15/0.5	0.000010/0.000050	1334.00 secs	(26.23 secs)	0.450	0.232	0.985
40/45	0.15/0.5	0.000015/0.000050	1362.21 secs	(28.21 secs)	0.505	0.233	0.989
40/45	0.15/0.5	0.000020/0.000050	1390.28 secs	(28.07 secs)	0.528	0.237	0.985
40/45	0.15/0.5	0.000025/0.000050	1421.65 secs	(31.37 secs)	0.608	0.240	0.988
40/45	0.15/0.5	0.000030/0.000050	1451.14 secs	(29.50 secs)	0.595	0.235	0.984
40/45	0.15/0.5	0.000035/0.000050	1483.46 secs	(32.32 secs)	0.643	0.235	0.983
40/45	0.15/0.5	0.000040/0.000050	1513.99 secs	(30.53 secs)	0.621	0.239	0.980
40/45	0.15/0.5	0.000045/0.000050	1546.86 secs	(32.86 secs)	0.660	0.238	0.982
40/45	0.15/0.5	0.000050/0.000050	1579.41 secs	(32.55 secs)	0.666	0.237	0.981

40/45	0.175/0.5	0.000000/0.000050	1606.72 secs	(27.31 secs)	0.543	0.208	1.000
40/45	0.175/0.5	0.000005/0.000050	1634.36 secs	(27.64 secs)	0.570	0.227	0.985
40/45	0.175/0.5	0.000010/0.000050	1664.25 secs	(29.90 secs)	0.628	0.228	0.985
40/45	0.175/0.5	0.000015/0.000050	1695.29 secs	(31.04 secs)	0.696	0.236	0.980
40/45	0.175/0.5	0.000020/0.000050	1727.61 secs	(32.32 secs)	0.712	0.239	0.993
40/45	0.175/0.5	0.000025/0.000050	1759.86 secs	(32.25 secs)	0.724	0.237	0.990
40/45	0.175/0.5	0.000030/0.000050	1792.15 secs	(32.29 secs)	0.738	0.239	0.987
40/45	0.175/0.5	0.000035/0.000050	1824.31 secs	(32.16 secs)	0.776	0.236	0.989
40/45	0.175/0.5	0.000040/0.000050	1856.63 secs	(32.31 secs)	0.781	0.238	0.987
40/45	0.175/0.5	0.000045/0.000050	1889.15 secs	(32.52 secs)	0.771	0.236	0.985
40/45	0.175/0.5	0.000050/0.000050	1920.94 secs	(31.79 secs)	0.781	0.239	0.985

40/45	0.2/0.5	0.000000/0.000050	1948.66 secs	(27.72 secs)	0.675	0.209	1.000
40/45	0.2/0.5	0.000005/0.000050	1978.54 secs	(29.88 secs)	0.731	0.231	0.993
40/45	0.2/0.5	0.000010/0.000050	2008.00 secs	(29.46 secs)	0.737	0.221	0.986
40/45	0.2/0.5	0.000015/0.000050	2038.74 secs	(30.73 secs)	0.817	0.239	0.996
40/45	0.2/0.5	0.000020/0.000050	2068.47 secs	(29.73 secs)	0.773	0.235	0.983
40/45	0.2/0.5	0.000025/0.000050	2099.47 secs	(31.00 secs)	0.820	0.237	0.991
40/45	0.2/0.5	0.000030/0.000050	2131.25 secs	(31.78 secs)	0.835	0.239	0.990
40/45	0.2/0.5	0.000035/0.000050	2162.82 secs	(31.57 secs)	0.834	0.237	0.991
40/45	0.2/0.5	0.000040/0.000050	2194.23 secs	(31.41 secs)	0.815	0.235	0.987
40/45	0.2/0.5	0.000045/0.000050	2226.42 secs	(32.18 secs)	0.855	0.239	0.988
40/45	0.2/0.5	0.000050/0.000050	2258.15 secs	(31.74 secs)	0.857	0.239	0.987

40/45	0.225/0.5	0.000000/0.000050	2285.39 secs	(27.23 secs)	0.701	0.196	1.000
40/45	0.225/0.5	0.000005/0.000050	2314.37 secs	(28.98 secs)	0.812	0.223	0.998
40/45	0.225/0.5	0.000010/0.000050	2343.03 secs	(28.66 secs)	0.800	0.233	0.990
40/45	0.225/0.5	0.000015/0.000050	2372.68 secs	(29.65 secs)	0.840	0.236	0.995
40/45	0.225/0.5	0.000020/0.000050	2402.69 secs	(30.01 secs)	0.858	0.237	0.994
40/45	0.225/0.5	0.000025/0.000050	2434.18 secs	(31.49 secs)	0.884	0.238	0.993
40/45	0.225/0.5	0.000030/0.000050	2465.28 secs	(31.10 secs)	0.889	0.238	0.993
40/45	0.225/0.5	0.000035/0.000050	2496.38 secs	(31.10 secs)	0.890	0.234	0.991
40/45	0.225/0.5	0.000040/0.000050	2527.56 secs	(31.18 secs)	0.895	0.240	0.991
40/45	0.225/0.5	0.000045/0.000050	2558.15 secs	(30.58 secs)	0.887	0.236	0.989
40/45	0.225/0.5	0.000050/0.000050	2588.99 secs	(30.84 secs)	0.895	0.238	0.989

40/45	0.25/0.5	0.000000/0.000050	2615.00 secs	(26.01 secs)	0.760	0.194	1.000
40/45	0.25/0.5	0.000005/0.000050	2642.64 secs	(27.63 secs)	0.874	0.234	0.999
40/45	0.25/0.5	0.000010/0.000050	2670.45 secs	(27.82 secs)	0.865	0.229	0.995
40/45	0.25/0.5	0.000015/0.000050	2699.37 secs	(28.92 secs)	0.906	0.235	0.996
40/45	0.25/0.5	0.000020/0.000050	2728.86 secs	(29.49 secs)	0.909	0.233	0.995
40/45	0.25/0.5	0.000025/0.000050	2758.09 secs	(29.24 secs)	0.910	0.231	0.994
40/45	0.25/0.5	0.000030/0.000050	2787.80 secs	(29.70 secs)	0.905	0.233	0.993
40/45	0.25/0.5	0.000035/0.000050	2817.37 secs	(29.58 secs)	0.917	0.234	0.992
40/45	0.25/0.5	0.000040/0.000050	2847.10 secs	(29.72 secs)	0.916	0.233	0.992
40/45	0.25/0.5	0.000045/0.000050	2876.79 secs	(29.70 secs)	0.915	0.234	0.990
40/45	0.25/0.5	0.000050/0.000050	2906.40 secs	(29.61 secs)	0.913	0.232	0.989

40/45	0.275/0.5	0.000000/0.000050	2933.86 secs	(27.46 secs)	0.850	0.219	1.000
40/45	0.275/0.5	0.000005/0.000050	2962.40 secs	(28.53 secs)	0.912	0.231	0.997
40/45	0.275/0.5	0.000010/0.000050	2990.02 secs	(27.62 secs)	0.928	0.230	0.998
40/45	0.275/0.5	0.000015/0.000050	3018.47 secs	(28.45 secs)	0.932	0.238	0.997
40/45	0.275/0.5	0.000020/0.000050	3047.84 secs	(29.36 secs)	0.921	0.231	0.996
40/45	0.275/0.5	0.000025/0.000050	3076.45 secs	(28.62 secs)	0.924	0.233	0.994
40/45	0.275/0.5	0.000030/0.000050	3105.22 secs	(28.77 secs)	0.932	0.235	0.993
40/45	0.275/0.5	0.000035/0.000050	3134.23 secs	(29.01 secs)	0.929	0.233	0.992
40/45	0.275/0.5	0.000040/0.000050	3164.49 secs	(30.26 secs)	0.937	0.234	0.992
40/45	0.275/0.5	0.000045/0.000050	3194.99 secs	(30.50 secs)	0.932	0.228	0.991
40/45	0.275/0.5	0.000050/0.000050	3223.21 secs	(28.22 secs)	0.937	0.234	0.989

40/45	0.3/0.5	0.000000/0.000050	3248.88 secs	(25.67 secs)	0.851	0.208	1.000
40/45	0.3/0.5	0.000005/0.000050	3276.38 secs	(27.50 secs)	0.926	0.229	0.999
40/45	0.3/0.5	0.000010/0.000050	3302.89 secs	(26.50 secs)	0.911	0.231	0.995
40/45	0.3/0.5	0.000015/0.000050	3331.76 secs	(28.88 secs)	0.935	0.231	0.997
40/45	0.3/0.5	0.000020/0.000050	3359.60 secs	(27.84 secs)	0.941	0.231	0.996
40/45	0.3/0.5	0.000025/0.000050	3387.27 secs	(27.67 secs)	0.941	0.228	0.995
40/45	0.3/0.5	0.000030/0.000050	3416.35 secs	(29.08 secs)	0.946	0.227	0.994
40/45	0.3/0.5	0.000035/0.000050	3444.60 secs	(28.25 secs)	0.948	0.230	0.993
40/45	0.3/0.5	0.000040/0.000050	3472.52 secs	(27.93 secs)	0.947	0.231	0.993
40/45	0.3/0.5	0.000045/0.000050	3500.57 secs	(28.05 secs)	0.947	0.231	0.991
40/45	0.3/0.5	0.000050/0.000050	3529.66 secs	(29.09 secs)	0.947	0.230	0.990

40/45	0.325/0.5	0.000000/0.000050	3555.58 secs	(25.92 secs)	0.899	0.216	1.000
40/45	0.325/0.5	0.000005/0.000050	3580.89 secs	(25.31 secs)	0.937	0.226	0.998
40/45	0.325/0.5	0.000010/0.000050	3607.78 secs	(26.89 secs)	0.958	0.228	0.998
40/45	0.325/0.5	0.000015/0.000050	3635.05 secs	(27.27 secs)	0.957	0.229	0.997
40/45	0.325/0.5	0.000020/0.000050	3661.57 secs	(26.53 secs)	0.944	0.229	0.996
40/45	0.325/0.5	0.000025/0.000050	3689.36 secs	(27.79 secs)	0.958	0.230	0.995
40/45	0.325/0.5	0.000030/0.000050	3715.94 secs	(26.58 secs)	0.956	0.228	0.994
40/45	0.325/0.5	0.000035/0.000050	3742.90 secs	(26.96 secs)	0.958	0.230	0.993
40/45	0.325/0.5	0.000040/0.000050	3770.50 secs	(27.60 secs)	0.959	0.230	0.992
40/45	0.325/0.5	0.000045/0.000050	3797.55 secs	(27.05 secs)	0.958	0.228	0.992
40/45	0.325/0.5	0.000050/0.000050	3825.52 secs	(27.97 secs)	0.959	0.232	0.991

40/45	0.35/0.5	0.000000/0.000050	3851.37 secs	(25.85 secs)	0.945	0.220	1.000
40/45	0.35/0.5	0.000005/0.000050	3876.57 secs	(25.21 secs)	0.938	0.227	0.999
40/45	0.35/0.5	0.000010/0.000050	3902.92 secs	(26.35 secs)	0.966	0.229	0.998
40/45	0.35/0.5	0.000015/0.000050	3928.92 secs	(26.00 secs)	0.966	0.226	0.998
40/45	0.35/0.5	0.000020/0.000050	3955.44 secs	(26.52 secs)	0.961	0.229	0.996
40/45	0.35/0.5	0.000025/0.000050	3981.53 secs	(26.09 secs)	0.966	0.230	0.996
40/45	0.35/0.5	0.000030/0.000050	4008.15 secs	(26.61 secs)	0.966	0.228	0.995
40/45	0.35/0.5	0.000035/0.000050	4034.95 secs	(26.80 secs)	0.965	0.227	0.994
40/45	0.35/0.5	0.000040/0.000050	4061.31 secs	(26.36 secs)	0.966	0.227	0.993
40/45	0.35/0.5	0.000045/0.000050	4088.40 secs	(27.09 secs)	0.965	0.228	0.992
40/45	0.35/0.5	0.000050/0.000050	4115.06 secs	(26.66 secs)	0.965	0.228	0.992

40/45	0.375/0.5	0.000000/0.000050	4139.34 secs	(24.28 secs)	0.933	0.215	1.000
40/45	0.375/0.5	0.000005/0.000050	4164.52 secs	(25.18 secs)	0.972	0.225	0.999
40/45	0.375/0.5	0.000010/0.000050	4190.04 secs	(25.51 secs)	0.971	0.223	0.998
40/45	0.375/0.5	0.000015/0.000050	4214.80 secs	(24.77 secs)	0.953	0.223	0.997
40/45	0.375/0.5	0.000020/0.000050	4240.14 secs	(25.34 secs)	0.958	0.224	0.997
40/45	0.375/0.5	0.000025/0.000050	4265.22 secs	(25.08 secs)	0.972	0.225	0.996
40/45	0.375/0.5	0.000030/0.000050	4291.32 secs	(26.10 secs)	0.973	0.227	0.995
40/45	0.375/0.5	0.000035/0.000050	4316.94 secs	(25.62 secs)	0.972	0.227	0.995
40/45	0.375/0.5	0.000040/0.000050	4343.82 secs	(26.88 secs)	0.972	0.227	0.993
40/45	0.375/0.5	0.000045/0.000050	4369.93 secs	(26.11 secs)	0.973	0.229	0.993
40/45	0.375/0.5	0.000050/0.000050	4396.14 secs	(26.20 secs)	0.972	0.228	0.992

40/45	0.4/0.5	0.000000/0.000050	4419.83 secs	(23.69 secs)	0.958	0.215	1.000
40/45	0.4/0.5	0.000005/0.000050	4444.04 secs	(24.21 secs)	0.938	0.211	0.999
40/45	0.4/0.5	0.000010/0.000050	4468.82 secs	(24.78 secs)	0.977	0.222	0.999
40/45	0.4/0.5	0.000015/0.000050	4493.93 secs	(25.10 secs)	0.958	0.221	0.994
40/45	0.4/0.5	0.000020/0.000050	4518.94 secs	(25.01 secs)	0.977	0.225	0.996
40/45	0.4/0.5	0.000025/0.000050	4544.02 secs	(25.08 secs)	0.976	0.220	0.996
40/45	0.4/0.5	0.000030/0.000050	4569.93 secs	(25.92 secs)	0.969	0.223	0.995
40/45	0.4/0.5	0.000035/0.000050	4595.13 secs	(25.20 secs)	0.978	0.226	0.994
40/45	0.4/0.5	0.000040/0.000050	4620.33 secs	(25.20 secs)	0.977	0.221	0.994
40/45	0.4/0.5	0.000045/0.000050	4645.83 secs	(25.49 secs)	0.977	0.222	0.993
40/45	0.4/0.5	0.000050/0.000050	4671.09 secs	(25.26 secs)	0.977	0.225	0.992

40/45	0.425/0.5	0.000000/0.000050	4695.20 secs	(24.11 secs)	0.981	0.220	1.000
40/45	0.425/0.5	0.000005/0.000050	4719.17 secs	(23.97 secs)	0.980	0.221	0.999
40/45	0.425/0.5	0.000010/0.000050	4743.33 secs	(24.16 secs)	0.981	0.220	0.999
40/45	0.425/0.5	0.000015/0.000050	4767.28 secs	(23.95 secs)	0.981	0.220	0.997
40/45	0.425/0.5	0.000020/0.000050	4791.63 secs	(24.35 secs)	0.980	0.217	0.997
40/45	0.425/0.5	0.000025/0.000050	4816.24 secs	(24.61 secs)	0.981	0.221	0.996
40/45	0.425/0.5	0.000030/0.000050	4841.14 secs	(24.90 secs)	0.982	0.221	0.995
40/45	0.425/0.5	0.000035/0.000050	4865.87 secs	(24.72 secs)	0.980	0.222	0.995
40/45	0.425/0.5	0.000040/0.000050	4890.40 secs	(24.53 secs)	0.981	0.223	0.994
40/45	0.425/0.5	0.000045/0.000050	4915.16 secs	(24.76 secs)	0.981	0.221	0.993
40/45	0.425/0.5	0.000050/0.000050	4940.02 secs	(24.86 secs)	0.981	0.220	0.993

40/45	0.45/0.5	0.000000/0.000050	4962.61 secs	(22.59 secs)	0.925	0.203	1.000
40/45	0.45/0.5	0.000005/0.000050	4986.00 secs	(23.40 secs)	0.984	0.220	0.999
40/45	0.45/0.5	0.000010/0.000050	5009.89 secs	(23.88 secs)	0.984	0.219	0.998
40/45	0.45/0.5	0.000015/0.000050	5033.52 secs	(23.63 secs)	0.973	0.219	0.997
40/45	0.45/0.5	0.000020/0.000050	5057.58 secs	(24.06 secs)	0.984	0.222	0.997
40/45	0.45/0.5	0.000025/0.000050	5081.86 secs	(24.28 secs)	0.984	0.221	0.996
40/45	0.45/0.5	0.000030/0.000050	5106.16 secs	(24.30 secs)	0.985	0.224	0.995
40/45	0.45/0.5	0.000035/0.000050	5131.41 secs	(25.25 secs)	0.982	0.219	0.995
40/45	0.45/0.5	0.000040/0.000050	5156.29 secs	(24.89 secs)	0.985	0.219	0.994
40/45	0.45/0.5	0.000045/0.000050	5180.50 secs	(24.21 secs)	0.986	0.222	0.994
40/45	0.45/0.5	0.000050/0.000050	5205.18 secs	(24.68 secs)	0.984	0.218	0.993

40/45	0.475/0.5	0.000000/0.000050	5227.48 secs	(22.30 secs)	0.966	0.209	1.000
40/45	0.475/0.5	0.000005/0.000050	5250.16 secs	(22.68 secs)	0.988	0.211	0.999
40/45	0.475/0.5	0.000010/0.000050	5273.51 secs	(23.34 secs)	0.986	0.214	0.999
40/45	0.475/0.5	0.000015/0.000050	5296.51 secs	(23.00 secs)	0.988	0.217	0.998
40/45	0.475/0.5	0.000020/0.000050	5319.61 secs	(23.10 secs)	0.988	0.215	0.997
40/45	0.475/0.5	0.000025/0.000050	5343.44 secs	(23.83 secs)	0.988	0.218	0.996
40/45	0.475/0.5	0.000030/0.000050	5367.26 secs	(23.81 secs)	0.987	0.218	0.996
40/45	0.475/0.5	0.000035/0.000050	5391.22 secs	(23.97 secs)	0.988	0.217	0.995
40/45	0.475/0.5	0.000040/0.000050	5414.00 secs	(22.78 secs)	0.987	0.220	0.994
40/45	0.475/0.5	0.000045/0.000050	5438.14 secs	(24.14 secs)	0.987	0.216	0.993
40/45	0.475/0.5	0.000050/0.000050	5461.70 secs	(23.56 secs)	0.987	0.217	0.993

40/45	0.5/0.5	0.000000/0.000050	5484.40 secs	(22.70 secs)	0.989	0.210	1.000
40/45	0.5/0.5	0.000005/0.000050	5507.05 secs	(22.65 secs)	0.989	0.214	0.999
40/45	0.5/0.5	0.000010/0.000050	5529.74 secs	(22.69 secs)	0.971	0.215	0.998
40/45	0.5/0.5	0.000015/0.000050	5552.88 secs	(23.14 secs)	0.990	0.214	0.998
40/45	0.5/0.5	0.000020/0.000050	5576.28 secs	(23.40 secs)	0.990	0.213	0.997
40/45	0.5/0.5	0.000025/0.000050	5599.84 secs	(23.56 secs)	0.989	0.217	0.996
40/45	0.5/0.5	0.000030/0.000050	5622.99 secs	(23.15 secs)	0.989	0.216	0.996
40/45	0.5/0.5	0.000035/0.000050	5646.33 secs	(23.34 secs)	0.990	0.217	0.995
40/45	0.5/0.5	0.000040/0.000050	5669.56 secs	(23.23 secs)	0.989	0.214	0.995
40/45	0.5/0.5	0.000045/0.000050	5693.02 secs	(23.46 secs)	0.989	0.216	0.994
40/45	0.5/0.5	0.000050/0.000050	5716.11 secs	(23.09 secs)	0.989	0.213	0.993



42.5/45	0.0/0.5	0.000000/0.000050	5726.35 secs	(10.24 secs)	0.002	0.161	1.000
42.5/45	0.0/0.5	0.000005/0.000050	5737.27 secs	(10.93 secs)	0.007	0.241	0.735
42.5/45	0.0/0.5	0.000010/0.000050	5748.33 secs	(11.06 secs)	0.010	0.234	0.693
42.5/45	0.0/0.5	0.000015/0.000050	5760.29 secs	(11.96 secs)	0.016	0.244	0.663
42.5/45	0.0/0.5	0.000020/0.000050	5772.43 secs	(12.14 secs)	0.020	0.249	0.662
42.5/45	0.0/0.5	0.000025/0.000050	5784.96 secs	(12.53 secs)	0.024	0.255	0.627
42.5/45	0.0/0.5	0.000030/0.000050	5797.47 secs	(12.50 secs)	0.025	0.251	0.606
42.5/45	0.0/0.5	0.000035/0.000050	5810.98 secs	(13.52 secs)	0.033	0.258	0.620
42.5/45	0.0/0.5	0.000040/0.000050	5824.40 secs	(13.41 secs)	0.035	0.248	0.603
42.5/45	0.0/0.5	0.000045/0.000050	5838.51 secs	(14.12 secs)	0.039	0.252	0.600
42.5/45	0.0/0.5	0.000050/0.000050	5852.91 secs	(14.40 secs)	0.043	0.249	0.613

42.5/45	0.025/0.5	0.000000/0.000050	5863.39 secs	(10.48 secs)	0.003	0.184	1.000
42.5/45	0.025/0.5	0.000005/0.000050	5874.43 secs	(11.04 secs)	0.009	0.203	0.860
42.5/45	0.025/0.5	0.000010/0.000050	5886.29 secs	(11.86 secs)	0.018	0.245	0.784
42.5/45	0.025/0.5	0.000015/0.000050	5898.56 secs	(12.27 secs)	0.023	0.246	0.768
42.5/45	0.025/0.5	0.000020/0.000050	5911.45 secs	(12.89 secs)	0.026	0.237	0.729
42.5/45	0.025/0.5	0.000025/0.000050	5924.90 secs	(13.45 secs)	0.035	0.248	0.743
42.5/45	0.025/0.5	0.000030/0.000050	5939.87 secs	(14.97 secs)	0.045	0.242	0.745
42.5/45	0.025/0.5	0.000035/0.000050	5955.08 secs	(15.21 secs)	0.049	0.252	0.732
42.5/45	0.025/0.5	0.000040/0.000050	5970.54 secs	(15.46 secs)	0.056	0.247	0.729
42.5/45	0.025/0.5	0.000045/0.000050	5987.66 secs	(17.12 secs)	0.063	0.255	0.745
42.5/45	0.025/0.5	0.000050/0.000050	6004.00 secs	(16.34 secs)	0.066	0.255	0.752

42.5/45	0.05/0.5	0.000000/0.000050	6015.86 secs	(11.86 secs)	0.012	0.174	1.000
42.5/45	0.05/0.5	0.000005/0.000050	6027.78 secs	(11.93 secs)	0.015	0.200	0.840
42.5/45	0.05/0.5	0.000010/0.000050	6041.58 secs	(13.80 secs)	0.034	0.244	0.860
42.5/45	0.05/0.5	0.000015/0.000050	6056.03 secs	(14.45 secs)	0.049	0.241	0.870
42.5/45	0.05/0.5	0.000020/0.000050	6070.90 secs	(14.86 secs)	0.052	0.248	0.840
42.5/45	0.05/0.5	0.000025/0.000050	6087.12 secs	(16.23 secs)	0.063	0.250	0.847
42.5/45	0.05/0.5	0.000030/0.000050	6105.13 secs	(18.01 secs)	0.078	0.249	0.858
42.5/45	0.05/0.5	0.000035/0.000050	6123.52 secs	(18.39 secs)	0.088	0.247	0.847
42.5/45	0.05/0.5	0.000040/0.000050	6142.73 secs	(19.21 secs)	0.097	0.248	0.841
42.5/45	0.05/0.5	0.000045/0.000050	6161.86 secs	(19.14 secs)	0.102	0.242	0.832
42.5/45	0.05/0.5	0.000050/0.000050	6181.58 secs	(19.72 secs)	0.110	0.248	0.843

42.5/45	0.075/0.5	0.000000/0.000050	6194.91 secs	(13.33 secs)	0.027	0.169	1.000
42.5/45	0.075/0.5	0.000005/0.000050	6211.32 secs	(16.42 secs)	0.071	0.245	0.928
42.5/45	0.075/0.5	0.000010/0.000050	6229.57 secs	(18.25 secs)	0.076	0.234	0.898
42.5/45	0.075/0.5	0.000015/0.000050	6246.58 secs	(17.01 secs)	0.085	0.234	0.906
42.5/45	0.075/0.5	0.000020/0.000050	6266.09 secs	(19.51 secs)	0.120	0.240	0.919
42.5/45	0.075/0.5	0.000025/0.000050	6286.71 secs	(20.62 secs)	0.138	0.242	0.913
42.5/45	0.075/0.5	0.000030/0.000050	6308.39 secs	(21.68 secs)	0.149	0.241	0.920
42.5/45	0.075/0.5	0.000035/0.000050	6330.99 secs	(22.59 secs)	0.173	0.244	0.918
42.5/45	0.075/0.5	0.000040/0.000050	6355.74 secs	(24.75 secs)	0.184	0.251	0.914
42.5/45	0.075/0.5	0.000045/0.000050	6379.72 secs	(23.99 secs)	0.192	0.249	0.911
42.5/45	0.075/0.5	0.000050/0.000050	6403.76 secs	(24.04 secs)	0.214	0.248	0.921

42.5/45	0.1/0.5	0.000000/0.000050	6421.31 secs	(17.54 secs)	0.115	0.169	1.000
42.5/45	0.1/0.5	0.000005/0.000050	6442.94 secs	(21.64 secs)	0.156	0.228	0.971
42.5/45	0.1/0.5	0.000010/0.000050	6466.57 secs	(23.63 secs)	0.190	0.238	0.964
42.5/45	0.1/0.5	0.000015/0.000050	6490.45 secs	(23.88 secs)	0.219	0.241	0.942
42.5/45	0.1/0.5	0.000020/0.000050	6514.15 secs	(23.70 secs)	0.212	0.246	0.954
42.5/45	0.1/0.5	0.000025/0.000050	6540.97 secs	(26.81 secs)	0.270	0.249	0.963
42.5/45	0.1/0.5	0.000030/0.000050	6566.86 secs	(25.89 secs)	0.256	0.248	0.959
42.5/45	0.1/0.5	0.000035/0.000050	6593.36 secs	(26.50 secs)	0.315	0.251	0.958
42.5/45	0.1/0.5	0.000040/0.000050	6621.10 secs	(27.74 secs)	0.324	0.249	0.956
42.5/45	0.1/0.5	0.000045/0.000050	6650.53 secs	(29.43 secs)	0.391	0.250	0.962
42.5/45	0.1/0.5	0.000050/0.000050	6680.24 secs	(29.71 secs)	0.355	0.246	0.954

42.5/45	0.125/0.5	0.000000/0.000050	6703.27 secs	(23.04 secs)	0.279	0.222	1.000
42.5/45	0.125/0.5	0.000005/0.000050	6725.85 secs	(22.58 secs)	0.262	0.219	0.946
42.5/45	0.125/0.5	0.000010/0.000050	6750.62 secs	(24.76 secs)	0.304	0.240	0.969
42.5/45	0.125/0.5	0.000015/0.000050	6776.73 secs	(26.12 secs)	0.347	0.258	0.973
42.5/45	0.125/0.5	0.000020/0.000050	6804.85 secs	(28.12 secs)	0.410	0.245	0.976
42.5/45	0.125/0.5	0.000025/0.000050	6834.91 secs	(30.05 secs)	0.477	0.253	0.982
42.5/45	0.125/0.5	0.000030/0.000050	6864.99 secs	(30.08 secs)	0.496	0.247	0.980
42.5/45	0.125/0.5	0.000035/0.000050	6895.23 secs	(30.24 secs)	0.494	0.246	0.977
42.5/45	0.125/0.5	0.000040/0.000050	6925.85 secs	(30.62 secs)	0.469	0.248	0.971
42.5/45	0.125/0.5	0.000045/0.000050	6957.02 secs	(31.16 secs)	0.517	0.252	0.974
42.5/45	0.125/0.5	0.000050/0.000050	6988.50 secs	(31.48 secs)	0.551	0.251	0.972

42.5/45	0.15/0.5	0.000000/0.000050	7012.77 secs	(24.27 secs)	0.369	0.206	1.000
42.5/45	0.15/0.5	0.000005/0.000050	7037.28 secs	(24.51 secs)	0.350	0.213	0.964
42.5/45	0.15/0.5	0.000010/0.000050	7065.12 secs	(27.84 secs)	0.464	0.247	0.983
42.5/45	0.15/0.5	0.000015/0.000050	7094.28 secs	(29.16 secs)	0.539	0.248	0.986
42.5/45	0.15/0.5	0.000020/0.000050	7124.16 secs	(29.88 secs)	0.564	0.247	0.983
42.5/45	0.15/0.5	0.000025/0.000050	7155.75 secs	(31.59 secs)	0.616	0.250	0.987
42.5/45	0.15/0.5	0.000030/0.000050	7186.36 secs	(30.61 secs)	0.647	0.252	0.985
42.5/45	0.15/0.5	0.000035/0.000050	7216.39 secs	(30.03 secs)	0.615	0.249	0.982
42.5/45	0.15/0.5	0.000040/0.000050	7248.36 secs	(31.97 secs)	0.678	0.251	0.985
42.5/45	0.15/0.5	0.000045/0.000050	7280.91 secs	(32.54 secs)	0.676	0.248	0.982
42.5/45	0.15/0.5	0.000050/0.000050	7313.81 secs	(32.90 secs)	0.698	0.249	0.981

42.5/45	0.175/0.5	0.000000/0.000050	7339.47 secs	(25.66 secs)	0.531	0.217	1.000
42.5/45	0.175/0.5	0.000005/0.000050	7368.29 secs	(28.82 secs)	0.612	0.235	0.993
42.5/45	0.175/0.5	0.000010/0.000050	7399.10 secs	(30.81 secs)	0.654	0.250	0.994
42.5/45	0.175/0.5	0.000015/0.000050	7429.59 secs	(30.49 secs)	0.729	0.251	0.993
42.5/45	0.175/0.5	0.000020/0.000050	7460.18 secs	(30.59 secs)	0.728	0.248	0.990
42.5/45	0.175/0.5	0.000025/0.000050	7492.37 secs	(32.19 secs)	0.761	0.250	0.991
42.5/45	0.175/0.5	0.000030/0.000050	7524.06 secs	(31.69 secs)	0.754	0.250	0.989
42.5/45	0.175/0.5	0.000035/0.000050	7557.11 secs	(33.05 secs)	0.784	0.250	0.989
42.5/45	0.175/0.5	0.000040/0.000050	7589.75 secs	(32.65 secs)	0.802	0.250	0.988
42.5/45	0.175/0.5	0.000045/0.000050	7622.50 secs	(32.74 secs)	0.814	0.251	0.986
42.5/45	0.175/0.5	0.000050/0.000050	7655.42 secs	(32.92 secs)	0.810	0.249	0.985

42.5/45	0.2/0.5	0.000000/0.000050	7682.30 secs	(26.89 secs)	0.630	0.209	1.000
42.5/45	0.2/0.5	0.000005/0.000050	7712.56 secs	(30.26 secs)	0.755	0.237	0.988
42.5/45	0.2/0.5	0.000010/0.000050	7742.12 secs	(29.55 secs)	0.809	0.252	0.990
42.5/45	0.2/0.5	0.000015/0.000050	7772.31 secs	(30.19 secs)	0.797	0.245	0.990
42.5/45	0.2/0.5	0.000020/0.000050	7802.78 secs	(30.47 secs)	0.831	0.248	0.990
42.5/45	0.2/0.5	0.000025/0.000050	7834.49 secs	(31.72 secs)	0.836	0.250	0.992
42.5/45	0.2/0.5	0.000030/0.000050	7865.99 secs	(31.50 secs)	0.849	0.250	0.993
42.5/45	0.2/0.5	0.000035/0.000050	7898.71 secs	(32.72 secs)	0.854	0.247	0.990
42.5/45	0.2/0.5	0.000040/0.000050	7930.58 secs	(31.87 secs)	0.867	0.252	0.990
42.5/45	0.2/0.5	0.000045/0.000050	7962.54 secs	(31.96 secs)	0.873	0.248	0.987
42.5/45	0.2/0.5	0.000050/0.000050	7994.83 secs	(32.29 secs)	0.875	0.252	0.987

42.5/45	0.225/0.5	0.000000/0.000050	8022.26 secs	(27.43 secs)	0.736	0.222	1.000
42.5/45	0.225/0.5	0.000005/0.000050	8050.08 secs	(27.83 secs)	0.784	0.239	0.998
42.5/45	0.225/0.5	0.000010/0.000050	8079.64 secs	(29.56 secs)	0.837	0.246	0.995
42.5/45	0.225/0.5	0.000015/0.000050	8109.41 secs	(29.77 secs)	0.849	0.246	0.992
42.5/45	0.225/0.5	0.000020/0.000050	8139.42 secs	(30.00 secs)	0.864	0.249	0.994
42.5/45	0.225/0.5	0.000025/0.000050	8170.17 secs	(30.75 secs)	0.892	0.244	0.994
42.5/45	0.225/0.5	0.000030/0.000050	8200.92 secs	(30.75 secs)	0.897	0.250	0.993
42.5/45	0.225/0.5	0.000035/0.000050	8231.90 secs	(30.99 secs)	0.896	0.245	0.991
42.5/45	0.225/0.5	0.000040/0.000050	8263.27 secs	(31.37 secs)	0.897	0.249	0.991
42.5/45	0.225/0.5	0.000045/0.000050	8294.79 secs	(31.51 secs)	0.903	0.250	0.989
42.5/45	0.225/0.5	0.000050/0.000050	8325.69 secs	(30.90 secs)	0.903	0.246	0.989

42.5/45	0.25/0.5	0.000000/0.000050	8352.80 secs	(27.11 secs)	0.805	0.218	1.000
42.5/45	0.25/0.5	0.000005/0.000050	8380.58 secs	(27.78 secs)	0.866	0.247	0.990
42.5/45	0.25/0.5	0.000010/0.000050	8409.83 secs	(29.24 secs)	0.867	0.248	0.989
42.5/45	0.25/0.5	0.000015/0.000050	8439.58 secs	(29.76 secs)	0.907	0.245	0.997
42.5/45	0.25/0.5	0.000020/0.000050	8468.76 secs	(29.18 secs)	0.903	0.242	0.995
42.5/45	0.25/0.5	0.000025/0.000050	8498.22 secs	(29.46 secs)	0.914	0.244	0.994
42.5/45	0.25/0.5	0.000030/0.000050	8527.88 secs	(29.66 secs)	0.919	0.245	0.993
42.5/45	0.25/0.5	0.000035/0.000050	8557.36 secs	(29.48 secs)	0.916	0.250	0.992
42.5/45	0.25/0.5	0.000040/0.000050	8587.88 secs	(30.52 secs)	0.921	0.248	0.992
42.5/45	0.25/0.5	0.000045/0.000050	8618.26 secs	(30.38 secs)	0.924	0.247	0.990
42.5/45	0.25/0.5	0.000050/0.000050	8648.00 secs	(29.75 secs)	0.924	0.245	0.989

42.5/45	0.275/0.5	0.000000/0.000050	8674.86 secs	(26.86 secs)	0.825	0.216	1.000
42.5/45	0.275/0.5	0.000005/0.000050	8702.31 secs	(27.45 secs)	0.890	0.238	0.998
42.5/45	0.275/0.5	0.000010/0.000050	8730.22 secs	(27.91 secs)	0.917	0.243	0.996
42.5/45	0.275/0.5	0.000015/0.000050	8758.79 secs	(28.57 secs)	0.937	0.245	0.997
42.5/45	0.275/0.5	0.000020/0.000050	8786.95 secs	(28.16 secs)	0.920	0.242	0.995
42.5/45	0.275/0.5	0.000025/0.000050	8815.72 secs	(28.77 secs)	0.941	0.249	0.994
42.5/45	0.275/0.5	0.000030/0.000050	8844.04 secs	(28.31 secs)	0.921	0.242	0.993
42.5/45	0.275/0.5	0.000035/0.000050	8873.13 secs	(29.10 secs)	0.941	0.245	0.994
42.5/45	0.275/0.5	0.000040/0.000050	8901.84 secs	(28.71 secs)	0.935	0.244	0.992
42.5/45	0.275/0.5	0.000045/0.000050	8930.38 secs	(28.54 secs)	0.940	0.246	0.991
42.5/45	0.275/0.5	0.000050/0.000050	8959.54 secs	(29.15 secs)	0.940	0.244	0.990

42.5/45	0.3/0.5	0.000000/0.000050	8986.61 secs	(27.07 secs)	0.941	0.243	1.000
42.5/45	0.3/0.5	0.000005/0.000050	9012.66 secs	(26.05 secs)	0.890	0.228	0.999
42.5/45	0.3/0.5	0.000010/0.000050	9040.17 secs	(27.51 secs)	0.941	0.244	0.998
42.5/45	0.3/0.5	0.000015/0.000050	9068.02 secs	(27.85 secs)	0.935	0.242	0.996
42.5/45	0.3/0.5	0.000020/0.000050	9096.36 secs	(28.34 secs)	0.952	0.240	0.996
42.5/45	0.3/0.5	0.000025/0.000050	9124.43 secs	(28.07 secs)	0.952	0.246	0.995
42.5/45	0.3/0.5	0.000030/0.000050	9151.75 secs	(27.32 secs)	0.951	0.241	0.994
42.5/45	0.3/0.5	0.000035/0.000050	9179.06 secs	(27.31 secs)	0.950	0.243	0.994
42.5/45	0.3/0.5	0.000040/0.000050	9207.45 secs	(28.39 secs)	0.950	0.246	0.992
42.5/45	0.3/0.5	0.000045/0.000050	9235.33 secs	(27.87 secs)	0.950	0.242	0.992
42.5/45	0.3/0.5	0.000050/0.000050	9263.39 secs	(28.06 secs)	0.952	0.243	0.991

42.5/45	0.325/0.5	0.000000/0.000050	9288.24 secs	(24.85 secs)	0.884	0.224	1.000
42.5/45	0.325/0.5	0.000005/0.000050	9313.41 secs	(25.18 secs)	0.876	0.232	0.998
42.5/45	0.325/0.5	0.000010/0.000050	9339.23 secs	(25.82 secs)	0.918	0.233	0.998
42.5/45	0.325/0.5	0.000015/0.000050	9365.56 secs	(26.33 secs)	0.960	0.242	0.997
42.5/45	0.325/0.5	0.000020/0.000050	9391.73 secs	(26.17 secs)	0.960	0.237	0.996
42.5/45	0.325/0.5	0.000025/0.000050	9418.28 secs	(26.55 secs)	0.961	0.241	0.996
42.5/45	0.325/0.5	0.000030/0.000050	9445.08 secs	(26.80 secs)	0.960	0.242	0.994
42.5/45	0.325/0.5	0.000035/0.000050	9472.02 secs	(26.94 secs)	0.960	0.238	0.994
42.5/45	0.325/0.5	0.000040/0.000050	9499.59 secs	(27.57 secs)	0.960	0.240	0.992
42.5/45	0.325/0.5	0.000045/0.000050	9527.29 secs	(27.70 secs)	0.961	0.243	0.992
42.5/45	0.325/0.5	0.000050/0.000050	9554.11 secs	(26.82 secs)	0.959	0.241	0.991

42.5/45	0.35/0.5	0.000000/0.000050	9579.34 secs	(25.23 secs)	0.948	0.229	1.000
42.5/45	0.35/0.5	0.000005/0.000050	9604.51 secs	(25.16 secs)	0.969	0.237	0.999
42.5/45	0.35/0.5	0.000010/0.000050	9629.30 secs	(24.80 secs)	0.929	0.237	0.987
42.5/45	0.35/0.5	0.000015/0.000050	9655.86 secs	(26.56 secs)	0.964	0.235	0.997
42.5/45	0.35/0.5	0.000020/0.000050	9682.32 secs	(26.46 secs)	0.969	0.235	0.997
42.5/45	0.35/0.5	0.000025/0.000050	9708.08 secs	(25.76 secs)	0.967	0.234	0.996
42.5/45	0.35/0.5	0.000030/0.000050	9734.15 secs	(26.07 secs)	0.967	0.241	0.995
42.5/45	0.35/0.5	0.000035/0.000050	9760.69 secs	(26.54 secs)	0.967	0.236	0.994
42.5/45	0.35/0.5	0.000040/0.000050	9787.69 secs	(27.01 secs)	0.968	0.238	0.993
42.5/45	0.35/0.5	0.000045/0.000050	9814.33 secs	(26.64 secs)	0.966	0.238	0.992
42.5/45	0.35/0.5	0.000050/0.000050	9840.94 secs	(26.60 secs)	0.969	0.239	0.993

42.5/45	0.375/0.5	0.000000/0.000050	9865.22 secs	(24.29 secs)	0.973	0.232	1.000
42.5/45	0.375/0.5	0.000005/0.000050	9890.57 secs	(25.34 secs)	0.973	0.233	0.999
42.5/45	0.375/0.5	0.000010/0.000050	9916.05 secs	(25.49 secs)	0.971	0.238	0.998
42.5/45	0.375/0.5	0.000015/0.000050	9941.50 secs	(25.45 secs)	0.974	0.241	0.998
42.5/45	0.375/0.5	0.000020/0.000050	9966.76 secs	(25.26 secs)	0.973	0.236	0.997
42.5/45	0.375/0.5	0.000025/0.000050	9992.40 secs	(25.64 secs)	0.973	0.238	0.996
42.5/45	0.375/0.5	0.000030/0.000050	10018.53 secs	(26.13 secs)	0.973	0.236	0.995
42.5/45	0.375/0.5	0.000035/0.000050	10044.35 secs	(25.82 secs)	0.974	0.240	0.995
42.5/45	0.375/0.5	0.000040/0.000050	10070.04 secs	(25.69 secs)	0.974	0.239	0.994
42.5/45	0.375/0.5	0.000045/0.000050	10095.54 secs	(25.50 secs)	0.974	0.237	0.993
42.5/45	0.375/0.5	0.000050/0.000050	10121.40 secs	(25.86 secs)	0.974	0.240	0.992

42.5/45	0.4/0.5	0.000000/0.000050	10145.66 secs	(24.26 secs)	0.979	0.233	1.000
42.5/45	0.4/0.5	0.000005/0.000050	10170.02 secs	(24.36 secs)	0.978	0.233	0.999
42.5/45	0.4/0.5	0.000010/0.000050	10194.58 secs	(24.56 secs)	0.979	0.234	0.998
42.5/45	0.4/0.5	0.000015/0.000050	10219.60 secs	(25.01 secs)	0.978	0.234	0.997
42.5/45	0.4/0.5	0.000020/0.000050	10244.31 secs	(24.72 secs)	0.980	0.234	0.997
42.5/45	0.4/0.5	0.000025/0.000050	10269.17 secs	(24.86 secs)	0.978	0.235	0.996
42.5/45	0.4/0.5	0.000030/0.000050	10294.00 secs	(24.82 secs)	0.979	0.235	0.995
42.5/45	0.4/0.5	0.000035/0.000050	10318.66 secs	(24.66 secs)	0.974	0.237	0.994
42.5/45	0.4/0.5	0.000040/0.000050	10344.11 secs	(25.46 secs)	0.979	0.235	0.994
42.5/45	0.4/0.5	0.000045/0.000050	10369.63 secs	(25.52 secs)	0.979	0.238	0.993
42.5/45	0.4/0.5	0.000050/0.000050	10395.08 secs	(25.46 secs)	0.978	0.232	0.992

42.5/45	0.425/0.5	0.000000/0.000050	10418.66 secs	(23.57 secs)	0.982	0.229	1.000
42.5/45	0.425/0.5	0.000005/0.000050	10442.23 secs	(23.57 secs)	0.947	0.229	0.999
42.5/45	0.425/0.5	0.000010/0.000050	10466.64 secs	(24.41 secs)	0.982	0.231	0.998
42.5/45	0.425/0.5	0.000015/0.000050	10490.74 secs	(24.10 secs)	0.982	0.232	0.998
42.5/45	0.425/0.5	0.000020/0.000050	10515.16 secs	(24.42 secs)	0.981	0.232	0.997
42.5/45	0.425/0.5	0.000025/0.000050	10539.47 secs	(24.30 secs)	0.983	0.232	0.996
42.5/45	0.425/0.5	0.000030/0.000050	10564.10 secs	(24.63 secs)	0.982	0.235	0.995
42.5/45	0.425/0.5	0.000035/0.000050	10589.47 secs	(25.37 secs)	0.983	0.233	0.995
42.5/45	0.425/0.5	0.000040/0.000050	10614.32 secs	(24.84 secs)	0.983	0.238	0.994
42.5/45	0.425/0.5	0.000045/0.000050	10638.43 secs	(24.11 secs)	0.983	0.237	0.993
42.5/45	0.425/0.5	0.000050/0.000050	10663.74 secs	(25.31 secs)	0.982	0.235	0.992

42.5/45	0.45/0.5	0.000000/0.000050	10686.72 secs	(22.98 secs)	0.946	0.217	1.000
42.5/45	0.45/0.5	0.000005/0.000050	10710.28 secs	(23.56 secs)	0.967	0.227	0.999
42.5/45	0.45/0.5	0.000010/0.000050	10734.31 secs	(24.04 secs)	0.985	0.225	0.998
42.5/45	0.45/0.5	0.000015/0.000050	10757.82 secs	(23.51 secs)	0.985	0.230	0.998
42.5/45	0.45/0.5	0.000020/0.000050	10781.95 secs	(24.13 secs)	0.986	0.231	0.997
42.5/45	0.45/0.5	0.000025/0.000050	10806.01 secs	(24.05 secs)	0.986	0.231	0.996
42.5/45	0.45/0.5	0.000030/0.000050	10829.32 secs	(23.32 secs)	0.986	0.229	0.996
42.5/45	0.45/0.5	0.000035/0.000050	10853.47 secs	(24.15 secs)	0.984	0.232	0.995
42.5/45	0.45/0.5	0.000040/0.000050	10877.58 secs	(24.11 secs)	0.985	0.230	0.995
42.5/45	0.45/0.5	0.000045/0.000050	10902.32 secs	(24.74 secs)	0.986	0.232	0.993
42.5/45	0.45/0.5	0.000050/0.000050	10926.76 secs	(24.44 secs)	0.986	0.229	0.993

42.5/45	0.475/0.5	0.000000/0.000050	10949.83 secs	(23.07 secs)	0.988	0.229	1.000
42.5/45	0.475/0.5	0.000005/0.000050	10974.32 secs	(24.49 secs)	0.988	0.227	0.999
42.5/45	0.475/0.5	0.000010/0.000050	10998.18 secs	(23.86 secs)	0.988	0.223	0.999
42.5/45	0.475/0.5	0.000015/0.000050	11021.62 secs	(23.44 secs)	0.988	0.226	0.998
42.5/45	0.475/0.5	0.000020/0.000050	11044.87 secs	(23.25 secs)	0.988	0.227	0.997
42.5/45	0.475/0.5	0.000025/0.000050	11068.53 secs	(23.66 secs)	0.987	0.225	0.997
42.5/45	0.475/0.5	0.000030/0.000050	11092.27 secs	(23.75 secs)	0.988	0.228	0.996
42.5/45	0.475/0.5	0.000035/0.000050	11115.86 secs	(23.59 secs)	0.989	0.228	0.995
42.5/45	0.475/0.5	0.000040/0.000050	11139.90 secs	(24.03 secs)	0.988	0.230	0.994
42.5/45	0.475/0.5	0.000045/0.000050	11163.86 secs	(23.96 secs)	0.988	0.226	0.994
42.5/45	0.475/0.5	0.000050/0.000050	11187.56 secs	(23.71 secs)	0.988	0.229	0.993

42.5/45	0.5/0.5	0.000000/0.000050	11210.41 secs	(22.84 secs)	0.991	0.225	1.000
42.5/45	0.5/0.5	0.000005/0.000050	11233.23 secs	(22.82 secs)	0.990	0.227	0.999
42.5/45	0.5/0.5	0.000010/0.000050	11255.52 secs	(22.29 secs)	0.990	0.223	0.999
42.5/45	0.5/0.5	0.000015/0.000050	11278.41 secs	(22.89 secs)	0.990	0.224	0.998
42.5/45	0.5/0.5	0.000020/0.000050	11301.81 secs	(23.40 secs)	0.991	0.224	0.998
42.5/45	0.5/0.5	0.000025/0.000050	11325.07 secs	(23.27 secs)	0.990	0.226	0.996
42.5/45	0.5/0.5	0.000030/0.000050	11348.96 secs	(23.89 secs)	0.990	0.230	0.996
42.5/45	0.5/0.5	0.000035/0.000050	11373.26 secs	(24.30 secs)	0.990	0.225	0.995
42.5/45	0.5/0.5	0.000040/0.000050	11397.16 secs	(23.89 secs)	0.990	0.225	0.995
42.5/45	0.5/0.5	0.000045/0.000050	11420.62 secs	(23.47 secs)	0.990	0.226	0.994
42.5/45	0.5/0.5	0.000050/0.000050	11443.99 secs	(23.36 secs)	0.990	0.228	0.993



45/45	0.0/0.5	0.000000/0.000050	11454.74 secs	(10.75 secs)	0.003	0.197	1.000
45/45	0.0/0.5	0.000005/0.000050	11465.88 secs	(11.14 secs)	0.007	0.244	0.814
45/45	0.0/0.5	0.000010/0.000050	11476.97 secs	(11.09 secs)	0.011	0.243	0.665
45/45	0.0/0.5	0.000015/0.000050	11489.12 secs	(12.15 secs)	0.016	0.233	0.665
45/45	0.0/0.5	0.000020/0.000050	11501.71 secs	(12.60 secs)	0.020	0.251	0.625
45/45	0.0/0.5	0.000025/0.000050	11514.32 secs	(12.61 secs)	0.023	0.255	0.627
45/45	0.0/0.5	0.000030/0.000050	11527.16 secs	(12.84 secs)	0.028	0.257	0.630
45/45	0.0/0.5	0.000035/0.000050	11540.61 secs	(13.46 secs)	0.033	0.256	0.635
45/45	0.0/0.5	0.000040/0.000050	11554.93 secs	(14.32 secs)	0.037	0.269	0.632
45/45	0.0/0.5	0.000045/0.000050	11569.11 secs	(14.18 secs)	0.039	0.246	0.615
45/45	0.0/0.5	0.000050/0.000050	11583.60 secs	(14.49 secs)	0.045	0.255	0.616

45/45	0.025/0.5	0.000000/0.000050	11594.42 secs	(10.82 secs)	0.005	0.222	1.000
45/45	0.025/0.5	0.000005/0.000050	11605.52 secs	(11.10 secs)	0.009	0.196	0.824
45/45	0.025/0.5	0.000010/0.000050	11618.15 secs	(12.64 secs)	0.019	0.264	0.777
45/45	0.025/0.5	0.000015/0.000050	11630.83 secs	(12.68 secs)	0.026	0.237	0.766
45/45	0.025/0.5	0.000020/0.000050	11644.77 secs	(13.94 secs)	0.034	0.266	0.778
45/45	0.025/0.5	0.000025/0.000050	11658.53 secs	(13.76 secs)	0.039	0.257	0.748
45/45	0.025/0.5	0.000030/0.000050	11672.93 secs	(14.40 secs)	0.041	0.273	0.741
45/45	0.025/0.5	0.000035/0.000050	11687.59 secs	(14.67 secs)	0.046	0.261	0.735
45/45	0.025/0.5	0.000040/0.000050	11702.55 secs	(14.96 secs)	0.055	0.259	0.736
45/45	0.025/0.5	0.000045/0.000050	11718.77 secs	(16.22 secs)	0.063	0.254	0.746
45/45	0.025/0.5	0.000050/0.000050	11735.65 secs	(16.88 secs)	0.069	0.257	0.751

45/45	0.05/0.5	0.000000/0.000050	11748.53 secs	(12.88 secs)	0.015	0.199	1.000
45/45	0.05/0.5	0.000005/0.000050	11761.57 secs	(13.04 secs)	0.023	0.255	0.889
45/45	0.05/0.5	0.000010/0.000050	11775.85 secs	(14.28 secs)	0.041	0.259	0.868
45/45	0.05/0.5	0.000015/0.000050	11791.16 secs	(15.31 secs)	0.050	0.257	0.883
45/45	0.05/0.5	0.000020/0.000050	11807.58 secs	(16.42 secs)	0.066	0.256	0.876
45/45	0.05/0.5	0.000025/0.000050	11824.48 secs	(16.90 secs)	0.071	0.258	0.857
45/45	0.05/0.5	0.000030/0.000050	11842.22 secs	(17.74 secs)	0.088	0.265	0.870
45/45	0.05/0.5	0.000035/0.000050	11860.83 secs	(18.61 secs)	0.083	0.255	0.839
45/45	0.05/0.5	0.000040/0.000050	11880.29 secs	(19.46 secs)	0.102	0.259	0.853
45/45	0.05/0.5	0.000045/0.000050	11899.14 secs	(18.85 secs)	0.108	0.265	0.849
45/45	0.05/0.5	0.000050/0.000050	11920.03 secs	(20.89 secs)	0.128	0.261	0.856

45/45	0.075/0.5	0.000000/0.000050	11937.86 secs	(17.83 secs)	0.052	0.205	1.000
45/45	0.075/0.5	0.000005/0.000050	11954.70 secs	(16.84 secs)	0.071	0.257	0.930
45/45	0.075/0.5	0.000010/0.000050	11975.26 secs	(20.56 secs)	0.097	0.248	0.943
45/45	0.075/0.5	0.000015/0.000050	11993.61 secs	(18.35 secs)	0.103	0.255	0.928
45/45	0.075/0.5	0.000020/0.000050	12015.13 secs	(21.52 secs)	0.144	0.263	0.936
45/45	0.075/0.5	0.000025/0.000050	12037.52 secs	(22.39 secs)	0.165	0.256	0.924
45/45	0.075/0.5	0.000030/0.000050	12059.31 secs	(21.78 secs)	0.160	0.256	0.921
45/45	0.075/0.5	0.000035/0.000050	12082.12 secs	(22.81 secs)	0.171	0.262	0.927
45/45	0.075/0.5	0.000040/0.000050	12105.97 secs	(23.86 secs)	0.202	0.263	0.927
45/45	0.075/0.5	0.000045/0.000050	12128.57 secs	(22.59 secs)	0.185	0.258	0.903
45/45	0.075/0.5	0.000050/0.000050	12154.47 secs	(25.91 secs)	0.233	0.264	0.926

45/45	0.1/0.5	0.000000/0.000050	12172.44 secs	(17.97 secs)	0.100	0.196	1.000
45/45	0.1/0.5	0.000005/0.000050	12192.41 secs	(19.97 secs)	0.156	0.226	0.962
45/45	0.1/0.5	0.000010/0.000050	12214.59 secs	(22.18 secs)	0.202	0.249	0.950
45/45	0.1/0.5	0.000015/0.000050	12240.12 secs	(25.53 secs)	0.230	0.260	0.965
45/45	0.1/0.5	0.000020/0.000050	12264.71 secs	(24.59 secs)	0.245	0.257	0.942
45/45	0.1/0.5	0.000025/0.000050	12290.98 secs	(26.27 secs)	0.269	0.251	0.955
45/45	0.1/0.5	0.000030/0.000050	12318.43 secs	(27.46 secs)	0.317	0.262	0.966
45/45	0.1/0.5	0.000035/0.000050	12344.86 secs	(26.42 secs)	0.323	0.261	0.958
45/45	0.1/0.5	0.000040/0.000050	12373.60 secs	(28.74 secs)	0.366	0.262	0.963
45/45	0.1/0.5	0.000045/0.000050	12402.50 secs	(28.90 secs)	0.363	0.259	0.958
45/45	0.1/0.5	0.000050/0.000050	12432.48 secs	(29.98 secs)	0.401	0.265	0.960

45/45	0.125/0.5	0.000000/0.000050	12456.17 secs	(23.69 secs)	0.268	0.228	1.000
45/45	0.125/0.5	0.000005/0.000050	12481.13 secs	(24.96 secs)	0.296	0.250	0.982
45/45	0.125/0.5	0.000010/0.000050	12509.96 secs	(28.83 secs)	0.406	0.246	0.980
45/45	0.125/0.5	0.000015/0.000050	12538.21 secs	(28.24 secs)	0.475	0.262	0.987
45/45	0.125/0.5	0.000020/0.000050	12568.28 secs	(30.07 secs)	0.421	0.258	0.983
45/45	0.125/0.5	0.000025/0.000050	12597.74 secs	(29.47 secs)	0.434	0.260	0.974
45/45	0.125/0.5	0.000030/0.000050	12627.25 secs	(29.51 secs)	0.500	0.257	0.979
45/45	0.125/0.5	0.000035/0.000050	12658.10 secs	(30.85 secs)	0.532	0.263	0.982
45/45	0.125/0.5	0.000040/0.000050	12689.08 secs	(30.98 secs)	0.532	0.261	0.976
45/45	0.125/0.5	0.000045/0.000050	12720.73 secs	(31.65 secs)	0.592	0.263	0.978
45/45	0.125/0.5	0.000050/0.000050	12752.77 secs	(32.05 secs)	0.612	0.263	0.976

45/45	0.15/0.5	0.000000/0.000050	12778.80 secs	(26.03 secs)	0.414	0.253	1.000
45/45	0.15/0.5	0.000005/0.000050	12805.05 secs	(26.25 secs)	0.428	0.248	0.993
45/45	0.15/0.5	0.000010/0.000050	12833.47 secs	(28.42 secs)	0.462	0.255	0.975
45/45	0.15/0.5	0.000015/0.000050	12862.94 secs	(29.47 secs)	0.532	0.258	0.985
45/45	0.15/0.5	0.000020/0.000050	12892.25 secs	(29.31 secs)	0.610	0.257	0.988
45/45	0.15/0.5	0.000025/0.000050	12923.06 secs	(30.80 secs)	0.653	0.262	0.990
45/45	0.15/0.5	0.000030/0.000050	12954.22 secs	(31.16 secs)	0.638	0.263	0.987
45/45	0.15/0.5	0.000035/0.000050	12986.22 secs	(32.00 secs)	0.711	0.263	0.986
45/45	0.15/0.5	0.000040/0.000050	13017.91 secs	(31.69 secs)	0.656	0.263	0.985
45/45	0.15/0.5	0.000045/0.000050	13050.13 secs	(32.22 secs)	0.697	0.260	0.981
45/45	0.15/0.5	0.000050/0.000050	13082.81 secs	(32.68 secs)	0.733	0.265	0.981

45/45	0.175/0.5	0.000000/0.000050	13110.73 secs	(27.92 secs)	0.639	0.233	1.000
45/45	0.175/0.5	0.000005/0.000050	13138.58 secs	(27.85 secs)	0.646	0.243	0.992
45/45	0.175/0.5	0.000010/0.000050	13168.44 secs	(29.87 secs)	0.719	0.261	0.994
45/45	0.175/0.5	0.000015/0.000050	13198.64 secs	(30.20 secs)	0.668	0.262	0.992
45/45	0.175/0.5	0.000020/0.000050	13230.77 secs	(32.13 secs)	0.767	0.261	0.993
45/45	0.175/0.5	0.000025/0.000050	13261.78 secs	(31.02 secs)	0.773	0.263	0.991
45/45	0.175/0.5	0.000030/0.000050	13293.68 secs	(31.89 secs)	0.774	0.261	0.990
45/45	0.175/0.5	0.000035/0.000050	13325.33 secs	(31.66 secs)	0.793	0.260	0.989
45/45	0.175/0.5	0.000040/0.000050	13357.40 secs	(32.06 secs)	0.821	0.264	0.989
45/45	0.175/0.5	0.000045/0.000050	13390.09 secs	(32.69 secs)	0.787	0.261	0.985
45/45	0.175/0.5	0.000050/0.000050	13423.00 secs	(32.91 secs)	0.818	0.261	0.986

45/45	0.2/0.5	0.000000/0.000050	13451.40 secs	(28.40 secs)	0.760	0.240	1.000
45/45	0.2/0.5	0.000005/0.000050	13479.59 secs	(28.19 secs)	0.714	0.248	0.998
45/45	0.2/0.5	0.000010/0.000050	13508.77 secs	(29.18 secs)	0.768	0.257	0.986
45/45	0.2/0.5	0.000015/0.000050	13539.82 secs	(31.05 secs)	0.819	0.258	0.995
45/45	0.2/0.5	0.000020/0.000050	13570.75 secs	(30.93 secs)	0.833	0.262	0.993
45/45	0.2/0.5	0.000025/0.000050	13601.35 secs	(30.60 secs)	0.855	0.261	0.993
45/45	0.2/0.5	0.000030/0.000050	13632.94 secs	(31.59 secs)	0.870	0.262	0.993
45/45	0.2/0.5	0.000035/0.000050	13665.19 secs	(32.25 secs)	0.863	0.262	0.991
45/45	0.2/0.5	0.000040/0.000050	13696.41 secs	(31.22 secs)	0.876	0.261	0.990
45/45	0.2/0.5	0.000045/0.000050	13728.25 secs	(31.84 secs)	0.874	0.264	0.989
45/45	0.2/0.5	0.000050/0.000050	13760.86 secs	(32.61 secs)	0.880	0.262	0.988

45/45	0.225/0.5	0.000000/0.000050	13788.83 secs	(27.97 secs)	0.819	0.242	1.000
45/45	0.225/0.5	0.000005/0.000050	13817.26 secs	(28.43 secs)	0.835	0.251	0.993
45/45	0.225/0.5	0.000010/0.000050	13846.41 secs	(29.15 secs)	0.831	0.253	0.985
45/45	0.225/0.5	0.000015/0.000050	13875.93 secs	(29.52 secs)	0.852	0.252	0.996
45/45	0.225/0.5	0.000020/0.000050	13907.06 secs	(31.12 secs)	0.891	0.260	0.995
45/45	0.225/0.5	0.000025/0.000050	13937.21 secs	(30.15 secs)	0.896	0.260	0.994
45/45	0.225/0.5	0.000030/0.000050	13967.28 secs	(30.08 secs)	0.898	0.261	0.993
45/45	0.225/0.5	0.000035/0.000050	13998.33 secs	(31.04 secs)	0.904	0.261	0.992
45/45	0.225/0.5	0.000040/0.000050	14029.07 secs	(30.75 secs)	0.908	0.261	0.991
45/45	0.225/0.5	0.000045/0.000050	14059.89 secs	(30.82 secs)	0.912	0.261	0.990
45/45	0.225/0.5	0.000050/0.000050	14090.71 secs	(30.81 secs)	0.908	0.259	0.989

45/45	0.25/0.5	0.000000/0.000050	14117.64 secs	(26.94 secs)	0.827	0.231	1.000
45/45	0.25/0.5	0.000005/0.000050	14146.18 secs	(28.54 secs)	0.907	0.255	0.998
45/45	0.25/0.5	0.000010/0.000050	14175.39 secs	(29.20 secs)	0.877	0.255	0.997
45/45	0.25/0.5	0.000015/0.000050	14204.38 secs	(29.00 secs)	0.912	0.260	0.997
45/45	0.25/0.5	0.000020/0.000050	14234.23 secs	(29.84 secs)	0.926	0.258	0.996
45/45	0.25/0.5	0.000025/0.000050	14263.76 secs	(29.54 secs)	0.928	0.258	0.995
45/45	0.25/0.5	0.000030/0.000050	14293.27 secs	(29.50 secs)	0.925	0.258	0.994
45/45	0.25/0.5	0.000035/0.000050	14322.90 secs	(29.64 secs)	0.925	0.255	0.992
45/45	0.25/0.5	0.000040/0.000050	14352.74 secs	(29.83 secs)	0.922	0.264	0.991
45/45	0.25/0.5	0.000045/0.000050	14381.95 secs	(29.21 secs)	0.931	0.264	0.990
45/45	0.25/0.5	0.000050/0.000050	14412.04 secs	(30.09 secs)	0.928	0.254	0.990

45/45	0.275/0.5	0.000000/0.000050	14438.74 secs	(26.70 secs)	0.866	0.239	1.000
45/45	0.275/0.5	0.000005/0.000050	14466.91 secs	(28.17 secs)	0.937	0.255	0.999
45/45	0.275/0.5	0.000010/0.000050	14495.07 secs	(28.16 secs)	0.926	0.256	0.998
45/45	0.275/0.5	0.000015/0.000050	14523.43 secs	(28.36 secs)	0.935	0.257	0.997
45/45	0.275/0.5	0.000020/0.000050	14551.76 secs	(28.32 secs)	0.943	0.257	0.995
45/45	0.275/0.5	0.000025/0.000050	14579.70 secs	(27.95 secs)	0.938	0.253	0.995
45/45	0.275/0.5	0.000030/0.000050	14607.96 secs	(28.25 secs)	0.927	0.258	0.992
45/45	0.275/0.5	0.000035/0.000050	14636.21 secs	(28.26 secs)	0.946	0.258	0.993
45/45	0.275/0.5	0.000040/0.000050	14665.61 secs	(29.40 secs)	0.944	0.256	0.993
45/45	0.275/0.5	0.000045/0.000050	14693.90 secs	(28.29 secs)	0.944	0.258	0.991
45/45	0.275/0.5	0.000050/0.000050	14723.06 secs	(29.16 secs)	0.946	0.257	0.990

45/45	0.3/0.5	0.000000/0.000050	14749.22 secs	(26.16 secs)	0.913	0.243	1.000
45/45	0.3/0.5	0.000005/0.000050	14776.31 secs	(27.09 secs)	0.941	0.253	0.999
45/45	0.3/0.5	0.000010/0.000050	14803.60 secs	(27.29 secs)	0.913	0.253	0.995
45/45	0.3/0.5	0.000015/0.000050	14831.10 secs	(27.50 secs)	0.954	0.254	0.997
45/45	0.3/0.5	0.000020/0.000050	14858.70 secs	(27.60 secs)	0.951	0.254	0.996
45/45	0.3/0.5	0.000025/0.000050	14886.23 secs	(27.52 secs)	0.955	0.256	0.995
45/45	0.3/0.5	0.000030/0.000050	14913.63 secs	(27.40 secs)	0.955	0.251	0.995
45/45	0.3/0.5	0.000035/0.000050	14941.90 secs	(28.27 secs)	0.954	0.254	0.994
45/45	0.3/0.5	0.000040/0.000050	14969.40 secs	(27.50 secs)	0.955	0.255	0.992
45/45	0.3/0.5	0.000045/0.000050	14997.42 secs	(28.02 secs)	0.956	0.257	0.991
45/45	0.3/0.5	0.000050/0.000050	15025.19 secs	(27.77 secs)	0.954	0.255	0.991

45/45	0.325/0.5	0.000000/0.000050	15051.23 secs	(26.04 secs)	0.962	0.250	1.000
45/45	0.325/0.5	0.000005/0.000050	15077.73 secs	(26.51 secs)	0.942	0.247	0.999
45/45	0.325/0.5	0.000010/0.000050	15104.59 secs	(26.86 secs)	0.962	0.251	0.998
45/45	0.325/0.5	0.000015/0.000050	15131.42 secs	(26.83 secs)	0.963	0.254	0.997
45/45	0.325/0.5	0.000020/0.000050	15158.34 secs	(26.91 secs)	0.964	0.252	0.997
45/45	0.325/0.5	0.000025/0.000050	15185.26 secs	(26.92 secs)	0.964	0.252	0.996
45/45	0.325/0.5	0.000030/0.000050	15212.17 secs	(26.90 secs)	0.963	0.251	0.995
45/45	0.325/0.5	0.000035/0.000050	15239.08 secs	(26.92 secs)	0.964	0.255	0.994
45/45	0.325/0.5	0.000040/0.000050	15265.63 secs	(26.54 secs)	0.961	0.252	0.993
45/45	0.325/0.5	0.000045/0.000050	15293.52 secs	(27.89 secs)	0.965	0.255	0.993
45/45	0.325/0.5	0.000050/0.000050	15319.87 secs	(26.35 secs)	0.965	0.257	0.992

45/45	0.35/0.5	0.000000/0.000050	15344.30 secs	(24.44 secs)	0.931	0.237	1.000
45/45	0.35/0.5	0.000005/0.000050	15369.83 secs	(25.53 secs)	0.969	0.248	0.999
45/45	0.35/0.5	0.000010/0.000050	15395.77 secs	(25.94 secs)	0.970	0.247	0.998
45/45	0.35/0.5	0.000015/0.000050	15422.67 secs	(26.90 secs)	0.970	0.250	0.997
45/45	0.35/0.5	0.000020/0.000050	15448.92 secs	(26.24 secs)	0.970	0.252	0.996
45/45	0.35/0.5	0.000025/0.000050	15474.76 secs	(25.84 secs)	0.970	0.250	0.995
45/45	0.35/0.5	0.000030/0.000050	15500.91 secs	(26.15 secs)	0.959	0.247	0.995
45/45	0.35/0.5	0.000035/0.000050	15527.69 secs	(26.78 secs)	0.970	0.249	0.994
45/45	0.35/0.5	0.000040/0.000050	15554.53 secs	(26.84 secs)	0.969	0.250	0.992
45/45	0.35/0.5	0.000045/0.000050	15581.16 secs	(26.63 secs)	0.969	0.248	0.993
45/45	0.35/0.5	0.000050/0.000050	15607.32 secs	(26.17 secs)	0.970	0.251	0.992

45/45	0.375/0.5	0.000000/0.000050	15632.23 secs	(24.91 secs)	0.935	0.235	1.000
45/45	0.375/0.5	0.000005/0.000050	15657.35 secs	(25.12 secs)	0.975	0.247	0.999
45/45	0.375/0.5	0.000010/0.000050	15681.58 secs	(24.23 secs)	0.976	0.248	0.998
45/45	0.375/0.5	0.000015/0.000050	15707.16 secs	(25.58 secs)	0.976	0.245	0.998
45/45	0.375/0.5	0.000020/0.000050	15733.33 secs	(26.17 secs)	0.975	0.248	0.996
45/45	0.375/0.5	0.000025/0.000050	15758.82 secs	(25.49 secs)	0.973	0.253	0.996
45/45	0.375/0.5	0.000030/0.000050	15785.18 secs	(26.36 secs)	0.975	0.247	0.994
45/45	0.375/0.5	0.000035/0.000050	15810.56 secs	(25.38 secs)	0.976	0.250	0.995
45/45	0.375/0.5	0.000040/0.000050	15836.09 secs	(25.52 secs)	0.976	0.248	0.994
45/45	0.375/0.5	0.000045/0.000050	15861.46 secs	(25.37 secs)	0.976	0.251	0.993
45/45	0.375/0.5	0.000050/0.000050	15887.00 secs	(25.54 secs)	0.976	0.247	0.992

45/45	0.4/0.5	0.000000/0.000050	15911.10 secs	(24.10 secs)	0.940	0.233	1.000
45/45	0.4/0.5	0.000005/0.000050	15934.69 secs	(23.59 secs)	0.941	0.237	0.999
45/45	0.4/0.5	0.000010/0.000050	15959.36 secs	(24.67 secs)	0.973	0.246	0.998
45/45	0.4/0.5	0.000015/0.000050	15983.73 secs	(24.37 secs)	0.981	0.244	0.997
45/45	0.4/0.5	0.000020/0.000050	16008.80 secs	(25.08 secs)	0.979	0.246	0.997
45/45	0.4/0.5	0.000025/0.000050	16033.53 secs	(24.72 secs)	0.979	0.247	0.996
45/45	0.4/0.5	0.000030/0.000050	16059.20 secs	(25.67 secs)	0.982	0.254	0.995
45/45	0.4/0.5	0.000035/0.000050	16084.35 secs	(25.15 secs)	0.980	0.241	0.995
45/45	0.4/0.5	0.000040/0.000050	16109.73 secs	(25.39 secs)	0.980	0.248	0.994
45/45	0.4/0.5	0.000045/0.000050	16134.85 secs	(25.12 secs)	0.980	0.248	0.993
45/45	0.4/0.5	0.000050/0.000050	16159.91 secs	(25.06 secs)	0.981	0.246	0.992

45/45	0.425/0.5	0.000000/0.000050	16183.52 secs	(23.60 secs)	0.925	0.226	1.000
45/45	0.425/0.5	0.000005/0.000050	16207.50 secs	(23.98 secs)	0.981	0.238	0.999
45/45	0.425/0.5	0.000010/0.000050	16231.59 secs	(24.09 secs)	0.983	0.244	0.998
45/45	0.425/0.5	0.000015/0.000050	16255.71 secs	(24.12 secs)	0.983	0.241	0.998
45/45	0.425/0.5	0.000020/0.000050	16279.68 secs	(23.97 secs)	0.984	0.242	0.997
45/45	0.425/0.5	0.000025/0.000050	16304.47 secs	(24.79 secs)	0.982	0.240	0.996
45/45	0.425/0.5	0.000030/0.000050	16329.38 secs	(24.90 secs)	0.985	0.245	0.995
45/45	0.425/0.5	0.000035/0.000050	16353.98 secs	(24.60 secs)	0.984	0.243	0.995
45/45	0.425/0.5	0.000040/0.000050	16378.66 secs	(24.68 secs)	0.982	0.240	0.994
45/45	0.425/0.5	0.000045/0.000050	16403.04 secs	(24.39 secs)	0.984	0.250	0.993
45/45	0.425/0.5	0.000050/0.000050	16427.34 secs	(24.29 secs)	0.983	0.246	0.993

45/45	0.45/0.5	0.000000/0.000050	16450.56 secs	(23.23 secs)	0.988	0.242	1.000
45/45	0.45/0.5	0.000005/0.000050	16473.93 secs	(23.37 secs)	0.987	0.241	0.999
45/45	0.45/0.5	0.000010/0.000050	16497.70 secs	(23.77 secs)	0.986	0.239	0.999
45/45	0.45/0.5	0.000015/0.000050	16521.33 secs	(23.63 secs)	0.987	0.239	0.998
45/45	0.45/0.5	0.000020/0.000050	16545.53 secs	(24.21 secs)	0.986	0.239	0.997
45/45	0.45/0.5	0.000025/0.000050	16569.22 secs	(23.69 secs)	0.986	0.239	0.997
45/45	0.45/0.5	0.000030/0.000050	16593.30 secs	(24.08 secs)	0.986	0.240	0.996
45/45	0.45/0.5	0.000035/0.000050	16617.26 secs	(23.96 secs)	0.987	0.244	0.995
45/45	0.45/0.5	0.000040/0.000050	16641.04 secs	(23.78 secs)	0.986	0.241	0.994
45/45	0.45/0.5	0.000045/0.000050	16665.82 secs	(24.78 secs)	0.987	0.237	0.994
45/45	0.45/0.5	0.000050/0.000050	16690.30 secs	(24.47 secs)	0.987	0.242	0.994

45/45	0.475/0.5	0.000000/0.000050	16713.01 secs	(22.72 secs)	0.949	0.229	1.000
45/45	0.475/0.5	0.000005/0.000050	16735.53 secs	(22.52 secs)	0.969	0.240	0.989
45/45	0.475/0.5	0.000010/0.000050	16758.91 secs	(23.38 secs)	0.989	0.239	0.999
45/45	0.475/0.5	0.000015/0.000050	16782.45 secs	(23.54 secs)	0.987	0.239	0.998
45/45	0.475/0.5	0.000020/0.000050	16806.06 secs	(23.60 secs)	0.977	0.242	0.997
45/45	0.475/0.5	0.000025/0.000050	16829.55 secs	(23.49 secs)	0.977	0.238	0.996
45/45	0.475/0.5	0.000030/0.000050	16852.81 secs	(23.26 secs)	0.988	0.240	0.995
45/45	0.475/0.5	0.000035/0.000050	16877.00 secs	(24.19 secs)	0.989	0.242	0.995
45/45	0.475/0.5	0.000040/0.000050	16900.63 secs	(23.63 secs)	0.989	0.239	0.994
45/45	0.475/0.5	0.000045/0.000050	16924.72 secs	(24.09 secs)	0.989	0.241	0.994
45/45	0.475/0.5	0.000050/0.000050	16948.98 secs	(24.26 secs)	0.989	0.240	0.993

45/45	0.5/0.5	0.000000/0.000050	16971.13 secs	(22.15 secs)	0.951	0.224	1.000
45/45	0.5/0.5	0.000005/0.000050	16993.62 secs	(22.48 secs)	0.989	0.237	0.999
45/45	0.5/0.5	0.000010/0.000050	17016.52 secs	(22.91 secs)	0.990	0.236	0.998
45/45	0.5/0.5	0.000015/0.000050	17039.82 secs	(23.29 secs)	0.990	0.236	0.998
45/45	0.5/0.5	0.000020/0.000050	17063.10 secs	(23.29 secs)	0.990	0.236	0.997
45/45	0.5/0.5	0.000025/0.000050	17085.91 secs	(22.81 secs)	0.991	0.239	0.997
45/45	0.5/0.5	0.000030/0.000050	17109.47 secs	(23.56 secs)	0.991	0.236	0.995
45/45	0.5/0.5	0.000035/0.000050	17132.93 secs	(23.46 secs)	0.991	0.239	0.995
45/45	0.5/0.5	0.000040/0.000050	17156.54 secs	(23.60 secs)	0.991	0.237	0.994
45/45	0.5/0.5	0.000045/0.000050	17180.09 secs	(23.55 secs)	0.991	0.244	0.994
45/45	0.5/0.5	0.000050/0.000050	17203.93 secs	(23.84 secs)	0.991	0.240	0.994



> )
Error: unexpected ')' in ")"
Execution halted
