
R version 4.3.0 (2023-04-21) -- "Already Tomorrow"
Copyright (C) 2023 The R Foundation for Statistical Computing
Platform: x86_64-pc-linux-gnu (64-bit)

R is free software and comes with ABSOLUTELY NO WARRANTY.
You are welcome to redistribute it under certain conditions.
Type 'license()' or 'licence()' for distribution details.

  Natural language support but running in an English locale

R is a collaborative project with many contributors.
Type 'contributors()' for more information and
'citation()' on how to cite R or R packages in publications.

Type 'demo()' for some demos, 'help()' for on-line help, or
'help.start()' for an HTML browser interface to help.
Type 'q()' to quit R.

> rm(list = ls())
> gc()
         used (Mb) gc trigger (Mb) max used (Mb)
Ncells 284765 15.3     664565 35.5   464468 24.9
Vcells 490458  3.8    8388608 64.0  1837328 14.1
> library(dplyr)

Attaching package: ‘dplyr’

The following objects are masked from ‘package:stats’:

    filter, lag

The following objects are masked from ‘package:base’:

    intersect, setdiff, setequal, union

> library(foreach)
> library(doParallel)
Loading required package: iterators
Loading required package: parallel
> 
> # Set up the number of cores used for parallelization.
> message(detectCores())
32
> num_cores <- 32
> registerDoParallel(num_cores)
> 
> #########################
> #### SEIR Simulation ####
> #########################
> time <- 365 # Number of days.
> inf <- 7 # Average infectious period length.
> N <- 1000 # Population size.
> 
> create_hh <- function() {
+   # Randomly sample household sizes such that total population is 1000 
+   # individuals.
+   hh_size <- sample(x = c(3, 4, 5, 6), size = 340, replace = T)
+   
+   # Keep households such that total population is < 1000.
+   hh_size <- hh_size[which(cumsum(hh_size) < N)]
+   
+   leftover <- N - sum(hh_size)
+   if (leftover < 3) {
+     hh <- 1:length(hh_size)
+     sampled <- sample(hh[hh_size < 6], leftover)
+     hh_size[sampled] <- hh_size[sampled] + 1
+   } else {
+     hh_size <- c(hh_size, leftover)
+   }
+   return(hh_size)
+ }
> 
> SEIR_mix <- function(params, inf = 7, verbose = F) {
+   hh_size <- create_hh()
+   
+   # Create frame for running the simulation.
+   # ID: ID of individual.
+   # SIZE: size of individual's household.
+   # HH: ID of individual's household.
+   # S: susceptibility status.
+   # E: exposed status.
+   # E_count: number of days since exposed.
+   # I: infectious status.
+   # I_count: number of days since infectious.
+   # R: recovered status.
+   # INC: incubation period.
+   # INF: infectious period.
+   data <- data.frame(ID = 1:N,
+                      SIZE = rep(hh_size, times = hh_size),
+                      HH = rep(1:length(hh_size), times = hh_size), 
+                      S = c(0, rep(1, N - 1)), 
+                      E = c(1, rep(0, N - 1)),
+                      E_count = c(1, rep(0, N - 1)), 
+                      I = 0,
+                      I_count = 0, 
+                      R = 0, 
+                      INC = c(rlnorm(1, meanlog = log(29.8), sdlog = 0.45), rep(0, N - 1)),
+                      INF = 0)
+   
+   # Create frame for storing results.
+   # ID: ID of individual.
+   # SIZE: size of individual's household.
+   # HH: ID of individual's household.
+   # TYPE: the kind of infection: household (H), community (C), or both (B).
+   # TIME: when the individual became infectious.
+   # S_NUM: number of susceptible people in individual's household when their 
+   #        infectious period begins.
+   # I_NUM: number of people in household that this individual infected over 
+   #        their infectious period.
+   results <- data[, 1:3] %>% mutate(TYPE = NA, TIME = NA, S_NUM = NA, I_NUM = 0)
+   results$TYPE[1] <- '0'
+   
+   for(t in 1:time) {
+     if (verbose) {
+       if (t %% 10 == 0) {
+         cat(paste0(t, ' '))
+       }
+     }
+     
+     # Anyone who has been infectious for as many days as their infectious period
+     # is now recovered.
+     recovered <- (data$INF > 0) & (data$I_count == data$INF)
+     if(sum(recovered, na.rm = T) > 0) {
+       data$R[recovered] <- 1
+       data$I[recovered] <- 0
+       data$I_count[recovered] <- 0 
+     }
+     
+     new_inf <- (data$INC > 0) & (data$E_count == data$INC)
+     num_new_inf <- sum(new_inf, na.rm = T)
+     if(num_new_inf > 0) {
+       # Change status to newly infectious and add infectious period.
+       data$I[new_inf] <- 1
+       random_inf <- rnorm(num_new_inf, mean = inf, sd = 1) %>% round()
+       data$INF[new_inf] <- random_inf
+       
+       # Remove exposure status and exposure count.
+       data$E[new_inf] <- 0
+       data$E_count[new_inf] <- 0 
+       
+       # Record time at which infectious period starts.
+       results$TIME[new_inf] <- t
+       
+       # Save the number of susceptible people in each infectious individual's 
+       # household.
+       S_data <- data %>% group_by(HH) %>% 
+         mutate(S_TOT = sum(S)) %>% 
+         select(HH, S_TOT)
+       results$S_NUM[new_inf == 1] <- S_data$S_TOT[new_inf == 1]
+     }
+     
+     # I_H is the number of infections inside each household.
+     # I_C is the number of infections outside each household.
+     I_data <- data %>% group_by(HH) %>% 
+       mutate(I_H = sum(I)) %>% 
+       ungroup() %>% 
+       mutate(I_C = sum(I) - I_H)
+     
+     beta_H <- params[1]
+     beta_C <- params[2]
+     beta_E <- params[3]
+     risk_H <- pmin(beta_H * data$S * I_data$I_H / N, 1)
+     risk_C <- pmin(beta_C * data$S * I_data$I_C / N, 1)
+     risk_E <- pmin(beta_E * data$S, 1)
+ 
+     new_inf_H <- rbinom(N, 1, risk_H)
+     new_inf_C <- rbinom(N, 1, risk_C)
+     new_inf_E <- rbinom(N, 1, risk_E)
+     new_exposed <- (new_inf_H == 1) | (new_inf_C == 1) | (new_inf_E == 1)
+     num_new_exposed <- sum(new_exposed, na.rm = T)
+     if (num_new_exposed > 0) {
+       # Change status to newly exposed and add incubation period.
+       data$E[new_exposed] <- 1
+       random_inc <- rlnorm(num_new_exposed, meanlog = log(29.8), sdlog = 0.45) %>% round()
+       data$INC[new_exposed] <- random_inc
+       
+       # Remove susceptible status.
+       data$S[new_exposed] <- 0
+       
+       # Get number of new infections in each household.
+       I_data <- I_data %>%
+         select(ID, HH, I, I_H) %>%
+         mutate(new_I_H = new_inf_H) %>%
+         group_by(HH) %>%
+         # Find households with at least 1 currently infectious individual. If 
+         # exactly 1 infectious individual in household, assign all new H 
+         # exposures to that individual. If there are multiple infectious 
+         # individuals, assign all infections to the infectious individual with 
+         # the first ID.
+         mutate(new_I_H = ifelse(I == 1 & ID == first(ID[I == 1]), 
+                                 sum(new_I_H), 0))
+       
+       results$I_NUM <- results$I_NUM + I_data$new_I_H
+       
+       # Label infections types.
+       results$TYPE[new_inf_H == 1] <- 'H'
+       results$TYPE[new_inf_C == 1] <- 'C'
+       results$TYPE[new_inf_E == 1] <- 'E'
+       results$TYPE[(new_inf_H == 1) & (new_inf_C == 1)] <- 'HC'
+       results$TYPE[(new_inf_H == 1) & (new_inf_E == 1)] <- 'HE'
+       results$TYPE[(new_inf_C == 1) & (new_inf_E == 1)] <- 'CE'
+       results$TYPE[(new_inf_H == 1) & (new_inf_C == 1) & (new_inf_E == 1)] <- 'HCE'
+     }
+     
+     # Increment exposure and infectious counters.
+     data$E_count[data$E == 1] <- data$E_count[data$E == 1] + 1
+     data$I_count[data$I == 1] <- data$I_count[data$I == 1] + 1
+   }
+   return(results)
+ }
> 
> metrics <- function(results) {
+   # Incidence is the proportion of the population that became infected.
+   idc <- mean(!is.na(results$TIME))
+   
+   # The SAR is the average SAR for each individual that was infectious.
+   sar <- mean(results$I_NUM / results$S_NUM, na.rm = T)
+   
+   # The proportion of cases caused by household infections.
+   cases <- results[!is.na(results$TIME), ]
+   prp <- mean((cases$TYPE != 'E') & (cases$TYPE != '0'))
+ 
+   return(c(idc, sar, prp))
+ }
> 
> beta_Hs <- seq(27, 30, 1) # 4
> beta_Cs <- seq(0.005, 0.015, 0.001) # 11
> beta_Es <- seq(0.00050, 0.00060, 0.00001) # 11
> 
> d_H <- length(beta_Hs)
> d_C <- length(beta_Cs)
> d_E <- length(beta_Es)
> 
> reps <- 200
> idcs <- array(rep(NA, d_H * d_C * d_E * reps), dim = c(d_H, d_C, d_E, reps))
> sars <- array(rep(NA, d_H * d_C * d_E * reps), dim = c(d_H, d_C, d_E, reps))
> prps <- array(rep(NA, d_H * d_C * d_E * reps), dim = c(d_H, d_C, d_E, reps))
> t_tot <- 0
> for (i in 1:d_H) {
+   for (j in 1:d_C) {
+     for (k in 1:d_E) {
+       beta_H <- beta_Hs[i]
+       beta_C <- beta_Cs[j]
+       beta_E <- beta_Es[k]
+       
+       params <- c(beta_H, beta_C, beta_E)
+       
+       cat(paste0(format(beta_H, nsmall = 1), '/28\t', 
+                  format(beta_C, nsmall = 3), '/0.010\t',
+                  format(beta_E, nsmall = 5, scientific = F), '/0.00065\t'))
+         
+       t_0 <- Sys.time()
+       vals <- foreach (l = 1:reps, .combine = 'c') %dopar% {
+         results <- SEIR_mix(params) 
+         metrics(results)
+       }
+       t_1 <- Sys.time()
+       t_tot <- t_tot + (t_1 - t_0)
+         
+       cat(paste0(format(t_tot, nsmall = 2, digits = 4), '\t(', 
+                  format(t_1 - t_0, nsmall = 2, digits = 4), ')\t'))
+       
+       vals <- matrix(vals, reps, byrow = T)
+       idcs[i, j, k, ] <- vals[, 1]
+       sars[i, j, k, ] <- vals[, 2]
+       prps[i, j, k, ] <- vals[, 3]
+         
+       cat(paste0(format(round(mean(vals[, 1]), 3), nsmall = 3), '\t', 
+                  format(round(mean(vals[, 2]), 3), nsmall = 3), '\t', 
+                  format(round(mean(vals[, 3]), 3), nsmall = 3), '\n'))
+     }
+     cat('\n')
+     saveRDS(idcs, file = 'idcs.rds')
+     saveRDS(sars, file = 'sars.rds')
+     saveRDS(prps, file = 'prps.rds')
+     
+     write.table(idcs, file = 'idcs.txt', row.names = F, col.names = F)
+     write.table(sars, file = 'sars.txt', row.names = F, col.names = F)
+     write.table(prps, file = 'prps.txt', row.names = F, col.names = F)
+   }
+   message('\n')
+ }
27.0/28	0.005/0.010	0.00050/0.00065	2.056 mins	(2.056 mins)	0.266	0.172	0.457
27.0/28	0.005/0.010	0.00051/0.00065	4.124 mins	(2.068 mins)	0.269	0.173	0.454
27.0/28	0.005/0.010	0.00052/0.00065	6.193 mins	(2.07 mins)	0.273	0.170	0.453
27.0/28	0.005/0.010	0.00053/0.00065	8.284 mins	(2.09 mins)	0.279	0.172	0.454
27.0/28	0.005/0.010	0.00054/0.00065	10.37 mins	(2.088 mins)	0.281	0.171	0.451
27.0/28	0.005/0.010	0.00055/0.00065	12.50 mins	(2.125 mins)	0.286	0.172	0.454
27.0/28	0.005/0.010	0.00056/0.00065	14.64 mins	(2.144 mins)	0.292	0.172	0.453
27.0/28	0.005/0.010	0.00057/0.00065	16.79 mins	(2.147 mins)	0.295	0.173	0.452
27.0/28	0.005/0.010	0.00058/0.00065	18.95 mins	(2.16 mins)	0.300	0.173	0.453
27.0/28	0.005/0.010	0.00059/0.00065	21.13 mins	(2.182 mins)	0.303	0.171	0.449
27.0/28	0.005/0.010	0.00060/0.00065	23.30 mins	(2.169 mins)	0.305	0.171	0.452

27.0/28	0.006/0.010	0.00050/0.00065	25.39 mins	(2.091 mins)	0.268	0.172	0.459
27.0/28	0.006/0.010	0.00051/0.00065	27.48 mins	(2.09 mins)	0.271	0.171	0.460
27.0/28	0.006/0.010	0.00052/0.00065	29.57 mins	(2.095 mins)	0.276	0.171	0.460
27.0/28	0.006/0.010	0.00053/0.00065	31.68 mins	(2.102 mins)	0.280	0.172	0.460
27.0/28	0.006/0.010	0.00054/0.00065	33.82 mins	(2.145 mins)	0.284	0.173	0.463
27.0/28	0.006/0.010	0.00055/0.00065	35.96 mins	(2.14 mins)	0.288	0.172	0.457
27.0/28	0.006/0.010	0.00056/0.00065	38.10 mins	(2.134 mins)	0.293	0.172	0.458
27.0/28	0.006/0.010	0.00057/0.00065	40.27 mins	(2.17 mins)	0.296	0.172	0.458
27.0/28	0.006/0.010	0.00058/0.00065	42.44 mins	(2.172 mins)	0.300	0.171	0.455
27.0/28	0.006/0.010	0.00059/0.00065	44.61 mins	(2.177 mins)	0.303	0.172	0.455
27.0/28	0.006/0.010	0.00060/0.00065	46.83 mins	(2.218 mins)	0.310	0.172	0.457

27.0/28	0.007/0.010	0.00050/0.00065	48.93 mins	(2.103 mins)	0.268	0.171	0.462
27.0/28	0.007/0.010	0.00051/0.00065	51.05 mins	(2.12 mins)	0.276	0.173	0.468
27.0/28	0.007/0.010	0.00052/0.00065	53.17 mins	(2.114 mins)	0.278	0.172	0.464
27.0/28	0.007/0.010	0.00053/0.00065	55.28 mins	(2.112 mins)	0.280	0.173	0.464
27.0/28	0.007/0.010	0.00054/0.00065	57.46 mins	(2.182 mins)	0.287	0.172	0.465
27.0/28	0.007/0.010	0.00055/0.00065	59.62 mins	(2.159 mins)	0.293	0.171	0.460
27.0/28	0.007/0.010	0.00056/0.00065	61.79 mins	(2.17 mins)	0.295	0.173	0.463
27.0/28	0.007/0.010	0.00057/0.00065	63.94 mins	(2.151 mins)	0.300	0.173	0.463
27.0/28	0.007/0.010	0.00058/0.00065	66.12 mins	(2.174 mins)	0.302	0.171	0.460
27.0/28	0.007/0.010	0.00059/0.00065	68.34 mins	(2.229 mins)	0.310	0.172	0.461
27.0/28	0.007/0.010	0.00060/0.00065	70.56 mins	(2.211 mins)	0.311	0.170	0.456

27.0/28	0.008/0.010	0.00050/0.00065	72.65 mins	(2.091 mins)	0.271	0.172	0.472
27.0/28	0.008/0.010	0.00051/0.00065	74.75 mins	(2.104 mins)	0.277	0.171	0.469
27.0/28	0.008/0.010	0.00052/0.00065	76.87 mins	(2.123 mins)	0.282	0.173	0.473
27.0/28	0.008/0.010	0.00053/0.00065	79.00 mins	(2.128 mins)	0.284	0.171	0.469
27.0/28	0.008/0.010	0.00054/0.00065	81.17 mins	(2.164 mins)	0.290	0.173	0.471
27.0/28	0.008/0.010	0.00055/0.00065	83.31 mins	(2.147 mins)	0.292	0.170	0.467
27.0/28	0.008/0.010	0.00056/0.00065	85.49 mins	(2.176 mins)	0.296	0.171	0.466
27.0/28	0.008/0.010	0.00057/0.00065	87.68 mins	(2.194 mins)	0.302	0.174	0.469
27.0/28	0.008/0.010	0.00058/0.00065	89.87 mins	(2.184 mins)	0.305	0.172	0.466
27.0/28	0.008/0.010	0.00059/0.00065	92.08 mins	(2.218 mins)	0.309	0.171	0.466
27.0/28	0.008/0.010	0.00060/0.00065	94.30 mins	(2.216 mins)	0.312	0.171	0.465

27.0/28	0.009/0.010	0.00050/0.00065	96.42 mins	(2.122 mins)	0.274	0.171	0.475
27.0/28	0.009/0.010	0.00051/0.00065	98.53 mins	(2.109 mins)	0.277	0.172	0.475
27.0/28	0.009/0.010	0.00052/0.00065	100.70 mins	(2.173 mins)	0.286	0.172	0.478
27.0/28	0.009/0.010	0.00053/0.00065	102.84 mins	(2.132 mins)	0.287	0.171	0.472
27.0/28	0.009/0.010	0.00054/0.00065	104.98 mins	(2.143 mins)	0.289	0.171	0.471
27.0/28	0.009/0.010	0.00055/0.00065	107.15 mins	(2.168 mins)	0.295	0.170	0.469
27.0/28	0.009/0.010	0.00056/0.00065	109.34 mins	(2.194 mins)	0.300	0.172	0.470
27.0/28	0.009/0.010	0.00057/0.00065	111.54 mins	(2.198 mins)	0.301	0.172	0.473
27.0/28	0.009/0.010	0.00058/0.00065	113.75 mins	(2.207 mins)	0.307	0.172	0.471
27.0/28	0.009/0.010	0.00059/0.00065	115.98 mins	(2.236 mins)	0.313	0.172	0.471
27.0/28	0.009/0.010	0.00060/0.00065	118.23 mins	(2.251 mins)	0.316	0.171	0.468

27.0/28	0.010/0.010	0.00050/0.00065	120.34 mins	(2.104 mins)	0.272	0.170	0.477
27.0/28	0.010/0.010	0.00051/0.00065	122.46 mins	(2.12 mins)	0.280	0.172	0.481
27.0/28	0.010/0.010	0.00052/0.00065	124.60 mins	(2.141 mins)	0.284	0.171	0.479
27.0/28	0.010/0.010	0.00053/0.00065	126.73 mins	(2.132 mins)	0.290	0.173	0.479
27.0/28	0.010/0.010	0.00054/0.00065	128.91 mins	(2.181 mins)	0.295	0.174	0.480
27.0/28	0.010/0.010	0.00055/0.00065	131.09 mins	(2.175 mins)	0.300	0.172	0.480
27.0/28	0.010/0.010	0.00056/0.00065	133.28 mins	(2.195 mins)	0.303	0.173	0.481
27.0/28	0.010/0.010	0.00057/0.00065	135.48 mins	(2.199 mins)	0.306	0.172	0.476
27.0/28	0.010/0.010	0.00058/0.00065	137.68 mins	(2.197 mins)	0.307	0.171	0.474
27.0/28	0.010/0.010	0.00059/0.00065	139.91 mins	(2.235 mins)	0.314	0.171	0.474
27.0/28	0.010/0.010	0.00060/0.00065	142.16 mins	(2.251 mins)	0.318	0.172	0.475

27.0/28	0.011/0.010	0.00050/0.00065	144.28 mins	(2.118 mins)	0.283	0.172	0.488
27.0/28	0.011/0.010	0.00051/0.00065	146.44 mins	(2.156 mins)	0.283	0.172	0.485
27.0/28	0.011/0.010	0.00052/0.00065	148.59 mins	(2.15 mins)	0.286	0.172	0.483
27.0/28	0.011/0.010	0.00053/0.00065	150.75 mins	(2.165 mins)	0.291	0.172	0.484
27.0/28	0.011/0.010	0.00054/0.00065	152.92 mins	(2.167 mins)	0.295	0.171	0.482
27.0/28	0.011/0.010	0.00055/0.00065	155.09 mins	(2.174 mins)	0.298	0.170	0.478
27.0/28	0.011/0.010	0.00056/0.00065	157.30 mins	(2.207 mins)	0.306	0.172	0.483
27.0/28	0.011/0.010	0.00057/0.00065	159.49 mins	(2.196 mins)	0.308	0.172	0.479
27.0/28	0.011/0.010	0.00058/0.00065	161.68 mins	(2.185 mins)	0.313	0.173	0.482
27.0/28	0.011/0.010	0.00059/0.00065	163.90 mins	(2.222 mins)	0.316	0.171	0.478
27.0/28	0.011/0.010	0.00060/0.00065	166.16 mins	(2.26 mins)	0.321	0.171	0.480

27.0/28	0.012/0.010	0.00050/0.00065	168.31 mins	(2.145 mins)	0.282	0.173	0.494
27.0/28	0.012/0.010	0.00051/0.00065	170.43 mins	(2.124 mins)	0.286	0.171	0.491
27.0/28	0.012/0.010	0.00052/0.00065	172.58 mins	(2.155 mins)	0.290	0.171	0.488
27.0/28	0.012/0.010	0.00053/0.00065	174.75 mins	(2.165 mins)	0.294	0.171	0.488
27.0/28	0.012/0.010	0.00054/0.00065	176.93 mins	(2.177 mins)	0.300	0.172	0.488
27.0/28	0.012/0.010	0.00055/0.00065	179.14 mins	(2.21 mins)	0.303	0.172	0.487
27.0/28	0.012/0.010	0.00056/0.00065	181.37 mins	(2.233 mins)	0.306	0.173	0.486
27.0/28	0.012/0.010	0.00057/0.00065	183.57 mins	(2.196 mins)	0.309	0.171	0.480
27.0/28	0.012/0.010	0.00058/0.00065	185.78 mins	(2.214 mins)	0.316	0.172	0.486
27.0/28	0.012/0.010	0.00059/0.00065	188.00 mins	(2.218 mins)	0.322	0.173	0.486
27.0/28	0.012/0.010	0.00060/0.00065	190.23 mins	(2.228 mins)	0.320	0.171	0.483

27.0/28	0.013/0.010	0.00050/0.00065	192.38 mins	(2.15 mins)	0.284	0.171	0.492
27.0/28	0.013/0.010	0.00051/0.00065	194.52 mins	(2.139 mins)	0.288	0.171	0.493
27.0/28	0.013/0.010	0.00052/0.00065	196.66 mins	(2.147 mins)	0.290	0.169	0.491
27.0/28	0.013/0.010	0.00053/0.00065	198.86 mins	(2.20 mins)	0.295	0.173	0.492
27.0/28	0.013/0.010	0.00054/0.00065	201.04 mins	(2.175 mins)	0.301	0.173	0.495
27.0/28	0.013/0.010	0.00055/0.00065	203.22 mins	(2.182 mins)	0.305	0.172	0.488
27.0/28	0.013/0.010	0.00056/0.00065	205.41 mins	(2.191 mins)	0.312	0.171	0.490
27.0/28	0.013/0.010	0.00057/0.00065	207.59 mins	(2.182 mins)	0.313	0.171	0.487
27.0/28	0.013/0.010	0.00058/0.00065	209.80 mins	(2.204 mins)	0.316	0.171	0.487
27.0/28	0.013/0.010	0.00059/0.00065	212.03 mins	(2.233 mins)	0.320	0.172	0.488
27.0/28	0.013/0.010	0.00060/0.00065	214.28 mins	(2.252 mins)	0.325	0.171	0.486

27.0/28	0.014/0.010	0.00050/0.00065	216.42 mins	(2.136 mins)	0.282	0.170	0.495
27.0/28	0.014/0.010	0.00051/0.00065	218.56 mins	(2.144 mins)	0.291	0.173	0.498
27.0/28	0.014/0.010	0.00052/0.00065	220.71 mins	(2.152 mins)	0.295	0.171	0.498
27.0/28	0.014/0.010	0.00053/0.00065	222.89 mins	(2.176 mins)	0.302	0.174	0.501
27.0/28	0.014/0.010	0.00054/0.00065	225.05 mins	(2.163 mins)	0.302	0.171	0.501
27.0/28	0.014/0.010	0.00055/0.00065	227.27 mins	(2.222 mins)	0.309	0.171	0.498
27.0/28	0.014/0.010	0.00056/0.00065	229.48 mins	(2.204 mins)	0.310	0.174	0.497
27.0/28	0.014/0.010	0.00057/0.00065	231.70 mins	(2.224 mins)	0.316	0.172	0.495
27.0/28	0.014/0.010	0.00058/0.00065	233.97 mins	(2.272 mins)	0.319	0.170	0.491
27.0/28	0.014/0.010	0.00059/0.00065	236.26 mins	(2.282 mins)	0.321	0.171	0.490
27.0/28	0.014/0.010	0.00060/0.00065	238.52 mins	(2.262 mins)	0.327	0.171	0.493

27.0/28	0.015/0.010	0.00050/0.00065	240.68 mins	(2.166 mins)	0.285	0.171	0.501
27.0/28	0.015/0.010	0.00051/0.00065	242.88 mins	(2.193 mins)	0.293	0.172	0.503
27.0/28	0.015/0.010	0.00052/0.00065	245.13 mins	(2.254 mins)	0.296	0.170	0.500
27.0/28	0.015/0.010	0.00053/0.00065	247.59 mins	(2.458 mins)	0.298	0.172	0.500
27.0/28	0.015/0.010	0.00054/0.00065	249.82 mins	(2.235 mins)	0.301	0.170	0.498
27.0/28	0.015/0.010	0.00055/0.00065	252.02 mins	(2.193 mins)	0.308	0.170	0.498
27.0/28	0.015/0.010	0.00056/0.00065	254.23 mins	(2.215 mins)	0.311	0.170	0.495
27.0/28	0.015/0.010	0.00057/0.00065	256.47 mins	(2.238 mins)	0.319	0.173	0.499
27.0/28	0.015/0.010	0.00058/0.00065	258.68 mins	(2.213 mins)	0.320	0.172	0.496
27.0/28	0.015/0.010	0.00059/0.00065	260.94 mins	(2.252 mins)	0.325	0.172	0.499
27.0/28	0.015/0.010	0.00060/0.00065	263.18 mins	(2.245 mins)	0.331	0.170	0.496



28.0/28	0.005/0.010	0.00050/0.00065	265.29 mins	(2.108 mins)	0.270	0.177	0.468
28.0/28	0.005/0.010	0.00051/0.00065	267.37 mins	(2.084 mins)	0.273	0.178	0.466
28.0/28	0.005/0.010	0.00052/0.00065	269.50 mins	(2.122 mins)	0.277	0.177	0.466
28.0/28	0.005/0.010	0.00053/0.00065	271.60 mins	(2.109 mins)	0.283	0.178	0.468
28.0/28	0.005/0.010	0.00054/0.00065	273.80 mins	(2.20 mins)	0.288	0.178	0.465
28.0/28	0.005/0.010	0.00055/0.00065	276.02 mins	(2.218 mins)	0.291	0.177	0.462
28.0/28	0.005/0.010	0.00056/0.00065	278.18 mins	(2.158 mins)	0.296	0.178	0.464
28.0/28	0.005/0.010	0.00057/0.00065	280.34 mins	(2.157 mins)	0.300	0.176	0.460
28.0/28	0.005/0.010	0.00058/0.00065	282.52 mins	(2.186 mins)	0.302	0.176	0.460
28.0/28	0.005/0.010	0.00059/0.00065	284.73 mins	(2.206 mins)	0.307	0.176	0.460
28.0/28	0.005/0.010	0.00060/0.00065	286.94 mins	(2.215 mins)	0.313	0.177	0.460

28.0/28	0.006/0.010	0.00050/0.00065	289.03 mins	(2.091 mins)	0.271	0.178	0.471
28.0/28	0.006/0.010	0.00051/0.00065	291.14 mins	(2.103 mins)	0.275	0.178	0.470
28.0/28	0.006/0.010	0.00052/0.00065	293.25 mins	(2.111 mins)	0.278	0.176	0.466
28.0/28	0.006/0.010	0.00053/0.00065	295.39 mins	(2.139 mins)	0.286	0.176	0.467
28.0/28	0.006/0.010	0.00054/0.00065	297.56 mins	(2.169 mins)	0.288	0.178	0.465
28.0/28	0.006/0.010	0.00055/0.00065	299.70 mins	(2.147 mins)	0.292	0.178	0.467
28.0/28	0.006/0.010	0.00056/0.00065	301.89 mins	(2.184 mins)	0.297	0.177	0.464
28.0/28	0.006/0.010	0.00057/0.00065	304.07 mins	(2.183 mins)	0.302	0.177	0.465
28.0/28	0.006/0.010	0.00058/0.00065	306.26 mins	(2.186 mins)	0.307	0.177	0.464
28.0/28	0.006/0.010	0.00059/0.00065	308.47 mins	(2.214 mins)	0.310	0.177	0.463
28.0/28	0.006/0.010	0.00060/0.00065	310.73 mins	(2.257 mins)	0.313	0.177	0.461

28.0/28	0.007/0.010	0.00050/0.00065	312.86 mins	(2.128 mins)	0.272	0.177	0.474
28.0/28	0.007/0.010	0.00051/0.00065	314.98 mins	(2.128 mins)	0.279	0.177	0.476
28.0/28	0.007/0.010	0.00052/0.00065	317.12 mins	(2.133 mins)	0.286	0.178	0.473
28.0/28	0.007/0.010	0.00053/0.00065	319.28 mins	(2.167 mins)	0.288	0.178	0.474
28.0/28	0.007/0.010	0.00054/0.00065	321.45 mins	(2.162 mins)	0.289	0.178	0.475
28.0/28	0.007/0.010	0.00055/0.00065	323.62 mins	(2.176 mins)	0.296	0.178	0.475
28.0/28	0.007/0.010	0.00056/0.00065	325.81 mins	(2.188 mins)	0.300	0.179	0.473
28.0/28	0.007/0.010	0.00057/0.00065	328.00 mins	(2.191 mins)	0.303	0.179	0.474
28.0/28	0.007/0.010	0.00058/0.00065	330.19 mins	(2.188 mins)	0.306	0.176	0.467
28.0/28	0.007/0.010	0.00059/0.00065	332.38 mins	(2.19 mins)	0.307	0.176	0.465
28.0/28	0.007/0.010	0.00060/0.00065	334.59 mins	(2.215 mins)	0.316	0.179	0.472

28.0/28	0.008/0.010	0.00050/0.00065	336.72 mins	(2.126 mins)	0.276	0.178	0.480
28.0/28	0.008/0.010	0.00051/0.00065	338.84 mins	(2.119 mins)	0.279	0.176	0.475
28.0/28	0.008/0.010	0.00052/0.00065	341.00 mins	(2.164 mins)	0.285	0.179	0.480
28.0/28	0.008/0.010	0.00053/0.00065	343.14 mins	(2.141 mins)	0.286	0.177	0.477
28.0/28	0.008/0.010	0.00054/0.00065	345.32 mins	(2.176 mins)	0.294	0.176	0.475
28.0/28	0.008/0.010	0.00055/0.00065	347.52 mins	(2.201 mins)	0.299	0.178	0.481
28.0/28	0.008/0.010	0.00056/0.00065	349.73 mins	(2.205 mins)	0.302	0.178	0.477
28.0/28	0.008/0.010	0.00057/0.00065	351.92 mins	(2.19 mins)	0.305	0.177	0.474
28.0/28	0.008/0.010	0.00058/0.00065	354.12 mins	(2.204 mins)	0.306	0.177	0.474
28.0/28	0.008/0.010	0.00059/0.00065	356.31 mins	(2.188 mins)	0.315	0.178	0.477
28.0/28	0.008/0.010	0.00060/0.00065	358.55 mins	(2.24 mins)	0.316	0.177	0.472

28.0/28	0.009/0.010	0.00050/0.00065	360.67 mins	(2.126 mins)	0.278	0.178	0.487
28.0/28	0.009/0.010	0.00051/0.00065	362.81 mins	(2.14 mins)	0.287	0.177	0.484
28.0/28	0.009/0.010	0.00052/0.00065	364.95 mins	(2.139 mins)	0.288	0.177	0.485
28.0/28	0.009/0.010	0.00053/0.00065	367.11 mins	(2.153 mins)	0.290	0.177	0.484
28.0/28	0.009/0.010	0.00054/0.00065	369.38 mins	(2.272 mins)	0.294	0.176	0.480
28.0/28	0.009/0.010	0.00055/0.00065	371.66 mins	(2.286 mins)	0.300	0.176	0.481
28.0/28	0.009/0.010	0.00056/0.00065	373.97 mins	(2.301 mins)	0.304	0.175	0.480
28.0/28	0.009/0.010	0.00057/0.00065	376.28 mins	(2.315 mins)	0.309	0.179	0.482
28.0/28	0.009/0.010	0.00058/0.00065	378.61 mins	(2.334 mins)	0.314	0.176	0.479
28.0/28	0.009/0.010	0.00059/0.00065	380.97 mins	(2.357 mins)	0.316	0.175	0.474
28.0/28	0.009/0.010	0.00060/0.00065	383.32 mins	(2.35 mins)	0.320	0.177	0.478

28.0/28	0.010/0.010	0.00050/0.00065	385.47 mins	(2.149 mins)	0.281	0.177	0.490
28.0/28	0.010/0.010	0.00051/0.00065	387.60 mins	(2.127 mins)	0.285	0.179	0.492
28.0/28	0.010/0.010	0.00052/0.00065	389.76 mins	(2.163 mins)	0.288	0.176	0.485
28.0/28	0.010/0.010	0.00053/0.00065	391.96 mins	(2.198 mins)	0.292	0.177	0.486
28.0/28	0.010/0.010	0.00054/0.00065	394.15 mins	(2.188 mins)	0.298	0.177	0.486
28.0/28	0.010/0.010	0.00055/0.00065	396.35 mins	(2.20 mins)	0.303	0.176	0.485
28.0/28	0.010/0.010	0.00056/0.00065	398.55 mins	(2.209 mins)	0.303	0.175	0.485
28.0/28	0.010/0.010	0.00057/0.00065	400.76 mins	(2.203 mins)	0.313	0.179	0.486
28.0/28	0.010/0.010	0.00058/0.00065	402.99 mins	(2.228 mins)	0.314	0.178	0.484
28.0/28	0.010/0.010	0.00059/0.00065	405.21 mins	(2.222 mins)	0.319	0.178	0.484
28.0/28	0.010/0.010	0.00060/0.00065	407.45 mins	(2.241 mins)	0.321	0.178	0.483

28.0/28	0.011/0.010	0.00050/0.00065	409.57 mins	(2.119 mins)	0.285	0.178	0.496
28.0/28	0.011/0.010	0.00051/0.00065	411.71 mins	(2.147 mins)	0.289	0.178	0.496
28.0/28	0.011/0.010	0.00052/0.00065	413.88 mins	(2.17 mins)	0.291	0.177	0.495
28.0/28	0.011/0.010	0.00053/0.00065	416.04 mins	(2.153 mins)	0.297	0.178	0.494
28.0/28	0.011/0.010	0.00054/0.00065	418.21 mins	(2.177 mins)	0.302	0.180	0.495
28.0/28	0.011/0.010	0.00055/0.00065	420.39 mins	(2.18 mins)	0.305	0.179	0.493
28.0/28	0.011/0.010	0.00056/0.00065	422.62 mins	(2.226 mins)	0.313	0.175	0.490
28.0/28	0.011/0.010	0.00057/0.00065	424.85 mins	(2.232 mins)	0.316	0.178	0.493
28.0/28	0.011/0.010	0.00058/0.00065	427.10 mins	(2.253 mins)	0.321	0.177	0.492
28.0/28	0.011/0.010	0.00059/0.00065	429.35 mins	(2.248 mins)	0.322	0.177	0.488
28.0/28	0.011/0.010	0.00060/0.00065	431.65 mins	(2.295 mins)	0.325	0.177	0.487

28.0/28	0.012/0.010	0.00050/0.00065	433.77 mins	(2.124 mins)	0.284	0.176	0.495
28.0/28	0.012/0.010	0.00051/0.00065	435.92 mins	(2.146 mins)	0.287	0.177	0.501
28.0/28	0.012/0.010	0.00052/0.00065	438.13 mins	(2.21 mins)	0.297	0.176	0.498
28.0/28	0.012/0.010	0.00053/0.00065	440.32 mins	(2.19 mins)	0.302	0.178	0.501
28.0/28	0.012/0.010	0.00054/0.00065	442.51 mins	(2.195 mins)	0.301	0.175	0.496
28.0/28	0.012/0.010	0.00055/0.00065	444.72 mins	(2.21 mins)	0.307	0.178	0.497
28.0/28	0.012/0.010	0.00056/0.00065	446.92 mins	(2.20 mins)	0.311	0.178	0.495
28.0/28	0.012/0.010	0.00057/0.00065	449.17 mins	(2.248 mins)	0.318	0.177	0.497
28.0/28	0.012/0.010	0.00058/0.00065	451.39 mins	(2.224 mins)	0.318	0.176	0.492
28.0/28	0.012/0.010	0.00059/0.00065	453.64 mins	(2.246 mins)	0.324	0.177	0.494
28.0/28	0.012/0.010	0.00060/0.00065	455.91 mins	(2.274 mins)	0.331	0.179	0.494

28.0/28	0.013/0.010	0.00050/0.00065	458.09 mins	(2.17 mins)	0.290	0.177	0.508
28.0/28	0.013/0.010	0.00051/0.00065	460.26 mins	(2.177 mins)	0.293	0.177	0.504
28.0/28	0.013/0.010	0.00052/0.00065	462.42 mins	(2.162 mins)	0.296	0.178	0.503
28.0/28	0.013/0.010	0.00053/0.00065	464.59 mins	(2.165 mins)	0.299	0.179	0.505
28.0/28	0.013/0.010	0.00054/0.00065	466.80 mins	(2.209 mins)	0.305	0.178	0.504
28.0/28	0.013/0.010	0.00055/0.00065	469.01 mins	(2.213 mins)	0.308	0.176	0.500
28.0/28	0.013/0.010	0.00056/0.00065	471.21 mins	(2.199 mins)	0.314	0.177	0.498
28.0/28	0.013/0.010	0.00057/0.00065	473.44 mins	(2.226 mins)	0.320	0.178	0.500
28.0/28	0.013/0.010	0.00058/0.00065	475.68 mins	(2.242 mins)	0.324	0.177	0.498
28.0/28	0.013/0.010	0.00059/0.00065	477.93 mins	(2.251 mins)	0.326	0.178	0.499
28.0/28	0.013/0.010	0.00060/0.00065	480.20 mins	(2.27 mins)	0.329	0.177	0.496

28.0/28	0.014/0.010	0.00050/0.00065	482.37 mins	(2.167 mins)	0.290	0.176	0.506
28.0/28	0.014/0.010	0.00051/0.00065	484.54 mins	(2.173 mins)	0.296	0.177	0.509
28.0/28	0.014/0.010	0.00052/0.00065	486.72 mins	(2.179 mins)	0.299	0.178	0.510
28.0/28	0.014/0.010	0.00053/0.00065	488.90 mins	(2.177 mins)	0.306	0.177	0.508
28.0/28	0.014/0.010	0.00054/0.00065	491.10 mins	(2.204 mins)	0.310	0.179	0.509
28.0/28	0.014/0.010	0.00055/0.00065	493.32 mins	(2.216 mins)	0.310	0.176	0.504
28.0/28	0.014/0.010	0.00056/0.00065	495.56 mins	(2.241 mins)	0.314	0.177	0.502
28.0/28	0.014/0.010	0.00057/0.00065	497.80 mins	(2.24 mins)	0.320	0.176	0.501
28.0/28	0.014/0.010	0.00058/0.00065	500.03 mins	(2.236 mins)	0.327	0.178	0.506
28.0/28	0.014/0.010	0.00059/0.00065	502.30 mins	(2.263 mins)	0.329	0.178	0.506
28.0/28	0.014/0.010	0.00060/0.00065	504.58 mins	(2.281 mins)	0.332	0.177	0.500

28.0/28	0.015/0.010	0.00050/0.00065	506.73 mins	(2.156 mins)	0.292	0.178	0.517
28.0/28	0.015/0.010	0.00051/0.00065	508.90 mins	(2.17 mins)	0.298	0.178	0.513
28.0/28	0.015/0.010	0.00052/0.00065	511.08 mins	(2.176 mins)	0.303	0.176	0.509
28.0/28	0.015/0.010	0.00053/0.00065	513.30 mins	(2.221 mins)	0.305	0.177	0.510
28.0/28	0.015/0.010	0.00054/0.00065	515.52 mins	(2.217 mins)	0.311	0.177	0.508
28.0/28	0.015/0.010	0.00055/0.00065	517.76 mins	(2.241 mins)	0.316	0.177	0.510
28.0/28	0.015/0.010	0.00056/0.00065	520.00 mins	(2.238 mins)	0.317	0.177	0.509
28.0/28	0.015/0.010	0.00057/0.00065	522.24 mins	(2.243 mins)	0.322	0.176	0.508
28.0/28	0.015/0.010	0.00058/0.00065	524.51 mins	(2.267 mins)	0.324	0.175	0.503
28.0/28	0.015/0.010	0.00059/0.00065	526.78 mins	(2.27 mins)	0.332	0.177	0.504
28.0/28	0.015/0.010	0.00060/0.00065	529.06 mins	(2.286 mins)	0.335	0.177	0.506



29.0/28	0.005/0.010	0.00050/0.00065	531.18 mins	(2.119 mins)	0.274	0.183	0.480
29.0/28	0.005/0.010	0.00051/0.00065	533.30 mins	(2.113 mins)	0.279	0.184	0.477
29.0/28	0.005/0.010	0.00052/0.00065	535.44 mins	(2.142 mins)	0.282	0.184	0.475
29.0/28	0.005/0.010	0.00053/0.00065	537.59 mins	(2.158 mins)	0.289	0.183	0.475
29.0/28	0.005/0.010	0.00054/0.00065	539.75 mins	(2.157 mins)	0.291	0.182	0.469
29.0/28	0.005/0.010	0.00055/0.00065	541.94 mins	(2.19 mins)	0.295	0.183	0.470
29.0/28	0.005/0.010	0.00056/0.00065	544.11 mins	(2.171 mins)	0.300	0.182	0.471
29.0/28	0.005/0.010	0.00057/0.00065	546.31 mins	(2.197 mins)	0.303	0.183	0.472
29.0/28	0.005/0.010	0.00058/0.00065	548.53 mins	(2.222 mins)	0.308	0.185	0.475
29.0/28	0.005/0.010	0.00059/0.00065	550.75 mins	(2.222 mins)	0.311	0.183	0.468
29.0/28	0.005/0.010	0.00060/0.00065	552.99 mins	(2.234 mins)	0.319	0.184	0.469

29.0/28	0.006/0.010	0.00050/0.00065	555.12 mins	(2.136 mins)	0.276	0.182	0.479
29.0/28	0.006/0.010	0.00051/0.00065	557.26 mins	(2.14 mins)	0.282	0.183	0.482
29.0/28	0.006/0.010	0.00052/0.00065	559.50 mins	(2.234 mins)	0.286	0.181	0.478
29.0/28	0.006/0.010	0.00053/0.00065	561.74 mins	(2.238 mins)	0.289	0.182	0.476
29.0/28	0.006/0.010	0.00054/0.00065	564.00 mins	(2.26 mins)	0.290	0.183	0.476
29.0/28	0.006/0.010	0.00055/0.00065	566.24 mins	(2.246 mins)	0.300	0.183	0.479
29.0/28	0.006/0.010	0.00056/0.00065	568.43 mins	(2.189 mins)	0.304	0.183	0.478
29.0/28	0.006/0.010	0.00057/0.00065	570.62 mins	(2.19 mins)	0.303	0.182	0.474
29.0/28	0.006/0.010	0.00058/0.00065	572.83 mins	(2.207 mins)	0.311	0.184	0.474
29.0/28	0.006/0.010	0.00059/0.00065	575.05 mins	(2.225 mins)	0.312	0.182	0.470
29.0/28	0.006/0.010	0.00060/0.00065	577.27 mins	(2.222 mins)	0.316	0.183	0.474

29.0/28	0.007/0.010	0.00050/0.00065	579.39 mins	(2.115 mins)	0.277	0.184	0.486
29.0/28	0.007/0.010	0.00051/0.00065	581.53 mins	(2.138 mins)	0.283	0.182	0.482
29.0/28	0.007/0.010	0.00052/0.00065	583.68 mins	(2.153 mins)	0.288	0.185	0.488
29.0/28	0.007/0.010	0.00053/0.00065	585.83 mins	(2.155 mins)	0.292	0.183	0.485
29.0/28	0.007/0.010	0.00054/0.00065	588.00 mins	(2.17 mins)	0.296	0.182	0.482
29.0/28	0.007/0.010	0.00055/0.00065	590.18 mins	(2.18 mins)	0.300	0.184	0.484
29.0/28	0.007/0.010	0.00056/0.00065	592.46 mins	(2.277 mins)	0.303	0.183	0.478
29.0/28	0.007/0.010	0.00057/0.00065	594.74 mins	(2.284 mins)	0.306	0.181	0.477
29.0/28	0.007/0.010	0.00058/0.00065	597.07 mins	(2.328 mins)	0.313	0.182	0.480
29.0/28	0.007/0.010	0.00059/0.00065	599.42 mins	(2.35 mins)	0.317	0.183	0.479
29.0/28	0.007/0.010	0.00060/0.00065	601.66 mins	(2.232 mins)	0.322	0.183	0.478

29.0/28	0.008/0.010	0.00050/0.00065	603.79 mins	(2.132 mins)	0.282	0.184	0.491
29.0/28	0.008/0.010	0.00051/0.00065	605.93 mins	(2.146 mins)	0.287	0.184	0.489
29.0/28	0.008/0.010	0.00052/0.00065	608.09 mins	(2.153 mins)	0.290	0.183	0.490
29.0/28	0.008/0.010	0.00053/0.00065	610.27 mins	(2.18 mins)	0.298	0.186	0.493
29.0/28	0.008/0.010	0.00054/0.00065	612.45 mins	(2.183 mins)	0.299	0.183	0.488
29.0/28	0.008/0.010	0.00055/0.00065	614.64 mins	(2.186 mins)	0.303	0.183	0.488
29.0/28	0.008/0.010	0.00056/0.00065	616.83 mins	(2.195 mins)	0.309	0.185	0.486
29.0/28	0.008/0.010	0.00057/0.00065	619.04 mins	(2.207 mins)	0.310	0.182	0.483
29.0/28	0.008/0.010	0.00058/0.00065	621.25 mins	(2.217 mins)	0.314	0.182	0.484
29.0/28	0.008/0.010	0.00059/0.00065	623.50 mins	(2.242 mins)	0.321	0.184	0.485
29.0/28	0.008/0.010	0.00060/0.00065	625.77 mins	(2.274 mins)	0.327	0.183	0.483

29.0/28	0.009/0.010	0.00050/0.00065	627.91 mins	(2.135 mins)	0.283	0.184	0.496
29.0/28	0.009/0.010	0.00051/0.00065	630.08 mins	(2.177 mins)	0.286	0.183	0.492
29.0/28	0.009/0.010	0.00052/0.00065	632.22 mins	(2.139 mins)	0.292	0.183	0.493
29.0/28	0.009/0.010	0.00053/0.00065	634.40 mins	(2.181 mins)	0.298	0.184	0.496
29.0/28	0.009/0.010	0.00054/0.00065	636.58 mins	(2.173 mins)	0.301	0.183	0.493
29.0/28	0.009/0.010	0.00055/0.00065	638.79 mins	(2.217 mins)	0.305	0.184	0.494
29.0/28	0.009/0.010	0.00056/0.00065	641.02 mins	(2.232 mins)	0.311	0.183	0.489
29.0/28	0.009/0.010	0.00057/0.00065	643.25 mins	(2.228 mins)	0.311	0.183	0.491
29.0/28	0.009/0.010	0.00058/0.00065	645.49 mins	(2.24 mins)	0.316	0.181	0.487
29.0/28	0.009/0.010	0.00059/0.00065	647.81 mins	(2.323 mins)	0.324	0.183	0.487
29.0/28	0.009/0.010	0.00060/0.00065	650.20 mins	(2.382 mins)	0.326	0.183	0.488

29.0/28	0.010/0.010	0.00050/0.00065	652.43 mins	(2.236 mins)	0.285	0.185	0.503
29.0/28	0.010/0.010	0.00051/0.00065	654.70 mins	(2.267 mins)	0.292	0.186	0.501
29.0/28	0.010/0.010	0.00052/0.00065	656.94 mins	(2.237 mins)	0.294	0.184	0.502
29.0/28	0.010/0.010	0.00053/0.00065	659.25 mins	(2.313 mins)	0.298	0.183	0.497
29.0/28	0.010/0.010	0.00054/0.00065	661.47 mins	(2.218 mins)	0.302	0.183	0.497
29.0/28	0.010/0.010	0.00055/0.00065	663.67 mins	(2.204 mins)	0.311	0.184	0.498
29.0/28	0.010/0.010	0.00056/0.00065	665.87 mins	(2.202 mins)	0.312	0.184	0.497
29.0/28	0.010/0.010	0.00057/0.00065	668.09 mins	(2.216 mins)	0.313	0.182	0.493
29.0/28	0.010/0.010	0.00058/0.00065	670.33 mins	(2.244 mins)	0.320	0.183	0.495
29.0/28	0.010/0.010	0.00059/0.00065	672.57 mins	(2.239 mins)	0.322	0.181	0.494
29.0/28	0.010/0.010	0.00060/0.00065	674.82 mins	(2.248 mins)	0.327	0.184	0.493

29.0/28	0.011/0.010	0.00050/0.00065	676.95 mins	(2.131 mins)	0.288	0.182	0.502
29.0/28	0.011/0.010	0.00051/0.00065	679.13 mins	(2.18 mins)	0.294	0.182	0.503
29.0/28	0.011/0.010	0.00052/0.00065	681.29 mins	(2.161 mins)	0.295	0.183	0.503
29.0/28	0.011/0.010	0.00053/0.00065	683.46 mins	(2.164 mins)	0.302	0.183	0.501
29.0/28	0.011/0.010	0.00054/0.00065	685.65 mins	(2.196 mins)	0.303	0.184	0.502
29.0/28	0.011/0.010	0.00055/0.00065	687.88 mins	(2.224 mins)	0.311	0.182	0.501
29.0/28	0.011/0.010	0.00056/0.00065	690.07 mins	(2.196 mins)	0.313	0.182	0.498
29.0/28	0.011/0.010	0.00057/0.00065	692.28 mins	(2.211 mins)	0.320	0.182	0.501
29.0/28	0.011/0.010	0.00058/0.00065	694.52 mins	(2.236 mins)	0.322	0.181	0.496
29.0/28	0.011/0.010	0.00059/0.00065	696.79 mins	(2.274 mins)	0.326	0.184	0.497
29.0/28	0.011/0.010	0.00060/0.00065	699.08 mins	(2.286 mins)	0.332	0.184	0.499

29.0/28	0.012/0.010	0.00050/0.00065	701.23 mins	(2.154 mins)	0.291	0.183	0.510
29.0/28	0.012/0.010	0.00051/0.00065	703.38 mins	(2.148 mins)	0.295	0.185	0.511
29.0/28	0.012/0.010	0.00052/0.00065	705.56 mins	(2.177 mins)	0.300	0.185	0.510
29.0/28	0.012/0.010	0.00053/0.00065	707.74 mins	(2.185 mins)	0.302	0.183	0.507
29.0/28	0.012/0.010	0.00054/0.00065	709.93 mins	(2.19 mins)	0.308	0.183	0.508
29.0/28	0.012/0.010	0.00055/0.00065	712.15 mins	(2.211 mins)	0.313	0.183	0.507
29.0/28	0.012/0.010	0.00056/0.00065	714.37 mins	(2.227 mins)	0.317	0.183	0.507
29.0/28	0.012/0.010	0.00057/0.00065	716.61 mins	(2.235 mins)	0.321	0.183	0.502
29.0/28	0.012/0.010	0.00058/0.00065	718.89 mins	(2.286 mins)	0.325	0.183	0.504
29.0/28	0.012/0.010	0.00059/0.00065	721.14 mins	(2.243 mins)	0.328	0.183	0.502
29.0/28	0.012/0.010	0.00060/0.00065	723.39 mins	(2.25 mins)	0.331	0.181	0.498

29.0/28	0.013/0.010	0.00050/0.00065	725.55 mins	(2.167 mins)	0.293	0.182	0.513
29.0/28	0.013/0.010	0.00051/0.00065	727.72 mins	(2.165 mins)	0.299	0.183	0.515
29.0/28	0.013/0.010	0.00052/0.00065	729.91 mins	(2.195 mins)	0.303	0.183	0.511
29.0/28	0.013/0.010	0.00053/0.00065	732.11 mins	(2.201 mins)	0.306	0.183	0.513
29.0/28	0.013/0.010	0.00054/0.00065	734.30 mins	(2.181 mins)	0.306	0.182	0.508
29.0/28	0.013/0.010	0.00055/0.00065	736.54 mins	(2.242 mins)	0.313	0.183	0.511
29.0/28	0.013/0.010	0.00056/0.00065	738.77 mins	(2.233 mins)	0.319	0.184	0.513
29.0/28	0.013/0.010	0.00057/0.00065	741.02 mins	(2.245 mins)	0.324	0.185	0.508
29.0/28	0.013/0.010	0.00058/0.00065	743.28 mins	(2.266 mins)	0.329	0.185	0.509
29.0/28	0.013/0.010	0.00059/0.00065	745.52 mins	(2.239 mins)	0.328	0.181	0.502
29.0/28	0.013/0.010	0.00060/0.00065	747.77 mins	(2.246 mins)	0.334	0.183	0.507

29.0/28	0.014/0.010	0.00050/0.00065	749.94 mins	(2.175 mins)	0.294	0.184	0.519
29.0/28	0.014/0.010	0.00051/0.00065	752.14 mins	(2.194 mins)	0.298	0.183	0.518
29.0/28	0.014/0.010	0.00052/0.00065	754.35 mins	(2.215 mins)	0.305	0.183	0.518
29.0/28	0.014/0.010	0.00053/0.00065	756.55 mins	(2.20 mins)	0.307	0.182	0.513
29.0/28	0.014/0.010	0.00054/0.00065	758.83 mins	(2.279 mins)	0.316	0.185	0.517
29.0/28	0.014/0.010	0.00055/0.00065	761.02 mins	(2.192 mins)	0.315	0.183	0.512
29.0/28	0.014/0.010	0.00056/0.00065	763.27 mins	(2.252 mins)	0.319	0.184	0.511
29.0/28	0.014/0.010	0.00057/0.00065	765.52 mins	(2.25 mins)	0.325	0.184	0.514
29.0/28	0.014/0.010	0.00058/0.00065	767.78 mins	(2.257 mins)	0.329	0.182	0.510
29.0/28	0.014/0.010	0.00059/0.00065	770.06 mins	(2.283 mins)	0.338	0.184	0.514
29.0/28	0.014/0.010	0.00060/0.00065	772.37 mins	(2.308 mins)	0.339	0.183	0.512

29.0/28	0.015/0.010	0.00050/0.00065	774.57 mins	(2.197 mins)	0.297	0.184	0.522
29.0/28	0.015/0.010	0.00051/0.00065	776.75 mins	(2.184 mins)	0.302	0.184	0.520
29.0/28	0.015/0.010	0.00052/0.00065	778.99 mins	(2.238 mins)	0.306	0.183	0.522
29.0/28	0.015/0.010	0.00053/0.00065	781.22 mins	(2.232 mins)	0.310	0.181	0.521
29.0/28	0.015/0.010	0.00054/0.00065	783.46 mins	(2.234 mins)	0.317	0.185	0.522
29.0/28	0.015/0.010	0.00055/0.00065	785.69 mins	(2.235 mins)	0.320	0.182	0.521
29.0/28	0.015/0.010	0.00056/0.00065	787.93 mins	(2.234 mins)	0.322	0.182	0.518
29.0/28	0.015/0.010	0.00057/0.00065	790.20 mins	(2.275 mins)	0.330	0.182	0.516
29.0/28	0.015/0.010	0.00058/0.00065	792.49 mins	(2.293 mins)	0.333	0.184	0.522
29.0/28	0.015/0.010	0.00059/0.00065	794.77 mins	(2.28 mins)	0.339	0.182	0.520
29.0/28	0.015/0.010	0.00060/0.00065	797.08 mins	(2.308 mins)	0.340	0.183	0.517



30.0/28	0.005/0.010	0.00050/0.00065	799.20 mins	(2.114 mins)	0.278	0.190	0.488
30.0/28	0.005/0.010	0.00051/0.00065	801.30 mins	(2.102 mins)	0.282	0.189	0.483
30.0/28	0.005/0.010	0.00052/0.00065	803.43 mins	(2.13 mins)	0.285	0.188	0.481
30.0/28	0.005/0.010	0.00053/0.00065	805.59 mins	(2.163 mins)	0.290	0.187	0.484
30.0/28	0.005/0.010	0.00054/0.00065	807.79 mins	(2.203 mins)	0.297	0.189	0.481
30.0/28	0.005/0.010	0.00055/0.00065	809.96 mins	(2.17 mins)	0.303	0.189	0.484
30.0/28	0.005/0.010	0.00056/0.00065	812.16 mins	(2.195 mins)	0.306	0.190	0.483
30.0/28	0.005/0.010	0.00057/0.00065	814.37 mins	(2.213 mins)	0.308	0.188	0.481
30.0/28	0.005/0.010	0.00058/0.00065	816.69 mins	(2.32 mins)	0.314	0.192	0.484
30.0/28	0.005/0.010	0.00059/0.00065	819.00 mins	(2.313 mins)	0.317	0.190	0.479
30.0/28	0.005/0.010	0.00060/0.00065	821.36 mins	(2.358 mins)	0.322	0.191	0.480

30.0/28	0.006/0.010	0.00050/0.00065	823.53 mins	(2.164 mins)	0.281	0.190	0.490
30.0/28	0.006/0.010	0.00051/0.00065	825.65 mins	(2.125 mins)	0.283	0.188	0.488
30.0/28	0.006/0.010	0.00052/0.00065	827.81 mins	(2.164 mins)	0.287	0.188	0.486
30.0/28	0.006/0.010	0.00053/0.00065	829.99 mins	(2.177 mins)	0.293	0.189	0.485
30.0/28	0.006/0.010	0.00054/0.00065	832.23 mins	(2.238 mins)	0.296	0.188	0.488
30.0/28	0.006/0.010	0.00055/0.00065	834.45 mins	(2.217 mins)	0.301	0.190	0.488
30.0/28	0.006/0.010	0.00056/0.00065	836.66 mins	(2.209 mins)	0.306	0.188	0.486
30.0/28	0.006/0.010	0.00057/0.00065	838.89 mins	(2.236 mins)	0.312	0.188	0.487
30.0/28	0.006/0.010	0.00058/0.00065	841.11 mins	(2.223 mins)	0.314	0.189	0.487
30.0/28	0.006/0.010	0.00059/0.00065	843.37 mins	(2.26 mins)	0.321	0.189	0.484
30.0/28	0.006/0.010	0.00060/0.00065	845.61 mins	(2.232 mins)	0.321	0.187	0.480

30.0/28	0.007/0.010	0.00050/0.00065	847.75 mins	(2.146 mins)	0.282	0.190	0.497
30.0/28	0.007/0.010	0.00051/0.00065	849.91 mins	(2.155 mins)	0.287	0.190	0.495
30.0/28	0.007/0.010	0.00052/0.00065	852.07 mins	(2.166 mins)	0.293	0.189	0.495
30.0/28	0.007/0.010	0.00053/0.00065	854.25 mins	(2.174 mins)	0.295	0.190	0.495
30.0/28	0.007/0.010	0.00054/0.00065	856.44 mins	(2.192 mins)	0.301	0.189	0.495
30.0/28	0.007/0.010	0.00055/0.00065	858.67 mins	(2.232 mins)	0.305	0.187	0.490
30.0/28	0.007/0.010	0.00056/0.00065	860.89 mins	(2.217 mins)	0.312	0.190	0.492
30.0/28	0.007/0.010	0.00057/0.00065	863.12 mins	(2.235 mins)	0.314	0.189	0.491
30.0/28	0.007/0.010	0.00058/0.00065	865.32 mins	(2.199 mins)	0.316	0.189	0.488
30.0/28	0.007/0.010	0.00059/0.00065	867.57 mins	(2.242 mins)	0.320	0.188	0.489
30.0/28	0.007/0.010	0.00060/0.00065	869.81 mins	(2.242 mins)	0.325	0.188	0.486

30.0/28	0.008/0.010	0.00050/0.00065	871.98 mins	(2.168 mins)	0.286	0.190	0.500
30.0/28	0.008/0.010	0.00051/0.00065	874.14 mins	(2.162 mins)	0.289	0.189	0.499
30.0/28	0.008/0.010	0.00052/0.00065	876.31 mins	(2.168 mins)	0.291	0.188	0.499
30.0/28	0.008/0.010	0.00053/0.00065	878.49 mins	(2.181 mins)	0.299	0.188	0.495
30.0/28	0.008/0.010	0.00054/0.00065	880.67 mins	(2.182 mins)	0.306	0.191	0.500
30.0/28	0.008/0.010	0.00055/0.00065	882.88 mins	(2.216 mins)	0.308	0.190	0.497
30.0/28	0.008/0.010	0.00056/0.00065	885.07 mins	(2.187 mins)	0.310	0.187	0.494
30.0/28	0.008/0.010	0.00057/0.00065	887.41 mins	(2.342 mins)	0.314	0.187	0.493
30.0/28	0.008/0.010	0.00058/0.00065	889.77 mins	(2.353 mins)	0.319	0.187	0.492
30.0/28	0.008/0.010	0.00059/0.00065	892.11 mins	(2.341 mins)	0.324	0.187	0.491
30.0/28	0.008/0.010	0.00060/0.00065	894.40 mins	(2.292 mins)	0.330	0.189	0.493

30.0/28	0.009/0.010	0.00050/0.00065	896.52 mins	(2.122 mins)	0.286	0.187	0.502
30.0/28	0.009/0.010	0.00051/0.00065	898.66 mins	(2.143 mins)	0.293	0.188	0.504
30.0/28	0.009/0.010	0.00052/0.00065	900.82 mins	(2.156 mins)	0.295	0.187	0.502
30.0/28	0.009/0.010	0.00053/0.00065	903.00 mins	(2.18 mins)	0.302	0.189	0.501
30.0/28	0.009/0.010	0.00054/0.00065	905.17 mins	(2.167 mins)	0.303	0.188	0.503
30.0/28	0.009/0.010	0.00055/0.00065	907.40 mins	(2.236 mins)	0.309	0.188	0.500
30.0/28	0.009/0.010	0.00056/0.00065	909.62 mins	(2.221 mins)	0.315	0.188	0.499
30.0/28	0.009/0.010	0.00057/0.00065	911.85 mins	(2.223 mins)	0.319	0.189	0.499
30.0/28	0.009/0.010	0.00058/0.00065	914.08 mins	(2.235 mins)	0.322	0.189	0.499
30.0/28	0.009/0.010	0.00059/0.00065	916.34 mins	(2.258 mins)	0.327	0.189	0.499
30.0/28	0.009/0.010	0.00060/0.00065	918.58 mins	(2.24 mins)	0.330	0.189	0.495

30.0/28	0.010/0.010	0.00050/0.00065	920.71 mins	(2.127 mins)	0.289	0.188	0.510
30.0/28	0.010/0.010	0.00051/0.00065	922.87 mins	(2.164 mins)	0.292	0.188	0.507
30.0/28	0.010/0.010	0.00052/0.00065	925.06 mins	(2.191 mins)	0.300	0.190	0.511
30.0/28	0.010/0.010	0.00053/0.00065	927.23 mins	(2.171 mins)	0.303	0.189	0.505
30.0/28	0.010/0.010	0.00054/0.00065	929.41 mins	(2.181 mins)	0.308	0.188	0.506
30.0/28	0.010/0.010	0.00055/0.00065	931.65 mins	(2.235 mins)	0.312	0.189	0.508
30.0/28	0.010/0.010	0.00056/0.00065	933.92 mins	(2.271 mins)	0.317	0.190	0.505
30.0/28	0.010/0.010	0.00057/0.00065	936.16 mins	(2.246 mins)	0.320	0.189	0.505
30.0/28	0.010/0.010	0.00058/0.00065	938.40 mins	(2.236 mins)	0.328	0.190	0.505
30.0/28	0.010/0.010	0.00059/0.00065	940.64 mins	(2.243 mins)	0.327	0.187	0.502
30.0/28	0.010/0.010	0.00060/0.00065	942.90 mins	(2.259 mins)	0.332	0.189	0.500

30.0/28	0.011/0.010	0.00050/0.00065	945.03 mins	(2.129 mins)	0.292	0.187	0.512
30.0/28	0.011/0.010	0.00051/0.00065	947.22 mins	(2.19 mins)	0.296	0.188	0.514
30.0/28	0.011/0.010	0.00052/0.00065	949.42 mins	(2.204 mins)	0.301	0.188	0.513
30.0/28	0.011/0.010	0.00053/0.00065	951.60 mins	(2.174 mins)	0.306	0.188	0.510
30.0/28	0.011/0.010	0.00054/0.00065	953.81 mins	(2.209 mins)	0.310	0.189	0.510
30.0/28	0.011/0.010	0.00055/0.00065	956.03 mins	(2.227 mins)	0.316	0.189	0.510
30.0/28	0.011/0.010	0.00056/0.00065	958.26 mins	(2.221 mins)	0.322	0.189	0.511
30.0/28	0.011/0.010	0.00057/0.00065	960.48 mins	(2.226 mins)	0.321	0.188	0.509
30.0/28	0.011/0.010	0.00058/0.00065	962.74 mins	(2.259 mins)	0.329	0.189	0.511
30.0/28	0.011/0.010	0.00059/0.00065	965.00 mins	(2.257 mins)	0.331	0.189	0.505
30.0/28	0.011/0.010	0.00060/0.00065	967.26 mins	(2.266 mins)	0.336	0.188	0.507

30.0/28	0.012/0.010	0.00050/0.00065	969.41 mins	(2.143 mins)	0.293	0.187	0.516
30.0/28	0.012/0.010	0.00051/0.00065	971.61 mins	(2.198 mins)	0.297	0.190	0.519
30.0/28	0.012/0.010	0.00052/0.00065	973.79 mins	(2.186 mins)	0.305	0.187	0.518
30.0/28	0.012/0.010	0.00053/0.00065	975.99 mins	(2.197 mins)	0.311	0.189	0.515
30.0/28	0.012/0.010	0.00054/0.00065	978.21 mins	(2.22 mins)	0.314	0.189	0.516
30.0/28	0.012/0.010	0.00055/0.00065	980.41 mins	(2.202 mins)	0.316	0.190	0.517
30.0/28	0.012/0.010	0.00056/0.00065	982.64 mins	(2.233 mins)	0.323	0.190	0.515
30.0/28	0.012/0.010	0.00057/0.00065	984.88 mins	(2.231 mins)	0.323	0.188	0.510
30.0/28	0.012/0.010	0.00058/0.00065	987.15 mins	(2.272 mins)	0.329	0.189	0.512
30.0/28	0.012/0.010	0.00059/0.00065	989.45 mins	(2.302 mins)	0.334	0.187	0.509
30.0/28	0.012/0.010	0.00060/0.00065	991.72 mins	(2.274 mins)	0.338	0.188	0.512

30.0/28	0.013/0.010	0.00050/0.00065	993.88 mins	(2.159 mins)	0.296	0.189	0.523
30.0/28	0.013/0.010	0.00051/0.00065	996.08 mins	(2.201 mins)	0.303	0.189	0.522
30.0/28	0.013/0.010	0.00052/0.00065	998.25 mins	(2.164 mins)	0.304	0.190	0.519
30.0/28	0.013/0.010	0.00053/0.00065	1000.43 mins	(2.178 mins)	0.311	0.187	0.520
30.0/28	0.013/0.010	0.00054/0.00065	1002.63 mins	(2.207 mins)	0.313	0.188	0.518
30.0/28	0.013/0.010	0.00055/0.00065	1004.87 mins	(2.236 mins)	0.322	0.189	0.521
30.0/28	0.013/0.010	0.00056/0.00065	1007.12 mins	(2.251 mins)	0.325	0.190	0.521
30.0/28	0.013/0.010	0.00057/0.00065	1009.38 mins	(2.265 mins)	0.327	0.188	0.515
30.0/28	0.013/0.010	0.00058/0.00065	1011.66 mins	(2.274 mins)	0.333	0.188	0.517
30.0/28	0.013/0.010	0.00059/0.00065	1013.96 mins	(2.30 mins)	0.339	0.188	0.519
30.0/28	0.013/0.010	0.00060/0.00065	1016.26 mins	(2.30 mins)	0.342	0.191	0.517

30.0/28	0.014/0.010	0.00050/0.00065	1018.44 mins	(2.183 mins)	0.298	0.187	0.527
30.0/28	0.014/0.010	0.00051/0.00065	1020.65 mins	(2.207 mins)	0.303	0.188	0.523
30.0/28	0.014/0.010	0.00052/0.00065	1022.86 mins	(2.208 mins)	0.309	0.187	0.527
30.0/28	0.014/0.010	0.00053/0.00065	1025.08 mins	(2.221 mins)	0.315	0.189	0.527
30.0/28	0.014/0.010	0.00054/0.00065	1027.30 mins	(2.218 mins)	0.318	0.189	0.525
30.0/28	0.014/0.010	0.00055/0.00065	1029.54 mins	(2.242 mins)	0.323	0.190	0.528
30.0/28	0.014/0.010	0.00056/0.00065	1031.81 mins	(2.268 mins)	0.328	0.188	0.523
30.0/28	0.014/0.010	0.00057/0.00065	1034.09 mins	(2.285 mins)	0.330	0.188	0.524
30.0/28	0.014/0.010	0.00058/0.00065	1036.35 mins	(2.264 mins)	0.334	0.188	0.520
30.0/28	0.014/0.010	0.00059/0.00065	1038.65 mins	(2.294 mins)	0.341	0.188	0.522
30.0/28	0.014/0.010	0.00060/0.00065	1040.95 mins	(2.303 mins)	0.344	0.188	0.517

30.0/28	0.015/0.010	0.00050/0.00065	1043.14 mins	(2.189 mins)	0.305	0.190	0.532
30.0/28	0.015/0.010	0.00051/0.00065	1045.34 mins	(2.205 mins)	0.307	0.188	0.530
30.0/28	0.015/0.010	0.00052/0.00065	1047.56 mins	(2.211 mins)	0.309	0.187	0.529
30.0/28	0.015/0.010	0.00053/0.00065	1049.80 mins	(2.243 mins)	0.314	0.188	0.528
30.0/28	0.015/0.010	0.00054/0.00065	1052.02 mins	(2.225 mins)	0.320	0.190	0.530
30.0/28	0.015/0.010	0.00055/0.00065	1054.29 mins	(2.261 mins)	0.326	0.188	0.529
30.0/28	0.015/0.010	0.00056/0.00065	1056.54 mins	(2.258 mins)	0.330	0.186	0.526
30.0/28	0.015/0.010	0.00057/0.00065	1058.83 mins	(2.286 mins)	0.335	0.189	0.527
30.0/28	0.015/0.010	0.00058/0.00065	1061.10 mins	(2.268 mins)	0.335	0.188	0.524
30.0/28	0.015/0.010	0.00059/0.00065	1063.39 mins	(2.289 mins)	0.343	0.188	0.523
30.0/28	0.015/0.010	0.00060/0.00065	1065.69 mins	(2.306 mins)	0.347	0.189	0.527



> 
> proc.time()
      user     system    elapsed 
1772952.25   29928.63   64010.62 
