
R version 4.3.0 (2023-04-21) -- "Already Tomorrow"
Copyright (C) 2023 The R Foundation for Statistical Computing
Platform: x86_64-pc-linux-gnu (64-bit)

R is free software and comes with ABSOLUTELY NO WARRANTY.
You are welcome to redistribute it under certain conditions.
Type 'license()' or 'licence()' for distribution details.

  Natural language support but running in an English locale

R is a collaborative project with many contributors.
Type 'contributors()' for more information and
'citation()' on how to cite R or R packages in publications.

Type 'demo()' for some demos, 'help()' for on-line help, or
'help.start()' for an HTML browser interface to help.
Type 'q()' to quit R.

> rm(list = ls())
> gc()
         used (Mb) gc trigger (Mb) max used (Mb)
Ncells 284765 15.3     664565 35.5   464468 24.9
Vcells 490458  3.8    8388608 64.0  1837328 14.1
> library(dplyr)

Attaching package: ‘dplyr’

The following objects are masked from ‘package:stats’:

    filter, lag

The following objects are masked from ‘package:base’:

    intersect, setdiff, setequal, union

> library(foreach)
> library(doParallel)
Loading required package: iterators
Loading required package: parallel
> 
> # Set up the number of cores used for parallelization.
> message(detectCores())
32
> num_cores <- 24
> registerDoParallel(num_cores)
> 
> #########################
> #### SEIR Simulation ####
> #########################
> time <- 365 # Number of days.
> inf <- 7 # Average infectious period length.
> N <- 1000 # Population size.
> 
> create_hh <- function() {
+   # Randomly sample household sizes such that total population is 1000 
+   # individuals.
+   hh_size <- sample(x = c(3, 4, 5, 6), size = 340, replace = T)
+   
+   # Keep households such that total population is < 1000.
+   hh_size <- hh_size[which(cumsum(hh_size) < N)]
+   
+   leftover <- N - sum(hh_size)
+   if (leftover < 3) {
+     hh <- 1:length(hh_size)
+     sampled <- sample(hh[hh_size < 6], leftover)
+     hh_size[sampled] <- hh_size[sampled] + 1
+   } else {
+     hh_size <- c(hh_size, leftover)
+   }
+   return(hh_size)
+ }
> 
> SEIR_p2p <- function(params, inf = 7, verbose = F) {
+   hh_size <- create_hh()
+   
+   # Create frame for running the simulation.
+   # ID: ID of individual.
+   # SIZE: size of individual's household.
+   # HH: ID of individual's household.
+   # S: susceptibility status.
+   # E: exposed status.
+   # E_count: number of days since exposed.
+   # I: infectious status.
+   # I_count: number of days since infectious.
+   # R: recovered status.
+   # INC: incubation period.
+   # INF: infectious period.
+   data <- data.frame(ID = 1:N,
+                      SIZE = rep(hh_size, times = hh_size),
+                      HH = rep(1:length(hh_size), times = hh_size), 
+                      S = c(0, rep(1, N - 1)), 
+                      E = c(1, rep(0, N - 1)),
+                      E_count = c(1, rep(0, N - 1)), 
+                      I = 0,
+                      I_count = 0, 
+                      R = 0, 
+                      INC = c(round(rlnorm(1, meanlog = log(29.8), sdlog = 0.45)), rep(0, N - 1)),
+                      INF = 0)
+   
+   # Create frame for storing results.
+   # ID: ID of individual.
+   # SIZE: size of individual's household.
+   # HH: ID of individual's household.
+   # TYPE: the kind of infection: household (H), community (C), or both (B).
+   # TIME: when the individual became infectious.
+   # S_NUM: number of susceptible people in individual's household when their 
+   #        infectious period begins.
+   # I_NUM: number of people in household that this individual infected over 
+   #        their infectious period.
+   results <- data[, 1:3] %>% mutate(TYPE = NA, TIME = NA, S_NUM = NA, I_NUM = 0)
+   results$TYPE[1] <- '0'
+   
+   for(t in 1:time) {
+     if (verbose) {
+       if (t %% 10 == 0) {
+         cat(paste0(t, ' '))
+       }
+     }
+     
+     # Anyone who has been infectious for as many days as their infectious period
+     # is now recovered.
+     recovered <- (data$INF > 0) & (data$I_count == data$INF)
+     if(sum(recovered, na.rm = T) > 0) {
+       data$R[recovered] <- 1
+       data$I[recovered] <- 0
+       data$I_count[recovered] <- 0 
+     }
+     
+     # Anyone who has been incubating for as many days as their incubation period
+     # is now infectious.
+     new_inf <- (data$INC > 0) & (data$E_count == data$INC)
+     num_new_inf <- sum(new_inf, na.rm = T)
+     if(num_new_inf > 0) {
+       # Change status to newly infectious and add infectious period.
+       data$I[new_inf] <- 1
+       random_inf <- rnorm(num_new_inf, mean = inf, sd = 1) %>% round()
+       data$INF[new_inf] <- random_inf
+       
+       # Remove exposure status and exposure count.
+       data$E[new_inf] <- 0
+       data$E_count[new_inf] <- 0 
+       
+       # Record time at which infectious period starts.
+       results$TIME[new_inf] <- t
+       
+       # Save the number of susceptible people in each infectious individual's 
+       # household.
+       S_data <- data %>% group_by(HH) %>% 
+         mutate(S_tot = sum(S)) %>% 
+         select(HH, S_tot)
+       results$S_NUM[new_inf == 1] <- S_data$S_tot[new_inf == 1]
+     }
+     
+     # I_H is the number of infections inside each household.
+     # I_C is the number of infections outside each household.
+     I_data <- data %>% group_by(HH) %>% 
+       mutate(I_H = sum(I)) %>% 
+       ungroup() %>% 
+       mutate(I_C = sum(I) - I_H)
+     
+     # Calculate household risk and community risk.
+     beta_H <- params[1]
+     beta_C <- params[2]
+     risk_H <- pmin(beta_H * data$S * I_data$I_H / N, 1)
+     risk_C <- pmin(beta_C * data$S * I_data$I_C / N, 1)
+     
+     # Each individual is infected from their household or community 
+     # independently with probabilities risk_H and risk_C.
+     new_inf_H <- rbinom(N, 1, risk_H)
+     new_inf_C <- rbinom(N, 1, risk_C)
+     
+     new_exposed <- (new_inf_H == 1) | (new_inf_C == 1)
+     num_new_exposed <- sum(new_exposed, na.rm = T)
+     if (num_new_exposed > 0) {
+       # Change status to newly exposed and add incubation period.
+       data$E[new_exposed] <- 1
+       random_inc <- rlnorm(num_new_exposed, meanlog = log(29.8), sdlog = 0.45) %>% round()
+       data$INC[new_exposed] <- random_inc
+       
+       # Remove susceptible status.
+       data$S[new_exposed] <- 0
+       
+       # Get number of new infections in each household.
+       I_data <- I_data %>%
+         select(ID, HH, I, I_H) %>%
+         mutate(new_I_H = new_inf_H) %>%
+         group_by(HH) %>%
+         # Find households with at least 1 currently infectious individual. If 
+         # exactly 1 infectious individual in household, assign all new H 
+         # exposures to that individual. If there are multiple infectious 
+         # individuals, assign all infections to the infectious individual with 
+         # the first ID.
+         mutate(new_I_H = ifelse(I == 1 & ID == first(ID[I == 1]), 
+                                 sum(new_I_H), 0))
+       
+       results$I_NUM <- results$I_NUM + I_data$new_I_H
+       
+       # Label infection types.
+       results$TYPE[new_inf_C == 1] <- 'C'
+       results$TYPE[new_inf_H == 1] <- 'H'
+       results$TYPE[(new_inf_H == 1) & (new_inf_C == 1)] <- 'HC'
+     }
+     
+     # Increment exposure and infectious counters.
+     data$E_count[data$E == 1] <- data$E_count[data$E == 1] + 1
+     data$I_count[data$I == 1] <- data$I_count[data$I == 1] + 1
+   }
+   return(results)
+ }
> 
> metrics <- function(results) {
+   # Incidence is the proportion of the population that became infected.
+   idc <- mean(!is.na(results$TIME))
+   
+   # The SAR is the average SAR for each individual that was infectious.
+   sar <- mean(results$I_NUM / results$S_NUM, na.rm = T)
+ 
+   return(c(idc, sar))
+ }
> 
> beta_Hs <- seq(30.0, 70.0, 0.5)
> beta_Cs <- seq(0.000, 0.500, 0.02)
> 
> d_H <- length(beta_Hs)
> d_C <- length(beta_Cs)
> 
> reps <- 50
> idcs <- array(rep(NA, d_H * d_C * reps), dim = c(d_H, d_C, reps))
> sars <- array(rep(NA, d_H * d_C * reps), dim = c(d_H, d_C, reps))
> t_tot <- 0
> for (i in 1:d_H) {
+     for (j in 1:d_C) {
+       beta_H <- beta_Hs[i]
+       beta_C <- beta_Cs[j]
+       params <- c(beta_H, beta_C)
+       
+       cat(paste0(format(beta_H, nsmall = 1, digits = 3), '/70.0\t', 
+                  format(beta_C, nsmall = 3, digits = 3), '/0.500\t'))
+ 
+       t_0 <- Sys.time()
+       vals <- foreach (l = 1:reps, .combine = 'c') %dopar% {
+         results <- SEIR_p2p(params) 
+         metrics(results)
+       }
+       t_1 <- Sys.time()
+       t_tot <- t_tot + (t_1 - t_0)
+ 
+       cat(paste0(format(t_tot, nsmall = 2, digits = 4), '\t(', 
+                  format(t_1 - t_0, nsmall = 2, digits = 4), ')\t'))
+ 
+       vals <- matrix(vals, reps, byrow = T)
+       idcs[i, j, ] <- vals[, 1]
+       sars[i, j, ] <- vals[, 2]
+ 
+       cat(paste0(format(round(mean(vals[, 1]), 3), nsmall = 3), '\t',
+                  format(round(mean(vals[, 2]), 3), nsmall = 3), '\n'))
+       
+       saveRDS(idcs, file = 'idcs.rds')
+       saveRDS(sars, file = 'sars.rds')
+       write.table(idcs, file = 'idcs.txt', row.names = F, col.names = F)
+       write.table(sars, file = 'sars.txt', row.names = F, col.names = F)
+     }
+   message('\n')
+ }
30.0/70.0	0.000/0.500	20.41 secs	(20.41 secs)	0.002	0.147
30.0/70.0	0.020/0.500	40.43 secs	(20.01 secs)	0.003	0.153
30.0/70.0	0.040/0.500	61.99 secs	(21.57 secs)	0.005	0.161
30.0/70.0	0.060/0.500	82.05 secs	(20.06 secs)	0.010	0.128
30.0/70.0	0.080/0.500	106.31 secs	(24.26 secs)	0.020	0.135
30.0/70.0	0.100/0.500	133.55 secs	(27.23 secs)	0.030	0.122
30.0/70.0	0.120/0.500	167.47 secs	(33.93 secs)	0.078	0.109
30.0/70.0	0.140/0.500	212.61 secs	(45.13 secs)	0.155	0.141
30.0/70.0	0.160/0.500	258.04 secs	(45.43 secs)	0.169	0.144
30.0/70.0	0.180/0.500	310.13 secs	(52.09 secs)	0.314	0.147
30.0/70.0	0.200/0.500	367.27 secs	(57.14 secs)	0.483	0.168
30.0/70.0	0.220/0.500	428.28 secs	(1.017 mins)	0.502	0.165
30.0/70.0	0.240/0.500	491.34 secs	(1.051 mins)	0.670	0.170
30.0/70.0	0.260/0.500	540.43 secs	(49.09 secs)	0.661	0.158
30.0/70.0	0.280/0.500	607.11 secs	(1.111 mins)	0.770	0.171
30.0/70.0	0.300/0.500	670.67 secs	(1.059 mins)	0.827	0.174
30.0/70.0	0.320/0.500	732.68 secs	(1.033 mins)	0.807	0.160
30.0/70.0	0.340/0.500	794.06 secs	(1.023 mins)	0.877	0.172
30.0/70.0	0.360/0.500	854.19 secs	(1.002 mins)	0.809	0.154
30.0/70.0	0.380/0.500	915.67 secs	(1.025 mins)	0.905	0.171
30.0/70.0	0.400/0.500	973.68 secs	(58.01 secs)	0.908	0.167
30.0/70.0	0.420/0.500	1031.03 secs	(57.34 secs)	0.952	0.176
30.0/70.0	0.440/0.500	1087.16 secs	(56.13 secs)	0.957	0.175
30.0/70.0	0.460/0.500	1144.64 secs	(57.49 secs)	0.941	0.165
30.0/70.0	0.480/0.500	1201.51 secs	(56.87 secs)	0.982	0.174
30.0/70.0	0.500/0.500	1255.61 secs	(54.10 secs)	0.984	0.172


30.5/70.0	0.000/0.500	1275.90 secs	(20.29 secs)	0.002	0.143
30.5/70.0	0.020/0.500	1296.39 secs	(20.50 secs)	0.003	0.125
30.5/70.0	0.040/0.500	1316.96 secs	(20.56 secs)	0.004	0.091
30.5/70.0	0.060/0.500	1337.78 secs	(20.83 secs)	0.011	0.148
30.5/70.0	0.080/0.500	1365.40 secs	(27.62 secs)	0.025	0.137
30.5/70.0	0.100/0.500	1397.49 secs	(32.09 secs)	0.041	0.147
30.5/70.0	0.120/0.500	1436.93 secs	(39.44 secs)	0.084	0.138
30.5/70.0	0.140/0.500	1474.03 secs	(37.09 secs)	0.124	0.143
30.5/70.0	0.160/0.500	1518.05 secs	(44.02 secs)	0.208	0.141
30.5/70.0	0.180/0.500	1563.51 secs	(45.46 secs)	0.344	0.150
30.5/70.0	0.200/0.500	1621.62 secs	(58.11 secs)	0.428	0.154
30.5/70.0	0.220/0.500	1687.08 secs	(1.091 mins)	0.546	0.165
30.5/70.0	0.240/0.500	1748.28 secs	(1.02 mins)	0.671	0.169
30.5/70.0	0.260/0.500	1813.20 secs	(1.082 mins)	0.757	0.179
30.5/70.0	0.280/0.500	1877.02 secs	(1.064 mins)	0.767	0.162
30.5/70.0	0.300/0.500	1926.16 secs	(49.13 secs)	0.723	0.153
30.5/70.0	0.320/0.500	1989.83 secs	(1.061 mins)	0.904	0.187
30.5/70.0	0.340/0.500	2050.00 secs	(1.003 mins)	0.859	0.171
30.5/70.0	0.360/0.500	2109.78 secs	(59.79 secs)	0.881	0.171
30.5/70.0	0.380/0.500	2169.65 secs	(59.87 secs)	0.953	0.181
30.5/70.0	0.400/0.500	2227.75 secs	(58.10 secs)	0.908	0.173
30.5/70.0	0.420/0.500	2284.87 secs	(57.12 secs)	0.948	0.180
30.5/70.0	0.440/0.500	2341.70 secs	(56.84 secs)	0.935	0.170
30.5/70.0	0.460/0.500	2398.76 secs	(57.05 secs)	0.961	0.180
30.5/70.0	0.480/0.500	2454.29 secs	(55.54 secs)	0.982	0.178
30.5/70.0	0.500/0.500	2508.21 secs	(53.92 secs)	0.966	0.175


31.0/70.0	0.000/0.500	2528.15 secs	(19.94 secs)	0.002	0.110
31.0/70.0	0.020/0.500	2548.05 secs	(19.89 secs)	0.003	0.111
31.0/70.0	0.040/0.500	2569.26 secs	(21.21 secs)	0.004	0.115
31.0/70.0	0.060/0.500	2592.78 secs	(23.52 secs)	0.012	0.166
31.0/70.0	0.080/0.500	2616.51 secs	(23.73 secs)	0.019	0.100
31.0/70.0	0.100/0.500	2643.76 secs	(27.25 secs)	0.049	0.139
31.0/70.0	0.120/0.500	2676.00 secs	(32.24 secs)	0.071	0.146
31.0/70.0	0.140/0.500	2724.54 secs	(48.54 secs)	0.128	0.154
31.0/70.0	0.160/0.500	2770.40 secs	(45.86 secs)	0.190	0.142
31.0/70.0	0.180/0.500	2826.49 secs	(56.09 secs)	0.317	0.174
31.0/70.0	0.200/0.500	2893.45 secs	(1.116 mins)	0.456	0.170
31.0/70.0	0.220/0.500	2953.22 secs	(59.77 secs)	0.541	0.161
31.0/70.0	0.240/0.500	3013.40 secs	(1.003 mins)	0.668	0.182
31.0/70.0	0.260/0.500	3077.81 secs	(1.073 mins)	0.757	0.179
31.0/70.0	0.280/0.500	3142.25 secs	(1.074 mins)	0.752	0.170
31.0/70.0	0.300/0.500	3207.10 secs	(1.081 mins)	0.811	0.174
31.0/70.0	0.320/0.500	3270.76 secs	(1.061 mins)	0.896	0.183
31.0/70.0	0.340/0.500	3332.95 secs	(1.037 mins)	0.851	0.170
31.0/70.0	0.360/0.500	3389.75 secs	(56.79 secs)	0.889	0.175
31.0/70.0	0.380/0.500	3449.15 secs	(59.40 secs)	0.900	0.171
31.0/70.0	0.400/0.500	3510.20 secs	(1.018 mins)	0.964	0.187
31.0/70.0	0.420/0.500	3567.93 secs	(57.73 secs)	0.914	0.174
31.0/70.0	0.440/0.500	3626.11 secs	(58.18 secs)	0.955	0.179
31.0/70.0	0.460/0.500	3682.27 secs	(56.17 secs)	0.942	0.179
31.0/70.0	0.480/0.500	3737.36 secs	(55.09 secs)	0.963	0.176
31.0/70.0	0.500/0.500	3791.07 secs	(53.71 secs)	0.966	0.179


31.5/70.0	0.000/0.500	3810.31 secs	(19.24 secs)	0.002	0.107
31.5/70.0	0.020/0.500	3830.50 secs	(20.19 secs)	0.003	0.135
31.5/70.0	0.040/0.500	3850.84 secs	(20.33 secs)	0.003	0.139
31.5/70.0	0.060/0.500	3874.51 secs	(23.67 secs)	0.010	0.115
31.5/70.0	0.080/0.500	3897.79 secs	(23.29 secs)	0.021	0.136
31.5/70.0	0.100/0.500	3927.23 secs	(29.43 secs)	0.047	0.142
31.5/70.0	0.120/0.500	3968.94 secs	(41.71 secs)	0.084	0.119
31.5/70.0	0.140/0.500	4009.29 secs	(40.35 secs)	0.137	0.158
31.5/70.0	0.160/0.500	4061.44 secs	(52.15 secs)	0.244	0.172
31.5/70.0	0.180/0.500	4120.23 secs	(58.79 secs)	0.321	0.177
31.5/70.0	0.200/0.500	4167.73 secs	(47.50 secs)	0.419	0.152
31.5/70.0	0.220/0.500	4228.81 secs	(1.018 mins)	0.552	0.162
31.5/70.0	0.240/0.500	4292.64 secs	(1.064 mins)	0.631	0.171
31.5/70.0	0.260/0.500	4355.93 secs	(1.055 mins)	0.722	0.172
31.5/70.0	0.280/0.500	4407.72 secs	(51.80 secs)	0.736	0.174
31.5/70.0	0.300/0.500	4471.92 secs	(1.07 mins)	0.851	0.181
31.5/70.0	0.320/0.500	4536.30 secs	(1.073 mins)	0.871	0.178
31.5/70.0	0.340/0.500	4597.98 secs	(1.028 mins)	0.911	0.189
31.5/70.0	0.360/0.500	4658.19 secs	(1.003 mins)	0.896	0.177
31.5/70.0	0.380/0.500	4718.28 secs	(1.001 mins)	0.904	0.177
31.5/70.0	0.400/0.500	4777.21 secs	(58.93 secs)	0.964	0.189
31.5/70.0	0.420/0.500	4835.00 secs	(57.79 secs)	0.936	0.179
31.5/70.0	0.440/0.500	4893.17 secs	(58.17 secs)	0.936	0.179
31.5/70.0	0.460/0.500	4949.25 secs	(56.07 secs)	0.981	0.184
31.5/70.0	0.480/0.500	5004.68 secs	(55.43 secs)	0.984	0.184
31.5/70.0	0.500/0.500	5061.09 secs	(56.42 secs)	0.946	0.181


32.0/70.0	0.000/0.500	5081.01 secs	(19.92 secs)	0.002	0.150
32.0/70.0	0.020/0.500	5100.88 secs	(19.87 secs)	0.002	0.123
32.0/70.0	0.040/0.500	5121.43 secs	(20.55 secs)	0.005	0.139
32.0/70.0	0.060/0.500	5145.48 secs	(24.04 secs)	0.011	0.142
32.0/70.0	0.080/0.500	5170.81 secs	(25.34 secs)	0.017	0.126
32.0/70.0	0.100/0.500	5197.80 secs	(26.98 secs)	0.040	0.134
32.0/70.0	0.120/0.500	5233.50 secs	(35.70 secs)	0.083	0.141
32.0/70.0	0.140/0.500	5279.92 secs	(46.42 secs)	0.140	0.167
32.0/70.0	0.160/0.500	5322.81 secs	(42.90 secs)	0.198	0.152
32.0/70.0	0.180/0.500	5367.43 secs	(44.62 secs)	0.318	0.140
32.0/70.0	0.200/0.500	5418.33 secs	(50.89 secs)	0.500	0.175
32.0/70.0	0.220/0.500	5481.38 secs	(1.051 mins)	0.537	0.158
32.0/70.0	0.240/0.500	5545.94 secs	(1.076 mins)	0.615	0.161
32.0/70.0	0.260/0.500	5611.61 secs	(1.094 mins)	0.747	0.174
32.0/70.0	0.280/0.500	5674.63 secs	(1.05 mins)	0.807	0.184
32.0/70.0	0.300/0.500	5736.64 secs	(1.033 mins)	0.853	0.187
32.0/70.0	0.320/0.500	5799.64 secs	(1.05 mins)	0.826	0.174
32.0/70.0	0.340/0.500	5861.65 secs	(1.033 mins)	0.902	0.182
32.0/70.0	0.360/0.500	5922.61 secs	(1.016 mins)	0.914	0.183
32.0/70.0	0.380/0.500	5983.23 secs	(1.01 mins)	0.924	0.183
32.0/70.0	0.400/0.500	6040.77 secs	(57.54 secs)	0.969	0.194
32.0/70.0	0.420/0.500	6098.50 secs	(57.73 secs)	0.971	0.188
32.0/70.0	0.440/0.500	6146.02 secs	(47.52 secs)	0.920	0.183
32.0/70.0	0.460/0.500	6202.27 secs	(56.25 secs)	0.958	0.184
32.0/70.0	0.480/0.500	6257.07 secs	(54.81 secs)	0.984	0.186
32.0/70.0	0.500/0.500	6309.66 secs	(52.58 secs)	0.968	0.184


32.5/70.0	0.000/0.500	6330.26 secs	(20.60 secs)	0.002	0.150
32.5/70.0	0.020/0.500	6350.06 secs	(19.79 secs)	0.003	0.134
32.5/70.0	0.040/0.500	6370.29 secs	(20.24 secs)	0.005	0.133
32.5/70.0	0.060/0.500	6392.48 secs	(22.18 secs)	0.007	0.115
32.5/70.0	0.080/0.500	6417.81 secs	(25.33 secs)	0.029	0.144
32.5/70.0	0.100/0.500	6452.71 secs	(34.90 secs)	0.066	0.168
32.5/70.0	0.120/0.500	6489.17 secs	(36.46 secs)	0.056	0.148
32.5/70.0	0.140/0.500	6532.05 secs	(42.88 secs)	0.157	0.148
32.5/70.0	0.160/0.500	6576.47 secs	(44.42 secs)	0.278	0.170
32.5/70.0	0.180/0.500	6631.88 secs	(55.42 secs)	0.337	0.161
32.5/70.0	0.200/0.500	6688.90 secs	(57.02 secs)	0.439	0.171
32.5/70.0	0.220/0.500	6756.02 secs	(1.119 mins)	0.543	0.175
32.5/70.0	0.240/0.500	6821.22 secs	(1.087 mins)	0.727	0.187
32.5/70.0	0.260/0.500	6888.06 secs	(1.114 mins)	0.729	0.172
32.5/70.0	0.280/0.500	6951.23 secs	(1.053 mins)	0.791	0.187
32.5/70.0	0.300/0.500	7014.21 secs	(1.05 mins)	0.811	0.175
32.5/70.0	0.320/0.500	7079.96 secs	(1.096 mins)	0.877	0.186
32.5/70.0	0.340/0.500	7140.80 secs	(1.014 mins)	0.862	0.180
32.5/70.0	0.360/0.500	7199.69 secs	(58.89 secs)	0.874	0.182
32.5/70.0	0.380/0.500	7259.60 secs	(59.91 secs)	0.882	0.181
32.5/70.0	0.400/0.500	7317.72 secs	(58.13 secs)	0.961	0.190
32.5/70.0	0.420/0.500	7375.56 secs	(57.84 secs)	0.934	0.182
32.5/70.0	0.440/0.500	7432.98 secs	(57.42 secs)	0.938	0.183
32.5/70.0	0.460/0.500	7488.77 secs	(55.79 secs)	0.981	0.193
32.5/70.0	0.480/0.500	7545.29 secs	(56.52 secs)	0.984	0.187
32.5/70.0	0.500/0.500	7598.89 secs	(53.60 secs)	0.986	0.191


33.0/70.0	0.000/0.500	7618.71 secs	(19.82 secs)	0.002	0.153
33.0/70.0	0.020/0.500	7638.20 secs	(19.49 secs)	0.003	0.167
33.0/70.0	0.040/0.500	7657.95 secs	(19.75 secs)	0.004	0.155
33.0/70.0	0.060/0.500	7679.34 secs	(21.39 secs)	0.009	0.120
33.0/70.0	0.080/0.500	7701.53 secs	(22.19 secs)	0.019	0.126
33.0/70.0	0.100/0.500	7732.75 secs	(31.22 secs)	0.057	0.166
33.0/70.0	0.120/0.500	7770.57 secs	(37.83 secs)	0.068	0.153
33.0/70.0	0.140/0.500	7808.74 secs	(38.17 secs)	0.166	0.164
33.0/70.0	0.160/0.500	7853.68 secs	(44.94 secs)	0.230	0.168
33.0/70.0	0.180/0.500	7908.43 secs	(54.75 secs)	0.363	0.169
33.0/70.0	0.200/0.500	7974.95 secs	(1.109 mins)	0.469	0.170
33.0/70.0	0.220/0.500	8031.29 secs	(56.34 secs)	0.525	0.172
33.0/70.0	0.240/0.500	8084.15 secs	(52.85 secs)	0.695	0.187
33.0/70.0	0.260/0.500	8143.84 secs	(59.69 secs)	0.711	0.176
33.0/70.0	0.280/0.500	8204.33 secs	(1.008 mins)	0.825	0.196
33.0/70.0	0.300/0.500	8271.52 secs	(1.12 mins)	0.824	0.189
33.0/70.0	0.320/0.500	8334.12 secs	(1.043 mins)	0.863	0.188
33.0/70.0	0.340/0.500	8395.27 secs	(1.019 mins)	0.846	0.182
33.0/70.0	0.360/0.500	8455.06 secs	(59.79 secs)	0.936	0.194
33.0/70.0	0.380/0.500	8515.52 secs	(1.008 mins)	0.941	0.195
33.0/70.0	0.400/0.500	8572.84 secs	(57.33 secs)	0.948	0.191
33.0/70.0	0.420/0.500	8629.66 secs	(56.81 secs)	0.931	0.185
33.0/70.0	0.440/0.500	8685.68 secs	(56.03 secs)	0.919	0.186
33.0/70.0	0.460/0.500	8741.21 secs	(55.53 secs)	0.980	0.191
33.0/70.0	0.480/0.500	8796.33 secs	(55.11 secs)	0.945	0.185
33.0/70.0	0.500/0.500	8850.93 secs	(54.60 secs)	0.967	0.187


33.5/70.0	0.000/0.500	8871.11 secs	(20.18 secs)	0.002	0.145
33.5/70.0	0.020/0.500	8891.61 secs	(20.49 secs)	0.004	0.117
33.5/70.0	0.040/0.500	8914.30 secs	(22.70 secs)	0.006	0.165
33.5/70.0	0.060/0.500	8935.71 secs	(21.40 secs)	0.008	0.150
33.5/70.0	0.080/0.500	8957.04 secs	(21.33 secs)	0.019	0.148
33.5/70.0	0.100/0.500	8998.04 secs	(41.00 secs)	0.049	0.173
33.5/70.0	0.120/0.500	9032.46 secs	(34.41 secs)	0.078	0.163
33.5/70.0	0.140/0.500	9068.01 secs	(35.55 secs)	0.130	0.138
33.5/70.0	0.160/0.500	9115.42 secs	(47.41 secs)	0.247	0.165
33.5/70.0	0.180/0.500	9165.98 secs	(50.56 secs)	0.345	0.156
33.5/70.0	0.200/0.500	9231.79 secs	(1.097 mins)	0.500	0.182
33.5/70.0	0.220/0.500	9293.45 secs	(1.028 mins)	0.537	0.177
33.5/70.0	0.240/0.500	9340.66 secs	(47.21 secs)	0.589	0.173
33.5/70.0	0.260/0.500	9405.84 secs	(1.086 mins)	0.751	0.194
33.5/70.0	0.280/0.500	9466.64 secs	(1.013 mins)	0.777	0.186
33.5/70.0	0.300/0.500	9531.02 secs	(1.073 mins)	0.817	0.182
33.5/70.0	0.320/0.500	9593.05 secs	(1.034 mins)	0.870	0.190
33.5/70.0	0.340/0.500	9653.47 secs	(1.007 mins)	0.845	0.180
33.5/70.0	0.360/0.500	9714.25 secs	(1.013 mins)	0.923	0.194
33.5/70.0	0.380/0.500	9773.91 secs	(59.66 secs)	0.954	0.200
33.5/70.0	0.400/0.500	9832.29 secs	(58.38 secs)	0.950	0.199
33.5/70.0	0.420/0.500	9890.16 secs	(57.87 secs)	0.974	0.197
33.5/70.0	0.440/0.500	9946.44 secs	(56.28 secs)	0.960	0.191
33.5/70.0	0.460/0.500	10001.57 secs	(55.13 secs)	0.903	0.184
33.5/70.0	0.480/0.500	10056.95 secs	(55.39 secs)	0.954	0.193
33.5/70.0	0.500/0.500	10110.92 secs	(53.97 secs)	0.986	0.190


34.0/70.0	0.000/0.500	10131.59 secs	(20.67 secs)	0.002	0.144
34.0/70.0	0.020/0.500	10151.83 secs	(20.24 secs)	0.002	0.098
34.0/70.0	0.040/0.500	10173.71 secs	(21.88 secs)	0.008	0.137
34.0/70.0	0.060/0.500	10197.57 secs	(23.86 secs)	0.009	0.188
34.0/70.0	0.080/0.500	10226.12 secs	(28.55 secs)	0.023	0.167
34.0/70.0	0.100/0.500	10262.10 secs	(35.98 secs)	0.040	0.126
34.0/70.0	0.120/0.500	10299.03 secs	(36.94 secs)	0.094	0.146
34.0/70.0	0.140/0.500	10334.49 secs	(35.46 secs)	0.115	0.123
34.0/70.0	0.160/0.500	10376.27 secs	(41.78 secs)	0.263	0.171
34.0/70.0	0.180/0.500	10427.24 secs	(50.98 secs)	0.366	0.178
34.0/70.0	0.200/0.500	10480.53 secs	(53.29 secs)	0.442	0.189
34.0/70.0	0.220/0.500	10536.44 secs	(55.90 secs)	0.493	0.156
34.0/70.0	0.240/0.500	10598.59 secs	(1.036 mins)	0.737	0.206
34.0/70.0	0.260/0.500	10664.41 secs	(1.097 mins)	0.663	0.180
34.0/70.0	0.280/0.500	10724.27 secs	(59.85 secs)	0.791	0.186
34.0/70.0	0.300/0.500	10786.96 secs	(1.045 mins)	0.872	0.203
34.0/70.0	0.320/0.500	10850.39 secs	(1.057 mins)	0.874	0.192
34.0/70.0	0.340/0.500	10912.73 secs	(1.039 mins)	0.847	0.183
34.0/70.0	0.360/0.500	10972.97 secs	(1.004 mins)	0.897	0.191
34.0/70.0	0.380/0.500	11032.97 secs	(60.00 secs)	0.931	0.198
34.0/70.0	0.400/0.500	11090.76 secs	(57.80 secs)	0.951	0.198
34.0/70.0	0.420/0.500	11146.64 secs	(55.87 secs)	0.953	0.191
34.0/70.0	0.440/0.500	11201.93 secs	(55.29 secs)	0.951	0.195
34.0/70.0	0.460/0.500	11257.73 secs	(55.80 secs)	0.943	0.194
34.0/70.0	0.480/0.500	11312.83 secs	(55.11 secs)	0.966	0.196
34.0/70.0	0.500/0.500	11367.52 secs	(54.69 secs)	0.967	0.190


34.5/70.0	0.000/0.500	11388.28 secs	(20.76 secs)	0.002	0.172
34.5/70.0	0.020/0.500	11408.40 secs	(20.12 secs)	0.003	0.118
34.5/70.0	0.040/0.500	11429.54 secs	(21.14 secs)	0.007	0.188
34.5/70.0	0.060/0.500	11451.28 secs	(21.74 secs)	0.010	0.139
34.5/70.0	0.080/0.500	11477.96 secs	(26.68 secs)	0.024	0.144
34.5/70.0	0.100/0.500	11503.47 secs	(25.51 secs)	0.038	0.155
34.5/70.0	0.120/0.500	11536.90 secs	(33.43 secs)	0.080	0.165
34.5/70.0	0.140/0.500	11576.30 secs	(39.40 secs)	0.179	0.176
34.5/70.0	0.160/0.500	11619.03 secs	(42.73 secs)	0.189	0.140
34.5/70.0	0.180/0.500	11672.14 secs	(53.11 secs)	0.380	0.182
34.5/70.0	0.200/0.500	11731.08 secs	(58.94 secs)	0.493	0.187
34.5/70.0	0.220/0.500	11792.27 secs	(1.02 mins)	0.634	0.183
34.5/70.0	0.240/0.500	11856.48 secs	(1.07 mins)	0.701	0.192
34.5/70.0	0.260/0.500	11921.09 secs	(1.077 mins)	0.770	0.199
34.5/70.0	0.280/0.500	11983.14 secs	(1.034 mins)	0.721	0.179
34.5/70.0	0.300/0.500	12046.12 secs	(1.05 mins)	0.841	0.192
34.5/70.0	0.320/0.500	12106.36 secs	(1.004 mins)	0.776	0.174
34.5/70.0	0.340/0.500	12164.92 secs	(58.56 secs)	0.831	0.181
34.5/70.0	0.360/0.500	12225.76 secs	(1.014 mins)	0.913	0.200
34.5/70.0	0.380/0.500	12283.56 secs	(57.80 secs)	0.905	0.191
34.5/70.0	0.400/0.500	12342.16 secs	(58.60 secs)	0.968	0.205
34.5/70.0	0.420/0.500	12399.92 secs	(57.76 secs)	0.956	0.199
34.5/70.0	0.440/0.500	12455.39 secs	(55.47 secs)	0.939	0.193
34.5/70.0	0.460/0.500	12510.20 secs	(54.80 secs)	0.962	0.201
34.5/70.0	0.480/0.500	12564.42 secs	(54.22 secs)	0.985	0.202
34.5/70.0	0.500/0.500	12617.26 secs	(52.84 secs)	0.964	0.192


35.0/70.0	0.000/0.500	12637.22 secs	(19.97 secs)	0.002	0.140
35.0/70.0	0.020/0.500	12657.62 secs	(20.40 secs)	0.003	0.160
35.0/70.0	0.040/0.500	12678.51 secs	(20.89 secs)	0.005	0.172
35.0/70.0	0.060/0.500	12700.60 secs	(22.09 secs)	0.014	0.142
35.0/70.0	0.080/0.500	12723.16 secs	(22.56 secs)	0.016	0.146
35.0/70.0	0.100/0.500	12756.11 secs	(32.95 secs)	0.052	0.159
35.0/70.0	0.120/0.500	12795.58 secs	(39.47 secs)	0.090	0.149
35.0/70.0	0.140/0.500	12837.11 secs	(41.54 secs)	0.164	0.167
35.0/70.0	0.160/0.500	12881.74 secs	(44.62 secs)	0.258	0.163
35.0/70.0	0.180/0.500	12941.22 secs	(59.48 secs)	0.304	0.175
35.0/70.0	0.200/0.500	12999.65 secs	(58.43 secs)	0.483	0.179
35.0/70.0	0.220/0.500	13058.91 secs	(59.27 secs)	0.588	0.191
35.0/70.0	0.240/0.500	13123.93 secs	(1.084 mins)	0.724	0.197
35.0/70.0	0.260/0.500	13187.29 secs	(1.056 mins)	0.728	0.186
35.0/70.0	0.280/0.500	13249.24 secs	(1.033 mins)	0.775	0.193
35.0/70.0	0.300/0.500	13311.05 secs	(1.03 mins)	0.791	0.179
35.0/70.0	0.320/0.500	13371.15 secs	(1.002 mins)	0.871	0.196
35.0/70.0	0.340/0.500	13432.63 secs	(1.025 mins)	0.907	0.201
35.0/70.0	0.360/0.500	13493.02 secs	(1.006 mins)	0.921	0.198
35.0/70.0	0.380/0.500	13552.44 secs	(59.42 secs)	0.946	0.205
35.0/70.0	0.400/0.500	13611.40 secs	(58.96 secs)	0.952	0.201
35.0/70.0	0.420/0.500	13667.47 secs	(56.07 secs)	0.936	0.196
35.0/70.0	0.440/0.500	13724.61 secs	(57.14 secs)	0.979	0.199
35.0/70.0	0.460/0.500	13779.71 secs	(55.10 secs)	0.982	0.202
35.0/70.0	0.480/0.500	13834.88 secs	(55.17 secs)	0.965	0.200
35.0/70.0	0.500/0.500	13888.48 secs	(53.59 secs)	0.967	0.193


35.5/70.0	0.000/0.500	13907.82 secs	(19.34 secs)	0.002	0.165
35.5/70.0	0.020/0.500	13928.04 secs	(20.22 secs)	0.004	0.169
35.5/70.0	0.040/0.500	13948.14 secs	(20.10 secs)	0.004	0.156
35.5/70.0	0.060/0.500	13972.48 secs	(24.35 secs)	0.011	0.119
35.5/70.0	0.080/0.500	13998.97 secs	(26.49 secs)	0.021	0.140
35.5/70.0	0.100/0.500	14033.04 secs	(34.07 secs)	0.052	0.140
35.5/70.0	0.120/0.500	14072.40 secs	(39.36 secs)	0.079	0.148
35.5/70.0	0.140/0.500	14112.87 secs	(40.47 secs)	0.143	0.164
35.5/70.0	0.160/0.500	14158.15 secs	(45.28 secs)	0.269	0.182
35.5/70.0	0.180/0.500	14215.30 secs	(57.14 secs)	0.450	0.196
35.5/70.0	0.200/0.500	14278.68 secs	(1.056 mins)	0.463	0.183
35.5/70.0	0.220/0.500	14339.92 secs	(1.021 mins)	0.596	0.185
35.5/70.0	0.240/0.500	14404.07 secs	(1.069 mins)	0.710	0.194
35.5/70.0	0.260/0.500	14468.45 secs	(1.073 mins)	0.732	0.194
35.5/70.0	0.280/0.500	14530.19 secs	(1.029 mins)	0.823	0.199
35.5/70.0	0.300/0.500	14595.77 secs	(1.093 mins)	0.838	0.195
35.5/70.0	0.320/0.500	14656.85 secs	(1.018 mins)	0.828	0.190
35.5/70.0	0.340/0.500	14718.80 secs	(1.032 mins)	0.949	0.214
35.5/70.0	0.360/0.500	14778.65 secs	(59.85 secs)	0.896	0.200
35.5/70.0	0.380/0.500	14837.02 secs	(58.37 secs)	0.889	0.197
35.5/70.0	0.400/0.500	14894.58 secs	(57.56 secs)	0.915	0.198
35.5/70.0	0.420/0.500	14950.58 secs	(55.99 secs)	0.917	0.196
35.5/70.0	0.440/0.500	15006.86 secs	(56.28 secs)	0.939	0.198
35.5/70.0	0.460/0.500	15062.24 secs	(55.39 secs)	0.904	0.189
35.5/70.0	0.480/0.500	15115.93 secs	(53.68 secs)	0.946	0.195
35.5/70.0	0.500/0.500	15169.16 secs	(53.23 secs)	0.988	0.206


36.0/70.0	0.000/0.500	15188.88 secs	(19.72 secs)	0.002	0.192
36.0/70.0	0.020/0.500	15209.45 secs	(20.57 secs)	0.003	0.139
36.0/70.0	0.040/0.500	15232.60 secs	(23.15 secs)	0.006	0.143
36.0/70.0	0.060/0.500	15255.62 secs	(23.03 secs)	0.012	0.145
36.0/70.0	0.080/0.500	15288.27 secs	(32.65 secs)	0.023	0.131
36.0/70.0	0.100/0.500	15315.00 secs	(26.73 secs)	0.040	0.170
36.0/70.0	0.120/0.500	15354.71 secs	(39.70 secs)	0.099	0.172
36.0/70.0	0.140/0.500	15407.69 secs	(52.99 secs)	0.192	0.183
36.0/70.0	0.160/0.500	15460.58 secs	(52.88 secs)	0.257	0.185
36.0/70.0	0.180/0.500	15521.05 secs	(1.008 mins)	0.407	0.176
36.0/70.0	0.200/0.500	15584.08 secs	(1.05 mins)	0.519	0.181
36.0/70.0	0.220/0.500	15649.26 secs	(1.086 mins)	0.592	0.207
36.0/70.0	0.240/0.500	15711.43 secs	(1.036 mins)	0.684	0.206
36.0/70.0	0.260/0.500	15778.72 secs	(1.122 mins)	0.805	0.207
36.0/70.0	0.280/0.500	15844.14 secs	(1.09 mins)	0.861	0.212
36.0/70.0	0.300/0.500	15907.22 secs	(1.051 mins)	0.789	0.190
36.0/70.0	0.320/0.500	15970.59 secs	(1.056 mins)	0.914	0.207
36.0/70.0	0.340/0.500	16031.07 secs	(1.008 mins)	0.880	0.203
36.0/70.0	0.360/0.500	16090.98 secs	(59.91 secs)	0.937	0.211
36.0/70.0	0.380/0.500	16148.66 secs	(57.68 secs)	0.908	0.199
36.0/70.0	0.400/0.500	16208.47 secs	(59.81 secs)	0.961	0.207
36.0/70.0	0.420/0.500	16266.79 secs	(58.33 secs)	0.975	0.209
36.0/70.0	0.440/0.500	16321.81 secs	(55.01 secs)	0.921	0.202
36.0/70.0	0.460/0.500	16377.06 secs	(55.26 secs)	0.981	0.208
36.0/70.0	0.480/0.500	16431.98 secs	(54.92 secs)	0.965	0.204
36.0/70.0	0.500/0.500	16485.37 secs	(53.38 secs)	0.967	0.200


36.5/70.0	0.000/0.500	16505.16 secs	(19.80 secs)	0.003	0.172
36.5/70.0	0.020/0.500	16525.78 secs	(20.62 secs)	0.003	0.146
36.5/70.0	0.040/0.500	16546.83 secs	(21.04 secs)	0.007	0.177
36.5/70.0	0.060/0.500	16568.03 secs	(21.20 secs)	0.008	0.161
36.5/70.0	0.080/0.500	16593.03 secs	(25.00 secs)	0.030	0.162
36.5/70.0	0.100/0.500	16625.33 secs	(32.30 secs)	0.044	0.151
36.5/70.0	0.120/0.500	16662.47 secs	(37.14 secs)	0.110	0.181
36.5/70.0	0.140/0.500	16699.17 secs	(36.70 secs)	0.162	0.162
36.5/70.0	0.160/0.500	16754.48 secs	(55.32 secs)	0.300	0.177
36.5/70.0	0.180/0.500	16811.96 secs	(57.48 secs)	0.422	0.192
36.5/70.0	0.200/0.500	16880.25 secs	(1.138 mins)	0.580	0.202
36.5/70.0	0.220/0.500	16945.38 secs	(1.086 mins)	0.610	0.205
36.5/70.0	0.240/0.500	17009.05 secs	(1.061 mins)	0.707	0.199
36.5/70.0	0.260/0.500	17072.85 secs	(1.063 mins)	0.788	0.212
36.5/70.0	0.280/0.500	17138.97 secs	(1.102 mins)	0.814	0.198
36.5/70.0	0.300/0.500	17202.84 secs	(1.065 mins)	0.771	0.190
36.5/70.0	0.320/0.500	17268.45 secs	(1.093 mins)	0.906	0.213
36.5/70.0	0.340/0.500	17329.44 secs	(1.017 mins)	0.933	0.215
36.5/70.0	0.360/0.500	17390.76 secs	(1.022 mins)	0.959	0.214
36.5/70.0	0.380/0.500	17450.54 secs	(59.78 secs)	0.919	0.206
36.5/70.0	0.400/0.500	17508.13 secs	(57.59 secs)	0.911	0.201
36.5/70.0	0.420/0.500	17566.10 secs	(57.97 secs)	0.939	0.204
36.5/70.0	0.440/0.500	17620.29 secs	(54.19 secs)	0.922	0.198
36.5/70.0	0.460/0.500	17674.17 secs	(53.88 secs)	0.942	0.200
36.5/70.0	0.480/0.500	17729.49 secs	(55.32 secs)	0.984	0.209
36.5/70.0	0.500/0.500	17782.79 secs	(53.30 secs)	0.989	0.207


37.0/70.0	0.000/0.500	17803.42 secs	(20.64 secs)	0.003	0.251
37.0/70.0	0.020/0.500	17824.39 secs	(20.97 secs)	0.003	0.176
37.0/70.0	0.040/0.500	17845.44 secs	(21.04 secs)	0.005	0.145
37.0/70.0	0.060/0.500	17867.50 secs	(22.06 secs)	0.013	0.128
37.0/70.0	0.080/0.500	17891.11 secs	(23.61 secs)	0.015	0.128
37.0/70.0	0.100/0.500	17933.90 secs	(42.79 secs)	0.062	0.149
37.0/70.0	0.120/0.500	17977.17 secs	(43.27 secs)	0.124	0.167
37.0/70.0	0.140/0.500	18018.77 secs	(41.60 secs)	0.166	0.180
37.0/70.0	0.160/0.500	18073.48 secs	(54.71 secs)	0.345	0.186
37.0/70.0	0.180/0.500	18124.61 secs	(51.13 secs)	0.412	0.190
37.0/70.0	0.200/0.500	18173.31 secs	(48.69 secs)	0.469	0.191
37.0/70.0	0.220/0.500	18236.61 secs	(1.055 mins)	0.614	0.193
37.0/70.0	0.240/0.500	18294.49 secs	(57.89 secs)	0.652	0.199
37.0/70.0	0.260/0.500	18353.32 secs	(58.83 secs)	0.759	0.201
37.0/70.0	0.280/0.500	18418.19 secs	(1.081 mins)	0.815	0.198
37.0/70.0	0.300/0.500	18480.74 secs	(1.043 mins)	0.869	0.215
37.0/70.0	0.320/0.500	18543.60 secs	(1.048 mins)	0.922	0.214
37.0/70.0	0.340/0.500	18605.85 secs	(1.037 mins)	0.870	0.204
37.0/70.0	0.360/0.500	18666.16 secs	(1.005 mins)	0.920	0.212
37.0/70.0	0.380/0.500	18724.27 secs	(58.11 secs)	0.916	0.206
37.0/70.0	0.400/0.500	18782.21 secs	(57.94 secs)	0.913	0.208
37.0/70.0	0.420/0.500	18838.84 secs	(56.63 secs)	0.955	0.212
37.0/70.0	0.440/0.500	18895.75 secs	(56.91 secs)	0.958	0.211
37.0/70.0	0.460/0.500	18951.31 secs	(55.57 secs)	0.983	0.211
37.0/70.0	0.480/0.500	19006.40 secs	(55.08 secs)	0.967	0.212
37.0/70.0	0.500/0.500	19060.17 secs	(53.77 secs)	0.967	0.207


37.5/70.0	0.000/0.500	19080.43 secs	(20.26 secs)	0.003	0.196
37.5/70.0	0.020/0.500	19100.87 secs	(20.44 secs)	0.004	0.175
37.5/70.0	0.040/0.500	19121.67 secs	(20.81 secs)	0.005	0.115
37.5/70.0	0.060/0.500	19142.61 secs	(20.94 secs)	0.009	0.157
37.5/70.0	0.080/0.500	19169.71 secs	(27.10 secs)	0.023	0.168
37.5/70.0	0.100/0.500	19205.85 secs	(36.14 secs)	0.052	0.161
37.5/70.0	0.120/0.500	19244.98 secs	(39.13 secs)	0.130	0.152
37.5/70.0	0.140/0.500	19285.08 secs	(40.10 secs)	0.176	0.169
37.5/70.0	0.160/0.500	19340.30 secs	(55.23 secs)	0.290	0.180
37.5/70.0	0.180/0.500	19391.31 secs	(51.00 secs)	0.355	0.170
37.5/70.0	0.200/0.500	19456.20 secs	(1.081 mins)	0.520	0.199
37.5/70.0	0.220/0.500	19517.10 secs	(1.015 mins)	0.596	0.198
37.5/70.0	0.240/0.500	19578.16 secs	(1.018 mins)	0.653	0.193
37.5/70.0	0.260/0.500	19643.28 secs	(1.085 mins)	0.726	0.203
37.5/70.0	0.280/0.500	19708.20 secs	(1.082 mins)	0.836	0.215
37.5/70.0	0.300/0.500	19769.18 secs	(1.016 mins)	0.840	0.205
37.5/70.0	0.320/0.500	19830.32 secs	(1.019 mins)	0.868	0.214
37.5/70.0	0.340/0.500	19878.70 secs	(48.38 secs)	0.878	0.205
37.5/70.0	0.360/0.500	19938.41 secs	(59.71 secs)	0.939	0.218
37.5/70.0	0.380/0.500	19998.30 secs	(59.89 secs)	0.963	0.218
37.5/70.0	0.400/0.500	20056.24 secs	(57.94 secs)	0.955	0.214
37.5/70.0	0.420/0.500	20112.33 secs	(56.09 secs)	0.938	0.208
37.5/70.0	0.440/0.500	20167.59 secs	(55.26 secs)	0.982	0.216
37.5/70.0	0.460/0.500	20222.81 secs	(55.22 secs)	0.983	0.215
37.5/70.0	0.480/0.500	20277.40 secs	(54.59 secs)	0.967	0.211
37.5/70.0	0.500/0.500	20330.96 secs	(53.56 secs)	0.969	0.211


38.0/70.0	0.000/0.500	20350.50 secs	(19.53 secs)	0.002	0.176
38.0/70.0	0.020/0.500	20370.86 secs	(20.37 secs)	0.004	0.172
38.0/70.0	0.040/0.500	20392.03 secs	(21.17 secs)	0.006	0.169
38.0/70.0	0.060/0.500	20415.21 secs	(23.18 secs)	0.010	0.143
38.0/70.0	0.080/0.500	20442.99 secs	(27.78 secs)	0.028	0.182
38.0/70.0	0.100/0.500	20482.26 secs	(39.27 secs)	0.070	0.185
38.0/70.0	0.120/0.500	20521.33 secs	(39.07 secs)	0.113	0.174
38.0/70.0	0.140/0.500	20561.07 secs	(39.74 secs)	0.188	0.179
38.0/70.0	0.160/0.500	20609.70 secs	(48.63 secs)	0.281	0.184
38.0/70.0	0.180/0.500	20658.40 secs	(48.70 secs)	0.378	0.171
38.0/70.0	0.200/0.500	20720.59 secs	(1.037 mins)	0.517	0.188
38.0/70.0	0.220/0.500	20780.36 secs	(59.77 secs)	0.568	0.196
38.0/70.0	0.240/0.500	20842.36 secs	(1.033 mins)	0.704	0.210
38.0/70.0	0.260/0.500	20898.43 secs	(56.06 secs)	0.755	0.209
38.0/70.0	0.280/0.500	20962.20 secs	(1.063 mins)	0.801	0.205
38.0/70.0	0.300/0.500	21025.45 secs	(1.054 mins)	0.856	0.213
38.0/70.0	0.320/0.500	21086.20 secs	(1.012 mins)	0.880	0.212
38.0/70.0	0.340/0.500	21145.05 secs	(58.85 secs)	0.817	0.198
38.0/70.0	0.360/0.500	21204.76 secs	(59.71 secs)	0.880	0.209
38.0/70.0	0.380/0.500	21263.03 secs	(58.27 secs)	0.928	0.212
38.0/70.0	0.400/0.500	21320.92 secs	(57.89 secs)	0.973	0.220
38.0/70.0	0.420/0.500	21377.45 secs	(56.52 secs)	0.938	0.209
38.0/70.0	0.440/0.500	21431.59 secs	(54.14 secs)	0.962	0.216
38.0/70.0	0.460/0.500	21485.34 secs	(53.75 secs)	0.943	0.209
38.0/70.0	0.480/0.500	21538.27 secs	(52.93 secs)	0.947	0.209
38.0/70.0	0.500/0.500	21592.21 secs	(53.94 secs)	0.967	0.209


38.5/70.0	0.000/0.500	21612.89 secs	(20.68 secs)	0.002	0.207
38.5/70.0	0.020/0.500	21633.75 secs	(20.86 secs)	0.003	0.178
38.5/70.0	0.040/0.500	21654.08 secs	(20.33 secs)	0.007	0.186
38.5/70.0	0.060/0.500	21677.99 secs	(23.91 secs)	0.013	0.160
38.5/70.0	0.080/0.500	21706.40 secs	(28.42 secs)	0.037	0.157
38.5/70.0	0.100/0.500	21735.43 secs	(29.03 secs)	0.050	0.165
38.5/70.0	0.120/0.500	21779.34 secs	(43.91 secs)	0.113	0.174
38.5/70.0	0.140/0.500	21828.29 secs	(48.95 secs)	0.187	0.209
38.5/70.0	0.160/0.500	21882.67 secs	(54.38 secs)	0.315	0.193
38.5/70.0	0.180/0.500	21943.43 secs	(1.013 mins)	0.468	0.226
38.5/70.0	0.200/0.500	21991.56 secs	(48.12 secs)	0.474	0.178
38.5/70.0	0.220/0.500	22048.78 secs	(57.23 secs)	0.594	0.193
38.5/70.0	0.240/0.500	22099.30 secs	(50.52 secs)	0.561	0.181
38.5/70.0	0.260/0.500	22165.76 secs	(1.108 mins)	0.819	0.225
38.5/70.0	0.280/0.500	22230.12 secs	(1.073 mins)	0.798	0.203
38.5/70.0	0.300/0.500	22292.97 secs	(1.048 mins)	0.791	0.192
38.5/70.0	0.320/0.500	22354.40 secs	(1.024 mins)	0.847	0.205
38.5/70.0	0.340/0.500	22414.10 secs	(59.70 secs)	0.896	0.219
38.5/70.0	0.360/0.500	22473.34 secs	(59.24 secs)	0.906	0.211
38.5/70.0	0.380/0.500	22532.55 secs	(59.21 secs)	0.962	0.226
38.5/70.0	0.400/0.500	22591.23 secs	(58.69 secs)	0.935	0.213
38.5/70.0	0.420/0.500	22647.51 secs	(56.27 secs)	0.919	0.211
38.5/70.0	0.440/0.500	22703.94 secs	(56.43 secs)	0.982	0.226
38.5/70.0	0.460/0.500	22759.15 secs	(55.21 secs)	0.983	0.222
38.5/70.0	0.480/0.500	22813.91 secs	(54.76 secs)	0.947	0.211
38.5/70.0	0.500/0.500	22868.08 secs	(54.18 secs)	0.969	0.213


39.0/70.0	0.000/0.500	22888.26 secs	(20.18 secs)	0.002	0.165
39.0/70.0	0.020/0.500	22908.55 secs	(20.28 secs)	0.003	0.154
39.0/70.0	0.040/0.500	22928.74 secs	(20.19 secs)	0.005	0.166
39.0/70.0	0.060/0.500	22950.74 secs	(22.00 secs)	0.011	0.138
39.0/70.0	0.080/0.500	22984.72 secs	(33.98 secs)	0.024	0.159
39.0/70.0	0.100/0.500	23020.92 secs	(36.21 secs)	0.052	0.153
39.0/70.0	0.120/0.500	23058.37 secs	(37.45 secs)	0.108	0.180
39.0/70.0	0.140/0.500	23112.00 secs	(53.63 secs)	0.232	0.199
39.0/70.0	0.160/0.500	23165.25 secs	(53.25 secs)	0.277	0.172
39.0/70.0	0.180/0.500	23222.92 secs	(57.66 secs)	0.449	0.202
39.0/70.0	0.200/0.500	23281.88 secs	(58.96 secs)	0.466	0.198
39.0/70.0	0.220/0.500	23335.57 secs	(53.69 secs)	0.673	0.213
39.0/70.0	0.240/0.500	23398.36 secs	(1.047 mins)	0.659	0.196
39.0/70.0	0.260/0.500	23461.75 secs	(1.057 mins)	0.752	0.208
39.0/70.0	0.280/0.500	23525.76 secs	(1.067 mins)	0.847	0.230
39.0/70.0	0.300/0.500	23588.20 secs	(1.041 mins)	0.894	0.224
39.0/70.0	0.320/0.500	23651.58 secs	(1.056 mins)	0.899	0.218
39.0/70.0	0.340/0.500	23712.59 secs	(1.017 mins)	0.929	0.228
39.0/70.0	0.360/0.500	23769.49 secs	(56.90 secs)	0.857	0.205
39.0/70.0	0.380/0.500	23825.90 secs	(56.41 secs)	0.890	0.207
39.0/70.0	0.400/0.500	23883.17 secs	(57.27 secs)	0.954	0.222
39.0/70.0	0.420/0.500	23938.38 secs	(55.21 secs)	0.940	0.220
39.0/70.0	0.440/0.500	23994.37 secs	(55.99 secs)	0.943	0.218
39.0/70.0	0.460/0.500	24049.31 secs	(54.94 secs)	0.965	0.219
39.0/70.0	0.480/0.500	24103.06 secs	(53.75 secs)	0.927	0.209
39.0/70.0	0.500/0.500	24155.85 secs	(52.79 secs)	0.968	0.214


39.5/70.0	0.000/0.500	24176.59 secs	(20.74 secs)	0.002	0.152
39.5/70.0	0.020/0.500	24197.82 secs	(21.23 secs)	0.003	0.131
39.5/70.0	0.040/0.500	24219.46 secs	(21.63 secs)	0.007	0.234
39.5/70.0	0.060/0.500	24242.02 secs	(22.56 secs)	0.010	0.159
39.5/70.0	0.080/0.500	24269.07 secs	(27.05 secs)	0.038	0.165
39.5/70.0	0.100/0.500	24305.44 secs	(36.37 secs)	0.063	0.197
39.5/70.0	0.120/0.500	24339.95 secs	(34.51 secs)	0.106	0.170
39.5/70.0	0.140/0.500	24392.28 secs	(52.33 secs)	0.257	0.194
39.5/70.0	0.160/0.500	24451.95 secs	(59.67 secs)	0.342	0.203
39.5/70.0	0.180/0.500	24512.93 secs	(1.016 mins)	0.478	0.224
39.5/70.0	0.200/0.500	24578.44 secs	(1.092 mins)	0.470	0.183
39.5/70.0	0.220/0.500	24643.57 secs	(1.085 mins)	0.650	0.210
39.5/70.0	0.240/0.500	24708.15 secs	(1.076 mins)	0.729	0.213
39.5/70.0	0.260/0.500	24772.42 secs	(1.071 mins)	0.769	0.220
39.5/70.0	0.280/0.500	24836.85 secs	(1.074 mins)	0.851	0.223
39.5/70.0	0.300/0.500	24899.18 secs	(1.039 mins)	0.812	0.214
39.5/70.0	0.320/0.500	24960.52 secs	(1.022 mins)	0.843	0.207
39.5/70.0	0.340/0.500	25019.41 secs	(58.88 secs)	0.868	0.216
39.5/70.0	0.360/0.500	25078.48 secs	(59.07 secs)	0.921	0.215
39.5/70.0	0.380/0.500	25136.82 secs	(58.35 secs)	0.913	0.222
39.5/70.0	0.400/0.500	25192.93 secs	(56.10 secs)	0.935	0.219
39.5/70.0	0.420/0.500	25249.54 secs	(56.62 secs)	0.969	0.228
39.5/70.0	0.440/0.500	25305.63 secs	(56.08 secs)	0.962	0.219
39.5/70.0	0.460/0.500	25361.22 secs	(55.59 secs)	0.985	0.226
39.5/70.0	0.480/0.500	25414.97 secs	(53.76 secs)	0.987	0.221
39.5/70.0	0.500/0.500	25469.41 secs	(54.43 secs)	0.989	0.219


40.0/70.0	0.000/0.500	25489.25 secs	(19.85 secs)	0.002	0.177
40.0/70.0	0.020/0.500	25510.47 secs	(21.22 secs)	0.004	0.165
40.0/70.0	0.040/0.500	25530.99 secs	(20.52 secs)	0.006	0.183
40.0/70.0	0.060/0.500	25553.05 secs	(22.06 secs)	0.016	0.191
40.0/70.0	0.080/0.500	25577.87 secs	(24.81 secs)	0.024	0.158
40.0/70.0	0.100/0.500	25608.51 secs	(30.65 secs)	0.065	0.207
40.0/70.0	0.120/0.500	25648.73 secs	(40.21 secs)	0.132	0.175
40.0/70.0	0.140/0.500	25690.74 secs	(42.01 secs)	0.202	0.191
40.0/70.0	0.160/0.500	25748.04 secs	(57.31 secs)	0.287	0.194
40.0/70.0	0.180/0.500	25809.03 secs	(1.017 mins)	0.509	0.219
40.0/70.0	0.200/0.500	25872.67 secs	(1.061 mins)	0.576	0.220
40.0/70.0	0.220/0.500	25938.66 secs	(1.10 mins)	0.596	0.198
40.0/70.0	0.240/0.500	25995.80 secs	(57.15 secs)	0.729	0.218
40.0/70.0	0.260/0.500	26057.20 secs	(1.023 mins)	0.756	0.212
40.0/70.0	0.280/0.500	26121.52 secs	(1.072 mins)	0.817	0.222
40.0/70.0	0.300/0.500	26183.89 secs	(1.04 mins)	0.858	0.219
40.0/70.0	0.320/0.500	26243.85 secs	(59.97 secs)	0.888	0.219
40.0/70.0	0.340/0.500	26304.88 secs	(1.017 mins)	0.881	0.214
40.0/70.0	0.360/0.500	26361.78 secs	(56.91 secs)	0.922	0.222
40.0/70.0	0.380/0.500	26420.13 secs	(58.34 secs)	0.954	0.228
40.0/70.0	0.400/0.500	26478.84 secs	(58.71 secs)	0.955	0.227
40.0/70.0	0.420/0.500	26535.46 secs	(56.62 secs)	0.957	0.223
40.0/70.0	0.440/0.500	26591.57 secs	(56.11 secs)	0.943	0.221
40.0/70.0	0.460/0.500	26645.10 secs	(53.53 secs)	0.925	0.219
40.0/70.0	0.480/0.500	26696.35 secs	(51.24 secs)	0.928	0.217
40.0/70.0	0.500/0.500	26749.20 secs	(52.85 secs)	0.950	0.220


40.5/70.0	0.000/0.500	26769.15 secs	(19.95 secs)	0.002	0.193
40.5/70.0	0.020/0.500	26789.36 secs	(20.21 secs)	0.004	0.168
40.5/70.0	0.040/0.500	26810.26 secs	(20.90 secs)	0.006	0.164
40.5/70.0	0.060/0.500	26832.13 secs	(21.87 secs)	0.018	0.228
40.5/70.0	0.080/0.500	26859.80 secs	(27.67 secs)	0.037	0.207
40.5/70.0	0.100/0.500	26900.26 secs	(40.47 secs)	0.054	0.190
40.5/70.0	0.120/0.500	26939.90 secs	(39.63 secs)	0.124	0.197
40.5/70.0	0.140/0.500	26987.12 secs	(47.22 secs)	0.221	0.188
40.5/70.0	0.160/0.500	27036.05 secs	(48.92 secs)	0.324	0.200
40.5/70.0	0.180/0.500	27097.86 secs	(1.03 mins)	0.441	0.209
40.5/70.0	0.200/0.500	27162.35 secs	(1.075 mins)	0.546	0.218
40.5/70.0	0.220/0.500	27224.46 secs	(1.035 mins)	0.630	0.215
40.5/70.0	0.240/0.500	27289.37 secs	(1.082 mins)	0.732	0.219
40.5/70.0	0.260/0.500	27352.29 secs	(1.049 mins)	0.791	0.216
40.5/70.0	0.280/0.500	27415.04 secs	(1.046 mins)	0.792	0.213
40.5/70.0	0.300/0.500	27477.93 secs	(1.048 mins)	0.835	0.216
40.5/70.0	0.320/0.500	27540.51 secs	(1.043 mins)	0.908	0.226
40.5/70.0	0.340/0.500	27600.34 secs	(59.83 secs)	0.919	0.232
40.5/70.0	0.360/0.500	27656.94 secs	(56.60 secs)	0.923	0.227
40.5/70.0	0.380/0.500	27714.56 secs	(57.62 secs)	0.927	0.227
40.5/70.0	0.400/0.500	27772.13 secs	(57.57 secs)	0.936	0.226
40.5/70.0	0.420/0.500	27828.77 secs	(56.63 secs)	0.958	0.228
40.5/70.0	0.440/0.500	27882.67 secs	(53.91 secs)	0.962	0.230
40.5/70.0	0.460/0.500	27936.83 secs	(54.16 secs)	0.946	0.223
40.5/70.0	0.480/0.500	27990.86 secs	(54.02 secs)	0.967	0.226
40.5/70.0	0.500/0.500	28043.37 secs	(52.51 secs)	0.989	0.225


41.0/70.0	0.000/0.500	28063.98 secs	(20.61 secs)	0.002	0.151
41.0/70.0	0.020/0.500	28084.19 secs	(20.21 secs)	0.005	0.213
41.0/70.0	0.040/0.500	28105.97 secs	(21.78 secs)	0.007	0.153
41.0/70.0	0.060/0.500	28129.42 secs	(23.45 secs)	0.019	0.199
41.0/70.0	0.080/0.500	28154.18 secs	(24.76 secs)	0.028	0.189
41.0/70.0	0.100/0.500	28190.31 secs	(36.14 secs)	0.084	0.190
41.0/70.0	0.120/0.500	28231.26 secs	(40.94 secs)	0.127	0.204
41.0/70.0	0.140/0.500	28272.80 secs	(41.54 secs)	0.204	0.175
41.0/70.0	0.160/0.500	28323.02 secs	(50.22 secs)	0.309	0.204
41.0/70.0	0.180/0.500	28383.95 secs	(1.016 mins)	0.502	0.223
41.0/70.0	0.200/0.500	28433.74 secs	(49.79 secs)	0.537	0.220
41.0/70.0	0.220/0.500	28496.08 secs	(1.039 mins)	0.704	0.229
41.0/70.0	0.240/0.500	28554.83 secs	(58.75 secs)	0.737	0.221
41.0/70.0	0.260/0.500	28622.42 secs	(1.127 mins)	0.809	0.227
41.0/70.0	0.280/0.500	28689.47 secs	(1.117 mins)	0.829	0.223
41.0/70.0	0.300/0.500	28749.09 secs	(59.62 secs)	0.794	0.209
41.0/70.0	0.320/0.500	28813.45 secs	(1.073 mins)	0.895	0.231
41.0/70.0	0.340/0.500	28875.25 secs	(1.03 mins)	0.934	0.234
41.0/70.0	0.360/0.500	28935.47 secs	(1.004 mins)	0.965	0.235
41.0/70.0	0.380/0.500	28995.77 secs	(1.005 mins)	0.908	0.223
41.0/70.0	0.400/0.500	29052.45 secs	(56.68 secs)	0.949	0.230
41.0/70.0	0.420/0.500	29109.44 secs	(57.00 secs)	0.979	0.234
41.0/70.0	0.440/0.500	29164.88 secs	(55.44 secs)	0.963	0.229
41.0/70.0	0.460/0.500	29217.06 secs	(52.17 secs)	0.967	0.227
41.0/70.0	0.480/0.500	29269.77 secs	(52.71 secs)	0.968	0.229
41.0/70.0	0.500/0.500	29323.68 secs	(53.92 secs)	0.988	0.232


41.5/70.0	0.000/0.500	29343.62 secs	(19.94 secs)	0.003	0.209
41.5/70.0	0.020/0.500	29363.47 secs	(19.85 secs)	0.004	0.172
41.5/70.0	0.040/0.500	29384.08 secs	(20.61 secs)	0.004	0.139
41.5/70.0	0.060/0.500	29407.69 secs	(23.61 secs)	0.013	0.197
41.5/70.0	0.080/0.500	29433.19 secs	(25.49 secs)	0.024	0.177
41.5/70.0	0.100/0.500	29467.68 secs	(34.50 secs)	0.056	0.198
41.5/70.0	0.120/0.500	29511.01 secs	(43.33 secs)	0.124	0.182
41.5/70.0	0.140/0.500	29556.04 secs	(45.03 secs)	0.228	0.203
41.5/70.0	0.160/0.500	29603.20 secs	(47.16 secs)	0.261	0.192
41.5/70.0	0.180/0.500	29662.02 secs	(58.83 secs)	0.426	0.219
41.5/70.0	0.200/0.500	29719.16 secs	(57.14 secs)	0.565	0.220
41.5/70.0	0.220/0.500	29783.41 secs	(1.071 mins)	0.673	0.215
41.5/70.0	0.240/0.500	29848.83 secs	(1.09 mins)	0.689	0.212
41.5/70.0	0.260/0.500	29915.02 secs	(1.103 mins)	0.822	0.234
41.5/70.0	0.280/0.500	29978.31 secs	(1.055 mins)	0.769	0.213
41.5/70.0	0.300/0.500	30042.30 secs	(1.067 mins)	0.932	0.245
41.5/70.0	0.320/0.500	30107.81 secs	(1.092 mins)	0.888	0.229
41.5/70.0	0.340/0.500	30170.83 secs	(1.05 mins)	0.917	0.231
41.5/70.0	0.360/0.500	30233.44 secs	(1.044 mins)	0.868	0.216
41.5/70.0	0.380/0.500	30294.20 secs	(1.013 mins)	0.931	0.229
41.5/70.0	0.400/0.500	30354.44 secs	(1.004 mins)	0.954	0.234
41.5/70.0	0.420/0.500	30413.64 secs	(59.19 secs)	0.960	0.230
41.5/70.0	0.440/0.500	30472.43 secs	(58.80 secs)	0.963	0.237
41.5/70.0	0.460/0.500	30528.64 secs	(56.21 secs)	0.966	0.231
41.5/70.0	0.480/0.500	30583.03 secs	(54.39 secs)	0.987	0.235
41.5/70.0	0.500/0.500	30636.07 secs	(53.03 secs)	0.970	0.226


42.0/70.0	0.000/0.500	30656.55 secs	(20.48 secs)	0.002	0.227
42.0/70.0	0.020/0.500	30677.50 secs	(20.94 secs)	0.004	0.171
42.0/70.0	0.040/0.500	30699.97 secs	(22.47 secs)	0.007	0.204
42.0/70.0	0.060/0.500	30723.14 secs	(23.17 secs)	0.014	0.177
42.0/70.0	0.080/0.500	30749.36 secs	(26.22 secs)	0.030	0.194
42.0/70.0	0.100/0.500	30791.57 secs	(42.21 secs)	0.088	0.209
42.0/70.0	0.120/0.500	30831.48 secs	(39.90 secs)	0.157	0.212
42.0/70.0	0.140/0.500	30879.06 secs	(47.58 secs)	0.218	0.195
42.0/70.0	0.160/0.500	30928.84 secs	(49.78 secs)	0.286	0.194
42.0/70.0	0.180/0.500	30977.61 secs	(48.78 secs)	0.475	0.207
42.0/70.0	0.200/0.500	31027.83 secs	(50.22 secs)	0.562	0.218
42.0/70.0	0.220/0.500	31094.09 secs	(1.104 mins)	0.682	0.235
42.0/70.0	0.240/0.500	31158.76 secs	(1.078 mins)	0.637	0.212
42.0/70.0	0.260/0.500	31222.94 secs	(1.07 mins)	0.756	0.219
42.0/70.0	0.280/0.500	31286.32 secs	(1.056 mins)	0.860	0.239
42.0/70.0	0.300/0.500	31348.73 secs	(1.04 mins)	0.832	0.218
42.0/70.0	0.320/0.500	31410.91 secs	(1.036 mins)	0.913	0.236
42.0/70.0	0.340/0.500	31470.30 secs	(59.39 secs)	0.879	0.222
42.0/70.0	0.360/0.500	31529.34 secs	(59.05 secs)	0.928	0.235
42.0/70.0	0.380/0.500	31587.55 secs	(58.21 secs)	0.969	0.243
42.0/70.0	0.400/0.500	31644.76 secs	(57.21 secs)	0.945	0.230
42.0/70.0	0.420/0.500	31701.31 secs	(56.55 secs)	0.920	0.223
42.0/70.0	0.440/0.500	31757.07 secs	(55.76 secs)	0.962	0.233
42.0/70.0	0.460/0.500	31810.94 secs	(53.87 secs)	0.967	0.231
42.0/70.0	0.480/0.500	31864.01 secs	(53.08 secs)	0.928	0.223
42.0/70.0	0.500/0.500	31916.56 secs	(52.55 secs)	0.990	0.235


42.5/70.0	0.000/0.500	31936.65 secs	(20.09 secs)	0.002	0.126
42.5/70.0	0.020/0.500	31958.31 secs	(21.65 secs)	0.004	0.169
42.5/70.0	0.040/0.500	31979.05 secs	(20.75 secs)	0.007	0.199
42.5/70.0	0.060/0.500	32001.66 secs	(22.60 secs)	0.014	0.169
42.5/70.0	0.080/0.500	32032.37 secs	(30.72 secs)	0.036	0.180
42.5/70.0	0.100/0.500	32063.10 secs	(30.72 secs)	0.062	0.202
42.5/70.0	0.120/0.500	32109.98 secs	(46.88 secs)	0.173	0.206
42.5/70.0	0.140/0.500	32150.20 secs	(40.22 secs)	0.200	0.204
42.5/70.0	0.160/0.500	32198.41 secs	(48.21 secs)	0.342	0.218
42.5/70.0	0.180/0.500	32264.08 secs	(1.094 mins)	0.475	0.202
42.5/70.0	0.200/0.500	32314.39 secs	(50.32 secs)	0.553	0.205
42.5/70.0	0.220/0.500	32377.78 secs	(1.056 mins)	0.615	0.216
42.5/70.0	0.240/0.500	32441.79 secs	(1.067 mins)	0.739	0.234
42.5/70.0	0.260/0.500	32491.83 secs	(50.04 secs)	0.729	0.214
42.5/70.0	0.280/0.500	32553.45 secs	(1.027 mins)	0.824	0.231
42.5/70.0	0.300/0.500	32615.40 secs	(1.032 mins)	0.879	0.230
42.5/70.0	0.320/0.500	32677.54 secs	(1.036 mins)	0.893	0.235
42.5/70.0	0.340/0.500	32737.44 secs	(59.90 secs)	0.938	0.241
42.5/70.0	0.360/0.500	32800.29 secs	(1.047 mins)	0.889	0.226
42.5/70.0	0.380/0.500	32858.24 secs	(57.96 secs)	0.935	0.236
42.5/70.0	0.400/0.500	32914.40 secs	(56.16 secs)	0.936	0.230
42.5/70.0	0.420/0.500	32969.14 secs	(54.74 secs)	0.940	0.232
42.5/70.0	0.440/0.500	33025.63 secs	(56.49 secs)	0.965	0.237
42.5/70.0	0.460/0.500	33080.88 secs	(55.25 secs)	0.947	0.231
42.5/70.0	0.480/0.500	33133.73 secs	(52.85 secs)	0.948	0.227
42.5/70.0	0.500/0.500	33187.41 secs	(53.67 secs)	0.970	0.233


43.0/70.0	0.000/0.500	33207.38 secs	(19.98 secs)	0.003	0.209
43.0/70.0	0.020/0.500	33228.09 secs	(20.71 secs)	0.004	0.157
43.0/70.0	0.040/0.500	33249.81 secs	(21.71 secs)	0.009	0.211
43.0/70.0	0.060/0.500	33274.17 secs	(24.36 secs)	0.017	0.192
43.0/70.0	0.080/0.500	33304.07 secs	(29.90 secs)	0.045	0.195
43.0/70.0	0.100/0.500	33341.23 secs	(37.16 secs)	0.070	0.200
43.0/70.0	0.120/0.500	33387.70 secs	(46.48 secs)	0.153	0.222
43.0/70.0	0.140/0.500	33445.18 secs	(57.48 secs)	0.280	0.216
43.0/70.0	0.160/0.500	33505.73 secs	(1.009 mins)	0.384	0.206
43.0/70.0	0.180/0.500	33567.22 secs	(1.025 mins)	0.507	0.234
43.0/70.0	0.200/0.500	33630.67 secs	(1.057 mins)	0.588	0.230
43.0/70.0	0.220/0.500	33686.31 secs	(55.64 secs)	0.628	0.215
43.0/70.0	0.240/0.500	33752.36 secs	(1.101 mins)	0.733	0.226
43.0/70.0	0.260/0.500	33817.13 secs	(1.08 mins)	0.803	0.242
43.0/70.0	0.280/0.500	33880.19 secs	(1.051 mins)	0.801	0.220
43.0/70.0	0.300/0.500	33941.61 secs	(1.024 mins)	0.911	0.247
43.0/70.0	0.320/0.500	34002.79 secs	(1.02 mins)	0.887	0.235
43.0/70.0	0.340/0.500	34065.02 secs	(1.037 mins)	0.931	0.243
43.0/70.0	0.360/0.500	34128.78 secs	(1.063 mins)	0.884	0.237
43.0/70.0	0.380/0.500	34195.55 secs	(1.113 mins)	0.972	0.244
43.0/70.0	0.400/0.500	34245.10 secs	(49.55 secs)	0.918	0.230
43.0/70.0	0.420/0.500	34303.13 secs	(58.03 secs)	0.962	0.241
43.0/70.0	0.440/0.500	34359.79 secs	(56.66 secs)	0.983	0.243
43.0/70.0	0.460/0.500	34411.69 secs	(51.90 secs)	0.946	0.227
43.0/70.0	0.480/0.500	34465.76 secs	(54.06 secs)	0.988	0.241
43.0/70.0	0.500/0.500	34519.45 secs	(53.70 secs)	0.970	0.237


43.5/70.0	0.000/0.500	34540.02 secs	(20.56 secs)	0.003	0.203
43.5/70.0	0.020/0.500	34562.01 secs	(21.99 secs)	0.004	0.174
43.5/70.0	0.040/0.500	34584.53 secs	(22.52 secs)	0.008	0.206
43.5/70.0	0.060/0.500	34606.89 secs	(22.36 secs)	0.011	0.172
43.5/70.0	0.080/0.500	34634.89 secs	(28.00 secs)	0.033	0.159
43.5/70.0	0.100/0.500	34667.07 secs	(32.18 secs)	0.066	0.184
43.5/70.0	0.120/0.500	34707.85 secs	(40.79 secs)	0.168	0.242
43.5/70.0	0.140/0.500	34748.90 secs	(41.04 secs)	0.256	0.212
43.5/70.0	0.160/0.500	34799.59 secs	(50.69 secs)	0.365	0.230
43.5/70.0	0.180/0.500	34862.45 secs	(1.048 mins)	0.520	0.224
43.5/70.0	0.200/0.500	34919.56 secs	(57.11 secs)	0.557	0.220
43.5/70.0	0.220/0.500	34984.79 secs	(1.087 mins)	0.696	0.232
43.5/70.0	0.240/0.500	35049.58 secs	(1.08 mins)	0.715	0.233
43.5/70.0	0.260/0.500	35111.75 secs	(1.036 mins)	0.862	0.250
43.5/70.0	0.280/0.500	35176.44 secs	(1.078 mins)	0.893	0.253
43.5/70.0	0.300/0.500	35241.47 secs	(1.084 mins)	0.882	0.246
43.5/70.0	0.320/0.500	35307.05 secs	(1.093 mins)	0.933	0.249
43.5/70.0	0.340/0.500	35371.09 secs	(1.067 mins)	0.935	0.244
43.5/70.0	0.360/0.500	35433.61 secs	(1.042 mins)	0.910	0.235
43.5/70.0	0.380/0.500	35494.09 secs	(1.008 mins)	0.972	0.247
43.5/70.0	0.400/0.500	35552.53 secs	(58.44 secs)	0.958	0.243
43.5/70.0	0.420/0.500	35610.06 secs	(57.52 secs)	0.978	0.242
43.5/70.0	0.440/0.500	35667.66 secs	(57.61 secs)	0.945	0.234
43.5/70.0	0.460/0.500	35724.25 secs	(56.59 secs)	0.947	0.236
43.5/70.0	0.480/0.500	35780.22 secs	(55.97 secs)	0.968	0.242
43.5/70.0	0.500/0.500	35832.95 secs	(52.73 secs)	0.951	0.233


44.0/70.0	0.000/0.500	35853.17 secs	(20.22 secs)	0.002	0.181
44.0/70.0	0.020/0.500	35874.88 secs	(21.71 secs)	0.005	0.253
44.0/70.0	0.040/0.500	35895.55 secs	(20.67 secs)	0.011	0.202
44.0/70.0	0.060/0.500	35920.64 secs	(25.10 secs)	0.018	0.201
44.0/70.0	0.080/0.500	35946.60 secs	(25.96 secs)	0.028	0.196
44.0/70.0	0.100/0.500	35988.71 secs	(42.11 secs)	0.087	0.200
44.0/70.0	0.120/0.500	36028.31 secs	(39.60 secs)	0.160	0.218
44.0/70.0	0.140/0.500	36082.93 secs	(54.62 secs)	0.237	0.213
44.0/70.0	0.160/0.500	36133.32 secs	(50.39 secs)	0.381	0.235
44.0/70.0	0.180/0.500	36195.33 secs	(1.034 mins)	0.509	0.236
44.0/70.0	0.200/0.500	