
R version 4.3.0 (2023-04-21) -- "Already Tomorrow"
Copyright (C) 2023 The R Foundation for Statistical Computing
Platform: x86_64-pc-linux-gnu (64-bit)

R is free software and comes with ABSOLUTELY NO WARRANTY.
You are welcome to redistribute it under certain conditions.
Type 'license()' or 'licence()' for distribution details.

  Natural language support but running in an English locale

R is a collaborative project with many contributors.
Type 'contributors()' for more information and
'citation()' on how to cite R or R packages in publications.

Type 'demo()' for some demos, 'help()' for on-line help, or
'help.start()' for an HTML browser interface to help.
Type 'q()' to quit R.

> rm(list = ls())
> gc()
         used (Mb) gc trigger (Mb) max used (Mb)
Ncells 284765 15.3     664565 35.5   464468 24.9
Vcells 490458  3.8    8388608 64.0  1837328 14.1
> library(dplyr)

Attaching package: ‘dplyr’

The following objects are masked from ‘package:stats’:

    filter, lag

The following objects are masked from ‘package:base’:

    intersect, setdiff, setequal, union

> library(foreach)
> library(doParallel)
Loading required package: iterators
Loading required package: parallel
> 
> # Set up the number of cores used for parallelization.
> message(detectCores())
32
> num_cores <- detectCores()
> registerDoParallel(num_cores)
> 
> #########################
> #### SEIR Simulation ####
> #########################
> time <- 365 # Number of days.
> inf <- 7 # Average infectious period length.
> N <- 1000 # Population size.
> 
> create_hh <- function() {
+   # Randomly sample household sizes such that total population is 1000 
+   # individuals.
+   hh_size <- sample(x = c(3, 4, 5, 6), size = 340, replace = T)
+   
+   # Keep households such that total population is < 1000.
+   hh_size <- hh_size[which(cumsum(hh_size) < N)]
+   
+   leftover <- N - sum(hh_size)
+   if (leftover < 3) {
+     hh <- 1:length(hh_size)
+     sampled <- sample(hh[hh_size < 6], leftover)
+     hh_size[sampled] <- hh_size[sampled] + 1
+   } else {
+     hh_size <- c(hh_size, leftover)
+   }
+   return(hh_size)
+ }
> 
> SEIR <- function(params, inf = 7, verbose = F) {
+   hh_size <- create_hh()
+   
+   # Create frame for running the simulation.
+   # ID: ID of individual.
+   # SIZE: size of individual's household.
+   # HH: ID of individual's household.
+   # S: susceptibility status.
+   # E: exposed status.
+   # E_count: number of days since exposed.
+   # I: infectious status.
+   # I_count: number of days since infectious.
+   # R: recovered status.
+   # INC: incubation period.
+   # INF: infectious period.
+   data <- data.frame(ID = 1:N,
+                      SIZE = rep(hh_size, times = hh_size),
+                      HH = rep(1:length(hh_size), times = hh_size), 
+                      S = c(0, rep(1, N - 1)), 
+                      E = c(1, rep(0, N - 1)),
+                      E_count = c(1, rep(0, N - 1)), 
+                      I = 0,
+                      I_count = 0, 
+                      R = 0, 
+                      INC = c(rlnorm(1, meanlog = log(29.8), sdlog = 0.45), rep(0, N - 1)),
+                      INF = 0)
+   
+   # Create frame for storing results.
+   # ID: ID of individual.
+   # SIZE: size of individual's household.
+   # HH: ID of individual's household.
+   # TYPE: the kind of infection: household (H), community (C), or both (B).
+   # TIME: when the individual became infectious.
+   # S_NUM: number of susceptible people in individual's household when their 
+   #        infectious period begins.
+   # I_NUM: number of people in household that this individual infected over 
+   #        their infectious period.
+   results <- data[, 1:3] %>% mutate(TYPE = NA, TIME = NA, S_NUM = NA, I_NUM = 0)
+   results$TYPE[1] <- '0'
+   
+   for(t in 1:time) {
+     if (verbose) {
+       if (t %% 10 == 0) {
+         cat(paste0(t, ' '))
+       }
+     }
+     
+     # Anyone who has been infectious for as many days as their infectious period
+     # is now recovered.
+     recovered <- (data$INF > 0) & (data$I_count == data$INF)
+     if(sum(recovered, na.rm = T) > 0) {
+       data$R[recovered] <- 1
+       data$I[recovered] <- 0
+       data$I_count[recovered] <- 0 
+     }
+     
+     new_inf <- (data$INC > 0) & (data$E_count == data$INC)
+     num_new_inf <- sum(new_inf, na.rm = T)
+     if(num_new_inf > 0) {
+       # Change status to newly infectious and add infectious period.
+       data$I[new_inf] <- 1
+       random_inf <- rnorm(num_new_inf, mean = inf, sd = 1) %>% round()
+       data$INF[new_inf] <- random_inf
+       
+       # Remove exposure status and exposure count.
+       data$E[new_inf] <- 0
+       data$E_count[new_inf] <- 0 
+       
+       # Record time at which infectious period starts.
+       results$TIME[new_inf] <- t
+       
+       # Save the number of susceptible people in each infectious individual's 
+       # household.
+       S_data <- data %>% group_by(HH) %>% 
+         mutate(S_TOT = sum(S)) %>% 
+         select(HH, S_TOT)
+       results$S_NUM[new_inf == 1] <- S_data$S_TOT[new_inf == 1]
+     }
+     
+     # I_H is the number of infections inside each household.
+     # I_C is the number of infections outside each household.
+     I_data <- data %>% group_by(HH) %>% 
+       mutate(I_H = sum(I)) %>% 
+       ungroup() %>% 
+       mutate(I_C = sum(I) - I_H)
+     
+     beta_H <- params[1]
+     beta_C <- params[2]
+     beta_E <- params[3]
+     risk_H <- pmin(beta_H * data$S * I_data$I_H / N, 1)
+     risk_C <- pmin(beta_C * data$S * I_data$I_C / N, 1)
+     risk_E <- pmin(beta_E * data$S, 1)
+ 
+     new_inf_H <- rbinom(N, 1, risk_H)
+     new_inf_C <- rbinom(N, 1, risk_C)
+     new_inf_E <- rbinom(N, 1, risk_E)
+     new_exposed <- (new_inf_H == 1) | (new_inf_C == 1) | (new_inf_E == 1)
+     num_new_exposed <- sum(new_exposed, na.rm = T)
+     if (num_new_exposed > 0) {
+       # Change status to newly exposed and add incubation period.
+       data$E[new_exposed] <- 1
+       random_inc <- rlnorm(num_new_exposed, meanlog = log(29.8), sdlog = 0.45) %>% round()
+       data$INC[new_exposed] <- random_inc
+       
+       # Remove susceptible status.
+       data$S[new_exposed] <- 0
+       
+       # Get number of new infections in each household.
+       I_data <- I_data %>%
+         select(ID, HH, I, I_H) %>%
+         mutate(new_I_H = new_inf_H) %>%
+         group_by(HH) %>%
+         # Find households with at least 1 currently infectious individual. If 
+         # exactly 1 infectious individual in household, assign all new H 
+         # exposures to that individual. If there are multiple infectious 
+         # individuals, assign all infections to the infectious individual with 
+         # the first ID.
+         mutate(new_I_H = ifelse(I == 1 & ID == first(ID[I == 1]), 
+                                 sum(new_I_H), 0))
+       
+       results$I_NUM <- results$I_NUM + I_data$new_I_H
+       
+       # Label infections types.
+       results$TYPE[new_inf_H == 1] <- 'H'
+       results$TYPE[new_inf_C == 1] <- 'C'
+       results$TYPE[new_inf_E == 1] <- 'E'
+       results$TYPE[(new_inf_H == 1) & (new_inf_C == 1)] <- 'HC'
+       results$TYPE[(new_inf_H == 1) & (new_inf_E == 1)] <- 'HE'
+       results$TYPE[(new_inf_C == 1) & (new_inf_E == 1)] <- 'CE'
+       results$TYPE[(new_inf_H == 1) & (new_inf_C == 1) & (new_inf_E == 1)] <- 'HCE'
+     }
+     
+     # Increment exposure and infectious counters.
+     data$E_count[data$E == 1] <- data$E_count[data$E == 1] + 1
+     data$I_count[data$I == 1] <- data$I_count[data$I == 1] + 1
+   }
+   return(results)
+ }
> 
> metrics <- function(results) {
+   # Incidence is the proportion of the population that became infected.
+   idc <- mean(!is.na(results$TIME))
+   
+   # If incidence is 0, the SAR and proportion of environmental infection are
+   # undefined.
+   sar <- NA
+   prp <- NA
+   if (idc != 0) {
+     # The SAR is the average SAR for each individual that was infectious.
+     sar <- mean(results$I_NUM / results$S_NUM, na.rm = T)
+     cases <- results[!is.na(results$TIME), ]
+     prp <- mean((cases$TYPE == 'H') | (cases$TYPE == 'HC') | (cases$TYPE == 'HCE'))
+   }
+   return(c(idc, sar, prp))
+ }
> 
> beta_Hs <- seq(11.5, 16.5, 0.2) # 26
> beta_Cs <- seq(0.002, 0.012, 0.001) # 11
> beta_Es <- seq(0.00070, 0.00090, 0.00001) # 21
> 
> d_H <- length(beta_Hs)
> d_C <- length(beta_Cs)
> d_E <- length(beta_Es)
> 
> reps <- 150
> idcs <- array(rep(NA, d_H * d_C * d_E * reps), dim = c(d_H, d_C, d_E, reps))
> sars <- array(rep(NA, d_H * d_C * d_E * reps), dim = c(d_H, d_C, d_E, reps))
> prps <- array(rep(NA, d_H * d_C * d_E * reps), dim = c(d_H, d_C, d_E, reps))
> t_tot <- 0
> for (i in 1:d_H) {
+   for (j in 1:d_C) {
+     for (k in 1:d_E) {
+       beta_H <- beta_Hs[i]
+       beta_C <- beta_Cs[j]
+       beta_E <- beta_Es[k]
+       
+       params <- c(beta_H, beta_C, beta_E)
+       
+       cat(paste0(format(beta_H, nsmall = 0), '/16.5\t', 
+                  format(beta_C, nsmall = 3), '/0.012\t',
+                  format(beta_E, nsmall = 5, scientific = F), '/0.00090\t'))
+         
+       t_0 <- Sys.time()
+       vals <- foreach (l = 1:reps, .combine = 'c') %dopar% {
+         results <- SEIR(params) 
+         metrics(results)
+       }
+       t_1 <- Sys.time()
+       t_tot <- t_tot + (t_1 - t_0)
+         
+       cat(paste0(format(t_tot, nsmall = 2, digits = 4), '\t(', 
+                  format(t_1 - t_0, nsmall = 2, digits = 4), ')\t'))
+       
+       vals <- matrix(vals, reps, byrow = T)
+       idcs[i, j, k, ] <- vals[, 1]
+       sars[i, j, k, ] <- vals[, 2]
+       prps[i, j, k, ] <- vals[, 3]
+         
+       cat(paste0(format(round(mean(vals[, 1]), 3), nsmall = 3), '\t', 
+                  format(round(mean(vals[, 2]), 3), nsmall = 3), '\t', 
+                  format(round(mean(vals[, 3]), 3), nsmall = 3), '\n'))
+     }
+     cat('\n')
+     saveRDS(idcs, file = 'idcs.rds')
+     saveRDS(sars, file = 'sars.rds')
+     saveRDS(prps, file = 'prps.rds')
+     
+     write.table(idcs, file = 'idcs.txt', row.names = F, col.names = F)
+     write.table(sars, file = 'sars.txt', row.names = F, col.names = F)
+     write.table(prps, file = 'prps.txt', row.names = F, col.names = F)
+   }
+   message('\n')
+ }
11.5/16.5	0.002/0.012	0.00070/0.00090	1.502 mins	(1.502 mins)	0.261	0.077	0.213
11.5/16.5	0.002/0.012	0.00071/0.00090	3.007 mins	(1.505 mins)	0.265	0.079	0.218
11.5/16.5	0.002/0.012	0.00072/0.00090	4.518 mins	(1.511 mins)	0.265	0.077	0.213
11.5/16.5	0.002/0.012	0.00073/0.00090	6.053 mins	(1.535 mins)	0.272	0.078	0.217
11.5/16.5	0.002/0.012	0.00074/0.00090	7.606 mins	(1.552 mins)	0.272	0.077	0.216
11.5/16.5	0.002/0.012	0.00075/0.00090	9.153 mins	(1.547 mins)	0.277	0.078	0.216
11.5/16.5	0.002/0.012	0.00076/0.00090	10.72 mins	(1.569 mins)	0.280	0.077	0.217
11.5/16.5	0.002/0.012	0.00077/0.00090	12.28 mins	(1.557 mins)	0.280	0.074	0.209
11.5/16.5	0.002/0.012	0.00078/0.00090	13.85 mins	(1.57 mins)	0.284	0.078	0.215
11.5/16.5	0.002/0.012	0.00079/0.00090	15.41 mins	(1.563 mins)	0.287	0.077	0.213
11.5/16.5	0.002/0.012	0.00080/0.00090	16.98 mins	(1.565 mins)	0.288	0.076	0.211
11.5/16.5	0.002/0.012	0.00081/0.00090	18.58 mins	(1.601 mins)	0.293	0.076	0.210
11.5/16.5	0.002/0.012	0.00082/0.00090	20.17 mins	(1.595 mins)	0.295	0.077	0.209
11.5/16.5	0.002/0.012	0.00083/0.00090	21.77 mins	(1.594 mins)	0.300	0.078	0.214
11.5/16.5	0.002/0.012	0.00084/0.00090	23.38 mins	(1.611 mins)	0.304	0.076	0.212
11.5/16.5	0.002/0.012	0.00085/0.00090	24.99 mins	(1.61 mins)	0.307	0.077	0.211
11.5/16.5	0.002/0.012	0.00086/0.00090	26.58 mins	(1.596 mins)	0.306	0.075	0.209
11.5/16.5	0.002/0.012	0.00087/0.00090	28.21 mins	(1.629 mins)	0.309	0.077	0.211
11.5/16.5	0.002/0.012	0.00088/0.00090	29.85 mins	(1.642 mins)	0.313	0.077	0.209
11.5/16.5	0.002/0.012	0.00089/0.00090	31.51 mins	(1.657 mins)	0.319	0.078	0.212
11.5/16.5	0.002/0.012	0.00090/0.00090	33.16 mins	(1.646 mins)	0.322	0.078	0.211

11.5/16.5	0.003/0.012	0.00070/0.00090	34.70 mins	(1.537 mins)	0.263	0.078	0.218
11.5/16.5	0.003/0.012	0.00071/0.00090	36.22 mins	(1.523 mins)	0.264	0.076	0.210
11.5/16.5	0.003/0.012	0.00072/0.00090	37.77 mins	(1.549 mins)	0.269	0.078	0.215
11.5/16.5	0.003/0.012	0.00073/0.00090	39.31 mins	(1.546 mins)	0.270	0.076	0.212
11.5/16.5	0.003/0.012	0.00074/0.00090	40.84 mins	(1.529 mins)	0.273	0.076	0.212
11.5/16.5	0.003/0.012	0.00075/0.00090	42.40 mins	(1.556 mins)	0.277	0.076	0.213
11.5/16.5	0.003/0.012	0.00076/0.00090	43.93 mins	(1.536 mins)	0.278	0.077	0.213
11.5/16.5	0.003/0.012	0.00077/0.00090	45.50 mins	(1.562 mins)	0.284	0.078	0.216
11.5/16.5	0.003/0.012	0.00078/0.00090	47.08 mins	(1.585 mins)	0.285	0.078	0.214
11.5/16.5	0.003/0.012	0.00079/0.00090	48.88 mins	(1.795 mins)	0.287	0.076	0.210
11.5/16.5	0.003/0.012	0.00080/0.00090	51.71 mins	(2.838 mins)	0.294	0.078	0.214
11.5/16.5	0.003/0.012	0.00081/0.00090	53.30 mins	(1.587 mins)	0.295	0.074	0.205
11.5/16.5	0.003/0.012	0.00082/0.00090	54.87 mins	(1.571 mins)	0.297	0.076	0.210
11.5/16.5	0.003/0.012	0.00083/0.00090	56.46 mins	(1.593 mins)	0.298	0.078	0.211
11.5/16.5	0.003/0.012	0.00084/0.00090	58.08 mins	(1.612 mins)	0.306	0.076	0.214
11.5/16.5	0.003/0.012	0.00085/0.00090	59.68 mins	(1.599 mins)	0.306	0.077	0.209
11.5/16.5	0.003/0.012	0.00086/0.00090	61.29 mins	(1.61 mins)	0.309	0.075	0.206
11.5/16.5	0.003/0.012	0.00087/0.00090	62.91 mins	(1.625 mins)	0.312	0.076	0.211
11.5/16.5	0.003/0.012	0.00088/0.00090	64.55 mins	(1.641 mins)	0.314	0.079	0.211
11.5/16.5	0.003/0.012	0.00089/0.00090	66.20 mins	(1.648 mins)	0.319	0.076	0.207
11.5/16.5	0.003/0.012	0.00090/0.00090	67.84 mins	(1.644 mins)	0.320	0.076	0.205

11.5/16.5	0.004/0.012	0.00070/0.00090	69.37 mins	(1.527 mins)	0.262	0.077	0.217
11.5/16.5	0.004/0.012	0.00071/0.00090	70.89 mins	(1.517 mins)	0.268	0.077	0.215
11.5/16.5	0.004/0.012	0.00072/0.00090	72.40 mins	(1.516 mins)	0.268	0.077	0.216
11.5/16.5	0.004/0.012	0.00073/0.00090	73.95 mins	(1.544 mins)	0.272	0.077	0.214
11.5/16.5	0.004/0.012	0.00074/0.00090	75.51 mins	(1.561 mins)	0.278	0.076	0.213
11.5/16.5	0.004/0.012	0.00075/0.00090	77.08 mins	(1.567 mins)	0.279	0.077	0.211
11.5/16.5	0.004/0.012	0.00076/0.00090	78.64 mins	(1.563 mins)	0.280	0.076	0.212
11.5/16.5	0.004/0.012	0.00077/0.00090	80.19 mins	(1.555 mins)	0.285	0.078	0.215
11.5/16.5	0.004/0.012	0.00078/0.00090	81.76 mins	(1.571 mins)	0.286	0.078	0.214
11.5/16.5	0.004/0.012	0.00079/0.00090	83.34 mins	(1.571 mins)	0.290	0.076	0.211
11.5/16.5	0.004/0.012	0.00080/0.00090	84.94 mins	(1.607 mins)	0.292	0.075	0.208
11.5/16.5	0.004/0.012	0.00081/0.00090	86.53 mins	(1.59 mins)	0.298	0.076	0.210
11.5/16.5	0.004/0.012	0.00082/0.00090	88.14 mins	(1.604 mins)	0.300	0.077	0.211
11.5/16.5	0.004/0.012	0.00083/0.00090	89.75 mins	(1.612 mins)	0.304	0.077	0.209
11.5/16.5	0.004/0.012	0.00084/0.00090	91.37 mins	(1.616 mins)	0.306	0.077	0.212
11.5/16.5	0.004/0.012	0.00085/0.00090	92.98 mins	(1.615 mins)	0.306	0.077	0.209
11.5/16.5	0.004/0.012	0.00086/0.00090	94.61 mins	(1.63 mins)	0.310	0.076	0.207
11.5/16.5	0.004/0.012	0.00087/0.00090	96.24 mins	(1.627 mins)	0.311	0.075	0.206
11.5/16.5	0.004/0.012	0.00088/0.00090	97.88 mins	(1.642 mins)	0.315	0.078	0.212
11.5/16.5	0.004/0.012	0.00089/0.00090	99.54 mins	(1.663 mins)	0.320	0.076	0.208
11.5/16.5	0.004/0.012	0.00090/0.00090	101.21 mins	(1.664 mins)	0.325	0.077	0.209

11.5/16.5	0.005/0.012	0.00070/0.00090	102.74 mins	(1.535 mins)	0.265	0.075	0.211
11.5/16.5	0.005/0.012	0.00071/0.00090	104.28 mins	(1.535 mins)	0.267	0.076	0.213
11.5/16.5	0.005/0.012	0.00072/0.00090	105.84 mins	(1.562 mins)	0.270	0.077	0.216
11.5/16.5	0.005/0.012	0.00073/0.00090	107.40 mins	(1.562 mins)	0.276	0.078	0.218
11.5/16.5	0.005/0.012	0.00074/0.00090	108.96 mins	(1.561 mins)	0.278	0.077	0.215
11.5/16.5	0.005/0.012	0.00075/0.00090	110.52 mins	(1.557 mins)	0.280	0.076	0.213
11.5/16.5	0.005/0.012	0.00076/0.00090	112.09 mins	(1.574 mins)	0.286	0.077	0.215
11.5/16.5	0.005/0.012	0.00077/0.00090	115.57 mins	(3.473 mins)	0.284	0.075	0.210
11.5/16.5	0.005/0.012	0.00078/0.00090	117.17 mins	(1.602 mins)	0.289	0.078	0.216
11.5/16.5	0.005/0.012	0.00079/0.00090	118.78 mins	(1.614 mins)	0.293	0.077	0.212
11.5/16.5	0.005/0.012	0.00080/0.00090	120.38 mins	(1.597 mins)	0.297	0.077	0.211
11.5/16.5	0.005/0.012	0.00081/0.00090	121.99 mins	(1.609 mins)	0.296	0.077	0.213
11.5/16.5	0.005/0.012	0.00082/0.00090	123.68 mins	(1.691 mins)	0.301	0.076	0.209
11.5/16.5	0.005/0.012	0.00083/0.00090	125.38 mins	(1.702 mins)	0.305	0.077	0.212
11.5/16.5	0.005/0.012	0.00084/0.00090	127.10 mins	(1.717 mins)	0.308	0.077	0.213
11.5/16.5	0.005/0.012	0.00085/0.00090	128.80 mins	(1.698 mins)	0.310	0.077	0.209
11.5/16.5	0.005/0.012	0.00086/0.00090	130.49 mins	(1.69 mins)	0.310	0.076	0.207
11.5/16.5	0.005/0.012	0.00087/0.00090	132.20 mins	(1.71 mins)	0.315	0.076	0.207
11.5/16.5	0.005/0.012	0.00088/0.00090	133.93 mins	(1.731 mins)	0.317	0.076	0.207
11.5/16.5	0.005/0.012	0.00089/0.00090	135.64 mins	(1.713 mins)	0.321	0.076	0.206
11.5/16.5	0.005/0.012	0.00090/0.00090	137.34 mins	(1.695 mins)	0.324	0.077	0.209

11.5/16.5	0.006/0.012	0.00070/0.00090	138.86 mins	(1.527 mins)	0.264	0.077	0.214
11.5/16.5	0.006/0.012	0.00071/0.00090	140.40 mins	(1.537 mins)	0.269	0.077	0.216
11.5/16.5	0.006/0.012	0.00072/0.00090	141.96 mins	(1.558 mins)	0.271	0.076	0.211
11.5/16.5	0.006/0.012	0.00073/0.00090	143.50 mins	(1.543 mins)	0.277	0.077	0.214
11.5/16.5	0.006/0.012	0.00074/0.00090	145.07 mins	(1.569 mins)	0.278	0.076	0.213
11.5/16.5	0.006/0.012	0.00075/0.00090	146.65 mins	(1.579 mins)	0.283	0.076	0.212
11.5/16.5	0.006/0.012	0.00076/0.00090	148.22 mins	(1.575 mins)	0.284	0.077	0.211
11.5/16.5	0.006/0.012	0.00077/0.00090	149.80 mins	(1.575 mins)	0.288	0.076	0.211
11.5/16.5	0.006/0.012	0.00078/0.00090	151.39 mins	(1.594 mins)	0.293	0.078	0.217
11.5/16.5	0.006/0.012	0.00079/0.00090	152.99 mins	(1.595 mins)	0.293	0.076	0.210
11.5/16.5	0.006/0.012	0.00080/0.00090	154.58 mins	(1.595 mins)	0.297	0.076	0.209
11.5/16.5	0.006/0.012	0.00081/0.00090	156.19 mins	(1.607 mins)	0.300	0.078	0.213
11.5/16.5	0.006/0.012	0.00082/0.00090	157.78 mins	(1.597 mins)	0.302	0.076	0.211
11.5/16.5	0.006/0.012	0.00083/0.00090	159.41 mins	(1.622 mins)	0.306	0.077	0.213
11.5/16.5	0.006/0.012	0.00084/0.00090	161.05 mins	(1.646 mins)	0.309	0.076	0.209
11.5/16.5	0.006/0.012	0.00085/0.00090	162.71 mins	(1.655 mins)	0.312	0.077	0.210
11.5/16.5	0.006/0.012	0.00086/0.00090	164.35 mins	(1.639 mins)	0.313	0.077	0.209
11.5/16.5	0.006/0.012	0.00087/0.00090	165.99 mins	(1.642 mins)	0.319	0.077	0.210
11.5/16.5	0.006/0.012	0.00088/0.00090	167.64 mins	(1.651 mins)	0.321	0.077	0.209
11.5/16.5	0.006/0.012	0.00089/0.00090	169.28 mins	(1.643 mins)	0.321	0.076	0.206
11.5/16.5	0.006/0.012	0.00090/0.00090	170.94 mins	(1.655 mins)	0.325	0.076	0.206

11.5/16.5	0.007/0.012	0.00070/0.00090	172.47 mins	(1.53 mins)	0.267	0.077	0.215
11.5/16.5	0.007/0.012	0.00071/0.00090	174.01 mins	(1.54 mins)	0.270	0.077	0.216
11.5/16.5	0.007/0.012	0.00072/0.00090	175.56 mins	(1.551 mins)	0.275	0.076	0.213
11.5/16.5	0.007/0.012	0.00073/0.00090	177.11 mins	(1.553 mins)	0.276	0.076	0.211
11.5/16.5	0.007/0.012	0.00074/0.00090	178.68 mins	(1.566 mins)	0.278	0.076	0.212
11.5/16.5	0.007/0.012	0.00075/0.00090	180.25 mins	(1.571 mins)	0.282	0.076	0.211
11.5/16.5	0.007/0.012	0.00076/0.00090	181.81 mins	(1.565 mins)	0.283	0.075	0.210
11.5/16.5	0.007/0.012	0.00077/0.00090	183.40 mins	(1.59 mins)	0.288	0.077	0.211
11.5/16.5	0.007/0.012	0.00078/0.00090	184.97 mins	(1.572 mins)	0.291	0.077	0.215
11.5/16.5	0.007/0.012	0.00079/0.00090	186.56 mins	(1.589 mins)	0.294	0.077	0.212
11.5/16.5	0.007/0.012	0.00080/0.00090	188.16 mins	(1.599 mins)	0.301	0.078	0.213
11.5/16.5	0.007/0.012	0.00081/0.00090	189.78 mins	(1.614 mins)	0.301	0.075	0.207
11.5/16.5	0.007/0.012	0.00082/0.00090	191.41 mins	(1.634 mins)	0.306	0.076	0.209
11.5/16.5	0.007/0.012	0.00083/0.00090	193.03 mins	(1.626 mins)	0.309	0.077	0.211
11.5/16.5	0.007/0.012	0.00084/0.00090	194.66 mins	(1.623 mins)	0.311	0.077	0.211
11.5/16.5	0.007/0.012	0.00085/0.00090	196.30 mins	(1.638 mins)	0.313	0.076	0.208
11.5/16.5	0.007/0.012	0.00086/0.00090	197.94 mins	(1.644 mins)	0.318	0.078	0.211
11.5/16.5	0.007/0.012	0.00087/0.00090	199.59 mins	(1.654 mins)	0.318	0.077	0.208
11.5/16.5	0.007/0.012	0.00088/0.00090	201.25 mins	(1.656 mins)	0.319	0.076	0.207
11.5/16.5	0.007/0.012	0.00089/0.00090	202.91 mins	(1.663 mins)	0.323	0.076	0.205
11.5/16.5	0.007/0.012	0.00090/0.00090	204.59 mins	(1.677 mins)	0.331	0.079	0.212

11.5/16.5	0.008/0.012	0.00070/0.00090	206.14 mins	(1.55 mins)	0.269	0.077	0.214
11.5/16.5	0.008/0.012	0.00071/0.00090	207.68 mins	(1.539 mins)	0.271	0.075	0.212
11.5/16.5	0.008/0.012	0.00072/0.00090	209.22 mins	(1.543 mins)	0.275	0.076	0.213
11.5/16.5	0.008/0.012	0.00073/0.00090	210.80 mins	(1.575 mins)	0.278	0.077	0.213
11.5/16.5	0.008/0.012	0.00074/0.00090	212.35 mins	(1.556 mins)	0.279	0.076	0.211
11.5/16.5	0.008/0.012	0.00075/0.00090	213.92 mins	(1.567 mins)	0.285	0.078	0.214
11.5/16.5	0.008/0.012	0.00076/0.00090	215.50 mins	(1.583 mins)	0.289	0.076	0.209
11.5/16.5	0.008/0.012	0.00077/0.00090	217.09 mins	(1.583 mins)	0.291	0.076	0.211
11.5/16.5	0.008/0.012	0.00078/0.00090	218.69 mins	(1.601 mins)	0.295	0.078	0.214
11.5/16.5	0.008/0.012	0.00079/0.00090	220.28 mins	(1.596 mins)	0.297	0.077	0.213
11.5/16.5	0.008/0.012	0.00080/0.00090	221.88 mins	(1.599 mins)	0.302	0.077	0.211
11.5/16.5	0.008/0.012	0.00081/0.00090	223.48 mins	(1.601 mins)	0.302	0.076	0.206
11.5/16.5	0.008/0.012	0.00082/0.00090	225.11 mins	(1.626 mins)	0.305	0.077	0.210
11.5/16.5	0.008/0.012	0.00083/0.00090	226.74 mins	(1.633 mins)	0.310	0.077	0.210
11.5/16.5	0.008/0.012	0.00084/0.00090	228.40 mins	(1.656 mins)	0.311	0.077	0.210
11.5/16.5	0.008/0.012	0.00085/0.00090	230.02 mins	(1.628 mins)	0.314	0.077	0.209
11.5/16.5	0.008/0.012	0.00086/0.00090	231.66 mins	(1.637 mins)	0.316	0.074	0.203
11.5/16.5	0.008/0.012	0.00087/0.00090	233.30 mins	(1.642 mins)	0.321	0.077	0.211
11.5/16.5	0.008/0.012	0.00088/0.00090	234.96 mins	(1.654 mins)	0.323	0.076	0.207
11.5/16.5	0.008/0.012	0.00089/0.00090	236.62 mins	(1.667 mins)	0.327	0.076	0.206
11.5/16.5	0.008/0.012	0.00090/0.00090	238.31 mins	(1.686 mins)	0.326	0.075	0.205

11.5/16.5	0.009/0.012	0.00070/0.00090	239.88 mins	(1.566 mins)	0.270	0.078	0.217
11.5/16.5	0.009/0.012	0.00071/0.00090	241.42 mins	(1.542 mins)	0.273	0.076	0.212
11.5/16.5	0.009/0.012	0.00072/0.00090	242.98 mins	(1.563 mins)	0.277	0.078	0.216
11.5/16.5	0.009/0.012	0.00073/0.00090	244.53 mins	(1.553 mins)	0.279	0.076	0.212
11.5/16.5	0.009/0.012	0.00074/0.00090	247.13 mins	(2.601 mins)	0.282	0.078	0.213
11.5/16.5	0.009/0.012	0.00075/0.00090	249.24 mins	(2.109 mins)	0.288	0.077	0.211
11.5/16.5	0.009/0.012	0.00076/0.00090	250.82 mins	(1.576 mins)	0.289	0.076	0.211
11.5/16.5	0.009/0.012	0.00077/0.00090	252.42 mins	(1.603 mins)	0.296	0.077	0.214
11.5/16.5	0.009/0.012	0.00078/0.00090	254.02 mins	(1.602 mins)	0.297	0.077	0.211
11.5/16.5	0.009/0.012	0.00079/0.00090	255.63 mins	(1.605 mins)	0.299	0.076	0.211
11.5/16.5	0.009/0.012	0.00080/0.00090	257.24 mins	(1.608 mins)	0.300	0.076	0.208
11.5/16.5	0.009/0.012	0.00081/0.00090	258.87 mins	(1.631 mins)	0.306	0.077	0.210
11.5/16.5	0.009/0.012	0.00082/0.00090	260.52 mins	(1.649 mins)	0.312	0.079	0.213
11.5/16.5	0.009/0.012	0.00083/0.00090	262.18 mins	(1.662 mins)	0.312	0.078	0.214
11.5/16.5	0.009/0.012	0.00084/0.00090	263.83 mins	(1.647 mins)	0.315	0.076	0.208
11.5/16.5	0.009/0.012	0.00085/0.00090	265.46 mins	(1.639 mins)	0.319	0.078	0.212
11.5/16.5	0.009/0.012	0.00086/0.00090	267.10 mins	(1.634 mins)	0.316	0.077	0.209
11.5/16.5	0.009/0.012	0.00087/0.00090	268.74 mins	(1.643 mins)	0.321	0.075	0.208
11.5/16.5	0.009/0.012	0.00088/0.00090	270.40 mins	(1.661 mins)	0.327	0.078	0.210
11.5/16.5	0.009/0.012	0.00089/0.00090	272.07 mins	(1.665 mins)	0.329	0.076	0.207
11.5/16.5	0.009/0.012	0.00090/0.00090	273.74 mins	(1.668 mins)	0.329	0.077	0.206

11.5/16.5	0.010/0.012	0.00070/0.00090	275.28 mins	(1.545 mins)	0.272	0.077	0.215
11.5/16.5	0.010/0.012	0.00071/0.00090	276.86 mins	(1.576 mins)	0.277	0.078	0.215
11.5/16.5	0.010/0.012	0.00072/0.00090	278.40 mins	(1.545 mins)	0.276	0.076	0.210
11.5/16.5	0.010/0.012	0.00073/0.00090	279.96 mins	(1.563 mins)	0.284	0.076	0.215
11.5/16.5	0.010/0.012	0.00074/0.00090	281.54 mins	(1.571 mins)	0.284	0.076	0.212
11.5/16.5	0.010/0.012	0.00075/0.00090	283.13 mins	(1.591 mins)	0.290	0.075	0.210
11.5/16.5	0.010/0.012	0.00076/0.00090	284.72 mins	(1.596 mins)	0.292	0.076	0.211
11.5/16.5	0.010/0.012	0.00077/0.00090	286.30 mins	(1.58 mins)	0.291	0.076	0.211
11.5/16.5	0.010/0.012	0.00078/0.00090	287.89 mins	(1.592 mins)	0.299	0.077	0.212
11.5/16.5	0.010/0.012	0.00079/0.00090	289.49 mins	(1.595 mins)	0.300	0.078	0.212
11.5/16.5	0.010/0.012	0.00080/0.00090	291.11 mins	(1.624 mins)	0.304	0.076	0.207
11.5/16.5	0.010/0.012	0.00081/0.00090	292.74 mins	(1.626 mins)	0.304	0.077	0.210
11.5/16.5	0.010/0.012	0.00082/0.00090	294.37 mins	(1.632 mins)	0.308	0.075	0.208
11.5/16.5	0.010/0.012	0.00083/0.00090	296.00 mins	(1.631 mins)	0.313	0.078	0.212
11.5/16.5	0.010/0.012	0.00084/0.00090	297.66 mins	(1.656 mins)	0.314	0.078	0.209
11.5/16.5	0.010/0.012	0.00085/0.00090	299.30 mins	(1.645 mins)	0.321	0.078	0.210
11.5/16.5	0.010/0.012	0.00086/0.00090	300.95 mins	(1.648 mins)	0.323	0.078	0.211
11.5/16.5	0.010/0.012	0.00087/0.00090	302.60 mins	(1.652 mins)	0.323	0.078	0.208
11.5/16.5	0.010/0.012	0.00088/0.00090	304.26 mins	(1.659 mins)	0.328	0.078	0.209
11.5/16.5	0.010/0.012	0.00089/0.00090	305.95 mins	(1.69 mins)	0.331	0.078	0.209
11.5/16.5	0.010/0.012	0.00090/0.00090	307.62 mins	(1.663 mins)	0.332	0.078	0.208

11.5/16.5	0.011/0.012	0.00070/0.00090	309.17 mins	(1.553 mins)	0.277	0.079	0.216
11.5/16.5	0.011/0.012	0.00071/0.00090	310.74 mins	(1.568 mins)	0.279	0.076	0.211
11.5/16.5	0.011/0.012	0.00072/0.00090	312.33 mins	(1.597 mins)	0.280	0.078	0.215
11.5/16.5	0.011/0.012	0.00073/0.00090	313.92 mins	(1.585 mins)	0.281	0.077	0.212
11.5/16.5	0.011/0.012	0.00074/0.00090	315.49 mins	(1.568 mins)	0.288	0.077	0.213
11.5/16.5	0.011/0.012	0.00075/0.00090	317.08 mins	(1.597 mins)	0.292	0.077	0.213
11.5/16.5	0.011/0.012	0.00076/0.00090	318.68 mins	(1.598 mins)	0.292	0.075	0.209
11.5/16.5	0.011/0.012	0.00077/0.00090	320.29 mins	(1.605 mins)	0.295	0.076	0.210
11.5/16.5	0.011/0.012	0.00078/0.00090	321.90 mins	(1.615 mins)	0.302	0.079	0.214
11.5/16.5	0.011/0.012	0.00079/0.00090	323.53 mins	(1.627 mins)	0.301	0.076	0.209
11.5/16.5	0.011/0.012	0.00080/0.00090	325.15 mins	(1.617 mins)	0.304	0.078	0.213
11.5/16.5	0.011/0.012	0.00081/0.00090	326.78 mins	(1.629 mins)	0.307	0.076	0.208
11.5/16.5	0.011/0.012	0.00082/0.00090	328.41 mins	(1.632 mins)	0.311	0.076	0.209
11.5/16.5	0.011/0.012	0.00083/0.00090	330.05 mins	(1.644 mins)	0.317	0.078	0.212
11.5/16.5	0.011/0.012	0.00084/0.00090	331.69 mins	(1.641 mins)	0.318	0.077	0.209
11.5/16.5	0.011/0.012	0.00085/0.00090	333.33 mins	(1.639 mins)	0.321	0.076	0.209
11.5/16.5	0.011/0.012	0.00086/0.00090	334.99 mins	(1.656 mins)	0.322	0.078	0.212
11.5/16.5	0.011/0.012	0.00087/0.00090	336.66 mins	(1.673 mins)	0.329	0.077	0.210
11.5/16.5	0.011/0.012	0.00088/0.00090	338.32 mins	(1.658 mins)	0.329	0.077	0.209
11.5/16.5	0.011/0.012	0.00089/0.00090	340.01 mins	(1.69 mins)	0.335	0.078	0.212
11.5/16.5	0.011/0.012	0.00090/0.00090	341.71 mins	(1.699 mins)	0.335	0.078	0.208

11.5/16.5	0.012/0.012	0.00070/0.00090	343.26 mins	(1.553 mins)	0.277	0.078	0.217
11.5/16.5	0.012/0.012	0.00071/0.00090	344.80 mins	(1.541 mins)	0.278	0.076	0.211
11.5/16.5	0.012/0.012	0.00072/0.00090	346.36 mins	(1.556 mins)	0.280	0.076	0.214
11.5/16.5	0.012/0.012	0.00073/0.00090	347.92 mins	(1.565 mins)	0.286	0.077	0.215
11.5/16.5	0.012/0.012	0.00074/0.00090	349.50 mins	(1.577 mins)	0.289	0.077	0.215
11.5/16.5	0.012/0.012	0.00075/0.00090	351.07 mins	(1.568 mins)	0.292	0.075	0.207
11.5/16.5	0.012/0.012	0.00076/0.00090	352.66 mins	(1.592 mins)	0.294	0.076	0.209
11.5/16.5	0.012/0.012	0.00077/0.00090	354.26 mins	(1.597 mins)	0.300	0.076	0.210
11.5/16.5	0.012/0.012	0.00078/0.00090	355.85 mins	(1.591 mins)	0.299	0.076	0.209
11.5/16.5	0.012/0.012	0.00079/0.00090	357.46 mins	(1.612 mins)	0.305	0.078	0.211
11.5/16.5	0.012/0.012	0.00080/0.00090	359.08 mins	(1.624 mins)	0.309	0.077	0.210
11.5/16.5	0.012/0.012	0.00081/0.00090	360.72 mins	(1.638 mins)	0.311	0.077	0.211
11.5/16.5	0.012/0.012	0.00082/0.00090	362.35 mins	(1.624 mins)	0.312	0.077	0.211
11.5/16.5	0.012/0.012	0.00083/0.00090	363.97 mins	(1.625 mins)	0.317	0.077	0.208
11.5/16.5	0.012/0.012	0.00084/0.00090	365.61 mins	(1.637 mins)	0.318	0.076	0.207
11.5/16.5	0.012/0.012	0.00085/0.00090	367.26 mins	(1.656 mins)	0.321	0.077	0.209
11.5/16.5	0.012/0.012	0.00086/0.00090	368.92 mins	(1.654 mins)	0.323	0.077	0.209
11.5/16.5	0.012/0.012	0.00087/0.00090	370.59 mins	(1.672 mins)	0.328	0.077	0.209
11.5/16.5	0.012/0.012	0.00088/0.00090	372.25 mins	(1.656 mins)	0.329	0.077	0.207
11.5/16.5	0.012/0.012	0.00089/0.00090	373.90 mins	(1.652 mins)	0.334	0.077	0.209
11.5/16.5	0.012/0.012	0.00090/0.00090	375.57 mins	(1.675 mins)	0.338	0.076	0.205



11.7/16.5	0.002/0.012	0.00070/0.00090	377.10 mins	(1.527 mins)	0.262	0.078	0.218
11.7/16.5	0.002/0.012	0.00071/0.00090	378.62 mins	(1.522 mins)	0.264	0.079	0.219
11.7/16.5	0.002/0.012	0.00072/0.00090	380.16 mins	(1.542 mins)	0.268	0.077	0.217
11.7/16.5	0.002/0.012	0.00073/0.00090	381.68 mins	(1.522 mins)	0.270	0.078	0.217
11.7/16.5	0.002/0.012	0.00074/0.00090	383.22 mins	(1.534 mins)	0.275	0.079	0.218
11.7/16.5	0.002/0.012	0.00075/0.00090	384.76 mins	(1.545 mins)	0.275	0.077	0.214
11.7/16.5	0.002/0.012	0.00076/0.00090	386.32 mins	(1.555 mins)	0.278	0.078	0.216
11.7/16.5	0.002/0.012	0.00077/0.00090	387.89 mins	(1.575 mins)	0.281	0.077	0.216
11.7/16.5	0.002/0.012	0.00078/0.00090	389.46 mins	(1.564 mins)	0.284	0.079	0.216
11.7/16.5	0.002/0.012	0.00079/0.00090	391.04 mins	(1.581 mins)	0.288	0.079	0.216
11.7/16.5	0.002/0.012	0.00080/0.00090	392.62 mins	(1.576 mins)	0.290	0.077	0.212
11.7/16.5	0.002/0.012	0.00081/0.00090	394.22 mins	(1.601 mins)	0.292	0.077	0.210
11.7/16.5	0.002/0.012	0.00082/0.00090	395.83 mins	(1.608 mins)	0.299	0.078	0.216
11.7/16.5	0.002/0.012	0.00083/0.00090	397.42 mins	(1.59 mins)	0.300	0.077	0.213
11.7/16.5	0.002/0.012	0.00084/0.00090	399.03 mins	(1.612 mins)	0.304	0.079	0.215
11.7/16.5	0.002/0.012	0.00085/0.00090	400.64 mins	(1.617 mins)	0.307	0.078	0.215
11.7/16.5	0.002/0.012	0.00086/0.00090	402.34 mins	(1.692 mins)	0.310	0.078	0.214
11.7/16.5	0.002/0.012	0.00087/0.00090	404.04 mins	(1.701 mins)	0.315	0.079	0.215
11.7/16.5	0.002/0.012	0.00088/0.00090	405.73 mins	(1.696 mins)	0.315	0.077	0.211
11.7/16.5	0.002/0.012	0.00089/0.00090	407.45 mins	(1.711 mins)	0.313	0.077	0.210
11.7/16.5	0.002/0.012	0.00090/0.00090	409.16 mins	(1.714 mins)	0.323	0.078	0.211

11.7/16.5	0.003/0.012	0.00070/0.00090	410.72 mins	(1.565 mins)	0.260	0.077	0.214
11.7/16.5	0.003/0.012	0.00071/0.00090	412.25 mins	(1.529 mins)	0.267	0.079	0.220
11.7/16.5	0.003/0.012	0.00072/0.00090	413.80 mins	(1.543 mins)	0.269	0.078	0.217
11.7/16.5	0.003/0.012	0.00073/0.00090	415.34 mins	(1.54 mins)	0.270	0.077	0.217
11.7/16.5	0.003/0.012	0.00074/0.00090	416.87 mins	(1.538 mins)	0.275	0.076	0.214
11.7/16.5	0.003/0.012	0.00075/0.00090	418.44 mins	(1.566 mins)	0.277	0.077	0.215
11.7/16.5	0.003/0.012	0.00076/0.00090	420.01 mins	(1.573 mins)	0.281	0.077	0.214
11.7/16.5	0.003/0.012	0.00077/0.00090	421.59 mins	(1.574 mins)	0.287	0.078	0.216
11.7/16.5	0.003/0.012	0.00078/0.00090	423.16 mins	(1.576 mins)	0.285	0.078	0.214
11.7/16.5	0.003/0.012	0.00079/0.00090	424.77 mins	(1.605 mins)	0.289	0.078	0.217
11.7/16.5	0.003/0.012	0.00080/0.00090	426.35 mins	(1.585 mins)	0.291	0.078	0.215
11.7/16.5	0.003/0.012	0.00081/0.00090	427.96 mins	(1.607 mins)	0.297	0.079	0.215
11.7/16.5	0.003/0.012	0.00082/0.00090	429.56 mins	(1.605 mins)	0.299	0.079	0.213
11.7/16.5	0.003/0.012	0.00083/0.00090	431.17 mins	(1.606 mins)	0.300	0.078	0.215
11.7/16.5	0.003/0.012	0.00084/0.00090	432.77 mins	(1.603 mins)	0.303	0.078	0.215
11.7/16.5	0.003/0.012	0.00085/0.00090	434.41 mins	(1.641 mins)	0.307	0.078	0.213
11.7/16.5	0.003/0.012	0.00086/0.00090	436.04 mins	(1.629 mins)	0.310	0.078	0.215
11.7/16.5	0.003/0.012	0.00087/0.00090	437.67 mins	(1.626 mins)	0.312	0.077	0.212
11.7/16.5	0.003/0.012	0.00088/0.00090	439.29 mins	(1.624 mins)	0.315	0.078	0.215
11.7/16.5	0.003/0.012	0.00089/0.00090	440.95 mins	(1.653 mins)	0.318	0.078	0.214
11.7/16.5	0.003/0.012	0.00090/0.00090	442.60 mins	(1.649 mins)	0.324	0.079	0.212

11.7/16.5	0.004/0.012	0.00070/0.00090	444.13 mins	(1.531 mins)	0.260	0.078	0.216
11.7/16.5	0.004/0.012	0.00071/0.00090	445.65 mins	(1.527 mins)	0.268	0.077	0.216
11.7/16.5	0.004/0.012	0.00072/0.00090	447.19 mins	(1.537 mins)	0.272	0.079	0.219
11.7/16.5	0.004/0.012	0.00073/0.00090	448.74 mins	(1.55 mins)	0.274	0.080	0.218
11.7/16.5	0.004/0.012	0.00074/0.00090	450.31 mins	(1.566 mins)	0.277	0.078	0.219
11.7/16.5	0.004/0.012	0.00075/0.00090	451.86 mins	(1.552 mins)	0.279	0.079	0.219
11.7/16.5	0.004/0.012	0.00076/0.00090	453.43 mins	(1.575 mins)	0.279	0.077	0.213
11.7/16.5	0.004/0.012	0.00077/0.00090	455.00 mins	(1.571 mins)	0.289	0.080	0.218
11.7/16.5	0.004/0.012	0.00078/0.00090	456.60 mins	(1.599 mins)	0.290	0.079	0.217
11.7/16.5	0.004/0.012	0.00079/0.00090	458.19 mins	(1.586 mins)	0.291	0.079	0.218
11.7/16.5	0.004/0.012	0.00080/0.00090	459.78 mins	(1.589 mins)	0.296	0.079	0.216
11.7/16.5	0.004/0.012	0.00081/0.00090	461.39 mins	(1.606 mins)	0.296	0.079	0.216
11.7/16.5	0.004/0.012	0.00082/0.00090	462.99 mins	(1.606 mins)	0.298	0.076	0.212
11.7/16.5	0.004/0.012	0.00083/0.00090	464.59 mins	(1.60 mins)	0.305	0.079	0.215
11.7/16.5	0.004/0.012	0.00084/0.00090	466.20 mins	(1.609 mins)	0.308	0.078	0.215
11.7/16.5	0.004/0.012	0.00085/0.00090	467.82 mins	(1.622 mins)	0.310	0.079	0.215
11.7/16.5	0.004/0.012	0.00086/0.00090	469.44 mins	(1.62 mins)	0.311	0.077	0.211
11.7/16.5	0.004/0.012	0.00087/0.00090	471.07 mins	(1.626 mins)	0.315	0.077	0.214
11.7/16.5	0.004/0.012	0.00088/0.00090	472.72 mins	(1.652 mins)	0.318	0.077	0.211
11.7/16.5	0.004/0.012	0.00089/0.00090	474.37 mins	(1.651 mins)	0.321	0.077	0.212
11.7/16.5	0.004/0.012	0.00090/0.00090	476.03 mins	(1.655 mins)	0.321	0.079	0.213

11.7/16.5	0.005/0.012	0.00070/0.00090	477.58 mins	(1.55 mins)	0.268	0.079	0.221
11.7/16.5	0.005/0.012	0.00071/0.00090	479.10 mins	(1.53 mins)	0.267	0.079	0.219
11.7/16.5	0.005/0.012	0.00072/0.00090	480.63 mins	(1.52 mins)	0.271	0.077	0.216
11.7/16.5	0.005/0.012	0.00073/0.00090	482.19 mins	(1.564 mins)	0.272	0.078	0.217
11.7/16.5	0.005/0.012	0.00074/0.00090	483.75 mins	(1.565 mins)	0.278	0.076	0.213
11.7/16.5	0.005/0.012	0.00075/0.00090	485.30 mins	(1.544 mins)	0.281	0.078	0.217
11.7/16.5	0.005/0.012	0.00076/0.00090	486.85 mins	(1.552 mins)	0.281	0.077	0.214
11.7/16.5	0.005/0.012	0.00077/0.00090	488.43 mins	(1.583 mins)	0.289	0.078	0.216
11.7/16.5	0.005/0.012	0.00078/0.00090	490.03 mins	(1.592 mins)	0.290	0.077	0.215
11.7/16.5	0.005/0.012	0.00079/0.00090	491.61 mins	(1.584 mins)	0.294	0.077	0.213
11.7/16.5	0.005/0.012	0.00080/0.00090	493.21 mins	(1.596 mins)	0.296	0.077	0.214
11.7/16.5	0.005/0.012	0.00081/0.00090	494.80 mins	(1.596 mins)	0.298	0.077	0.211
11.7/16.5	0.005/0.012	0.00082/0.00090	496.39 mins	(1.592 mins)	0.301	0.077	0.212
11.7/16.5	0.005/0.012	0.00083/0.00090	498.01 mins	(1.611 mins)	0.306	0.078	0.215
11.7/16.5	0.005/0.012	0.00084/0.00090	499.62 mins	(1.618 mins)	0.306	0.078	0.212
11.7/16.5	0.005/0.012	0.00085/0.00090	501.26 mins	(1.632 mins)	0.310	0.078	0.211
11.7/16.5	0.005/0.012	0.00086/0.00090	502.88 mins	(1.628 mins)	0.316	0.078	0.212
11.7/16.5	0.005/0.012	0.00087/0.00090	504.52 mins	(1.633 mins)	0.317	0.077	0.210
11.7/16.5	0.005/0.012	0.00088/0.00090	506.16 mins	(1.643 mins)	0.319	0.077	0.211
11.7/16.5	0.005/0.012	0.00089/0.00090	507.82 mins	(1.658 mins)	0.323	0.078	0.214
11.7/16.5	0.005/0.012	0.00090/0.00090	509.47 mins	(1.65 mins)	0.325	0.077	0.210

11.7/16.5	0.006/0.012	0.00070/0.00090	511.00 mins	(1.536 mins)	0.268	0.077	0.216
11.7/16.5	0.006/0.012	0.00071/0.00090	512.54 mins	(1.536 mins)	0.270	0.078	0.215
11.7/16.5	0.006/0.012	0.00072/0.00090	514.07 mins	(1.529 mins)	0.274	0.078	0.218
11.7/16.5	0.006/0.012	0.00073/0.00090	515.61 mins	(1.544 mins)	0.277	0.078	0.218
11.7/16.5	0.006/0.012	0.00074/0.00090	517.16 mins	(1.551 mins)	0.278	0.078	0.216
11.7/16.5	0.006/0.012	0.00075/0.00090	518.74 mins	(1.579 mins)	0.282	0.078	0.216
11.7/16.5	0.006/0.012	0.00076/0.00090	520.31 mins	(1.57 mins)	0.286	0.078	0.218
11.7/16.5	0.006/0.012	0.00077/0.00090	521.88 mins	(1.571 mins)	0.289	0.076	0.212
11.7/16.5	0.006/0.012	0.00078/0.00090	523.48 mins	(1.599 mins)	0.289	0.077	0.211
11.7/16.5	0.006/0.012	0.00079/0.00090	525.09 mins	(1.607 mins)	0.296	0.078	0.212
11.7/16.5	0.006/0.012	0.00080/0.00090	526.69 mins	(1.605 mins)	0.299	0.079	0.215
11.7/16.5	0.006/0.012	0.00081/0.00090	528.30 mins	(1.605 mins)	0.299	0.077	0.211
11.7/16.5	0.006/0.012	0.00082/0.00090	529.93 mins	(1.631 mins)	0.304	0.079	0.215
11.7/16.5	0.006/0.012	0.00083/0.00090	531.54 mins	(1.608 mins)	0.305	0.078	0.215
11.7/16.5	0.006/0.012	0.00084/0.00090	533.16 mins	(1.625 mins)	0.312	0.079	0.214
11.7/16.5	0.006/0.012	0.00085/0.00090	534.79 mins	(1.631 mins)	0.314	0.079	0.216
11.7/16.5	0.006/0.012	0.00086/0.00090	536.41 mins	(1.62 mins)	0.317	0.079	0.214
11.7/16.5	0.006/0.012	0.00087/0.00090	538.07 mins	(1.651 mins)	0.321	0.080	0.215
11.7/16.5	0.006/0.012	0.00088/0.00090	539.72 mins	(1.651 mins)	0.320	0.079	0.211
11.7/16.5	0.006/0.012	0.00089/0.00090	541.37 mins	(1.65 mins)	0.325	0.078	0.210
11.7/16.5	0.006/0.012	0.00090/0.00090	543.02 mins	(1.654 mins)	0.324	0.078	0.210

11.7/16.5	0.007/0.012	0.00070/0.00090	544.58 mins	(1.557 mins)	0.268	0.077	0.216
11.7/16.5	0.007/0.012	0.00071/0.00090	546.11 mins	(1.536 mins)	0.271	0.078	0.217
11.7/16.5	0.007/0.012	0.00072/0.00090	547.67 mins	(1.552 mins)	0.275	0.078	0.216
11.7/16.5	0.007/0.012	0.00073/0.00090	549.21 mins	(1.544 mins)	0.276	0.077	0.214
11.7/16.5	0.007/0.012	0.00074/0.00090	550.78 mins	(1.575 mins)	0.282	0.078	0.217
11.7/16.5	0.007/0.012	0.00075/0.00090	552.35 mins	(1.567 mins)	0.282	0.077	0.213
11.7/16.5	0.007/0.012	0.00076/0.00090	553.92 mins	(1.571 mins)	0.286	0.077	0.212
11.7/16.5	0.007/0.012	0.00077/0.00090	555.50 mins	(1.58 mins)	0.289	0.076	0.212
11.7/16.5	0.007/0.012	0.00078/0.00090	557.07 mins	(1.571 mins)	0.290	0.078	0.212
11.7/16.5	0.007/0.012	0.00079/0.00090	558.67 mins	(1.596 mins)	0.297	0.078	0.215
11.7/16.5	0.007/0.012	0.00080/0.00090	560.28 mins	(1.606 mins)	0.298	0.077	0.212
11.7/16.5	0.007/0.012	0.00081/0.00090	561.90 mins	(1.622 mins)	0.302	0.078	0.212
11.7/16.5	0.007/0.012	0.00082/0.00090	563.51 mins	(1.61 mins)	0.306	0.079	0.215
11.7/16.5	0.007/0.012	0.00083/0.00090	565.13 mins	(1.623 mins)	0.309	0.078	0.213
11.7/16.5	0.007/0.012	0.00084/0.00090	566.76 mins	(1.635 mins)	0.310	0.078	0.214
11.7/16.5	0.007/0.012	0.00085/0.00090	568.42 mins	(1.656 mins)	0.313	0.078	0.214
11.7/16.5	0.007/0.012	0.00086/0.00090	570.05 mins	(1.631 mins)	0.318	0.078	0.211
11.7/16.5	0.007/0.012	0.00087/0.00090	571.72 mins	(1.669 mins)	0.319	0.078	0.210
11.7/16.5	0.007/0.012	0.00088/0.00090	573.39 mins	(1.67 mins)	0.322	0.079	0.215
11.7/16.5	0.007/0.012	0.00089/0.00090	575.04 mins	(1.654 mins)	0.327	0.079	0.214
11.7/16.5	0.007/0.012	0.00090/0.00090	576.73 mins	(1.681 mins)	0.326	0.077	0.210

11.7/16.5	0.008/0.012	0.00070/0.00090	578.26 mins	(1.539 mins)	0.271	0.079	0.215
11.7/16.5	0.008/0.012	0.00071/0.00090	579.79 mins	(1.528 mins)	0.270	0.077	0.214
11.7/16.5	0.008/0.012	0.00072/0.00090	581.34 mins	(1.547 mins)	0.275	0.078	0.217
11.7/16.5	0.008/0.012	0.00073/0.00090	582.90 mins	(1.56 mins)	0.279	0.078	0.217
11.7/16.5	0.008/0.012	0.00074/0.00090	584.47 mins	(1.569 mins)	0.286	0.079	0.219
11.7/16.5	0.008/0.012	0.00075/0.00090	586.04 mins	(1.571 mins)	0.284	0.078	0.215
11.7/16.5	0.008/0.012	0.00076/0.00090	587.61 mins	(1.575 mins)	0.291	0.079	0.216
11.7/16.5	0.008/0.012	0.00077/0.00090	589.20 mins	(1.589 mins)	0.291	0.078	0.215
11.7/16.5	0.008/0.012	0.00078/0.00090	590.79 mins	(1.587 mins)	0.296	0.076	0.211
11.7/16.5	0.008/0.012	0.00079/0.00090	592.40 mins	(1.611 mins)	0.297	0.078	0.215
11.7/16.5	0.008/0.012	0.00080/0.00090	593.99 mins	(1.59 mins)	0.300	0.078	0.215
11.7/16.5	0.008/0.012	0.00081/0.00090	595.61 mins	(1.622 mins)	0.303	0.077	0.211
11.7/16.5	0.008/0.012	0.00082/0.00090	597.24 mins	(1.627 mins)	0.307	0.078	0.215
11.7/16.5	0.008/0.012	0.00083/0.00090	598.88 mins	(1.635 mins)	0.309	0.078	0.211
11.7/16.5	0.008/0.012	0.00084/0.00090	600.51 mins	(1.637 mins)	0.312	0.077	0.210
11.7/16.5	0.008/0.012	0.00085/0.00090	602.14 mins	(1.622 mins)	0.313	0.078	0.211
11.7/16.5	0.008/0.012	0.00086/0.00090	603.78 mins	(1.644 mins)	0.318	0.077	0.210
11.7/16.5	0.008/0.012	0.00087/0.00090	605.44 mins	(1.656 mins)	0.323	0.078	0.211
11.7/16.5	0.008/0.012	0.00088/0.00090	607.08 mins	(1.641 mins)	0.326	0.078	0.211
11.7/16.5	0.008/0.012	0.00089/0.00090	608.75 mins	(1.671 mins)	0.329	0.078	0.210
11.7/16.5	0.008/0.012	0.00090/0.00090	610.41 mins	(1.664 mins)	0.329	0.077	0.209

11.7/16.5	0.009/0.012	0.00070/0.00090	611.97 mins	(1.554 mins)	0.273	0.078	0.218
11.7/16.5	0.009/0.012	0.00071/0.00090	613.54 mins	(1.569 mins)	0.273	0.078	0.218
11.7/16.5	0.009/0.012	0.00072/0.00090	615.09 mins	(1.551 mins)	0.277	0.078	0.216
11.7/16.5	0.009/0.012	0.00073/0.00090	616.64 mins	(1.55 mins)	0.283	0.078	0.217
11.7/16.5	0.009/0.012	0.00074/0.00090	618.20 mins	(1.567 mins)	0.287	0.078	0.216
11.7/16.5	0.009/0.012	0.00075/0.00090	619.77 mins	(1.568 mins)	0.288	0.077	0.214
11.7/16.5	0.009/0.012	0.00076/0.00090	621.38 mins	(1.605 mins)	0.294	0.078	0.217
11.7/16.5	0.009/0.012	0.00077/0.00090	622.96 mins	(1.58 mins)	0.293	0.078	0.216
11.7/16.5	0.009/0.012	0.00078/0.00090	624.56 mins	(1.602 mins)	0.295	0.078	0.216
11.7/16.5	0.009/0.012	0.00079/0.00090	626.16 mins	(1.606 mins)	0.300	0.076	0.211
11.7/16.5	0.009/0.012	0.00080/0.00090	627.76 mins	(1.599 mins)	0.303	0.077	0.214
11.7/16.5	0.009/0.012	0.00081/0.00090	629.40 mins	(1.634 mins)	0.306	0.077	0.213
11.7/16.5	0.009/0.012	0.00082/0.00090	631.02 mins	(1.626 mins)	0.309	0.077	0.212
11.7/16.5	0.009/0.012	0.00083/0.00090	632.65 mins	(1.631 mins)	0.315	0.079	0.215
11.7/16.5	0.009/0.012	0.00084/0.00090	634.27 mins	(1.616 mins)	0.314	0.078	0.216
11.7/16.5	0.009/0.012	0.00085/0.00090	635.91 mins	(1.642 mins)	0.318	0.078	0.211
11.7/16.5	0.009/0.012	0.00086/0.00090	637.55 mins	(1.633 mins)	0.317	0.077	0.209
11.7/16.5	0.009/0.012	0.00087/0.00090	639.19 mins	(1.641 mins)	0.322	0.078	0.210
11.7/16.5	0.009/0.012	0.00088/0.00090	640.83 mins	(1.64 mins)	0.325	0.077	0.210
11.7/16.5	0.009/0.012	0.00089/0.00090	642.49 mins	(1.664 mins)	0.329	0.078	0.211
11.7/16.5	0.009/0.012	0.00090/0.00090	644.16 mins	(1.67 mins)	0.330	0.077	0.209

11.7/16.5	0.010/0.012	0.00070/0.00090	645.71 mins	(1.553 mins)	0.273	0.078	0.219
11.7/16.5	0.010/0.012	0.00071/0.00090	647.28 mins	(1.562 mins)	0.277	0.078	0.215
11.7/16.5	0.010/0.012	0.00072/0.00090	648.84 mins	(1.56 mins)	0.282	0.078	0.215
11.7/16.5	0.010/0.012	0.00073/0.00090	650.42 mins	(1.581 mins)	0.287	0.080	0.221
11.7/16.5	0.010/0.012	0.00074/0.00090	651.98 mins	(1.564 mins)	0.287	0.079	0.216
11.7/16.5	0.010/0.012	0.00075/0.00090	653.56 mins	(1.58 mins)	0.289	0.078	0.215
11.7/16.5	0.010/0.012	0.00076/0.00090	655.15 mins	(1.585 mins)	0.293	0.078	0.214
11.7/16.5	0.010/0.012	0.00077/0.00090	656.75 mins	(1.605 mins)	0.295	0.079	0.217
11.7/16.5	0.010/0.012	0.00078/0.00090	658.35 mins	(1.599 mins)	0.299	0.078	0.213
11.7/16.5	0.010/0.012	0.00079/0.00090	659.94 mins	(1.594 mins)	0.300	0.077	0.212
11.7/16.5	0.010/0.012	0.00080/0.00090	661.55 mins	(1.609 mins)	0.307	0.079	0.215
11.7/16.5	0.010/0.012	0.00081/0.00090	663.16 mins	(1.605 mins)	0.306	0.078	0.210
11.7/16.5	0.010/0.012	0.00082/0.00090	664.79 mins	(1.627 mins)	0.311	0.078	0.213
11.7/16.5	0.010/0.012	0.00083/0.00090	666.43 mins	(1.645 mins)	0.315	0.078	0.211
11.7/16.5	0.010/0.012	0.00084/0.00090	668.09 mins	(1.663 mins)	0.319	0.078	0.212
11.7/16.5	0.010/0.012	0.00085/0.00090	669.75 mins	(1.662 mins)	0.322	0.079	0.214
11.7/16.5	0.010/0.012	0.00086/0.00090	671.41 mins	(1.656 mins)	0.322	0.078	0.212
11.7/16.5	0.010/0.012	0.00087/0.00090	673.07 mins	(1.664 mins)	0.325	0.078	0.211
11.7/16.5	0.010/0.012	0.00088/0.00090	674.74 mins	(1.661 mins)	0.325	0.077	0.210
11.7/16.5	0.010/0.012	0.00089/0.00090	676.42 mins	(1.685 mins)	0.329	0.077	0.208
11.7/16.5	0.010/0.012	0.00090/0.00090	678.09 mins	(1.672 mins)	0.333	0.078	0.210

11.7/16.5	0.011/0.012	0.00070/0.00090	679.64 mins	(1.545 mins)	0.278	0.078	0.218
11.7/16.5	0.011/0.012	0.00071/0.00090	681.18 mins	(1.544 mins)	0.275	0.077	0.215
11.7/16.5	0.011/0.012	0.00072/0.00090	682.73 mins	(1.552 mins)	0.281	0.078	0.216
11.7/16.5	0.011/0.012	0.00073/0.00090	684.31 mins	(1.58 mins)	0.285	0.079	0.219
11.7/16.5	0.011/0.012	0.00074/0.00090	685.90 mins	(1.585 mins)	0.287	0.077	0.213
11.7/16.5	0.011/0.012	0.00075/0.00090	687.48 mins	(1.581 mins)	0.290	0.077	0.214
11.7/16.5	0.011/0.012	0.00076/0.00090	689.08 mins	(1.60 mins)	0.296	0.076	0.212
11.7/16.5	0.011/0.012	0.00077/0.00090	690.67 mins	(1.586 mins)	0.296	0.078	0.213
11.7/16.5	0.011/0.012	0.00078/0.00090	692.25 mins	(1.582 mins)	0.300	0.078	0.212
11.7/16.5	0.011/0.012	0.00079/0.00090	693.84 mins	(1.59 mins)	0.304	0.078	0.213
11.7/16.5	0.011/0.012	0.00080/0.00090	695.47 mins	(1.627 mins)	0.307	0.078	0.214
11.7/16.5	0.011/0.012	0.00081/0.00090	697.08 mins	(1.61 mins)	0.310	0.078	0.213
11.7/16.5	0.011/0.012	0.00082/0.00090	698.70 mins	(1.629 mins)	0.315	0.079	0.215
11.7/16.5	0.011/0.012	0.00083/0.00090	700.33 mins	(1.626 mins)	0.315	0.078	0.213
11.7/16.5	0.011/0.012	0.00084/0.00090	701.96 mins	(1.63 mins)	0.318	0.078	0.211
11.7/16.5	0.011/0.012	0.00085/0.00090	703.60 mins	(1.643 mins)	0.321	0.077	0.211
11.7/16.5	0.011/0.012	0.00086/0.00090	705.25 mins	(1.652 mins)	0.323	0.078	0.211
11.7/16.5	0.011/0.012	0.00087/0.00090	706.91 mins	(1.657 mins)	0.326	0.079	0.211
11.7/16.5	0.011/0.012	0.00088/0.00090	708.59 mins	(1.677 mins)	0.330	0.078	0.213
11.7/16.5	0.011/0.012	0.00089/0.00090	710.26 mins	(1.671 mins)	0.333	0.078	0.209
11.7/16.5	0.011/0.012	0.00090/0.00090	711.94 mins	(1.681 mins)	0.336	0.078	0.211

11.7/16.5	0.012/0.012	0.00070/0.00090	713.52 mins	(1.575 mins)	0.276	0.078	0.217
11.7/16.5	0.012/0.012	0.00071/0.00090	715.09 mins	(1.571 mins)	0.278	0.078	0.216
11.7/16.5	0.012/0.012	0.00072/0.00090	716.66 mins	(1.573 mins)	0.282	0.077	0.214
11.7/16.5	0.012/0.012	0.00073/0.00090	718.24 mins	(1.581 mins)	0.286	0.079	0.216
11.7/16.5	0.012/0.012	0.00074/0.00090	719.81 mins	(1.57 mins)	0.290	0.078	0.215
11.7/16.5	0.012/0.012	0.00075/0.00090	721.39 mins	(1.58 mins)	0.293	0.079	0.217
11.7/16.5	0.012/0.012	0.00076/0.00090	722.99 mins	(1.603 mins)	0.294	0.078	0.213
11.7/16.5	0.012/0.012	0.00077/0.00090	724.58 mins	(1.587 mins)	0.298	0.077	0.214
11.7/16.5	0.012/0.012	0.00078/0.00090	726.20 mins	(1.614 mins)	0.301	0.078	0.214
11.7/16.5	0.012/0.012	0.00079/0.00090	727.80 mins	(1.605 mins)	0.303	0.077	0.212
11.7/16.5	0.012/0.012	0.00080/0.00090	729.42 mins	(1.621 mins)	0.306	0.079	0.213
11.7/16.5	0.012/0.012	0.00081/0.00090	731.05 mins	(1.627 mins)	0.311	0.078	0.214
11.7/16.5	0.012/0.012	0.00082/0.00090	732.68 mins	(1.63 mins)	0.312	0.078	0.212
11.7/16.5	0.012/0.012	0.00083/0.00090	734.34 mins	(1.655 mins)	0.318	0.079	0.213
11.7/16.5	0.012/0.012	0.00084/0.00090	735.98 mins	(1.644 mins)	0.321	0.078	0.212
11.7/16.5	0.012/0.012	0.00085/0.00090	737.63 mins	(1.654 mins)	0.322	0.078	0.213
11.7/16.5	0.012/0.012	0.00086/0.00090	739.29 mins	(1.659 mins)	0.324	0.078	0.212
11.7/16.5	0.012/0.012	0.00087/0.00090	740.94 mins	(1.651 mins)	0.326	0.077	0.211
11.7/16.5	0.012/0.012	0.00088/0.00090	742.61 mins	(1.666 mins)	0.331	0.076	0.209
11.7/16.5	0.012/0.012	0.00089/0.00090	744.30 mins	(1.695 mins)	0.335	0.077	0.207
11.7/16.5	0.012/0.012	0.00090/0.00090	745.98 mins	(1.677 mins)	0.337	0.077	0.209



11.9/16.5	0.002/0.012	0.00070/0.00090	747.52 mins	(1.536 mins)	0.262	0.078	0.217
11.9/16.5	0.002/0.012	0.00071/0.00090	749.03 mins	(1.517 mins)	0.263	0.078	0.219
11.9/16.5	0.002/0.012	0.00072/0.00090	750.58 mins	(1.545 mins)	0.269	0.079	0.220
11.9/16.5	0.002/0.012	0.00073/0.00090	752.13 mins	(1.552 mins)	0.272	0.079	0.221
11.9/16.5	0.002/0.012	0.00074/0.00090	753.70 mins	(1.566 mins)	0.275	0.078	0.219
11.9/16.5	0.002/0.012	0.00075/0.00090	755.23 mins	(1.539 mins)	0.278	0.078	0.219
11.9/16.5	0.002/0.012	0.00076/0.00090	756.79 mins	(1.56 mins)	0.283	0.081	0.224
11.9/16.5	0.002/0.012	0.00077/0.00090	758.35 mins	(1.56 mins)	0.283	0.080	0.221
11.9/16.5	0.002/0.012	0.00078/0.00090	759.92 mins	(1.565 mins)	0.287	0.080	0.222
11.9/16.5	0.002/0.012	0.00079/0.00090	761.49 mins	(1.571 mins)	0.287	0.079	0.219
11.9/16.5	0.002/0.012	0.00080/0.00090	763.09 mins	(1.596 mins)	0.293	0.080	0.218
11.9/16.5	0.002/0.012	0.00081/0.00090	764.68 mins	(1.59 mins)	0.296	0.079	0.216
11.9/16.5	0.002/0.012	0.00082/0.00090	766.28 mins	(1.603 mins)	0.300	0.080	0.218
11.9/16.5	0.002/0.012	0.00083/0.00090	767.86 mins	(1.581 mins)	0.301	0.079	0.215
11.9/16.5	0.002/0.012	0.00084/0.00090	769.49 mins	(1.628 mins)	0.304	0.078	0.214
11.9/16.5	0.002/0.012	0.00085/0.00090	771.10 mins	(1.616 mins)	0.306	0.079	0.216
11.9/16.5	0.002/0.012	0.00086/0.00090	772.74 mins	(1.637 mins)	0.314	0.080	0.218
11.9/16.5	0.002/0.012	0.00087/0.00090	774.37 mins	(1.624 mins)	0.314	0.080	0.217
11.9/16.5	0.002/0.012	0.00088/0.00090	776.01 mins	(1.647 mins)	0.316	0.079	0.214
11.9/16.5	0.002/0.012	0.00089/0.00090	777.67 mins	(1.654 mins)	0.318	0.078	0.213
11.9/16.5	0.002/0.012	0.00090/0.00090	779.32 mins	(1.657 mins)	0.322	0.078	0.212

11.9/16.5	0.003/0.012	0.00070/0.00090	780.85 mins	(1.528 mins)	0.262	0.079	0.217
11.9/16.5	0.003/0.012	0.00071/0.00090	782.38 mins	(1.533 mins)	0.266	0.079	0.220
11.9/16.5	0.003/0.012	0.00072/0.00090	783.94 mins	(1.554 mins)	0.271	0.079	0.220
11.9/16.5	0.003/0.012	0.00073/0.00090	785.48 mins	(1.541 mins)	0.273	0.079	0.220
11.9/16.5	0.003/0.012	0.00074/0.00090	787.03 mins	(1.554 mins)	0.276	0.078	0.215
11.9/16.5	0.003/0.012	0.00075/0.00090	788.59 mins	(1.559 mins)	0.279	0.079	0.221
11.9/16.5	0.003/0.012	0.00076/0.00090	790.16 mins	(1.571 mins)	0.280	0.078	0.217
11.9/16.5	0.003/0.012	0.00077/0.00090	791.72 mins	(1.552 mins)	0.283	0.079	0.219
11.9/16.5	0.003/0.012	0.00078/0.00090	793.29 mins	(1.577 mins)	0.290	0.078	0.215
11.9/16.5	0.003/0.012	0.00079/0.00090	794.87 mins	(1.58 mins)	0.292	0.079	0.220
11.9/16.5	0.003/0.012	0.00080/0.00090	796.48 mins	(1.605 mins)	0.298	0.080	0.220
11.9/16.5	0.003/0.012	0.00081/0.00090	798.07 mins	(1.595 mins)	0.295	0.079	0.217
11.9/16.5	0.003/0.012	0.00082/0.00090	799.67 mins	(1.599 mins)	0.300	0.078	0.215
11.9/16.5	0.003/0.012	0.00083/0.00090	801.27 mins	(1.598 mins)	0.301	0.080	0.217
11.9/16.5	0.003/0.012	0.00084/0.00090	802.88 mins	(1.612 mins)	0.305	0.080	0.219
11.9/16.5	0.003/0.012	0.00085/0.00090	804.50 mins	(1.621 mins)	0.308	0.079	0.216
11.9/16.5	0.003/0.012	0.00086/0.00090	806.13 mins	(1.626 mins)	0.312	0.080	0.218
11.9/16.5	0.003/0.012	0.00087/0.00090	807.75 mins	(1.625 mins)	0.313	0.079	0.215
11.9/16.5	0.003/0.012	0.00088/0.00090	809.38 mins	(1.63 mins)	0.316	0.080	0.217
11.9/16.5	0.003/0.012	0.00089/0.00090	811.01 mins	(1.623 mins)	0.318	0.078	0.214
11.9/16.5	0.003/0.012	0.00090/0.00090	812.66 mins	(1.65 mins)	0.324	0.080	0.215

11.9/16.5	0.004/0.012	0.00070/0.00090	814.19 mins	(1.529 mins)	0.265	0.080	0.224
11.9/16.5	0.004/0.012	0.00071/0.00090	815.74 mins	(1.553 mins)	0.268	0.079	0.219
11.9/16.5	0.004/0.012	0.00072/0.00090	817.28 mins	(1.541 mins)	0.271	0.079	0.220
11.9/16.5	0.004/0.012	0.00073/0.00090	818.83 mins	(1.548 mins)	0.275	0.079	0.222
11.9/16.5	0.004/0.012	0.00074/0.00090	820.37 mins	(1.537 mins)	0.275	0.078	0.217
11.9/16.5	0.004/0.012	0.00075/0.00090	821.92 mins	(1.554 mins)	0.279	0.079	0.221
11.9/16.5	0.004/0.012	0.00076/0.00090	823.49 mins	(1.575 mins)	0.284	0.080	0.220
11.9/16.5	0.004/0.012	0.00077/0.00090	825.07 mins	(1.578 mins)	0.287	0.079	0.218
11.9/16.5	0.004/0.012	0.00078/0.00090	826.65 mins	(1.582 mins)	0.291	0.080	0.218
11.9/16.5	0.004/0.012	0.00079/0.00090	828.25 mins	(1.594 mins)	0.292	0.080	0.219
11.9/16.5	0.004/0.012	0.00080/0.00090	829.85 mins	(1.601 mins)	0.295	0.079	0.219
11.9/16.5	0.004/0.012	0.00081/0.00090	831.44 mins	(1.587 mins)	0.297	0.079	0.219
11.9/16.5	0.004/0.012	0.00082/0.00090	833.05 mins	(1.615 mins)	0.298	0.078	0.214
11.9/16.5	0.004/0.012	0.00083/0.00090	834.67 mins	(1.621 mins)	0.305	0.081	0.220
11.9/16.5	0.004/0.012	0.00084/0.00090	836.28 mins	(1.608 mins)	0.306	0.079	0.215
11.9/16.5	0.004/0.012	0.00085/0.00090	837.91 mins	(1.632 mins)	0.308	0.078	0.212
11.9/16.5	0.004/0.012	0.00086/0.00090	839.54 mins	(1.63 mins)	0.310	0.078	0.214
11.9/16.5	0.004/0.012	0.00087/0.00090	841.19 mins	(1.646 mins)	0.316	0.079	0.216
11.9/16.5	0.004/0.012	0.00088/0.00090	842.84 mins	(1.655 mins)	0.320	0.082	0.221
11.9/16.5	0.004/0.012	0.00089/0.00090	844.50 mins	(1.66 mins)	0.320	0.079	0.215
11.9/16.5	0.004/0.012	0.00090/0.00090	846.18 mins	(1.674 mins)	0.326	0.079	0.217

11.9/16.5	0.005/0.012	0.00070/0.00090	847.68 mins	(1.508 mins)	0.265	0.081	0.222
11.9/16.5	0.005/0.012	0.00071/0.00090	849.22 mins	(1.531 mins)	0.270	0.079	0.223
11.9/16.5	0.005/0.012	0.00072/0.00090	850.75 mins	(1.532 mins)	0.274	0.079	0.221
11.9/16.5	0.005/0.012	0.00073/0.00090	852.33 mins	(1.58 mins)	0.276	0.079	0.218
11.9/16.5	0.005/0.012	0.00074/0.00090	853.88 mins	(1.55 mins)	0.283	0.080	0.222
11.9/16.5	0.005/0.012	0.00075/0.00090	855.47 mins	(1.59 mins)	0.281	0.080	0.222
11.9/16.5	0.005/0.012	0.00076/0.00090	857.03 mins	(1.561 mins)	0.284	0.080	0.221
11.9/16.5	0.005/0.012	0.00077/0.00090	858.60 mins	(1.572 mins)	0.288	0.080	0.222
11.9/16.5	0.005/0.012	0.00078/0.00090	860.19 mins	(1.59 mins)	0.290	0.078	0.216
11.9/16.5	0.005/0.012	0.00079/0.00090	861.77 mins	(1.578 mins)	0.294	0.079	0.218
11.9/16.5	0.005/0.012	0.00080/0.00090	863.37 mins	(1.606 mins)	0.299	0.080	0.219
11.9/16.5	0.005/0.012	0.00081/0.00090	864.98 mins	(1.604 mins)	0.300	0.079	0.218
11.9/16.5	0.005/0.012	0.00082/0.00090	866.58 mins	(1.603 mins)	0.304	0.080	0.218
11.9/16.5	0.005/0.012	0.00083/0.00090	868.28 mins	(1.70 mins)	0.306	0.078	0.215
11.9/16.5	0.005/0.012	0.00084/0.00090	869.98 mins	(1.698 mins)	0.310	0.079	0.214
11.9/16.5	0.005/0.012	0.00085/0.00090	871.68 mins	(1.704 mins)	0.313	0.080	0.217
11.9/16.5	0.005/0.012	0.00086/0.00090	873.40 mins	(1.715 mins)	0.316	0.079	0.214
11.9/16.5	0.005/0.012	0.00087/0.00090	875.12 mins	(1.725 mins)	0.316	0.079	0.216
11.9/16.5	0.005/0.012	0.00088/0.00090	876.84 mins	(1.715 mins)	0.321	0.079	0.214
11.9/16.5	0.005/0.012	0.00089/0.00090	878.56 mins	(1.717 mins)	0.325	0.079	0.214
11.9/16.5	0.005/0.012	0.00090/0.00090	880.28 mins	(1.723 mins)	0.327	0.079	0.215

11.9/16.5	0.006/0.012	0.00070/0.00090	881.87 mins	(1.594 mins)	0.267	0.079	0.220
11.9/16.5	0.006/0.012	0.00071/0.00090	883.40 mins	(1.532 mins)	0.271	0.080	0.222
11.9/16.5	0.006/0.012	0.00072/0.00090	884.96 mins	(1.557 mins)	0.274	0.078	0.219
11.9/16.5	0.006/0.012	0.00073/0.00090	886.49 mins	(1.534 mins)	0.276	0.080	0.222
11.9/16.5	0.006/0.012	0.00074/0.00090	888.09 mins	(1.595 mins)	0.281	0.078	0.216
11.9/16.5	0.006/0.012	0.00075/0.00090	889.66 mins	(1.57 mins)	0.284	0.080	0.220
11.9/16.5	0.006/0.012	0.00076/0.00090	891.24 mins	(1.578 mins)	0.286	0.080	0.219
11.9/16.5	0.006/0.012	0.00077/0.00090	892.81 mins	(1.573 mins)	0.289	0.078	0.217
11.9/16.5	0.006/0.012	0.00078/0.00090	894.39 mins	(1.583 mins)	0.293	0.078	0.215
11.9/16.5	0.006/0.012	0.00079/0.00090	895.99 mins	(1.592 mins)	0.297	0.079	0.218
11.9/16.5	0.006/0.012	0.00080/0.00090	897.59 mins	(1.603 mins)	0.300	0.079	0.218
11.9/16.5	0.006/0.012	0.00081/0.00090	899.19 mins	(1.598 mins)	0.301	0.080	0.218
11.9/16.5	0.006/0.012	0.00082/0.00090	900.82 mins	(1.633 mins)	0.306	0.080	0.218
11.9/16.5	0.006/0.012	0.00083/0.00090	902.42 mins	(1.599 mins)	0.307	0.079	0.213
11.9/16.5	0.006/0.012	0.00084/0.00090	904.04 mins	(1.625 mins)	0.311	0.080	0.217
11.9/16.5	0.006/0.012	0.00085/0.00090	905.68 mins	(1.641 mins)	0.316	0.080	0.218
11.9/16.5	0.006/0.012	0.00086/0.00090	907.33 mins	(1.647 mins)	0.319	0.079	0.215
11.9/16.5	0.006/0.012	0.00087/0.00090	908.96 mins	(1.633 mins)	0.318	0.079	0.215
11.9/16.5	0.006/0.012	0.00088/0.00090	910.62 mins	(1.651 mins)	0.323	0.080	0.215
11.9/16.5	0.006/0.012	0.00089/0.00090	912.26 mins	(1.64 mins)	0.324	0.080	0.215
11.9/16.5	0.006/0.012	0.00090/0.00090	913.93 mins	(1.674 mins)	0.329	0.079	0.212

11.9/16.5	0.007/0.012	0.00070/0.00090	915.47 mins	(1.541 mins)	0.274	0.081	0.226
11.9/16.5	0.007/0.012	0.00071/0.00090	917.02 mins	(1.545 mins)	0.274	0.078	0.220
11.9/16.5	0.007/0.012	0.00072/0.00090	918.56 mins	(1.548 mins)	0.276	0.080	0.220
11.9/16.5	0.007/0.012	0.00073/0.00090	920.12 mins	(1.552 mins)	0.277	0.077	0.215
11.9/16.5	0.007/0.012	0.00074/0.00090	921.66 mins	(1.549 mins)	0.281	0.079	0.218
11.9/16.5	0.007/0.012	0.00075/0.00090	923.24 mins	(1.572 mins)	0.285	0.079	0.218
11.9/16.5	0.007/0.012	0.00076/0.00090	924.81 mins	(1.574 mins)	0.288	0.081	0.220
11.9/16.5	0.007/0.012	0.00077/0.00090	926.40 mins	(1.59 mins)	0.294	0.079	0.219
11.9/16.5	0.007/0.012	0.00078/0.00090	928.00 mins	(1.598 mins)	0.293	0.079	0.220
11.9/16.5	0.007/0.012	0.00079/0.00090	929.60 mins	(1.60 mins)	0.297	0.080	0.221
11.9/16.5	0.007/0.012	0.00080/0.00090	931.21 mins	(1.608 mins)	0.300	0.078	0.214
11.9/16.5	0.007/0.012	0.00081/0.00090	932.83 mins	(1.627 mins)	0.304	0.079	0.216
11.9/16.5	0.007/0.012	0.00082/0.00090	934.45 mins	(1.613 mins)	0.306	0.080	0.220
11.9/16.5	0.007/0.012	0.00083/0.00090	936.09 mins	(1.644 mins)	0.309	0.081	0.219
11.9/16.5	0.007/0.012	0.00084/0.00090	937.72 mins	(1.633 mins)	0.315	0.079	0.216
11.9/16.5	0.007/0.012	0.00085/0.00090	939.37 mins	(1.649 mins)	0.314	0.080	0.217
11.9/16.5	0.007/0.012	0.00086/0.00090	941.01 mins	(1.639 mins)	0.318	0.080	0.216
11.9/16.5	0.007/0.012	0.00087/0.00090	942.66 mins	(1.653 mins)	0.321	0.079	0.216
11.9/16.5	0.007/0.012	0.00088/0.00090	944.32 mins	(1.658 mins)	0.324	0.080	0.218
11.9/16.5	0.007/0.012	0.00089/0.00090	945.98 mins	(1.655 mins)	0.328	0.080	0.217
11.9/16.5	0.007/0.012	0.00090/0.00090	947.63 mins	(1.656 mins)	0.329	0.079	0.212

11.9/16.5	0.008/0.012	0.00070/0.00090	949.18 mins	(1.548 mins)	0.273	0.081	0.224
11.9/16.5	0.008/0.012	0.00071/0.00090	950.72 mins	(1.541 mins)	0.273	0.079	0.220
11.9/16.5	0.008/0.012	0.00072/0.00090	952.27 mins	(1.546 mins)	0.278	0.078	0.216
11.9/16.5	0.008/0.012	0.00073/0.00090	953.85 mins	(1.587 mins)	0.279	0.078	0.219
11.9/16.5	0.008/0.012	0.00074/0.00090	955.42 mins	(1.563 mins)	0.285	0.079	0.218
11.9/16.5	0.008/0.012	0.00075/0.00090	956.99 mins	(1.576 mins)	0.287	0.079	0.219
11.9/16.5	0.008/0.012	0.00076/0.00090	958.58 mins	(1.591 mins)	0.291	0.079	0.219
11.9/16.5	0.008/0.012	0.00077/0.00090	960.17 mins	(1.588 mins)	0.294	0.078	0.217
11.9/16.5	0.008/0.012	0.00078/0.00090	961.78 mins	(1.608 mins)	0.296	0.079	0.219
11.9/16.5	0.008/0.012	0.00079/0.00090	963.38 mins	(1.604 mins)	0.299	0.078	0.215
11.9/16.5	0.008/0.012	0.00080/0.00090	964.99 mins	(1.603 mins)	0.303	0.078	0.214
11.9/16.5	0.008/0.012	0.00081/0.00090	966.61 mins	(1.625 mins)	0.305	0.079	0.217
11.9/16.5	0.008/0.012	0.00082/0.00090	968.27 mins	(1.656 mins)	0.308	0.080	0.217
11.9/16.5	0.008/0.012	0.00083/0.00090	969.90 mins	(1.627 mins)	0.311	0.079	0.218
11.9/16.5	0.008/0.012	0.00084/0.00090	971.56 mins	(1.66 mins)	0.314	0.078	0.214
11.9/16.5	0.008/0.012	0.00085/0.00090	973.23 mins	(1.674 mins)	0.317	0.078	0.215
11.9/16.5	0.008/0.012	0.00086/0.00090	974.88 mins	(1.654 mins)	0.320	0.079	0.213
11.9/16.5	0.008/0.012	0.00087/0.00090	976.53 mins	(1.65 mins)	0.325	0.079	0.212
11.9/16.5	0.008/0.012	0.00088/0.00090	978.19 mins	(1.658 mins)	0.326	0.079	0.216
11.9/16.5	0.008/0.012	0.00089/0.00090	979.85 mins	(1.655 mins)	0.327	0.080	0.216
11.9/16.5	0.008/0.012	0.00090/0.00090	981.52 mins	(1.675 mins)	0.332	0.080	0.215

11.9/16.5	0.009/0.012	0.00070/0.00090	983.08 mins	(1.555 mins)	0.273	0.080	0.221
11.9/16.5	0.009/0.012	0.00071/0.00090	984.63 mins	(1.554 mins)	0.277	0.078	0.216
11.9/16.5	0.009/0.012	0.00072/0.00090	986.18 mins	(1.549 mins)	0.277	0.080	0.220
11.9/16.5	0.009/0.012	0.00073/0.00090	987.74 mins	(1.559 mins)	0.282	0.080	0.219
11.9/16.5	0.009/0.012	0.00074/0.00090	989.33 mins	(1.59 mins)	0.285	0.079	0.220
11.9/16.5	0.009/0.012	0.00075/0.00090	990.92 mins	(1.591 mins)	0.290	0.079	0.220
11.9/16.5	0.009/0.012	0.00076/0.00090	992.49 mins	(1.572 mins)	0.293	0.080	0.221
11.9/16.5	0.009/0.012	0.00077/0.00090	994.10 mins	(1.607 mins)	0.297	0.078	0.215
11.9/16.5	0.009/0.012	0.00078/0.00090	995.69 mins	(1.593 mins)	0.296	0.080	0.220
11.9/16.5	0.009/0.012	0.00079/0.00090	997.30 mins	(1.609 mins)	0.302	0.081	0.222
11.9/16.5	0.009/0.012	0.00080/0.00090	998.91 mins	(1.613 mins)	0.304	0.079	0.216
11.9/16.5	0.009/0.012	0.00081/0.00090	1000.53 mins	(1.611 mins)	0.306	0.079	0.216
11.9/16.5	0.009/0.012	0.00082/0.00090	1002.15 mins	(1.625 mins)	0.308	0.080	0.217
11.9/16.5	0.009/0.012	0.00083/0.00090	1003.77 mins	(1.618 mins)	0.313	0.079	0.217
11.9/16.5	0.009/0.012	0.00084/0.00090	1005.42 mins	(1.648 mins)	0.318	0.079	0.215
11.9/16.5	0.009/0.012	0.00085/0.00090	1007.05 mins	(1.638 mins)	0.319	0.078	0.212
11.9/16.5	0.009/0.012	0.00086/0.00090	1008.72 mins	(1.662 mins)	0.321	0.078	0.212
11.9/16.5	0.009/0.012	0.00087/0.00090	1010.36 mins	(1.639 mins)	0.324	0.080	0.216
11.9/16.5	0.009/0.012	0.00088/0.00090	1012.01 mins	(1.658 mins)	0.326	0.079	0.213
11.9/16.5	0.009/0.012	0.00089/0.00090	1013.68 mins	(1.666 mins)	0.331	0.081	0.217
11.9/16.5	0.009/0.012	0.00090/0.00090	1015.35 mins	(1.674 mins)	0.333	0.078	0.213

11.9/16.5	0.010/0.012	0.00070/0.00090	1016.91 mins	(1.556 mins)	0.275	0.078	0.220
11.9/16.5	0.010/0.012	0.00071/0.00090	1018.47 mins	(1.561 mins)	0.279	0.080	0.224
11.9/16.5	0.010/0.012	0.00072/0.00090	1020.04 mins	(1.574 mins)	0.281	0.078	0.216
11.9/16.5	0.010/0.012	0.00073/0.00090	1021.63 mins	(1.585 mins)	0.283	0.080	0.222
11.9/16.5	0.010/0.012	0.00074/0.00090	1023.22 mins	(1.588 mins)	0.287	0.079	0.219
11.9/16.5	0.010/0.012	0.00075/0.00090	1024.80 mins	(1.58 mins)	0.289	0.079	0.218
11.9/16.5	0.010/0.012	0.00076/0.00090	1026.40 mins	(1.602 mins)	0.293	0.079	0.217
11.9/16.5	0.010/0.012	0.00077/0.00090	1028.00 mins	(1.599 mins)	0.300	0.078	0.216
11.9/16.5	0.010/0.012	0.00078/0.00090	1029.63 mins	(1.631 mins)	0.297	0.079	0.216
11.9/16.5	0.010/0.012	0.00079/0.00090	1031.26 mins	(1.626 mins)	0.305	0.079	0.220
11.9/16.5	0.010/0.012	0.00080/0.00090	1032.91 mins	(1.654 mins)	0.310	0.079	0.218
11.9/16.5	0.010/0.012	0.00081/0.00090	1034.53 mins	(1.625 mins)	0.309	0.079	0.217
11.9/16.5	0.010/0.012	0.00082/0.00090	1036.18 mins	(1.647 mins)	0.313	0.079	0.215
11.9/16.5	0.010/0.012	0.00083/0.00090	1037.81 mins	(1.627 mins)	0.315	0.078	0.215
11.9/16.5	0.010/0.012	0.00084/0.00090	1039.43 mins	(1.625 mins)	0.317	0.079	0.215
11.9/16.5	0.010/0.012	0.00085/0.00090	1041.10 mins	(1.67 mins)	0.320	0.079	0.213
11.9/16.5	0.010/0.012	0.00086/0.00090	1042.75 mins	(1.651 mins)	0.324	0.079	0.215
11.9/16.5	0.010/0.012	0.00087/0.00090	1044.41 mins	(1.651 mins)	0.327	0.080	0.218
11.9/16.5	0.010/0.012	0.00088/0.00090	1046.09 mins	(1.684 mins)	0.330	0.080	0.215
11.9/16.5	0.010/0.012	0.00089/0.00090	1047.78 mins	(1.69 mins)	0.335	0.081	0.217
11.9/16.5	0.010/0.012	0.00090/0.00090	1049.46 mins	(1.676 mins)	0.334	0.080	0.213

11.9/16.5	0.011/0.012	0.00070/0.00090	1051.02 mins	(1.56 mins)	0.278	0.078	0.219
11.9/16.5	0.011/0.012	0.00071/0.00090	1052.57 mins	(1.555 mins)	0.280	0.077	0.213
11.9/16.5	0.011/0.012	0.00072/0.00090	1054.12 mins	(1.553 mins)	0.286	0.081	0.223
11.9/16.5	0.011/0.012	0.00073/0.00090	1055.70 mins	(1.576 mins)	0.286	0.080	0.220
11.9/16.5	0.011/0.012	0.00074/0.00090	1057.27 mins	(1.571 mins)	0.286	0.080	0.220
11.9/16.5	0.011/0.012	0.00075/0.00090	1058.86 mins	(1.584 mins)	0.291	0.080	0.220
11.9/16.5	0.011/0.012	0.00076/0.00090	1060.45 mins	(1.593 mins)	0.296	0.080	0.219
11.9/16.5	0.011/0.012	0.00077/0.00090	1062.05 mins	(1.602 mins)	0.299	0.082	0.223
11.9/16.5	0.011/0.012	0.00078/0.00090	1063.66 mins	(1.606 mins)	0.301	0.079	0.216
11.9/16.5	0.011/0.012	0.00079/0.00090	1065.25 mins	(1.598 mins)	0.304	0.080	0.219
11.9/16.5	0.011/0.012	0.00080/0.00090	1066.87 mins	(1.619 mins)	0.306	0.080	0.217
11.9/16.5	0.011/0.012	0.00081/0.00090	1068.49 mins	(1.613 mins)	0.311	0.080	0.217
11.9/16.5	0.011/0.012	0.00082/0.00090	1070.14 mins	(1.654 mins)	0.312	0.080	0.216
11.9/16.5	0.011/0.012	0.00083/0.00090	1071.76 mins	(1.625 mins)	0.315	0.079	0.217
11.9/16.5	0.011/0.012	0.00084/0.00090	1073.42 mins	(1.651 mins)	0.317	0.080	0.218
11.9/16.5	0.011/0.012	0.00085/0.00090	1075.06 mins	(1.646 mins)	0.324	0.080	0.216
11.9/16.5	0.011/0.012	0.00086/0.00090	1076.71 mins	(1.643 mins)	0.324	0.078	0.212
11.9/16.5	0.011/0.012	0.00087/0.00090	1078.36 mins	(1.657 mins)	0.331	0.079	0.213
11.9/16.5	0.011/0.012	0.00088/0.00090	1080.02 mins	(1.662 mins)	0.329	0.079	0.213
11.9/16.5	0.011/0.012	0.00089/0.00090	1081.71 mins	(1.688 mins)	0.335	0.079	0.212
11.9/16.5	0.011/0.012	0.00090/0.00090	1083.39 mins	(1.682 mins)	0.337	0.079	0.213

11.9/16.5	0.012/0.012	0.00070/0.00090	1084.96 mins	(1.568 mins)	0.279	0.080	0.220
11.9/16.5	0.012/0.012	0.00071/0.00090	1086.54 mins	(1.573 mins)	0.282	0.079	0.220
11.9/16.5	0.012/0.012	0.00072/0.00090	1088.11 mins	(1.579 mins)	0.284	0.079	0.220
11.9/16.5	0.012/0.012	0.00073/0.00090	1089.68 mins	(1.569 mins)	0.287	0.080	0.222
11.9/16.5	0.012/0.012	0.00074/0.00090	1091.26 mins	(1.576 mins)	0.292	0.079	0.220
11.9/16.5	0.012/0.012	0.00075/0.00090	1092.88 mins	(1.623 mins)	0.296	0.080	0.220
11.9/16.5	0.012/0.012	0.00076/0.00090	1094.49 mins	(1.611 mins)	0.299	0.080	0.220
11.9/16.5	0.012/0.012	0.00077/0.00090	1096.09 mins	(1.592 mins)	0.301	0.078	0.216
11.9/16.5	0.012/0.012	0.00078/0.00090	1097.71 mins	(1.62 mins)	0.303	0.079	0.217
11.9/16.5	0.012/0.012	0.00079/0.00090	1099.33 mins	(1.621 mins)	0.304	0.078	0.213
11.9/16.5	0.012/0.012	0.00080/0.00090	1100.95 mins	(1.622 mins)	0.310	0.079	0.217
11.9/16.5	0.012/0.012	0.00081/0.00090	1102.59 mins	(1.644 mins)	0.312	0.080	0.221
11.9/16.5	0.012/0.012	0.00082/0.00090	1104.22 mins	(1.628 mins)	0.311	0.079	0.214
11.9/16.5	0.012/0.012	0.00083/0.00090	1105.87 mins	(1.651 mins)	0.320	0.080	0.217
11.9/16.5	0.012/0.012	0.00084/0.00090	1107.51 mins	(1.638 mins)	0.320	0.077	0.209
11.9/16.5	0.012/0.012	0.00085/0.00090	1109.18 mins	(1.666 mins)	0.327	0.079	0.215
11.9/16.5	0.012/0.012	0.00086/0.00090	1110.83 mins	(1.654 mins)	0.327	0.080	0.218
11.9/16.5	0.012/0.012	0.00087/0.00090	1112.49 mins	(1.657 mins)	0.332	0.080	0.215
11.9/16.5	0.012/0.012	0.00088/0.00090	1114.15 mins	(1.664 mins)	0.332	0.080	0.216
11.9/16.5	0.012/0.012	0.00089/0.00090	1115.84 mins	(1.692 mins)	0.334	0.080	0.215
11.9/16.5	0.012/0.012	0.00090/0.00090	1117.53 mins	(1.686 mins)	0.337	0.078	0.212



12.1/16.5	0.002/0.012	0.00070/0.00090	1119.06 mins	(1.53 mins)	0.267	0.082	0.230
12.1/16.5	0.002/0.012	0.00071/0.00090	1120.58 mins	(1.52 mins)	0.264	0.079	0.222
12.1/16.5	0.002/0.012	0.00072/0.00090	1122.13 mins	(1.551 mins)	0.269	0.080	0.221
12.1/16.5	0.002/0.012	0.00073/0.00090	1123.67 mins	(1.541 mins)	0.270	0.079	0.220
12.1/16.5	0.002/0.012	0.00074/0.00090	1125.23 mins	(1.554 mins)	0.275	0.080	0.224
12.1/16.5	0.002/0.012	0.00075/0.00090	1126.80 mins	(1.571 mins)	0.276	0.080	0.222
12.1/16.5	0.002/0.012	0.00076/0.00090	1128.35 mins	(1.554 mins)	0.279	0.080	0.221
12.1/16.5	0.002/0.012	0.00077/0.00090	1129.94 mins	(1.593 mins)	0.286	0.081	0.222
12.1/16.5	0.002/0.012	0.00078/0.00090	1131.51 mins	(1.564 mins)	0.287	0.081	0.224
12.1/16.5	0.002/0.012	0.00079/0.00090	1133.09 mins	(1.583 mins)	0.292	0.081	0.223
12.1/16.5	0.002/0.012	0.00080/0.00090	1134.68 mins	(1.588 mins)	0.294	0.081	0.222
12.1/16.5	0.002/0.012	0.00081/0.00090	1136.27 mins	(1.591 mins)	0.294	0.080	0.221
12.1/16.5	0.002/0.012	0.00082/0.00090	1137.88 mins	(1.61 mins)	0.302	0.082	0.224
12.1/16.5	0.002/0.012	0.00083/0.00090	1139.47 mins	(1.596 mins)	0.304	0.080	0.221
12.1/16.5	0.002/0.012	0.00084/0.00090	1141.08 mins	(1.605 mins)	0.304	0.080	0.218
12.1/16.5	0.002/0.012	0.00085/0.00090	1142.71 mins	(1.626 mins)	0.307	0.080	0.219
12.1/16.5	0.002/0.012	0.00086/0.00090	1144.35 mins	(1.642 mins)	0.309	0.080	0.218
12.1/16.5	0.002/0.012	0.00087/0.00090	1145.99 mins	(1.639 mins)	0.312	0.081	0.221
12.1/16.5	0.002/0.012	0.00088/0.00090	1147.64 mins	(1.654 mins)	0.316	0.081	0.218
12.1/16.5	0.002/0.012	0.00089/0.00090	1149.28 mins	(1.64 mins)	0.319	0.080	0.217
12.1/16.5	0.002/0.012	0.00090/0.00090	1150.92 mins	(1.636 mins)	0.320	0.079	0.216

12.1/16.5	0.003/0.012	0.00070/0.00090	1152.46 mins	(1.547 mins)	0.264	0.080	0.224
12.1/16.5	0.003/0.012	0.00071/0.00090	1153.99 mins	(1.531 mins)	0.267	0.081	0.223
12.1/16.5	0.003/0.012	0.00072/0.00090	1155.52 mins	(1.53 mins)	0.269	0.081	0.227
12.1/16.5	0.003/0.012	0.00073/0.00090	1157.11 mins	(1.586 mins)	0.275	0.082	0.225
12.1/16.5	0.003/0.012	0.00074/0.00090	1158.66 mins	(1.551 mins)	0.278	0.081	0.227
12.1/16.5	0.003/0.012	0.00075/0.00090	1160.24 mins	(1.583 mins)	0.276	0.080	0.221
12.1/16.5	0.003/0.012	0.00076/0.00090	1161.81 mins	(1.57 mins)	0.282	0.081	0.224
12.1/16.5	0.003/0.012	0.00077/0.00090	1163.38 mins	(1.569 mins)	0.286	0.081	0.223
12.1/16.5	0.003/0.012	0.00078/0.00090	1164.98 mins	(1.595 mins)	0.289	0.080	0.220
12.1/16.5	0.003/0.012	0.00079/0.00090	1166.57 mins	(1.589 mins)	0.291	0.081	0.221
12.1/16.5	0.003/0.012	0.00080/0.00090	1168.16 mins	(1.595 mins)	0.294	0.080	0.222
12.1/16.5	0.003/0.012	0.00081/0.00090	1169.76 mins	(1.597 mins)	0.297	0.080	0.221
12.1/16.5	0.003/0.012	0.00082/0.00090	1171.36 mins	(1.605 mins)	0.302	0.081	0.221
12.1/16.5	0.003/0.012	0.00083/0.00090	1172.97 mins	(1.613 mins)	0.303	0.080	0.220
12.1/16.5	0.003/0.012	0.00084/0.00090	1174.61 mins	(1.639 mins)	0.308	0.082	0.222
12.1/16.5	0.003/0.012	0.00085/0.00090	1176.23 mins	(1.615 mins)	0.309	0.080	0.219
12.1/16.5	0.003/0.012	0.00086/0.00090	1177.87 mins	(1.646 mins)	0.313	0.081	0.221
12.1/16.5	0.003/0.012	0.00087/0.00090	1179.51 mins	(1.632 mins)	0.312	0.079	0.215
12.1/16.5	0.003/0.012	0.00088/0.00090	1181.15 mins	(1.641 mins)	0.318	0.080	0.217
12.1/16.5	0.003/0.012	0.00089/0.00090	1182.79 mins	(1.648 mins)	0.320	0.080	0.216
12.1/16.5	0.003/0.012	0.00090/0.00090	1184.46 mins	(1.663 mins)	0.325	0.081	0.219

12.1/16.5	0.004/0.012	0.00070/0.00090	1186.01 mins	(1.553 mins)	0.266	0.081	0.223
12.1/16.5	0.004/0.012	0.00071/0.00090	1187.54 mins	(1.532 mins)	0.268	0.080	0.225
12.1/16.5	0.004/0.012	0.00072/0.00090	1189.09 mins	(1.548 mins)	0.272	0.081	0.226
12.1/16.5	0.004/0.012	0.00073/0.00090	1190.64 mins	(1.545 mins)	0.275	0.080	0.220
12.1/16.5	0.004/0.012	0.00074/0.00090	1192.19 mins	(1.557 mins)	0.276	0.079	0.219
12.1/16.5	0.004/0.012	0.00075/0.00090	1193.77 mins	(1.58 mins)	0.283	0.081	0.223
12.1/16.5	0.004/0.012	0.00076/0.00090	1195.34 mins	(1.564 mins)	0.286	0.082	0.225
12.1/16.5	0.004/0.012	0.00077/0.00090	1196.91 mins	(1.578 mins)	0.290	0.082	0.224
12.1/16.5	0.004/0.012	0.00078/0.00090	1198.50 mins	(1.587 mins)	0.292	0.082	0.225
12.1/16.5	0.004/0.012	0.00079/0.00090	1200.09 mins	(1.593 mins)	0.294	0.081	0.222
12.1/16.5	0.004/0.012	0.00080/0.00090	1201.70 mins	(1.603 mins)	0.297	0.080	0.223
12.1/16.5	0.004/0.012	0.00081/0.00090	1203.29 mins	(1.592 mins)	0.297	0.080	0.222
12.1/16.5	0.004/0.012	0.00082/0.00090	1204.88 mins	(1.591 mins)	0.301	0.082	0.223
12.1/16.5	0.004/0.012	0.00083/0.00090	1206.49 mins	(1.605 mins)	0.307	0.081	0.222
12.1/16.5	0.004/0.012	0.00084/0.00090	1208.12 mins	(1.638 mins)	0.310	0.081	0.218
12.1/16.5	0.004/0.012	0.00085/0.00090	1209.75 mins	(1.628 mins)	0.312	0.081	0.221
12.1/16.5	0.004/0.012	0.00086/0.00090	1211.40 mins	(1.646 mins)	0.315	0.081	0.221
12.1/16.5	0.004/0.012	0.00087/0.00090	1213.04 mins	(1.637 mins)	0.317	0.080	0.217
12.1/16.5	0.004/0.012	0.00088/0.00090	1214.67 mins	(1.638 mins)	0.321	0.081	0.221
12.1/16.5	0.004/0.012	0.00089/0.00090	1216.34 mins	(1.67 mins)	0.321	0.081	0.219
12.1/16.5	0.004/0.012	0.00090/0.00090	1218.01 mins	(1.666 mins)	0.326	0.081	0.216

12.1/16.5	0.005/0.012	0.00070/0.00090	1219.57 mins	(1.559 mins)	0.269	0.081	0.225
12.1/16.5	0.005/0.012	0.00071/0.00090	1221.13 mins	(1.559 mins)	0.274	0.081	0.227
12.1/16.5	0.005/0.012	0.00072/0.00090	1222.66 mins	(1.532 mins)	0.272	0.081	0.225
12.1/16.5	0.005/0.012	0.00073/0.00090	1224.21 mins	(1.552 mins)	0.276	0.080	0.221
12.1/16.5	0.005/0.012	0.00074/0.00090	1225.79 mins	(1.578 mins)	0.280	0.082	0.223
12.1/16.5	0.005/0.012	0.00075/0.00090	1227.34 mins	(1.552 mins)	0.278	0.080	0.220
12.1/16.5	0.005/0.012	0.00076/0.00090	1228.92 mins	(1.575 mins)	0.287	0.081	0.221
12.1/16.5	0.005/0.012	0.00077/0.00090	1230.49 mins	(1.577 mins)	0.289	0.081	0.222
12.1/16.5	0.005/0.012	0.00078/0.00090	1232.09 mins	(1.594 mins)	0.292	0.080	0.220
12.1/16.5	0.005/0.012	0.00079/0.00090	1233.69 mins	(1.605 mins)	0.294	0.079	0.220
12.1/16.5	0.005/0.012	0.00080/0.00090	1235.30 mins	(1.603 mins)	0.300	0.082	0.223
12.1/16.5	0.005/0.012	0.00081/0.00090	1236.90 mins	(1.602 mins)	0.301	0.080	0.220
12.1/16.5	0.005/0.012	0.00082/0.00090	1238.50 mins	(1.603 mins)	0.304	0.080	0.219
12.1/16.5	0.005/0.012	0.00083/0.00090	1240.12 mins	(1.614 mins)	0.307	0.080	0.219
12.1/16.5	0.005/0.012	0.00084/0.00090	1241.76 mins	(1.649 mins)	0.310	0.079	0.217
12.1/16.5	0.005/0.012	0.00085/0.00090	1243.40 mins	(1.631 mins)	0.313	0.080	0.218
12.1/16.5	0.005/0.012	0.00086/0.00090	1245.02 mins	(1.627 mins)	0.316	0.080	0.216
12.1/16.5	0.005/0.012	0.00087/0.00090	1246.67 mins	(1.648 mins)	0.318	0.082	0.222
12.1/16.5	0.005/0.012	0.00088/0.00090	1248.33 mins	(1.661 mins)	0.323	0.080	0.216
12.1/16.5	0.005/0.012	0.00089/0.00090	1249.98 mins	(1.653 mins)	0.324	0.080	0.218
12.1/16.5	0.005/0.012	0.00090/0.00090	1251.63 mins	(1.651 mins)	0.327	0.080	0.218

12.1/16.5	0.006/0.012	0.00070/0.00090	1253.18 mins	(1.547 mins)	0.269	0.080	0.224
12.1/16.5	0.006/0.012	0.00071/0.00090	1254.74 mins	(1.554 mins)	0.273	0.082	0.224
12.1/16.5	0.006/0.012	0.00072/0.00090	1256.30 mins	(1.568 mins)	0.275	0.080	0.223
12.1/16.5	0.006/0.012	0.00073/0.00090	1257.88 mins	(1.572 mins)	0.279	0.082	0.226
12.1/16.5	0.006/0.012	0.00074/0.00090	1259.44 mins	(1.559 mins)	0.281	0.080	0.223
12.1/16.5	0.006/0.012	0.00075/0.00090	1260.99 mins	(1.557 mins)	0.284	0.080	0.223
12.1/16.5	0.006/0.012	0.00076/0.00090	1262.56 mins	(1.572 mins)	0.287	0.081	0.223
12.1/16.5	0.006/0.012	0.00077/0.00090	1264.15 mins	(1.588 mins)	0.291	0.082	0.225
12.1/16.5	0.006/0.012	0.00078/0.00090	1265.76 mins	(1.611 mins)	0.294	0.080	0.220
12.1/16.5	0.006/0.012	0.00079/0.00090	1267.35 mins	(1.586 mins)	0.296	0.081	0.221
12.1/16.5	0.006/0.012	0.00080/0.00090	1268.94 mins	(1.592 mins)	0.298	0.080	0.221
12.1/16.5	0.006/0.012	0.00081/0.00090	1270.54 mins	(1.594 mins)	0.301	0.081	0.220
12.1/16.5	0.006/0.012	0.00082/0.00090	1272.15 mins	(1.611 mins)	0.307	0.082	0.225
12.1/16.5	0.006/0.012	0.00083/0.00090	1273.78 mins	(1.63 mins)	0.310	0.079	0.218
12.1/16.5	0.006/0.012	0.00084/0.00090	1275.40 mins	(1.62 mins)	0.313	0.082	0.220
12.1/16.5	0.006/0.012	0.00085/0.00090	1277.03 mins	(1.634 mins)	0.312	0.078	0.215
12.1/16.5	0.006/0.012	0.00086/0.00090	1278.66 mins	(1.629 mins)	0.314	0.080	0.219
12.1/16.5	0.006/0.012	0.00087/0.00090	1280.32 mins	(1.655 mins)	0.319	0.080	0.216
12.1/16.5	0.006/0.012	0.00088/0.00090	1282.00 mins	(1.681 mins)	0.321	0.081	0.216
12.1/16.5	0.006/0.012	0.00089/0.00090	1283.71 mins	(1.717 mins)	0.324	0.080	0.216
12.1/16.5	0.006/0.012	0.00090/0.00090	1285.38 mins	(1.662 mins)	0.330	0.080	0.218

12.1/16.5	0.007/0.012	0.00070/0.00090	1286.92 mins	(1.545 mins)	0.271	0.080	0.222
12.1/16.5	0.007/0.012	0.00071/0.00090	1288.46 mins	(1.544 mins)	0.271	0.079	0.221
12.1/16.5	0.007/0.012	0.00072/0.00090	1290.04 mins	(1.579 mins)	0.279	0.080	0.221
12.1/16.5	0.007/0.012	0.00073/0.00090	1291.60 mins	(1.557 mins)	0.278	0.079	0.221
12.1/16.5	0.007/0.012	0.00074/0.00090	1293.15 mins	(1.547 mins)	0.282	0.080	0.220
12.1/16.5	0.007/0.012	0.00075/0.00090	1294.72 mins	(1.571 mins)	0.286	0.080	0.221
12.1/16.5	0.007/0.012	0.00076/0.00090	1296.30 mins	(1.588 mins)	0.289	0.080	0.220
12.1/16.5	0.007/0.012	0.00077/0.00090	1297.91 mins	(1.605 mins)	0.293	0.080	0.222
12.1/16.5	0.007/0.012	0.00078/0.00090	1299.52 mins	(1.607 mins)	0.297	0.080	0.218
12.1/16.5	0.007/0.012	0.00079/0.00090	1301.14 mins	(1.622 mins)	0.302	0.082	0.225
12.1/16.5	0.007/0.012	0.00080/0.00090	1302.74 mins	(1.606 mins)	0.301	0.081	0.220
12.1/16.5	0.007/0.012	0.00081/0.00090	1304.37 mins	(1.62 mins)	0.306	0.081	0.222
12.1/16.5	0.007/0.012	0.00082/0.00090	1305.99 mins	(1.62 mins)	0.306	0.081	0.220
12.1/16.5	0.007/0.012	0.00083/0.00090	1307.61 mins	(1.621 mins)	0.308	0.081	0.223
12.1/16.5	0.007/0.012	0.00084/0.00090	1309.25 mins	(1.644 mins)	0.314	0.081	0.220
12.1/16.5	0.007/0.012	0.00085/0.00090	1310.90 mins	(1.648 mins)	0.318	0.081	0.218
12.1/16.5	0.007/0.012	0.00086/0.00090	1312.57 mins	(1.67 mins)	0.318	0.080	0.215
12.1/16.5	0.007/0.012	0.00087/0.00090	1314.23 mins	(1.665 mins)	0.322	0.082	0.219
12.1/16.5	0.007/0.012	0.00088/0.00090	1315.91 mins	(1.678 mins)	0.327	0.082	0.220
12.1/16.5	0.007/0.012	0.00089/0.00090	1317.57 mins	(1.658 mins)	0.330	0.080	0.217
12.1/16.5	0.007/0.012	0.00090/0.00090	1319.24 mins	(1.673 mins)	0.331	0.083	0.224

12.1/16.5	0.008/0.012	0.00070/0.00090	1320.79 mins	(1.546 mins)	0.272	0.080	0.220
12.1/16.5	0.008/0.012	0.00071/0.00090	1322.36 mins	(1.569 mins)	0.277	0.082	0.224
12.1/16.5	0.008/0.012	0.00072/0.00090	1323.90 mins	(1.546 mins)	0.279	0.079	0.221
12.1/16.5	0.008/0.012	0.00073/0.00090	1325.47 mins	(1.567 mins)	0.280	0.081	0.220
12.1/16.5	0.008/0.012	0.00074/0.00090	1327.05 mins	(1.576 mins)	0.287	0.081	0.221
12.1/16.5	0.008/0.012	0.00075/0.00090	1328.61 mins	(1.565 mins)	0.290	0.081	0.224
12.1/16.5	0.008/0.012	0.00076/0.00090	1330.19 mins	(1.58 mins)	0.292	0.082	0.223
12.1/16.5	0.008/0.012	0.00077/0.00090	1331.80 mins	(1.604 mins)	0.294	0.081	0.224
12.1/16.5	0.008/0.012	0.00078/0.00090	1333.39 mins	(1.591 mins)	0.299	0.079	0.218
12.1/16.5	0.008/0.012	0.00079/0.00090	1334.97 mins	(1.586 mins)	0.300	0.081	0.221
12.1/16.5	0.008/0.012	0.00080/0.00090	1336.56 mins	(1.59 mins)	0.301	0.081	0.221
12.1/16.5	0.008/0.012	0.00081/0.00090	1338.20 mins	(1.633 mins)	0.308	0.081	0.220
12.1/16.5	0.008/0.012	0.00082/0.00090	1339.82 mins	(1.626 mins)	0.308	0.080	0.217
12.1/16.5	0.008/0.012	0.00083/0.00090	1341.44 mins	(1.616 mins)	0.313	0.080	0.220
12.1/16.5	0.008/0.012	0.00084/0.00090	1343.07 mins	(1.629 mins)	0.313	0.079	0.216
12.1/16.5	0.008/0.012	0.00085/0.00090	1344.72 mins	(1.652 mins)	0.316	0.080	0.216
12.1/16.5	0.008/0.012	0.00086/0.00090	1346.37 mins	(1.654 mins)	0.321	0.081	0.221
12.1/16.5	0.008/0.012	0.00087/0.00090	1348.03 mins	(1.653 mins)	0.322	0.080	0.217
12.1/16.5	0.008/0.012	0.00088/0.00090	1349.67 mins	(1.644 mins)	0.325	0.079	0.216
12.1/16.5	0.008/0.012	0.00089/0.00090	1351.40 mins	(1.731 mins)	0.331	0.082	0.220
12.1/16.5	0.008/0.012	0.00090/0.00090	1353.18 mins	(1.778 mins)	0.331	0.079	0.215

12.1/16.5	0.009/0.012	0.00070/0.00090	1354.81 mins	(1.626 mins)	0.276	0.081	0.224
12.1/16.5	0.009/0.012	0.00071/0.00090	1356.44 mins	(1.634 mins)	0.276	0.081	0.225
12.1/16.5	0.009/0.012	0.00072/0.00090	1358.08 mins	(1.638 mins)	0.283	0.082	0.226
12.1/16.5	0.009/0.012	0.00073/0.00090	1359.72 mins	(1.642 mins)	0.284	0.080	0.220
12.1/16.5	0.009/0.012	0.00074/0.00090	1361.34 mins	(1.623 mins)	0.287	0.080	0.221
12.1/16.5	0.009/0.012	0.00075/0.00090	1362.97 mins	(1.628 mins)	0.291	0.079	0.218
12.1/16.5	0.009/0.012	0.00076/0.00090	1364.62 mins	(1.647 mins)	0.293	0.079	0.218
12.1/16.5	0.009/0.012	0.00077/0.00090	1366.21 mins	(1.594 mins)	0.296	0.081	0.222
12.1/16.5	0.009/0.012	0.00078/0.00090	1367.82 mins	(1.61 mins)	0.298	0.080	0.220
12.1/16.5	0.009/0.012	0.00079/0.00090	1369.43 mins	(1.604 mins)	0.306	0.082	0.224
12.1/16.5	0.009/0.012	0.00080/0.00090	1371.04 mins	(1.615 mins)	0.302	0.080	0.220
12.1/16.5	0.009/0.012	0.00081/0.00090	1372.66 mins	(1.624 mins)	0.310	0.082	0.221
12.1/16.5	0.009/0.012	0.00082/0.00090	1374.28 mins	(1.612 mins)	0.314	0.080	0.221
12.1/16.5	0.009/0.012	0.00083/0.00090	1375.89 mins	(1.617 mins)	0.313	0.080	0.219
12.1/16.5	0.009/0.012	0.00084/0.00090	1377.52 mins	(1.631 mins)	0.319	0.081	0.221
12.1/16.5	0.009/0.012	0.00085/0.00090	1379.16 mins	(1.637 mins)	0.318	0.080	0.220
12.1/16.5	0.009/0.012	0.00086/0.00090	1380.81 mins	(1.645 mins)	0.324	0.080	0.216
12.1/16.5	0.009/0.012	0.00087/0.00090	1382.49 mins	(1.686 mins)	0.326	0.080	0.217
12.1/16.5	0.009/0.012	0.00088/0.00090	1384.16 mins	(1.665 mins)	0.329	0.081	0.218
12.1/16.5	0.009/0.012	0.00089/0.00090	1385.81 mins	(1.655 mins)	0.329	0.081	0.218
12.1/16.5	0.009/0.012	0.00090/0.00090	1387.48 mins	(1.664 mins)	0.335	0.080	0.215

12.1/16.5	0.010/0.012	0.00070/0.00090	1389.04 mins	(1.566 mins)	0.275	0.081	0.225
12.1/16.5	0.010/0.012	0.00071/0.00090	1390.60 mins	(1.555 mins)	0.279	0.082	0.228
12.1/16.5	0.010/0.012	0.00072/0.00090	1392.16 mins	(1.563 mins)	0.281	0.080	0.220
12.1/16.5	0.010/0.012	0.00073/0.00090	1393.72 mins	(1.563 mins)	0.286	0.081	0.225
12.1/16.5	0.010/0.012	0.00074/0.00090	1395.33 mins	(1.61 mins)	0.289	0.080	0.221
12.1/16.5	0.010/0.012	0.00075/0.00090	1396.91 mins	(1.578 mins)	0.289	0.080	0.218
12.1/16.5	0.010/0.012	0.00076/0.00090	1398.53 mins	(1.622 mins)	0.293	0.080	0.222
12.1/16.5	0.010/0.012	0.00077/0.00090	1400.13 mins	(1.599 mins)	0.297	0.080	0.219
12.1/16.5	0.010/0.012	0.00078/0.00090	1401.75 mins	(1.617 mins)	0.304	0.081	0.221
12.1/16.5	0.010/0.012	0.00079/0.00090	1403.36 mins	(1.61 mins)	0.303	0.080	0.219
12.1/16.5	0.010/0.012	0.00080/0.00090	1404.96 mins	(1.60 mins)	0.305	0.082	0.223
12.1/16.5	0.010/0.012	0.00081/0.00090	1406.59 mins	(1.634 mins)	0.311	0.081	0.221
12.1/16.5	0.010/0.012	0.00082/0.00090	1408.23 mins	(1.633 mins)	0.312	0.080	0.220
12.1/16.5	0.010/0.012	0.00083/0.00090	1409.86 mins	(1.628 mins)	0.315	0.081	0.219
12.1/16.5	0.010/0.012	0.00084/0.00090	1411.50 mins	(1.649 mins)	0.319	0.080	0.219
12.1/16.5	0.010/0.012	0.00085/0.00090	1413.18 mins	(1.672 mins)	0.325	0.081	0.218
12.1/16.5	0.010/0.012	0.00086/0.00090	1414.82 mins	(1.644 mins)	0.322	0.081	0.217
12.1/16.5	0.010/0.012	0.00087/0.00090	1416.49 mins	(1.669 mins)	0.327	0.080	0.215
12.1/16.5	0.010/0.012	0.00088/0.00090	1418.17 mins	(1.684 mins)	0.329	0.081	0.217
12.1/16.5	0.010/0.012	0.00089/0.00090	1419.83 mins	(1.66 mins)	0.333	0.081	0.217
12.1/16.5	0.010/0.012	0.00090/0.00090	1421.50 mins	(1.671 mins)	0.337	0.080	0.217

12.1/16.5	0.011/0.012	0.00070/0.00090	1423.05 mins	(1.55 mins)	0.277	0.081	0.224
12.1/16.5	0.011/0.012	0.00071/0.00090	1424.62 mins	(1.568 mins)	0.280	0.081	0.224
12.1/16.5	0.011/0.012	0.00072/0.00090	1426.20 mins	(1.58 mins)	0.283	0.081	0.225
12.1/16.5	0.011/0.012	0.00073/0.00090	1427.79 mins	(1.585 mins)	0.286	0.080	0.223
12.1/16.5	0.011/0.012	0.00074/0.00090	1429.39 mins	(1.606 mins)	0.290	0.081	0.222
12.1/16.5	0.011/0.012	0.00075/0.00090	1430.98 mins	(1.584 mins)	0.294	0.081	0.225
12.1/16.5	0.011/0.012	0.00076/0.00090	1432.57 mins	(1.591 mins)	0.296	0.080	0.219
12.1/16.5	0.011/0.012	0.00077/0.00090	1434.16 mins	(1.595 mins)	0.299	0.080	0.222
12.1/16.5	0.011/0.012	0.00078/0.00090	1435.78 mins	(1.614 mins)	0.302	0.082	0.223
12.1/16.5	0.011/0.012	0.00079/0.00090	1437.41 mins	(1.629 mins)	0.308	0.080	0.218
12.1/16.5	0.011/0.012	0.00080/0.00090	