
R version 4.3.0 (2023-04-21) -- "Already Tomorrow"
Copyright (C) 2023 The R Foundation for Statistical Computing
Platform: x86_64-pc-linux-gnu (64-bit)

R is free software and comes with ABSOLUTELY NO WARRANTY.
You are welcome to redistribute it under certain conditions.
Type 'license()' or 'licence()' for distribution details.

  Natural language support but running in an English locale

R is a collaborative project with many contributors.
Type 'contributors()' for more information and
'citation()' on how to cite R or R packages in publications.

Type 'demo()' for some demos, 'help()' for on-line help, or
'help.start()' for an HTML browser interface to help.
Type 'q()' to quit R.

> rm(list = ls())
> gc()
         used (Mb) gc trigger (Mb) max used (Mb)
Ncells 284765 15.3     664565 35.5   464468 24.9
Vcells 490458  3.8    8388608 64.0  1837328 14.1
> library(dplyr)

Attaching package: ‘dplyr’

The following objects are masked from ‘package:stats’:

    filter, lag

The following objects are masked from ‘package:base’:

    intersect, setdiff, setequal, union

> library(foreach)
> library(doParallel)
Loading required package: iterators
Loading required package: parallel
> 
> # Set up the number of cores used for parallelization.
> message(detectCores())
32
> num_cores <- detectCores()
> registerDoParallel(num_cores)
> 
> #########################
> #### SEIR Simulation ####
> #########################
> time <- 365 # Number of days.
> inf <- 7 # Average infectious period length.
> N <- 1000 # Population size.
> 
> create_hh <- function() {
+   # Randomly sample household sizes such that total population is 1000 
+   # individuals.
+   hh_size <- sample(x = c(3, 4, 5, 6), size = 340, replace = T)
+   
+   # Keep households such that total population is < 1000.
+   hh_size <- hh_size[which(cumsum(hh_size) < N)]
+   
+   leftover <- N - sum(hh_size)
+   if (leftover < 3) {
+     hh <- 1:length(hh_size)
+     sampled <- sample(hh[hh_size < 6], leftover)
+     hh_size[sampled] <- hh_size[sampled] + 1
+   } else {
+     hh_size <- c(hh_size, leftover)
+   }
+   return(hh_size)
+ }
> 
> SEIR <- function(params, inf = 7, verbose = F) {
+   hh_size <- create_hh()
+   
+   # Create frame for running the simulation.
+   # ID: ID of individual.
+   # SIZE: size of individual's household.
+   # HH: ID of individual's household.
+   # S: susceptibility status.
+   # E: exposed status.
+   # E_count: number of days since exposed.
+   # I: infectious status.
+   # I_count: number of days since infectious.
+   # R: recovered status.
+   # INC: incubation period.
+   # INF: infectious period.
+   data <- data.frame(ID = 1:N,
+                      SIZE = rep(hh_size, times = hh_size),
+                      HH = rep(1:length(hh_size), times = hh_size), 
+                      S = c(0, rep(1, N - 1)), 
+                      E = c(1, rep(0, N - 1)),
+                      E_count = c(1, rep(0, N - 1)), 
+                      I = 0,
+                      I_count = 0, 
+                      R = 0, 
+                      INC = c(rlnorm(1, meanlog = log(29.8), sdlog = 0.45), rep(0, N - 1)),
+                      INF = 0)
+   
+   # Create frame for storing results.
+   # ID: ID of individual.
+   # SIZE: size of individual's household.
+   # HH: ID of individual's household.
+   # TYPE: the kind of infection: household (H), community (C), or both (B).
+   # TIME: when the individual became infectious.
+   # S_NUM: number of susceptible people in individual's household when their 
+   #        infectious period begins.
+   # I_NUM: number of people in household that this individual infected over 
+   #        their infectious period.
+   results <- data[, 1:3] %>% mutate(TYPE = NA, TIME = NA, S_NUM = NA, I_NUM = 0)
+   results$TYPE[1] <- '0'
+   
+   for(t in 1:time) {
+     if (verbose) {
+       if (t %% 10 == 0) {
+         cat(paste0(t, ' '))
+       }
+     }
+     
+     # Anyone who has been infectious for as many days as their infectious period
+     # is now recovered.
+     recovered <- (data$INF > 0) & (data$I_count == data$INF)
+     if(sum(recovered, na.rm = T) > 0) {
+       data$R[recovered] <- 1
+       data$I[recovered] <- 0
+       data$I_count[recovered] <- 0 
+     }
+     
+     new_inf <- (data$INC > 0) & (data$E_count == data$INC)
+     num_new_inf <- sum(new_inf, na.rm = T)
+     if(num_new_inf > 0) {
+       # Change status to newly infectious and add infectious period.
+       data$I[new_inf] <- 1
+       random_inf <- rnorm(num_new_inf, mean = inf, sd = 1) %>% round()
+       data$INF[new_inf] <- random_inf
+       
+       # Remove exposure status and exposure count.
+       data$E[new_inf] <- 0
+       data$E_count[new_inf] <- 0 
+       
+       # Record time at which infectious period starts.
+       results$TIME[new_inf] <- t
+       
+       # Save the number of susceptible people in each infectious individual's 
+       # household.
+       S_data <- data %>% group_by(HH) %>% 
+         mutate(S_TOT = sum(S)) %>% 
+         select(HH, S_TOT)
+       results$S_NUM[new_inf == 1] <- S_data$S_TOT[new_inf == 1]
+     }
+     
+     # I_H is the number of infections inside each household.
+     # I_C is the number of infections outside each household.
+     I_data <- data %>% group_by(HH) %>% 
+       mutate(I_H = sum(I)) %>% 
+       ungroup() %>% 
+       mutate(I_C = sum(I) - I_H)
+     
+     beta_H <- params[1]
+     beta_C <- params[2]
+     beta_E <- params[3]
+     risk_H <- pmin(beta_H * data$S * I_data$I_H / N, 1)
+     risk_C <- pmin(beta_C * data$S * I_data$I_C / N, 1)
+     risk_E <- pmin(beta_E * data$S, 1)
+ 
+     new_inf_H <- rbinom(N, 1, risk_H)
+     new_inf_C <- rbinom(N, 1, risk_C)
+     new_inf_E <- rbinom(N, 1, risk_E)
+     new_exposed <- (new_inf_H == 1) | (new_inf_C == 1) | (new_inf_E == 1)
+     num_new_exposed <- sum(new_exposed, na.rm = T)
+     if (num_new_exposed > 0) {
+       # Change status to newly exposed and add incubation period.
+       data$E[new_exposed] <- 1
+       random_inc <- rlnorm(num_new_exposed, meanlog = log(29.8), sdlog = 0.45) %>% round()
+       data$INC[new_exposed] <- random_inc
+       
+       # Remove susceptible status.
+       data$S[new_exposed] <- 0
+       
+       # Get number of new infections in each household.
+       I_data <- I_data %>%
+         select(ID, HH, I, I_H) %>%
+         mutate(new_I_H = new_inf_H) %>%
+         group_by(HH) %>%
+         # Find households with at least 1 currently infectious individual. If 
+         # exactly 1 infectious individual in household, assign all new H 
+         # exposures to that individual. If there are multiple infectious 
+         # individuals, assign all infections to the infectious individual with 
+         # the first ID.
+         mutate(new_I_H = ifelse(I == 1 & ID == first(ID[I == 1]), 
+                                 sum(new_I_H), 0))
+       
+       results$I_NUM <- results$I_NUM + I_data$new_I_H
+       
+       # Label infections types.
+       results$TYPE[new_inf_H == 1] <- 'H'
+       results$TYPE[new_inf_C == 1] <- 'C'
+       results$TYPE[new_inf_E == 1] <- 'E'
+       results$TYPE[(new_inf_H == 1) & (new_inf_C == 1)] <- 'HC'
+       results$TYPE[(new_inf_H == 1) & (new_inf_E == 1)] <- 'HE'
+       results$TYPE[(new_inf_C == 1) & (new_inf_E == 1)] <- 'CE'
+       results$TYPE[(new_inf_H == 1) & (new_inf_C == 1) & (new_inf_E == 1)] <- 'HCE'
+     }
+     
+     # Increment exposure and infectious counters.
+     data$E_count[data$E == 1] <- data$E_count[data$E == 1] + 1
+     data$I_count[data$I == 1] <- data$I_count[data$I == 1] + 1
+   }
+   return(results)
+ }
> 
> metrics <- function(results) {
+   # Incidence is the proportion of the population that became infected.
+   idc <- mean(!is.na(results$TIME))
+   
+   # If incidence is 0, the SAR and proportion of environmental infection are
+   # undefined.
+   sar <- NA
+   prp <- NA
+   if (idc != 0) {
+     # The SAR is the average SAR for each individual that was infectious.
+     sar <- mean(results$I_NUM / results$S_NUM, na.rm = T)
+     cases <- results[!is.na(results$TIME), ]
+     prp <- mean((cases$TYPE == 'H') | (cases$TYPE == 'HC') | (cases$TYPE == 'HCE'))
+   }
+   return(c(idc, sar, prp))
+ }
> 
> beta_Hs <- seq(27.5, 30.5, 0.2) # 16
> beta_Cs <- seq(0.005, 0.015, 0.001) # 11
> beta_Es <- seq(0.00045, 0.00065, 0.00001) # 21
> 
> d_H <- length(beta_Hs)
> d_C <- length(beta_Cs)
> d_E <- length(beta_Es)
> 
> reps <- 150
> idcs <- array(rep(NA, d_H * d_C * d_E * reps), dim = c(d_H, d_C, d_E, reps))
> sars <- array(rep(NA, d_H * d_C * d_E * reps), dim = c(d_H, d_C, d_E, reps))
> prps <- array(rep(NA, d_H * d_C * d_E * reps), dim = c(d_H, d_C, d_E, reps))
> t_tot <- 0
> for (i in 1:d_H) {
+   for (j in 1:d_C) {
+     for (k in 1:d_E) {
+       beta_H <- beta_Hs[i]
+       beta_C <- beta_Cs[j]
+       beta_E <- beta_Es[k]
+       
+       params <- c(beta_H, beta_C, beta_E)
+       
+       cat(paste0(format(beta_H, nsmall = 0), '/30.5\t', 
+                  format(beta_C, nsmall = 3), '/0.015\t',
+                  format(beta_E, nsmall = 5, scientific = F), '/0.00065\t'))
+         
+       t_0 <- Sys.time()
+       vals <- foreach (l = 1:reps, .combine = 'c') %dopar% {
+         results <- SEIR(params) 
+         metrics(results)
+       }
+       t_1 <- Sys.time()
+       t_tot <- t_tot + (t_1 - t_0)
+         
+       cat(paste0(format(t_tot, nsmall = 2, digits = 4), '\t(', 
+                  format(t_1 - t_0, nsmall = 2, digits = 4), ')\t'))
+       
+       vals <- matrix(vals, reps, byrow = T)
+       idcs[i, j, k, ] <- vals[, 1]
+       sars[i, j, k, ] <- vals[, 2]
+       prps[i, j, k, ] <- vals[, 3]
+         
+       cat(paste0(format(round(mean(vals[, 1]), 3), nsmall = 3), '\t', 
+                  format(round(mean(vals[, 2]), 3), nsmall = 3), '\t', 
+                  format(round(mean(vals[, 3]), 3), nsmall = 3), '\n'))
+     }
+     cat('\n')
+     saveRDS(idcs, file = 'idcs.rds')
+     saveRDS(sars, file = 'sars.rds')
+     saveRDS(prps, file = 'prps.rds')
+     
+     write.table(idcs, file = 'idcs.txt', row.names = F, col.names = F)
+     write.table(sars, file = 'sars.txt', row.names = F, col.names = F)
+     write.table(prps, file = 'prps.txt', row.names = F, col.names = F)
+   }
+   message('\n')
+ }
27.5/30.5	0.005/0.015	0.00045/0.00065	1.875 mins	(1.875 mins)	0.246	0.176	0.439
27.5/30.5	0.005/0.015	0.00046/0.00065	3.746 mins	(1.871 mins)	0.247	0.174	0.432
27.5/30.5	0.005/0.015	0.00047/0.00065	5.651 mins	(1.905 mins)	0.257	0.177	0.439
27.5/30.5	0.005/0.015	0.00048/0.00065	7.567 mins	(1.916 mins)	0.257	0.174	0.432
27.5/30.5	0.005/0.015	0.00049/0.00065	9.482 mins	(1.916 mins)	0.259	0.174	0.434
27.5/30.5	0.005/0.015	0.00050/0.00065	11.40 mins	(1.92 mins)	0.265	0.176	0.436
27.5/30.5	0.005/0.015	0.00051/0.00065	13.37 mins	(1.969 mins)	0.272	0.175	0.435
27.5/30.5	0.005/0.015	0.00052/0.00065	15.31 mins	(1.943 mins)	0.275	0.174	0.430
27.5/30.5	0.005/0.015	0.00053/0.00065	17.31 mins	(1.993 mins)	0.282	0.175	0.434
27.5/30.5	0.005/0.015	0.00054/0.00065	19.29 mins	(1.981 mins)	0.285	0.175	0.431
27.5/30.5	0.005/0.015	0.00055/0.00065	21.33 mins	(2.04 mins)	0.291	0.174	0.431
27.5/30.5	0.005/0.015	0.00056/0.00065	23.32 mins	(1.994 mins)	0.293	0.176	0.433
27.5/30.5	0.005/0.015	0.00057/0.00065	25.34 mins	(2.018 mins)	0.295	0.174	0.431
27.5/30.5	0.005/0.015	0.00058/0.00065	27.40 mins	(2.064 mins)	0.304	0.175	0.433
27.5/30.5	0.005/0.015	0.00059/0.00065	29.45 mins	(2.043 mins)	0.307	0.176	0.432
27.5/30.5	0.005/0.015	0.00060/0.00065	31.51 mins	(2.062 mins)	0.309	0.175	0.428
27.5/30.5	0.005/0.015	0.00061/0.00065	33.57 mins	(2.059 mins)	0.313	0.175	0.429
27.5/30.5	0.005/0.015	0.00062/0.00065	35.63 mins	(2.063 mins)	0.315	0.171	0.426
27.5/30.5	0.005/0.015	0.00063/0.00065	37.72 mins	(2.092 mins)	0.323	0.174	0.427
27.5/30.5	0.005/0.015	0.00064/0.00065	39.80 mins	(2.074 mins)	0.323	0.175	0.428
27.5/30.5	0.005/0.015	0.00065/0.00065	41.89 mins	(2.092 mins)	0.326	0.173	0.425

27.5/30.5	0.006/0.015	0.00045/0.00065	43.75 mins	(1.862 mins)	0.247	0.174	0.434
27.5/30.5	0.006/0.015	0.00046/0.00065	45.68 mins	(1.924 mins)	0.253	0.174	0.436
27.5/30.5	0.006/0.015	0.00047/0.00065	47.60 mins	(1.922 mins)	0.255	0.174	0.437
27.5/30.5	0.006/0.015	0.00048/0.00065	50.92 mins	(3.322 mins)	0.259	0.174	0.434
27.5/30.5	0.006/0.015	0.00049/0.00065	52.87 mins	(1.946 mins)	0.265	0.175	0.435
27.5/30.5	0.006/0.015	0.00050/0.00065	54.80 mins	(1.937 mins)	0.270	0.173	0.431
27.5/30.5	0.006/0.015	0.00051/0.00065	56.74 mins	(1.938 mins)	0.274	0.174	0.433
27.5/30.5	0.006/0.015	0.00052/0.00065	58.75 mins	(2.006 mins)	0.277	0.176	0.434
27.5/30.5	0.006/0.015	0.00053/0.00065	60.71 mins	(1.967 mins)	0.279	0.173	0.432
27.5/30.5	0.006/0.015	0.00054/0.00065	62.69 mins	(1.974 mins)	0.287	0.173	0.432
27.5/30.5	0.006/0.015	0.00055/0.00065	64.70 mins	(2.012 mins)	0.291	0.175	0.431
27.5/30.5	0.006/0.015	0.00056/0.00065	66.71 mins	(2.014 mins)	0.295	0.175	0.430
27.5/30.5	0.006/0.015	0.00057/0.00065	68.73 mins	(2.016 mins)	0.300	0.175	0.430
27.5/30.5	0.006/0.015	0.00058/0.00065	70.76 mins	(2.029 mins)	0.301	0.174	0.429
27.5/30.5	0.006/0.015	0.00059/0.00065	72.81 mins	(2.046 mins)	0.308	0.175	0.430
27.5/30.5	0.006/0.015	0.00060/0.00065	74.86 mins	(2.051 mins)	0.310	0.174	0.425
27.5/30.5	0.006/0.015	0.00061/0.00065	76.94 mins	(2.08 mins)	0.317	0.175	0.431
27.5/30.5	0.006/0.015	0.00062/0.00065	79.02 mins	(2.081 mins)	0.320	0.175	0.429
27.5/30.5	0.006/0.015	0.00063/0.00065	81.12 mins	(2.108 mins)	0.325	0.174	0.425
27.5/30.5	0.006/0.015	0.00064/0.00065	83.25 mins	(2.127 mins)	0.329	0.174	0.425
27.5/30.5	0.006/0.015	0.00065/0.00065	85.33 mins	(2.083 mins)	0.329	0.175	0.426

27.5/30.5	0.007/0.015	0.00045/0.00065	87.22 mins	(1.885 mins)	0.250	0.173	0.435
27.5/30.5	0.007/0.015	0.00046/0.00065	89.12 mins	(1.905 mins)	0.252	0.174	0.435
27.5/30.5	0.007/0.015	0.00047/0.00065	91.05 mins	(1.926 mins)	0.256	0.174	0.432
27.5/30.5	0.007/0.015	0.00048/0.00065	92.95 mins	(1.904 mins)	0.261	0.175	0.435
27.5/30.5	0.007/0.015	0.00049/0.00065	94.86 mins	(1.907 mins)	0.264	0.175	0.436
27.5/30.5	0.007/0.015	0.00050/0.00065	96.80 mins	(1.936 mins)	0.272	0.176	0.434
27.5/30.5	0.007/0.015	0.00051/0.00065	98.75 mins	(1.95 mins)	0.275	0.174	0.431
27.5/30.5	0.007/0.015	0.00052/0.00065	100.72 mins	(1.973 mins)	0.280	0.172	0.429
27.5/30.5	0.007/0.015	0.00053/0.00065	102.71 mins	(1.987 mins)	0.286	0.176	0.434
27.5/30.5	0.007/0.015	0.00054/0.00065	104.73 mins	(2.023 mins)	0.288	0.173	0.429
27.5/30.5	0.007/0.015	0.00055/0.00065	106.72 mins	(1.993 mins)	0.292	0.174	0.430
27.5/30.5	0.007/0.015	0.00056/0.00065	108.74 mins	(2.019 mins)	0.298	0.173	0.427
27.5/30.5	0.007/0.015	0.00057/0.00065	110.77 mins	(2.029 mins)	0.302	0.176	0.432
27.5/30.5	0.007/0.015	0.00058/0.00065	114.64 mins	(3.863 mins)	0.305	0.174	0.427
27.5/30.5	0.007/0.015	0.00059/0.00065	116.67 mins	(2.039 mins)	0.309	0.176	0.430
27.5/30.5	0.007/0.015	0.00060/0.00065	118.73 mins	(2.054 mins)	0.314	0.174	0.430
27.5/30.5	0.007/0.015	0.00061/0.00065	120.82 mins	(2.092 mins)	0.319	0.175	0.430
27.5/30.5	0.007/0.015	0.00062/0.00065	122.90 mins	(2.084 mins)	0.318	0.175	0.427
27.5/30.5	0.007/0.015	0.00063/0.00065	125.02 mins	(2.113 mins)	0.330	0.176	0.428
27.5/30.5	0.007/0.015	0.00064/0.00065	127.14 mins	(2.12 mins)	0.329	0.174	0.423
27.5/30.5	0.007/0.015	0.00065/0.00065	129.27 mins	(2.133 mins)	0.333	0.175	0.425

27.5/30.5	0.008/0.015	0.00045/0.00065	131.17 mins	(1.90 mins)	0.253	0.177	0.442
27.5/30.5	0.008/0.015	0.00046/0.00065	133.10 mins	(1.927 mins)	0.254	0.177	0.438
27.5/30.5	0.008/0.015	0.00047/0.00065	135.01 mins	(1.913 mins)	0.261	0.174	0.435
27.5/30.5	0.008/0.015	0.00048/0.00065	136.93 mins	(1.919 mins)	0.267	0.174	0.436
27.5/30.5	0.008/0.015	0.00049/0.00065	138.86 mins	(1.933 mins)	0.267	0.173	0.431
27.5/30.5	0.008/0.015	0.00050/0.00065	140.83 mins	(1.972 mins)	0.275	0.173	0.431
27.5/30.5	0.008/0.015	0.00051/0.00065	142.78 mins	(1.945 mins)	0.279	0.174	0.429
27.5/30.5	0.008/0.015	0.00052/0.00065	144.76 mins	(1.977 mins)	0.282	0.173	0.432
27.5/30.5	0.008/0.015	0.00053/0.00065	146.75 mins	(1.999 mins)	0.289	0.175	0.434
27.5/30.5	0.008/0.015	0.00054/0.00065	148.76 mins	(2.003 mins)	0.286	0.172	0.426
27.5/30.5	0.008/0.015	0.00055/0.00065	150.78 mins	(2.023 mins)	0.295	0.175	0.431
27.5/30.5	0.008/0.015	0.00056/0.00065	152.80 mins	(2.021 mins)	0.300	0.175	0.429
27.5/30.5	0.008/0.015	0.00057/0.00065	154.84 mins	(2.037 mins)	0.304	0.175	0.429
27.5/30.5	0.008/0.015	0.00058/0.00065	156.89 mins	(2.049 mins)	0.307	0.175	0.428
27.5/30.5	0.008/0.015	0.00059/0.00065	158.92 mins	(2.036 mins)	0.309	0.174	0.426
27.5/30.5	0.008/0.015	0.00060/0.00065	160.99 mins	(2.065 mins)	0.313	0.176	0.426
27.5/30.5	0.008/0.015	0.00061/0.00065	163.07 mins	(2.082 mins)	0.320	0.173	0.427
27.5/30.5	0.008/0.015	0.00062/0.00065	165.19 mins	(2.117 mins)	0.327	0.176	0.431
27.5/30.5	0.008/0.015	0.00063/0.00065	167.26 mins	(2.075 mins)	0.326	0.175	0.425
27.5/30.5	0.008/0.015	0.00064/0.00065	169.35 mins	(2.089 mins)	0.334	0.175	0.424
27.5/30.5	0.008/0.015	0.00065/0.00065	171.47 mins	(2.12 mins)	0.336	0.173	0.424

27.5/30.5	0.009/0.015	0.00045/0.00065	173.40 mins	(1.931 mins)	0.253	0.173	0.432
27.5/30.5	0.009/0.015	0.00046/0.00065	175.33 mins	(1.926 mins)	0.260	0.173	0.435
27.5/30.5	0.009/0.015	0.00047/0.00065	177.28 mins	(1.953 mins)	0.261	0.174	0.437
27.5/30.5	0.009/0.015	0.00048/0.00065	179.24 mins	(1.954 mins)	0.266	0.174	0.429
27.5/30.5	0.009/0.015	0.00049/0.00065	181.18 mins	(1.945 mins)	0.270	0.173	0.430
27.5/30.5	0.009/0.015	0.00050/0.00065	183.14 mins	(1.961 mins)	0.276	0.174	0.431
27.5/30.5	0.009/0.015	0.00051/0.00065	185.14 mins	(2.00 mins)	0.283	0.176	0.433
27.5/30.5	0.009/0.015	0.00052/0.00065	187.12 mins	(1.982 mins)	0.285	0.174	0.429
27.5/30.5	0.009/0.015	0.00053/0.00065	189.13 mins	(2.01 mins)	0.289	0.176	0.432
27.5/30.5	0.009/0.015	0.00054/0.00065	191.15 mins	(2.019 mins)	0.293	0.177	0.434
27.5/30.5	0.009/0.015	0.00055/0.00065	193.19 mins	(2.036 mins)	0.297	0.175	0.429
27.5/30.5	0.009/0.015	0.00056/0.00065	195.23 mins	(2.044 mins)	0.302	0.176	0.428
27.5/30.5	0.009/0.015	0.00057/0.00065	197.28 mins	(2.05 mins)	0.303	0.175	0.429
27.5/30.5	0.009/0.015	0.00058/0.00065	199.33 mins	(2.046 mins)	0.310	0.174	0.429
27.5/30.5	0.009/0.015	0.00059/0.00065	201.50 mins	(2.171 mins)	0.316	0.174	0.429
27.5/30.5	0.009/0.015	0.00060/0.00065	203.69 mins	(2.186 mins)	0.319	0.176	0.428
27.5/30.5	0.009/0.015	0.00061/0.00065	205.87 mins	(2.183 mins)	0.324	0.175	0.429
27.5/30.5	0.009/0.015	0.00062/0.00065	208.05 mins	(2.179 mins)	0.323	0.175	0.424
27.5/30.5	0.009/0.015	0.00063/0.00065	210.26 mins	(2.21 mins)	0.333	0.175	0.427
27.5/30.5	0.009/0.015	0.00064/0.00065	212.47 mins	(2.217 mins)	0.334	0.175	0.424
27.5/30.5	0.009/0.015	0.00065/0.00065	214.73 mins	(2.258 mins)	0.335	0.173	0.423

27.5/30.5	0.010/0.015	0.00045/0.00065	216.73 mins	(2.001 mins)	0.257	0.176	0.437
27.5/30.5	0.010/0.015	0.00046/0.00065	218.71 mins	(1.972 mins)	0.261	0.175	0.437
27.5/30.5	0.010/0.015	0.00047/0.00065	220.67 mins	(1.964 mins)	0.264	0.173	0.432
27.5/30.5	0.010/0.015	0.00048/0.00065	222.61 mins	(1.939 mins)	0.273	0.175	0.435
27.5/30.5	0.010/0.015	0.00049/0.00065	224.58 mins	(1.969 mins)	0.275	0.175	0.435
27.5/30.5	0.010/0.015	0.00050/0.00065	226.56 mins	(1.978 mins)	0.277	0.171	0.427
27.5/30.5	0.010/0.015	0.00051/0.00065	228.54 mins	(1.982 mins)	0.282	0.174	0.432
27.5/30.5	0.010/0.015	0.00052/0.00065	230.55 mins	(2.017 mins)	0.290	0.177	0.435
27.5/30.5	0.010/0.015	0.00053/0.00065	232.59 mins	(2.032 mins)	0.293	0.175	0.430
27.5/30.5	0.010/0.015	0.00054/0.00065	234.61 mins	(2.029 mins)	0.298	0.174	0.426
27.5/30.5	0.010/0.015	0.00055/0.00065	236.64 mins	(2.026 mins)	0.298	0.174	0.430
27.5/30.5	0.010/0.015	0.00056/0.00065	238.67 mins	(2.034 mins)	0.304	0.175	0.430
27.5/30.5	0.010/0.015	0.00057/0.00065	240.71 mins	(2.032 mins)	0.309	0.173	0.427
27.5/30.5	0.010/0.015	0.00058/0.00065	242.76 mins	(2.052 mins)	0.312	0.174	0.427
27.5/30.5	0.010/0.015	0.00059/0.00065	244.80 mins	(2.045 mins)	0.315	0.174	0.426
27.5/30.5	0.010/0.015	0.00060/0.00065	248.42 mins	(3.621 mins)	0.321	0.175	0.427
27.5/30.5	0.010/0.015	0.00061/0.00065	250.53 mins	(2.103 mins)	0.324	0.174	0.427
27.5/30.5	0.010/0.015	0.00062/0.00065	252.63 mins	(2.105 mins)	0.328	0.175	0.426
27.5/30.5	0.010/0.015	0.00063/0.00065	254.74 mins	(2.109 mins)	0.334	0.176	0.427
27.5/30.5	0.010/0.015	0.00064/0.00065	256.84 mins	(2.101 mins)	0.333	0.173	0.422
27.5/30.5	0.010/0.015	0.00065/0.00065	258.96 mins	(2.115 mins)	0.338	0.174	0.423

27.5/30.5	0.011/0.015	0.00045/0.00065	260.87 mins	(1.915 mins)	0.257	0.175	0.432
27.5/30.5	0.011/0.015	0.00046/0.00065	262.80 mins	(1.924 mins)	0.262	0.172	0.431
27.5/30.5	0.011/0.015	0.00047/0.00065	264.73 mins	(1.929 mins)	0.267	0.175	0.434
27.5/30.5	0.011/0.015	0.00048/0.00065	266.69 mins	(1.967 mins)	0.271	0.174	0.433
27.5/30.5	0.011/0.015	0.00049/0.00065	268.64 mins	(1.95 mins)	0.274	0.176	0.436
27.5/30.5	0.011/0.015	0.00050/0.00065	270.62 mins	(1.978 mins)	0.277	0.175	0.431
27.5/30.5	0.011/0.015	0.00051/0.00065	272.62 mins	(1.997 mins)	0.287	0.172	0.430
27.5/30.5	0.011/0.015	0.00052/0.00065	274.60 mins	(1.981 mins)	0.288	0.172	0.427
27.5/30.5	0.011/0.015	0.00053/0.00065	276.63 mins	(2.032 mins)	0.294	0.174	0.427
27.5/30.5	0.011/0.015	0.00054/0.00065	278.64 mins	(2.005 mins)	0.296	0.174	0.428
27.5/30.5	0.011/0.015	0.00055/0.00065	280.65 mins	(2.018 mins)	0.301	0.174	0.430
27.5/30.5	0.011/0.015	0.00056/0.00065	282.71 mins	(2.056 mins)	0.307	0.174	0.430
27.5/30.5	0.011/0.015	0.00057/0.00065	284.74 mins	(2.029 mins)	0.310	0.174	0.428
27.5/30.5	0.011/0.015	0.00058/0.00065	286.79 mins	(2.051 mins)	0.313	0.173	0.424
27.5/30.5	0.011/0.015	0.00059/0.00065	288.85 mins	(2.057 mins)	0.320	0.174	0.428
27.5/30.5	0.011/0.015	0.00060/0.00065	290.93 mins	(2.084 mins)	0.322	0.172	0.424
27.5/30.5	0.011/0.015	0.00061/0.00065	293.03 mins	(2.095 mins)	0.331	0.177	0.428
27.5/30.5	0.011/0.015	0.00062/0.00065	295.14 mins	(2.11 mins)	0.331	0.173	0.423
27.5/30.5	0.011/0.015	0.00063/0.00065	297.23 mins	(2.095 mins)	0.335	0.173	0.424
27.5/30.5	0.011/0.015	0.00064/0.00065	299.36 mins	(2.124 mins)	0.339	0.173	0.424
27.5/30.5	0.011/0.015	0.00065/0.00065	301.48 mins	(2.12 mins)	0.341	0.172	0.417

27.5/30.5	0.012/0.015	0.00045/0.00065	303.39 mins	(1.911 mins)	0.260	0.174	0.435
27.5/30.5	0.012/0.015	0.00046/0.00065	305.33 mins	(1.941 mins)	0.266	0.171	0.427
27.5/30.5	0.012/0.015	0.00047/0.00065	307.26 mins	(1.937 mins)	0.268	0.174	0.434
27.5/30.5	0.012/0.015	0.00048/0.00065	309.22 mins	(1.955 mins)	0.271	0.171	0.427
27.5/30.5	0.012/0.015	0.00049/0.00065	311.19 mins	(1.967 mins)	0.281	0.175	0.436
27.5/30.5	0.012/0.015	0.00050/0.00065	313.15 mins	(1.967 mins)	0.281	0.175	0.433
27.5/30.5	0.012/0.015	0.00051/0.00065	315.14 mins	(1.991 mins)	0.289	0.175	0.432
27.5/30.5	0.012/0.015	0.00052/0.00065	317.15 mins	(2.003 mins)	0.291	0.175	0.428
27.5/30.5	0.012/0.015	0.00053/0.00065	319.15 mins	(1.999 mins)	0.294	0.174	0.427
27.5/30.5	0.012/0.015	0.00054/0.00065	321.19 mins	(2.048 mins)	0.299	0.173	0.427
27.5/30.5	0.012/0.015	0.00055/0.00065	323.25 mins	(2.054 mins)	0.311	0.177	0.432
27.5/30.5	0.012/0.015	0.00056/0.00065	325.33 mins	(2.086 mins)	0.307	0.174	0.427
27.5/30.5	0.012/0.015	0.00057/0.00065	327.37 mins	(2.038 mins)	0.312	0.173	0.425
27.5/30.5	0.012/0.015	0.00058/0.00065	329.47 mins	(2.096 mins)	0.320	0.178	0.432
27.5/30.5	0.012/0.015	0.00059/0.00065	331.54 mins	(2.073 mins)	0.319	0.174	0.426
27.5/30.5	0.012/0.015	0.00060/0.00065	333.63 mins	(2.087 mins)	0.326	0.174	0.427
27.5/30.5	0.012/0.015	0.00061/0.00065	335.74 mins	(2.113 mins)	0.327	0.174	0.424
27.5/30.5	0.012/0.015	0.00062/0.00065	337.87 mins	(2.124 mins)	0.332	0.175	0.423
27.5/30.5	0.012/0.015	0.00063/0.00065	339.99 mins	(2.123 mins)	0.338	0.173	0.419
27.5/30.5	0.012/0.015	0.00064/0.00065	342.11 mins	(2.121 mins)	0.338	0.174	0.421
27.5/30.5	0.012/0.015	0.00065/0.00065	344.25 mins	(2.139 mins)	0.349	0.173	0.421

27.5/30.5	0.013/0.015	0.00045/0.00065	346.19 mins	(1.943 mins)	0.264	0.175	0.436
27.5/30.5	0.013/0.015	0.00046/0.00065	348.15 mins	(1.962 mins)	0.271	0.175	0.431
27.5/30.5	0.013/0.015	0.00047/0.00065	350.12 mins	(1.966 mins)	0.273	0.175	0.436
27.5/30.5	0.013/0.015	0.00048/0.00065	352.09 mins	(1.971 mins)	0.276	0.174	0.430
27.5/30.5	0.013/0.015	0.00049/0.00065	354.06 mins	(1.966 mins)	0.282	0.175	0.436
27.5/30.5	0.013/0.015	0.00050/0.00065	356.04 mins	(1.985 mins)	0.283	0.173	0.428
27.5/30.5	0.013/0.015	0.00051/0.00065	358.09 mins	(2.053 mins)	0.289	0.175	0.430
27.5/30.5	0.013/0.015	0.00052/0.00065	360.12 mins	(2.023 mins)	0.293	0.173	0.426
27.5/30.5	0.013/0.015	0.00053/0.00065	362.13 mins	(2.017 mins)	0.297	0.175	0.429
27.5/30.5	0.013/0.015	0.00054/0.00065	364.18 mins	(2.048 mins)	0.304	0.173	0.425
27.5/30.5	0.013/0.015	0.00055/0.00065	366.24 mins	(2.053 mins)	0.306	0.175	0.429
27.5/30.5	0.013/0.015	0.00056/0.00065	368.28 mins	(2.046 mins)	0.310	0.173	0.426
27.5/30.5	0.013/0.015	0.00057/0.00065	370.34 mins	(2.057 mins)	0.314	0.174	0.426
27.5/30.5	0.013/0.015	0.00058/0.00065	372.42 mins	(2.081 mins)	0.320	0.174	0.425
27.5/30.5	0.013/0.015	0.00059/0.00065	374.51 mins	(2.092 mins)	0.325	0.175	0.425
27.5/30.5	0.013/0.015	0.00060/0.00065	376.60 mins	(2.086 mins)	0.324	0.174	0.424
27.5/30.5	0.013/0.015	0.00061/0.00065	378.69 mins	(2.089 mins)	0.327	0.173	0.422
27.5/30.5	0.013/0.015	0.00062/0.00065	380.80 mins	(2.11 mins)	0.337	0.174	0.424
27.5/30.5	0.013/0.015	0.00063/0.00065	382.95 mins	(2.15 mins)	0.340	0.173	0.424
27.5/30.5	0.013/0.015	0.00064/0.00065	385.08 mins	(2.136 mins)	0.342	0.173	0.418
27.5/30.5	0.013/0.015	0.00065/0.00065	387.22 mins	(2.135 mins)	0.349	0.174	0.422

27.5/30.5	0.014/0.015	0.00045/0.00065	389.12 mins	(1.901 mins)	0.265	0.174	0.433
27.5/30.5	0.014/0.015	0.00046/0.00065	391.06 mins	(1.946 mins)	0.267	0.174	0.433
27.5/30.5	0.014/0.015	0.00047/0.00065	393.04 mins	(1.979 mins)	0.277	0.176	0.435
27.5/30.5	0.014/0.015	0.00048/0.00065	394.99 mins	(1.944 mins)	0.277	0.171	0.430
27.5/30.5	0.014/0.015	0.00049/0.00065	396.99 mins	(2.002 mins)	0.280	0.173	0.433
27.5/30.5	0.014/0.015	0.00050/0.00065	398.98 mins	(1.994 mins)	0.287	0.175	0.429
27.5/30.5	0.014/0.015	0.00051/0.00065	401.05 mins	(2.066 mins)	0.292	0.174	0.432
27.5/30.5	0.014/0.015	0.00052/0.00065	403.14 mins	(2.091 mins)	0.296	0.172	0.427
27.5/30.5	0.014/0.015	0.00053/0.00065	405.23 mins	(2.094 mins)	0.301	0.174	0.427
27.5/30.5	0.014/0.015	0.00054/0.00065	407.37 mins	(2.135 mins)	0.306	0.175	0.429
27.5/30.5	0.014/0.015	0.00055/0.00065	409.48 mins	(2.113 mins)	0.307	0.173	0.425
27.5/30.5	0.014/0.015	0.00056/0.00065	411.61 mins	(2.124 mins)	0.318	0.173	0.427
27.5/30.5	0.014/0.015	0.00057/0.00065	413.66 mins	(2.052 mins)	0.319	0.174	0.428
27.5/30.5	0.014/0.015	0.00058/0.00065	415.74 mins	(2.085 mins)	0.323	0.175	0.426
27.5/30.5	0.014/0.015	0.00059/0.00065	417.82 mins	(2.082 mins)	0.327	0.176	0.427
27.5/30.5	0.014/0.015	0.00060/0.00065	419.93 mins	(2.107 mins)	0.333	0.174	0.426
27.5/30.5	0.014/0.015	0.00061/0.00065	422.04 mins	(2.112 mins)	0.335	0.174	0.425
27.5/30.5	0.014/0.015	0.00062/0.00065	424.18 mins	(2.136 mins)	0.340	0.173	0.422
27.5/30.5	0.014/0.015	0.00063/0.00065	426.31 mins	(2.131 mins)	0.345	0.176	0.424
27.5/30.5	0.014/0.015	0.00064/0.00065	428.44 mins	(2.133 mins)	0.347	0.176	0.425
27.5/30.5	0.014/0.015	0.00065/0.00065	430.58 mins	(2.14 mins)	0.353	0.177	0.423

27.5/30.5	0.015/0.015	0.00045/0.00065	432.52 mins	(1.933 mins)	0.267	0.176	0.433
27.5/30.5	0.015/0.015	0.00046/0.00065	434.46 mins	(1.948 mins)	0.268	0.173	0.431
27.5/30.5	0.015/0.015	0.00047/0.00065	436.43 mins	(1.968 mins)	0.276	0.174	0.428
27.5/30.5	0.015/0.015	0.00048/0.00065	438.40 mins	(1.968 mins)	0.281	0.174	0.432
27.5/30.5	0.015/0.015	0.00049/0.00065	440.38 mins	(1.975 mins)	0.286	0.174	0.428
27.5/30.5	0.015/0.015	0.00050/0.00065	442.37 mins	(1.998 mins)	0.292	0.175	0.434
27.5/30.5	0.015/0.015	0.00051/0.00065	444.38 mins	(2.005 mins)	0.294	0.174	0.430
27.5/30.5	0.015/0.015	0.00052/0.00065	446.40 mins	(2.022 mins)	0.301	0.177	0.431
27.5/30.5	0.015/0.015	0.00053/0.00065	448.45 mins	(2.045 mins)	0.305	0.174	0.430
27.5/30.5	0.015/0.015	0.00054/0.00065	450.53 mins	(2.08 mins)	0.309	0.176	0.429
27.5/30.5	0.015/0.015	0.00055/0.00065	452.58 mins	(2.056 mins)	0.312	0.173	0.424
27.5/30.5	0.015/0.015	0.00056/0.00065	454.64 mins	(2.063 mins)	0.319	0.175	0.428
27.5/30.5	0.015/0.015	0.00057/0.00065	456.73 mins	(2.085 mins)	0.322	0.175	0.429
27.5/30.5	0.015/0.015	0.00058/0.00065	458.81 mins	(2.082 mins)	0.323	0.171	0.420
27.5/30.5	0.015/0.015	0.00059/0.00065	460.90 mins	(2.089 mins)	0.327	0.174	0.426
27.5/30.5	0.015/0.015	0.00060/0.00065	463.03 mins	(2.132 mins)	0.334	0.174	0.424
27.5/30.5	0.015/0.015	0.00061/0.00065	465.15 mins	(2.113 mins)	0.337	0.176	0.423
27.5/30.5	0.015/0.015	0.00062/0.00065	467.28 mins	(2.13 mins)	0.340	0.174	0.421
27.5/30.5	0.015/0.015	0.00063/0.00065	469.41 mins	(2.135 mins)	0.344	0.173	0.421
27.5/30.5	0.015/0.015	0.00064/0.00065	471.57 mins	(2.157 mins)	0.349	0.174	0.423
27.5/30.5	0.015/0.015	0.00065/0.00065	473.73 mins	(2.16 mins)	0.352	0.174	0.422



27.7/30.5	0.005/0.015	0.00045/0.00065	475.64 mins	(1.91 mins)	0.248	0.177	0.441
27.7/30.5	0.005/0.015	0.00046/0.00065	477.54 mins	(1.899 mins)	0.253	0.175	0.438
27.7/30.5	0.005/0.015	0.00047/0.00065	479.43 mins	(1.897 mins)	0.255	0.176	0.435
27.7/30.5	0.005/0.015	0.00048/0.00065	481.36 mins	(1.923 mins)	0.261	0.175	0.436
27.7/30.5	0.005/0.015	0.00049/0.00065	483.30 mins	(1.94 mins)	0.263	0.176	0.438
27.7/30.5	0.005/0.015	0.00050/0.00065	485.23 mins	(1.933 mins)	0.266	0.174	0.434
27.7/30.5	0.005/0.015	0.00051/0.00065	487.19 mins	(1.957 mins)	0.272	0.176	0.436
27.7/30.5	0.005/0.015	0.00052/0.00065	489.14 mins	(1.956 mins)	0.275	0.175	0.433
27.7/30.5	0.005/0.015	0.00053/0.00065	491.13 mins	(1.987 mins)	0.280	0.176	0.430
27.7/30.5	0.005/0.015	0.00054/0.00065	493.14 mins	(2.015 mins)	0.288	0.175	0.435
27.7/30.5	0.005/0.015	0.00055/0.00065	495.14 mins	(2.001 mins)	0.289	0.176	0.433
27.7/30.5	0.005/0.015	0.00056/0.00065	497.15 mins	(2.002 mins)	0.292	0.176	0.431
27.7/30.5	0.005/0.015	0.00057/0.00065	499.15 mins	(2.002 mins)	0.294	0.175	0.429
27.7/30.5	0.005/0.015	0.00058/0.00065	501.19 mins	(2.037 mins)	0.301	0.176	0.427
27.7/30.5	0.005/0.015	0.00059/0.00065	503.22 mins	(2.038 mins)	0.305	0.176	0.431
27.7/30.5	0.005/0.015	0.00060/0.00065	505.27 mins	(2.041 mins)	0.309	0.173	0.426
27.7/30.5	0.005/0.015	0.00061/0.00065	507.33 mins	(2.064 mins)	0.314	0.175	0.426
27.7/30.5	0.005/0.015	0.00062/0.00065	509.41 mins	(2.078 mins)	0.317	0.177	0.432
27.7/30.5	0.005/0.015	0.00063/0.00065	511.47 mins	(2.063 mins)	0.321	0.174	0.428
27.7/30.5	0.005/0.015	0.00064/0.00065	513.58 mins	(2.113 mins)	0.325	0.176	0.426
27.7/30.5	0.005/0.015	0.00065/0.00065	515.67 mins	(2.091 mins)	0.327	0.175	0.426

27.7/30.5	0.006/0.015	0.00045/0.00065	517.56 mins	(1.883 mins)	0.250	0.174	0.440
27.7/30.5	0.006/0.015	0.00046/0.00065	519.46 mins	(1.903 mins)	0.255	0.177	0.443
27.7/30.5	0.006/0.015	0.00047/0.00065	521.40 mins	(1.943 mins)	0.261	0.175	0.437
27.7/30.5	0.006/0.015	0.00048/0.00065	523.31 mins	(1.907 mins)	0.261	0.175	0.436
27.7/30.5	0.006/0.015	0.00049/0.00065	525.25 mins	(1.944 mins)	0.268	0.176	0.438
27.7/30.5	0.006/0.015	0.00050/0.00065	527.18 mins	(1.925 mins)	0.271	0.175	0.440
27.7/30.5	0.006/0.015	0.00051/0.00065	529.12 mins	(1.944 mins)	0.276	0.176	0.438
27.7/30.5	0.006/0.015	0.00052/0.00065	531.09 mins	(1.971 mins)	0.283	0.177	0.439
27.7/30.5	0.006/0.015	0.00053/0.00065	533.07 mins	(1.972 mins)	0.286	0.178	0.439
27.7/30.5	0.006/0.015	0.00054/0.00065	535.09 mins	(2.021 mins)	0.289	0.178	0.437
27.7/30.5	0.006/0.015	0.00055/0.00065	537.11 mins	(2.019 mins)	0.290	0.175	0.430
27.7/30.5	0.006/0.015	0.00056/0.00065	539.13 mins	(2.02 mins)	0.296	0.176	0.434
27.7/30.5	0.006/0.015	0.00057/0.00065	541.13 mins	(2.008 mins)	0.298	0.175	0.433
27.7/30.5	0.006/0.015	0.00058/0.00065	543.17 mins	(2.038 mins)	0.303	0.176	0.433
27.7/30.5	0.006/0.015	0.00059/0.00065	545.23 mins	(2.054 mins)	0.305	0.176	0.429
27.7/30.5	0.006/0.015	0.00060/0.00065	547.27 mins	(2.044 mins)	0.311	0.175	0.429
27.7/30.5	0.006/0.015	0.00061/0.00065	549.32 mins	(2.055 mins)	0.316	0.175	0.429
27.7/30.5	0.006/0.015	0.00062/0.00065	551.40 mins	(2.075 mins)	0.317	0.176	0.429
27.7/30.5	0.006/0.015	0.00063/0.00065	553.50 mins	(2.099 mins)	0.328	0.178	0.435
27.7/30.5	0.006/0.015	0.00064/0.00065	555.59 mins	(2.092 mins)	0.328	0.175	0.428
27.7/30.5	0.006/0.015	0.00065/0.00065	557.71 mins	(2.115 mins)	0.333	0.176	0.426

27.7/30.5	0.007/0.015	0.00045/0.00065	559.58 mins	(1.872 mins)	0.249	0.176	0.439
27.7/30.5	0.007/0.015	0.00046/0.00065	561.49 mins	(1.911 mins)	0.257	0.173	0.433
27.7/30.5	0.007/0.015	0.00047/0.00065	563.40 mins	(1.912 mins)	0.260	0.176	0.439
27.7/30.5	0.007/0.015	0.00048/0.00065	565.33 mins	(1.93 mins)	0.264	0.178	0.439
27.7/30.5	0.007/0.015	0.00049/0.00065	567.25 mins	(1.921 mins)	0.267	0.175	0.435
27.7/30.5	0.007/0.015	0.00050/0.00065	569.20 mins	(1.951 mins)	0.272	0.174	0.435
27.7/30.5	0.007/0.015	0.00051/0.00065	571.16 mins	(1.957 mins)	0.275	0.176	0.435
27.7/30.5	0.007/0.015	0.00052/0.00065	573.13 mins	(1.976 mins)	0.283	0.177	0.435
27.7/30.5	0.007/0.015	0.00053/0.00065	575.11 mins	(1.98 mins)	0.285	0.176	0.433
27.7/30.5	0.007/0.015	0.00054/0.00065	577.11 mins	(1.996 mins)	0.289	0.177	0.435
27.7/30.5	0.007/0.015	0.00055/0.00065	579.12 mins	(2.004 mins)	0.295	0.175	0.432
27.7/30.5	0.007/0.015	0.00056/0.00065	581.12 mins	(2.007 mins)	0.298	0.175	0.432
27.7/30.5	0.007/0.015	0.00057/0.00065	583.22 mins	(2.096 mins)	0.302	0.175	0.431
27.7/30.5	0.007/0.015	0.00058/0.00065	585.27 mins	(2.053 mins)	0.309	0.175	0.431
27.7/30.5	0.007/0.015	0.00059/0.00065	587.36 mins	(2.084 mins)	0.312	0.176	0.433
27.7/30.5	0.007/0.015	0.00060/0.00065	589.42 mins	(2.061 mins)	0.313	0.176	0.432
27.7/30.5	0.007/0.015	0.00061/0.00065	591.48 mins	(2.063 mins)	0.317	0.174	0.427
27.7/30.5	0.007/0.015	0.00062/0.00065	593.54 mins	(2.061 mins)	0.321	0.175	0.430
27.7/30.5	0.007/0.015	0.00063/0.00065	595.63 mins	(2.084 mins)	0.324	0.176	0.426
27.7/30.5	0.007/0.015	0.00064/0.00065	597.73 mins	(2.103 mins)	0.331	0.177	0.427
27.7/30.5	0.007/0.015	0.00065/0.00065	599.85 mins	(2.118 mins)	0.334	0.174	0.426

27.7/30.5	0.008/0.015	0.00045/0.00065	601.74 mins	(1.891 mins)	0.252	0.175	0.440
27.7/30.5	0.008/0.015	0.00046/0.00065	603.66 mins	(1.923 mins)	0.257	0.175	0.435
27.7/30.5	0.008/0.015	0.00047/0.00065	605.57 mins	(1.913 mins)	0.260	0.174	0.434
27.7/30.5	0.008/0.015	0.00048/0.00065	607.47 mins	(1.893 mins)	0.263	0.173	0.434
27.7/30.5	0.008/0.015	0.00049/0.00065	609.41 mins	(1.946 mins)	0.269	0.174	0.434
27.7/30.5	0.008/0.015	0.00050/0.00065	611.41 mins	(1.993 mins)	0.275	0.176	0.436
27.7/30.5	0.008/0.015	0.00051/0.00065	613.38 mins	(1.972 mins)	0.277	0.173	0.430
27.7/30.5	0.008/0.015	0.00052/0.00065	615.37 mins	(1.995 mins)	0.284	0.177	0.436
27.7/30.5	0.008/0.015	0.00053/0.00065	617.37 mins	(1.996 mins)	0.288	0.176	0.433
27.7/30.5	0.008/0.015	0.00054/0.00065	619.39 mins	(2.025 mins)	0.291	0.176	0.435
27.7/30.5	0.008/0.015	0.00055/0.00065	621.39 mins	(1.997 mins)	0.293	0.174	0.429
27.7/30.5	0.008/0.015	0.00056/0.00065	623.45 mins	(2.057 mins)	0.303	0.177	0.431
27.7/30.5	0.008/0.015	0.00057/0.00065	625.46 mins	(2.01 mins)	0.305	0.173	0.428
27.7/30.5	0.008/0.015	0.00058/0.00065	627.49 mins	(2.034 mins)	0.308	0.178	0.432
27.7/30.5	0.008/0.015	0.00059/0.00065	629.55 mins	(2.063 mins)	0.317	0.176	0.427
27.7/30.5	0.008/0.015	0.00060/0.00065	631.62 mins	(2.063 mins)	0.316	0.176	0.427
27.7/30.5	0.008/0.015	0.00061/0.00065	633.70 mins	(2.079 mins)	0.323	0.176	0.430
27.7/30.5	0.008/0.015	0.00062/0.00065	635.80 mins	(2.105 mins)	0.323	0.175	0.427
27.7/30.5	0.008/0.015	0.00063/0.00065	637.90 mins	(2.096 mins)	0.328	0.176	0.427
27.7/30.5	0.008/0.015	0.00064/0.00065	639.99 mins	(2.091 mins)	0.331	0.179	0.429
27.7/30.5	0.008/0.015	0.00065/0.00065	642.10 mins	(2.109 mins)	0.337	0.173	0.426

27.7/30.5	0.009/0.015	0.00045/0.00065	643.99 mins	(1.892 mins)	0.256	0.177	0.438
27.7/30.5	0.009/0.015	0.00046/0.00065	645.92 mins	(1.935 mins)	0.264	0.175	0.437
27.7/30.5	0.009/0.015	0.00047/0.00065	647.88 mins	(1.954 mins)	0.262	0.176	0.437
27.7/30.5	0.009/0.015	0.00048/0.00065	649.79 mins	(1.915 mins)	0.267	0.176	0.436
27.7/30.5	0.009/0.015	0.00049/0.00065	651.73 mins	(1.94 mins)	0.275	0.179	0.439
27.7/30.5	0.009/0.015	0.00050/0.00065	653.70 mins	(1.964 mins)	0.276	0.175	0.436
27.7/30.5	0.009/0.015	0.00051/0.00065	655.67 mins	(1.97 mins)	0.279	0.175	0.431
27.7/30.5	0.009/0.015	0.00052/0.00065	657.66 mins	(1.993 mins)	0.291	0.175	0.436
27.7/30.5	0.009/0.015	0.00053/0.00065	659.64 mins	(1.985 mins)	0.287	0.175	0.428
27.7/30.5	0.009/0.015	0.00054/0.00065	661.64 mins	(1.993 mins)	0.292	0.175	0.430
27.7/30.5	0.009/0.015	0.00055/0.00065	663.67 mins	(2.031 mins)	0.303	0.177	0.432
27.7/30.5	0.009/0.015	0.00056/0.00065	665.70 mins	(2.037 mins)	0.307	0.177	0.435
27.7/30.5	0.009/0.015	0.00057/0.00065	667.74 mins	(2.034 mins)	0.306	0.175	0.428
27.7/30.5	0.009/0.015	0.00058/0.00065	669.77 mins	(2.034 mins)	0.311	0.176	0.433
27.7/30.5	0.009/0.015	0.00059/0.00065	671.86 mins	(2.089 mins)	0.314	0.176	0.429
27.7/30.5	0.009/0.015	0.00060/0.00065	673.93 mins	(2.067 mins)	0.320	0.177	0.430
27.7/30.5	0.009/0.015	0.00061/0.00065	676.03 mins	(2.102 mins)	0.324	0.176	0.428
27.7/30.5	0.009/0.015	0.00062/0.00065	678.13 mins	(2.10 mins)	0.324	0.176	0.426
27.7/30.5	0.009/0.015	0.00063/0.00065	680.24 mins	(2.11 mins)	0.330	0.177	0.429
27.7/30.5	0.009/0.015	0.00064/0.00065	682.36 mins	(2.122 mins)	0.335	0.174	0.423
27.7/30.5	0.009/0.015	0.00065/0.00065	684.49 mins	(2.125 mins)	0.340	0.175	0.428

27.7/30.5	0.010/0.015	0.00045/0.00065	686.43 mins	(1.938 mins)	0.258	0.178	0.439
27.7/30.5	0.010/0.015	0.00046/0.00065	688.35 mins	(1.927 mins)	0.262	0.176	0.437
27.7/30.5	0.010/0.015	0.00047/0.00065	690.29 mins	(1.932 mins)	0.264	0.175	0.438
27.7/30.5	0.010/0.015	0.00048/0.00065	692.23 mins	(1.948 mins)	0.270	0.174	0.434
27.7/30.5	0.010/0.015	0.00049/0.00065	694.20 mins	(1.962 mins)	0.272	0.174	0.433
27.7/30.5	0.010/0.015	0.00050/0.00065	696.16 mins	(1.964 mins)	0.278	0.176	0.438
27.7/30.5	0.010/0.015	0.00051/0.00065	698.14 mins	(1.978 mins)	0.284	0.176	0.437
27.7/30.5	0.010/0.015	0.00052/0.00065	700.12 mins	(1.987 mins)	0.289	0.175	0.431
27.7/30.5	0.010/0.015	0.00053/0.00065	702.14 mins	(2.016 mins)	0.296	0.178	0.435
27.7/30.5	0.010/0.015	0.00054/0.00065	704.15 mins	(2.011 mins)	0.297	0.176	0.431
27.7/30.5	0.010/0.015	0.00055/0.00065	706.15 mins	(2.00 mins)	0.299	0.175	0.431
27.7/30.5	0.010/0.015	0.00056/0.00065	708.21 mins	(2.054 mins)	0.303	0.175	0.429
27.7/30.5	0.010/0.015	0.00057/0.00065	710.25 mins	(2.041 mins)	0.314	0.178	0.435
27.7/30.5	0.010/0.015	0.00058/0.00065	712.30 mins	(2.054 mins)	0.313	0.176	0.428
27.7/30.5	0.010/0.015	0.00059/0.00065	714.37 mins	(2.069 mins)	0.320	0.176	0.432
27.7/30.5	0.010/0.015	0.00060/0.00065	716.45 mins	(2.078 mins)	0.323	0.175	0.427
27.7/30.5	0.010/0.015	0.00061/0.00065	718.54 mins	(2.094 mins)	0.325	0.175	0.424
27.7/30.5	0.010/0.015	0.00062/0.00065	720.65 mins	(2.109 mins)	0.333	0.178	0.430
27.7/30.5	0.010/0.015	0.00063/0.00065	722.76 mins	(2.111 mins)	0.332	0.176	0.425
27.7/30.5	0.010/0.015	0.00064/0.00065	724.88 mins	(2.114 mins)	0.334	0.175	0.426
27.7/30.5	0.010/0.015	0.00065/0.00065	727.01 mins	(2.129 mins)	0.341	0.175	0.425

27.7/30.5	0.011/0.015	0.00045/0.00065	728.93 mins	(1.922 mins)	0.257	0.175	0.435
27.7/30.5	0.011/0.015	0.00046/0.00065	730.87 mins	(1.94 mins)	0.266	0.175	0.436
27.7/30.5	0.011/0.015	0.00047/0.00065	732.81 mins	(1.946 mins)	0.269	0.175	0.435
27.7/30.5	0.011/0.015	0.00048/0.00065	734.78 mins	(1.969 mins)	0.271	0.173	0.433
27.7/30.5	0.011/0.015	0.00049/0.00065	736.72 mins	(1.94 mins)	0.276	0.176	0.433
27.7/30.5	0.011/0.015	0.00050/0.00065	738.72 mins	(1.997 mins)	0.284	0.174	0.431
27.7/30.5	0.011/0.015	0.00051/0.00065	740.70 mins	(1.984 mins)	0.284	0.174	0.433
27.7/30.5	0.011/0.015	0.00052/0.00065	742.70 mins	(1.998 mins)	0.291	0.174	0.432
27.7/30.5	0.011/0.015	0.00053/0.00065	744.73 mins	(2.026 mins)	0.292	0.175	0.428
27.7/30.5	0.011/0.015	0.00054/0.00065	746.76 mins	(2.037 mins)	0.301	0.174	0.429
27.7/30.5	0.011/0.015	0.00055/0.00065	748.81 mins	(2.043 mins)	0.300	0.177	0.433
27.7/30.5	0.011/0.015	0.00056/0.00065	750.85 mins	(2.045 mins)	0.305	0.173	0.426
27.7/30.5	0.011/0.015	0.00057/0.00065	752.92 mins	(2.067 mins)	0.308	0.173	0.428
27.7/30.5	0.011/0.015	0.00058/0.00065	754.99 mins	(2.067 mins)	0.316	0.176	0.428
27.7/30.5	0.011/0.015	0.00059/0.00065	757.06 mins	(2.072 mins)	0.319	0.176	0.431
27.7/30.5	0.011/0.015	0.00060/0.00065	759.14 mins	(2.086 mins)	0.323	0.174	0.427
27.7/30.5	0.011/0.015	0.00061/0.00065	761.25 mins	(2.109 mins)	0.328	0.175	0.427
27.7/30.5	0.011/0.015	0.00062/0.00065	763.35 mins	(2.093 mins)	0.330	0.174	0.422
27.7/30.5	0.011/0.015	0.00063/0.00065	765.49 mins	(2.143 mins)	0.333	0.176	0.426
27.7/30.5	0.011/0.015	0.00064/0.00065	767.59 mins	(2.102 mins)	0.336	0.175	0.422
27.7/30.5	0.011/0.015	0.00065/0.00065	769.70 mins	(2.107 mins)	0.341	0.176	0.425

27.7/30.5	0.012/0.015	0.00045/0.00065	771.62 mins	(1.918 mins)	0.264	0.175	0.436
27.7/30.5	0.012/0.015	0.00046/0.00065	773.55 mins	(1.939 mins)	0.265	0.173	0.435
27.7/30.5	0.012/0.015	0.00047/0.00065	775.49 mins	(1.938 mins)	0.271	0.175	0.433
27.7/30.5	0.012/0.015	0.00048/0.00065	777.44 mins	(1.944 mins)	0.275	0.176	0.435
27.7/30.5	0.012/0.015	0.00049/0.00065	779.44 mins	(2.00 mins)	0.278	0.178	0.434
27.7/30.5	0.012/0.015	0.00050/0.00065	781.44 mins	(2.009 mins)	0.287	0.177	0.434
27.7/30.5	0.012/0.015	0.00051/0.00065	783.47 mins	(2.025 mins)	0.289	0.175	0.429
27.7/30.5	0.012/0.015	0.00052/0.00065	785.46 mins	(1.994 mins)	0.291	0.174	0.430
27.7/30.5	0.012/0.015	0.00053/0.00065	787.51 mins	(2.045 mins)	0.297	0.173	0.429
27.7/30.5	0.012/0.015	0.00054/0.00065	789.53 mins	(2.026 mins)	0.300	0.175	0.431
27.7/30.5	0.012/0.015	0.00055/0.00065	791.59 mins	(2.057 mins)	0.306	0.175	0.427
27.7/30.5	0.012/0.015	0.00056/0.00065	793.70 mins	(2.105 mins)	0.311	0.176	0.429
27.7/30.5	0.012/0.015	0.00057/0.00065	795.78 mins	(2.08 mins)	0.315	0.175	0.429
27.7/30.5	0.012/0.015	0.00058/0.00065	797.86 mins	(2.078 mins)	0.316	0.175	0.428
27.7/30.5	0.012/0.015	0.00059/0.00065	799.94 mins	(2.089 mins)	0.323	0.173	0.427
27.7/30.5	0.012/0.015	0.00060/0.00065	802.07 mins	(2.122 mins)	0.329	0.176	0.428
27.7/30.5	0.012/0.015	0.00061/0.00065	804.16 mins	(2.093 mins)	0.332	0.175	0.428
27.7/30.5	0.012/0.015	0.00062/0.00065	806.29 mins	(2.126 mins)	0.333	0.175	0.426
27.7/30.5	0.012/0.015	0.00063/0.00065	808.42 mins	(2.135 mins)	0.339	0.176	0.426
27.7/30.5	0.012/0.015	0.00064/0.00065	810.55 mins	(2.134 mins)	0.346	0.178	0.429
27.7/30.5	0.012/0.015	0.00065/0.00065	812.69 mins	(2.135 mins)	0.346	0.175	0.423

27.7/30.5	0.013/0.015	0.00045/0.00065	814.61 mins	(1.918 mins)	0.265	0.175	0.437
27.7/30.5	0.013/0.015	0.00046/0.00065	816.56 mins	(1.954 mins)	0.268	0.178	0.439
27.7/30.5	0.013/0.015	0.00047/0.00065	818.54 mins	(1.979 mins)	0.272	0.175	0.432
27.7/30.5	0.013/0.015	0.00048/0.00065	820.53 mins	(1.988 mins)	0.276	0.175	0.433
27.7/30.5	0.013/0.015	0.00049/0.00065	822.50 mins	(1.975 mins)	0.281	0.176	0.432
27.7/30.5	0.013/0.015	0.00050/0.00065	824.48 mins	(1.976 mins)	0.287	0.176	0.433
27.7/30.5	0.013/0.015	0.00051/0.00065	826.47 mins	(1.993 mins)	0.287	0.175	0.428
27.7/30.5	0.013/0.015	0.00052/0.00065	828.51 mins	(2.033 mins)	0.296	0.173	0.428
27.7/30.5	0.013/0.015	0.00053/0.00065	830.52 mins	(2.017 mins)	0.301	0.176	0.431
27.7/30.5	0.013/0.015	0.00054/0.00065	832.56 mins	(2.037 mins)	0.304	0.175	0.431
27.7/30.5	0.013/0.015	0.00055/0.00065	834.61 mins	(2.049 mins)	0.306	0.175	0.430
27.7/30.5	0.013/0.015	0.00056/0.00065	836.66 mins	(2.046 mins)	0.314	0.174	0.430
27.7/30.5	0.013/0.015	0.00057/0.00065	838.74 mins	(2.08 mins)	0.319	0.178	0.433
27.7/30.5	0.013/0.015	0.00058/0.00065	840.86 mins	(2.127 mins)	0.321	0.176	0.428
27.7/30.5	0.013/0.015	0.00059/0.00065	842.96 mins	(2.102 mins)	0.324	0.175	0.426
27.7/30.5	0.013/0.015	0.00060/0.00065	845.06 mins	(2.095 mins)	0.329	0.178	0.429
27.7/30.5	0.013/0.015	0.00061/0.00065	847.17 mins	(2.107 mins)	0.333	0.174	0.423
27.7/30.5	0.013/0.015	0.00062/0.00065	849.32 mins	(2.158 mins)	0.339	0.177	0.427
27.7/30.5	0.013/0.015	0.00063/0.00065	851.45 mins	(2.125 mins)	0.343	0.176	0.427
27.7/30.5	0.013/0.015	0.00064/0.00065	853.61 mins	(2.161 mins)	0.342	0.174	0.422
27.7/30.5	0.013/0.015	0.00065/0.00065	855.77 mins	(2.157 mins)	0.348	0.173	0.421

27.7/30.5	0.014/0.015	0.00045/0.00065	857.72 mins	(1.956 mins)	0.267	0.173	0.433
27.7/30.5	0.014/0.015	0.00046/0.00065	859.66 mins	(1.937 mins)	0.268	0.174	0.436
27.7/30.5	0.014/0.015	0.00047/0.00065	861.64 mins	(1.982 mins)	0.274	0.175	0.433
27.7/30.5	0.014/0.015	0.00048/0.00065	863.63 mins	(1.989 mins)	0.283	0.176	0.438
27.7/30.5	0.014/0.015	0.00049/0.00065	865.61 mins	(1.974 mins)	0.283	0.174	0.434
27.7/30.5	0.014/0.015	0.00050/0.00065	867.73 mins	(2.12 mins)	0.289	0.176	0.433
27.7/30.5	0.014/0.015	0.00051/0.00065	869.82 mins	(2.094 mins)	0.296	0.176	0.435
27.7/30.5	0.014/0.015	0.00052/0.00065	871.92 mins	(2.097 mins)	0.299	0.177	0.436
27.7/30.5	0.014/0.015	0.00053/0.00065	874.04 mins	(2.125 mins)	0.300	0.175	0.428
27.7/30.5	0.014/0.015	0.00054/0.00065	876.19 mins	(2.152 mins)	0.308	0.177	0.432
27.7/30.5	0.014/0.015	0.00055/0.00065	878.34 mins	(2.146 mins)	0.311	0.176	0.430
27.7/30.5	0.014/0.015	0.00056/0.00065	880.51 mins	(2.167 mins)	0.316	0.176	0.428
27.7/30.5	0.014/0.015	0.00057/0.00065	882.67 mins	(2.162 mins)	0.319	0.175	0.429
27.7/30.5	0.014/0.015	0.00058/0.00065	884.80 mins	(2.135 mins)	0.323	0.177	0.429
27.7/30.5	0.014/0.015	0.00059/0.00065	886.91 mins	(2.10 mins)	0.328	0.177	0.431
27.7/30.5	0.014/0.015	0.00060/0.00065	889.05 mins	(2.148 mins)	0.332	0.176	0.425
27.7/30.5	0.014/0.015	0.00061/0.00065	891.17 mins	(2.119 mins)	0.334	0.177	0.429
27.7/30.5	0.014/0.015	0.00062/0.00065	893.33 mins	(2.154 mins)	0.341	0.176	0.426
27.7/30.5	0.014/0.015	0.00063/0.00065	895.47 mins	(2.145 mins)	0.343	0.175	0.423
27.7/30.5	0.014/0.015	0.00064/0.00065	897.60 mins	(2.13 mins)	0.347	0.174	0.423
27.7/30.5	0.014/0.015	0.00065/0.00065	899.75 mins	(2.154 mins)	0.348	0.174	0.421

27.7/30.5	0.015/0.015	0.00045/0.00065	901.68 mins	(1.928 mins)	0.265	0.176	0.435
27.7/30.5	0.015/0.015	0.00046/0.00065	903.64 mins	(1.961 mins)	0.274	0.177	0.436
27.7/30.5	0.015/0.015	0.00047/0.00065	905.58 mins	(1.935 mins)	0.274	0.176	0.433
27.7/30.5	0.015/0.015	0.00048/0.00065	907.56 mins	(1.976 mins)	0.281	0.175	0.434
27.7/30.5	0.015/0.015	0.00049/0.00065	909.54 mins	(1.986 mins)	0.283	0.174	0.432
27.7/30.5	0.015/0.015	0.00050/0.00065	911.57 mins	(2.027 mins)	0.292	0.179	0.434
27.7/30.5	0.015/0.015	0.00051/0.00065	913.58 mins	(2.01 mins)	0.294	0.172	0.430
27.7/30.5	0.015/0.015	0.00052/0.00065	915.61 mins	(2.032 mins)	0.303	0.177	0.433
27.7/30.5	0.015/0.015	0.00053/0.00065	917.66 mins	(2.045 mins)	0.306	0.175	0.430
27.7/30.5	0.015/0.015	0.00054/0.00065	919.70 mins	(2.041 mins)	0.305	0.175	0.429
27.7/30.5	0.015/0.015	0.00055/0.00065	921.78 mins	(2.083 mins)	0.313	0.174	0.428
27.7/30.5	0.015/0.015	0.00056/0.00065	923.85 mins	(2.072 mins)	0.319	0.179	0.435
27.7/30.5	0.015/0.015	0.00057/0.00065	925.93 mins	(2.078 mins)	0.322	0.175	0.427
27.7/30.5	0.015/0.015	0.00058/0.00065	928.06 mins	(2.133 mins)	0.326	0.177	0.426
27.7/30.5	0.015/0.015	0.00059/0.00065	930.17 mins	(2.105 mins)	0.333	0.176	0.429
27.7/30.5	0.015/0.015	0.00060/0.00065	932.33 mins	(2.16 mins)	0.338	0.177	0.428
27.7/30.5	0.015/0.015	0.00061/0.00065	934.46 mins	(2.134 mins)	0.337	0.176	0.426
27.7/30.5	0.015/0.015	0.00062/0.00065	936.57 mins	(2.107 mins)	0.338	0.174	0.423
27.7/30.5	0.015/0.015	0.00063/0.00065	938.71 mins	(2.138 mins)	0.349	0.176	0.425
27.7/30.5	0.015/0.015	0.00064/0.00065	940.87 mins	(2.162 mins)	0.351	0.175	0.422
27.7/30.5	0.015/0.015	0.00065/0.00065	943.02 mins	(2.147 mins)	0.353	0.175	0.423



27.9/30.5	0.005/0.015	0.00045/0.00065	944.89 mins	(1.873 mins)	0.248	0.176	0.440
27.9/30.5	0.005/0.015	0.00046/0.00065	946.79 mins	(1.902 mins)	0.255	0.177	0.442
27.9/30.5	0.005/0.015	0.00047/0.00065	948.70 mins	(1.91 mins)	0.257	0.178	0.439
27.9/30.5	0.005/0.015	0.00048/0.00065	950.61 mins	(1.904 mins)	0.260	0.176	0.437
27.9/30.5	0.005/0.015	0.00049/0.00065	952.54 mins	(1.936 mins)	0.266	0.176	0.437
27.9/30.5	0.005/0.015	0.00050/0.00065	954.47 mins	(1.932 mins)	0.270	0.180	0.441
27.9/30.5	0.005/0.015	0.00051/0.00065	956.41 mins	(1.942 mins)	0.273	0.178	0.440
27.9/30.5	0.005/0.015	0.00052/0.00065	958.40 mins	(1.985 mins)	0.280	0.178	0.442
27.9/30.5	0.005/0.015	0.00053/0.00065	960.38 mins	(1.977 mins)	0.282	0.178	0.436
27.9/30.5	0.005/0.015	0.00054/0.00065	962.37 mins	(1.995 mins)	0.285	0.176	0.435
27.9/30.5	0.005/0.015	0.00055/0.00065	964.37 mins	(1.996 mins)	0.291	0.177	0.434
27.9/30.5	0.005/0.015	0.00056/0.00065	966.37 mins	(2.005 mins)	0.294	0.179	0.437
27.9/30.5	0.005/0.015	0.00057/0.00065	968.40 mins	(2.028 mins)	0.298	0.177	0.435
27.9/30.5	0.005/0.015	0.00058/0.00065	970.43 mins	(2.034 mins)	0.304	0.179	0.436
27.9/30.5	0.005/0.015	0.00059/0.00065	972.47 mins	(2.036 mins)	0.308	0.176	0.435
27.9/30.5	0.005/0.015	0.00060/0.00065	974.51 mins	(2.04 mins)	0.311	0.176	0.433
27.9/30.5	0.005/0.015	0.00061/0.00065	976.59 mins	(2.085 mins)	0.317	0.175	0.431
27.9/30.5	0.005/0.015	0.00062/0.00065	978.64 mins	(2.049 mins)	0.320	0.177	0.437
27.9/30.5	0.005/0.015	0.00063/0.00065	980.73 mins	(2.086 mins)	0.324	0.177	0.434
27.9/30.5	0.005/0.015	0.00064/0.00065	982.83 mins	(2.099 mins)	0.328	0.177	0.430
27.9/30.5	0.005/0.015	0.00065/0.00065	984.94 mins	(2.117 mins)	0.331	0.177	0.432

27.9/30.5	0.006/0.015	0.00045/0.00065	986.82 mins	(1.88 mins)	0.248	0.179	0.447
27.9/30.5	0.006/0.015	0.00046/0.00065	988.72 mins	(1.892 mins)	0.252	0.176	0.440
27.9/30.5	0.006/0.015	0.00047/0.00065	990.63 mins	(1.916 mins)	0.258	0.179	0.440
27.9/30.5	0.006/0.015	0.00048/0.00065	992.59 mins	(1.955 mins)	0.261	0.179	0.443
27.9/30.5	0.006/0.015	0.00049/0.00065	994.50 mins	(1.914 mins)	0.267	0.176	0.435
27.9/30.5	0.006/0.015	0.00050/0.00065	996.46 mins	(1.962 mins)	0.274	0.179	0.441
27.9/30.5	0.006/0.015	0.00051/0.00065	998.41 mins	(1.947 mins)	0.277	0.178	0.439
27.9/30.5	0.006/0.015	0.00052/0.00065	1000.39 mins	(1.98 mins)	0.280	0.177	0.438
27.9/30.5	0.006/0.015	0.00053/0.00065	1002.39 mins	(2.003 mins)	0.285	0.177	0.437
27.9/30.5	0.006/0.015	0.00054/0.00065	1004.40 mins	(2.002 mins)	0.290	0.180	0.440
27.9/30.5	0.006/0.015	0.00055/0.00065	1006.41 mins	(2.017 mins)	0.294	0.177	0.438
27.9/30.5	0.006/0.015	0.00056/0.00065	1008.42 mins	(2.002 mins)	0.294	0.175	0.432
27.9/30.5	0.006/0.015	0.00057/0.00065	1010.45 mins	(2.032 mins)	0.299	0.176	0.432
27.9/30.5	0.006/0.015	0.00058/0.00065	1012.48 mins	(2.037 mins)	0.302	0.176	0.432
27.9/30.5	0.006/0.015	0.00059/0.00065	1014.54 mins	(2.054 mins)	0.309	0.178	0.433
27.9/30.5	0.006/0.015	0.00060/0.00065	1016.63 mins	(2.089 mins)	0.311	0.177	0.434
27.9/30.5	0.006/0.015	0.00061/0.00065	1018.70 mins	(2.068 mins)	0.320	0.179	0.434
27.9/30.5	0.006/0.015	0.00062/0.00065	1020.78 mins	(2.084 mins)	0.319	0.177	0.434
27.9/30.5	0.006/0.015	0.00063/0.00065	1022.86 mins	(2.083 mins)	0.324	0.178	0.435
27.9/30.5	0.006/0.015	0.00064/0.00065	1024.98 mins	(2.121 mins)	0.327	0.176	0.427
27.9/30.5	0.006/0.015	0.00065/0.00065	1027.09 mins	(2.103 mins)	0.332	0.178	0.430

27.9/30.5	0.007/0.015	0.00045/0.00065	1028.97 mins	(1.883 mins)	0.255	0.177	0.444
27.9/30.5	0.007/0.015	0.00046/0.00065	1030.88 mins	(1.914 mins)	0.257	0.177	0.439
27.9/30.5	0.007/0.015	0.00047/0.00065	1032.80 mins	(1.914 mins)	0.262	0.178	0.442
27.9/30.5	0.007/0.015	0.00048/0.00065	1034.75 mins	(1.95 mins)	0.263	0.177	0.438
27.9/30.5	0.007/0.015	0.00049/0.00065	1036.67 mins	(1.925 mins)	0.269	0.177	0.439
27.9/30.5	0.007/0.015	0.00050/0.00065	1038.63 mins	(1.956 mins)	0.273	0.179	0.439
27.9/30.5	0.007/0.015	0.00051/0.00065	1040.59 mins	(1.963 mins)	0.278	0.176	0.435
27.9/30.5	0.007/0.015	0.00052/0.00065	1042.55 mins	(1.957 mins)	0.280	0.175	0.433
27.9/30.5	0.007/0.015	0.00053/0.00065	1044.53 mins	(1.987 mins)	0.287	0.176	0.435
27.9/30.5	0.007/0.015	0.00054/0.00065	1046.55 mins	(2.016 mins)	0.293	0.179	0.434
27.9/30.5	0.007/0.015	0.00055/0.00065	1048.55 mins	(1.998 mins)	0.294	0.178	0.434
27.9/30.5	0.007/0.015	0.00056/0.00065	1050.56 mins	(2.015 mins)	0.299	0.176	0.434
27.9/30.5	0.007/0.015	0.00057/0.00065	1052.63 mins	(2.067 mins)	0.306	0.175	0.432
27.9/30.5	0.007/0.015	0.00058/0.00065	1054.65 mins	(2.024 mins)	0.303	0.175	0.430
27.9/30.5	0.007/0.015	0.00059/0.00065	1056.73 mins	(2.072 mins)	0.314	0.178	0.434
27.9/30.5	0.007/0.015	0.00060/0.00065	1058.86 mins	(2.136 mins)	0.319	0.179	0.434
27.9/30.5	0.007/0.015	0.00061/0.00065	1060.93 mins	(2.071 mins)	0.319	0.178	0.428
27.9/30.5	0.007/0.015	0.00062/0.00065	1063.05 mins	(2.118 mins)	0.326	0.179	0.434
27.9/30.5	0.007/0.015	0.00063/0.00065	1065.17 mins	(2.119 mins)	0.329	0.178	0.432
27.9/30.5	0.007/0.015	0.00064/0.00065	1067.27 mins	(2.10 mins)	0.332	0.177	0.428
27.9/30.5	0.007/0.015	0.00065/0.00065	1069.39 mins	(2.117 mins)	0.334	0.176	0.427

27.9/30.5	0.008/0.015	0.00045/0.00065	1071.28 mins	(1.888 mins)	0.251	0.176	0.437
27.9/30.5	0.008/0.015	0.00046/0.00065	1073.22 mins	(1.946 mins)	0.257	0.174	0.436
27.9/30.5	0.008/0.015	0.00047/0.00065	1075.15 mins	(1.928 mins)	0.264	0.177	0.438
27.9/30.5	0.008/0.015	0.00048/0.00065	1077.07 mins	(1.925 mins)	0.266	0.175	0.437
27.9/30.5	0.008/0.015	0.00049/0.00065	1079.02 mins	(1.944 mins)	0.268	0.176	0.438
27.9/30.5	0.008/0.015	0.00050/0.00065	1081.01 mins	(1.992 mins)	0.277	0.178	0.437
27.9/30.5	0.008/0.015	0.00051/0.00065	1082.97 mins	(1.959 mins)	0.280	0.177	0.437
27.9/30.5	0.008/0.015	0.00052/0.00065	1084.96 mins	(1.993 mins)	0.286	0.176	0.436
27.9/30.5	0.008/0.015	0.00053/0.00065	1086.96 mins	(1.996 mins)	0.288	0.175	0.432
27.9/30.5	0.008/0.015	0.00054/0.00065	1088.97 mins	(2.007 mins)	0.295	0.178	0.437
27.9/30.5	0.008/0.015	0.00055/0.00065	1090.97 mins	(2.003 mins)	0.295	0.178	0.434
27.9/30.5	0.008/0.015	0.00056/0.00065	1092.99 mins	(2.024 mins)	0.300	0.178	0.436
27.9/30.5	0.008/0.015	0.00057/0.00065	1095.06 mins	(2.063 mins)	0.306	0.178	0.434
27.9/30.5	0.008/0.015	0.00058/0.00065	1097.12 mins	(2.067 mins)	0.310	0.177	0.434
27.9/30.5	0.008/0.015	0.00059/0.00065	1099.19 mins	(2.07 mins)	0.315	0.176	0.433
27.9/30.5	0.008/0.015	0.00060/0.00065	1101.29 mins	(2.096 mins)	0.314	0.178	0.431
27.9/30.5	0.008/0.015	0.00061/0.00065	1103.38 mins	(2.092 mins)	0.320	0.177	0.432
27.9/30.5	0.008/0.015	0.00062/0.00065	1105.53 mins	(2.146 mins)	0.325	0.175	0.426
27.9/30.5	0.008/0.015	0.00063/0.00065	1107.62 mins	(2.092 mins)	0.330	0.178	0.435
27.9/30.5	0.008/0.015	0.00064/0.00065	1109.73 mins	(2.111 mins)	0.332	0.177	0.429
27.9/30.5	0.008/0.015	0.00065/0.00065	1111.86 mins	(2.126 mins)	0.336	0.177	0.428

27.9/30.5	0.009/0.015	0.00045/0.00065	1113.75 mins	(1.892 mins)	0.252	0.177	0.439
27.9/30.5	0.009/0.015	0.00046/0.00065	1115.67 mins	(1.922 mins)	0.261	0.176	0.440
27.9/30.5	0.009/0.015	0.00047/0.00065	1117.60 mins	(1.93 mins)	0.265	0.176	0.437
27.9/30.5	0.009/0.015	0.00048/0.00065	1119.56 mins	(1.96 mins)	0.273	0.178	0.441
27.9/30.5	0.009/0.015	0.00049/0.00065	1121.50 mins	(1.94 mins)	0.273	0.176	0.437
27.9/30.5	0.009/0.015	0.00050/0.00065	1123.45 mins	(1.953 mins)	0.277	0.178	0.439
27.9/30.5	0.009/0.015	0.00051/0.00065	1125.44 mins	(1.989 mins)	0.283	0.175	0.435
27.9/30.5	0.009/0.015	0.00052/0.00065	1127.43 mins	(1.987 mins)	0.287	0.178	0.439
27.9/30.5	0.009/0.015	0.00053/0.00065	1129.40 mins	(1.968 mins)	0.288	0.176	0.433
27.9/30.5	0.009/0.015	0.00054/0.00065	1131.41 mins	(2.011 mins)	0.296	0.174	0.430
27.9/30.5	0.009/0.015	0.00055/0.00065	1133.42 mins	(2.011 mins)	0.298	0.175	0.434
27.9/30.5	0.009/0.015	0.00056/0.00065	1135.45 mins	(2.033 mins)	0.303	0.177	0.434
27.9/30.5	0.009/0.015	0.00057/0.00065	1137.49 mins	(2.037 mins)	0.308	0.177	0.434
27.9/30.5	0.009/0.015	0.00058/0.00065	1139.55 mins	(2.059 mins)	0.309	0.177	0.431
27.9/30.5	0.009/0.015	0.00059/0.00065	1141.64 mins	(2.086 mins)	0.313	0.177	0.431
27.9/30.5	0.009/0.015	0.00060/0.00065	1143.73 mins	(2.09 mins)	0.323	0.177	0.433
27.9/30.5	0.009/0.015	0.00061/0.00065	1145.82 mins	(2.095 mins)	0.326	0.177	0.429
27.9/30.5	0.009/0.015	0.00062/0.00065	1147.92 mins	(2.104 mins)	0.328	0.178	0.434
27.9/30.5	0.009/0.015	0.00063/0.00065	1150.01 mins	(2.086 mins)	0.332	0.177	0.431
27.9/30.5	0.009/0.015	0.00064/0.00065	1152.13 mins	(2.115 mins)	0.339	0.179	0.432
27.9/30.5	0.009/0.015	0.00065/0.00065	1154.22 mins	(2.096 mins)	0.338	0.175	0.424

27.9/30.5	0.010/0.015	0.00045/0.00065	1156.13 mins	(1.907 mins)	0.258	0.177	0.439
27.9/30.5	0.010/0.015	0.00046/0.00065	1158.06 mins	(1.934 mins)	0.262	0.176	0.441
27.9/30.5	0.010/0.015	0.00047/0.00065	1160.00 mins	(1.936 mins)	0.261	0.175	0.435
27.9/30.5	0.010/0.015	0.00048/0.00065	1161.95 mins	(1.956 mins)	0.272	0.176	0.436
27.9/30.5	0.010/0.015	0.00049/0.00065	1163.93 mins	(1.977 mins)	0.278	0.175	0.437
27.9/30.5	0.010/0.015	0.00050/0.00065	1165.90 mins	(1.972 mins)	0.280	0.176	0.435
27.9/30.5	0.010/0.015	0.00051/0.00065	1167.89 mins	(1.988 mins)	0.284	0.176	0.436
27.9/30.5	0.010/0.015	0.00052/0.00065	1169.90 mins	(2.008 mins)	0.291	0.178	0.437
27.9/30.5	0.010/0.015	0.00053/0.00065	1171.92 mins	(2.016 mins)	0.295	0.177	0.436
27.9/30.5	0.010/0.015	0.00054/0.00065	1173.94 mins	(2.022 mins)	0.294	0.176	0.430
27.9/30.5	0.010/0.015	0.00055/0.00065	1175.95 mins	(2.015 mins)	0.300	0.176	0.434
27.9/30.5	0.010/0.015	0.00056/0.00065	1178.02 mins	(2.068 mins)	0.304	0.177	0.431
27.9/30.5	0.010/0.015	0.00057/0.00065	1180.10 mins	(2.082 mins)	0.308	0.175	0.433
27.9/30.5	0.010/0.015	0.00058/0.00065	1182.16 mins	(2.055 mins)	0.316	0.179	0.435
27.9/30.5	0.010/0.015	0.00059/0.00065	1184.27 mins	(2.112 mins)	0.319	0.175	0.431
27.9/30.5	0.010/0.015	0.00060/0.00065	1186.34 mins	(2.068 mins)	0.322	0.176	0.429
27.9/30.5	0.010/0.015	0.00061/0.00065	1188.44 mins	(2.099 mins)	0.327	0.177	0.431
27.9/30.5	0.010/0.015	0.00062/0.00065	1190.53 mins	(2.088 mins)	0.329	0.178	0.428
27.9/30.5	0.010/0.015	0.00063/0.00065	1192.65 mins	(2.129 mins)	0.335	0.178	0.428
27.9/30.5	0.010/0.015	0.00064/0.00065	1194.79 mins	(2.132 mins)	0.339	0.176	0.426
27.9/30.5	0.010/0.015	0.00065/0.00065	1196.93 mins	(2.146 mins)	0.345	0.179	0.431

27.9/30.5	0.011/0.015	0.00045/0.00065	1198.84 mins	(1.905 mins)	0.260	0.176	0.440
27.9/30.5	0.011/0.015	0.00046/0.00065	1200.79 mins	(1.951 mins)	0.262	0.178	0.442
27.9/30.5	0.011/0.015	0.00047/0.00065	1202.73 mins	(1.938 mins)	0.269	0.173	0.437
27.9/30.5	0.011/0.015	0.00048/0.00065	1204.69 mins	(1.959 mins)	0.274	0.174	0.438
27.9/30.5	0.011/0.015	0.00049/0.00065	1206.63 mins	(1.948 mins)	0.276	0.177	0.434
27.9/30.5	0.011/0.015	0.00050/0.00065	1208.61 mins	(1.973 mins)	0.284	0.176	0.438
27.9/30.5	0.011/0.015	0.00051/0.00065	1210.61 mins	(2.001 mins)	0.287	0.176	0.432
27.9/30.5	0.011/0.015	0.00052/0.00065	1212.62 mins	(2.009 mins)	0.290	0.176	0.437
27.9/30.5	0.011/0.015	0.00053/0.00065	1214.63 mins	(2.014 mins)	0.295	0.178	0.436
27.9/30.5	0.011/0.015	0.00054/0.00065	1216.66 mins	(2.033 mins)	0.299	0.177	0.434
27.9/30.5	0.011/0.015	0.00055/0.00065	1218.72 mins	(2.053 mins)	0.306	0.178	0.433
27.9/30.5	0.011/0.015	0.00056/0.00065	1220.77 mins	(2.052 mins)	0.310	0.178	0.435
27.9/30.5	0.011/0.015	0.00057/0.00065	1222.84 mins	(2.069 mins)	0.309	0.176	0.432
27.9/30.5	0.011/0.015	0.00058/0.00065	1224.94 mins	(2.10 mins)	0.319	0.177	0.432
27.9/30.5	0.011/0.015	0.00059/0.00065	1227.01 mins	(2.073 mins)	0.321	0.176	0.431
27.9/30.5	0.011/0.015	0.00060/0.00065	1229.11 mins	(2.096 mins)	0.328	0.177	0.433
27.9/30.5	0.011/0.015	0.00061/0.00065	1231.20 mins	(2.091 mins)	0.328	0.176	0.427
27.9/30.5	0.011/0.015	0.00062/0.00065	1233.32 mins	(2.116 mins)	0.334	0.177	0.430
27.9/30.5	0.011/0.015	0.00063/0.00065	1235.48 mins	(2.161 mins)	0.336	0.176	0.428
27.9/30.5	0.011/0.015	0.00064/0.00065	1237.60 mins	(2.119 mins)	0.344	0.177	0.428
27.9/30.5	0.011/0.015	0.00065/0.00065	1239.76 mins	(2.16 mins)	0.343	0.176	0.426

27.9/30.5	0.012/0.015	0.00045/0.00065	1241.66 mins	(1.903 mins)	0.262	0.175	0.437
27.9/30.5	0.012/0.015	0.00046/0.00065	1243.58 mins	(1.92 mins)	0.268	0.178	0.441
27.9/30.5	0.012/0.015	0.00047/0.00065	1245.52 mins	(1.945 mins)	0.274	0.177	0.436
27.9/30.5	0.012/0.015	0.00048/0.00065	1247.50 mins	(1.978 mins)	0.271	0.176	0.437
27.9/30.5	0.012/0.015	0.00049/0.00065	1249.47 mins	(1.972 mins)	0.280	0.179	0.437
27.9/30.5	0.012/0.015	0.00050/0.00065	1251.49 mins	(2.017 mins)	0.288	0.178	0.437
27.9/30.5	0.012/0.015	0.00051/0.00065	1253.48 mins	(1.987 mins)	0.287	0.177	0.435
27.9/30.5	0.012/0.015	0.00052/0.00065	1255.48 mins	(2.003 mins)	0.294	0.177	0.436
27.9/30.5	0.012/0.015	0.00053/0.00065	1257.51 mins	(2.029 mins)	0.298	0.178	0.435
27.9/30.5	0.012/0.015	0.00054/0.00065	1259.53 mins	(2.02 mins)	0.301	0.178	0.436
27.9/30.5	0.012/0.015	0.00055/0.00065	1261.57 mins	(2.039 mins)	0.303	0.175	0.430
27.9/30.5	0.012/0.015	0.00056/0.00065	1263.64 mins	(2.067 mins)	0.313	0.178	0.433
27.9/30.5	0.012/0.015	0.00057/0.00065	1265.68 mins	(2.044 mins)	0.312	0.176	0.431
27.9/30.5	0.012/0.015	0.00058/0.00065	1267.75 mins	(2.067 mins)	0.321	0.177	0.432
27.9/30.5	0.012/0.015	0.00059/0.00065	1269.85 mins	(2.106 mins)	0.322	0.176	0.429
27.9/30.5	0.012/0.015	0.00060/0.00065	1271.95 mins	(2.099 mins)	0.328	0.177	0.429
27.9/30.5	0.012/0.015	0.00061/0.00065	1274.10 mins	(2.146 mins)	0.330	0.176	0.428
27.9/30.5	0.012/0.015	0.00062/0.00065	1276.21 mins	(2.116 mins)	0.338	0.176	0.426
27.9/30.5	0.012/0.015	0.00063/0.00065	1278.35 mins	(2.133 mins)	0.342	0.178	0.430
27.9/30.5	0.012/0.015	0.00064/0.00065	1280.48 mins	(2.132 mins)	0.341	0.177	0.427
27.9/30.5	0.012/0.015	0.00065/0.00065	1282.64 mins	(2.161 mins)	0.348	0.177	0.426

27.9/30.5	0.013/0.015	0.00045/0.00065	1284.58 mins	(1.944 mins)	0.268	0.177	0.439
27.9/30.5	0.013/0.015	0.00046/0.00065	1286.53 mins	(1.946 mins)	0.266	0.174	0.435
27.9/30.5	0.013/0.015	0.00047/0.00065	1288.49 mins	(1.959 mins)	0.273	0.177	0.436
27.9/30.5	0.013/0.015	0.00048/0.00065	1290.48 mins	(1.994 mins)	0.280	0.178	0.438
27.9/30.5	0.013/0.015	0.00049/0.00065	1292.53 mins	(2.048 mins)	0.288	0.177	0.438
27.9/30.5	0.013/0.015	0.00050/0.00065	1294.54 mins	(2.013 mins)	0.286	0.176	0.434
27.9/30.5	0.013/0.015	0.00051/0.00065	1296.55 mins	(2.002 mins)	0.292	0.177	0.436
27.9/30.5	0.013/0.015	0.00052/0.00065	1298.57 mins	(2.022 mins)	0.298	0.179	0.438
27.9/30.5	0.013/0.015	0.00053/0.00065	1300.61 mins	(2.041 mins)	0.302	0.179	0.437
27.9/30.5	0.013/0.015	0.00054/0.00065	1302.66 mins	(2.053 mins)	0.303	0.175	0.430
27.9/30.5	0.013/0.015	0.00055/0.00065	1304.71 mins	(2.05 mins)	0.309	0.176	0.431
27.9/30.5	0.013/0.015	0.00056/0.00065	1306.78 mins	(2.073 mins)	0.312	0.179	0.433
27.9/30.5	0.013/0.015	0.00057/0.00065	1308.87 mins	(2.08 mins)	0.318	0.175	0.427
27.9/30.5	0.013/0.015	0.00058/0.00065	1310.94 mins	(2.076 mins)	0.319	0.176	0.427
27.9/30.5	0.013/0.015	0.00059/0.00065	1313.05 mins	(2.113 mins)	0.322	0.175	0.424
27.9/30.5	0.013/0.015	0.00060/0.00065	1315.15 mins	(2.098 mins)	0.330	0.176	0.426
27.9/30.5	0.013/0.015	0.00061/0.00065	1317.28 mins	(2.126 mins)	0.334	0.179	0.428
27.9/30.5	0.013/0.015	0.00062/0.00065	1319.38 mins	(2.102 mins)	0.333	0.175	0.427
27.9/30.5	0.013/0.015	0.00063/0.00065	1321.51 mins	(2.133 mins)	0.343	0.178	0.429
27.9/30.5	0.013/0.015	0.00064/0.00065	1323.67 mins	(2.152 mins)	0.347	0.177	0.426
27.9/30.5	0.013/0.015	0.00065/0.00065	1325.82 mins	(2.153 mins)	0.353	0.178	0.430

27.9/30.5	0.014/0.015	0.00045/0.00065	1327.75 mins	(1.935 mins)	0.270	0.178	0.439
27.9/30.5	0.014/0.015	0.00046/0.00065	1329.71 mins	(1.956 mins)	0.273	0.178	0.436
27.9/30.5	0.014/0.015	0.00047/0.00065	1331.67 mins	(1.963 mins)	0.278	0.178	0.440
27.9/30.5	0.014/0.015	0.00048/0.00065	1333.65 mins	(1.973 mins)	0.277	0.175	0.434
27.9/30.5	0.014/0.015	0.00049/0.00065	1335.63 mins	(1.979 mins)	0.287	0.178	0.440
27.9/30.5	0.014/0.015	0.00050/0.00065	1337.63 mins	(2.001 mins)	0.286	0.177	0.434
27.9/30.5	0.014/0.015	0.00051/0.00065	1339.66 mins	(2.03 mins)	0.293	0.176	0.432
27.9/30.5	0.014/0.015	0.00052/0.00065	1341.68 mins	(2.023 mins)	0.296	0.175	0.433
27.9/30.5	0.014/0.015	0.00053/0.00065	1343.72 mins	(2.046 mins)	0.305	0.177	0.434
27.9/30.5	0.014/0.015	0.00054/0.00065	1345.77 mins	(2.048 mins)	0.307	0.178	0.434
27.9/30.5	0.014/0.015	0.00055/0.00065	1347.83 mins	(2.053 mins)	0.310	0.175	0.428
27.9/30.5	0.014/0.015	0.00056/0.00065	1349.87 mins	(2.047 mins)	0.315	0.177	0.431
27.9/30.5	0.014/0.015	0.00057/0.00065	1351.92 mins	(2.053 mins)	0.319	0.176	0.430
27.9/30.5	0.014/0.015	0.00058/0.00065	1354.01 mins	(2.085 mins)	0.322	0.177	0.429
27.9/30.5	0.014/0.015	0.00059/0.00065	1356.09 mins	(2.084 mins)	0.326	0.176	0.430
27.9/30.5	0.014/0.015	0.00060/0.00065	1358.18 mins	(2.082 mins)	0.332	0.177	0.428
27.9/30.5	0.014/0.015	0.00061/0.00065	1360.28 mins	(2.103 mins)	0.332	0.176	0.429
27.9/30.5	0.014/0.015	0.00062/0.00065	1362.39 mins	(2.107 mins)	0.341	0.177	0.428
27.9/30.5	0.014/0.015	0.00063/0.00065	1364.51 mins	(2.129 mins)	0.346	0.179	0.427
27.9/30.5	0.014/0.015	0.00064/0.00065	1366.68 mins	(2.168 mins)	0.351	0.175	0.423
27.9/30.5	0.014/0.015	0.00065/0.00065	1368.84 mins	(2.153 mins)	0.351	0.176	0.425

27.9/30.5	0.015/0.015	0.00045/0.00065	1370.82 mins	(1.988 mins)	0.267	0.176	0.438
27.9/30.5	0.015/0.015	0.00046/0.00065	1372.75 mins	(1.93 mins)	0.273	0.177	0.440
27.9/30.5	0.015/0.015	0.00047/0.00065	1374.76 mins	(2.007 mins)	0.279	0.176	0.436
27.9/30.5	0.015/0.015	0.00048/0.00065	1376.74 mins	(1.978 mins)	0.284	0.179	0.441
27.9/30.5	0.015/0.015	0.00049/0.00065	1378.73 mins	(1.995 mins)	0.289	0.178	0.437
27.9/30.5	0.015/0.015	0.00050/0.00065	1380.75 mins	(2.013 mins)	0.294	0.178	0.438
27.9/30.5	0.015/0.015	0.00051/0.00065	1382.81 mins	(2.063 mins)	0.296	0.176	0.433
27.9/30.5	0.015/0.015	0.00052/0.00065	1384.94 mins	(2.136 mins)	0.301	0.177	0.433
27.9/30.5	0.015/0.015	0.00053/0.00065	1387.07 mins	(2.128 mins)	0.306	0.176	0.435
27.9/30.5	0.015/0.015	0.00054/0.00065	1389.25 mins	(2.18 mins)	0.314	0.176	0.429
27.9/30.5	0.015/0.015	0.00055/0.00065	1391.42 mins	(2.166 mins)	0.317	0.177	0.435
27.9/30.5	0.015/0.015	0.00056/0.00065	1393.59 mins	(2.173 mins)	0.318	0.177	0.432
27.9/30.5	0.015/0.015	0.00057/0.00065	1395.76 mins	(2.164 mins)	0.324	0.178	0.433
27.9/30.5	0.015/0.015	0.00058/0.00065	1397.91 mins	(2.156 mins)	0.329	0.177	0.431
27.9/30.5	0.015/0.015	0.00059/0.00065	1400.12 mins	(2.208 mins)	0.331	0.175	0.428
27.9/30.5	0.015/0.015	0.00060/0.00065	1402.23 mins	(2.115 mins)	0.333	0.174	0.424
27.9/30.5	0.015/0.015	0.00061/0.00065	1404.37 mins	(2.138 mins)	0.339	0.175	0.424
27.9/30.5	0.015/0.015	0.00062/0.00065	1406.49 mins	(2.121 mins)	0.342	0.177	0.425
27.9/30.5	0.015/0.015	0.00063/0.00065	1408.63 mins	(2.139 mins)	0.345	0.178	0.427
27.9/30.5	0.015/0.015	0.00064/0.00065	1410.78 mins	(2.148 mins)	0.352	0.176	0.427
27.9/30.5	0.015/0.015	0.00065/0.00065	1412.95 mins	(2.172 mins)	0.354	0.178	0.426



28.1/30.5	0.005/0.015	0.00045/0.00065	1414.83 mins	(1.882 mins)	0.248	0.176	0.440
28.1/30.5	0.005/0.015	0.00046/0.00065	1416.75 mins	(1.911 mins)	0.251	0.178	0.442
28.1/30.5	0.005/0.015	0.00047/0.00065	1418.68 mins	(1.938 mins)	0.258	0.179	0.445
28.1/30.5	0.005/0.015	0.00048/0.00065	1420.63 mins	(1.945 mins)	0.262	0.177	0.438
28.1/30.5	0.005/0.015	0.00049/0.00065	1422.56 mins	(1.926 mins)	0.264	0.179	0.440
28.1/30.5	0.005/0.015	0.00050/0.00065	1424.50 mins	(1.945 mins)	0.268	0.175	0.438
28.1/30.5	0.005/0.015	0.00051/0.00065	1426.48 mins	(1.979 mins)	0.273	0.179	0.440
28.1/30.5	0.005/0.015	0.00052/0.00065	1428.44 mins	(1.964 mins)	0.280	0.177	0.440
28.1/30.5	0.005/0.015	0.00053/0.00065	1430.44 mins	(1.995 mins)	0.282	0.176	0.435
28.1/30.5	0.005/0.015	0.00054/0.00065	1432.45 mins	(2.013 mins)	0.287	0.179	0.438
28.1/30.5	0.005/0.015	0.00055/0.00065	1434.45 mins	(2.003 mins)	0.291	0.178	0.436
28.1/30.5	0.005/0.015	0.00056/0.00065	1436.51 mins	(2.059 mins)	0.295	0.180	0.439
28.1/30.5	0.005/0.015	0.00057/0.00065	