
R version 4.2.2 Patched (2022-11-10 r83330) -- "Innocent and Trusting"
Copyright (C) 2022 The R Foundation for Statistical Computing
Platform: x86_64-pc-linux-gnu (64-bit)

R is free software and comes with ABSOLUTELY NO WARRANTY.
You are welcome to redistribute it under certain conditions.
Type 'license()' or 'licence()' for distribution details.

  Natural language support but running in an English locale

R is a collaborative project with many contributors.
Type 'contributors()' for more information and
'citation()' on how to cite R or R packages in publications.

Type 'demo()' for some demos, 'help()' for on-line help, or
'help.start()' for an HTML browser interface to help.
Type 'q()' to quit R.

> rm(list = ls())
> gc()
         used (Mb) gc trigger (Mb) max used (Mb)
Ncells 275325 14.8     662942 35.5   468594 25.1
Vcells 462880  3.6    8388608 64.0  1820267 13.9
> library(dplyr)

Attaching package: ‘dplyr’

The following objects are masked from ‘package:stats’:

    filter, lag

The following objects are masked from ‘package:base’:

    intersect, setdiff, setequal, union

> library(foreach)
> library(doParallel)
Loading required package: iterators
Loading required package: parallel
> 
> # Set up the number of cores used for parallelization.
> # Use detectCores() to find out how many cores are available.
> message(detectCores())
24
> num_cores <- 24
> registerDoParallel(num_cores)
> 
> time <- 365 # Number of days.
> inc <- 28 # Average incubation period length.
> inf <- 7 # Average infectious period length.
> pop <- 1000 # Population size.
> 
> create_hh <- function() {
+   # Randomly sample household sizes such that total population is 1000 
+   # individuals.
+   hh_size <- sample(x = c(3, 4, 5, 6), size = 340, replace = T)
+   
+   # Keep households such that total population is < 1000.
+   hh_size <- hh_size[which(cumsum(hh_size) < pop)]
+   
+   leftover <- pop - sum(hh_size)
+   if (leftover < 3) {
+     hh <- 1:length(hh_size)
+     sampled <- sample(hh[hh_size < 6], leftover)
+     hh_size[sampled] <- hh_size[sampled] + 1
+   } else {
+     hh_size <- c(hh_size, leftover)
+   }
+   return(hh_size)
+ }
> 
> SEIR <- function(beta_H, beta_C, inc, inf, verbose = 0) {
+   hh_size <- create_hh()
+   
+   # Create frame for running the simulation.
+   # ID: ID of individual.
+   # SIZE: size of individual's household.
+   # HH: ID of individual's household.
+   # S: susceptibility status.
+   # E: exposed status.
+   # E_count: number of days since exposed.
+   # I: infectious status.
+   # I_count: number of days since infectious.
+   # R: recovered status.
+   # INC: incubation period.
+   # INF: infectious period.
+   data <- data.frame(ID = 1:pop,
+                     SIZE = rep(hh_size, times = hh_size),
+                     HH = rep(1:length(hh_size), times = hh_size), 
+                     S = c(0, rep(1, pop - 1)), 
+                     E = c(1, rep(0, pop - 1)),
+                     E_count = c(1, rep(0, pop - 1)), 
+                     I = 0,
+                     I_count = 0, 
+                     R = 0, 
+                     INC = c(round(rnorm(1, inc, 2)), rep(0, pop - 1)),
+                     INF = 0)
+   
+   # Create frame for storing results.
+   # ID: ID of individual.
+   # SIZE: size of individual's household.
+   # HH: ID of individual's household.
+   # TYPE: the kind of infection: household (H), community (C), or both (B).
+   # TIME: when the individual became infectious.
+   # S_num: number of susceptible people in individual's household when their 
+   #        infectious period begins.
+   # I_num: number of people in household that this individual infected over 
+   #        their infectious period.
+   results <- data[, 1:3] %>% mutate(TYPE = NA, TIME = NA, S_num = NA, I_num = 0)
+   results$TYPE[1] <- '0'
+   
+   for(t in 1:time) {
+     if (verbose) {
+       if (t %% 10 == 0) {
+         message(t)
+       }
+     }
+     
+     # Anyone who has been infectious for as many days as their infectious
+     # period is now recovered.
+     recovered <- (data$INF > 0) & (data$I_count == data$INF)
+     if(sum(recovered, na.rm = T) > 0) {
+       data$R[recovered] <- 1
+       data$I[recovered] <- 0
+       data$I_count[recovered] <- 0 
+     }
+     
+     # Anyone who has been incubating for as many days as their incubation
+     # period is now infectious.
+     new_inf <- (data$INC > 0) & (data$E_count == data$INC)
+     num_new_inf <- sum(new_inf, na.rm = T)
+     if(num_new_inf > 0) {
+       # Change status to newly infectious and add infectious period.
+       data$I[new_inf] <- 1
+       random_inf <- rnorm(num_new_inf, mean = inf, sd = 1) %>% round()
+       data$INF[new_inf] <- random_inf
+       
+       # Remove exposure status and exposure count.
+       data$E[new_inf] <- 0
+       data$E_count[new_inf] <- 0 
+       
+       # Record time at which infectious period starts.
+       results$TIME[new_inf] <- t
+     }
+     
+     # I_H is the number of infections inside each household.
+     # I_C is the number of infections outside each household.
+     I_data <- data %>% group_by(HH) %>% 
+       mutate(I_H = sum(I)) %>% 
+       ungroup() %>% 
+       mutate(I_C = sum(I) - I_H)
+     
+     # Calculate household risk and community risk.
+     risk_H <- beta_H * data$S * I_data$I_H / pop
+     risk_C <- beta_C * data$S * I_data$I_C / pop
+     
+     # Each individual is infected from their household or 
+     # community independently with probabilities risk_H
+     # and risk_C.
+     new_inf_H <- rbinom(nrow(data), 1, risk_H)
+     new_inf_C <- rbinom(nrow(data), 1, risk_C)
+     
+     new_exposed <- (new_inf_H == 1) | (new_inf_C == 1)
+     num_new_exposed <- sum(new_exposed, na.rm = T)
+     if (num_new_exposed > 0) {
+       # Change status to newly exposed and add incubation period.
+       data$E[new_exposed] <- 1
+       random_inc <- rnorm(num_new_exposed, mean = inc, sd = 2) %>% round()
+       data$INC[new_exposed] <- random_inc
+       
+       # Remove susceptible status.
+       data$S[new_exposed] <- 0
+       
+       # Label infections.
+       results$TYPE[new_inf_C == 1] <- 'C'
+       results$TYPE[new_inf_H == 1] <- 'H'
+       results$TYPE[(new_inf_H == 1) & (new_inf_C == 1)] <- 'B'
+     }
+     
+     # Increment exposure and infectious counters.
+     data$E_count[data$E == 1] <- data$E_count[data$E == 1] + 1
+     data$I_count[data$I == 1] <- data$I_count[data$I == 1] + 1
+   }
+   return(results)
+ }
> 
> metrics <- function(results) {
+   # Incidence is the proportion of the population that became infected.
+   idc <- mean(!is.na(results$TIME))
+   
+   # If incidence is 0, the proportion of household infections is undefined.
+   prp <- NA
+   if (idc != 0) {
+     # The proportion of household infections is the proportion of infections that
+     # were from the household.
+     prp <- mean(results[!is.na(results$TIME), ]$TYPE == 'H')
+   }
+   return(c(idc, prp))
+ }
> 
> beta_Hs <- seq(70, 130, 1)
> beta_Cs <- seq(0, 1, 0.05)
> 
> a <- length(beta_Hs)
> b <- length(beta_Cs)
> 
> reps <- 40
> idcs <- array(rep(NA, a * b * reps), dim = c(a, b, reps))
> prps <- array(rep(NA, a * b * reps), dim = c(a, b, reps))
> t_tot <- 0
> for (i in 1:a) {
+   for (j in 1:b) {
+     beta_H <- beta_Hs[i]
+     beta_C <- beta_Cs[j]
+       
+     t_0 <- Sys.time()
+     vals <- foreach (k = 1:reps, .combine = 'c') %dopar% {
+       results <- SEIR(beta_H, beta_C, inc, inf, verbose = F) 
+       metrics(results)
+     }
+     t_1 <- Sys.time()
+     t_tot <- t_tot + (t_1 - t_0)
+     vals <- matrix(vals, reps, byrow = T)
+     idcs[i, j, ] <- vals[, 1]
+     prps[i, j, ] <- vals[, 2]
+     message(paste0(beta_H, '/130\t', 
+                    format(beta_C, nsmall = 2), '/1.00\t',  
+                    format(t_tot, nsmall = 2), '\t(', format(t_1 - t_0, nsmall = 2), ')\t', 
+                    format(mean(vals[, 1]), nsmall = 3), '\t', 
+                    format(mean(vals[, 2]), nsmall = 3)))
+     write.table(idcs, file = 'idcs.txt', row.names = F, col.names = F)
+     write.table(prps, file = 'prps.txt', row.names = F, col.names = F)
+   }
+   message('\n')
+ }
70/130	0.00/1.00	16.87831 secs	(16.87831 secs)	0.003875	0.6133333
70/130	0.05/1.00	32.81424 secs	(15.93593 secs)	0.042275	0.6299013
70/130	0.10/1.00	48.65534 secs	(15.8411 secs)	0.27325	0.5433914
70/130	0.15/1.00	66.40961 secs	(17.75427 secs)	0.72245	0.5222794
70/130	0.20/1.00	84.22652 secs	(17.8169 secs)	0.83465	0.4802891
70/130	0.25/1.00	98.86835 secs	(14.64183 secs)	0.935025	0.4379424
70/130	0.30/1.00	112.9476 secs	(14.07925 secs)	0.82965	0.3520729
70/130	0.35/1.00	127.1291 secs	(14.18145 secs)	0.96055	0.3497428
70/130	0.40/1.00	140.9897 secs	(13.86068 secs)	0.939475	0.3107299
70/130	0.45/1.00	155.0188 secs	(14.02902 secs)	0.9935	0.3065766
70/130	0.50/1.00	169.0669 secs	(14.04815 secs)	0.96935	0.2741737
70/130	0.55/1.00	183.5729 secs	(14.50596 secs)	0.9716	0.2581993
70/130	0.60/1.00	199.6297 secs	(16.05686 secs)	0.997675	0.2447709
70/130	0.65/1.00	215.8219 secs	(16.19216 secs)	0.998825	0.2358995
70/130	0.70/1.00	230.614 secs	(14.79214 secs)	0.998575	0.2139529
70/130	0.75/1.00	247.4447 secs	(16.83068 secs)	0.999375	0.2054763
70/130	0.80/1.00	264.3641 secs	(16.91937 secs)	0.9996	0.1948285
70/130	0.85/1.00	278.4928 secs	(14.12876 secs)	0.99975	0.1866961
70/130	0.90/1.00	292.4876 secs	(13.99473 secs)	0.99975	0.1777943
70/130	0.95/1.00	306.5706 secs	(14.08304 secs)	0.999925	0.1716633
70/130	1.00/1.00	320.9931 secs	(14.42253 secs)	0.999875	0.16282


71/130	0.00/1.00	335.009 secs	(14.0159 secs)	0.00355	0.5783333
71/130	0.05/1.00	349.0122 secs	(14.00317 secs)	0.03595	0.5843801
71/130	0.10/1.00	363.1835 secs	(14.17134 secs)	0.2798	0.5359623
71/130	0.15/1.00	379.5165 secs	(16.33295 secs)	0.6281	0.460846
71/130	0.20/1.00	395.5318 secs	(16.01536 secs)	0.854325	0.4616156
71/130	0.25/1.00	410.9383 secs	(15.40649 secs)	0.88835	0.4033031
71/130	0.30/1.00	427.4692 secs	(16.53085 secs)	0.9777	0.3963255
71/130	0.35/1.00	443.5027 secs	(16.03354 secs)	0.9351	0.3440343
71/130	0.40/1.00	457.8515 secs	(14.34874 secs)	0.9902	0.3285257
71/130	0.45/1.00	472.1028 secs	(14.25133 secs)	0.967625	0.2993379
71/130	0.50/1.00	486.1638 secs	(14.061 secs)	0.995325	0.2827542
71/130	0.55/1.00	500.4395 secs	(14.27573 secs)	0.99655	0.2677755
71/130	0.60/1.00	514.3414 secs	(13.90191 secs)	0.99795	0.2492091
71/130	0.65/1.00	528.6102 secs	(14.26875 secs)	0.9984	0.2369534
71/130	0.70/1.00	543.26 secs	(14.64982 secs)	0.9989	0.225498
71/130	0.75/1.00	559.7817 secs	(16.52174 secs)	0.999575	0.2072899
71/130	0.80/1.00	575.8527 secs	(16.07097 secs)	0.999575	0.1999602
71/130	0.85/1.00	591.1721 secs	(15.31942 secs)	0.999425	0.1894844
71/130	0.90/1.00	607.8232 secs	(16.65106 secs)	0.999925	0.1772385
71/130	0.95/1.00	623.6172 secs	(15.79404 secs)	0.999975	0.169729
71/130	1.00/1.00	637.6642 secs	(14.04697 secs)	0.9999	0.1632167


72/130	0.00/1.00	651.5414 secs	(13.87722 secs)	0.003325	0.5820833
72/130	0.05/1.00	665.3837 secs	(13.84224 secs)	0.03245	0.5853585
72/130	0.10/1.00	679.5164 secs	(14.13273 secs)	0.2244	0.5185846
72/130	0.15/1.00	693.6663 secs	(14.14991 secs)	0.709325	0.5138746
72/130	0.20/1.00	708.0841 secs	(14.41777 secs)	0.8828	0.4656575
72/130	0.25/1.00	723.2805 secs	(15.19645 secs)	0.91715	0.4190592
72/130	0.30/1.00	739.6514 secs	(16.37085 secs)	0.928775	0.3808565
72/130	0.35/1.00	755.0971 secs	(15.44568 secs)	0.95895	0.3509085
72/130	0.40/1.00	772.0889 secs	(16.99183 secs)	0.940125	0.3131152
72/130	0.45/1.00	788.8682 secs	(16.77933 secs)	0.9934	0.3069701
72/130	0.50/1.00	804.7562 secs	(15.88803 secs)	0.971225	0.2773859
72/130	0.55/1.00	818.775 secs	(14.01876 secs)	0.9973	0.2653356
72/130	0.60/1.00	832.8848 secs	(14.10979 secs)	0.99815	0.250264
72/130	0.65/1.00	847.1868 secs	(14.30197 secs)	0.99875	0.2356926
72/130	0.70/1.00	861.8185 secs	(14.63177 secs)	0.999075	0.2232079
72/130	0.75/1.00	876.2579 secs	(14.43932 secs)	0.99945	0.2101418
72/130	0.80/1.00	890.3739 secs	(14.11604 secs)	0.99945	0.1998112
72/130	0.85/1.00	905.4088 secs	(15.03487 secs)	0.999675	0.1914866
72/130	0.90/1.00	921.7898 secs	(16.38099 secs)	0.9998	0.1817606
72/130	0.95/1.00	937.9208 secs	(16.13107 secs)	0.999925	0.1723886
72/130	1.00/1.00	953.2437 secs	(15.32283 secs)	0.999925	0.1627871


73/130	0.00/1.00	969.6405 secs	(16.39689 secs)	0.003375	0.5908333
73/130	0.05/1.00	986.2522 secs	(16.61162 secs)	0.0424	0.6162968
73/130	0.10/1.00	1000.632 secs	(14.38025 secs)	0.276525	0.5602468
73/130	0.15/1.00	1014.787 secs	(14.15466 secs)	0.6965	0.4887172
73/130	0.20/1.00	1029.091 secs	(14.30344 secs)	0.8049	0.4648269
73/130	0.25/1.00	1043.862 secs	(14.77122 secs)	0.869725	0.4105584
73/130	0.30/1.00	1058.29 secs	(14.42796 secs)	0.88105	0.3589532
73/130	0.35/1.00	1072.475 secs	(14.18488 secs)	0.96145	0.354833
73/130	0.40/1.00	1088.051 secs	(15.57611 secs)	0.99045	0.3330042
73/130	0.45/1.00	1104.459 secs	(16.40838 secs)	0.993375	0.3062532
73/130	0.50/1.00	1120.236 secs	(15.77663 secs)	0.996025	0.2859164
73/130	0.55/1.00	1136.423 secs	(16.18763 secs)	0.9719	0.2638366
73/130	0.60/1.00	1153.317 secs	(16.89334 secs)	0.998075	0.2516858
73/130	0.65/1.00	1168.751 secs	(15.43431 secs)	0.9988	0.2375344
73/130	0.70/1.00	1183.225 secs	(14.47367 secs)	0.9989	0.2233916
73/130	0.75/1.00	1197.552 secs	(14.32692 secs)	0.974225	0.205771
73/130	0.80/1.00	1211.461 secs	(13.90914 secs)	0.99965	0.20162
73/130	0.85/1.00	1225.581 secs	(14.12059 secs)	0.9996	0.1906032
73/130	0.90/1.00	1240.09 secs	(14.50876 secs)	0.99975	0.1820206
73/130	0.95/1.00	1254.299 secs	(14.20856 secs)	0.999975	0.1747798
73/130	1.00/1.00	1270.228 secs	(15.92924 secs)	0.999925	0.1653872


74/130	0.00/1.00	1286.653 secs	(16.42551 secs)	0.0034	0.5645833
74/130	0.05/1.00	1301.469 secs	(14.8156 secs)	0.028625	0.6143013
74/130	0.10/1.00	1317.515 secs	(16.04641 secs)	0.298875	0.5676953
74/130	0.15/1.00	1333.949 secs	(16.43324 secs)	0.733825	0.5272091
74/130	0.20/1.00	1348.119 secs	(14.17028 secs)	0.907025	0.4780829
74/130	0.25/1.00	1362.382 secs	(14.26342 secs)	0.91605	0.4243273
74/130	0.30/1.00	1376.133 secs	(13.75081 secs)	0.978175	0.4053296
74/130	0.35/1.00	1390.423 secs	(14.28971 secs)	0.96115	0.3579124
74/130	0.40/1.00	1404.93 secs	(14.50714 secs)	0.99145	0.333123
74/130	0.45/1.00	1418.971 secs	(14.0406 secs)	0.993425	0.311777
74/130	0.50/1.00	1432.967 secs	(13.99635 secs)	0.97055	0.2793036
74/130	0.55/1.00	1449.01 secs	(16.04288 secs)	0.946675	0.2597399
74/130	0.60/1.00	1465.379 secs	(16.36953 secs)	0.99805	0.2506121
74/130	0.65/1.00	1480.19 secs	(14.81075 secs)	0.998225	0.2366218
74/130	0.70/1.00	1496.396 secs	(16.20552 secs)	0.9993	0.2221314
74/130	0.75/1.00	1512.995 secs	(16.59985 secs)	0.99955	0.2146199
74/130	0.80/1.00	1527.617 secs	(14.62194 secs)	0.974625	0.1989073
74/130	0.85/1.00	1542.22 secs	(14.60273 secs)	0.99975	0.1937736
74/130	0.90/1.00	1556.147 secs	(13.9273 secs)	0.999825	0.1821337
74/130	0.95/1.00	1569.972 secs	(13.82488 secs)	0.99985	0.1757523
74/130	1.00/1.00	1584.261 secs	(14.2884 secs)	0.999975	0.1679543


75/130	0.00/1.00	1598.248 secs	(13.98698 secs)	0.003225	0.55625
75/130	0.05/1.00	1612.561 secs	(14.3135 secs)	0.038425	0.57534
75/130	0.10/1.00	1628.758 secs	(16.19657 secs)	0.2734	0.5144677
75/130	0.15/1.00	1644.857 secs	(16.09882 secs)	0.663825	0.5052283
75/130	0.20/1.00	1659.854 secs	(14.99765 secs)	0.91295	0.4842649
75/130	0.25/1.00	1676.662 secs	(16.8075 secs)	0.943025	0.4342535
75/130	0.30/1.00	1692.986 secs	(16.32393 secs)	0.954225	0.3933659
75/130	0.35/1.00	1707.686 secs	(14.69995 secs)	0.961475	0.3602955
75/130	0.40/1.00	1721.818 secs	(14.1328 secs)	0.9899	0.3381221
75/130	0.45/1.00	1735.772 secs	(13.9535 secs)	0.9937	0.3115563
75/130	0.50/1.00	1750.08 secs	(14.30763 secs)	0.99605	0.29271
75/130	0.55/1.00	1764.754 secs	(14.67473 secs)	0.996925	0.2697592
75/130	0.60/1.00	1779.055 secs	(14.3006 secs)	0.973075	0.2506007
75/130	0.65/1.00	1793.238 secs	(14.18281 secs)	0.973525	0.2348872
75/130	0.70/1.00	1809.295 secs	(16.05698 secs)	0.999275	0.2292874
75/130	0.75/1.00	1825.907 secs	(16.61234 secs)	0.9991	0.214992
75/130	0.80/1.00	1840.365 secs	(14.45751 secs)	0.9997	0.2035842
75/130	0.85/1.00	1856.587 secs	(16.22239 secs)	0.99975	0.1887979
75/130	0.90/1.00	1873.034 secs	(16.447 secs)	0.9998	0.1823618
75/130	0.95/1.00	1887.546 secs	(14.51165 secs)	0.9998	0.1785612
75/130	1.00/1.00	1901.54 secs	(13.99417 secs)	0.99995	0.1685342


76/130	0.00/1.00	1915.135 secs	(13.59484 secs)	0.00395	0.64125
76/130	0.05/1.00	1929.05 secs	(13.91517 secs)	0.033375	0.5777357
76/130	0.10/1.00	1943.747 secs	(14.69732 secs)	0.2733	0.5374671
76/130	0.15/1.00	1957.853 secs	(14.10604 secs)	0.665725	0.491288
76/130	0.20/1.00	1972.397 secs	(14.54403 secs)	0.8654	0.459325
76/130	0.25/1.00	1988.464 secs	(16.06736 secs)	0.93895	0.4344636
76/130	0.30/1.00	2005.244 secs	(16.77992 secs)	0.979375	0.4050727
76/130	0.35/1.00	2020.654 secs	(15.40916 secs)	0.9862	0.3708415
76/130	0.40/1.00	2037.038 secs	(16.38463 secs)	0.992075	0.3393658
76/130	0.45/1.00	2052.839 secs	(15.80052 secs)	0.993575	0.3110738
76/130	0.50/1.00	2067.238 secs	(14.39915 secs)	0.995625	0.289995
76/130	0.55/1.00	2081.759 secs	(14.52137 secs)	0.997025	0.2717608
76/130	0.60/1.00	2095.783 secs	(14.02396 secs)	0.998425	0.2525961
76/130	0.65/1.00	2109.939 secs	(14.1563 secs)	0.9988	0.241217
76/130	0.70/1.00	2124.232 secs	(14.29246 secs)	0.9989	0.2241966
76/130	0.75/1.00	2138.592 secs	(14.36025 secs)	0.999475	0.217515
76/130	0.80/1.00	2153.96 secs	(15.36811 secs)	0.9998	0.2062416
76/130	0.85/1.00	2170.196 secs	(16.23536 secs)	0.974775	0.1887741
76/130	0.90/1.00	2185.805 secs	(15.60907 secs)	0.99985	0.1842532
76/130	0.95/1.00	2201.99 secs	(16.18574 secs)	0.999825	0.1765553
76/130	1.00/1.00	2218.352 secs	(16.362 secs)	0.999925	0.1680377


77/130	0.00/1.00	2233.33 secs	(14.97765 secs)	0.0037	0.6220833
77/130	0.05/1.00	2247.088 secs	(13.75751 secs)	0.0444	0.6076947
77/130	0.10/1.00	2261.142 secs	(14.05483 secs)	0.294625	0.5167478
77/130	0.15/1.00	2275.278 secs	(14.13579 secs)	0.6572	0.4965396
77/130	0.20/1.00	2289.529 secs	(14.25122 secs)	0.917275	0.4869994
77/130	0.25/1.00	2304.162 secs	(14.63287 secs)	0.887825	0.4181099
77/130	0.30/1.00	2318.115 secs	(13.9523 secs)	0.9543	0.4003362
77/130	0.35/1.00	2333.198 secs	(15.08329 secs)	0.985625	0.372532
77/130	0.40/1.00	2349.801 secs	(16.60316 secs)	0.990075	0.3435621
77/130	0.45/1.00	2365.506 secs	(15.705 secs)	0.968675	0.3098449
77/130	0.50/1.00	2383.225 secs	(17.71879 secs)	0.9954	0.2906349
77/130	0.55/1.00	2399.361 secs	(16.13615 secs)	0.99735	0.2736975
77/130	0.60/1.00	2414.952 secs	(15.59103 secs)	0.997775	0.2570477
77/130	0.65/1.00	2429.257 secs	(14.30531 secs)	0.998525	0.2418576
77/130	0.70/1.00	2443.366 secs	(14.10818 secs)	0.999275	0.2265157
77/130	0.75/1.00	2457.499 secs	(14.13342 secs)	0.9995	0.2180835
77/130	0.80/1.00	2471.623 secs	(14.12359 secs)	0.9746	0.2010873
77/130	0.85/1.00	2485.801 secs	(14.17832 secs)	0.999825	0.1959832
77/130	0.90/1.00	2499.991 secs	(14.19028 secs)	0.999825	0.1870071
77/130	0.95/1.00	2515.118 secs	(15.12664 secs)	1.000	0.177675
77/130	1.00/1.00	2531.777 secs	(16.65949 secs)	0.999975	0.1730544


78/130	0.00/1.00	2547.618 secs	(15.84116 secs)	0.0036	0.6008333
78/130	0.05/1.00	2563.336 secs	(15.71763 secs)	0.024975	0.5936054
78/130	0.10/1.00	2580.027 secs	(16.6905 secs)	0.3178	0.5411288
78/130	0.15/1.00	2595.213 secs	(15.18642 secs)	0.73815	0.5274307
78/130	0.20/1.00	2609.706 secs	(14.49317 secs)	0.920025	0.4902239
78/130	0.25/1.00	2623.721 secs	(14.01445 secs)	0.970525	0.4536058
78/130	0.30/1.00	2637.828 secs	(14.10756 secs)	0.9818	0.4104983
78/130	0.35/1.00	2652.268 secs	(14.43993 secs)	0.962075	0.3651976
78/130	0.40/1.00	2666.778 secs	(14.51003 secs)	0.942075	0.3290646
78/130	0.45/1.00	2680.957 secs	(14.1789 secs)	0.9688	0.3110413
78/130	0.50/1.00	2696.633 secs	(15.67595 secs)	0.9704	0.2917585
78/130	0.55/1.00	2712.841 secs	(16.20798 secs)	0.9969	0.2787334
78/130	0.60/1.00	2727.614 secs	(14.7735 secs)	0.973325	0.2527846
78/130	0.65/1.00	2743.349 secs	(15.73438 secs)	0.998675	0.2441507
78/130	0.70/1.00	2759.774 secs	(16.42488 secs)	0.999275	0.2307675
78/130	0.75/1.00	2775.149 secs	(15.37523 secs)	0.974425	0.2137324
78/130	0.80/1.00	2789.521 secs	(14.37197 secs)	0.99975	0.2055508
78/130	0.85/1.00	2803.662 secs	(14.14146 secs)	0.999725	0.1971533
78/130	0.90/1.00	2817.606 secs	(13.94381 secs)	0.999675	0.1852111
78/130	0.95/1.00	2831.648 secs	(14.04225 secs)	0.9998	0.1815366
78/130	1.00/1.00	2846.261 secs	(14.61274 secs)	0.999975	0.1729792


79/130	0.00/1.00	2860.343 secs	(14.08214 secs)	0.003425	0.5970833
79/130	0.05/1.00	2876.015 secs	(15.67185 secs)	0.04335	0.6234649
79/130	0.10/1.00	2892.277 secs	(16.26207 secs)	0.305875	0.4944762
79/130	0.15/1.00	2907.603 secs	(15.32589 secs)	0.7474	0.5317798
79/130	0.20/1.00	2924.235 secs	(16.63165 secs)	0.842625	0.455826
79/130	0.25/1.00	2940.848 secs	(16.61355 secs)	0.943175	0.4427038
79/130	0.30/1.00	2955.024 secs	(14.17573 secs)	0.98045	0.4127833
79/130	0.35/1.00	2968.887 secs	(13.8628 secs)	0.987275	0.3755999
79/130	0.40/1.00	2983.166 secs	(14.2791 secs)	0.99185	0.3469889
79/130	0.45/1.00	2997.285 secs	(14.11899 secs)	0.994225	0.3186893
79/130	0.50/1.00	3011.274 secs	(13.98904 secs)	0.996425	0.3012759
79/130	0.55/1.00	3026.321 secs	(15.04682 secs)	0.99735	0.277384
79/130	0.60/1.00	3040.906 secs	(14.58519 secs)	0.998225	0.2579597
79/130	0.65/1.00	3058.046 secs	(17.13993 secs)	0.998825	0.2473163
79/130	0.70/1.00	3074.81 secs	(16.76399 secs)	0.999125	0.2317248
79/130	0.75/1.00	3090.134 secs	(15.32423 secs)	0.99945	0.2214187
79/130	0.80/1.00	3107.565 secs	(17.43114 secs)	0.999675	0.2062179
79/130	0.85/1.00	3124.358 secs	(16.79317 secs)	0.999625	0.198451
79/130	0.90/1.00	3139.255 secs	(14.89615 secs)	0.999725	0.1926021
79/130	0.95/1.00	3153.538 secs	(14.28327 secs)	0.99985	0.1815781
79/130	1.00/1.00	3167.80 secs	(14.26176 secs)	0.999925	0.1743635


80/130	0.00/1.00	3181.908 secs	(14.10806 secs)	0.00395	0.6441667
80/130	0.05/1.00	3196.258 secs	(14.34982 secs)	0.0487	0.6157952
80/130	0.10/1.00	3210.714 secs	(14.4567 secs)	0.4064	0.6074001
80/130	0.15/1.00	3225.523 secs	(14.80859 secs)	0.6909	0.5046868
80/130	0.20/1.00	3241.745 secs	(16.22264 secs)	0.8983	0.5033631
80/130	0.25/1.00	3258.158 secs	(16.41254 secs)	0.922475	0.4310257
80/130	0.30/1.00	3273.856 secs	(15.69789 secs)	0.957325	0.4056841
80/130	0.35/1.00	3290.546 secs	(16.69055 secs)	0.9878	0.3788388
80/130	0.40/1.00	3306.12 secs	(15.57402 secs)	0.991525	0.3533678
80/130	0.45/1.00	3320.488 secs	(14.36706 secs)	0.96995	0.3107071
80/130	0.50/1.00	3335.079 secs	(14.59114 secs)	0.995925	0.3016326
80/130	0.55/1.00	3349.25 secs	(14.17178 secs)	0.947675	0.2636136
80/130	0.60/1.00	3363.544 secs	(14.29367 secs)	0.998325	0.2621596
80/130	0.65/1.00	3378.023 secs	(14.47884 secs)	0.99885	0.2454588
80/130	0.70/1.00	3392.371 secs	(14.34809 secs)	0.999175	0.233968
80/130	0.75/1.00	3408.15 secs	(15.77899 secs)	0.9996	0.2223415
80/130	0.80/1.00	3424.023 secs	(15.87297 secs)	0.99965	0.2114988
80/130	0.85/1.00	3439.726 secs	(15.70257 secs)	0.9998	0.1974148
80/130	0.90/1.00	3455.566 secs	(15.84059 secs)	0.9998	0.1875627
80/130	0.95/1.00	3472.078 secs	(16.51212 secs)	0.999975	0.1831796
80/130	1.00/1.00	3487.386 secs	(15.30817 secs)	0.999925	0.1773634


81/130	0.00/1.00	3501.442 secs	(14.05544 secs)	0.00335	0.54375
81/130	0.05/1.00	3515.351 secs	(13.9093 secs)	0.033275	0.6617586
81/130	0.10/1.00	3529.292 secs	(13.94033 secs)	0.342225	0.557367
81/130	0.15/1.00	3543.17 secs	(13.87841 secs)	0.738075	0.5216462
81/130	0.20/1.00	3557.443 secs	(14.27348 secs)	0.9419	0.5084555
81/130	0.25/1.00	3572.172 secs	(14.72906 secs)	0.897225	0.4371983
81/130	0.30/1.00	3587.997 secs	(15.82417 secs)	0.98125	0.4114257
81/130	0.35/1.00	3604.219 secs	(16.22229 secs)	0.9388	0.3622195
81/130	0.40/1.00	3618.829 secs	(14.61 secs)	0.991675	0.3449084
81/130	0.45/1.00	3635.109 secs	(16.28003 secs)	0.9949	0.3273721
81/130	0.50/1.00	3651.992 secs	(16.88352 secs)	0.9963	0.2993116
81/130	0.55/1.00	3666.435 secs	(14.44245 secs)	0.9973	0.2808345
81/130	0.60/1.00	3680.803 secs	(14.36764 secs)	0.97345	0.2574142
81/130	0.65/1.00	3694.715 secs	(13.91253 secs)	0.99885	0.2472852
81/130	0.70/1.00	3708.883 secs	(14.16771 secs)	0.9991	0.2367901
81/130	0.75/1.00	3723.028 secs	(14.14478 secs)	0.999475	0.2238685
81/130	0.80/1.00	3737.124 secs	(14.09635 secs)	0.999475	0.2123363
81/130	0.85/1.00	3751.707 secs	(14.5834 secs)	0.999775	0.2018684
81/130	0.90/1.00	3767.208 secs	(15.50098 secs)	0.99985	0.1900041
81/130	0.95/1.00	3783.181 secs	(15.97221 secs)	0.999925	0.1866138
81/130	1.00/1.00	3797.915 secs	(14.73461 secs)	0.999925	0.1757128


82/130	0.00/1.00	3814.013 secs	(16.09832 secs)	0.0035	0.5770833
82/130	0.05/1.00	3831.066 secs	(17.05264 secs)	0.056825	0.6134345
82/130	0.10/1.00	3845.845 secs	(14.77845 secs)	0.328675	0.5651273
82/130	0.15/1.00	3860.198 secs	(14.35376 secs)	0.782275	0.5222105
82/130	0.20/1.00	3874.123 secs	(13.92493 secs)	0.91445	0.4947997
82/130	0.25/1.00	3888.204 secs	(14.08055 secs)	0.893725	0.4445396
82/130	0.30/1.00	3902.564 secs	(14.36063 secs)	0.956325	0.4070698
82/130	0.35/1.00	3916.592 secs	(14.02719 secs)	0.98785	0.3821594
82/130	0.40/1.00	3931.317 secs	(14.72561 secs)	0.99285	0.3501319
82/130	0.45/1.00	3946.865 secs	(15.5476 secs)	0.96965	0.3180276
82/130	0.50/1.00	3962.602 secs	(15.73705 secs)	0.9965	0.3044908
82/130	0.55/1.00	3977.96 secs	(15.35777 secs)	0.9976	0.2831767
82/130	0.60/1.00	3994.364 secs	(16.40485 secs)	0.998425	0.2652661
82/130	0.65/1.00	4010.775 secs	(16.41076 secs)	0.998775	0.2499076
82/130	0.70/1.00	4024.84 secs	(14.06475 secs)	0.99895	0.2391752
82/130	0.75/1.00	4038.932 secs	(14.09156 secs)	0.9995	0.2239609
82/130	0.80/1.00	4052.525 secs	(13.5936 secs)	0.9997	0.216015
82/130	0.85/1.00	4066.541 secs	(14.01619 secs)	0.999725	0.206482
82/130	0.90/1.00	4080.499 secs	(13.95763 secs)	0.999925	0.1933143
82/130	0.95/1.00	4094.755 secs	(14.25585 secs)	0.99995	0.1874848
82/130	1.00/1.00	4109.614 secs	(14.8596 secs)	0.999825	0.1775301


83/130	0.00/1.00	4125.793 secs	(16.17834 secs)	0.00345	0.5858333
83/130	0.05/1.00	4141.476 secs	(15.68284 secs)	0.03525	0.6127544
83/130	0.10/1.00	4156.243 secs	(14.76739 secs)	0.3772	0.6004769
83/130	0.15/1.00	4172.851 secs	(16.60838 secs)	0.730075	0.5347162
83/130	0.20/1.00	4189.194 secs	(16.34261 secs)	0.900575	0.5105063
83/130	0.25/1.00	4202.996 secs	(13.80197 secs)	0.96625	0.4654295
83/130	0.30/1.00	4217.294 secs	(14.29815 secs)	0.9335	0.4002134
83/130	0.35/1.00	4231.733 secs	(14.43922 secs)	0.98855	0.3818377
83/130	0.40/1.00	4246.008 secs	(14.27429 secs)	0.992325	0.3541667
83/130	0.45/1.00	4260.246 secs	(14.23886 secs)	0.99465	0.3274723
83/130	0.50/1.00	4274.397 secs	(14.15012 secs)	0.970925	0.2962467
83/130	0.55/1.00	4288.631 secs	(14.23401 secs)	0.997475	0.281087
83/130	0.60/1.00	4304.952 secs	(16.32184 secs)	0.9988	0.2694243
83/130	0.65/1.00	4320.88 secs	(15.92756 secs)	0.998725	0.2541754
83/130	0.70/1.00	4335.943 secs	(15.06269 secs)	0.9992	0.2408701
83/130	0.75/1.00	4352.568 secs	(16.62529 secs)	0.999575	0.2273967
83/130	0.80/1.00	4368.954 secs	(16.38553 secs)	0.999625	0.2164294
83/130	0.85/1.00	4383.135 secs	(14.18122 secs)	0.99985	0.2052308
83/130	0.90/1.00	4397.542 secs	(14.40755 secs)	0.9998	0.1954896
83/130	0.95/1.00	4411.421 secs	(13.87916 secs)	0.999975	0.1874297
83/130	1.00/1.00	4425.408 secs	(13.9861 secs)	0.999975	0.1787546


84/130	0.00/1.00	4439.262 secs	(13.85428 secs)	0.004025	0.66625
84/130	0.05/1.00	4453.156 secs	(13.89379 secs)	0.052475	0.6438865
84/130	0.10/1.00	4467.879 secs	(14.72356 secs)	0.38955	0.5870095
84/130	0.15/1.00	4483.987 secs	(16.10749 secs)	0.809725	0.5511388
84/130	0.20/1.00	4500.284 secs	(16.29773 secs)	0.92605	0.5008647
84/130	0.25/1.00	4515.569 secs	(15.2844 secs)	0.973075	0.4633629
84/130	0.30/1.00	4531.991 secs	(16.42267 secs)	0.9335	0.4112335
84/130	0.35/1.00	4548.066 secs	(16.07447 secs)	0.9641	0.374539
84/130	0.40/1.00	4562.083 secs	(14.01693 secs)	0.992775	0.3526679
84/130	0.45/1.00	4576.479 secs	(14.39628 secs)	0.970175	0.3180955
84/130	0.50/1.00	4590.996 secs	(14.51662 secs)	0.9966	0.3059137
84/130	0.55/1.00	4605.434 secs	(14.4378 secs)	0.99765	0.2835189
84/130	0.60/1.00	4619.534 secs	(14.10036 secs)	0.99825	0.2679183
84/130	0.65/1.00	4633.927 secs	(14.39354 secs)	0.999075	0.2533087
84/130	0.70/1.00	4649.02 secs	(15.09231 secs)	0.999175	0.2373228
84/130	0.75/1.00	4665.768 secs	(16.74863 secs)	0.999675	0.2253224
84/130	0.80/1.00	4681.833 secs	(16.06503 secs)	0.99955	0.2180719
84/130	0.85/1.00	4697.741 secs	(15.90708 secs)	0.9997	0.206185
84/130	0.90/1.00	4714.542 secs	(16.8019 secs)	0.999875	0.1997748
84/130	0.95/1.00	4729.908 secs	(15.36544 secs)	1.000	0.18945
84/130	1.00/1.00	4744.017 secs	(14.10929 secs)	0.999975	0.1788047


85/130	0.00/1.00	4757.982 secs	(13.96533 secs)	0.003825	0.5929167
85/130	0.05/1.00	4772.004 secs	(14.0219 secs)	0.0425	0.6243553
85/130	0.10/1.00	4786.437 secs	(14.43254 secs)	0.3158	0.5559004
85/130	0.15/1.00	4800.802 secs	(14.36513 secs)	0.695125	0.5219904
85/130	0.20/1.00	4814.949 secs	(14.14706 secs)	0.864725	0.4750027
85/130	0.25/1.00	4830.085 secs	(15.13564 secs)	0.9264	0.4410135
85/130	0.30/1.00	4846.244 secs	(16.15974 secs)	0.9583	0.4126492
85/130	0.35/1.00	4861.739 secs	(15.49421 secs)	0.988	0.3858247
85/130	0.40/1.00	4877.331 secs	(15.59215 secs)	0.9671	0.3492579
85/130	0.45/1.00	4894.146 secs	(16.81483 secs)	0.994775	0.3257369
85/130	0.50/1.00	4909.246 secs	(15.10037 secs)	0.972125	0.2994701
85/130	0.55/1.00	4923.389 secs	(14.14249 secs)	0.9977	0.2883102
85/130	0.60/1.00	4937.742 secs	(14.35334 secs)	0.99835	0.2698202
85/130	0.65/1.00	4952.388 secs	(14.64571 secs)	0.9989	0.2552057
85/130	0.70/1.00	4966.817 secs	(14.42906 secs)	0.999425	0.2422641
85/130	0.75/1.00	4981.275 secs	(14.45797 secs)	0.99945	0.2280256
85/130	0.80/1.00	4995.79 secs	(14.51524 secs)	0.9998	0.215342
85/130	0.85/1.00	5011.741 secs	(15.95087 secs)	0.999825	0.2082612
85/130	0.90/1.00	5027.892 secs	(16.15157 secs)	0.999925	0.1971394
85/130	0.95/1.00	5042.789 secs	(14.897 secs)	0.9999	0.1872692
85/130	1.00/1.00	5059.347 secs	(16.55773 secs)	0.999975	0.1837294


86/130	0.00/1.00	5075.662 secs	(16.31476 secs)	0.0032	0.5245833
86/130	0.05/1.00	5089.939 secs	(14.27764 secs)	0.039425	0.6165047
86/130	0.10/1.00	5104.007 secs	(14.06771 secs)	0.443625	0.5852979
86/130	0.15/1.00	5118.425 secs	(14.41767 secs)	0.792525	0.5464246
86/130	0.20/1.00	5132.775 secs	(14.35009 secs)	0.9307	0.5149209
86/130	0.25/1.00	5146.902 secs	(14.12661 secs)	0.923025	0.4457714
86/130	0.30/1.00	5160.841 secs	(13.93963 secs)	0.983	0.425836
86/130	0.35/1.00	5174.447 secs	(13.60602 secs)	0.9633	0.377771
86/130	0.40/1.00	5189.907 secs	(15.46014 secs)	0.993125	0.3587404
86/130	0.45/1.00	5205.859 secs	(15.95171 secs)	0.99435	0.3286066
86/130	0.50/1.00	5220.774 secs	(14.91538 secs)	0.99595	0.3070199
86/130	0.55/1.00	5237.033 secs	(16.25824 secs)	0.998075	0.289103
86/130	0.60/1.00	5253.653 secs	(16.62012 secs)	0.998275	0.2720931
86/130	0.65/1.00	5268.071 secs	(14.4187 secs)	0.999075	0.2548842
86/130	0.70/1.00	5282.201 secs	(14.12932 secs)	0.99935	0.2429594
86/130	0.75/1.00	5296.306 secs	(14.10516 secs)	0.999575	0.233072
86/130	0.80/1.00	5310.301 secs	(13.99474 secs)	0.9997	0.21949
86/130	0.85/1.00	5324.34 secs	(14.03913 secs)	0.9997	0.207612
86/130	0.90/1.00	5338.353 secs	(14.0129 secs)	0.999875	0.1966754
86/130	0.95/1.00	5352.426 secs	(14.07304 secs)	0.99995	0.1875848
86/130	1.00/1.00	5367.945 secs	(15.51962 secs)	0.999975	0.1837047


87/130	0.00/1.00	5384.038 secs	(16.09223 secs)	0.004225	0.6758333
87/130	0.05/1.00	5399.251 secs	(15.2135 secs)	0.04705	0.6036501
87/130	0.10/1.00	5415.40 secs	(16.14938 secs)	0.38705	0.5342807
87/130	0.15/1.00	5431.786 secs	(16.38568 secs)	0.790	0.5603536
87/130	0.20/1.00	5446.569 secs	(14.7832 secs)	0.828125	0.4710692
87/130	0.25/1.00	5460.915 secs	(14.34566 secs)	0.925175	0.450376
87/130	0.30/1.00	5475.079 secs	(14.16436 secs)	0.96005	0.4168016
87/130	0.35/1.00	5489.35 secs	(14.27047 secs)	0.990	0.3869789
87/130	0.40/1.00	5503.455 secs	(14.10541 secs)	0.992525	0.3586529
87/130	0.45/1.00	5517.496 secs	(14.04049 secs)	0.995625	0.336513
87/130	0.50/1.00	5531.415 secs	(13.919 secs)	0.996775	0.3112809
87/130	0.55/1.00	5547.135 secs	(15.72018 secs)	0.9977	0.2909456
87/130	0.60/1.00	5562.68 secs	(15.54508 secs)	0.9986	0.2736559
87/130	0.65/1.00	5577.752 secs	(15.07214 secs)	0.99915	0.256641
87/130	0.70/1.00	5593.943 secs	(16.19131 secs)	0.999425	0.2461668
87/130	0.75/1.00	5610.368 secs	(16.42408 secs)	0.99955	0.2336562
87/130	0.80/1.00	5624.573 secs	(14.20556 secs)	0.9997	0.2235439
87/130	0.85/1.00	5638.62 secs	(14.04685 secs)	0.999925	0.2105404
87/130	0.90/1.00	5652.254 secs	(13.6343 secs)	0.99985	0.19903
87/130	0.95/1.00	5666.26 secs	(14.00577 secs)	0.999875	0.1891984
87/130	1.00/1.00	5680.686 secs	(14.42629 secs)	0.999925	0.1833644


88/130	0.00/1.00	5694.695 secs	(14.0086 secs)	0.00375	0.6345833
88/130	0.05/1.00	5708.775 secs	(14.0801 secs)	0.044275	0.5933276
88/130	0.10/1.00	5723.814 secs	(15.03937 secs)	0.361475	0.5306499
88/130	0.15/1.00	5739.723 secs	(15.9082 secs)	0.722275	0.4897755
88/130	0.20/1.00	5754.866 secs	(15.14388 secs)	0.90735	0.5011982
88/130	0.25/1.00	5771.017 secs	(16.15028 secs)	0.926	0.4609266
88/130	0.30/1.00	5787.429 secs	(16.41247 secs)	0.92625	0.407365
88/130	0.35/1.00	5802.352 secs	(14.92273 secs)	0.988875	0.3932394
88/130	0.40/1.00	5816.272 secs	(13.92026 secs)	0.9938	0.3611395
88/130	0.45/1.00	5830.628 secs	(14.35566 secs)	0.995675	0.3367775
88/130	0.50/1.00	5845.032 secs	(14.40452 secs)	0.97185	0.2967357
88/130	0.55/1.00	5859.639 secs	(14.60673 secs)	0.998	0.2921869
88/130	0.60/1.00	5873.636 secs	(13.99683 secs)	0.9984	0.2750367
88/130	0.65/1.00	5888.261 secs	(14.62515 secs)	0.9991	0.2623617
88/130	0.70/1.00	5904.806 secs	(16.54496 secs)	0.999425	0.2461889
88/130	0.75/1.00	5920.992 secs	(16.18573 secs)	0.9993	0.2296591
88/130	0.80/1.00	5935.979 secs	(14.98741 secs)	0.974725	0.2171427
88/130	0.85/1.00	5952.511 secs	(16.53225 secs)	0.99995	0.2103102
88/130	0.90/1.00	5969.164 secs	(16.65225 secs)	0.9998	0.2020393
88/130	0.95/1.00	5983.273 secs	(14.10927 secs)	0.999875	0.192849
88/130	1.00/1.00	5997.54 secs	(14.26677 secs)	0.999975	0.1849545


89/130	0.00/1.00	6011.671 secs	(14.13085 secs)	0.003475	0.6220833
89/130	0.05/1.00	6025.494 secs	(13.82346 secs)	0.039525	0.5982612
89/130	0.10/1.00	6039.665 secs	(14.17099 secs)	0.33205	0.606209
89/130	0.15/1.00	6053.868 secs	(14.20287 secs)	0.82895	0.5616619
89/130	0.20/1.00	6069.206 secs	(15.3381 secs)	0.8578	0.4971734
89/130	0.25/1.00	6085.757 secs	(16.551 secs)	0.9031	0.4505227
89/130	0.30/1.00	6101.723 secs	(15.96551 secs)	0.9353	0.4079572
89/130	0.35/1.00	6117.37 secs	(15.6474 secs)	0.9664	0.3861895
89/130	0.40/1.00	6133.974 secs	(16.60365 secs)	0.99335	0.3663827
89/130	0.45/1.00	6149.451 secs	(15.47788 secs)	0.99565	0.337092
89/130	0.50/1.00	6163.481 secs	(14.02956 secs)	0.996825	0.3129482
89/130	0.55/1.00	6177.459 secs	(13.97806 secs)	0.948125	0.2930312
89/130	0.60/1.00	6192.073 secs	(14.61439 secs)	0.9986	0.2781637
89/130	0.65/1.00	6206.557 secs	(14.4839 secs)	0.99915	0.2592186
89/130	0.70/1.00	6220.353 secs	(13.7957 secs)	0.99905	0.2454077
89/130	0.75/1.00	6234.965 secs	(14.61219 secs)	0.999625	0.2312625
89/130	0.80/1.00	6251.069 secs	(16.1036 secs)	0.9996	0.2246136
89/130	0.85/1.00	6267.417 secs	(16.34863 secs)	0.99985	0.2087064
89/130	0.90/1.00	6283.245 secs	(15.82743 secs)	0.999875	0.2015243
89/130	0.95/1.00	6299.528 secs	(16.2828 secs)	0.999925	0.1940401
89/130	1.00/1.00	6315.898 secs	(16.37014 secs)	0.99995	0.1841838


90/130	0.00/1.00	6330.369 secs	(14.47131 secs)	0.003425	0.570
90/130	0.05/1.00	6344.314 secs	(13.94444 secs)	0.034625	0.5641927
90/130	0.10/1.00	6359.002 secs	(14.6881 secs)	0.343275	0.5674742
90/130	0.15/1.00	6373.59 secs	(14.58838 secs)	0.740425	0.54528
90/130	0.20/1.00	6388.011 secs	(14.42104 secs)	0.900725	0.4938848
90/130	0.25/1.00	6402.795 secs	(14.78383 secs)	0.904225	0.4398516
90/130	0.30/1.00	6417.803 secs	(15.00771 secs)	0.960525	0.4298252
90/130	0.35/1.00	6433.674 secs	(15.8713 secs)	0.9912	0.3959213
90/130	0.40/1.00	6449.73 secs	(16.05628 secs)	0.993575	0.3628599
90/130	0.45/1.00	6465.563 secs	(15.83286 secs)	0.970725	0.3339504
90/130	0.50/1.00	6482.621 secs	(17.05804 secs)	0.99655	0.318392
90/130	0.55/1.00	6498.935 secs	(16.31367 secs)	0.9977	0.2926454
90/130	0.60/1.00	6513.111 secs	(14.17608 secs)	0.998675	0.2800451
90/130	0.65/1.00	6527.50 secs	(14.3895 secs)	0.9746	0.2553369
90/130	0.70/1.00	6541.627 secs	(14.12636 secs)	0.999525	0.2473442
90/130	0.75/1.00	6555.737 secs	(14.10988 secs)	0.999575	0.2339989
90/130	0.80/1.00	6570.037 secs	(14.30064 secs)	0.999675	0.2229464
90/130	0.85/1.00	6584.716 secs	(14.67876 secs)	0.999925	0.2151665
90/130	0.90/1.00	6599.741 secs	(15.0246 secs)	0.9998	0.2010403
90/130	0.95/1.00	6616.191 secs	(16.45087 secs)	0.999975	0.1965296
90/130	1.00/1.00	6631.915 secs	(15.7239 secs)	0.999975	0.1873043


91/130	0.00/1.00	6647.877 secs	(15.96189 secs)	0.003925	0.64625
91/130	0.05/1.00	6664.369 secs	(16.49134 secs)	0.036225	0.6393703
91/130	0.10/1.00	6679.773 secs	(15.4044 secs)	0.3536	0.6013151
91/130	0.15/1.00	6694.237 secs	(14.4639 secs)	0.7488	0.5546224
91/130	0.20/1.00	6708.545 secs	(14.30832 secs)	0.9574	0.5234155
91/130	0.25/1.00	6722.829 secs	(14.2842 secs)	0.974075	0.477068
91/130	0.30/1.00	6736.997 secs	(14.16736 secs)	0.9859	0.4281387
91/130	0.35/1.00	6750.95 secs	(13.95301 secs)	0.96605	0.3824474
91/130	0.40/1.00	6765.154 secs	(14.2042 secs)	0.99375	0.3618554
91/130	0.45/1.00	6780.554 secs	(15.39994 secs)	0.971	0.3300907
91/130	0.50/1.00	6796.444 secs	(15.8904 secs)	0.9966	0.3201352
91/130	0.55/1.00	6811.942 secs	(15.4975 secs)	0.997875	0.293445
91/130	0.60/1.00	6827.297 secs	(15.35508 secs)	0.973625	0.2701885
91/130	0.65/1.00	6843.806 secs	(16.50905 secs)	0.99905	0.2631269
91/130	0.70/1.00	6859.229 secs	(15.42257 secs)	0.9993	0.2517779
91/130	0.75/1.00	6873.568 secs	(14.33945 secs)	0.999675	0.2372527
91/130	0.80/1.00	6887.676 secs	(14.108 secs)	0.999775	0.2239252
91/130	0.85/1.00	6901.642 secs	(13.96648 secs)	0.99985	0.2144828
91/130	0.90/1.00	6915.727 secs	(14.08418 secs)	0.999875	0.2051254
91/130	0.95/1.00	6929.892 secs	(14.16559 secs)	0.99995	0.1969603
91/130	1.00/1.00	6944.183 secs	(14.29072 secs)	1.000	0.186825


92/130	0.00/1.00	6959.686 secs	(15.50283 secs)	0.003775	0.6716667
92/130	0.05/1.00	6976.036 secs	(16.34994 secs)	0.0475	0.6510786
92/130	0.10/1.00	6990.934 secs	(14.89795 secs)	0.367975	0.5910559
92/130	0.15/1.00	7007.00 secs	(16.06682 secs)	0.752025	0.5301986
92/130	0.20/1.00	7023.426 secs	(16.4259 secs)	0.93435	0.5280581
92/130	0.25/1.00	7038.093 secs	(14.66703 secs)	0.904675	0.4391043
92/130	0.30/1.00	7052.119 secs	(14.02593 secs)	0.9313	0.4089478
92/130	0.35/1.00	7066.253 secs	(14.13401 secs)	0.96575	0.3887273
92/130	0.40/1.00	7080.486 secs	(14.23296 secs)	0.993875	0.3698882
92/130	0.45/1.00	7094.271 secs	(13.78431 secs)	0.970975	0.3315513
92/130	0.50/1.00	7108.224 secs	(13.9532 secs)	0.99695	0.3179217
92/130	0.55/1.00	7122.455 secs	(14.2307 secs)	0.9981	0.2961184
92/130	0.60/1.00	7137.349 secs	(14.89412 secs)	0.99805	0.277518
92/130	0.65/1.00	7153.646 secs	(16.29761 secs)	0.999225	0.265607
92/130	0.70/1.00	7168.925 secs	(15.27866 secs)	0.99945	0.2450593
92/130	0.75/1.00	7184.41 secs	(15.48468 secs)	0.999425	0.2375105
92/130	0.80/1.00	7200.79 secs	(16.38042 secs)	0.99985	0.2285587
92/130	0.85/1.00	7216.232 secs	(15.44206 secs)	0.999975	0.2173558
92/130	0.90/1.00	7230.45 secs	(14.2182 secs)	0.99985	0.2063554
92/130	0.95/1.00	7244.108 secs	(13.65733 secs)	0.999925	0.1971143
92/130	1.00/1.00	7258.136 secs	(14.02834 secs)	0.9999	0.1903677


93/130	0.00/1.00	7271.842 secs	(13.70569 secs)	0.0036	0.590
93/130	0.05/1.00	7286.137 secs	(14.29542 secs)	0.040925	0.6890077
93/130	0.10/1.00	7300.371 secs	(14.23377 secs)	0.3754	0.6130221
93/130	0.15/1.00	7315.144 secs	(14.7727 secs)	0.7379	0.5618005
93/130	0.20/1.00	7331.154 secs	(16.01004 secs)	0.910125	0.4999618
93/130	0.25/1.00	7347.344 secs	(16.19077 secs)	0.94055	0.464556
93/130	0.30/1.00	7362.61 secs	(15.26611 secs)	0.961	0.4237388
93/130	0.35/1.00	7379.064 secs	(16.45362 secs)	0.990475	0.3970638
93/130	0.40/1.00	7395.069 secs	(16.00455 secs)	0.9694	0.3592528
93/130	0.45/1.00	7409.146 secs	(14.07748 secs)	0.99555	0.3389925
93/130	0.50/1.00	7423.058 secs	(13.91201 secs)	0.9972	0.3176636
93/130	0.55/1.00	7437.561 secs	(14.50247 secs)	0.99825	0.2987486
93/130	0.60/1.00	7451.968 secs	(14.40774 secs)	0.99865	0.2818819
93/130	0.65/1.00	7466.457 secs	(14.48915 secs)	0.999	0.2616884
93/130	0.70/1.00	7480.443 secs	(13.98577 secs)	0.999275	0.2525321
93/130	0.75/1.00	7495.893 secs	(15.44932 secs)	0.999575	0.2377517
93/130	0.80/1.00	7512.049 secs	(16.15637 secs)	0.99985	0.2248336
93/130	0.85/1.00	7527.603 secs	(15.55433 secs)	0.999875	0.2169262
93/130	0.90/1.00	7543.385 secs	(15.78161 secs)	0.99995	0.2090598
93/130	0.95/1.00	7560.262 secs	(16.87731 secs)	0.9999	0.198745
93/130	1.00/1.00	7575.215 secs	(14.95298 secs)	1.000	0.19295


94/130	0.00/1.00	7589.222 secs	(14.00689 secs)	0.0041	0.68375
94/130	0.05/1.00	7603.223 secs	(14.00121 secs)	0.036425	0.6361552
94/130	0.10/1.00	7617.59 secs	(14.3663 secs)	0.402575	0.5868031
94/130	0.15/1.00	7631.761 secs	(14.17098 secs)	0.70055	0.5328644
94/130	0.20/1.00	7645.922 secs	(14.16139 secs)	0.90855	0.5052052
94/130	0.25/1.00	7660.217 secs	(14.29501 secs)	0.929425	0.4561034
94/130	0.30/1.00	7675.632 secs	(15.41456 secs)	0.9619	0.4257596
94/130	0.35/1.00	7691.318 secs	(15.68661 secs)	0.991525	0.399576
94/130	0.40/1.00	7706.575 secs	(15.25662 secs)	0.993	0.3727548
94/130	0.45/1.00	7722.083 secs	(15.5082 secs)	0.9954	0.3416758
94/130	0.50/1.00	7738.76 secs	(16.67696 secs)	0.972375	0.3118894
94/130	0.55/1.00	7754.332 secs	(15.57216 secs)	0.9985	0.3026567
94/130	0.60/1.00	7768.783 secs	(14.45094 secs)	0.998825	0.2816548
94/130	0.65/1.00	7783.463 secs	(14.67971 secs)	0.9992	0.2649125
94/130	0.70/1.00	7797.771 secs	(14.30799 secs)	0.999325	0.2549952
94/130	0.75/1.00	7812.08 secs	(14.30962 secs)	0.999425	0.2402378
94/130	0.80/1.00	7826.315 secs	(14.23497 secs)	0.999825	0.2263388
94/130	0.85/1.00	7840.574 secs	(14.25822 secs)	0.9999	0.2188975
94/130	0.90/1.00	7856.104 secs	(15.53053 secs)	0.9998	0.2086916
94/130	0.95/1.00	7872.401 secs	(16.29723 secs)	0.9999	0.2019702
94/130	1.00/1.00	7887.883 secs	(15.48188 secs)	0.999925	0.1913135


95/130	0.00/1.00	7904.166 secs	(16.28255 secs)	0.003675	0.5545833
95/130	0.05/1.00	7920.695 secs	(16.52907 secs)	0.0418	0.6267229
95/130	0.10/1.00	7935.769 secs	(15.07441 secs)	0.4022	0.5959155
95/130	0.15/1.00	7950.226 secs	(14.45696 secs)	0.794625	0.5523826
95/130	0.20/1.00	7964.512 secs	(14.28625 secs)	0.913625	0.5225329
95/130	0.25/1.00	7979.276 secs	(14.76395 secs)	0.927525	0.4578249
95/130	0.30/1.00	7993.66 secs	(14.38371 secs)	0.987925	0.4361648
95/130	0.35/1.00	8008.089 secs	(14.42854 secs)	0.99025	0.4014515
95/130	0.40/1.00	8022.455 secs	(14.36663 secs)	0.9696	0.3604971
95/130	0.45/1.00	8038.80 secs	(16.34474 secs)	0.971275	0.3374741
95/130	0.50/1.00	8054.809 secs	(16.00864 secs)	0.9724	0.3113143
95/130	0.55/1.00	8069.804 secs	(14.99577 secs)	0.998025	0.3043539
95/130	0.60/1.00	8086.039 secs	(16.2343 secs)	0.998775	0.2844738
95/130	0.65/1.00	8102.785 secs	(16.74604 secs)	0.999025	0.2645341
95/130	0.70/1.00	8117.88 secs	(15.09564 secs)	0.999425	0.253972
95/130	0.75/1.00	8132.233 secs	(14.35253 secs)	0.9994	0.2439476
95/130	0.80/1.00	8146.795 secs	(14.5625 secs)	0.99985	0.2337852
95/130	0.85/1.00	8161.107 secs	(14.31183 secs)	0.999875	0.2203771
95/130	0.90/1.00	8174.925 secs	(13.8179 secs)	0.999825	0.2107123
95/130	0.95/1.00	8189.227 secs	(14.30162 secs)	0.999925	0.2010146
95/130	1.00/1.00	8204.105 secs	(14.87866 secs)	1.000	0.194575


96/130	0.00/1.00	8220.002 secs	(15.89694 secs)	0.0038	0.6470833
96/130	0.05/1.00	8235.744 secs	(15.74209 secs)	0.0366	0.5717945
96/130	0.10/1.00	8251.039 secs	(15.29411 secs)	0.421125	0.6095404
96/130	0.15/1.00	8267.549 secs	(16.51055 secs)	0.73235	0.5048078
96/130	0.20/1.00	8283.437 secs	(15.88817 secs)	0.9345	0.5171883
96/130	0.25/1.00	8298.067 secs	(14.62955 secs)	0.97905	0.4866361
96/130	0.30/1.00	8312.138 secs	(14.07067 secs)	0.9875	0.4357837
96/130	0.35/1.00	8326.066 secs	(13.92898 secs)	0.916775	0.3709476
96/130	0.40/1.00	8339.956 secs	(13.88995 secs)	0.99445	0.3671653
96/130	0.45/1.00	8353.832 secs	(13.87509 secs)	0.996025	0.3479116
96/130	0.50/1.00	8367.739 secs	(13.9077 secs)	0.99695	0.3209773
96/130	0.55/1.00	8382.982 secs	(15.24283 secs)	0.998525	0.3001178
96/130	0.60/1.00	8398.749 secs	(15.76719 secs)	0.998475	0.2889355
96/130	0.65/1.00	8414.053 secs	(15.30399 secs)	0.99915	0.2717797
96/130	0.70/1.00	8429.191 secs	(15.13777 secs)	0.9995	0.2530025
96/130	0.75/1.00	8445.766 secs	(16.57453 secs)	0.999625	0.2426653
96/130	0.80/1.00	8460.836 secs	(15.07023 secs)	0.999775	0.2338036
96/130	0.85/1.00	8474.965 secs	(14.12899 secs)	0.99985	0.2215336
96/130	0.90/1.00	8488.848 secs	(13.88302 secs)	0.9998	0.2104913
96/130	0.95/1.00	8502.904 secs	(14.05606 secs)	0.999925	0.2048405
96/130	1.00/1.00	8516.981 secs	(14.07695 secs)	0.9999	0.191919


97/130	0.00/1.00	8530.673 secs	(13.6923 secs)	0.00395	0.6495833
97/130	0.05/1.00	8544.911 secs	(14.23782 secs)	0.041625	0.6049036
97/130	0.10/1.00	8560.31 secs	(15.39943 secs)	0.386425	0.6231775
97/130	0.15/1.00	8576.364 secs	(16.05347 secs)	0.782475	0.532413
97/130	0.20/1.00	8591.776 secs	(15.41224 secs)	0.914475	0.5194685
97/130	0.25/1.00	8607.854 secs	(16.07763 secs)	0.92985	0.4569374
97/130	0.30/1.00	8624.37 secs	(16.51673 secs)	0.9868	0.4421026
97/130	0.35/1.00	8639.554 secs	(15.18367 secs)	0.992225	0.4054149
97/130	0.40/1.00	8653.451 secs	(13.89675 secs)	0.9941	0.3733276
97/130	0.45/1.00	8667.417 secs	(13.96647 secs)	0.99595	0.3497979
97/130	0.50/1.00	8681.891 secs	(14.4733 secs)	0.997725	0.3243584
97/130	0.55/1.00	8695.774 secs	(13.88366 secs)	0.99805	0.3062709
97/130	0.60/1.00	8709.854 secs	(14.07977 secs)	0.998925	0.289533
97/130	0.65/1.00	8723.544 secs	(13.68998 secs)	0.9993	0.2675881
97/130	0.70/1.00	8740.461 secs	(16.91734 secs)	0.999375	0.259689
97/130	0.75/1.00	8758.432 secs	(17.97074 secs)	0.999725	0.241716
97/130	0.80/1.00	8774.751 secs	(16.31891 secs)	0.99985	0.2338606
97/130	0.85/1.00	8789.882 secs	(15.13103 secs)	0.99985	0.2182579
97/130	0.90/1.00	8806.614 secs	(16.73242 secs)	0.99995	0.2116357
97/130	0.95/1.00	8823.037 secs	(16.42225 secs)	0.999975	0.2053554
97/130	1.00/1.00	8837.204 secs	(14.16755 secs)	1.000	0.19505


98/130	0.00/1.00	8851.231 secs	(14.02642 secs)	0.003925	0.6758333
98/130	0.05/1.00	8865.355 secs	(14.12428 secs)	0.03785	0.6012337
98/130	0.10/1.00	8879.989 secs	(14.63381 secs)	0.4454	0.6176802
98/130	0.15/1.00	8894.062 secs	(14.07326 secs)	0.747025	0.5507482
98/130	0.20/1.00	8908.484 secs	(14.42158 secs)	0.930925	0.5215664
98/130	0.25/1.00	8923.453 secs	(14.9696 secs)	0.950675	0.4730907
98/130	0.30/1.00	8939.31 secs	(15.85638 secs)	0.986925	0.440362
98/130	0.35/1.00	8955.788 secs	(16.47803 secs)	0.991975	0.4091136
98/130	0.40/1.00	8970.946 secs	(15.15809 secs)	0.994375	0.3784525
98/130	0.45/1.00	8987.848 secs	(16.90196 secs)	0.996625	0.3512408
98/130	0.50/1.00	9004.115 secs	(16.26756 secs)	0.9974	0.3267997
98/130	0.55/1.00	9018.24 secs	(14.12497 secs)	0.998275	0.3078491
98/130	0.60/1.00	9032.727 secs	(14.48688 secs)	0.998825	0.2880117
98/130	0.65/1.00	9046.959 secs	(14.23225 secs)	0.9991	0.2688426
98/130	0.70/1.00	9061.31 secs	(14.35115 secs)	0.999575	0.2584834
98/130	0.75/1.00	9075.477 secs	(14.16678 secs)	0.97455	0.2411172
98/130	0.80/1.00	9089.752 secs	(14.27476 secs)	0.9998	0.2349225
98/130	0.85/1.00	9104.875 secs	(15.12268 secs)	0.999925	0.2248677
98/130	0.90/1.00	9121.083 secs	(16.20858 secs)	0.999975	0.218556
98/130	0.95/1.00	9137.434 secs	(16.35031 secs)	0.99995	0.2031606
98/130	1.00/1.00	9152.916 secs	(15.48267 secs)	1.000	0.197175


99/130	0.00/1.00	9169.574 secs	(16.6574 secs)	0.0044	0.6945833
99/130	0.05/1.00	9185.32 secs	(15.74677 secs)	0.040975	0.6064409
99/130	0.10/1.00	9199.548 secs	(14.22711 secs)	0.466425	0.6280341
99/130	0.15/1.00	9213.813 secs	(14.26512 secs)	0.734825	0.5336406
99/130	0.20/1.00	9228.057 secs	(14.2439 secs)	0.963975	0.5342859
99/130	0.25/1.00	9242.454 secs	(14.39786 secs)	0.95495	0.4768154
99/130	0.30/1.00	9256.92 secs	(14.46562 secs)	0.987875	0.4445906
99/130	0.35/1.00	9271.46 secs	(14.53948 secs)	0.992	0.4043412
99/130	0.40/1.00	9285.868 secs	(14.40878 secs)	0.994575	0.3791569
99/130	0.45/1.00	9301.668 secs	(15.79949 secs)	0.946475	0.3340258
99/130	0.50/1.00	9318.087 secs	(16.41892 secs)	0.9727	0.31746
99/130	0.55/1.00	9332.956 secs	(14.86899 secs)	0.973475	0.2995016
99/130	0.60/1.00	9349.532 secs	(16.57648 secs)	0.998825	0.2898387
99/130	0.65/1.00	9366.268 secs	(16.73534 secs)	0.99935	0.2694002
99/130	0.70/1.00	9380.61 secs	(14.34275 secs)	0.999525	0.2627753
99/130	0.75/1.00	9394.783 secs	(14.17295 secs)	0.9994	0.2437717
99/130	0.80/1.00	9409.047 secs	(14.26357 secs)	0.9998	0.2328212
99/130	0.85/1.00	9423.211 secs	(14.16449 secs)	0.999925	0.2246927
99/130	0.90/1.00	9437.175 secs	(13.96412 secs)	0.999925	0.2115663
99/130	0.95/1.00	9451.604 secs	(14.42873 secs)	0.999925	0.2048152
99/130	1.00/1.00	9466.658 secs	(15.05432 secs)	0.999975	0.1960293


100/130	0.00/1.00	9483.484 secs	(16.82553 secs)	0.004275	0.7125
100/130	0.05/1.00	9499.66 secs	(16.17561 secs)	0.057375	0.6470172
100/130	0.10/1.00	9515.37 secs	(15.71056 secs)	0.5426	0.641729
100/130	0.15/1.00	9532.211 secs	(16.84037 secs)	0.8606	0.5743288
100/130	0.20/1.00	9548.091 secs	(15.88098 secs)	0.91865	0.5447829
100/130	0.25/1.00	9562.117 secs	(14.0258 secs)	0.9802	0.4872869
100/130	0.30/1.00	9576.644 secs	(14.52677 secs)	0.987525	0.4445208
100/130	0.35/1.00	9591.396 secs	(14.75163 secs)	0.9678	0.4098971
100/130	0.40/1.00	9605.605 secs	(14.20935 secs)	0.969975	0.3655429
100/130	0.45/1.00	9619.711 secs	(14.10607 secs)	0.99605	0.3524158
100/130	0.50/1.00	9633.962 secs	(14.25104 secs)	0.997925	0.3270236
100/130	0.55/1.00	9650.263 secs	(16.3012 secs)	0.998675	0.308786
100/130	0.60/1.00	9666.868 secs	(16.60424 secs)	0.99895	0.2909807
100/130	0.65/1.00	9682.043 secs	(15.17544 secs)	0.99935	0.2730286
100/130	0.70/1.00	9697.872 secs	(15.82898 secs)	0.999325	0.2565481
100/130	0.75/1.00	9714.889 secs	(17.01719 secs)	0.9997	0.2480753
100/130	0.80/1.00	9729.895 secs	(15.00596 secs)	0.999675	0.2338254
100/130	0.85/1.00	9744.099 secs	(14.2034 secs)	0.974825	0.2182699
100/130	0.90/1.00	9758.177 secs	(14.07826 secs)	0.99985	0.2177826
100/130	0.95/1.00	9772.493 secs	(14.31646 secs)	0.999825	0.2030606
100/130	1.00/1.00	9787.145 secs	(14.65151 secs)	0.999975	0.1992806


101/130	0.00/1.00	9800.477 secs	(13.33212 secs)	0.0042	0.6625
101/130	0.05/1.00	9814.449 secs	(13.97256 secs)	0.0487	0.6865276
101/130	0.10/1.00	9829.856 secs	(15.40667 secs)	0.435275	0.6193006
101/130	0.15/1.00	9845.759 secs	(15.90319 secs)	0.734625	0.5320503
101/130	0.20/1.00	9861.58 secs	(15.82037 secs)	0.950725	0.5352448
101/130	0.25/1.00	9877.566 secs	(15.98613 secs)	0.9577	0.4774491
101/130	0.30/1.00	9894.36 secs	(16.79407 secs)	0.964	0.43443
101/130	0.35/1.00	9909.734 secs	(15.37417 secs)	0.993225	0.416505
101/130	0.40/1.00	9923.794 secs	(14.06029 secs)	0.9948	0.3791538
101/130	0.45/1.00	9937.752 secs	(13.95756 secs)	0.996325	0.3571121
101/130	0.50/1.00	9951.835 secs	(14.08337 secs)	0.9984	0.3282057
101/130	0.55/1.00	9965.735 secs	(13.90013 secs)	0.9983	0.3091712
101/130	0.60/1.00	9979.955 secs	(14.2196 secs)	0.998975	0.2928501
101/130	0.65/1.00	9993.761 secs	(13.80561 secs)	0.99945	0.2738486
101/130	0.70/1.00	10009.28 secs	(15.51785 secs)	0.9995	0.2614784
101/130	0.75/1.00	10024.96 secs	(15.68244 secs)	0.999625	0.2481678
101/130	0.80/1.00	10040.56 secs	(15.602 secs)	0.999625	0.2353136
101/130	0.85/1.00	10056.29 secs	(15.72936 secs)	0.999925	0.2250163
101/130	0.90/1.00	10072.50 secs	(16.20971 secs)	0.9998	0.2184182
101/130	0.95/1.00	10087.79 secs	(15.28557 secs)	0.9999	0.2055445
101/130	1.00/1.00	10101.91 secs	(14.12235 secs)	1.000	0.198325


102/130	0.00/1.00	10116.09 secs	(14.17863 secs)	0.004175	0.6875
102/130	0.05/1.00	10130.22 secs	(14.13258 secs)	0.0403	0.634537
102/130	0.10/1.00	10144.55 secs	(14.33005 secs)	0.434225	0.5744249
102/130	0.15/1.00	10158.39 secs	(13.83792 secs)	0.803025	0.5443456
102/130	0.20/1.00	10172.39 secs	(13.99955 secs)	0.889025	0.529298
102/130	0.25/1.00	10188.64 secs	(16.25043 secs)	0.957775	0.473965
102/130	0.30/1.00	10204.23 secs	(15.58868 secs)	0.988925	0.4487582
102/130	0.35/1.00	10219.16 secs	(14.93424 secs)	0.967875	0.4027152
102/130	0.40/1.00	10235.21 secs	(16.05145 secs)	0.99525	0.3795584
102/130	0.45/1.00	10251.65 secs	(16.43589 secs)	0.996625	0.355548
102/130	0.50/1.00	10266.36 secs	(14.70834 secs)	0.97315	0.3211703
102/130	0.55/1.00	10280.36 secs	(13.99872 secs)	0.9983	0.313205
102/130	0.60/1.00	10294.69 secs	(14.33009 secs)	0.974025	0.2880973
102/130	0.65/1.00	10308.98 secs	(14.29225 secs)	0.999375	0.2752223
102/130	0.70/1.00	10323.03 secs	(14.04634 secs)	0.9998	0.2628012
102/130	0.75/1.00	10337.39 secs	(14.36473 secs)	0.999725	0.249669
102/130	0.80/1.00	10351.64 secs	(14.25139 secs)	0.9997	0.2378224
102/130	0.85/1.00	10367.20 secs	(15.55852 secs)	0.9999	0.2238727
102/130	0.90/1.00	10382.99 secs	(15.78945 secs)	0.999925	0.2189914
102/130	0.95/1.00	10398.63 secs	(15.63847 secs)	0.999925	0.208741
102/130	1.00/1.00	10414.89 secs	(16.26534 secs)	0.9999	0.1999954


103/130	0.00/1.00	10431.18 secs	(16.28445 secs)	0.0036	0.6304167
103/130	0.05/1.00	10445.41 secs	(14.23125 secs)	0.06645	0.6862601
103/130	0.10/1.00	10459.29 secs	(13.88308 secs)	0.4442	0.6026388
103/130	0.15/1.00	10473.87 secs	(14.58074 secs)	0.801175	0.5673479
103/130	0.20/1.00	10487.91 secs	(14.03772 secs)	0.891025	0.4983856
103/130	0.25/1.00	10502.12 secs	(14.20596 secs)	0.9838	0.4904117
103/130	0.30/1.00	10516.58 secs	(14.46041 secs)	0.989275	0.4461711
103/130	0.35/1.00	10530.66 secs	(14.08128 secs)	0.968675	0.3986849
103/130	0.40/1.00	10546.45 secs	(15.79269 secs)	0.970425	0.3699173
103/130	0.45/1.00	10562.87 secs	(16.41449 secs)	0.99635	0.3571577
103/130	0.50/1.00	10577.67 secs	(14.80298 secs)	0.997375	0.3316944
103/130	0.55/1.00	10594.10 secs	(16.43504 secs)	0.9979	0.3125563
103/130	0.60/1.00	10610.86 secs	(16.76095 secs)	0.9987	0.2917037
103/130	0.65/1.00	10624.88 secs	(14.01636 secs)	0.999375	0.27775
103/130	0.70/1.00	10638.63 secs	(13.75049 secs)	0.999425	0.2602976
103/130	0.75/1.00	10652.79 secs	(14.15826 secs)	0.999525	0.2539214
103/130	0.80/1.00	10666.97 secs	(14.18541 secs)	0.99985	0.2399856
103/130	0.85/1.00	10681.44 secs	(14.46256 secs)	0.99985	0.2253587
103/130	0.90/1.00	10695.68 secs	(14.23939 secs)	0.999875	0.2127522
103/130	0.95/1.00	10710.93 secs	(15.25556 secs)	0.9999	0.210671
103/130	1.00/1.00	10727.32 secs	(16.38741 secs)	0.99995	0.1985354


104/130	0.00/1.00	10743.17 secs	(15.84735 secs)	0.004475	0.740
104/130	0.05/1.00	10758.24 secs	(15.07717 secs)	0.06735	0.6362893
104/130	0.10/1.00	10775.27 secs	(17.02299 secs)	0.46395	0.5969062
104/130	0.15/1.00	10791.33 secs	(16.0643 secs)	0.8088	0.5753144
104/130	0.20/1.00	10805.70 secs	(14.3683 secs)	0.9689	0.5385542
104/130	0.25/1.00	10819.96 secs	(14.26381 secs)	0.98265	0.4907521
104/130	0.30/1.00	10833.96 secs	(13.99663 secs)	0.9641	0.4371977
104/130	0.35/1.00	10848.10 secs	(14.145 secs)	0.9928	0.4107109
104/130	0.40/1.00	10862.21 secs	(14.10466 secs)	0.99535	0.3846908
104/130	0.45/1.00	10876.63 secs	(14.41822 secs)	0.996575	0.3576314
104/130	0.50/1.00	10891.48 secs	(14.85234 secs)	0.9979	0.3358348
104/130	0.55/1.00	10907.50 secs	(16.02153 secs)	0.99855	0.3138795
104/130	0.60/1.00	10923.30 secs	(15.79586 secs)	0.9989	0.2961016
104/130	0.65/1.00	10938.77 secs	(15.47107 secs)	0.999375	0.2780486
104/130	0.70/1.00	10955.90 secs	(17.1292 secs)	0.99945	0.267251
104/130	0.75/1.00	10971.10 secs	(15.20372 secs)	0.9998	0.250127
104/130	0.80/1.00	10985.96 secs	(14.85902 secs)	0.999825	0.2394416
104/130	0.85/1.00	11000.14 secs	(14.17814 secs)	0.999825	0.2308893
104/130	0.90/1.00	11014.17 secs	(14.03352 secs)	0.9999	0.2181219
104/130	0.95/1.00	11028.47 secs	(14.2996 secs)	0.999925	0.2090658
104/130	1.00/1.00	11042.56 secs	(14.09068 secs)	0.999925	0.1978644


105/130	0.00/1.00	11056.62 secs	(14.05686 secs)	0.004	0.6720833
105/130	0.05/1.00	11071.93 secs	(15.30588 secs)	0.051975	0.6028311
105/130	0.10/1.00	11088.32 secs	(16.39696 secs)	0.49325	0.6226376
105/130	0.15/1.00	11103.12 secs	(14.79732 secs)	0.834975	0.5799747
105/130	0.20/1.00	11119.57 secs	(16.45336 secs)	0.969075	0.5422487
105/130	0.25/1.00	11136.24 secs	(16.66942 secs)	0.933275	0.4686454
105/130	0.30/1.00	11152.01 secs	(15.76397 secs)	0.9901	0.4487118
105/130	0.35/1.00	11166.43 secs	(14.41959 secs)	0.9688	0.4187904
105/130	0.40/1.00	11180.73 secs	(14.30017 secs)	0.99595	0.3839816
105/130	0.45/1.00	11195.06 secs	(14.33068 secs)	0.99665	0.3554678
105/130	0.50/1.00	11209.60 secs	(14.5463 secs)	0.972525	0.3265695
105/130	0.55/1.00	11223.61 secs	(14.00612 secs)	0.998675	0.3120606
105/130	0.60/1.00	11237.59 secs	(13.97769 secs)	0.999075	0.2977265
105/130	0.65/1.00	11253.24 secs	(15.65213 secs)	0.9993	0.2804981
105/130	0.70/1.00	11269.97 secs	(16.7277 secs)	0.99935	0.2613218
105/130	0.75/1.00	11285.77 secs	(15.80592 secs)	0.974775	0.2454128
105/130	0.80/1.00	11302.41 secs	(16.63339 secs)	0.999825	0.2421681
105/130	0.85/1.00	11319.25 secs	(16.84027 secs)	0.9999	0.2302483
105/130	0.90/1.00	11333.42 secs	(14.17536 secs)	0.9998	0.2197193
105/130	0.95/1.00	11347.79 secs	(14.36508 secs)	0.9998	0.208166
105/130	1.00/1.00	11362.07 secs	(14.28151 secs)	1.000	0.205475


106/130	0.00/1.00	11375.95 secs	(13.87921 secs)	0.00415	0.6716667
106/130	0.05/1.00	11389.78 secs	(13.8344 secs)	0.06995	0.6816466
106/130	0.10/1.00	11404.10 secs	(14.31618 secs)	0.4895	0.6425049
106/130	0.15/1.00	11418.90 secs	(14.80266 secs)	0.820525	0.5822696
106/130	0.20/1.00	11434.93 secs	(16.02771 secs)	0.92145	0.5165168
106/130	0.25/1.00	11451.00 secs	(16.06842 secs)	0.9596	0.4810821
106/130	0.30/1.00	11466.37 secs	(15.37292 secs)	0.91605	0.4151721
106/130	0.35/1.00	11482.94 secs	(16.57345 secs)	0.993375	0.4150279
106/130	0.40/1.00	11499.18 secs	(16.23374 secs)	0.99555	0.3839599
106/130	0.45/1.00	11513.41 secs	(14.23773 secs)	0.972275	0.3511129
106/130	0.50/1.00	11527.28 secs	(13.86437 secs)	0.973425	0.3250065
106/130	0.55/1.00	11541.17 secs	(13.88658 secs)	0.9988	0.3122006
106/130	0.60/1.00	11555.08 secs	(13.91682 secs)	0.99915	0.2974297
106/130	0.65/1.00	11569.09 secs	(14.00317 secs)	0.999375	0.2829016
106/130	0.70/1.00	11582.76 secs	(13.67718 secs)	0.9996	0.2657562
106/130	0.75/1.00	11597.22 secs	(14.4528 secs)	0.99985	0.2526879
106/130	0.80/1.00	11613.37 secs	(16.15726 secs)	0.99985	0.2411613
106/130	0.85/1.00	11629.52 secs	(16.14377 secs)	0.999925	0.2301426
106/130	0.90/1.00	11644.62 secs	(15.09983 secs)	0.999825	0.221963
106/130	0.95/1.00	11661.02 secs	(16.3993 secs)	0.99995	0.2120351
106/130	1.00/1.00	11677.38 secs	(16.36026 secs)	1.000	0.203525


107/130	0.00/1.00	11691.02 secs	(13.645 secs)	0.0034	0.60875
107/130	0.05/1.00	11704.71 secs	(13.68665 secs)	0.060775	0.6458694
107/130	0.10/1.00	11718.83 secs	(14.12434 secs)	0.490275	0.6084673
107/130	0.15/1.00	11733.18 secs	(14.34837 secs)	0.890125	0.5960056
107/130	0.20/1.00	11747.62 secs	(14.43561 secs)	0.92075	0.5303695
107/130	0.25/1.00	11761.71 secs	(14.09397 secs)	0.984425	0.4973993
107/130	0.30/1.00	11776.15 secs	(14.43727 secs)	0.866075	0.3941924
107/130	0.35/1.00	11792.60 secs	(16.4491 secs)	0.993325	0.4145634
107/130	0.40/1.00	11808.52 secs	(15.92136 secs)	0.9949	0.3869825
107/130	0.45/1.00	11823.73 secs	(15.21101 secs)	0.996175	0.3580138
107/130	0.50/1.00	11840.69 secs	(16.96622 secs)	0.99815	0.3380742
107/130	0.55/1.00	11856.10 secs	(15.40363 secs)	0.97345	0.3090922
107/130	0.60/1.00	11870.37 secs	(14.27436 secs)	0.99885	0.2999699
107/130	0.65/1.00	11884.55 secs	(14.17829 secs)	0.999325	0.2785135
107/130	0.70/1.00	11898.59 secs	(14.03717 secs)	0.9997	0.2692576
107/130	0.75/1.00	11912.81 secs	(14.22521 secs)	0.9998	0.2532506
107/130	0.80/1.00	11926.29 secs	(13.47721 secs)	0.999775	0.2426294
107/130	0.85/1.00	11940.28 secs	(13.98586 secs)	0.9999	0.2328989
107/130	0.90/1.00	11955.38 secs	(15.1019 secs)	0.9999	0.2231232
107/130	0.95/1.00	11971.47 secs	(16.08722 secs)	0.999975	0.2149802
107/130	1.00/1.00	11987.50 secs	(16.03345 secs)	0.99995	0.2024599


108/130	0.00/1.00	12002.66 secs	(15.16533 secs)	0.003875	0.6525
108/130	0.05/1.00	12019.05 secs	(16.38524 secs)	0.052875	0.621403
108/130	0.10/1.00	12034.92 secs	(15.87512 secs)	0.5676	0.6147003
108/130	0.15/1.00	12050.02 secs	(15.09951 secs)	0.84945	0.5716972
108/130	0.20/1.00	12063.98 secs	(13.958 secs)	0.949475	0.545988
108/130	0.25/1.00	12078.09 secs	(14.10377 secs)	0.984025	0.4964628
108/130	0.30/1.00	12092.39 secs	(14.3007 secs)	0.9648	0.4411506
108/130	0.35/1.00	12106.43 secs	(14.04702 secs)	0.99245	0.4176961
108/130	0.40/1.00	12120.39 secs	(13.95499 secs)	0.99565	0.389639
108/130	0.45/1.00	12134.68 secs	(14.29526 secs)	0.997275	0.3626452
108/130	0.50/1.00	12150.75 secs	(16.06412 secs)	0.99825	0.3352348
108/130	0.55/1.00	12166.81 secs	(16.06572 secs)	0.99875	0.3153682
108/130	0.60/1.00	12181.37 secs	(14.55741 secs)	0.998975	0.2994591
108/130	0.65/1.00	12197.89 secs	(16.51902 secs)	0.99955	0.2814546
108/130	0.70/1.00	12214.57 secs	(16.67936 secs)	0.99975	0.2695173
108/130	0.75/1.00	12228.87 secs	(14.29711 secs)	0.999825	0.2563943
108/130	0.80/1.00	12242.89 secs	(14.02745 secs)	0.99985	0.2410372
108/130	0.85/1.00	12257.30 secs	(14.40979 secs)	0.9998	0.2317453
108/130	0.90/1.00	12271.42 secs	(14.11855 secs)	0.999975	0.2233558
108/130	0.95/1.00	12285.61 secs	(14.18244 secs)	0.99995	0.2128105
108/130	1.00/1.00	12299.83 secs	(14.22773 secs)	0.99995	0.2064609


109/130	0.00/1.00	12314.32 secs	(14.49056 secs)	0.0041	0.6904167
109/130	0.05/1.00	12329.93 secs	(15.6032 secs)	0.05715	0.6916688
109/130	0.10/1.00	12346.21 secs	(16.28122 secs)	0.4087	0.6372858
109/130	0.15/1.00	12362.49 secs	(16.28508 secs)	0.8049	0.5840594
109/130	0.20/1.00	12379.66 secs	(17.16725 secs)	0.872575	0.5066335
109/130	0.25/1.00	12396.18 secs	(16.52041 secs)	0.98435	0.4956202
109/130	0.30/1.00	12412.37 secs	(16.19172 secs)	0.965775	0.4424889
109/130	0.35/1.00	12427.89 secs	(15.51714 secs)	0.94285	0.3973605
109/130	0.40/1.00	12443.18 secs	(15.29281 secs)	0.996025	0.388669
109/130	0.45/1.00	12458.87 secs	(15.68911 secs)	0.99715	0.3609793
109/130	0.50/1.00	12474.54 secs	(15.67209 secs)	0.97285	0.3329155
109/130	0.55/1.00	12490.28 secs	(15.74157 secs)	0.99885	0.3195942
109/130	0.60/1.00	12507.41 secs	(17.12285 secs)	0.99915	0.3000546
109/130	0.65/1.00	12525.09 secs	(17.67834 secs)	0.9995	0.2863408
109/130	0.70/1.00	12541.84 secs	(16.75816 secs)	0.9997	0.2722817
109/130	0.75/1.00	12559.59 secs	(17.74506 secs)	0.9998	0.2595263
109/130	0.80/1.00	12575.87 secs	(16.28545 secs)	0.9998	0.2446494
109/130	0.85/1.00	12591.07 secs	(15.19738 secs)	0.999875	0.2331288
109/130	0.90/1.00	12606.30 secs	(15.22837 secs)	0.999875	0.225227
109/130	0.95/1.00	12621.02 secs	(14.71676 secs)	1.000	0.2148
109/130	1.00/1.00	12636.76 secs	(15.74589 secs)	0.99995	0.2101857


110/130	0.00/1.00	12651.88 secs	(15.11239 secs)	0.0039	0.6233333
110/130	0.05/1.00	12667.62 secs	(15.74747 secs)	0.088525	0.6791684
110/130	0.10/1.00	12684.96 secs	(17.3374 secs)	0.451	0.6352649
110/130	0.15/1.00	12702.01 secs	(17.05376 secs)	0.8006	0.551874
110/130	0.20/1.00	12718.36 secs	(16.34815 secs)	0.9728	0.5449652
110/130	0.25/1.00	12735.62 secs	(17.25348 secs)	0.985125	0.4969787
110/130	0.30/1.00	12752.42 secs	(16.80027 secs)	0.9908	0.4555581
110/130	0.35/1.00	12768.09 secs	(15.67684 secs)	0.994025	0.4177382
110/130	0.40/1.00	12783.21 secs	(15.11798 secs)	0.995275	0.3927978
110/130	0.45/1.00	12798.35 secs	(15.14082 secs)	0.97225	0.3548607
110/130	0.50/1.00	12813.86 secs	(15.51294 secs)	0.99795	0.3400726
110/130	0.55/1.00	12828.69 secs	(14.82789 secs)	0.998725	0.318482
110/130	0.60/1.00	12844.42 secs	(15.7302 secs)	0.999225	0.3008554
110/130	0.65/1.00	12861.96 secs	(17.53936 secs)	0.999425	0.2855144
110/130	0.70/1.00	12878.87 secs	(16.90369 secs)	0.999675	0.2689883
110/130	0.75/1.00	12895.99 secs	(17.12702 secs)	0.999675	0.259286
110/130	0.80/1.00	12914.49 secs	(18.49464 secs)	0.999825	0.2453429
110/130	0.85/1.00	12930.36 secs	(15.86807 secs)	0.99975	0.2349319
110/130	0.90/1.00	12944.72 secs	(14.36222 secs)	0.999975	0.2214555
110/130	0.95/1.00	12958.76 secs	(14.04167 secs)	1.000	0.2141
110/130	1.00/1.00	12973.69 secs	(14.93522 secs)	1.000	0.2097


111/130	0.00/1.00	12988.18 secs	(14.4902 secs)	0.00375	0.6516667
111/130	0.05/1.00	13002.13 secs	(13.9416 secs)	0.048425	0.6378577
111/130	0.10/1.00	13016.38 secs	(14.25701 secs)	0.374475	0.5984393
111/130	0.15/1.00	13031.32 secs	(14.93204 secs)	0.866075	0.5828096
111/130	0.20/1.00	13047.43 secs	(16.11422 secs)	0.8748	0.4913705
111/130	0.25/1.00	13063.61 secs	(16.178 secs)	0.98655	0.4981606
111/130	0.30/1.00	13078.82 secs	(15.20779 secs)	0.991525	0.4575366
111/130	0.35/1.00	13095.54 secs	(16.72768 secs)	0.9937	0.4205
111/130	0.40/1.00	13111.36 secs	(15.81524 secs)	0.996575	0.3893549
111/130	0.45/1.00	13125.55 secs	(14.19327 secs)	0.99695	0.3637858
111/130	0.50/1.00	13139.53 secs	(13.97656 secs)	0.973225	0.3341183
111/130	0.55/1.00	13153.47 secs	(13.94433 secs)	0.998625	0.3192383
111/130	0.60/1.00	13167.67 secs	(14.20195 secs)	0.9989	0.304384
111/130	0.65/1.00	13181.52 secs	(13.84283 secs)	0.999375	0.2840282
111/130	0.70/1.00	13195.58 secs	(14.05928 secs)	0.9998	0.2721046
111/130	0.75/1.00	13210.72 secs	(15.14192 secs)	0.999775	0.2599342
111/130	0.80/1.00	13226.65 secs	(15.92841 secs)	0.999775	0.247629
111/130	0.85/1.00	13242.30 secs	(15.65408 secs)	0.99995	0.236887
111/130	0.90/1.00	13257.88 secs	(15.57854 secs)	0.99985	0.2257338
111/130	0.95/1.00	13274.51 secs	(16.63222 secs)	1.000	0.2172
111/130	1.00/1.00	13289.55 secs	(15.0344 secs)	0.999975	0.2070804


112/130	0.00/1.00	13303.26 secs	(13.71798 secs)	0.003825	0.6320833
112/130	0.05/1.00	13317.31 secs	(14.04319 secs)	0.05315	0.6794326
112/130	0.10/1.00	13331.42 secs	(14.11509 secs)	0.441175	0.6224549
112/130	0.15/1.00	13345.46 secs	(14.03963 secs)	0.852175	0.5707302
112/130	0.20/1.00	13359.34 secs	(13.87923 secs)	0.902475	0.5455399
112/130	0.25/1.00	13373.32 secs	(13.98312 secs)	0.983975	0.5013108
112/130	0.30/1.00	13388.46 secs	(15.13596 secs)	0.990575	0.4596079
112/130	0.35/1.00	13404.92 secs	(16.45984 secs)	0.968775	0.4138257
112/130	0.40/1.00	13421.36 secs	(16.43519 secs)	0.971425	0.3830872
112/130	0.45/1.00	13436.83 secs	(15.46972 secs)	0.9975	0.3627339
112/130	0.50/1.00	13452.98 secs	(16.15634 secs)	0.998125	0.3433932
112/130	0.55/1.00	13468.49 secs	(15.51109 secs)	0.99875	0.3216736
112/130	0.60/1.00	13482.76 secs	(14.26381 secs)	0.999125	0.3007394
112/130	0.65/1.00	13496.51 secs	(13.75849 secs)	0.999325	0.285791
112/130	0.70/1.00	13510.83 secs	(14.31181 secs)	0.999625	0.2727269
112/130	0.75/1.00	13525.14 secs	(14.31472 secs)	0.999675	0.263636
112/130	0.80/1.00	13539.32 secs	(14.18012 secs)	0.99985	0.2462367
112/130	0.85/1.00	13553.87 secs	(14.5461 secs)	0.999925	0.2378424
112/130	0.90/1.00	13569.42 secs	(15.55019 secs)	0.999975	0.2276565
112/130	0.95/1.00	13585.35 secs	(15.93481 secs)	1.000	0.22125
112/130	1.00/1.00	13601.03 secs	(15.6736 secs)	1.000	0.2116


113/130	0.00/1.00	13616.62 secs	(15.59136 secs)	0.00415	0.7129167
113/130	0.05/1.00	13633.29 secs	(16.67168 secs)	0.0729	0.7142718
113/130	0.10/1.00	13648.70 secs	(15.41062 secs)	0.475825	0.632349
113/130	0.15/1.00	13663.02 secs	(14.31815 secs)	0.866	0.6117945
113/130	0.20/1.00	13677.47 secs	(14.4542 secs)	0.947125	0.5378859
113/130	0.25/1.00	13691.73 secs	(14.25625 secs)	0.985475	0.4997993
113/130	0.30/1.00	13706.03 secs	(14.30351 secs)	0.99125	0.4597027
113/130	0.35/1.00	13720.46 secs	(14.42328 secs)	0.9949	0.422083
113/130	0.40/1.00	13734.82 secs	(14.36477 secs)	0.996375	0.3916966
113/130	0.45/1.00	13750.58 secs	(15.75974 secs)	0.9973	0.369653
113/130	0.50/1.00	13766.38 secs	(15.79784 secs)	0.99805	0.343615
113/130	0.55/1.00	13782.24 secs	(15.86663 secs)	0.99895	0.3210636
113/130	0.60/1.00	13797.82 secs	(15.5724 secs)	0.999025	0.304441
113/130	0.65/1.00	13813.83 secs	(16.01165 secs)	0.9994	0.290474
113/130	0.70/1.00	13828.90 secs	(15.0692 secs)	0.999525	0.2713817
113/130	0.75/1.00	13843.11 secs	(14.21109 secs)	0.999725	0.2619209
113/130	0.80/1.00	13857.07 secs	(13.96297 secs)	0.99995	0.2487632
113/130	0.85/1.00	13870.91 secs	(13.84271 secs)	0.9999	0.2375492
113/130	0.90/1.00	13885.80 secs	(14.88191 secs)	0.999925	0.2274923
113/130	0.95/1.00	13899.85 secs	(14.05735 secs)	0.999975	0.2204805
113/130	1.00/1.00	13913.89 secs	(14.03394 secs)	1.000	0.208575


114/130	0.00/1.00	13928.98 secs	(15.09463 secs)	0.00405	0.685
114/130	0.05/1.00	13945.05 secs	(16.06361 secs)	0.07095	0.6912605
114/130	0.10/1.00	13960.49 secs	(15.44189 secs)	0.4524	0.6377854
114/130	0.15/1.00	13976.65 secs	(16.1605 secs)	0.86875	0.5905125
114/130	0.20/1.00	13993.96 secs	(17.30933 secs)	0.928225	0.545751
114/130	0.25/1.00	14009.71 secs	(15.75747 secs)	0.962375	0.4986466
114/130	0.30/1.00	14023.92 secs	(14.20338 secs)	0.991325	0.4636957
114/130	0.35/1.00	14037.94 secs	(14.02508 secs)	0.969775	0.4164394
114/130	0.40/1.00	14052.41 secs	(14.46471 secs)	0.9712	0.3797407
114/130	0.45/1.00	14066.83 secs	(14.42401 secs)	0.997725	0.3657313
114/130	0.50/1.00	14080.85 secs	(14.01552 secs)	0.998325	0.3400958
114/130	0.55/1.00	14095.34 secs	(14.49141 secs)	0.9987	0.3247214
114/130	0.60/1.00	14110.25 secs	(14.91186 secs)	0.999375	0.3066684
114/130	0.65/1.00	14125.77 secs	(15.52337 secs)	0.999575	0.285697
114/130	0.70/1.00	14141.82 secs	(16.04239 secs)	0.999825	0.2766984
114/130	0.75/1.00	14157.93 secs	(16.10941 secs)	0.974725	0.2563559
114/130	0.80/1.00	14174.25 secs	(16.32437 secs)	0.99985	0.2518108
114/130	0.85/1.00	14189.60 secs	(15.35008 secs)	0.99985	0.2417106
114/130	0.90/1.00	14203.73 secs	(14.12889 secs)	1.000	0.23075
114/130	0.95/1.00	14217.92 secs	(14.18641 secs)	0.999875	0.2202533
114/130	1.00/1.00	14232.14 secs	(14.22787 secs)	0.999975	0.2096298


115/130	0.00/1.00	14246.60 secs	(14.45497 secs)	0.003825	0.650
115/130	0.05/1.00	14260.78 secs	(14.18284 secs)	0.064075	0.6979323
115/130	0.10/1.00	14275.04 secs	(14.25508 secs)	0.4564	0.6254887
115/130	0.15/1.00	14291.00 secs	(15.96142 secs)	0.8268	0.5646407
115/130	0.20/1.00	14307.51 secs	(16.51333 secs)	0.9637	0.5530587
115/130	0.25/1.00	14323.56 secs	(16.04561 secs)	0.985875	0.4993648
115/130	0.30/1.00	14339.62 secs	(16.05836 secs)	0.99115	0.4664323
115/130	0.35/1.00	14356.18 secs	(16.56238 secs)	0.99465	0.4207727
115/130	0.40/1.00	14372.21 secs	(16.03055 secs)	0.996775	0.3955249
115/130	0.45/1.00	14386.81 secs	(14.60159 secs)	0.997725	0.3653799
115/130	0.50/1.00	14401.49 secs	(14.68434 secs)	0.9985	0.3509788
115/130	0.55/1.00	14415.71 secs	(14.21987 secs)	0.9738	0.3128648
115/130	0.60/1.00	14429.66 secs	(13.94532 secs)	0.999275	0.3047972
115/130	0.65/1.00	14444.05 secs	(14.38627 secs)	0.99945	0.2881105
115/130	0.70/1.00	14458.04 secs	(13.99779 secs)	0.9996	0.2733841
115/130	0.75/1.00	14473.87 secs	(15.83064 secs)	0.999825	0.2640704
115/130	0.80/1.00	14490.20 secs	(16.3269 secs)	0.999875	0.250582
115/130	0.85/1.00	14505.78 secs	(15.57969 secs)	0.9999	0.2370734
115/130	0.90/1.00	14521.94 secs	(16.15852 secs)	0.99995	0.2289113
115/130	0.95/1.00	14538.90 secs	(16.95711 secs)	0.999925	0.2222419
115/130	1.00/1.00	14553.79 secs	(14.89086 secs)	1.000	0.212025


116/130	0.00/1.00	14567.67 secs	(13.88121 secs)	0.004225	0.6975
116/130	0.05/1.00	14581.92 secs	(14.24906 secs)	0.051225	0.7329564
116/130	0.10/1.00	14595.91 secs	(13.99391 secs)	0.4304	0.6419876
116/130	0.15/1.00	14610.17 secs	(14.26049 secs)	0.83995	0.6015977
116/130	0.20/1.00	14624.27 secs	(14.10198 secs)	0.920075	0.5289658
116/130	0.25/1.00	14638.41 secs	(14.13495 secs)	0.987025	0.5009571
116/130	0.30/1.00	14654.34 secs	(15.93096 secs)	0.96725	0.4516748
116/130	0.35/1.00	14670.52 secs	(16.18382 secs)	0.994475	0.4251824
116/130	0.40/1.00	14685.85 secs	(15.32366 secs)	0.996125	0.3953878
116/130	0.45/1.00	14702.60 secs	(16.75612 secs)	0.9972	0.3688816
116/130	0.50/1.00	14718.99 secs	(16.38784 secs)	0.9985	0.3428382
116/130	0.55/1.00	14733.49 secs	(14.49935 secs)	0.9988	0.3274192
116/130	0.60/1.00	14747.29 secs	(13.80177 secs)	0.974375	0.3131582
116/130	0.65/1.00	14761.68 secs	(14.39135 secs)	0.999475	0.2895776
116/130	0.70/1.00	14775.79 secs	(14.10959 secs)	0.99965	0.2752717
116/130	0.75/1.00	14789.80 secs	(14.00285 secs)	0.99975	0.2641677
116/130	0.80/1.00	14803.70 secs	(13.90717 secs)	1.000	0.250025
116/130	0.85/1.00	14818.42 secs	(14.71328 secs)	0.99995	0.2382623
116/130	0.90/1.00	14834.12 secs	(15.70237 secs)	0.99995	0.2278118
116/130	0.95/1.00	14850.50 secs	(16.3772 secs)	0.99995	0.2235614
116/130	1.00/1.00	14865.23 secs	(14.73321 secs)	1.000	0.211875


117/130	0.00/1.00	14882.23 secs	(17.0024 secs)	0.004025	0.6645833
117/130	0.05/1.00	14898.61 secs	(16.37712 secs)	0.061675	0.6953822
117/130	0.10/1.00	14912.74 secs	(14.12805 secs)	0.573375	0.6531268
117/130	0.15/1.00	14927.27 secs	(14.53519 secs)	0.8765	0.5913673
117/130	0.20/1.00	14941.40 secs	(14.12711 secs)	0.95085	0.5384087
117/130	0.25/1.00	14955.52 secs	(14.12537 secs)	0.964125	0.5095167
117/130	0.30/1.00	14969.48 secs	(13.9515 secs)	0.99195	0.4595743
117/130	0.35/1.00	14983.45 secs	(13.97072 secs)	0.970225	0.4120765
117/130	0.40/1.00	14998.32 secs	(14.87539 secs)	0.996475	0.3985741
117/130	0.45/1.00	15014.70 secs	(16.38145 secs)	0.997425	0.3681477
117/130	0.50/1.00	15030.72 secs	(16.01277 secs)	0.974025	0.3390987
117/130	0.55/1.00	15045.67 secs	(14.95412 secs)	0.973925	0.3192834
117/130	0.60/1.00	15062.44 secs	(16.77258 secs)	0.999225	0.3072618
117/130	0.65/1.00	15078.77 secs	(16.33166 secs)	0.9994	0.2919495
117/130	0.70/1.00	15093.27 secs	(14.49529 secs)	0.999575	0.277945
117/130	0.75/1.00	15107.48 secs	(14.21099 secs)	0.99985	0.2624133
117/130	0.80/1.00	15121.45 secs	(13.96901 secs)	0.99985	0.2536638
117/130	0.85/1.00	15135.58 secs	(14.12837 secs)	0.999875	0.243281
117/130	0.90/1.00	15149.65 secs	(14.07263 secs)	0.999975	0.2320806
117/130	0.95/1.00	15163.51 secs	(13.85839 secs)	1.000	0.222825
117/130	1.00/1.00	15179.32 secs	(15.80781 secs)	1.000	0.2134


118/130	0.00/1.00	15195.65 secs	(16.32831 secs)	0.0041	0.6833333
118/130	0.05/1.00	15211.78 secs	(16.13859 secs)	0.065225	0.6704466
118/130	0.10/1.00	15227.92 secs	(16.14022 secs)	0.445375	0.6049699
118/130	0.15/1.00	15244.89 secs	(16.96761 secs)	0.8407	0.5936411
118/130	0.20/1.00	15260.25 secs	(15.3575 secs)	0.927225	0.5262415
118/130	0.25/1.00	15274.61 secs	(14.35646 secs)	0.96165	0.493737
118/130	0.30/1.00	15288.70 secs	(14.09394 secs)	0.9667	0.4724038
118/130	0.35/1.00	15302.79 secs	(14.09219 secs)	0.9703	0.4143047
118/130	0.40/1.00	15316.87 secs	(14.07674 secs)	0.996875	0.3945805
118/130	0.45/1.00	15331.50 secs	(14.63255 secs)	0.9974	0.3695645
118/130	0.50/1.00	15345.68 secs	(14.18224 secs)	0.998475	0.3530644
118/130	0.55/1.00	15361.51 secs	(15.83102 secs)	0.9989	0.3262861
118/130	0.60/1.00	15378.15 secs	(16.63789 secs)	0.9993	0.3099898
118/130	0.65/1.00	15393.40 secs	(15.24322 secs)	0.99955	0.295533
118/130	0.70/1.00	15409.57 secs	(16.17494 secs)	0.9996	0.2766358
118/130	0.75/1.00	15426.42 secs	(16.85155 secs)	0.9997	0.2667303
118/130	0.80/1.00	15441.69 secs	(15.26573 secs)	0.999875	0.2529563
118/130	0.85/1.00	15455.88 secs	(14.1942 secs)	0.999775	0.2416791
118/130	0.90/1.00	15470.05 secs	(14.17234 secs)	0.999975	0.2316297
118/130	0.95/1.00	15484.85 secs	(14.79071 secs)	0.99995	0.2205366
118/130	1.00/1.00	15499.17 secs	(14.32923 secs)	1.000	0.2135


119/130	0.00/1.00	15513.58 secs	(14.40797 secs)	0.00395	0.690
119/130	0.05/1.00	15527.61 secs	(14.02956 secs)	0.06175	0.6605905
119/130	0.10/1.00	15543.44 secs	(15.8282 secs)	0.590275	0.6367633
119/130	0.15/1.00	15560.17 secs	(16.73486 secs)	0.83545	0.5755067
119/130	0.20/1.00	15575.55 secs	(15.37045 secs)	0.973875	0.5502846
119/130	0.25/1.00	15592.00 secs	(16.45338 secs)	0.987525	0.5058263
119/130	0.30/1.00	15608.28 secs	(16.27916 secs)	0.991775	0.463129
119/130	0.35/1.00	15623.33 secs	(15.05124 secs)	0.971025	0.4327493
119/130	0.40/1.00	15637.73 secs	(14.40534 secs)	0.996225	0.3987542
119/130	0.45/1.00	15652.11 secs	(14.37818 secs)	0.997575	0.3725277
119/130	0.50/1.00	15665.96 secs	(13.84706 secs)	0.998425	0.3526571
119/130	0.55/1.00	15680.55 secs	(14.58961 secs)	0.99885	0.3300099
119/130	0.60/1.00	15695.01 secs	(14.46055 secs)	0.99935	0.3133293
119/130	0.65/1.00	15709.66 secs	(14.64833 secs)	0.9745	0.2908051
119/130	0.70/1.00	15725.83 secs	(16.17656 secs)	0.9997	0.2790596
119/130	0.75/1.00	15741.69 secs	(15.85424 secs)	0.99985	0.263591
119/130	0.80/1.00	15757.15 secs	(15.45735 secs)	0.999925	0.2548696
119/130	0.85/1.00	15774.15 secs	(17.00617 secs)	0.99995	0.2393865
119/130	0.90/1.00	15790.60 secs	(16.44723 secs)	0.999925	0.2320422
119/130	0.95/1.00	15804.93 secs	(14.32996 secs)	1.000	0.2272
119/130	1.00/1.00	15818.80 secs	(13.87123 secs)	0.999975	0.2158058


120/130	0.00/1.00	15832.82 secs	(14.01549 secs)	0.004325	0.70375
120/130	0.05/1.00	15847.03 secs	(14.21394 secs)	0.069575	0.6619511
120/130	0.10/1.00	15861.07 secs	(14.03915 secs)	0.542925	0.6317608
120/130	0.15/1.00	15875.21 secs	(14.14475 secs)	0.881075	0.5985577
120/130	0.20/1.00	15890.70 secs	(15.4828 secs)	0.952975	0.5590164
120/130	0.25/1.00	15906.61 secs	(15.91639 secs)	0.987825	0.5099083
120/130	0.30/1.00	15922.24 secs	(15.6297 secs)	0.9679	0.4647129
120/130	0.35/1.00	15937.28 secs	(15.03226 secs)	0.99515	0.4310437
120/130	0.40/1.00	15953.87 secs	(16.59033 secs)	0.971525	0.3892668
120/130	0.45/1.00	15969.56 secs	(15.69655 secs)	0.997925	0.3723737
120/130	0.50/1.00	15983.89 secs	(14.32586 secs)	0.99815	0.3485978
120/130	0.55/1.00	15998.85 secs	(14.96451 secs)	0.999	0.3266272
120/130	0.60/1.00	16013.27 secs	(14.41362 secs)	0.9991	0.3100792
120/130	0.65/1.00	16027.79 secs	(14.51908 secs)	0.9995	0.2983508
120/130	0.70/1.00	16042.40 secs	(14.61234 secs)	0.999625	0.281507
120/130	0.75/1.00	16057.06 secs	(14.66247 secs)	0.99985	0.2670908
120/130	0.80/1.00	16072.34 secs	(15.27603 secs)	0.999925	0.2577446
120/130	0.85/1.00	16088.67 secs	(16.33105 secs)	0.999875	0.2406799
120/130	0.90/1.00	16103.92 secs	(15.24965 secs)	0.999975	0.2347807
120/130	0.95/1.00	16119.70 secs	(15.78581 secs)	0.99995	0.229612
120/130	1.00/1.00	16136.34 secs	(16.63287 secs)	0.999975	0.2137554


121/130	0.00/1.00	16151.39 secs	(15.0512 secs)	0.003925	0.6425
121/130	0.05/1.00	16165.90 secs	(14.50979 secs)	0.08775	0.6719468
121/130	0.10/1.00	16180.40 secs	(14.50218 secs)	0.5425	0.6357793
121/130	0.15/1.00	16195.14 secs	(14.73872 secs)	0.897425	0.5974912
121/130	0.20/1.00	16209.23 secs	(14.09254 secs)	0.9538	0.5434285
121/130	0.25/1.00	16223.78 secs	(14.55313 secs)	0.961875	0.4909871
121/130	0.30/1.00	16238.57 secs	(14.78821 secs)	0.943325	0.4447453
121/130	0.35/1.00	16253.98 secs	(15.41282 secs)	0.970925	0.4200632
121/130	0.40/1.00	16269.97 secs	(15.9809 secs)	0.997075	0.3994916
121/130	0.45/1.00	16285.19 secs	(15.22516 secs)	0.9731	0.3682263
121/130	0.50/1.00	16301.14 secs	(15.94797 secs)	0.998275	0.348625
121/130	0.55/1.00	16317.79 secs	(16.64758 secs)	0.998875	0.3338034
121/130	0.60/1.00	16332.74 secs	(14.95885 secs)	0.9993	0.3159957
121/130	0.65/1.00	16347.70 secs	(14.95933 secs)	0.999525	0.2948412
121/130	0.70/1.00	16362.10 secs	(14.39378 secs)	0.999625	0.2845084
121/130	0.75/1.00	16376.29 secs	(14.18816 secs)	0.999625	0.2707763
121/130	0.80/1.00	16390.82 secs	(14.5365 secs)	0.99985	0.256263
121/130	0.85/1.00	16405.22 secs	(14.39486 secs)	0.99985	0.2443628
121/130	0.90/1.00	16419.67 secs	(14.45134 secs)	0.99985	0.2345609
121/130	0.95/1.00	16435.30 secs	(15.63233 secs)	0.999925	0.2276414
121/130	1.00/1.00	16451.69 secs	(16.38972 secs)	0.999975	0.2205048


122/130	0.00/1.00	16467.04 secs	(15.35341 secs)	0.00415	0.665
122/130	0.05/1.00	16484.08 secs	(17.04038 secs)	0.088975	0.7148994
122/130	0.10/1.00	16500.40 secs	(16.31074 secs)	0.52605	0.6445656
122/130	0.15/1.00	16514.61 secs	(14.21672 secs)	0.85435	0.5784933
122/130	0.20/1.00	16528.76 secs	(14.14628 secs)	0.92755	0.5611157
122/130	0.25/1.00	16543.06 secs	(14.30572 secs)	0.9648	0.4960693
122/130	0.30/1.00	16557.19 secs	(14.12237 secs)	0.967675	0.4562357
122/130	0.35/1.00	16571.46 secs	(14.27524 secs)	0.99585	0.4331669
122/130	0.40/1.00	16585.95 secs	(14.48675 secs)	0.97205	0.3904684
122/130	0.45/1.00	16600.59 secs	(14.64207 secs)	0.99805	0.3717962
122/130	0.50/1.00	16616.47 secs	(15.88002 secs)	0.9987	0.3537654
122/130	0.55/1.00	16632.35 secs	(15.87977 secs)	0.998925	0.3289527
122/130	0.60/1.00	16647.73 secs	(15.37502 secs)	0.999225	0.3150694
122/130	0.65/1.00	16663.92 secs	(16.1916 secs)	0.99975	0.2958242
122/130	0.70/1.00	16679.67 secs	(15.75175 secs)	0.999675	0.2821416
122/130	0.75/1.00	16693.75 secs	(14.07824 secs)	0.999825	0.2687721
122/130	0.80/1.00	16707.69 secs	(13.94079 secs)	0.999975	0.2534063
122/130	0.85/1.00	16721.49 secs	(13.80452 secs)	0.999875	0.2437799
122/130	0.90/1.00	16735.87 secs	(14.37536 secs)	1.000	0.235725
122/130	0.95/1.00	16750.24 secs	(14.37329 secs)	0.999975	0.227106
122/130	1.00/1.00	16764.06 secs	(13.81741 secs)	1.000	0.218425


123/130	0.00/1.00	16778.98 secs	(14.92214 secs)	0.004325	0.7175
123/130	0.05/1.00	16794.66 secs	(15.68071 secs)	0.067425	0.6286848
123/130	0.10/1.00	16810.73 secs	(16.06411 secs)	0.5448	0.6361317
123/130	0.15/1.00	16827.11 secs	(16.38511 secs)	0.8406	0.6021143
123/130	0.20/1.00	16843.83 secs	(16.71868 secs)	0.928525	0.5270923
123/130	0.25/1.00	16859.25 secs	(15.42274 secs)	0.988525	0.512852
123/130	0.30/1.00	16873.57 secs	(14.31391 secs)	0.94325	0.4471048
123/130	0.35/1.00	16887.57 secs	(14.00016 secs)	0.995075	0.4350126
123/130	0.40/1.00	16901.90 secs	(14.33077 secs)	0.997125	0.404243
123/130	0.45/1.00	16916.18 secs	(14.27861 secs)	0.9979	0.3753816
123/130	0.50/1.00	16930.23 secs	(14.05919 secs)	0.99835	0.3507506
123/130	0.55/1.00	16944.27 secs	(14.03852 secs)	0.9992	0.3318661
123/130	0.60/1.00	16959.40 secs	(15.12437 secs)	0.999125	0.3101177
123/130	0.65/1.00	16975.29 secs	(15.88832 secs)	0.999675	0.3016235
123/130	0.70/1.00	16990.84 secs	(15.55105 secs)	0.9998	0.2827574
123/130	0.75/1.00	17006.42 secs	(15.57923 secs)	0.9997	0.2684808
123/130	0.80/1.00	17023.04 secs	(16.62728 secs)	0.999725	0.2563965
123/130	0.85/1.00	17038.32 secs	(15.27774 secs)	0.999975	0.2405808
123/130	0.90/1.00	17051.89 secs	(13.57133 secs)	0.999975	0.2356312
123/130	0.95/1.00	17066.47 secs	(14.57387 secs)	0.9999	0.2275229
123/130	1.00/1.00	17080.27 secs	(13.80881 secs)	0.999975	0.2215805


124/130	0.00/1.00	17094.47 secs	(14.19064 secs)	0.0045	0.74375
124/130	0.05/1.00	17108.63 secs	(14.1691 secs)	0.08585	0.6686058
124/130	0.10/1.00	17122.70 secs	(14.06425 secs)	0.535375	0.6274094
124/130	0.15/1.00	17138.00 secs	(15.30579 secs)	0.87455	0.6084099
124/130	0.20/1.00	17153.67 secs	(15.66789 secs)	0.978425	0.5635361
124/130	0.25/1.00	17169.15 secs	(15.48125 secs)	0.9647	0.5133758
124/130	0.30/1.00	17185.13 secs	(15.9736 secs)	0.993275	0.465028
124/130	0.35/1.00	17201.77 secs	(16.64415 secs)	0.99535	0.4351701
124/130	0.40/1.00	17216.69 secs	(14.92341 secs)	0.9715	0.3909887
124/130	0.45/1.00	17230.81 secs	(14.11079 secs)	0.997925	0.3776596
124/130	0.50/1.00	17245.01 secs	(14.20907 secs)	0.9987	0.3515322
124/130	0.55/1.00	17259.36 secs	(14.34113 secs)	0.999225	0.3335825
124/130	0.60/1.00	17273.28 secs	(13.9263 secs)	0.999425	0.3109295
124/130	0.65/1.00	17286.91 secs	(13.62443 secs)	0.999475	0.3013362
124/130	0.70/1.00	17301.17 secs	(14.26553 secs)	0.9996	0.2860156
124/130	0.75/1.00	17316.73 secs	(15.55977 secs)	0.99975	0.2721416
124/130	0.80/1.00	17332.39 secs	(15.65319 secs)	0.9999	0.2558253
124/130	0.85/1.00	17347.56 secs	(15.17294 secs)	0.99995	0.249087
124/130	0.90/1.00	17363.84 secs	(16.28431 secs)	1.000	0.2426
124/130	0.95/1.00	17380.25 secs	(16.4115 secs)	0.999975	0.2292806
124/130	1.00/1.00	17395.01 secs	(14.7595 secs)	1.000	0.2157


125/130	0.00/1.00	17409.51 secs	(14.49956 secs)	0.004425	0.70875
125/130	0.05/1.00	17423.20 secs	(13.68976 secs)	0.067225	0.7024916
125/130	0.10/1.00	17437.30 secs	(14.09611 secs)	0.497375	0.6226001
125/130	0.15/1.00	17451.99 secs	(14.6943 secs)	0.8682	0.5978583
125/130	0.20/1.00	17466.15 secs	(14.16024 secs)	0.948725	0.5462855
125/130	0.25/1.00	17480.17 secs	(14.01609 secs)	0.963625	0.495849
125/130	0.30/1.00	17495.75 secs	(15.57727 secs)	0.99305	0.469262
125/130	0.35/1.00	17511.66 secs	(15.91273 secs)	0.995775	0.4292919
125/130	0.40/1.00	17526.64 secs	(14.98429 secs)	0.996775	0.4060078
125/130	0.45/1.00	17543.13 secs	(16.49088 secs)	0.973125	0.3698209
125/130	0.50/1.00	17559.60 secs	(16.46416 secs)	0.998425	0.354109
125/130	0.55/1.00	17574.30 secs	(14.70572 secs)	0.99915	0.3358121
125/130	0.60/1.00	17588.04 secs	(13.73691 secs)	0.999325	0.3181159
125/130	0.65/1.00	17602.47 secs	(14.43111 secs)	0.999425	0.3027747
125/130	0.70/1.00	17616.42 secs	(13.94891 secs)	0.999725	0.2855789
125/130	0.75/1.00	17630.62 secs	(14.2007 secs)	0.9998	0.2727047
125/130	0.80/1.00	17644.95 secs	(14.32575 secs)	0.999975	0.2601314
125/130	0.85/1.00	17659.19 secs	(14.24146 secs)	0.999875	0.2474326
125/130	0.90/1.00	17674.31 secs	(15.11991 secs)	0.975	0.2308061
125/130	0.95/1.00	17690.39 secs	(16.08467 secs)	1.000	0.227625
125/130	1.00/1.00	17705.96 secs	(15.57039 secs)	1.000	0.21805


126/130	0.00/1.00	17722.34 secs	(16.37381 secs)	0.00425	0.705
126/130	0.05/1.00	17739.08 secs	(16.74526 secs)	0.0694	0.680608
126/130	0.10/1.00	17753.87 secs	(14.78513 secs)	0.5145	0.6577047
126/130	0.15/1.00	17768.26 secs	(14.3918 secs)	0.8784	0.5977358
126/130	0.20/1.00	17782.45 secs	(14.18563 secs)	0.95445	0.5464256
126/130	0.25/1.00	17796.52 secs	(14.07688 secs)	0.989475	0.5126925
126/130	0.30/1.00	17810.73 secs	(14.20725 secs)	0.993625	0.4743996
126/130	0.35/1.00	17825.12 secs	(14.38858 secs)	0.995325	0.4382668
126/130	0.40/1.00	17840.49 secs	(15.36782 secs)	0.997	0.4052905
126/130	0.45/1.00	17856.83 secs	(16.33914 secs)	0.99795	0.3800563
126/130	0.50/1.00	17872.90 secs	(16.07777 secs)	0.998675	0.3518147
126/130	0.55/1.00	17888.27 secs	(15.36377 secs)	0.999	0.3318315
126/130	0.60/1.00	17904.77 secs	(16.50698 secs)	0.9995	0.314456
126/130	0.65/1.00	17920.60 secs	(15.83064 secs)	0.97445	0.2904719
126/130	0.70/1.00	17934.29 secs	(13.68267 secs)	0.999825	0.2853759
126/130	0.75/1.00	17948.23 secs	(13.94602 secs)	0.999975	0.2732066
126/130	0.80/1.00	17962.53 secs	(14.29473 secs)	0.999875	0.2601331
126/130	0.85/1.00	17976.87 secs	(14.34381 secs)	0.999925	0.2481434
126/130	0.90/1.00	17991.25 secs	(14.37464 secs)	0.999875	0.2384053
126/130	0.95/1.00	18005.32 secs	(14.07145 secs)	0.99995	0.2309116
126/130	1.00/1.00	18021.01 secs	(15.69334 secs)	1.000	0.220025


127/130	0.00/1.00	18036.74 secs	(15.73298 secs)	0.004475	0.71375
127/130	0.05/1.00	18052.39 secs	(15.64561 secs)	0.090775	0.6794191
127/130	0.10/1.00	18068.53 secs	(16.13611 secs)	0.57115	0.6365721
127/130	0.15/1.00	18085.38 secs	(16.84901 secs)	0.939025	0.6174689
127/130	0.20/1.00	18100.42 secs	(15.04099 secs)	0.97945	0.5633094
127/130	0.25/1.00	18114.71 secs	(14.29868 secs)	0.98865	0.5130614
127/130	0.30/1.00	18129.15 secs	(14.43374 secs)	0.992875	0.4717622
127/130	0.35/1.00	18143.26 secs	(14.10827 secs)	0.971475	0.427682
127/130	0.40/1.00	18157.58 secs	(14.3252 secs)	0.99665	0.4053936
127/130	0.45/1.00	18172.07 secs	(14.48782 secs)	0.9731	0.3708746
127/130	0.50/1.00	18186.26 secs	(14.19492 secs)	0.99885	0.3552586
127/130	0.55/1.00	18201.85 secs	(15.58459 secs)	0.999075	0.3364885
127/130	0.60/1.00	18218.21 secs	(16.36418 secs)	0.99945	0.3201254
127/130	0.65/1.00	18233.15 secs	(14.93154 secs)	0.999675	0.3038502
127/130	0.70/1.00	18249.64 secs	(16.49481 secs)	0.9997	0.284488
127/130	0.75/1.00	18266.40 secs	(16.75837 secs)	0.99975	0.2758437
127/130	0.80/1.00	18281.17 secs	(14.76766 secs)	0.999875	0.2607072
127/130	0.85/1.00	18295.37 secs	(14.20906 secs)	0.999975	0.2509066
127/130	0.90/1.00	18310.22 secs	(14.84925 secs)	0.999925	0.2395178
127/130	0.95/1.00	18324.51 secs	(14.28772 secs)	0.999975	0.2286058
127/130	1.00/1.00	18338.62 secs	(14.10746 secs)	0.999975	0.2216558


128/130	0.00/1.00	18353.09 secs	(14.47389 secs)	0.00465	0.75125
128/130	0.05/1.00	18367.86 secs	(14.77023 secs)	0.06645	0.6896322
128/130	0.10/1.00	18384.16 secs	(16.29769 secs)	0.483575	0.6224132
128/130	0.15/1.00	18400.82 secs	(16.65714 secs)	0.8927	0.5975617
128/130	0.20/1.00	18415.61 secs	(14.79371 secs)	0.955075	0.5667817
128/130	0.25/1.00	18432.56 secs	(16.94465 secs)	0.9894	0.5157424
128/130	0.30/1.00	18449.76 secs	(17.20736 secs)	0.992975	0.4758356
128/130	0.35/1.00	18463.67 secs	(13.90844 secs)	0.995375	0.4357342
128/130	0.40/1.00	18477.25 secs	(13.58236 secs)	0.997	0.4049465
128/130	0.45/1.00	18491.32 secs	(14.06795 secs)	0.997975	0.3794188
128/130	0.50/1.00	18505.38 secs	(14.05481 secs)	0.998975	0.3572428
128/130	0.55/1.00	18519.23 secs	(13.85034 secs)	0.9992	0.3357941
128/130	0.60/1.00	18533.49 secs	(14.26263 secs)	0.99925	0.3168416
128/130	0.65/1.00	18548.15 secs	(14.65505 secs)	0.999525	0.3043198
128/130	0.70/1.00	18564.05 secs	(15.90119 secs)	0.999625	0.2843804
128/130	0.75/1.00	18580.29 secs	(16.24462 secs)	0.999775	0.2719614
128/130	0.80/1.00	18595.47 secs	(15.18318 secs)	0.999825	0.2614957
128/130	0.85/1.00	18611.99 secs	(16.5148 secs)	0.9999	0.2502997
128/130	0.90/1.00	18628.10 secs	(16.11062 secs)	1.000	0.242175
128/130	0.95/1.00	18642.20 secs	(14.10428 secs)	0.999975	0.2315556
128/130	1.00/1.00	18656.56 secs	(14.35981 secs)	1.000	0.224825


129/130	0.00/1.00	18670.86 secs	(14.29405 secs)	0.004475	0.7254167
129/130	0.05/1.00	18685.06 secs	(14.197 secs)	0.08635	0.6996832
129/130	0.10/1.00	18699.05 secs	(13.99215 secs)	0.551475	0.6331756
129/130	0.15/1.00	18712.93 secs	(13.88161 secs)	0.83995	0.5823223
129/130	0.20/1.00	18728.87 secs	(15.94075 secs)	0.95365	0.5477377
129/130	0.25/1.00	18744.76 secs	(15.89002 secs)	0.964225	0.5025855
129/130	0.30/1.00	18759.86 secs	(15.09894 secs)	0.993375	0.4705351
129/130	0.35/1.00	18776.28 secs	(16.41736 secs)	0.995975	0.4373274
129/130	0.40/1.00	18792.83 secs	(16.55536 secs)	0.997075	0.4069849
129/130	0.45/1.00	18807.42 secs	(14.59322 secs)	0.998075	0.3792263
129/130	0.50/1.00	18821.91 secs	(14.48767 secs)	0.999025	0.3558214
129/130	0.55/1.00	18835.91 secs	(13.99601 secs)	0.9992	0.3374223
129/130	0.60/1.00	18850.02 secs	(14.11493 secs)	0.999225	0.3206458
129/130	0.65/1.00	18864.08 secs	(14.06138 secs)	0.9996	0.3049964
129/130	0.70/1.00	18878.86 secs	(14.7801 secs)	0.99975	0.2878712
129/130	0.75/1.00	18892.83 secs	(13.96913 secs)	0.99985	0.2750403
129/130	0.80/1.00	18908.78 secs	(15.94604 secs)	1.000	0.262325
129/130	0.85/1.00	18925.41 secs	(16.6274 secs)	0.9999	0.2521007
129/130	0.90/1.00	18940.30 secs	(14.89519 secs)	0.9999	0.2391987
129/130	0.95/1.00	18956.71 secs	(16.40723 secs)	1.000	0.2337
129/130	1.00/1.00	18973.88 secs	(17.16913 secs)	0.999975	0.2248308


130/130	0.00/1.00	18988.03 secs	(14.15138 secs)	0.003825	0.69125
130/130	0.05/1.00	19001.98 secs	(13.9503 secs)	0.089725	0.6849294
130/130	0.10/1.00	19016.56 secs	(14.57531 secs)	0.56095	0.641877
130/130	0.15/1.00	19031.04 secs	(14.48456 secs)	0.928025	0.6164625
130/130	0.20/1.00	19045.11 secs	(14.0649 secs)	0.952675	0.5496628
130/130	0.25/1.00	19059.18 secs	(14.07662 secs)	0.9911	0.5196524
130/130	0.30/1.00	19074.15 secs	(14.97293 secs)	0.993875	0.4762972
130/130	0.35/1.00	19090.20 secs	(16.04772 secs)	0.995925	0.439644
130/130	0.40/1.00	19106.49 secs	(16.29081 secs)	0.99705	0.4082519
130/130	0.45/1.00	19121.83 secs	(15.33722 secs)	0.998	0.3827705
130/130	0.50/1.00	19138.37 secs	(16.53727 secs)	0.998675	0.3618766
130/130	0.55/1.00	19154.11 secs	(15.74721 secs)	0.99885	0.3372373
130/130	0.60/1.00	19168.50 secs	(14.38272 secs)	0.999275	0.3214072
130/130	0.65/1.00	19182.43 secs	(13.92941 secs)	0.999775	0.3052183
130/130	0.70/1.00	19196.38 secs	(13.9569 secs)	0.999825	0.2900743
130/130	0.75/1.00	19211.36 secs	(14.97493 secs)	0.999825	0.2732738
130/130	0.80/1.00	19225.83 secs	(14.47591 secs)	0.999875	0.2641087
130/130	0.85/1.00	19240.03 secs	(14.19955 secs)	0.99995	0.2542372
130/130	0.90/1.00	19255.80 secs	(15.76581 secs)	0.999875	0.2385292
130/130	0.95/1.00	19272.80 secs	(17.00437 secs)	0.999975	0.2305311
130/130	1.00/1.00	19288.54 secs	(15.73298 secs)	1.000	0.22465


> write.table(idcs, file = 'idcs.txt', row.names = F, col.names = F)
> write.table(prps, file = 'prps.txt', row.names = F, col.names = F)
> 
> proc.time()
     user    system   elapsed 
325077.15  12163.91  19471.89 
