
R version 4.3.0 (2023-04-21) -- "Already Tomorrow"
Copyright (C) 2023 The R Foundation for Statistical Computing
Platform: x86_64-pc-linux-gnu (64-bit)

R is free software and comes with ABSOLUTELY NO WARRANTY.
You are welcome to redistribute it under certain conditions.
Type 'license()' or 'licence()' for distribution details.

  Natural language support but running in an English locale

R is a collaborative project with many contributors.
Type 'contributors()' for more information and
'citation()' on how to cite R or R packages in publications.

Type 'demo()' for some demos, 'help()' for on-line help, or
'help.start()' for an HTML browser interface to help.
Type 'q()' to quit R.

> rm(list = ls())
> gc()
         used (Mb) gc trigger (Mb) max used (Mb)
Ncells 284765 15.3     664565 35.5   464468 24.9
Vcells 490458  3.8    8388608 64.0  1837328 14.1
> library(dplyr)

Attaching package: ‘dplyr’

The following objects are masked from ‘package:stats’:

    filter, lag

The following objects are masked from ‘package:base’:

    intersect, setdiff, setequal, union

> library(foreach)
> library(doParallel)
Loading required package: iterators
Loading required package: parallel
> 
> # Set up the number of cores used for parallelization.
> message(detectCores())
32
> num_cores <- 32
> registerDoParallel(num_cores)
> 
> #########################
> #### SEIR Simulation ####
> #########################
> time <- 365 # Number of days.
> inf <- 7 # Average infectious period length.
> N <- 1000 # Population size.
> 
> create_hh <- function() {
+   # Randomly sample household sizes such that total population is 1000 
+   # individuals.
+   hh_size <- sample(x = c(3, 4, 5, 6), size = 340, replace = T)
+   
+   # Keep households such that total population is < 1000.
+   hh_size <- hh_size[which(cumsum(hh_size) < N)]
+   
+   leftover <- N - sum(hh_size)
+   if (leftover < 3) {
+     hh <- 1:length(hh_size)
+     sampled <- sample(hh[hh_size < 6], leftover)
+     hh_size[sampled] <- hh_size[sampled] + 1
+   } else {
+     hh_size <- c(hh_size, leftover)
+   }
+   return(hh_size)
+ }
> 
> SEIR_mix <- function(params, inf = 7, verbose = F) {
+   hh_size <- create_hh()
+   
+   # Create frame for running the simulation.
+   # ID: ID of individual.
+   # SIZE: size of individual's household.
+   # HH: ID of individual's household.
+   # S: susceptibility status.
+   # E: exposed status.
+   # E_count: number of days since exposed.
+   # I: infectious status.
+   # I_count: number of days since infectious.
+   # R: recovered status.
+   # INC: incubation period.
+   # INF: infectious period.
+   data <- data.frame(ID = 1:N,
+                      SIZE = rep(hh_size, times = hh_size),
+                      HH = rep(1:length(hh_size), times = hh_size), 
+                      S = c(0, rep(1, N - 1)), 
+                      E = c(1, rep(0, N - 1)),
+                      E_count = c(1, rep(0, N - 1)), 
+                      I = 0,
+                      I_count = 0, 
+                      R = 0, 
+                      INC = c(rlnorm(1, meanlog = log(29.8), sdlog = 0.45), rep(0, N - 1)),
+                      INF = 0)
+   
+   # Create frame for storing results.
+   # ID: ID of individual.
+   # SIZE: size of individual's household.
+   # HH: ID of individual's household.
+   # TYPE: the kind of infection: household (H), community (C), or both (B).
+   # TIME: when the individual became infectious.
+   # S_NUM: number of susceptible people in individual's household when their 
+   #        infectious period begins.
+   # I_NUM: number of people in household that this individual infected over 
+   #        their infectious period.
+   results <- data[, 1:3] %>% mutate(TYPE = NA, TIME = NA, S_NUM = NA, I_NUM = 0)
+   results$TYPE[1] <- '0'
+   
+   for(t in 1:time) {
+     if (verbose) {
+       if (t %% 10 == 0) {
+         cat(paste0(t, ' '))
+       }
+     }
+     
+     # Anyone who has been infectious for as many days as their infectious period
+     # is now recovered.
+     recovered <- (data$INF > 0) & (data$I_count == data$INF)
+     if(sum(recovered, na.rm = T) > 0) {
+       data$R[recovered] <- 1
+       data$I[recovered] <- 0
+       data$I_count[recovered] <- 0 
+     }
+     
+     new_inf <- (data$INC > 0) & (data$E_count == data$INC)
+     num_new_inf <- sum(new_inf, na.rm = T)
+     if(num_new_inf > 0) {
+       # Change status to newly infectious and add infectious period.
+       data$I[new_inf] <- 1
+       random_inf <- rnorm(num_new_inf, mean = inf, sd = 1) %>% round()
+       data$INF[new_inf] <- random_inf
+       
+       # Remove exposure status and exposure count.
+       data$E[new_inf] <- 0
+       data$E_count[new_inf] <- 0 
+       
+       # Record time at which infectious period starts.
+       results$TIME[new_inf] <- t
+       
+       # Save the number of susceptible people in each infectious individual's 
+       # household.
+       S_data <- data %>% group_by(HH) %>% 
+         mutate(S_TOT = sum(S)) %>% 
+         select(HH, S_TOT)
+       results$S_NUM[new_inf == 1] <- S_data$S_TOT[new_inf == 1]
+     }
+     
+     # I_H is the number of infections inside each household.
+     # I_C is the number of infections outside each household.
+     I_data <- data %>% group_by(HH) %>% 
+       mutate(I_H = sum(I)) %>% 
+       ungroup() %>% 
+       mutate(I_C = sum(I) - I_H)
+     
+     beta_H <- params[1]
+     beta_C <- params[2]
+     beta_E <- params[3]
+     risk_H <- pmin(beta_H * data$S * I_data$I_H / N, 1)
+     risk_C <- pmin(beta_C * data$S * I_data$I_C / N, 1)
+     risk_E <- pmin(beta_E * data$S, 1)
+ 
+     new_inf_H <- rbinom(N, 1, risk_H)
+     new_inf_C <- rbinom(N, 1, risk_C)
+     new_inf_E <- rbinom(N, 1, risk_E)
+     new_exposed <- (new_inf_H == 1) | (new_inf_C == 1) | (new_inf_E == 1)
+     num_new_exposed <- sum(new_exposed, na.rm = T)
+     if (num_new_exposed > 0) {
+       # Change status to newly exposed and add incubation period.
+       data$E[new_exposed] <- 1
+       random_inc <- rlnorm(num_new_exposed, meanlog = log(29.8), sdlog = 0.45) %>% round()
+       data$INC[new_exposed] <- random_inc
+       
+       # Remove susceptible status.
+       data$S[new_exposed] <- 0
+       
+       # Get number of new infections in each household.
+       I_data <- I_data %>%
+         select(ID, HH, I, I_H) %>%
+         mutate(new_I_H = new_inf_H) %>%
+         group_by(HH) %>%
+         # Find households with at least 1 currently infectious individual. If 
+         # exactly 1 infectious individual in household, assign all new H 
+         # exposures to that individual. If there are multiple infectious 
+         # individuals, assign all infections to the infectious individual with 
+         # the first ID.
+         mutate(new_I_H = ifelse(I == 1 & ID == first(ID[I == 1]), 
+                                 sum(new_I_H), 0))
+       
+       results$I_NUM <- results$I_NUM + I_data$new_I_H
+       
+       # Label infections types.
+       results$TYPE[new_inf_H == 1] <- 'H'
+       results$TYPE[new_inf_C == 1] <- 'C'
+       results$TYPE[new_inf_E == 1] <- 'E'
+       results$TYPE[(new_inf_H == 1) & (new_inf_C == 1)] <- 'HC'
+       results$TYPE[(new_inf_H == 1) & (new_inf_E == 1)] <- 'HE'
+       results$TYPE[(new_inf_C == 1) & (new_inf_E == 1)] <- 'CE'
+       results$TYPE[(new_inf_H == 1) & (new_inf_C == 1) & (new_inf_E == 1)] <- 'HCE'
+     }
+     
+     # Increment exposure and infectious counters.
+     data$E_count[data$E == 1] <- data$E_count[data$E == 1] + 1
+     data$I_count[data$I == 1] <- data$I_count[data$I == 1] + 1
+   }
+   return(results)
+ }
> 
> metrics <- function(results) {
+   # Incidence is the proportion of the population that became infected.
+   idc <- mean(!is.na(results$TIME))
+   
+   # The SAR is the average SAR for each individual that was infectious.
+   sar <- mean(results$I_NUM / results$S_NUM, na.rm = T)
+   
+   # The proportion of cases caused by household infections.
+   cases <- results[!is.na(results$TIME), ]
+   prp <- mean((cases$TYPE == 'H') | (cases$TYPE == 'HC') | (cases$TYPE == 'HCE'))
+ 
+   return(c(idc, sar, prp))
+ }
> 
> beta_Hs <- seq(36, 42, 1) # 11
> beta_Cs <- seq(0.045, 0.06, 0.001) # 21
> beta_Es <- seq(0.0002, 0.0004, 0.00001) # 21
> 
> d_H <- length(beta_Hs)
> d_C <- length(beta_Cs)
> d_E <- length(beta_Es)
> 
> reps <- 50
> idcs <- array(rep(NA, d_H * d_C * d_E * reps), dim = c(d_H, d_C, d_E, reps))
> sars <- array(rep(NA, d_H * d_C * d_E * reps), dim = c(d_H, d_C, d_E, reps))
> prps <- array(rep(NA, d_H * d_C * d_E * reps), dim = c(d_H, d_C, d_E, reps))
> t_tot <- 0
> for (i in 1:d_H) {
+   for (j in 1:d_C) {
+     for (k in 1:d_E) {
+       beta_H <- beta_Hs[i]
+       beta_C <- beta_Cs[j]
+       beta_E <- beta_Es[k]
+       
+       params <- c(beta_H, beta_C, beta_E)
+       
+       cat(paste0(format(beta_H, nsmall = 1), '/42\t', 
+                  format(beta_C, nsmall = 3), '/0.06\t',
+                  format(beta_E, nsmall = 5, scientific = F), '/0.00040\t'))
+         
+       t_0 <- Sys.time()
+       vals <- foreach (l = 1:reps, .combine = 'c') %dopar% {
+         results <- SEIR_mix(params) 
+         metrics(results)
+       }
+       t_1 <- Sys.time()
+       t_tot <- t_tot + (t_1 - t_0)
+         
+       cat(paste0(format(t_tot, nsmall = 2, digits = 4), '\t(', 
+                  format(t_1 - t_0, nsmall = 2, digits = 4), ')\t'))
+       
+       vals <- matrix(vals, reps, byrow = T)
+       idcs[i, j, k, ] <- vals[, 1]
+       sars[i, j, k, ] <- vals[, 2]
+       prps[i, j, k, ] <- vals[, 3]
+         
+       cat(paste0(format(round(mean(vals[, 1]), 3), nsmall = 3), '\t', 
+                  format(round(mean(vals[, 2]), 3), nsmall = 3), '\t', 
+                  format(round(mean(vals[, 3]), 3), nsmall = 3), '\n'))
+     }
+     cat('\n')
+     saveRDS(idcs, file = 'idcs.rds')
+     saveRDS(sars, file = 'sars.rds')
+     saveRDS(prps, file = 'prps.rds')
+     
+     write.table(idcs, file = 'idcs.txt', row.names = F, col.names = F)
+     write.table(sars, file = 'sars.txt', row.names = F, col.names = F)
+     write.table(prps, file = 'prps.txt', row.names = F, col.names = F)
+   }
+   message('\n')
+ }
36.0/42	0.045/0.06	0.00020/0.00040	38.98 secs	(38.98 secs)	0.233	0.223	0.505
36.0/42	0.045/0.06	0.00021/0.00040	78.51 secs	(39.52 secs)	0.244	0.223	0.509
36.0/42	0.045/0.06	0.00022/0.00040	117.55 secs	(39.05 secs)	0.244	0.222	0.503
36.0/42	0.045/0.06	0.00023/0.00040	157.88 secs	(40.33 secs)	0.260	0.225	0.505
36.0/42	0.045/0.06	0.00024/0.00040	199.68 secs	(41.80 secs)	0.274	0.221	0.506
36.0/42	0.045/0.06	0.00025/0.00040	240.53 secs	(40.85 secs)	0.281	0.224	0.510
36.0/42	0.045/0.06	0.00026/0.00040	281.61 secs	(41.08 secs)	0.286	0.225	0.510
36.0/42	0.045/0.06	0.00027/0.00040	322.56 secs	(40.95 secs)	0.289	0.221	0.502
36.0/42	0.045/0.06	0.00028/0.00040	365.32 secs	(42.75 secs)	0.305	0.222	0.500
36.0/42	0.045/0.06	0.00029/0.00040	408.68 secs	(43.36 secs)	0.316	0.224	0.502
36.0/42	0.045/0.06	0.00030/0.00040	452.15 secs	(43.48 secs)	0.316	0.220	0.496
36.0/42	0.045/0.06	0.00031/0.00040	495.67 secs	(43.52 secs)	0.315	0.223	0.492
36.0/42	0.045/0.06	0.00032/0.00040	539.01 secs	(43.34 secs)	0.331	0.224	0.499
36.0/42	0.045/0.06	0.00033/0.00040	582.83 secs	(43.83 secs)	0.344	0.224	0.500
36.0/42	0.045/0.06	0.00034/0.00040	628.58 secs	(45.75 secs)	0.350	0.228	0.501
36.0/42	0.045/0.06	0.00035/0.00040	674.14 secs	(45.56 secs)	0.353	0.223	0.500
36.0/42	0.045/0.06	0.00036/0.00040	718.41 secs	(44.27 secs)	0.349	0.217	0.491
36.0/42	0.045/0.06	0.00037/0.00040	763.53 secs	(45.12 secs)	0.358	0.220	0.494
36.0/42	0.045/0.06	0.00038/0.00040	808.62 secs	(45.08 secs)	0.374	0.221	0.495
36.0/42	0.045/0.06	0.00039/0.00040	855.19 secs	(46.58 secs)	0.377	0.222	0.492
36.0/42	0.045/0.06	0.00040/0.00040	900.59 secs	(45.40 secs)	0.383	0.220	0.495

36.0/42	0.046/0.06	0.00020/0.00040	939.52 secs	(38.93 secs)	0.234	0.220	0.502
36.0/42	0.046/0.06	0.00021/0.00040	979.27 secs	(39.75 secs)	0.248	0.218	0.507
36.0/42	0.046/0.06	0.00022/0.00040	1020.02 secs	(40.75 secs)	0.259	0.227	0.511
36.0/42	0.046/0.06	0.00023/0.00040	1060.82 secs	(40.80 secs)	0.273	0.226	0.508
36.0/42	0.046/0.06	0.00024/0.00040	1101.39 secs	(40.57 secs)	0.268	0.222	0.505
36.0/42	0.046/0.06	0.00025/0.00040	1142.67 secs	(41.28 secs)	0.281	0.224	0.500
36.0/42	0.046/0.06	0.00026/0.00040	1184.68 secs	(42.01 secs)	0.290	0.219	0.496
36.0/42	0.046/0.06	0.00027/0.00040	1227.36 secs	(42.68 secs)	0.305	0.222	0.510
36.0/42	0.046/0.06	0.00028/0.00040	1270.36 secs	(43.00 secs)	0.307	0.225	0.505
36.0/42	0.046/0.06	0.00029/0.00040	1313.98 secs	(43.62 secs)	0.309	0.219	0.499
36.0/42	0.046/0.06	0.00030/0.00040	1357.08 secs	(43.10 secs)	0.316	0.218	0.493
36.0/42	0.046/0.06	0.00031/0.00040	1400.53 secs	(43.46 secs)	0.335	0.222	0.498
36.0/42	0.046/0.06	0.00032/0.00040	1444.19 secs	(43.66 secs)	0.325	0.219	0.496
36.0/42	0.046/0.06	0.00033/0.00040	1489.51 secs	(45.32 secs)	0.338	0.224	0.497
36.0/42	0.046/0.06	0.00034/0.00040	1536.02 secs	(46.51 secs)	0.342	0.221	0.499
36.0/42	0.046/0.06	0.00035/0.00040	1580.62 secs	(44.60 secs)	0.361	0.221	0.499
36.0/42	0.046/0.06	0.00036/0.00040	1626.76 secs	(46.14 secs)	0.356	0.223	0.497
36.0/42	0.046/0.06	0.00037/0.00040	1673.30 secs	(46.54 secs)	0.376	0.223	0.501
36.0/42	0.046/0.06	0.00038/0.00040	1719.13 secs	(45.83 secs)	0.378	0.226	0.499
36.0/42	0.046/0.06	0.00039/0.00040	1766.89 secs	(47.76 secs)	0.388	0.221	0.492
36.0/42	0.046/0.06	0.00040/0.00040	1814.10 secs	(47.21 secs)	0.385	0.223	0.496

36.0/42	0.047/0.06	0.00020/0.00040	1853.12 secs	(39.02 secs)	0.242	0.225	0.509
36.0/42	0.047/0.06	0.00021/0.00040	1893.39 secs	(40.27 secs)	0.257	0.220	0.509
36.0/42	0.047/0.06	0.00022/0.00040	1935.02 secs	(41.64 secs)	0.268	0.222	0.502
36.0/42	0.047/0.06	0.00023/0.00040	1975.87 secs	(40.85 secs)	0.268	0.226	0.507
36.0/42	0.047/0.06	0.00024/0.00040	2016.99 secs	(41.12 secs)	0.278	0.221	0.503
36.0/42	0.047/0.06	0.00025/0.00040	2058.51 secs	(41.52 secs)	0.288	0.218	0.499
36.0/42	0.047/0.06	0.00026/0.00040	2100.70 secs	(42.19 secs)	0.293	0.221	0.501
36.0/42	0.047/0.06	0.00027/0.00040	2144.59 secs	(43.90 secs)	0.304	0.226	0.506
36.0/42	0.047/0.06	0.00028/0.00040	2188.69 secs	(44.10 secs)	0.307	0.221	0.501
36.0/42	0.047/0.06	0.00029/0.00040	2232.44 secs	(43.75 secs)	0.314	0.217	0.493
36.0/42	0.047/0.06	0.00030/0.00040	2275.85 secs	(43.41 secs)	0.320	0.222	0.501
36.0/42	0.047/0.06	0.00031/0.00040	2321.56 secs	(45.71 secs)	0.337	0.223	0.497
36.0/42	0.047/0.06	0.00032/0.00040	2366.41 secs	(44.85 secs)	0.350	0.222	0.497
36.0/42	0.047/0.06	0.00033/0.00040	2411.16 secs	(44.75 secs)	0.346	0.224	0.496
36.0/42	0.047/0.06	0.00034/0.00040	2455.73 secs	(44.57 secs)	0.354	0.222	0.496
36.0/42	0.047/0.06	0.00035/0.00040	2502.80 secs	(47.07 secs)	0.360	0.222	0.498
36.0/42	0.047/0.06	0.00036/0.00040	2549.12 secs	(46.32 secs)	0.374	0.222	0.497
36.0/42	0.047/0.06	0.00037/0.00040	2595.05 secs	(45.93 secs)	0.368	0.222	0.491
36.0/42	0.047/0.06	0.00038/0.00040	2642.21 secs	(47.16 secs)	0.386	0.225	0.497
36.0/42	0.047/0.06	0.00039/0.00040	2688.68 secs	(46.47 secs)	0.387	0.224	0.502
36.0/42	0.047/0.06	0.00040/0.00040	2737.06 secs	(48.38 secs)	0.383	0.223	0.492

36.0/42	0.048/0.06	0.00020/0.00040	2776.71 secs	(39.65 secs)	0.249	0.218	0.506
36.0/42	0.048/0.06	0.00021/0.00040	2816.55 secs	(39.84 secs)	0.256	0.220	0.505
36.0/42	0.048/0.06	0.00022/0.00040	2856.23 secs	(39.68 secs)	0.264	0.222	0.506
36.0/42	0.048/0.06	0.00023/0.00040	2897.61 secs	(41.38 secs)	0.263	0.218	0.499
36.0/42	0.048/0.06	0.00024/0.00040	2939.64 secs	(42.03 secs)	0.283	0.217	0.507
36.0/42	0.048/0.06	0.00025/0.00040	2980.98 secs	(41.34 secs)	0.287	0.219	0.506
36.0/42	0.048/0.06	0.00026/0.00040	3025.36 secs	(44.38 secs)	0.295	0.218	0.496
36.0/42	0.048/0.06	0.00027/0.00040	3070.04 secs	(44.68 secs)	0.298	0.224	0.499
36.0/42	0.048/0.06	0.00028/0.00040	3112.39 secs	(42.35 secs)	0.314	0.222	0.501
36.0/42	0.048/0.06	0.00029/0.00040	3156.61 secs	(44.23 secs)	0.316	0.220	0.498
36.0/42	0.048/0.06	0.00030/0.00040	3200.43 secs	(43.82 secs)	0.326	0.222	0.502
36.0/42	0.048/0.06	0.00031/0.00040	3244.76 secs	(44.33 secs)	0.327	0.220	0.499
36.0/42	0.048/0.06	0.00032/0.00040	3289.06 secs	(44.31 secs)	0.341	0.222	0.497
36.0/42	0.048/0.06	0.00033/0.00040	3334.55 secs	(45.48 secs)	0.350	0.222	0.498
36.0/42	0.048/0.06	0.00034/0.00040	3379.45 secs	(44.90 secs)	0.356	0.224	0.497
36.0/42	0.048/0.06	0.00035/0.00040	3424.76 secs	(45.31 secs)	0.351	0.217	0.489
36.0/42	0.048/0.06	0.00036/0.00040	3472.00 secs	(47.24 secs)	0.374	0.225	0.500
36.0/42	0.048/0.06	0.00037/0.00040	3518.66 secs	(46.66 secs)	0.376	0.221	0.491
36.0/42	0.048/0.06	0.00038/0.00040	3564.84 secs	(46.18 secs)	0.381	0.225	0.494
36.0/42	0.048/0.06	0.00039/0.00040	3610.37 secs	(45.53 secs)	0.382	0.219	0.491
36.0/42	0.048/0.06	0.00040/0.00040	3657.48 secs	(47.12 secs)	0.386	0.223	0.495

36.0/42	0.049/0.06	0.00020/0.00040	3698.59 secs	(41.10 secs)	0.261	0.226	0.513
36.0/42	0.049/0.06	0.00021/0.00040	3739.46 secs	(40.88 secs)	0.261	0.223	0.504
36.0/42	0.049/0.06	0.00022/0.00040	3782.13 secs	(42.67 secs)	0.271	0.220	0.505
36.0/42	0.049/0.06	0.00023/0.00040	3825.17 secs	(43.03 secs)	0.277	0.220	0.502
36.0/42	0.049/0.06	0.00024/0.00040	3867.20 secs	(42.04 secs)	0.291	0.224	0.507
36.0/42	0.049/0.06	0.00025/0.00040	3909.35 secs	(42.15 secs)	0.287	0.218	0.498
36.0/42	0.049/0.06	0.00026/0.00040	3950.69 secs	(41.34 secs)	0.298	0.220	0.499
36.0/42	0.049/0.06	0.00027/0.00040	3992.83 secs	(42.14 secs)	0.307	0.221	0.496
36.0/42	0.049/0.06	0.00028/0.00040	4036.30 secs	(43.46 secs)	0.320	0.220	0.497
36.0/42	0.049/0.06	0.00029/0.00040	4079.35 secs	(43.06 secs)	0.324	0.220	0.501
36.0/42	0.049/0.06	0.00030/0.00040	4125.37 secs	(46.02 secs)	0.336	0.222	0.496
36.0/42	0.049/0.06	0.00031/0.00040	4170.20 secs	(44.83 secs)	0.338	0.225	0.501
36.0/42	0.049/0.06	0.00032/0.00040	4215.23 secs	(45.03 secs)	0.353	0.224	0.499
36.0/42	0.049/0.06	0.00033/0.00040	4260.30 secs	(45.07 secs)	0.344	0.218	0.490
36.0/42	0.049/0.06	0.00034/0.00040	4306.85 secs	(46.54 secs)	0.365	0.225	0.500
36.0/42	0.049/0.06	0.00035/0.00040	4352.55 secs	(45.70 secs)	0.362	0.222	0.496
36.0/42	0.049/0.06	0.00036/0.00040	4397.98 secs	(45.43 secs)	0.372	0.223	0.495
36.0/42	0.049/0.06	0.00037/0.00040	4443.94 secs	(45.96 secs)	0.374	0.223	0.495
36.0/42	0.049/0.06	0.00038/0.00040	4490.98 secs	(47.04 secs)	0.391	0.225	0.499
36.0/42	0.049/0.06	0.00039/0.00040	4537.32 secs	(46.34 secs)	0.392	0.222	0.492
36.0/42	0.049/0.06	0.00040/0.00040	4584.73 secs	(47.41 secs)	0.398	0.224	0.493

36.0/42	0.050/0.06	0.00020/0.00040	4625.30 secs	(40.58 secs)	0.262	0.221	0.509
36.0/42	0.050/0.06	0.00021/0.00040	4667.90 secs	(42.59 secs)	0.266	0.220	0.499
36.0/42	0.050/0.06	0.00022/0.00040	4709.43 secs	(41.54 secs)	0.279	0.231	0.508
36.0/42	0.050/0.06	0.00023/0.00040	4752.18 secs	(42.74 secs)	0.287	0.223	0.503
36.0/42	0.050/0.06	0.00024/0.00040	4795.52 secs	(43.35 secs)	0.300	0.223	0.504
36.0/42	0.050/0.06	0.00025/0.00040	4838.06 secs	(42.53 secs)	0.296	0.220	0.495
36.0/42	0.050/0.06	0.00026/0.00040	4880.69 secs	(42.63 secs)	0.305	0.217	0.498
36.0/42	0.050/0.06	0.00027/0.00040	4923.31 secs	(42.62 secs)	0.320	0.222	0.499
36.0/42	0.050/0.06	0.00028/0.00040	4967.50 secs	(44.20 secs)	0.329	0.224	0.505
36.0/42	0.050/0.06	0.00029/0.00040	5012.04 secs	(44.54 secs)	0.331	0.220	0.499
36.0/42	0.050/0.06	0.00030/0.00040	5055.36 secs	(43.32 secs)	0.336	0.219	0.497
36.0/42	0.050/0.06	0.00031/0.00040	5101.28 secs	(45.92 secs)	0.351	0.230	0.504
36.0/42	0.050/0.06	0.00032/0.00040	5146.08 secs	(44.80 secs)	0.358	0.221	0.499
36.0/42	0.050/0.06	0.00033/0.00040	5192.06 secs	(45.98 secs)	0.363	0.225	0.496
36.0/42	0.050/0.06	0.00034/0.00040	5239.08 secs	(47.03 secs)	0.363	0.224	0.498
36.0/42	0.050/0.06	0.00035/0.00040	5285.90 secs	(46.82 secs)	0.364	0.221	0.496
36.0/42	0.050/0.06	0.00036/0.00040	5332.33 secs	(46.43 secs)	0.374	0.225	0.497
36.0/42	0.050/0.06	0.00037/0.00040	5379.47 secs	(47.13 secs)	0.375	0.216	0.488
36.0/42	0.050/0.06	0.00038/0.00040	5426.01 secs	(46.54 secs)	0.388	0.225	0.490
36.0/42	0.050/0.06	0.00039/0.00040	5471.80 secs	(45.79 secs)	0.388	0.223	0.491
36.0/42	0.050/0.06	0.00040/0.00040	5518.75 secs	(46.95 secs)	0.404	0.222	0.489

36.0/42	0.051/0.06	0.00020/0.00040	5560.37 secs	(41.62 secs)	0.255	0.224	0.506
36.0/42	0.051/0.06	0.00021/0.00040	5601.66 secs	(41.29 secs)	0.266	0.222	0.502
36.0/42	0.051/0.06	0.00022/0.00040	5642.88 secs	(41.22 secs)	0.278	0.224	0.506
36.0/42	0.051/0.06	0.00023/0.00040	5685.62 secs	(42.74 secs)	0.295	0.223	0.503
36.0/42	0.051/0.06	0.00024/0.00040	5726.83 secs	(41.20 secs)	0.291	0.224	0.508
36.0/42	0.051/0.06	0.00025/0.00040	5770.14 secs	(43.31 secs)	0.303	0.222	0.500
36.0/42	0.051/0.06	0.00026/0.00040	5813.32 secs	(43.18 secs)	0.312	0.222	0.502
36.0/42	0.051/0.06	0.00027/0.00040	5856.76 secs	(43.45 secs)	0.321	0.223	0.500
36.0/42	0.051/0.06	0.00028/0.00040	5900.43 secs	(43.67 secs)	0.317	0.221	0.495
36.0/42	0.051/0.06	0.00029/0.00040	5943.93 secs	(43.50 secs)	0.339	0.220	0.500
36.0/42	0.051/0.06	0.00030/0.00040	5989.28 secs	(45.35 secs)	0.335	0.221	0.498
36.0/42	0.051/0.06	0.00031/0.00040	6034.97 secs	(45.69 secs)	0.349	0.222	0.495
36.0/42	0.051/0.06	0.00032/0.00040	6080.74 secs	(45.77 secs)	0.342	0.221	0.493
36.0/42	0.051/0.06	0.00033/0.00040	6126.22 secs	(45.48 secs)	0.368	0.223	0.497
36.0/42	0.051/0.06	0.00034/0.00040	6172.88 secs	(46.66 secs)	0.374	0.222	0.496
36.0/42	0.051/0.06	0.00035/0.00040	6218.19 secs	(45.31 secs)	0.371	0.218	0.492
36.0/42	0.051/0.06	0.00036/0.00040	6264.21 secs	(46.02 secs)	0.374	0.222	0.491
36.0/42	0.051/0.06	0.00037/0.00040	6311.52 secs	(47.31 secs)	0.396	0.223	0.488
36.0/42	0.051/0.06	0.00038/0.00040	6358.44 secs	(46.92 secs)	0.387	0.218	0.483
36.0/42	0.051/0.06	0.00039/0.00040	6406.03 secs	(47.59 secs)	0.409	0.220	0.483
36.0/42	0.051/0.06	0.00040/0.00040	6453.73 secs	(47.70 secs)	0.416	0.219	0.490

36.0/42	0.052/0.06	0.00020/0.00040	6494.59 secs	(40.86 secs)	0.261	0.224	0.509
36.0/42	0.052/0.06	0.00021/0.00040	6536.99 secs	(42.40 secs)	0.275	0.219	0.499
36.0/42	0.052/0.06	0.00022/0.00040	6578.16 secs	(41.17 secs)	0.282	0.219	0.502
36.0/42	0.052/0.06	0.00023/0.00040	6620.81 secs	(42.65 secs)	0.303	0.222	0.499
36.0/42	0.052/0.06	0.00024/0.00040	6662.20 secs	(41.40 secs)	0.294	0.219	0.497
36.0/42	0.052/0.06	0.00025/0.00040	6705.52 secs	(43.32 secs)	0.299	0.221	0.493
36.0/42	0.052/0.06	0.00026/0.00040	6749.08 secs	(43.56 secs)	0.313	0.222	0.498
36.0/42	0.052/0.06	0.00027/0.00040	6792.64 secs	(43.56 secs)	0.323	0.221	0.499
36.0/42	0.052/0.06	0.00028/0.00040	6835.99 secs	(43.35 secs)	0.329	0.222	0.494
36.0/42	0.052/0.06	0.00029/0.00040	6881.43 secs	(45.44 secs)	0.345	0.223	0.495
36.0/42	0.052/0.06	0.00030/0.00040	6927.09 secs	(45.66 secs)	0.345	0.221	0.494
36.0/42	0.052/0.06	0.00031/0.00040	6973.02 secs	(45.93 secs)	0.355	0.225	0.496
36.0/42	0.052/0.06	0.00032/0.00040	7018.04 secs	(45.02 secs)	0.364	0.222	0.496
36.0/42	0.052/0.06	0.00033/0.00040	7062.78 secs	(44.74 secs)	0.362	0.216	0.488
36.0/42	0.052/0.06	0.00034/0.00040	7108.69 secs	(45.91 secs)	0.372	0.221	0.496
36.0/42	0.052/0.06	0.00035/0.00040	7155.65 secs	(46.95 secs)	0.387	0.222	0.493
36.0/42	0.052/0.06	0.00036/0.00040	7202.34 secs	(46.70 secs)	0.380	0.218	0.484
36.0/42	0.052/0.06	0.00037/0.00040	7250.39 secs	(48.04 secs)	0.400	0.222	0.491
36.0/42	0.052/0.06	0.00038/0.00040	7297.09 secs	(46.71 secs)	0.406	0.221	0.493
36.0/42	0.052/0.06	0.00039/0.00040	7345.08 secs	(47.99 secs)	0.406	0.224	0.493
36.0/42	0.052/0.06	0.00040/0.00040	7394.16 secs	(49.09 secs)	0.418	0.229	0.490

36.0/42	0.053/0.06	0.00020/0.00040	7436.52 secs	(42.36 secs)	0.263	0.227	0.508
36.0/42	0.053/0.06	0.00021/0.00040	7480.10 secs	(43.58 secs)	0.274	0.221	0.502
36.0/42	0.053/0.06	0.00022/0.00040	7521.95 secs	(41.85 secs)	0.279	0.218	0.498
36.0/42	0.053/0.06	0.00023/0.00040	7566.67 secs	(44.72 secs)	0.293	0.221	0.496
36.0/42	0.053/0.06	0.00024/0.00040	7611.40 secs	(44.73 secs)	0.306	0.221	0.498
36.0/42	0.053/0.06	0.00025/0.00040	7655.18 secs	(43.78 secs)	0.316	0.222	0.497
36.0/42	0.053/0.06	0.00026/0.00040	7698.62 secs	(43.44 secs)	0.314	0.223	0.499
36.0/42	0.053/0.06	0.00027/0.00040	7743.05 secs	(44.43 secs)	0.332	0.221	0.497
36.0/42	0.053/0.06	0.00028/0.00040	7787.04 secs	(43.99 secs)	0.332	0.222	0.496
36.0/42	0.053/0.06	0.00029/0.00040	7832.01 secs	(44.97 secs)	0.344	0.225	0.499
36.0/42	0.053/0.06	0.00030/0.00040	7877.80 secs	(45.79 secs)	0.346	0.218	0.495
36.0/42	0.053/0.06	0.00031/0.00040	7921.94 secs	(44.15 secs)	0.348	0.218	0.492
36.0/42	0.053/0.06	0.00032/0.00040	7967.04 secs	(45.09 secs)	0.356	0.224	0.499
36.0/42	0.053/0.06	0.00033/0.00040	8012.21 secs	(45.17 secs)	0.374	0.222	0.492
36.0/42	0.053/0.06	0.00034/0.00040	8058.81 secs	(46.59 secs)	0.370	0.220	0.492
36.0/42	0.053/0.06	0.00035/0.00040	8105.42 secs	(46.61 secs)	0.381	0.222	0.494
36.0/42	0.053/0.06	0.00036/0.00040	8151.97 secs	(46.56 secs)	0.384	0.224	0.492
36.0/42	0.053/0.06	0.00037/0.00040	8198.86 secs	(46.89 secs)	0.390	0.216	0.485
36.0/42	0.053/0.06	0.00038/0.00040	8247.36 secs	(48.50 secs)	0.406	0.222	0.493
36.0/42	0.053/0.06	0.00039/0.00040	8294.37 secs	(47.02 secs)	0.406	0.220	0.487
36.0/42	0.053/0.06	0.00040/0.00040	8342.49 secs	(48.12 secs)	0.425	0.225	0.488

36.0/42	0.054/0.06	0.00020/0.00040	8383.68 secs	(41.19 secs)	0.272	0.218	0.500
36.0/42	0.054/0.06	0.00021/0.00040	8424.81 secs	(41.13 secs)	0.279	0.224	0.506
36.0/42	0.054/0.06	0.00022/0.00040	8467.24 secs	(42.43 secs)	0.286	0.218	0.497
36.0/42	0.054/0.06	0.00023/0.00040	8509.88 secs	(42.64 secs)	0.296	0.223	0.496
36.0/42	0.054/0.06	0.00024/0.00040	8553.60 secs	(43.71 secs)	0.307	0.223	0.501
36.0/42	0.054/0.06	0.00025/0.00040	8597.72 secs	(44.12 secs)	0.316	0.221	0.495
36.0/42	0.054/0.06	0.00026/0.00040	8642.00 secs	(44.28 secs)	0.322	0.222	0.498
36.0/42	0.054/0.06	0.00027/0.00040	8685.59 secs	(43.58 secs)	0.332	0.219	0.493
36.0/42	0.054/0.06	0.00028/0.00040	8730.21 secs	(44.62 secs)	0.337	0.221	0.491
36.0/42	0.054/0.06	0.00029/0.00040	8776.34 secs	(46.13 secs)	0.337	0.218	0.493
36.0/42	0.054/0.06	0.00030/0.00040	8821.36 secs	(45.02 secs)	0.349	0.222	0.497
36.0/42	0.054/0.06	0.00031/0.00040	8866.38 secs	(45.02 secs)	0.365	0.221	0.494
36.0/42	0.054/0.06	0.00032/0.00040	8914.38 secs	(48.00 secs)	0.383	0.222	0.498
36.0/42	0.054/0.06	0.00033/0.00040	8960.30 secs	(45.92 secs)	0.381	0.218	0.490
36.0/42	0.054/0.06	0.00034/0.00040	9006.35 secs	(46.06 secs)	0.387	0.222	0.493
36.0/42	0.054/0.06	0.00035/0.00040	9052.79 secs	(46.44 secs)	0.376	0.219	0.487
36.0/42	0.054/0.06	0.00036/0.00040	9100.43 secs	(47.64 secs)	0.383	0.219	0.488
36.0/42	0.054/0.06	0.00037/0.00040	9147.35 secs	(46.92 secs)	0.401	0.225	0.489
36.0/42	0.054/0.06	0.00038/0.00040	9193.90 secs	(46.55 secs)	0.411	0.224	0.493
36.0/42	0.054/0.06	0.00039/0.00040	9241.33 secs	(47.43 secs)	0.400	0.222	0.488
36.0/42	0.054/0.06	0.00040/0.00040	9289.44 secs	(48.11 secs)	0.419	0.222	0.489

36.0/42	0.055/0.06	0.00020/0.00040	9333.53 secs	(44.09 secs)	0.275	0.221	0.502
36.0/42	0.055/0.06	0.00021/0.00040	9375.49 secs	(41.96 secs)	0.285	0.222	0.502
36.0/42	0.055/0.06	0.00022/0.00040	9418.61 secs	(43.12 secs)	0.296	0.222	0.498
36.0/42	0.055/0.06	0.00023/0.00040	9460.47 secs	(41.86 secs)	0.304	0.220	0.500
36.0/42	0.055/0.06	0.00024/0.00040	9504.15 secs	(43.67 secs)	0.312	0.220	0.495
36.0/42	0.055/0.06	0.00025/0.00040	9547.68 secs	(43.54 secs)	0.320	0.223	0.502
36.0/42	0.055/0.06	0.00026/0.00040	9592.68 secs	(44.99 secs)	0.324	0.218	0.491
36.0/42	0.055/0.06	0.00027/0.00040	9636.47 secs	(43.79 secs)	0.338	0.222	0.490
36.0/42	0.055/0.06	0.00028/0.00040	9680.93 secs	(44.46 secs)	0.335	0.221	0.491
36.0/42	0.055/0.06	0.00029/0.00040	9725.31 secs	(44.37 secs)	0.347	0.223	0.497
36.0/42	0.055/0.06	0.00030/0.00040	9770.34 secs	(45.03 secs)	0.346	0.219	0.486
36.0/42	0.055/0.06	0.00031/0.00040	9817.55 secs	(47.22 secs)	0.370	0.225	0.497
36.0/42	0.055/0.06	0.00032/0.00040	9863.09 secs	(45.54 secs)	0.367	0.220	0.487
36.0/42	0.055/0.06	0.00033/0.00040	9909.44 secs	(46.35 secs)	0.380	0.219	0.488
36.0/42	0.055/0.06	0.00034/0.00040	9956.84 secs	(47.40 secs)	0.383	0.221	0.493
36.0/42	0.055/0.06	0.00035/0.00040	10003.44 secs	(46.60 secs)	0.389	0.222	0.491
36.0/42	0.055/0.06	0.00036/0.00040	10050.58 secs	(47.15 secs)	0.400	0.221	0.490
36.0/42	0.055/0.06	0.00037/0.00040	10098.57 secs	(47.99 secs)	0.409	0.226	0.488
36.0/42	0.055/0.06	0.00038/0.00040	10145.99 secs	(47.42 secs)	0.406	0.223	0.490
36.0/42	0.055/0.06	0.00039/0.00040	10194.36 secs	(48.37 secs)	0.410	0.220	0.488
36.0/42	0.055/0.06	0.00040/0.00040	10242.24 secs	(47.87 secs)	0.421	0.219	0.483

36.0/42	0.056/0.06	0.00020/0.00040	10284.27 secs	(42.03 secs)	0.276	0.226	0.502
36.0/42	0.056/0.06	0.00021/0.00040	10327.71 secs	(43.44 secs)	0.283	0.221	0.495
36.0/42	0.056/0.06	0.00022/0.00040	10370.84 secs	(43.13 secs)	0.294	0.223	0.498
36.0/42	0.056/0.06	0.00023/0.00040	10412.96 secs	(42.12 secs)	0.304	0.219	0.496
36.0/42	0.056/0.06	0.00024/0.00040	10456.56 secs	(43.60 secs)	0.314	0.223	0.496
36.0/42	0.056/0.06	0.00025/0.00040	10500.59 secs	(44.03 secs)	0.321	0.223	0.498
36.0/42	0.056/0.06	0.00026/0.00040	10545.03 secs	(44.43 secs)	0.331	0.224	0.504
36.0/42	0.056/0.06	0.00027/0.00040	10589.55 secs	(44.52 secs)	0.350	0.225	0.501
36.0/42	0.056/0.06	0.00028/0.00040	10634.59 secs	(45.04 secs)	0.345	0.222	0.495
36.0/42	0.056/0.06	0.00029/0.00040	10681.22 secs	(46.63 secs)	0.365	0.222	0.494
36.0/42	0.056/0.06	0.00030/0.00040	10726.88 secs	(45.67 secs)	0.350	0.218	0.487
36.0/42	0.056/0.06	0.00031/0.00040	10772.06 secs	(45.17 secs)	0.361	0.220	0.490
36.0/42	0.056/0.06	0.00032/0.00040	10818.41 secs	(46.36 secs)	0.381	0.220	0.492
36.0/42	0.056/0.06	0.00033/0.00040	10865.05 secs	(46.63 secs)	0.388	0.221	0.490
36.0/42	0.056/0.06	0.00034/0.00040	10912.74 secs	(47.69 secs)	0.396	0.223	0.492
36.0/42	0.056/0.06	0.00035/0.00040	10959.72 secs	(46.98 secs)	0.400	0.220	0.485
36.0/42	0.056/0.06	0.00036/0.00040	11006.61 secs	(46.90 secs)	0.401	0.224	0.488
36.0/42	0.056/0.06	0.00037/0.00040	11053.29 secs	(46.68 secs)	0.413	0.220	0.487
36.0/42	0.056/0.06	0.00038/0.00040	11101.30 secs	(48.01 secs)	0.407	0.221	0.483
36.0/42	0.056/0.06	0.00039/0.00040	11150.20 secs	(48.90 secs)	0.422	0.222	0.489
36.0/42	0.056/0.06	0.00040/0.00040	11199.69 secs	(49.49 secs)	0.421	0.223	0.489

36.0/42	0.057/0.06	0.00020/0.00040	11240.81 secs	(41.12 secs)	0.282	0.223	0.501
36.0/42	0.057/0.06	0.00021/0.00040	11282.74 secs	(41.93 secs)	0.287	0.218	0.499
36.0/42	0.057/0.06	0.00022/0.00040	11325.66 secs	(42.92 secs)	0.296	0.221	0.502
36.0/42	0.057/0.06	0.00023/0.00040	11368.66 secs	(43.00 secs)	0.305	0.221	0.493
36.0/42	0.057/0.06	0.00024/0.00040	11412.33 secs	(43.67 secs)	0.320	0.221	0.492
36.0/42	0.057/0.06	0.00025/0.00040	11456.27 secs	(43.94 secs)	0.326	0.224	0.496
36.0/42	0.057/0.06	0.00026/0.00040	11501.07 secs	(44.80 secs)	0.329	0.221	0.492
36.0/42	0.057/0.06	0.00027/0.00040	11545.60 secs	(44.53 secs)	0.338	0.223	0.497
36.0/42	0.057/0.06	0.00028/0.00040	11590.51 secs	(44.91 secs)	0.349	0.220	0.495
36.0/42	0.057/0.06	0.00029/0.00040	11635.79 secs	(45.27 secs)	0.361	0.218	0.490
36.0/42	0.057/0.06	0.00030/0.00040	11681.19 secs	(45.40 secs)	0.361	0.224	0.492
36.0/42	0.057/0.06	0.00031/0.00040	11726.91 secs	(45.72 secs)	0.361	0.221	0.490
36.0/42	0.057/0.06	0.00032/0.00040	11773.12 secs	(46.21 secs)	0.380	0.221	0.493
36.0/42	0.057/0.06	0.00033/0.00040	11818.92 secs	(45.80 secs)	0.387	0.224	0.495
36.0/42	0.057/0.06	0.00034/0.00040	11866.49 secs	(47.57 secs)	0.397	0.224	0.494
36.0/42	0.057/0.06	0.00035/0.00040	11914.32 secs	(47.83 secs)	0.406	0.224	0.491
36.0/42	0.057/0.06	0.00036/0.00040	11962.09 secs	(47.77 secs)	0.408	0.223	0.488
36.0/42	0.057/0.06	0.00037/0.00040	12008.86 secs	(46.77 secs)	0.402	0.219	0.483
36.0/42	0.057/0.06	0.00038/0.00040	12058.07 secs	(49.20 secs)	0.418	0.217	0.482
36.0/42	0.057/0.06	0.00039/0.00040	12107.10 secs	(49.03 secs)	0.435	0.222	0.486
36.0/42	0.057/0.06	0.00040/0.00040	12155.43 secs	(48.33 secs)	0.444	0.220	0.482

36.0/42	0.058/0.06	0.00020/0.00040	12197.22 secs	(41.79 secs)	0.288	0.223	0.500
36.0/42	0.058/0.06	0.00021/0.00040	12238.57 secs	(41.35 secs)	0.291	0.220	0.498
36.0/42	0.058/0.06	0.00022/0.00040	12280.76 secs	(42.19 secs)	0.302	0.228	0.504
36.0/42	0.058/0.06	0.00023/0.00040	12324.10 secs	(43.34 secs)	0.316	0.222	0.496
36.0/42	0.058/0.06	0.00024/0.00040	12366.45 secs	(42.35 secs)	0.317	0.221	0.495
36.0/42	0.058/0.06	0.00025/0.00040	12411.33 secs	(44.89 secs)	0.337	0.223	0.499
36.0/42	0.058/0.06	0.00026/0.00040	12455.38 secs	(44.04 secs)	0.345	0.224	0.494
36.0/42	0.058/0.06	0.00027/0.00040	12499.57 secs	(44.19 secs)	0.349	0.219	0.489
36.0/42	0.058/0.06	0.00028/0.00040	12545.07 secs	(45.51 secs)	0.364	0.225	0.499
36.0/42	0.058/0.06	0.00029/0.00040	12591.16 secs	(46.09 secs)	0.375	0.226	0.500
36.0/42	0.058/0.06	0.00030/0.00040	12637.85 secs	(46.69 secs)	0.373	0.219	0.490
36.0/42	0.058/0.06	0.00031/0.00040	12683.40 secs	(45.55 secs)	0.375	0.222	0.487
36.0/42	0.058/0.06	0.00032/0.00040	12729.38 secs	(45.98 secs)	0.378	0.219	0.485
36.0/42	0.058/0.06	0.00033/0.00040	12776.21 secs	(46.83 secs)	0.396	0.221	0.486
36.0/42	0.058/0.06	0.00034/0.00040	12822.52 secs	(46.31 secs)	0.404	0.223	0.490
36.0/42	0.058/0.06	0.00035/0.00040	12870.30 secs	(47.78 secs)	0.396	0.219	0.485
36.0/42	0.058/0.06	0.00036/0.00040	12918.34 secs	(48.04 secs)	0.419	0.221	0.483
36.0/42	0.058/0.06	0.00037/0.00040	12966.73 secs	(48.38 secs)	0.414	0.224	0.488
36.0/42	0.058/0.06	0.00038/0.00040	13014.92 secs	(48.20 secs)	0.426	0.222	0.485
36.0/42	0.058/0.06	0.00039/0.00040	13062.47 secs	(47.55 secs)	0.423	0.220	0.481
36.0/42	0.058/0.06	0.00040/0.00040	13110.50 secs	(48.03 secs)	0.426	0.221	0.481

36.0/42	0.059/0.06	0.00020/0.00040	13153.56 secs	(43.06 secs)	0.293	0.221	0.502
36.0/42	0.059/0.06	0.00021/0.00040	13196.01 secs	(42.46 secs)	0.303	0.223	0.505
36.0/42	0.059/0.06	0.00022/0.00040	13237.49 secs	(41.47 secs)	0.308	0.221	0.494
36.0/42	0.059/0.06	0.00023/0.00040	13282.28 secs	(44.80 secs)	0.331	0.225	0.501
36.0/42	0.059/0.06	0.00024/0.00040	13325.65 secs	(43.37 secs)	0.322	0.220	0.492
36.0/42	0.059/0.06	0.00025/0.00040	13370.03 secs	(44.38 secs)	0.331	0.224	0.495
36.0/42	0.059/0.06	0.00026/0.00040	13413.79 secs	(43.76 secs)	0.334	0.219	0.491
36.0/42	0.059/0.06	0.00027/0.00040	13458.02 secs	(44.22 secs)	0.355	0.220	0.491
36.0/42	0.059/0.06	0.00028/0.00040	13503.43 secs	(45.42 secs)	0.355	0.223	0.494
36.0/42	0.059/0.06	0.00029/0.00040	13549.28 secs	(45.85 secs)	0.375	0.218	0.490
36.0/42	0.059/0.06	0.00030/0.00040	13597.10 secs	(47.81 secs)	0.380	0.224	0.490
36.0/42	0.059/0.06	0.00031/0.00040	13643.92 secs	(46.83 secs)	0.383	0.221	0.489
36.0/42	0.059/0.06	0.00032/0.00040	13691.33 secs	(47.40 secs)	0.391	0.220	0.490
36.0/42	0.059/0.06	0.00033/0.00040	13737.54 secs	(46.21 secs)	0.401	0.222	0.487
36.0/42	0.059/0.06	0.00034/0.00040	13785.01 secs	(47.47 secs)	0.392	0.219	0.484
36.0/42	0.059/0.06	0.00035/0.00040	13831.87 secs	(46.87 secs)	0.405	0.224	0.486
36.0/42	0.059/0.06	0.00036/0.00040	13879.20 secs	(47.32 secs)	0.414	0.224	0.488
36.0/42	0.059/0.06	0.00037/0.00040	13927.32 secs	(48.12 secs)	0.416	0.225	0.490
36.0/42	0.059/0.06	0.00038/0.00040	13974.92 secs	(47.60 secs)	0.429	0.221	0.485
36.0/42	0.059/0.06	0.00039/0.00040	14024.70 secs	(49.77 secs)	0.438	0.221	0.479
36.0/42	0.059/0.06	0.00040/0.00040	14073.62 secs	(48.92 secs)	0.446	0.224	0.485

36.0/42	0.060/0.06	0.00020/0.00040	14114.81 secs	(41.19 secs)	0.296	0.222	0.498
36.0/42	0.060/0.06	0.00021/0.00040	14158.20 secs	(43.39 secs)	0.297	0.215	0.489
36.0/42	0.060/0.06	0.00022/0.00040	14201.41 secs	(43.21 secs)	0.309	0.220	0.493
36.0/42	0.060/0.06	0.00023/0.00040	14244.96 secs	(43.54 secs)	0.328	0.224	0.498
36.0/42	0.060/0.06	0.00024/0.00040	14289.70 secs	(44.74 secs)	0.353	0.225	0.496
36.0/42	0.060/0.06	0.00025/0.00040	14333.30 secs	(43.60 secs)	0.347	0.220	0.490
36.0/42	0.060/0.06	0.00026/0.00040	14378.18 secs	(44.88 secs)	0.358	0.220	0.494
36.0/42	0.060/0.06	0.00027/0.00040	14422.80 secs	(44.61 secs)	0.352	0.221	0.493
36.0/42	0.060/0.06	0.00028/0.00040	14467.96 secs	(45.17 secs)	0.374	0.222	0.493
36.0/42	0.060/0.06	0.00029/0.00040	14514.14 secs	(46.18 secs)	0.378	0.223	0.493
36.0/42	0.060/0.06	0.00030/0.00040	14561.00 secs	(46.86 secs)	0.390	0.225	0.494
36.0/42	0.060/0.06	0.00031/0.00040	14606.50 secs	(45.50 secs)	0.383	0.219	0.486
36.0/42	0.060/0.06	0.00032/0.00040	14653.18 secs	(46.68 secs)	0.408	0.221	0.491
36.0/42	0.060/0.06	0.00033/0.00040	14701.00 secs	(47.82 secs)	0.398	0.221	0.490
36.0/42	0.060/0.06	0.00034/0.00040	14748.75 secs	(47.76 secs)	0.407	0.223	0.489
36.0/42	0.060/0.06	0.00035/0.00040	14796.20 secs	(47.44 secs)	0.417	0.221	0.483
36.0/42	0.060/0.06	0.00036/0.00040	14843.74 secs	(47.54 secs)	0.417	0.223	0.487
36.0/42	0.060/0.06	0.00037/0.00040	14891.09 secs	(47.35 secs)	0.416	0.220	0.483
36.0/42	0.060/0.06	0.00038/0.00040	14938.32 secs	(47.24 secs)	0.423	0.218	0.480
36.0/42	0.060/0.06	0.00039/0.00040	14988.03 secs	(49.71 secs)	0.446	0.220	0.483
36.0/42	0.060/0.06	0.00040/0.00040	15037.17 secs	(49.13 secs)	0.459	0.222	0.484



37.0/42	0.045/0.06	0.00020/0.00040	15076.45 secs	(39.28 secs)	0.236	0.226	0.510
37.0/42	0.045/0.06	0.00021/0.00040	15116.14 secs	(39.69 secs)	0.244	0.227	0.513
37.0/42	0.045/0.06	0.00022/0.00040	15156.68 secs	(40.54 secs)	0.263	0.227	0.515
37.0/42	0.045/0.06	0.00023/0.00040	15198.63 secs	(41.95 secs)	0.263	0.227	0.507
37.0/42	0.045/0.06	0.00024/0.00040	15240.03 secs	(41.40 secs)	0.282	0.227	0.515
37.0/42	0.045/0.06	0.00025/0.00040	15281.94 secs	(41.91 secs)	0.288	0.228	0.513
37.0/42	0.045/0.06	0.00026/0.00040	15324.19 secs	(42.25 secs)	0.293	0.229	0.513
37.0/42	0.045/0.06	0.00027/0.00040	15366.47 secs	(42.28 secs)	0.303	0.226	0.510
37.0/42	0.045/0.06	0.00028/0.00040	15409.64 secs	(43.17 secs)	0.314	0.227	0.505
37.0/42	0.045/0.06	0.00029/0.00040	15453.10 secs	(43.46 secs)	0.307	0.226	0.504
37.0/42	0.045/0.06	0.00030/0.00040	15496.86 secs	(43.75 secs)	0.325	0.231	0.508
37.0/42	0.045/0.06	0.00031/0.00040	15542.05 secs	(45.19 secs)	0.329	0.229	0.506
37.0/42	0.045/0.06	0.00032/0.00040	15586.26 secs	(44.21 secs)	0.327	0.226	0.505
37.0/42	0.045/0.06	0.00033/0.00040	15631.25 secs	(44.99 secs)	0.356	0.224	0.503
37.0/42	0.045/0.06	0.00034/0.00040	15676.32 secs	(45.06 secs)	0.352	0.227	0.503
37.0/42	0.045/0.06	0.00035/0.00040	15722.34 secs	(46.02 secs)	0.372	0.226	0.506
37.0/42	0.045/0.06	0.00036/0.00040	15767.88 secs	(45.53 secs)	0.358	0.228	0.505
37.0/42	0.045/0.06	0.00037/0.00040	15814.09 secs	(46.21 secs)	0.369	0.226	0.505
37.0/42	0.045/0.06	0.00038/0.00040	15860.85 secs	(46.76 secs)	0.375	0.226	0.504
37.0/42	0.045/0.06	0.00039/0.00040	15907.75 secs	(46.91 secs)	0.381	0.224	0.503
37.0/42	0.045/0.06	0.00040/0.00040	15955.41 secs	(47.66 secs)	0.391	0.225	0.500

37.0/42	0.046/0.06	0.00020/0.00040	15995.10 secs	(39.69 secs)	0.236	0.222	0.506
37.0/42	0.046/0.06	0.00021/0.00040	16035.11 secs	(40.01 secs)	0.264	0.228	0.520
37.0/42	0.046/0.06	0.00022/0.00040	16075.12 secs	(40.01 secs)	0.256	0.225	0.512
37.0/42	0.046/0.06	0.00023/0.00040	16116.30 secs	(41.19 secs)	0.273	0.229	0.518
37.0/42	0.046/0.06	0.00024/0.00040	16157.74 secs	(41.43 secs)	0.270	0.223	0.507
37.0/42	0.046/0.06	0.00025/0.00040	16199.78 secs	(42.04 secs)	0.287	0.226	0.503
37.0/42	0.046/0.06	0.00026/0.00040	16241.58 secs	(41.80 secs)	0.302	0.225	0.507
37.0/42	0.046/0.06	0.00027/0.00040	16284.75 secs	(43.17 secs)	0.309	0.233	0.514
37.0/42	0.046/0.06	0.00028/0.00040	16328.31 secs	(43.56 secs)	0.312	0.228	0.512
37.0/42	0.046/0.06	0.00029/0.00040	16372.53 secs	(44.22 secs)	0.318	0.226	0.505
37.0/42	0.046/0.06	0.00030/0.00040	16415.74 secs	(43.21 secs)	0.317	0.227	0.506
37.0/42	0.046/0.06	0.00031/0.00040	16459.96 secs	(44.22 secs)	0.332	0.225	0.508
37.0/42	0.046/0.06	0.00032/0.00040	16504.28 secs	(44.32 secs)	0.346	0.230	0.504
37.0/42	0.046/0.06	0.00033/0.00040	16548.91 secs	(44.63 secs)	0.354	0.230	0.506
37.0/42	0.046/0.06	0.00034/0.00040	16593.99 secs	(45.08 secs)	0.348	0.228	0.502
37.0/42	0.046/0.06	0.00035/0.00040	16640.19 secs	(46.20 secs)	0.354	0.224	0.504
37.0/42	0.046/0.06	0.00036/0.00040	16685.87 secs	(45.69 secs)	0.368	0.228	0.504
37.0/42	0.046/0.06	0.00037/0.00040	16731.69 secs	(45.82 secs)	0.370	0.227	0.499
37.0/42	0.046/0.06	0.00038/0.00040	16778.14 secs	(46.45 secs)	0.382	0.229	0.504
37.0/42	0.046/0.06	0.00039/0.00040	16824.63 secs	(46.49 secs)	0.392	0.231	0.506
37.0/42	0.046/0.06	0.00040/0.00040	16871.11 secs	(46.48 secs)	0.403	0.228	0.502

37.0/42	0.047/0.06	0.00020/0.00040	16910.26 secs	(39.15 secs)	0.243	0.228	0.515
37.0/42	0.047/0.06	0.00021/0.00040	16950.87 secs	(40.61 secs)	0.267	0.225	0.511
37.0/42	0.047/0.06	0.00022/0.00040	16992.19 secs	(41.32 secs)	0.274	0.229	0.518
37.0/42	0.047/0.06	0.00023/0.00040	17033.54 secs	(41.36 secs)	0.277	0.228	0.515
37.0/42	0.047/0.06	0.00024/0.00040	17075.08 secs	(41.54 secs)	0.284	0.224	0.510
37.0/42	0.047/0.06	0.00025/0.00040	17117.82 secs	(42.74 secs)	0.294	0.225	0.510
37.0/42	0.047/0.06	0.00026/0.00040	17159.97 secs	(42.15 secs)	0.303	0.225	0.510
37.0/42	0.047/0.06	0.00027/0.00040	17203.14 secs	(43.17 secs)	0.308	0.225	0.506
37.0/42	0.047/0.06	0.00028/0.00040	17245.55 secs	(42.41 secs)	0.318	0.225	0.509
37.0/42	0.047/0.06	0.00029/0.00040	17289.02 secs	(43.47 secs)	0.310	0.223	0.500
37.0/42	0.047/0.06	0.00030/0.00040	17334.37 secs	(45.34 secs)	0.343	0.229	0.512
37.0/42	0.047/0.06	0.00031/0.00040	17380.23 secs	(45.87 secs)	0.333	0.229	0.511
37.0/42	0.047/0.06	0.00032/0.00040	17427.15 secs	(46.92 secs)	0.345	0.229	0.512
37.0/42	0.047/0.06	0.00033/0.00040	17473.92 secs	(46.78 secs)	0.350	0.227	0.499
37.0/42	0.047/0.06	0.00034/0.00040	17521.92 secs	(47.99 secs)	0.374	0.229	0.509
37.0/42	0.047/0.06	0.00035/0.00040	17568.21 secs	(46.29 secs)	0.371	0.228	0.505
37.0/42	0.047/0.06	0.00036/0.00040	17616.74 secs	(48.53 secs)	0.380	0.228	0.501
37.0/42	0.047/0.06	0.00037/0.00040	17664.93 secs	(48.19 secs)	0.375	0.229	0.500
37.0/42	0.047/0.06	0.00038/0.00040	17713.94 secs	(49.01 secs)	0.397	0.229	0.499
37.0/42	0.047/0.06	0.00039/0.00040	17764.59 secs	(50.65 secs)	0.396	0.228	0.501
37.0/42	0.047/0.06	0.00040/0.00040	17812.85 secs	(48.26 secs)	0.397	0.229	0.500

37.0/42	0.048/0.06	0.00020/0.00040	17854.00 secs	(41.14 secs)	0.247	0.224	0.510
37.0/42	0.048/0.06	0.00021/0.00040	17895.30 secs	(41.30 secs)	0.256	0.223	0.511
37.0/42	0.048/0.06	0.00022/0.00040	17937.69 secs	(42.39 secs)	0.267	0.227	0.511
37.0/42	0.048/0.06	0.00023/0.00040	17979.83 secs	(42.15 secs)	0.282	0.229	0.515
37.0/42	0.048/0.06	0.00024/0.00040	18023.15 secs	(43.32 secs)	0.283	0.224	0.504
37.0/42	0.048/0.06	0.00025/0.00040	18068.02 secs	(44.88 secs)	0.310	0.229	0.515
37.0/42	0.048/0.06	0.00026/0.00040	18112.11 secs	(44.08 secs)	0.306	0.231	0.509
37.0/42	0.048/0.06	0.00027/0.00040	18156.75 secs	(44.65 secs)	0.322	0.227	0.508
37.0/42	0.048/0.06	0.00028/0.00040	18202.04 secs	(45.28 secs)	0.323	0.228	0.512
37.0/42	0.048/0.06	0.00029/0.00040	18248.29 secs	(46.25 secs)	0.326	0.227	0.511
37.0/42	0.048/0.06	0.00030/0.00040	18293.28 secs	(44.99 secs)	0.328	0.226	0.502
37.0/42	0.048/0.06	0.00031/0.00040	18338.71 secs	(45.43 secs)	0.347	0.227	0.504
37.0/42	0.048/0.06	0.00032/0.00040	18384.52 secs	(45.81 secs)	0.362	0.230	0.508
37.0/42	0.048/0.06	0.00033/0.00040	18429.67 secs	(45.15 secs)	0.359	0.227	0.506
37.0/42	0.048/0.06	0.00034/0.00040	18474.72 secs	(45.05 secs)	0.362	0.222	0.497
37.0/42	0.048/0.06	0.00035/0.00040	18522.30 secs	(47.57 secs)	0.381	0.231	0.508
37.0/42	0.048/0.06	0.00036/0.00040	18568.22 secs	(45.92 secs)	0.370	0.230	0.503
37.0/42	0.048/0.06	0.00037/0.00040	18614.95 secs	(46.74 secs)	0.391	0.228	0.499
37.0/42	0.048/0.06	0.00038/0.00040	18661.64 secs	(46.69 secs)	0.393	0.224	0.499
37.0/42	0.048/0.06	0.00039/0.00040	18709.72 secs	(48.07 secs)	0.386	0.228	0.499
37.0/42	0.048/0.06	0.00040/0.00040	18757.12 secs	(47.40 secs)	0.394	0.228	0.500

37.0/42	0.049/0.06	0.00020/0.00040	18797.81 secs	(40.69 secs)	0.264	0.225	0.509
37.0/42	0.049/0.06	0.00021/0.00040	18839.44 secs	(41.63 secs)	0.265	0.232	0.516
37.0/42	0.049/0.06	0.00022/0.00040	18880.94 secs	(41.51 secs)	0.267	0.224	0.501
37.0/42	0.049/0.06	0.00023/0.00040	18921.91 secs	(40.97 secs)	0.277	0.226	0.510
37.0/42	0.049/0.06	0.00024/0.00040	18963.90 secs	(41.99 secs)	0.287	0.225	0.506
37.0/42	0.049/0.06	0.00025/0.00040	19005.96 secs	(42.06 secs)	0.295	0.227	0.505
37.0/42	0.049/0.06	0.00026/0.00040	19049.84 secs	(43.87 secs)	0.300	0.231	0.508
37.0/42	0.049/0.06	0.00027/0.00040	19093.23 secs	(43.39 secs)	0.315	0.227	0.508
37.0/42	0.049/0.06	0.00028/0.00040	19136.52 secs	(43.30 secs)	0.317	0.225	0.508
37.0/42	0.049/0.06	0.00029/0.00040	19180.18 secs	(43.66 secs)	0.323	0.227	0.505
37.0/42	0.049/0.06	0.00030/0.00040	19224.25 secs	(44.06 secs)	0.336	0.224	0.501
37.0/42	0.049/0.06	0.00031/0.00040	19268.14 secs	(43.90 secs)	0.349	0.229	0.510
37.0/42	0.049/0.06	0.00032/0.00040	19313.90 secs	(45.75 secs)	0.362	0.228	0.502
37.0/42	0.049/0.06	0.00033/0.00040	19359.76 secs	(45.86 secs)	0.358	0.223	0.501
37.0/42	0.049/0.06	0.00034/0.00040	19406.33 secs	(46.58 secs)	0.370	0.227	0.500
37.0/42	0.049/0.06	0.00035/0.00040	19453.52 secs	(47.19 secs)	0.372	0.226	0.498
37.0/42	0.049/0.06	0.00036/0.00040	19500.15 secs	(46.62 secs)	0.387	0.227	0.499
37.0/42	0.049/0.06	0.00037/0.00040	19547.20 secs	(47.06 secs)	0.382	0.226	0.499
37.0/42	0.049/0.06	0.00038/0.00040	19595.56 secs	(48.35 secs)	0.400	0.229	0.500
37.0/42	0.049/0.06	0.00039/0.00040	19641.94 secs	(46.39 secs)	0.401	0.229	0.504
37.0/42	0.049/0.06	0.00040/0.00040	19690.42 secs	(48.48 secs)	0.407	0.229	0.500

37.0/42	0.050/0.06	0.00020/0.00040	19730.41 secs	(39.99 secs)	0.259	0.227	0.512
37.0/42	0.050/0.06	0.00021/0.00040	19772.30 secs	(41.88 secs)	0.273	0.227	0.511
37.0/42	0.050/0.06	0.00022/0.00040	19814.00 secs	(41.70 secs)	0.283	0.224	0.508
37.0/42	0.050/0.06	0.00023/0.00040	19856.04 secs	(42.04 secs)	0.282	0.226	0.510
37.0/42	0.050/0.06	0.00024/0.00040	19898.12 secs	(42.08 secs)	0.302	0.231	0.509
37.0/42	0.050/0.06	0.00025/0.00040	19939.61 secs	(41.49 secs)	0.291	0.222	0.500
37.0/42	0.050/0.06	0.00026/0.00040	19982.72 secs	(43.11 secs)	0.312	0.224	0.505
37.0/42	0.050/0.06	0.00027/0.00040	20025.10 secs	(42.38 secs)	0.311	0.224	0.503
37.0/42	0.050/0.06	0.00028/0.00040	20069.17 secs	(44.07 secs)	0.334	0.226	0.503
37.0/42	0.050/0.06	0.00029/0.00040	20113.58 secs	(44.41 secs)	0.336	0.225	0.505
37.0/42	0.050/0.06	0.00030/0.00040	20159.28 secs	(45.70 secs)	0.352	0.230	0.506
37.0/42	0.050/0.06	0.00031/0.00040	20205.13 secs	(45.86 secs)	0.359	0.228	0.506
37.0/42	0.050/0.06	0.00032/0.00040	20251.85 secs	(46.72 secs)	0.364	0.225	0.499
37.0/42	0.050/0.06	0.00033/0.00040	20298.04 secs	(46.19 secs)	0.356	0.228	0.503
37.0/42	0.050/0.06	0.00034/0.00040	20343.87 secs	(45.82 secs)	0.367	0.227	0.502
37.0/42	0.050/0.06	0.00035/0.00040	20391.08 secs	(47.21 secs)	0.388	0.229	0.504
37.0/42	0.050/0.06	0.00036/0.00040	20437.37 secs	(46.29 secs)	0.389	0.227	0.502
37.0/42	0.050/0.06	0.00037/0.00040	20484.70 secs	(47.33 secs)	0.385	0.231	0.500
37.0/42	0.050/0.06	0.00038/0.00040	20531.41 secs	(46.72 secs)	0.401	0.230	0.501
37.0/42	0.050/0.06	0.00039/0.00040	20578.81 secs	(47.39 secs)	0.391	0.222	0.491
37.0/42	0.050/0.06	0.00040/0.00040	20626.35 secs	(47.54 secs)	0.416	0.229	0.498

37.0/42	0.051/0.06	0.00020/0.00040	20666.52 secs	(40.17 secs)	0.263	0.227	0.510
37.0/42	0.051/0.06	0.00021/0.00040	20707.91 secs	(41.39 secs)	0.266	0.225	0.505
37.0/42	0.051/0.06	0.00022/0.00040	20749.60 secs	(41.69 secs)	0.286	0.233	0.520
37.0/42	0.051/0.06	0.00023/0.00040	20792.63 secs	(43.03 secs)	0.287	0.221	0.505
37.0/42	0.051/0.06	0.00024/0.00040	20836.64 secs	(44.01 secs)	0.304	0.222	0.510
37.0/42	0.051/0.06	0.00025/0.00040	20880.85 secs	(44.21 secs)	0.310	0.224	0.511
37.0/42	0.051/0.06	0.00026/0.00040	20924.13 secs	(43.28 secs)	0.313	0.224	0.501
37.0/42	0.051/0.06	0.00027/0.00040	20968.37 secs	(44.23 secs)	0.322	0.226	0.507
37.0/42	0.051/0.06	0.00028/0.00040	21013.87 secs	(45.51 secs)	0.340	0.230	0.506
37.0/42	0.051/0.06	0.00029/0.00040	21057.96 secs	(44.08 secs)	0.343	0.229	0.509
37.0/42	0.051/0.06	0.00030/0.00040	21103.49 secs	(45.54 secs)	0.348	0.228	0.504
37.0/42	0.051/0.06	0.00031/0.00040	21147.94 secs	(44.44 secs)	0.349	0.223	0.495
37.0/42	0.051/0.06	0.00032/0.00040	21193.98 secs	(46.04 secs)	0.361	0.227	0.506
37.0/42	0.051/0.06	0.00033/0.00040	21239.75 secs	(45.77 secs)	0.376	0.229	0.504
37.0/42	0.051/0.06	0.00034/0.00040	21287.76 secs	(48.01 secs)	0.377	0.227	0.500
37.0/42	0.051/0.06	0.00035/0.00040	21334.84 secs	(47.08 secs)	0.378	0.227	0.499
37.0/42	0.051/0.06	0.00036/0.00040	21381.18 secs	(46.34 secs)	0.399	0.225	0.497
37.0/42	0.051/0.06	0.00037/0.00040	21428.59 secs	(47.41 secs)	0.398	0.228	0.496
37.0/42	0.051/0.06	0.00038/0.00040	21474.73 secs	(46.15 secs)	0.400	0.231	0.499
37.0/42	0.051/0.06	0.00039/0.00040	21523.01 secs	(48.28 secs)	0.405	0.226	0.494
37.0/42	0.051/0.06	0.00040/0.00040	21570.15 secs	(47.14 secs)	0.401	0.227	0.490

37.0/42	0.052/0.06	0.00020/0.00040	21611.25 secs	(41.10 secs)	0.267	0.225	0.509
37.0/42	0.052/0.06	0.00021/0.00040	21653.27 secs	(42.01 secs)	0.271	0.229	0.508
37.0/42	0.052/0.06	0.00022/0.00040	21695.16 secs	(41.90 secs)	0.292	0.226	0.509
37.0/42	0.052/0.06	0.00023/0.00040	21739.02 secs	(43.85 secs)	0.296	0.229	0.510
37.0/42	0.052/0.06	0.00024/0.00040	21782.29 secs	(43.27 secs)	0.306	0.226	0.503
37.0/42	0.052/0.06	0.00025/0.00040	21824.35 secs	(42.06 secs)	0.307	0.223	0.509
37.0/42	0.052/0.06	0.00026/0.00040	21869.51 secs	(45.16 secs)	0.316	0.230	0.510
37.0/42	0.052/0.06	0.00027/0.00040	21914.02 secs	(44.52 secs)	0.329	0.232	0.509
37.0/42	0.052/0.06	0.00028/0.00040	21958.23 secs	(44.20 secs)	0.330	0.227	0.505
37.0/42	0.052/0.06	0.00029/0.00040	22003.27 secs	(45.05 secs)	0.349	0.228	0.503
37.0/42	0.052/0.06	0.00030/0.00040	22048.04 secs	(44.77 secs)	0.348	0.225	0.503
37.0/42	0.052/0.06	0.00031/0.00040	22092.97 secs	(44.93 secs)	0.355	0.230	0.500
37.0/42	0.052/0.06	0.00032/0.00040	22139.15 secs	(46.18 secs)	0.375	0.230	0.505
37.0/42	0.052/0.06	0.00033/0.00040	22184.79 secs	(45.64 secs)	0.372	0.227	0.502
37.0/42	0.052/0.06	0.00034/0.00040	22232.24 secs	(47.45 secs)	0.376	0.227	0.500
37.0/42	0.052/0.06	0.00035/0.00040	22279.76 secs	(47.52 secs)	0.391	0.229	0.503
37.0/42	0.052/0.06	0.00036/0.00040	22327.63 secs	(47.87 secs)	0.392	0.229	0.499
37.0/42	0.052/0.06	0.00037/0.00040	22374.54 secs	(46.91 secs)	0.391	0.230	0.498
37.0/42	0.052/0.06	0.00038/0.00040	22421.18 secs	(46.64 secs)	0.407	0.225	0.497
37.0/42	0.052/0.06	0.00039/0.00040	22469.45 secs	(48.27 secs)	0.422	0.227	0.492
37.0/42	0.052/0.06	0.00040/0.00040	22517.63 secs	(48.18 secs)	0.416	0.226	0.494

37.0/42	0.053/0.06	0.00020/0.00040	22559.12 secs	(41.49 secs)	0.279	0.231	0.514
37.0/42	0.053/0.06	0.00021/0.00040	22600.65 secs	(41.53 secs)	0.276	0.225	0.507
37.0/42	0.053/0.06	0.00022/0.00040	22642.01 secs	(41.37 secs)	0.280	0.229	0.509
37.0/42	0.053/0.06	0.00023/0.00040	22685.11 secs	(43.10 secs)	0.288	0.227	0.503
37.0/42	0.053/0.06	0.00024/0.00040	22728.35 secs	(43.24 secs)	0.322	0.227	0.507
37.0/42	0.053/0.06	0.00025/0.00040	22771.99 secs	(43.64 secs)	0.318	0.225	0.508
37.0/42	0.053/0.06	0.00026/0.00040	22817.37 secs	(45.38 secs)	0.334	0.225	0.501
37.0/42	0.053/0.06	0.00027/0.00040	22861.25 secs	(43.88 secs)	0.334	0.226	0.503
37.0/42	0.053/0.06	0.00028/0.00040	22905.95 secs	(44.69 secs)	0.355	0.231	0.508
37.0/42	0.053/0.06	0.00029/0.00040	22952.28 secs	(46.34 secs)	0.341	0.224	0.495
37.0/42	0.053/0.06	0.00030/0.00040	22997.57 secs	(45.29 secs)	0.351	0.228	0.502
37.0/42	0.053/0.06	0.00031/0.00040	23043.53 secs	(45.96 secs)	0.361	0.228	0.501
37.0/42	0.053/0.06	0.00032/0.00040	23089.29 secs	(45.76 secs)	0.370	0.230	0.503
37.0/42	0.053/0.06	0.00033/0.00040	23135.96 secs	(46.66 secs)	0.382	0.225	0.498
37.0/42	0.053/0.06	0.00034/0.00040	23183.13 secs	(47.17 secs)	0.394	0.227	0.501
37.0/42	0.053/0.06	0.00035/0.00040	23231.09 secs	(47.96 secs)	0.385	0.226	0.495
37.0/42	0.053/0.06	0.00036/0.00040	23279.11 secs	(48.01 secs)	0.397	0.231	0.503
37.0/42	0.053/0.06	0.00037/0.00040	23326.17 secs	(47.06 secs)	0.402	0.224	0.490
37.0/42	0.053/0.06	0.00038/0.00040	23373.45 secs	(47.28 secs)	0.406	0.228	0.501
37.0/42	0.053/0.06	0.00039/0.00040	23421.01 secs	(47.56 secs)	0.412	0.223	0.489
37.0/42	0.053/0.06	0.00040/0.00040	23468.78 secs	(47.77 secs)	0.419	0.224	0.494

37.0/42	0.054/0.06	0.00020/0.00040	23510.85 secs	(42.07 secs)	0.280	0.230	0.511
37.0/42	0.054/0.06	0.00021/0.00040	23553.75 secs	(42.90 secs)	0.283	0.231	0.511
37.0/42	0.054/0.06	0.00022/0.00040	23596.08 secs	(42.33 secs)	0.303	0.225	0.506
37.0/42	0.054/0.06	0.00023/0.00040	23638.78 secs	(42.70 secs)	0.308	0.231	0.513
37.0/42	0.054/0.06	0.00024/0.00040	23682.56 secs	(43.78 secs)	0.312	0.227	0.505
37.0/42	0.054/0.06	0.00025/0.00040	23725.85 secs	(43.29 secs)	0.317	0.227	0.504
37.0/42	0.054/0.06	0.00026/0.00040	23770.50 secs	(44.64 secs)	0.326	0.226	0.504
37.0/42	0.054/0.06	0.00027/0.00040	23814.56 secs	(44.06 secs)	0.335	0.229	0.506
37.0/42	0.054/0.06	0.00028/0.00040	23860.62 secs	(46.06 secs)	0.356	0.232	0.512
37.0/42	0.054/0.06	0.00029/0.00040	23906.50 secs	(45.88 secs)	0.349	0.230	0.509
37.0/42	0.054/0.06	0.00030/0.00040	23952.16 secs	(45.66 secs)	0.359	0.228	0.501
37.0/42	0.054/0.06	0.00031/0.00040	23998.01 secs	(45.85 secs)	0.378	0.230	0.504
37.0/42	0.054/0.06	0.00032/0.00040	24044.32 secs	(46.31 secs)	0.376	0.226	0.499
37.0/42	0.054/0.06	0.00033/0.00040	24090.65 secs	(46.32 secs)	0.377	0.227	0.498
37.0/42	0.054/0.06	0.00034/0.00040	24137.04 secs	(46.39 secs)	0.387	0.225	0.497
37.0/42	0.054/0.06	0.00035/0.00040	24183.80 secs	(46.76 secs)	0.383	0.226	0.496
37.0/42	0.054/0.06	0.00036/0.00040	24230.08 secs	(46.28 secs)	0.393	0.230	0.498
37.0/42	0.054/0.06	0.00037/0.00040	24277.86 secs	(47.78 secs)	0.414	0.230	0.496
37.0/42	0.054/0.06	0.00038/0.00040	24325.04 secs	(47.18 secs)	0.415	0.227	0.498
37.0/42	0.054/0.06	0.00039/0.00040	24373.22 secs	(48.18 secs)	0.419	0.227	0.498
37.0/42	0.054/0.06	0.00040/0.00040	24420.72 secs	(47.50 secs)	0.414	0.227	0.491

37.0/42	0.055/0.06	0.00020/0.00040	24462.62 secs	(41.90 secs)	0.279	0.225	0.508
37.0/42	0.055/0.06	0.00021/0.00040	24505.00 secs	(42.38 secs)	0.292	0.229	0.510
37.0/42	0.055/0.06	0.00022/0.00040	24547.94 secs	(42.93 secs)	0.307	0.223	0.506
37.0/42	0.055/0.06	0.00023/0.00040	24591.82 secs	(43.88 secs)	0.305	0.230	0.506
37.0/42	0.055/0.06	0.00024/0.00040	24634.98 secs	(43.16 secs)	0.315	0.226	0.504
37.0/42	0.055/0.06	0.00025/0.00040	24678.57 secs	(43.59 secs)	0.321	0.228	0.508
37.0/42	0.055/0.06	0.00026/0.00040	24722.26 secs	(43.69 secs)	0.332	0.223	0.503
37.0/42	0.055/0.06	0.00027/0.00040	24766.17 secs	(43.91 secs)	0.338	0.230	0.503
37.0/42	0.055/0.06	0.00028/0.00040	24810.25 secs	(44.08 secs)	0.357	0.227	0.502
37.0/42	0.055/0.06	0.00029/0.00040	24854.59 secs	(44.34 secs)	0.352	0.225	0.500
37.0/42	0.055/0.06	0.00030/0.00040	24899.77 secs	(45.18 secs)	0.367	0.226	0.501
37.0/42	0.055/0.06	0.00031/0.00040	24944.88 secs	(45.10 secs)	0.365	0.228	0.499
37.0/42	0.055/0.06	0.00032/0.00040	24991.96 secs	(47.09 secs)	0.380	0.233	0.509
37.0/42	0.055/0.06	0.00033/0.00040	25038.42 secs	(46.46 secs)	0.380	0.227	0.499
37.0/42	0.055/0.06	0.00034/0.00040	25084.76 secs	(46.34 secs)	0.399	0.229	0.498
37.0/42	0.055/0.06	0.00035/0.00040	25132.07 secs	(47.31 secs)	0.397	0.227	0.497
37.0/42	0.055/0.06	0.00036/0.00040	25179.32 secs	(47.25 secs)	0.399	0.228	0.499
37.0/42	0.055/0.06	0.00037/0.00040	25226.67 secs	(47.35 secs)	0.415	0.224	0.493
37.0/42	0.055/0.06	0.00038/0.00040	25274.61 secs	(47.94 secs)	0.415	0.225	0.491
37.0/42	0.055/0.06	0.00039/0.00040	25324.30 secs	(49.69 secs)	0.425	0.228	0.494
37.0/42	0.055/0.06	0.00040/0.00040	25375.04 secs	(50.74 secs)	0.436	0.230	0.495

37.0/42	0.056/0.06	0.00020/0.00040	25417.52 secs	(42.47 secs)	0.283	0.225	0.510
37.0/42	0.056/0.06	0.00021/0.00040	25459.76 secs	(42.25 secs)	0.293	0.229	0.513
37.0/42	0.056/0.06	0.00022/0.00040	25503.08 secs	(43.32 secs)	0.308	0.230	0.511
37.0/42	0.056/0.06	0.00023/0.00040	25547.32 secs	(44.24 secs)	0.310	0.226	0.504
37.0/42	0.056/0.06	0.00024/0.00040	25592.11 secs	(44.79 secs)	0.337	0.230	0.508
37.0/42	0.056/0.06	0.00025/0.00040	25636.89 secs	(44.78 secs)	0.330	0.230	0.504
37.0/42	0.056/0.06	0.00026/0.00040	25683.19 secs	(46.30 secs)	0.340	0.229	0.506
37.0/42	0.056/0.06	0.00027/0.00040	25728.14 secs	(44.94 secs)	0.347	0.229	0.501
37.0/42	0.056/0.06	0.00028/0.00040	25774.68 secs	(46.54 secs)	0.353	0.224	0.496
37.0/42	0.056/0.06	0.00029/0.00040	25820.87 secs	(46.19 secs)	0.366	0.229	0.503
37.0/42	0.056/0.06	0.00030/0.00040	25865.76 secs	(44.89 secs)	0.368	0.225	0.495
37.0/42	0.056/0.06	0.00031/0.00040	25911.15 secs	(45.39 secs)	0.380	0.231	0.500
37.0/42	0.056/0.06	0.00032/0.00040	25957.51 secs	(46.36 secs)	0.373	0.226	0.498
37.0/42	0.056/0.06	0.00033/0.00040	26004.45 secs	(46.95 secs)	0.383	0.226	0.495
37.0/42	0.056/0.06	0.00034/0.00040	26050.90 secs	(46.45 secs)	0.403	0.232	0.500
37.0/42	0.056/0.06	0.00035/0.00040	26097.15 secs	(46.25 secs)	0.407	0.225	0.490
37.0/42	0.056/0.06	0.00036/0.00040	26144.52 secs	(47.36 secs)	0.410	0.231	0.496
37.0/42	0.056/0.06	0.00037/0.00040	26191.51 secs	(46.99 secs)	0.418	0.225	0.492
37.0/42	0.056/0.06	0.00038/0.00040	26239.32 secs	(47.82 secs)	0.423	0.228	0.492
37.0/42	0.056/0.06	0.00039/0.00040	26286.85 secs	(47.53 secs)	0.427	0.227	0.492
37.0/42	0.056/0.06	0.00040/0.00040	26336.45 secs	(49.60 secs)	0.427	0.226	0.488

37.0/42	0.057/0.06	0.00020/0.00040	26377.72 secs	(41.27 secs)	0.283	0.222	0.502
37.0/42	0.057/0.06	0.00021/0.00040	26419.65 secs	(41.93 secs)	0.292	0.226	0.506
37.0/42	0.057/0.06	0.00022/0.00040	26462.11 secs	(42.46 secs)	0.293	0.223	0.503
37.0/42	0.057/0.06	0.00023/0.00040	26505.33 secs	(43.22 secs)	0.324	0.230	0.505
37.0/42	0.057/0.06	0.00024/0.00040	26550.33 secs	(45.00 secs)	0.334	0.228	0.505
37.0/42	0.057/0.06	0.00025/0.00040	26594.94 secs	(44.60 secs)	0.337	0.226	0.500
37.0/42	0.057/0.06	0.00026/0.00040	26639.40 secs	(44.46 secs)	0.343	0.225	0.499
37.0/42	0.057/0.06	0.00027/0.00040	26683.96 secs	(44.56 secs)	0.346	0.224	0.499
37.0/42	0.057/0.06	0.00028/0.00040	26729.27 secs	(45.31 secs)	0.362	0.229	0.497
37.0/42	0.057/0.06	0.00029/0.00040	26774.99 secs	(45.72 secs)	0.373	0.227	0.505
37.0/42	0.057/0.06	0.00030/0.00040	26820.52 secs	(45.53 secs)	0.376	0.224	0.500
37.0/42	0.057/0.06	0.00031/0.00040	26867.11 secs	(46.59 secs)	0.380	0.230	0.503
37.0/42	0.057/0.06	0.00032/0.00040	26914.39 secs	(47.28 secs)	0.387	0.229	0.498
37.0/42	0.057/0.06	0.00033/0.00040	26962.10 secs	(47.71 secs)	0.392	0.223	0.492
37.0/42	0.057/0.06	0.00034/0.00040	27010.08 secs	(47.98 secs)	0.403	0.226	0.495
37.0/42	0.057/0.06	0.00035/0.00040	27056.32 secs	(46.25 secs)	0.400	0.225	0.491
37.0/42	0.057/0.06	0.00036/0.00040	27103.79 secs	(47.47 secs)	0.417	0.226	0.493
37.0/42	0.057/0.06	0.00037/0.00040	27151.58 secs	(47.79 secs)	0.427	0.229	0.491
37.0/42	0.057/0.06	0.00038/0.00040	27198.97 secs	(47.39 secs)	0.426	0.223	0.492
37.0/42	0.057/0.06	0.00039/0.00040	27246.49 secs	(47.52 secs)	0.424	0.225	0.493
37.0/42	0.057/0.06	0.00040/0.00040	27294.59 secs	(48.10 secs)	0.445	0.229	0.496

37.0/42	0.058/0.06	0.00020/0.00040	27336.54 secs	(41.96 secs)	0.284	0.222	0.501
37.0/42	0.058/0.06	0.00021/0.00040	27381.26 secs	(44.71 secs)	0.297	0.223	0.501
37.0/42	0.058/0.06	0.00022/0.00040	27423.98 secs	(42.73 secs)	0.303	0.227	0.506
37.0/42	0.058/0.06	0.00023/0.00040	27466.25 secs	(42.27 secs)	0.312	0.228	0.505
37.0/42	0.058/0.06	0.00024/0.00040	27510.62 secs	(44.36 secs)	0.332	0.227	0.504
37.0/42	0.058/0.06	0.00025/0.00040	27554.29 secs	(43.67 secs)	0.326	0.229	0.506
37.0/42	0.058/0.06	0.00026/0.00040	27598.91 secs	(44.62 secs)	0.358	0.231	0.505
37.0/42	0.058/0.06	0.00027/0.00040	27643.19 secs	(44.28 secs)	0.342	0.228	0.500
37.0/42	0.058/0.06	0.00028/0.00040	27688.88 secs	(45.69 secs)	0.370	0.233	0.508
37.0/42	0.058/0.06	0.00029/0.00040	27735.11 secs	(46.23 secs)	0.375	0.232	0.500
37.0/42	0.058/0.06	0.00030/0.00040	27782.33 secs	(47.21 secs)	0.388	0.229	0.501
37.0/42	0.058/0.06	0.00031/0.00040	27829.76 secs	(47.44 secs)	0.385	0.230	0.500
37.0/42	0.058/0.06	0.00032/0.00040	27875.82 secs	(46.06 secs)	0.383	0.224	0.494
37.0/42	0.058/0.06	0.00033/0.00040	27923.68 secs	(47.86 secs)	0.399	0.227	0.497
37.0/42	0.058/0.06	0.00034/0.00040	27970.61 secs	(46.93 secs)	0.404	0.225	0.492
37.0/42	0.058/0.06	0.00035/0.00040	28018.31 secs	(47.70 secs)	0.419	0.226	0.492
37.0/42	0.058/0.06	0.00036/0.00040	28066.46 secs	(48.14 secs)	0.427	0.226	0.494
37.0/42	0.058/0.06	0.00037/0.00040	28114.31 secs	(47.86 secs)	0.429	0.229	0.495
37.0/42	0.058/0.06	0.00038/0.00040	28162.40 secs	(48.08 secs)	0.442	0.228	0.496
37.0/42	0.058/0.06	0.00039/0.00040	28211.95 secs	(49.56 secs)	0.442	0.224	0.493
37.0/42	0.058/0.06	0.00040/0.00040	28260.47 secs	(48.52 secs)	0.453	0.234	0.497

37.0/42	0.059/0.06	0.00020/0.00040	28303.17 secs	(42.70 secs)	0.298	0.230	0.511
37.0/42	0.059/0.06	0.00021/0.00040	28346.56 secs	(43.39 secs)	0.298	0.224	0.505
37.0/42	0.059/0.06	0.00022/0.00040	28389.82 secs	(43.26 secs)	0.309	0.228	0.505
37.0/42	0.059/0.06	0.00023/0.00040	28433.06 secs	(43.24 secs)	0.328	0.226	0.498
37.0/42	0.059/0.06	0.00024/0.00040	28477.40 secs	(44.35 secs)	0.335	0.229	0.504
37.0/42	0.059/0.06	0.00025/0.00040	28523.04 secs	(45.64 secs)	0.333	0.227	0.501
37.0/42	0.059/0.06	0.00026/0.00040	28568.22 secs	(45.18 secs)	0.338	0.224	0.498
37.0/42	0.059/0.06	0.00027/0.00040	28613.59 secs	(45.37 secs)	0.348	0.225	0.495
37.0/42	0.059/0.06	0.00028/0.00040	28659.11 secs	(45.52 secs)	0.360	0.228	0.497
37.0/42	0.059/0.06	0.00029/0.00040	28705.05 secs	(45.94 secs)	0.370	0.225	0.492
37.0/42	0.059/0.06	0.00030/0.00040	28752.03 secs	(46.97 secs)	0.375	0.226	0.496
37.0/42	0.059/0.06	0.00031/0.00040	28799.67 secs	(47.64 secs)	0.389	0.227	0.494
37.0/42	0.059/0.06	0.00032/0.00040	28847.58 secs	(47.91 secs)	0.397	0.228	0.496
37.0/42	0.059/0.06	0.00033/0.00040	28894.85 secs	(47.27 secs)	0.410	0.224	0.491
37.0/42	0.059/0.06	0.00034/0.00040	28942.36 secs	(47.51 secs)	0.414	0.228	0.496
37.0/42	0.059/0.06	0.00035/0.00040	28990.06 secs	(47.71 secs)	0.415	0.225	0.490
37.0/42	0.059/0.06	0.00036/0.00040	29037.50 secs	(47.44 secs)	0.425	0.226	0.489
37.0/42	0.059/0.06	0.00037/0.00040	29085.53 secs	(48.03 secs)	0.420	0.226	0.487
37.0/42	0.059/0.06	0.00038/0.00040	29135.38 secs	(49.85 secs)	0.440	0.227	0.491
37.0/42	0.059/0.06	0.00039/0.00040	29183.44 secs	(48.06 secs)	0.447	0.229	0.493
37.0/42	0.059/0.06	0.00040/0.00040	29230.88 secs	(47.44 secs)	0.444	0.228	0.491

37.0/42	0.060/0.06	0.00020/0.00040	29274.04 secs	(43.16 secs)	0.310	0.234	0.508
37.0/42	0.060/0.06	0.00021/0.00040	29318.18 secs	(44.14 secs)	0.308	0.220	0.494
37.0/42	0.060/0.06	0.00022/0.00040	29362.09 secs	(43.90 secs)	0.327	0.231	0.504
37.0/42	0.060/0.06	0.00023/0.00040	29406.06 secs	(43.97 secs)	0.332	0.223	0.497
37.0/42	0.060/0.06	0.00024/0.00040	29449.52 secs	(43.46 secs)	0.327	0.225	0.500
37.0/42	0.060/0.06	0.00025/0.00040	29494.26 secs	(44.74 secs)	0.343	0.228	0.499
37.0/42	0.060/0.06	0.00026/0.00040	29539.18 secs	(44.92 secs)	0.359	0.225	0.495
37.0/42	0.060/0.06	0.00027/0.00040	29584.08 secs	(44.90 secs)	0.361	0.225	0.500
37.0/42	0.060/0.06	0.00028/0.00040	29629.67 secs	(45.59 secs)	0.381	0.225	0.498
37.0/42	0.060/0.06	0.00029/0.00040	29675.72 secs	(46.06 secs)	0.385	0.225	0.496
37.0/42	0.060/0.06	0.00030/0.00040	29722.35 secs	(46.62 secs)	0.385	0.230	0.501
37.0/42	0.060/0.06	0.00031/0.00040	29768.87 secs	(46.53 secs)	0.392	0.227	0.495
37.0/42	0.060/0.06	0.00032/0.00040	29818.16 secs	(49.29 secs)	0.397	0.223	0.491
37.0/42	0.060/0.06	0.00033/0.00040	29868.15 secs	(49.99 secs)	0.406	0.227	0.494
37.0/42	0.060/0.06	0.00034/0.00040	29916.63 secs	(48.48 secs)	0.418	0.229	0.493
37.0/42	0.060/0.06	0.00035/0.00040	29965.45 secs	(48.82 secs)	0.423	0.228	0.497
37.0/42	0.060/0.06	0.00036/0.00040	30016.51 secs	(51.05 secs)	0.422	0.226	0.494
37.0/42	0.060/0.06	0.00037/0.00040	30068.22 secs	(51.71 secs)	0.437	0.231	0.492
37.0/42	0.060/0.06	0.00038/0.00040	30117.33 secs	(49.11 secs)	0.448	0.230	0.498
37.0/42	0.060/0.06	0.00039/0.00040	30166.09 secs	(48.76 secs)	0.453	0.231	0.498
37.0/42	0.060/0.06	0.00040/0.00040	30215.03 secs	(48.95 secs)	0.454	0.227	0.489



38.0/42	0.045/0.06	0.00020/0.00040	30255.84 secs	(40.81 secs)	0.250	0.234	0.527
38.0/42	0.045/0.06	0.00021/0.00040	30296.27 secs	(40.42 secs)	0.254	0.232	0.528
38.0/42	0.045/0.06	0.00022/0.00040	30335.87 secs	(39.61 secs)	0.260	0.233	0.517
38.0/42	0.045/0.06	0.00023/0.00040	30376.79 secs	(40.92 secs)	0.270	0.233	0.520
38.0/42	0.045/0.06	0.00024/0.00040	30419.27 secs	(42.48 secs)	0.289	0.236	0.522
38.0/42	0.045/0.06	0.00025/0.00040	30461.09 secs	(41.83 secs)	0.290	0.233	0.519
38.0/42	0.045/0.06	0.00026/0.00040	30503.97 secs	(42.88 secs)	0.303	0.237	0.520
38.0/42	0.045/0.06	0.00027/0.00040	30546.88 secs	(42.91 secs)	0.294	0.234	0.516
38.0/42	0.045/0.06	0.00028/0.00040	30590.39 secs	(43.51 secs)	0.315	0.229	0.516
38.0/42	0.045/0.06	0.00029/0.00040	30633.39 secs	(42.99 secs)	0.325	0.232	0.518
38.0/42	0.045/0.06	0.00030/0.00040	30678.23 secs	(44.85 secs)	0.331	0.229	0.513
38.0/42	0.045/0.06	0.00031/0.00040	30722.72 secs	(44.49 secs)	0.335	0.229	0.514
38.0/42	0.045/0.06	0.00032/0.00040	30768.04 secs	(45.32 secs)	0.346	0.234	0.516
38.0/42	0.045/0.06	0.00033/0.00040	30812.81 secs	(44.76 secs)	0.352	0.237	0.519
38.0/42	0.045/0.06	0.00034/0.00040	30858.09 secs	(45.28 secs)	0.355	0.230	0.510
38.0/42	0.045/0.06	0.00035/0.00040	30904.14 secs	(46.05 secs)	0.371	0.232	0.517
38.0/42	0.045/0.06	0.00036/0.00040	30949.75 secs	(45.61 secs)	0.372	0.229	0.509
38.0/42	0.045/0.06	0.00037/0.00040	30996.98 secs	(47.22 secs)	0.380	0.235	0.516
38.0/42	0.045/0.06	0.00038/0.00040	31044.16 secs	(47.18 secs)	0.384	0.233	0.509
38.0/42	0.045/0.06	0.00039/0.00040	31091.58 secs	(47.42 secs)	0.396	0.234	0.509
38.0/42	0.045/0.06	0.00040/0.00040	31138.74 secs	(47.16 secs)	0.393	0.231	0.506

38.0/42	0.046/0.06	0.00020/0.00040	31180.47 secs	(41.74 secs)	0.252	0.229	0.518
38.0/42	0.046/0.06	0.00021/0.00040	31225.18 secs	(44.70 secs)	0.273	0.235	0.527
38.0/42	0.046/0.06	0.00022/0.00040	31267.98 secs	(42.80 secs)	0.271	0.233	0.525
38.0/42	0.046/0.06	0.00023/0.00040	31312.46 secs	(44.49 secs)	0.283	0.239	0.527
38.0/42	0.046/0.06	0.00024/0.00040	31354.81 secs	(42.35 secs)	0.276	0.230	0.511
38.0/42	0.046/0.06	0.00025/0.00040	31400.08 secs	(45.27 secs)	0.304	0.233	0.522
38.0/42	0.046/0.06	0.00026/0.00040	31443.60 secs	(43.52 secs)	0.295	0.226	0.513
38.0/42	0.046/0.06	0.00027/0.00040	31488.43 secs	(44.83 secs)	0.306	0.231	0.512
38.0/42	0.046/0.06	0.00028/0.00040	31533.10 secs	(44.67 secs)	0.320	0.236	0.521
38.0/42	0.046/0.06	0.00029/0.00040	31581.44 secs	(48.34 secs)	0.328	0.235	0.521
38.0/42	0.046/0.06	0.00030/0.00040	31626.69 secs	(45.25 secs)	0.338	0.235	0.518
38.0/42	0.046/0.06	0.00031/0.00040	31672.80 secs	(46.11 secs)	0.337	0.230	0.512
38.0/42	0.046/0.06	0.00032/0.00040	31720.13 secs	(47.33 secs)	0.361	0.235	0.516
38.0/42	0.046/0.06	0.00033/0.00040	31767.21 secs	(47.08 secs)	0.346	0.231	0.508
38.0/42	0.046/0.06	0.00034/0.00040	31814.00 secs	(46.79 secs)	0.368	0.232	0.512
38.0/42	0.046/0.06	0.00035/0.00040	31858.77 secs	(44.77 secs)	0.357	0.227	0.504
38.0/42	0.046/0.06	0.00036/0.00040	31905.24 secs	(46.46 secs)	0.377	0.229	0.510
38.0/42	0.046/0.06	0.00037/0.00040	31951.38 secs	(46.15 secs)	0.390	0.235	0.514
38.0/42	0.046/0.06	0.00038/0.00040	31998.26 secs	(46.88 secs)	0.391	0.234	0.512
38.0/42	0.046/0.06	0.00039/0.00040	32045.13 secs	(46.87 secs)	0.394	0.235	0.508
38.0/42	0.046/0.06	0.00040/0.00040	32092.02 secs	(46.89 secs)	0.394	0.231	0.506

38.0/42	0.047/0.06	0.00020/0.00040	32131.72 secs	(39.70 secs)	0.263	0.232	0.521
38.0/42	0.047/0.06	0.00021/0.00040	32172.56 secs	(40.84 secs)	0.259	0.234	0.516
38.0/42	0.047/0.06	0.00022/0.00040	32213.67 secs	(41.11 secs)	0.277	0.233	0.521
38.0/42	0.047/0.06	0.00023/0.00040	32254.71 secs	(41.04 secs)	0.281	0.229	0.518
38.0/42	0.047/0.06	0.00024/0.00040	32297.20 secs	(42.48 secs)	0.292	0.228	0.517
38.0/42	0.047/0.06	0.00025/0.00040	32340.75 secs	(43.55 secs)	0.310	0.234	0.516
38.0/42	0.047/0.06	0.00026/0.00040	32383.96 secs	(43.21 secs)	0.304	0.235	0.524
38.0/42	0.047/0.06	0.00027/0.00040	32426.72 secs	(42.76 secs)	0.308	0.231	0.518
38.0/42	0.047/0.06	0.00028/0.00040	32469.97 secs	(43.25 secs)	0.313	0.230	0.511
38.0/42	0.047/0.06	0.00029/0.00040	32515.11 secs	(45.14 secs)	0.325	0.235	0.514
38.0/42	0.047/0.06	0.00030/0.00040	32561.05 secs	(45.95 secs)	0.340	0.233	0.513
38.0/42	0.047/0.06	0.00031/0.00040	32605.43 secs	(44.38 secs)	0.341	0.232	0.512
38.0/42	0.047/0.06	0.00032/0.00040	32650.36 secs	(44.93 secs)	0.352	0.233	0.510
38.0/42	0.047/0.06	0.00033/0.00040	32695.51 secs	(45.15 secs)	0.359	0.234	0.513
38.0/42	0.047/0.06	0.00034/0.00040	32742.38 secs	(46.87 secs)	0.370	0.234	0.512
38.0/42	0.047/0.06	0.00035/0.00040	32787.88 secs	(45.50 secs)	0.363	0.233	0.512
38.0/42	0.047/0.06	0.00036/0.00040	32835.23 secs	(47.35 secs)	0.379	0.237	0.512
38.0/42	0.047/0.06	0.00037/0.00040	32882.18 secs	(46.95 secs)	0.381	0.229	0.509
38.0/42	0.047/0.06	0.00038/0.00040	32928.43 secs	(46.25 secs)	0.392	0.234	0.512
38.0/42	0.047/0.06	0.00039/0.00040	32976.52 secs	(48.09 secs)	0.400	0.231	0.508
38.0/42	0.047/0.06	0.00040/0.00040	33023.74 secs	(47.22 secs)	0.408	0.230	0.507

38.0/42	0.048/0.06	0.00020/0.00040	33064.17 secs	(40.42 secs)	0.251	0.230	0.523
38.0/42	0.048/0.06	0.00021/0.00040	33105.20 secs	(41.03 secs)	0.253	0.231	0.522
38.0/42	0.048/0.06	0.00022/0.00040	33146.33 secs	(41.13 secs)	0.272	0.227	0.510
38.0/42	0.048/0.06	0.00023/0.00040	33189.21 secs	(42.88 secs)	0.281	0.233	0.517
38.0/42	0.048/0.06	0.00024/0.00040	33232.77 secs	(43.56 secs)	0.300	0.233	0.516
38.0/42	0.048/0.06	0.00025/0.00040	33274.79 secs	(42.02 secs)	0.308	0.234	0.516
38.0/42	0.048/0.06	0.00026/0.00040	33317.38 secs	(42.59 secs)	0.319	0.232	0.518
38.0/42	0.048/0.06	0.00027/0.00040	33360.72 secs	(43.34 secs)	0.325	0.232	0.515
38.0/42	0.048/0.06	0.00028/0.00040	33404.73 secs	(44.01 secs)	0.317	0.230	0.507
38.0/42	0.048/0.06	0.00029/0.00040	33449.18 secs	(44.45 secs)	0.331	0.232	0.513
38.0/42	0.048/0.06	0.00030/0.00040	33494.49 secs	(45.31 secs)	0.345	0.233	0.519
38.0/42	0.048/0.06	0.00031/0.00040	33539.62 secs	(45.14 secs)	0.344	0.234	0.514
38.0/42	0.048/0.06	0.00032/0.00040	33585.70 secs	(46.08 secs)	0.350	0.233	0.509
38.0/42	0.048/0.06	0.00033/0.00040	33630.88 secs	(45.18 secs)	0.360	0.234	0.511
38.0/42	0.048/0.06	0.00034/0.00040	33677.41 secs	(46.53 secs)	0.363	0.228	0.504
38.0/42	0.048/0.06	0.00035/0.00040	33723.07 secs	(45.66 secs)	0.374	0.235	0.509
38.0/42	0.048/0.06	0.00036/0.00040	33771.44 secs	(48.38 secs)	0.389	0.231	0.508
38.0/42	0.048/0.06	0.00037/0.00040	33819.34 secs	(47.90 secs)	0.397	0.231	0.509
38.0/42	0.048/0.06	0.00038/0.00040	33867.39 secs	(48.04 secs)	0.392	0.233	0.508
38.0/42	0.048/0.06	0.00039/0.00040	33913.71 secs	(46.33 secs)	0.396	0.233	0.505
38.0/42	0.048/0.06	0.00040/0.00040	33960.49 secs	(46.78 secs)	0.415	0.235	0.507

38.0/42	0.049/0.06	0.00020/0.00040	34001.84 secs	(41.34 secs)	0.267	0.235	0.521
38.0/42	0.049/0.06	0.00021/0.00040	34043.53 secs	(41.70 secs)	0.272	0.230	0.522
38.0/42	0.049/0.06	0.00022/0.00040	34085.09 secs	(41.56 secs)	0.274	0.230	0.510
38.0/42	0.049/0.06	0.00023/0.00040	34126.45 secs	(41.36 secs)	0.286	0.232	0.522
38.0/42	0.049/0.06	0.00024/0.00040	34169.77 secs	(43.32 secs)	0.294	0.229	0.513
38.0/42	0.049/0.06	0.00025/0.00040	34212.20 secs	(42.42 secs)	0.291	0.229	0.510
38.0/42	0.049/0.06	0.00026/0.00040	34255.53 secs	(43.33 secs)	0.311	0.234	0.516
38.0/42	0.049/0.06	0.00027/0.00040	34299.81 secs	(44.28 secs)	0.321	0.232	0.509
38.0/42	0.049/0.06	0.00028/0.00040	34343.72 secs	(43.91 secs)	0.322	0.231	0.508
38.0/42	0.049/0.06	0.00029/0.00040	34388.87 secs	(45.15 secs)	0.333	0.231	0.509
38.0/42	0.049/0.06	0.00030/0.00040	34432.82 secs	(43.95 secs)	0.341	0.231	0.512
38.0/42	0.049/0.06	0.00031/0.00040	34477.21 secs	(44.39 secs)	0.355	0.231	0.508
38.0/42	0.049/0.06	0.00032/0.00040	34522.57 secs	(45.36 secs)	0.358	0.234	0.510
38.0/42	0.049/0.06	0.00033/0.00040	34568.12 secs	(45.56 secs)	0.372	0.233	0.514
38.0/42	0.049/0.06	0.00034/0.00040	34614.18 secs	(46.05 secs)	0.377	0.232	0.507
38.0/42	0.049/0.06	0.00035/0.00040	34660.73 secs	(46.56 secs)	0.389	0.235	0.513
38.0/42	0.049/0.06	0.00036/0.00040	34707.63 secs	(46.90 secs)	0.382	0.233	0.507
38.0/42	0.049/0.06	0.00037/0.00040	34754.63 secs	(46.99 secs)	0.390	0.232	0.508
38.0/42	0.049/0.06	0.00038/0.00040	34801.31 secs	(46.68 secs)	0.401	0.233	0.507
38.0/42	0.049/0.06	0.00039/0.00040	34848.43 secs	(47.12 secs)	0.401	0.231	0.505
38.0/42	0.049/0.06	0.00040/0.00040	34896.68 secs	(48.25 secs)	0.399	0.230	0.503

38.0/42	0.050/0.06	0.00020/0.00040	34937.02 secs	(40.34 secs)	0.261	0.227	0.516
38.0/42	0.050/0.06	0.00021/0.00040	34978.22 secs	(41.20 secs)	0.271	0.232	0.515
38.0/42	0.050/0.06	0.00022/0.00040	35020.91 secs	(42.69 secs)	0.292	0.229	0.517
38.0/42	0.050/0.06	0.00023/0.00040	35063.09 secs	(42.18 secs)	0.297	0.232	0.519
38.0/42	0.050/0.06	0.00024/0.00040	35106.91 secs	(43.82 secs)	0.306	0.233	0.524
38.0/42	0.050/0.06	0.00025/0.00040	35150.62 secs	(43.71 secs)	0.314	0.231	0.513
38.0/42	0.050/0.06	0.00026/0.00040	35195.58 secs	(44.96 secs)	0.329	0.234	0.514
38.0/42	0.050/0.06	0.00027/0.00040	35239.90 secs	(44.32 secs)	0.330	0.233	0.517
38.0/42	0.050/0.06	0.00028/0.00040	35284.52 secs	(44.63 secs)	0.328	0.230	0.509
38.0/42	0.050/0.06	0.00029/0.00040	35331.99 secs	(47.47 secs)	0.348	0.237	0.517
38.0/42	0.050/0.06	0.00030/0.00040	35380.16 secs	(48.16 secs)	0.345	0.232	0.513
38.0/42	0.050/0.06	0.00031/0.00040	35431.82 secs	(51.66 secs)	0.365	0.234	0.511
38.0/42	0.050/0.06	0.00032/0.00040	35483.41 secs	(51.59 secs)	0.358	0.227	0.503
38.0/42	0.050/0.06	0.00033/0.00040	35531.35 secs	(47.94 secs)	0.371	0.234	0.508
38.0/42	0.050/0.06	0.00034/0.00040	35578.42 secs	(47.06 secs)	0.372	0.231	0.507
38.0/42	0.050/0.06	0.00035/0.00040	35626.14 secs	(47.72 secs)	0.392	0.235	0.504
38.0/42	0.050/0.06	0.00036/0.00040	35673.31 secs	(47.17 secs)	0.393	0.235	0.509
38.0/42	0.050/0.06	0.00037/0.00040	35719.71 secs	(46.40 secs)	0.398	0.234	0.512
38.0/42	0.050/0.06	0.00038/0.00040	35767.08 secs	(47.37 secs)	0.404	0.235	0.505
38.0/42	0.050/0.06	0.00039/0.00040	35814.37 secs	(47.30 secs)	0.411	0.234	0.505
38.0/42	0.050/0.06	0.00040/0.00040	35862.62 secs	(48.24 secs)	0.419	0.230	0.500

38.0/42	0.051/0.06	0.00020/0.00040	35904.29 secs	(41.67 secs)	0.270	0.233	0.517
38.0/42	0.051/0.06	0.00021/0.00040	35945.20 secs	(40.90 secs)	0.264	0.229	0.509
38.0/42	0.051/0.06	0.00022/0.00040	35986.86 secs	(41.67 secs)	0.291	0.235	0.521
38.0/42	0.051/0.06	0.00023/0.00040	36030.24 secs	(43.37 secs)	0.299	0.235	0.519
38.0/42	0.051/0.06	0.00024/0.00040	36073.75 secs	(43.51 secs)	0.302	0.234	0.518
38.0/42	0.051/0.06	0.00025/0.00040	36116.73 secs	(42.98 secs)	0.322	0.232	0.523
38.0/42	0.051/0.06	0.00026/0.00040	36160.92 secs	(44.18 secs)	0.324	0.230	0.510
38.0/42	0.051/0.06	0.00027/0.00040	36205.21 secs	(44.30 secs)	0.336	0.233	0.513
38.0/42	0.051/0.06	0.00028/0.00040	36249.45 secs	(44.23 secs)	0.331	0.235	0.514
38.0/42	0.051/0.06	0.00029/0.00040	36293.77 secs	(44.32 secs)	0.346	0.235	0.515
38.0/42	0.051/0.06	0.00030/0.00040	36340.08 secs	(46.32 secs)	0.367	0.234	0.514
38.0/42	0.051/0.06	0.00031/0.00040	36385.44 secs	(45.35 secs)	0.364	0.236	0.510
38.0/42	0.051/0.06	0.00032/0.00040	36430.30 secs	(44.87 secs)	0.346	0.227	0.502
38.0/42	0.051/0.06	0.00033/0.00040	36478.92 secs	(48.61 secs)	0.376	0.233	0.511
38.0/42	0.051/0.06	0.00034/0.00040	36527.62 secs	(48.70 secs)	0.388	0.235	0.510
38.0/42	0.051/0.06	0.00035/0.00040	36577.25 secs	(49.63 secs)	0.390	0.234	0.511
38.0/42	0.051/0.06	0.00036/0.00040	36627.11 secs	(49.87 secs)	0.395	0.234	0.509
38.0/42	0.051/0.06	0.00037/0.00040	36676.64 secs	(49.52 secs)	0.402	0.230	0.503
38.0/42	0.051/0.06	0.00038/0.00040	36726.22 secs	(49.58 secs)	0.416	0.234	0.505
38.0/42	0.051/0.06	0.00039/0.00040	36775.27 secs	(49.06 secs)	0.418	0.231	0.507
38.0/42	0.051/0.06	0.00040/0.00040	36824.85 secs	(49.57 secs)	0.417	0.227	0.498

38.0/42	0.052/0.06	0.00020/0.00040	36867.99 secs	(43.14 secs)	0.271	0.234	0.513
38.0/42	0.052/0.06	0.00021/0.00040	36912.06 secs	(44.07 secs)	0.278	0.231	0.516
38.0/42	0.052/0.06	0.00022/0.00040	36955.34 secs	(43.28 secs)	0.282	0.231	0.511
38.0/42	0.052/0.06	0.00023/0.00040	36999.76 secs	(44.43 secs)	0.300	0.235	0.515
38.0/42	0.052/0.06	0.00024/0.00040	37044.47 secs	(44.71 secs)	0.305	0.231	0.514
38.0/42	0.052/0.06	0.00025/0.00040	37087.85 secs	(43.37 secs)	0.317	0.233	0.516
38.0/42	0.052/0.06	0.00026/0.00040	37132.07 secs	(44.23 secs)	0.328	0.233	0.515
38.0/42	0.052/0.06	0.00027/0.00040	37176.02 secs	(43.95 secs)	0.337	0.234	0.516
38.0/42	0.052/0.06	0.00028/0.00040	37220.54 secs	(44.52 secs)	0.340	0.228	0.511
38.0/42	0.052/0.06	0.00029/0.00040	37265.79 secs	(45.25 secs)	0.354	0.232	0.507
38.0/42	0.052/0.06	0.00030/0.00040	37311.71 secs	(45.92 secs)	0.359	0.231	0.512
38.0/42	0.052/0.06	0.00031/0.00040	37357.37 secs	(45.66 secs)	0.366	0.231	0.506
38.0/42	0.052/0.06	0.00032/0.00040	37403.35 secs	(45.98 secs)	0.367	0.231	0.505
38.0/42	0.052/0.06	0.00033/0.00040	37449.41 secs	(46.06 secs)	0.371	0.230	0.504
38.0/42	0.052/0.06	0.00034/0.00040	37495.78 secs	(46.36 secs)	0.396	0.233	0.508
38.0/42	0.052/0.06	0.00035/0.00040	37542.65 secs	(46.87 secs)	0.396	0.233	0.508
38.0/42	0.052/0.06	0.00036/0.00040	37590.01 secs	(47.36 secs)	0.406	0.232	0.504
38.0/42	0.052/0.06	0.00037/0.00040	37637.34 secs	(47.34 secs)	0.405	0.232	0.500
38.0/42	0.052/0.06	0.00038/0.00040	37685.17 secs	(47.82 secs)	0.413	0.234	0.503
38.0/42	0.052/0.06	0.00039/0.00040	37733.31 secs	(48.14 secs)	0.422	0.234	0.504
38.0/42	0.052/0.06	0.00040/0.00040	37781.82 secs	(48.51 secs)	0.414	0.232	0.503

38.0/42	0.053/0.06	0.00020/0.00040	37823.63 secs	(41.81 secs)	0.281	0.232	0.516
38.0/42	0.053/0.06	0.00021/0.00040	37865.01 secs	(41.38 secs)	0.288	0.231	0.513
38.0/42	0.053/0.06	0.00022/0.00040	37906.75 secs	(41.74 secs)	0.294	0.234	0.514
38.0/42	0.053/0.06	0.00023/0.00040	37949.71 secs	(42.96 secs)	0.293	0.229	0.511
38.0/42	0.053/0.06	0.00024/0.00040	37993.19 secs	(43.48 secs)	0.314	0.227	0.508
38.0/42	0.053/0.06	0.00025/0.00040	38037.88 secs	(44.69 secs)	0.331	0.234	0.515
38.0/42	0.053/0.06	0.00026/0.00040	38081.66 secs	(43.79 secs)	0.336	0.234	0.514
38.0/42	0.053/0.06	0.00027/0.00040	38126.27 secs	(44.61 secs)	0.342	0.232	0.508
38.0/42	0.053/0.06	0.00028/0.00040	38172.16 secs	(45.89 secs)	0.346	0.230	0.511
38.0/42	0.053/0.06	0.00029/0.00040	38217.17 secs	(45.02 secs)	0.353	0.234	0.506
38.0/42	0.053/0.06	0.00030/0.00040	38262.47 secs	(45.30 secs)	0.363	0.230	0.504
38.0/42	0.053/0.06	0.00031/0.00040	38308.92 secs	(46.44 secs)	0.374	0.230	0.512
38.0/42	0.053/0.06	0.00032/0.00040	38354.79 secs	(45.88 secs)	0.376	0.229	0.504
38.0/42	0.053/0.06	0.00033/0.00040	38401.29 secs	(46.50 secs)	0.382	0.229	0.506
38.0/42	0.053/0.06	0.00034/0.00040	38448.54 secs	(47.25 secs)	0.394	0.236	0.508
38.0/42	0.053/0.06	0.00035/0.00040	38496.49 secs	(47.94 secs)	0.402	0.233	0.506
38.0/42	0.053/0.06	0.00036/0.00040	38543.84 secs	(47.35 secs)	0.410	0.233	0.509
38.0/42	0.053/0.06	0.00037/0.00040	38592.43 secs	(48.60 secs)	0.409	0.232	0.502
38.0/42	0.053/0.06	0.00038/0.00040	38639.29 secs	(46.86 secs)	0.413	0.229	0.501
38.0/42	0.053/0.06	0.00039/0.00040	38686.96 secs	(47.67 secs)	0.417	0.230	0.498
38.0/42	0.053/0.06	0.00040/0.00040	38734.89 secs	(47.93 secs)	0.429	0.236	0.504

38.0/42	0.054/0.06	0.00020/0.00040	38775.75 secs	(40.86 secs)	0.278	0.228	0.516
38.0/42	0.054/0.06	0.00021/0.00040	38818.12 secs	(42.37 secs)	0.295	0.232	0.509
38.0/42	0.054/0.06	0.00022/0.00040	38860.37 secs	(42.25 secs)	0.300	0.235	0.519
38.0/42	0.054/0.06	0.00023/0.00040	38903.34 secs	(42.98 secs)	0.306	0.229	0.509
38.0/42	0.054/0.06	0.00024/0.00040	38947.31 secs	(43.96 secs)	0.317	0.232	0.507
38.0/42	0.054/0.06	0.00025/0.00040	38992.08 secs	(44.78 secs)	0.338	0.238	0.518
38.0/42	0.054/0.06	0.00026/0.00040	39037.02 secs	(44.94 secs)	0.337	0.233	0.518
38.0/42	0.054/0.06	0.00027/0.00040	39082.54 secs	(45.53 secs)	0.353	0.235	0.511
38.0/42	0.054/0.06	0.00028/0.00040	39128.42 secs	(45.88 secs)	0.349	0.230	0.506
38.0/42	0.054/0.06	0.00029/0.00040	39173.00 secs	(44.57 secs)	0.351	0.230	0.507
38.0/42	0.054/0.06	0.00030/0.00040	39219.44 secs	(46.45 secs)	0.364	0.231	0.504
38.0/42	0.054/0.06	0.00031/0.00040	39265.37 secs	(45.93 secs)	0.380	0.235	0.509
38.0/42	0.054/0.06	0.00032/0.00040	39311.10 secs	(45.73 secs)	0.378	0.232	0.502
38.0/42	0.054/0.06	0.00033/0.00040	39357.67 secs	(46.57 secs)	0.391	0.233	0.507
38.0/42	0.054/0.06	0.00034/0.00040	39405.34 secs	(47.67 secs)	0.389	0.232	0.502
38.0/42	0.054/0.06	0.00035/0.00040	39453.76 secs	(48.41 secs)	0.404	0.237	0.505
38.0/42	0.054/0.06	0.00036/0.00040	39501.37 secs	(47.61 secs)	0.407	0.234	0.506
38.0/42	0.054/0.06	0.00037/0.00040	39549.87 secs	(48.50 secs)	0.427	0.235	0.506
38.0/42	0.054/0.06	0.00038/0.00040	39597.62 secs	(47.75 secs)	0.415	0.234	0.503
38.0/42	0.054/0.06	0.00039/0.00040	39646.88 secs	(49.26 secs)	0.431	0.231	0.501
38.0/42	0.054/0.06	0.00040/0.00040	39695.31 secs	(48.43 secs)	0.437	0.233	0.502

38.0/42	0.055/0.06	0.00020/0.00040	39738.80 secs	(43.50 secs)	0.281	0.232	0.520
38.0/42	0.055/0.06	0.00021/0.00040	39782.18 secs	(43.38 secs)	0.290	0.228	0.514
38.0/42	0.055/0.06	0.00022/0.00040	39827.91 secs	(45.72 secs)	0.309	0.235	0.515
38.0/42	0.055/0.06	0.00023/0.00040	39871.62 secs	(43.71 secs)	0.330	0.232	0.513
38.0/42	0.055/0.06	0.00024/0.00040	39915.83 secs	(44.21 secs)	0.320	0.232	0.513
38.0/42	0.055/0.06	0.00025/0.00040	39960.04 secs	(44.21 secs)	0.330	0.234	0.507
38.0/42	0.055/0.06	0.00026/0.00040	