
R version 4.3.0 (2023-04-21) -- "Already Tomorrow"
Copyright (C) 2023 The R Foundation for Statistical Computing
Platform: x86_64-pc-linux-gnu (64-bit)

R is free software and comes with ABSOLUTELY NO WARRANTY.
You are welcome to redistribute it under certain conditions.
Type 'license()' or 'licence()' for distribution details.

  Natural language support but running in an English locale

R is a collaborative project with many contributors.
Type 'contributors()' for more information and
'citation()' on how to cite R or R packages in publications.

Type 'demo()' for some demos, 'help()' for on-line help, or
'help.start()' for an HTML browser interface to help.
Type 'q()' to quit R.

> rm(list = ls())
> gc()
         used (Mb) gc trigger (Mb) max used (Mb)
Ncells 284765 15.3     664565 35.5   464468 24.9
Vcells 490458  3.8    8388608 64.0  1837328 14.1
> library(dplyr)

Attaching package: ‘dplyr’

The following objects are masked from ‘package:stats’:

    filter, lag

The following objects are masked from ‘package:base’:

    intersect, setdiff, setequal, union

> library(foreach)
> library(doParallel)
Loading required package: iterators
Loading required package: parallel
> 
> # Set up the number of cores used for parallelization.
> message(detectCores())
32
> num_cores <- 32
> registerDoParallel(num_cores)
> 
> #########################
> #### SEIR Simulation ####
> #########################
> time <- 365 # Number of days.
> inf <- 7 # Average infectious period length.
> N <- 1000 # Population size.
> 
> create_hh <- function() {
+   # Randomly sample household sizes such that total population is 1000 
+   # individuals.
+   hh_size <- sample(x = c(3, 4, 5, 6), size = 340, replace = T)
+   
+   # Keep households such that total population is < 1000.
+   hh_size <- hh_size[which(cumsum(hh_size) < N)]
+   
+   leftover <- N - sum(hh_size)
+   if (leftover < 3) {
+     hh <- 1:length(hh_size)
+     sampled <- sample(hh[hh_size < 6], leftover)
+     hh_size[sampled] <- hh_size[sampled] + 1
+   } else {
+     hh_size <- c(hh_size, leftover)
+   }
+   return(hh_size)
+ }
> 
> SEIR_mix <- function(params, inf = 7, verbose = F) {
+   hh_size <- create_hh()
+   
+   # Create frame for running the simulation.
+   # ID: ID of individual.
+   # SIZE: size of individual's household.
+   # HH: ID of individual's household.
+   # S: susceptibility status.
+   # E: exposed status.
+   # E_count: number of days since exposed.
+   # I: infectious status.
+   # I_count: number of days since infectious.
+   # R: recovered status.
+   # INC: incubation period.
+   # INF: infectious period.
+   data <- data.frame(ID = 1:N,
+                      SIZE = rep(hh_size, times = hh_size),
+                      HH = rep(1:length(hh_size), times = hh_size), 
+                      S = c(0, rep(1, N - 1)), 
+                      E = c(1, rep(0, N - 1)),
+                      E_count = c(1, rep(0, N - 1)), 
+                      I = 0,
+                      I_count = 0, 
+                      R = 0, 
+                      INC = c(rlnorm(1, meanlog = log(29.8), sdlog = 0.45), rep(0, N - 1)),
+                      INF = 0)
+   
+   # Create frame for storing results.
+   # ID: ID of individual.
+   # SIZE: size of individual's household.
+   # HH: ID of individual's household.
+   # TYPE: the kind of infection: household (H), community (C), or both (B).
+   # TIME: when the individual became infectious.
+   # S_NUM: number of susceptible people in individual's household when their 
+   #        infectious period begins.
+   # I_NUM: number of people in household that this individual infected over 
+   #        their infectious period.
+   results <- data[, 1:3] %>% mutate(TYPE = NA, TIME = NA, S_NUM = NA, I_NUM = 0)
+   results$TYPE[1] <- '0'
+   
+   for(t in 1:time) {
+     if (verbose) {
+       if (t %% 10 == 0) {
+         cat(paste0(t, ' '))
+       }
+     }
+     
+     # Anyone who has been infectious for as many days as their infectious period
+     # is now recovered.
+     recovered <- (data$INF > 0) & (data$I_count == data$INF)
+     if(sum(recovered, na.rm = T) > 0) {
+       data$R[recovered] <- 1
+       data$I[recovered] <- 0
+       data$I_count[recovered] <- 0 
+     }
+     
+     new_inf <- (data$INC > 0) & (data$E_count == data$INC)
+     num_new_inf <- sum(new_inf, na.rm = T)
+     if(num_new_inf > 0) {
+       # Change status to newly infectious and add infectious period.
+       data$I[new_inf] <- 1
+       random_inf <- rnorm(num_new_inf, mean = inf, sd = 1) %>% round()
+       data$INF[new_inf] <- random_inf
+       
+       # Remove exposure status and exposure count.
+       data$E[new_inf] <- 0
+       data$E_count[new_inf] <- 0 
+       
+       # Record time at which infectious period starts.
+       results$TIME[new_inf] <- t
+       
+       # Save the number of susceptible people in each infectious individual's 
+       # household.
+       S_data <- data %>% group_by(HH) %>% 
+         mutate(S_TOT = sum(S)) %>% 
+         select(HH, S_TOT)
+       results$S_NUM[new_inf == 1] <- S_data$S_TOT[new_inf == 1]
+     }
+     
+     # I_H is the number of infections inside each household.
+     # I_C is the number of infections outside each household.
+     I_data <- data %>% group_by(HH) %>% 
+       mutate(I_H = sum(I)) %>% 
+       ungroup() %>% 
+       mutate(I_C = sum(I) - I_H)
+     
+     beta_H <- params[1]
+     beta_C <- params[2]
+     beta_E <- params[3]
+     risk_H <- pmin(beta_H * data$S * I_data$I_H / N, 1)
+     risk_C <- pmin(beta_C * data$S * I_data$I_C / N, 1)
+     risk_E <- pmin(beta_E * data$S, 1)
+ 
+     new_inf_H <- rbinom(N, 1, risk_H)
+     new_inf_C <- rbinom(N, 1, risk_C)
+     new_inf_E <- rbinom(N, 1, risk_E)
+     new_exposed <- (new_inf_H == 1) | (new_inf_C == 1) | (new_inf_E == 1)
+     num_new_exposed <- sum(new_exposed, na.rm = T)
+     if (num_new_exposed > 0) {
+       # Change status to newly exposed and add incubation period.
+       data$E[new_exposed] <- 1
+       random_inc <- rlnorm(num_new_exposed, meanlog = log(29.8), sdlog = 0.45) %>% round()
+       data$INC[new_exposed] <- random_inc
+       
+       # Remove susceptible status.
+       data$S[new_exposed] <- 0
+       
+       # Get number of new infections in each household.
+       I_data <- I_data %>%
+         select(ID, HH, I, I_H) %>%
+         mutate(new_I_H = new_inf_H) %>%
+         group_by(HH) %>%
+         # Find households with at least 1 currently infectious individual. If 
+         # exactly 1 infectious individual in household, assign all new H 
+         # exposures to that individual. If there are multiple infectious 
+         # individuals, assign all infections to the infectious individual with 
+         # the first ID.
+         mutate(new_I_H = ifelse(I == 1 & ID == first(ID[I == 1]), 
+                                 sum(new_I_H), 0))
+       
+       results$I_NUM <- results$I_NUM + I_data$new_I_H
+       
+       # Label infections types.
+       results$TYPE[new_inf_H == 1] <- 'H'
+       results$TYPE[new_inf_C == 1] <- 'C'
+       results$TYPE[new_inf_E == 1] <- 'E'
+       results$TYPE[(new_inf_H == 1) & (new_inf_C == 1)] <- 'HC'
+       results$TYPE[(new_inf_H == 1) & (new_inf_E == 1)] <- 'HE'
+       results$TYPE[(new_inf_C == 1) & (new_inf_E == 1)] <- 'CE'
+       results$TYPE[(new_inf_H == 1) & (new_inf_C == 1) & (new_inf_E == 1)] <- 'HCE'
+     }
+     
+     # Increment exposure and infectious counters.
+     data$E_count[data$E == 1] <- data$E_count[data$E == 1] + 1
+     data$I_count[data$I == 1] <- data$I_count[data$I == 1] + 1
+   }
+   return(results)
+ }
> 
> metrics <- function(results) {
+   # Incidence is the proportion of the population that became infected.
+   idc <- mean(!is.na(results$TIME))
+   
+   # The SAR is the average SAR for each individual that was infectious.
+   sar <- mean(results$I_NUM / results$S_NUM, na.rm = T)
+   
+   # The proportion of cases caused by household infections.
+   cases <- results[!is.na(results$TIME), ]
+   prp <- mean((cases$TYPE != 'E') & (cases$TYPE != '0'))
+ 
+   return(c(idc, sar, prp))
+ }
> 
> beta_Hs <- seq(10, 13, 1) # 4
> beta_Cs <- seq(0, 0.005, 0.001) # 6
> beta_Es <- seq(0.00005, 0.00025, 0.00001) # 21
> 
> d_H <- length(beta_Hs)
> d_C <- length(beta_Cs)
> d_E <- length(beta_Es)
> 
> reps <- 200
> idcs <- array(rep(NA, d_H * d_C * d_E * reps), dim = c(d_H, d_C, d_E, reps))
> sars <- array(rep(NA, d_H * d_C * d_E * reps), dim = c(d_H, d_C, d_E, reps))
> prps <- array(rep(NA, d_H * d_C * d_E * reps), dim = c(d_H, d_C, d_E, reps))
> t_tot <- 0
> for (i in 1:d_H) {
+   for (j in 1:d_C) {
+     for (k in 1:d_E) {
+       beta_H <- beta_Hs[i]
+       beta_C <- beta_Cs[j]
+       beta_E <- beta_Es[k]
+       
+       params <- c(beta_H, beta_C, beta_E)
+       
+       cat(paste0(format(beta_H, nsmall = 0), '/10\t', 
+                  format(beta_C, nsmall = 3), '/0.005\t',
+                  format(beta_E, nsmall = 5, scientific = F), '/0.00025\t'))
+         
+       t_0 <- Sys.time()
+       vals <- foreach (l = 1:reps, .combine = 'c') %dopar% {
+         results <- SEIR_mix(params) 
+         metrics(results)
+       }
+       t_1 <- Sys.time()
+       t_tot <- t_tot + (t_1 - t_0)
+         
+       cat(paste0(format(t_tot, nsmall = 2, digits = 4), '\t(', 
+                  format(t_1 - t_0, nsmall = 2, digits = 4), ')\t'))
+       
+       vals <- matrix(vals, reps, byrow = T)
+       idcs[i, j, k, ] <- vals[, 1]
+       sars[i, j, k, ] <- vals[, 2]
+       prps[i, j, k, ] <- vals[, 3]
+         
+       cat(paste0(format(round(mean(vals[, 1]), 3), nsmall = 3), '\t', 
+                  format(round(mean(vals[, 2]), 3), nsmall = 3), '\t', 
+                  format(round(mean(vals[, 3]), 3), nsmall = 3), '\n'))
+     }
+     cat('\n')
+     saveRDS(idcs, file = 'idcs.rds')
+     saveRDS(sars, file = 'sars.rds')
+     saveRDS(prps, file = 'prps.rds')
+     
+     write.table(idcs, file = 'idcs.txt', row.names = F, col.names = F)
+     write.table(sars, file = 'sars.txt', row.names = F, col.names = F)
+     write.table(prps, file = 'prps.txt', row.names = F, col.names = F)
+   }
+   message('\n')
+ }
10/10	0.000/0.005	0.00005/0.00025	55.38 secs	(55.38 secs)	0.021	0.063	0.201
10/10	0.000/0.005	0.00006/0.00025	112.87 secs	(57.49 secs)	0.025	0.065	0.202
10/10	0.000/0.005	0.00007/0.00025	170.18 secs	(57.31 secs)	0.029	0.065	0.198
10/10	0.000/0.005	0.00008/0.00025	230.13 secs	(59.95 secs)	0.033	0.064	0.204
10/10	0.000/0.005	0.00009/0.00025	290.81 secs	(1.011 mins)	0.036	0.066	0.214
10/10	0.000/0.005	0.00010/0.00025	354.28 secs	(1.058 mins)	0.042	0.065	0.208
10/10	0.000/0.005	0.00011/0.00025	420.08 secs	(1.097 mins)	0.046	0.068	0.212
10/10	0.000/0.005	0.00012/0.00025	485.91 secs	(1.097 mins)	0.049	0.065	0.206
10/10	0.000/0.005	0.00013/0.00025	552.88 secs	(1.116 mins)	0.053	0.065	0.201
10/10	0.000/0.005	0.00014/0.00025	621.77 secs	(1.148 mins)	0.057	0.066	0.205
10/10	0.000/0.005	0.00015/0.00025	695.89 secs	(1.235 mins)	0.061	0.065	0.202
10/10	0.000/0.005	0.00016/0.00025	771.00 secs	(1.252 mins)	0.065	0.065	0.204
10/10	0.000/0.005	0.00017/0.00025	848.41 secs	(1.29 mins)	0.069	0.068	0.210
10/10	0.000/0.005	0.00018/0.00025	921.96 secs	(1.226 mins)	0.072	0.067	0.206
10/10	0.000/0.005	0.00019/0.00025	997.08 secs	(1.252 mins)	0.076	0.067	0.206
10/10	0.000/0.005	0.00020/0.00025	1080.21 secs	(1.386 mins)	0.080	0.066	0.201
10/10	0.000/0.005	0.00021/0.00025	1163.36 secs	(1.386 mins)	0.084	0.068	0.207
10/10	0.000/0.005	0.00022/0.00025	1248.41 secs	(1.418 mins)	0.088	0.066	0.204
10/10	0.000/0.005	0.00023/0.00025	1333.37 secs	(1.416 mins)	0.092	0.067	0.203
10/10	0.000/0.005	0.00024/0.00025	1417.37 secs	(1.40 mins)	0.097	0.068	0.204
10/10	0.000/0.005	0.00025/0.00025	1502.17 secs	(1.413 mins)	0.099	0.067	0.206

10/10	0.001/0.005	0.00005/0.00025	1556.07 secs	(53.91 secs)	0.021	0.066	0.211
10/10	0.001/0.005	0.00006/0.00025	1614.87 secs	(58.79 secs)	0.025	0.062	0.205
10/10	0.001/0.005	0.00007/0.00025	1674.09 secs	(59.22 secs)	0.029	0.062	0.203
10/10	0.001/0.005	0.00008/0.00025	1731.61 secs	(57.52 secs)	0.033	0.066	0.212
10/10	0.001/0.005	0.00009/0.00025	1793.72 secs	(1.035 mins)	0.038	0.065	0.209
10/10	0.001/0.005	0.00010/0.00025	1859.87 secs	(1.102 mins)	0.042	0.066	0.217
10/10	0.001/0.005	0.00011/0.00025	1925.60 secs	(1.096 mins)	0.046	0.066	0.213
10/10	0.001/0.005	0.00012/0.00025	1990.15 secs	(1.076 mins)	0.049	0.066	0.211
10/10	0.001/0.005	0.00013/0.00025	2058.73 secs	(1.143 mins)	0.054	0.066	0.211
10/10	0.001/0.005	0.00014/0.00025	2129.68 secs	(1.183 mins)	0.057	0.066	0.210
10/10	0.001/0.005	0.00015/0.00025	2200.46 secs	(1.18 mins)	0.060	0.068	0.213
10/10	0.001/0.005	0.00016/0.00025	2276.51 secs	(1.267 mins)	0.065	0.065	0.207
10/10	0.001/0.005	0.00017/0.00025	2352.14 secs	(1.261 mins)	0.069	0.066	0.209
10/10	0.001/0.005	0.00018/0.00025	2432.05 secs	(1.332 mins)	0.072	0.065	0.208
10/10	0.001/0.005	0.00019/0.00025	2515.71 secs	(1.394 mins)	0.078	0.068	0.214
10/10	0.001/0.005	0.00020/0.00025	2594.57 secs	(1.314 mins)	0.080	0.065	0.208
10/10	0.001/0.005	0.00021/0.00025	2672.74 secs	(1.303 mins)	0.085	0.064	0.206
10/10	0.001/0.005	0.00022/0.00025	2756.81 secs	(1.401 mins)	0.087	0.066	0.207
10/10	0.001/0.005	0.00023/0.00025	2841.29 secs	(1.408 mins)	0.093	0.066	0.209
10/10	0.001/0.005	0.00024/0.00025	2924.25 secs	(1.383 mins)	0.097	0.066	0.209
10/10	0.001/0.005	0.00025/0.00025	3012.67 secs	(1.474 mins)	0.099	0.067	0.209

10/10	0.002/0.005	0.00005/0.00025	3069.08 secs	(56.41 secs)	0.021	0.066	0.218
10/10	0.002/0.005	0.00006/0.00025	3125.18 secs	(56.10 secs)	0.025	0.066	0.215
10/10	0.002/0.005	0.00007/0.00025	3187.49 secs	(1.038 mins)	0.030	0.064	0.212
10/10	0.002/0.005	0.00008/0.00025	3249.07 secs	(1.026 mins)	0.034	0.065	0.215
10/10	0.002/0.005	0.00009/0.00025	3316.08 secs	(1.117 mins)	0.038	0.064	0.213
10/10	0.002/0.005	0.00010/0.00025	3379.61 secs	(1.059 mins)	0.042	0.065	0.212
10/10	0.002/0.005	0.00011/0.00025	3449.66 secs	(1.168 mins)	0.046	0.065	0.221
10/10	0.002/0.005	0.00012/0.00025	3515.62 secs	(1.099 mins)	0.050	0.067	0.217
10/10	0.002/0.005	0.00013/0.00025	3597.85 secs	(1.371 mins)	0.053	0.066	0.217
10/10	0.002/0.005	0.00014/0.00025	3669.80 secs	(1.199 mins)	0.059	0.067	0.220
10/10	0.002/0.005	0.00015/0.00025	3744.19 secs	(1.24 mins)	0.063	0.068	0.222
10/10	0.002/0.005	0.00016/0.00025	3820.11 secs	(1.265 mins)	0.065	0.065	0.216
10/10	0.002/0.005	0.00017/0.00025	3896.98 secs	(1.281 mins)	0.070	0.064	0.211
10/10	0.002/0.005	0.00018/0.00025	3976.75 secs	(1.329 mins)	0.073	0.066	0.216
10/10	0.002/0.005	0.00019/0.00025	4055.21 secs	(1.308 mins)	0.077	0.065	0.214
10/10	0.002/0.005	0.00020/0.00025	4136.86 secs	(1.361 mins)	0.083	0.068	0.220
10/10	0.002/0.005	0.00021/0.00025	4223.20 secs	(1.439 mins)	0.084	0.067	0.218
10/10	0.002/0.005	0.00022/0.00025	4306.15 secs	(1.382 mins)	0.088	0.065	0.215
10/10	0.002/0.005	0.00023/0.00025	4390.78 secs	(1.411 mins)	0.093	0.066	0.212
10/10	0.002/0.005	0.00024/0.00025	4481.09 secs	(1.505 mins)	0.097	0.069	0.223
10/10	0.002/0.005	0.00025/0.00025	4574.25 secs	(1.553 mins)	0.102	0.068	0.218

10/10	0.003/0.005	0.00005/0.00025	4630.09 secs	(55.85 secs)	0.021	0.064	0.223
10/10	0.003/0.005	0.00006/0.00025	4685.11 secs	(55.02 secs)	0.026	0.064	0.216
10/10	0.003/0.005	0.00007/0.00025	4743.31 secs	(58.20 secs)	0.029	0.067	0.224
10/10	0.003/0.005	0.00008/0.00025	4805.24 secs	(1.032 mins)	0.033	0.064	0.213
10/10	0.003/0.005	0.00009/0.00025	4865.65 secs	(1.007 mins)	0.038	0.064	0.221
10/10	0.003/0.005	0.00010/0.00025	4929.43 secs	(1.063 mins)	0.042	0.065	0.223
10/10	0.003/0.005	0.00011/0.00025	4995.26 secs	(1.097 mins)	0.047	0.069	0.232
10/10	0.003/0.005	0.00012/0.00025	5065.67 secs	(1.173 mins)	0.050	0.066	0.222
10/10	0.003/0.005	0.00013/0.00025	5144.61 secs	(1.316 mins)	0.054	0.064	0.217
10/10	0.003/0.005	0.00014/0.00025	5218.01 secs	(1.223 mins)	0.059	0.066	0.224
10/10	0.003/0.005	0.00015/0.00025	5294.39 secs	(1.273 mins)	0.061	0.067	0.222
10/10	0.003/0.005	0.00016/0.00025	5369.67 secs	(1.255 mins)	0.066	0.068	0.228
10/10	0.003/0.005	0.00017/0.00025	5445.86 secs	(1.27 mins)	0.071	0.066	0.224
10/10	0.003/0.005	0.00018/0.00025	5529.47 secs	(1.393 mins)	0.075	0.069	0.227
10/10	0.003/0.005	0.00019/0.00025	5610.43 secs	(1.349 mins)	0.078	0.065	0.218
10/10	0.003/0.005	0.00020/0.00025	5693.48 secs	(1.384 mins)	0.083	0.067	0.218
10/10	0.003/0.005	0.00021/0.00025	5778.23 secs	(1.413 mins)	0.086	0.067	0.223
10/10	0.003/0.005	0.00022/0.00025	5871.50 secs	(1.554 mins)	0.088	0.067	0.220
10/10	0.003/0.005	0.00023/0.00025	5958.63 secs	(1.452 mins)	0.094	0.066	0.221
10/10	0.003/0.005	0.00024/0.00025	6044.08 secs	(1.424 mins)	0.098	0.068	0.226
10/10	0.003/0.005	0.00025/0.00025	6130.84 secs	(1.446 mins)	0.101	0.066	0.218

10/10	0.004/0.005	0.00005/0.00025	6185.87 secs	(55.03 secs)	0.022	0.067	0.230
10/10	0.004/0.005	0.00006/0.00025	6243.01 secs	(57.14 secs)	0.026	0.065	0.222
10/10	0.004/0.005	0.00007/0.00025	6307.35 secs	(1.072 mins)	0.030	0.068	0.238
10/10	0.004/0.005	0.00008/0.00025	6367.54 secs	(1.003 mins)	0.035	0.066	0.222
10/10	0.004/0.005	0.00009/0.00025	6436.62 secs	(1.151 mins)	0.038	0.064	0.222
10/10	0.004/0.005	0.00010/0.00025	6504.56 secs	(1.132 mins)	0.042	0.065	0.227
10/10	0.004/0.005	0.00011/0.00025	6569.45 secs	(1.081 mins)	0.047	0.066	0.226
10/10	0.004/0.005	0.00012/0.00025	6636.93 secs	(1.125 mins)	0.051	0.067	0.232
10/10	0.004/0.005	0.00013/0.00025	6704.95 secs	(1.134 mins)	0.055	0.066	0.227
10/10	0.004/0.005	0.00014/0.00025	6773.42 secs	(1.141 mins)	0.059	0.064	0.223
10/10	0.004/0.005	0.00015/0.00025	6847.50 secs	(1.235 mins)	0.063	0.065	0.225
10/10	0.004/0.005	0.00016/0.00025	6925.56 secs	(1.301 mins)	0.067	0.067	0.230
10/10	0.004/0.005	0.00017/0.00025	7002.96 secs	(1.29 mins)	0.071	0.066	0.227
10/10	0.004/0.005	0.00018/0.00025	7081.42 secs	(1.308 mins)	0.075	0.065	0.225
10/10	0.004/0.005	0.00019/0.00025	7159.71 secs	(1.305 mins)	0.078	0.068	0.232
10/10	0.004/0.005	0.00020/0.00025	7244.05 secs	(1.406 mins)	0.082	0.066	0.223
10/10	0.004/0.005	0.00021/0.00025	7325.49 secs	(1.357 mins)	0.087	0.067	0.226
10/10	0.004/0.005	0.00022/0.00025	7406.99 secs	(1.358 mins)	0.090	0.069	0.233
10/10	0.004/0.005	0.00023/0.00025	7491.70 secs	(1.412 mins)	0.092	0.065	0.224
10/10	0.004/0.005	0.00024/0.00025	7584.27 secs	(1.543 mins)	0.097	0.067	0.226
10/10	0.004/0.005	0.00025/0.00025	7674.68 secs	(1.507 mins)	0.103	0.068	0.233

10/10	0.005/0.005	0.00005/0.00025	7731.97 secs	(57.29 secs)	0.022	0.066	0.239
10/10	0.005/0.005	0.00006/0.00025	7790.38 secs	(58.42 secs)	0.027	0.066	0.239
10/10	0.005/0.005	0.00007/0.00025	7850.55 secs	(1.003 mins)	0.031	0.067	0.242
10/10	0.005/0.005	0.00008/0.00025	7914.62 secs	(1.068 mins)	0.035	0.067	0.235
10/10	0.005/0.005	0.00009/0.00025	7983.40 secs	(1.146 mins)	0.039	0.065	0.233
10/10	0.005/0.005	0.00010/0.00025	8050.66 secs	(1.121 mins)	0.043	0.066	0.238
10/10	0.005/0.005	0.00011/0.00025	8120.06 secs	(1.157 mins)	0.047	0.065	0.234
10/10	0.005/0.005	0.00012/0.00025	8192.06 secs	(1.20 mins)	0.052	0.065	0.234
10/10	0.005/0.005	0.00013/0.00025	8266.65 secs	(1.243 mins)	0.055	0.068	0.243
10/10	0.005/0.005	0.00014/0.00025	8339.37 secs	(1.212 mins)	0.059	0.064	0.229
10/10	0.005/0.005	0.00015/0.00025	8414.94 secs	(1.259 mins)	0.062	0.066	0.234
10/10	0.005/0.005	0.00016/0.00025	8489.79 secs	(1.247 mins)	0.068	0.068	0.244
10/10	0.005/0.005	0.00017/0.00025	8571.52 secs	(1.362 mins)	0.071	0.065	0.233
10/10	0.005/0.005	0.00018/0.00025	8651.94 secs	(1.34 mins)	0.076	0.064	0.231
10/10	0.005/0.005	0.00019/0.00025	8738.75 secs	(1.447 mins)	0.080	0.069	0.240
10/10	0.005/0.005	0.00020/0.00025	8823.74 secs	(1.417 mins)	0.083	0.066	0.231
10/10	0.005/0.005	0.00021/0.00025	8910.79 secs	(1.451 mins)	0.086	0.067	0.232
10/10	0.005/0.005	0.00022/0.00025	8997.28 secs	(1.441 mins)	0.091	0.065	0.230
10/10	0.005/0.005	0.00023/0.00025	9080.45 secs	(1.386 mins)	0.096	0.066	0.231
10/10	0.005/0.005	0.00024/0.00025	9173.98 secs	(1.559 mins)	0.100	0.065	0.230
10/10	0.005/0.005	0.00025/0.00025	9262.30 secs	(1.472 mins)	0.104	0.067	0.232



11/10	0.000/0.005	0.00005/0.00025	9317.95 secs	(55.65 secs)	0.021	0.077	0.230
11/10	0.000/0.005	0.00006/0.00025	9376.99 secs	(59.04 secs)	0.025	0.071	0.222
11/10	0.000/0.005	0.00007/0.00025	9434.51 secs	(57.52 secs)	0.029	0.070	0.219
11/10	0.000/0.005	0.00008/0.00025	9496.01 secs	(1.025 mins)	0.034	0.073	0.225
11/10	0.000/0.005	0.00009/0.00025	9558.20 secs	(1.037 mins)	0.038	0.072	0.224
11/10	0.000/0.005	0.00010/0.00025	9620.80 secs	(1.043 mins)	0.042	0.073	0.226
11/10	0.000/0.005	0.00011/0.00025	9692.25 secs	(1.191 mins)	0.047	0.073	0.225
11/10	0.000/0.005	0.00012/0.00025	9764.10 secs	(1.198 mins)	0.051	0.072	0.228
11/10	0.000/0.005	0.00013/0.00025	9840.40 secs	(1.272 mins)	0.055	0.072	0.224
11/10	0.000/0.005	0.00014/0.00025	9908.71 secs	(1.138 mins)	0.059	0.075	0.230
11/10	0.000/0.005	0.00015/0.00025	9980.79 secs	(1.201 mins)	0.062	0.072	0.225
11/10	0.000/0.005	0.00016/0.00025	10057.12 secs	(1.272 mins)	0.065	0.071	0.221
11/10	0.000/0.005	0.00017/0.00025	10135.53 secs	(1.307 mins)	0.070	0.074	0.224
11/10	0.000/0.005	0.00018/0.00025	10214.57 secs	(1.317 mins)	0.074	0.072	0.222
11/10	0.000/0.005	0.00019/0.00025	10293.91 secs	(1.322 mins)	0.078	0.072	0.222
11/10	0.000/0.005	0.00020/0.00025	10378.08 secs	(1.403 mins)	0.082	0.073	0.222
11/10	0.000/0.005	0.00021/0.00025	10460.78 secs	(1.378 mins)	0.087	0.072	0.222
11/10	0.000/0.005	0.00022/0.00025	10546.12 secs	(1.422 mins)	0.089	0.075	0.224
11/10	0.000/0.005	0.00023/0.00025	10631.76 secs	(1.427 mins)	0.094	0.072	0.222
11/10	0.000/0.005	0.00024/0.00025	10717.32 secs	(1.426 mins)	0.099	0.073	0.219
11/10	0.000/0.005	0.00025/0.00025	10808.94 secs	(1.527 mins)	0.103	0.074	0.225

11/10	0.001/0.005	0.00005/0.00025	10868.21 secs	(59.28 secs)	0.022	0.071	0.233
11/10	0.001/0.005	0.00006/0.00025	10924.03 secs	(55.82 secs)	0.026	0.072	0.231
11/10	0.001/0.005	0.00007/0.00025	10983.46 secs	(59.44 secs)	0.031	0.073	0.225
11/10	0.001/0.005	0.00008/0.00025	11042.73 secs	(59.27 secs)	0.034	0.074	0.234
11/10	0.001/0.005	0.00009/0.00025	11104.31 secs	(1.026 mins)	0.039	0.072	0.227
11/10	0.001/0.005	0.00010/0.00025	11172.25 secs	(1.132 mins)	0.043	0.071	0.231
11/10	0.001/0.005	0.00011/0.00025	11239.02 secs	(1.113 mins)	0.047	0.073	0.232
11/10	0.001/0.005	0.00012/0.00025	11312.96 secs	(1.232 mins)	0.050	0.069	0.224
11/10	0.001/0.005	0.00013/0.00025	11383.26 secs	(1.172 mins)	0.055	0.074	0.229
11/10	0.001/0.005	0.00014/0.00025	11458.52 secs	(1.254 mins)	0.059	0.073	0.227
11/10	0.001/0.005	0.00015/0.00025	11529.29 secs	(1.179 mins)	0.062	0.072	0.221
11/10	0.001/0.005	0.00016/0.00025	11605.04 secs	(1.263 mins)	0.067	0.072	0.228
11/10	0.001/0.005	0.00017/0.00025	11681.01 secs	(1.266 mins)	0.072	0.074	0.230
11/10	0.001/0.005	0.00018/0.00025	11761.17 secs	(1.336 mins)	0.076	0.074	0.232
11/10	0.001/0.005	0.00019/0.00025	11844.30 secs	(1.386 mins)	0.078	0.073	0.226
11/10	0.001/0.005	0.00020/0.00025	11924.31 secs	(1.333 mins)	0.082	0.072	0.225
11/10	0.001/0.005	0.00021/0.00025	12009.01 secs	(1.412 mins)	0.088	0.071	0.223
11/10	0.001/0.005	0.00022/0.00025	12096.52 secs	(1.459 mins)	0.090	0.073	0.227
11/10	0.001/0.005	0.00023/0.00025	12183.77 secs	(1.454 mins)	0.094	0.072	0.227
11/10	0.001/0.005	0.00024/0.00025	12268.53 secs	(1.413 mins)	0.098	0.074	0.229
11/10	0.001/0.005	0.00025/0.00025	12357.35 secs	(1.48 mins)	0.102	0.074	0.231

11/10	0.002/0.005	0.00005/0.00025	12413.21 secs	(55.85 secs)	0.021	0.068	0.222
11/10	0.002/0.005	0.00006/0.00025	12471.03 secs	(57.83 secs)	0.026	0.072	0.234
11/10	0.002/0.005	0.00007/0.00025	12532.21 secs	(1.02 mins)	0.030	0.070	0.225
11/10	0.002/0.005	0.00008/0.00025	12593.62 secs	(1.023 mins)	0.033	0.069	0.226
11/10	0.002/0.005	0.00009/0.00025	12658.12 secs	(1.075 mins)	0.038	0.071	0.237
11/10	0.002/0.005	0.00010/0.00025	12725.97 secs	(1.131 mins)	0.043	0.074	0.242
11/10	0.002/0.005	0.00011/0.00025	12796.95 secs	(1.183 mins)	0.048	0.074	0.238
11/10	0.002/0.005	0.00012/0.00025	12868.51 secs	(1.193 mins)	0.051	0.071	0.232
11/10	0.002/0.005	0.00013/0.00025	12941.07 secs	(1.209 mins)	0.055	0.072	0.234
11/10	0.002/0.005	0.00014/0.00025	13013.25 secs	(1.203 mins)	0.059	0.072	0.234
11/10	0.002/0.005	0.00015/0.00025	13086.82 secs	(1.226 mins)	0.063	0.072	0.232
11/10	0.002/0.005	0.00016/0.00025	13163.68 secs	(1.281 mins)	0.067	0.071	0.228
11/10	0.002/0.005	0.00017/0.00025	13243.68 secs	(1.333 mins)	0.073	0.073	0.237
11/10	0.002/0.005	0.00018/0.00025	13323.79 secs	(1.335 mins)	0.075	0.073	0.232
11/10	0.002/0.005	0.00019/0.00025	13403.21 secs	(1.324 mins)	0.078	0.073	0.233
11/10	0.002/0.005	0.00020/0.00025	13484.39 secs	(1.353 mins)	0.082	0.071	0.231
11/10	0.002/0.005	0.00021/0.00025	13570.58 secs	(1.437 mins)	0.089	0.074	0.238
11/10	0.002/0.005	0.00022/0.00025	13653.51 secs	(1.382 mins)	0.090	0.075	0.236
11/10	0.002/0.005	0.00023/0.00025	13734.76 secs	(1.354 mins)	0.095	0.074	0.234
11/10	0.002/0.005	0.00024/0.00025	13823.04 secs	(1.471 mins)	0.100	0.075	0.238
11/10	0.002/0.005	0.00025/0.00025	13911.81 secs	(1.479 mins)	0.103	0.072	0.233

11/10	0.003/0.005	0.00005/0.00025	13969.18 secs	(57.37 secs)	0.021	0.068	0.228
11/10	0.003/0.005	0.00006/0.00025	14026.47 secs	(57.29 secs)	0.027	0.073	0.237
11/10	0.003/0.005	0.00007/0.00025	14083.71 secs	(57.24 secs)	0.031	0.072	0.242
11/10	0.003/0.005	0.00008/0.00025	14155.14 secs	(1.191 mins)	0.035	0.072	0.239
11/10	0.003/0.005	0.00009/0.00025	14217.22 secs	(1.035 mins)	0.038	0.072	0.239
11/10	0.003/0.005	0.00010/0.00025	14286.95 secs	(1.162 mins)	0.043	0.074	0.248
11/10	0.003/0.005	0.00011/0.00025	14351.65 secs	(1.078 mins)	0.048	0.073	0.245
11/10	0.003/0.005	0.00012/0.00025	14418.68 secs	(1.117 mins)	0.052	0.072	0.244
11/10	0.003/0.005	0.00013/0.00025	14488.20 secs	(1.159 mins)	0.055	0.073	0.241
11/10	0.003/0.005	0.00014/0.00025	14561.13 secs	(1.216 mins)	0.059	0.071	0.237
11/10	0.003/0.005	0.00015/0.00025	14632.75 secs	(1.194 mins)	0.063	0.071	0.236
11/10	0.003/0.005	0.00016/0.00025	14714.81 secs	(1.368 mins)	0.068	0.071	0.236
11/10	0.003/0.005	0.00017/0.00025	14791.35 secs	(1.276 mins)	0.072	0.071	0.239
11/10	0.003/0.005	0.00018/0.00025	14878.19 secs	(1.447 mins)	0.077	0.073	0.237
11/10	0.003/0.005	0.00019/0.00025	14966.24 secs	(1.468 mins)	0.079	0.071	0.232
11/10	0.003/0.005	0.00020/0.00025	15058.16 secs	(1.532 mins)	0.083	0.075	0.239
11/10	0.003/0.005	0.00021/0.00025	15138.07 secs	(1.332 mins)	0.087	0.073	0.235
11/10	0.003/0.005	0.00022/0.00025	15224.20 secs	(1.436 mins)	0.091	0.072	0.239
11/10	0.003/0.005	0.00023/0.00025	15309.58 secs	(1.423 mins)	0.097	0.072	0.238
11/10	0.003/0.005	0.00024/0.00025	15395.74 secs	(1.436 mins)	0.100	0.073	0.236
11/10	0.003/0.005	0.00025/0.00025	15486.50 secs	(1.513 mins)	0.104	0.071	0.229

11/10	0.004/0.005	0.00005/0.00025	15542.20 secs	(55.69 secs)	0.023	0.073	0.251
11/10	0.004/0.005	0.00006/0.00025	15600.16 secs	(57.96 secs)	0.026	0.073	0.243
11/10	0.004/0.005	0.00007/0.00025	15661.51 secs	(1.022 mins)	0.031	0.070	0.241
11/10	0.004/0.005	0.00008/0.00025	15723.91 secs	(1.04 mins)	0.034	0.069	0.231
11/10	0.004/0.005	0.00009/0.00025	15789.98 secs	(1.101 mins)	0.039	0.071	0.248
11/10	0.004/0.005	0.00010/0.00025	15852.92 secs	(1.049 mins)	0.042	0.069	0.241
11/10	0.004/0.005	0.00011/0.00025	15920.16 secs	(1.121 mins)	0.048	0.073	0.246
11/10	0.004/0.005	0.00012/0.00025	15987.96 secs	(1.13 mins)	0.053	0.074	0.253
11/10	0.004/0.005	0.00013/0.00025	16063.59 secs	(1.26 mins)	0.056	0.070	0.242
11/10	0.004/0.005	0.00014/0.00025	16137.77 secs	(1.236 mins)	0.061	0.074	0.250
11/10	0.004/0.005	0.00015/0.00025	16212.86 secs	(1.252 mins)	0.063	0.072	0.242
11/10	0.004/0.005	0.00016/0.00025	16291.92 secs	(1.318 mins)	0.068	0.072	0.244
11/10	0.004/0.005	0.00017/0.00025	16368.84 secs	(1.282 mins)	0.072	0.071	0.242
11/10	0.004/0.005	0.00018/0.00025	16452.04 secs	(1.387 mins)	0.077	0.073	0.243
11/10	0.004/0.005	0.00019/0.00025	16540.63 secs	(1.476 mins)	0.081	0.074	0.249
11/10	0.004/0.005	0.00020/0.00025	16627.04 secs	(1.44 mins)	0.083	0.072	0.245
11/10	0.004/0.005	0.00021/0.00025	16717.72 secs	(1.511 mins)	0.089	0.072	0.243
11/10	0.004/0.005	0.00022/0.00025	16802.12 secs	(1.407 mins)	0.093	0.073	0.249
11/10	0.004/0.005	0.00023/0.00025	16889.03 secs	(1.448 mins)	0.097	0.073	0.241
11/10	0.004/0.005	0.00024/0.00025	16978.08 secs	(1.484 mins)	0.100	0.074	0.246
11/10	0.004/0.005	0.00025/0.00025	17070.54 secs	(1.541 mins)	0.102	0.072	0.238

11/10	0.005/0.005	0.00005/0.00025	17126.68 secs	(56.14 secs)	0.022	0.070	0.247
11/10	0.005/0.005	0.00006/0.00025	17184.82 secs	(58.14 secs)	0.027	0.069	0.247
11/10	0.005/0.005	0.00007/0.00025	17245.68 secs	(1.014 mins)	0.031	0.069	0.247
11/10	0.005/0.005	0.00008/0.00025	17306.63 secs	(1.016 mins)	0.036	0.071	0.248
11/10	0.005/0.005	0.00009/0.00025	17371.45 secs	(1.08 mins)	0.039	0.071	0.249
11/10	0.005/0.005	0.00010/0.00025	17440.05 secs	(1.143 mins)	0.042	0.072	0.246
11/10	0.005/0.005	0.00011/0.00025	17509.22 secs	(1.153 mins)	0.048	0.073	0.250
11/10	0.005/0.005	0.00012/0.00025	17579.85 secs	(1.177 mins)	0.051	0.073	0.245
11/10	0.005/0.005	0.00013/0.00025	17649.10 secs	(1.154 mins)	0.056	0.074	0.260
11/10	0.005/0.005	0.00014/0.00025	17720.71 secs	(1.193 mins)	0.060	0.071	0.254
11/10	0.005/0.005	0.00015/0.00025	17796.03 secs	(1.255 mins)	0.064	0.073	0.251
11/10	0.005/0.005	0.00016/0.00025	17876.31 secs	(1.338 mins)	0.070	0.072	0.254
11/10	0.005/0.005	0.00017/0.00025	17956.70 secs	(1.34 mins)	0.074	0.074	0.257
11/10	0.005/0.005	0.00018/0.00025	18034.80 secs	(1.302 mins)	0.076	0.072	0.249
11/10	0.005/0.005	0.00019/0.00025	18115.38 secs	(1.343 mins)	0.082	0.074	0.250
11/10	0.005/0.005	0.00020/0.00025	18196.35 secs	(1.349 mins)	0.084	0.071	0.245
11/10	0.005/0.005	0.00021/0.00025	18283.31 secs	(1.449 mins)	0.090	0.073	0.248
11/10	0.005/0.005	0.00022/0.00025	18368.34 secs	(1.417 mins)	0.094	0.073	0.252
11/10	0.005/0.005	0.00023/0.00025	18454.69 secs	(1.439 mins)	0.097	0.072	0.247
11/10	0.005/0.005	0.00024/0.00025	18544.78 secs	(1.502 mins)	0.101	0.075	0.255
11/10	0.005/0.005	0.00025/0.00025	18634.35 secs	(1.493 mins)	0.106	0.073	0.248



12/10	0.000/0.005	0.00005/0.00025	18688.47 secs	(54.12 secs)	0.022	0.078	0.243
12/10	0.000/0.005	0.00006/0.00025	18750.69 secs	(1.037 mins)	0.026	0.078	0.241
12/10	0.000/0.005	0.00007/0.00025	18809.88 secs	(59.19 secs)	0.031	0.079	0.243
12/10	0.000/0.005	0.00008/0.00025	18870.95 secs	(1.018 mins)	0.035	0.080	0.243
12/10	0.000/0.005	0.00009/0.00025	18937.23 secs	(1.105 mins)	0.039	0.080	0.241
12/10	0.000/0.005	0.00010/0.00025	19001.16 secs	(1.065 mins)	0.044	0.082	0.252
12/10	0.000/0.005	0.00011/0.00025	19070.00 secs	(1.147 mins)	0.048	0.077	0.234
12/10	0.000/0.005	0.00012/0.00025	19141.77 secs	(1.196 mins)	0.052	0.080	0.245
12/10	0.000/0.005	0.00013/0.00025	19215.44 secs	(1.228 mins)	0.056	0.080	0.240
12/10	0.000/0.005	0.00014/0.00025	19292.52 secs	(1.285 mins)	0.060	0.077	0.234
12/10	0.000/0.005	0.00015/0.00025	19368.83 secs	(1.272 mins)	0.064	0.077	0.239
12/10	0.000/0.005	0.00016/0.00025	19442.78 secs	(1.233 mins)	0.066	0.076	0.231
12/10	0.000/0.005	0.00017/0.00025	19517.28 secs	(1.242 mins)	0.070	0.076	0.234
12/10	0.000/0.005	0.00018/0.00025	19597.56 secs	(1.338 mins)	0.075	0.080	0.242
12/10	0.000/0.005	0.00019/0.00025	19675.56 secs	(1.30 mins)	0.081	0.080	0.245
12/10	0.000/0.005	0.00020/0.00025	19752.79 secs	(1.287 mins)	0.083	0.078	0.239
12/10	0.000/0.005	0.00021/0.00025	19836.87 secs	(1.401 mins)	0.089	0.080	0.239
12/10	0.000/0.005	0.00022/0.00025	19921.90 secs	(1.417 mins)	0.092	0.080	0.240
12/10	0.000/0.005	0.00023/0.00025	20010.61 secs	(1.478 mins)	0.095	0.079	0.239
12/10	0.000/0.005	0.00024/0.00025	20099.58 secs	(1.483 mins)	0.100	0.080	0.240
12/10	0.000/0.005	0.00025/0.00025	20188.00 secs	(1.474 mins)	0.106	0.080	0.240

12/10	0.001/0.005	0.00005/0.00025	20241.41 secs	(53.41 secs)	0.022	0.079	0.245
12/10	0.001/0.005	0.00006/0.00025	20298.83 secs	(57.42 secs)	0.026	0.077	0.241
12/10	0.001/0.005	0.00007/0.00025	20358.57 secs	(59.74 secs)	0.031	0.081	0.250
12/10	0.001/0.005	0.00008/0.00025	20417.26 secs	(58.69 secs)	0.035	0.076	0.241
12/10	0.001/0.005	0.00009/0.00025	20482.34 secs	(1.085 mins)	0.040	0.078	0.245
12/10	0.001/0.005	0.00010/0.00025	20547.39 secs	(1.084 mins)	0.044	0.080	0.250
12/10	0.001/0.005	0.00011/0.00025	20617.12 secs	(1.162 mins)	0.048	0.079	0.249
12/10	0.001/0.005	0.00012/0.00025	20683.57 secs	(1.108 mins)	0.052	0.079	0.246
12/10	0.001/0.005	0.00013/0.00025	20755.06 secs	(1.191 mins)	0.055	0.077	0.242
12/10	0.001/0.005	0.00014/0.00025	20829.37 secs	(1.238 mins)	0.060	0.079	0.250
12/10	0.001/0.005	0.00015/0.00025	20904.32 secs	(1.249 mins)	0.064	0.079	0.243
12/10	0.001/0.005	0.00016/0.00025	20976.87 secs	(1.209 mins)	0.068	0.080	0.243
12/10	0.001/0.005	0.00017/0.00025	21055.99 secs	(1.319 mins)	0.072	0.078	0.248
12/10	0.001/0.005	0.00018/0.00025	21135.59 secs	(1.327 mins)	0.078	0.080	0.249
12/10	0.001/0.005	0.00019/0.00025	21212.70 secs	(1.285 mins)	0.081	0.080	0.247
12/10	0.001/0.005	0.00020/0.00025	21291.66 secs	(1.316 mins)	0.083	0.078	0.243
12/10	0.001/0.005	0.00021/0.00025	21371.29 secs	(1.327 mins)	0.089	0.079	0.246
12/10	0.001/0.005	0.00022/0.00025	21454.86 secs	(1.393 mins)	0.092	0.079	0.244
12/10	0.001/0.005	0.00023/0.00025	21541.43 secs	(1.443 mins)	0.097	0.080	0.248
12/10	0.001/0.005	0.00024/0.00025	21629.06 secs	(1.461 mins)	0.101	0.081	0.243
12/10	0.001/0.005	0.00025/0.00025	21721.22 secs	(1.536 mins)	0.107	0.081	0.248

12/10	0.002/0.005	0.00005/0.00025	21780.35 secs	(59.12 secs)	0.023	0.078	0.257
12/10	0.002/0.005	0.00006/0.00025	21841.07 secs	(1.012 mins)	0.027	0.076	0.255
12/10	0.002/0.005	0.00007/0.00025	21899.96 secs	(58.89 secs)	0.031	0.081	0.259
12/10	0.002/0.005	0.00008/0.00025	21961.90 secs	(1.032 mins)	0.035	0.076	0.253
12/10	0.002/0.005	0.00009/0.00025	22032.09 secs	(1.17 mins)	0.040	0.077	0.248
12/10	0.002/0.005	0.00010/0.00025	22098.55 secs	(1.108 mins)	0.044	0.076	0.251
12/10	0.002/0.005	0.00011/0.00025	22171.81 secs	(1.221 mins)	0.048	0.080	0.254
12/10	0.002/0.005	0.00012/0.00025	22241.80 secs	(1.167 mins)	0.053	0.079	0.257
12/10	0.002/0.005	0.00013/0.00025	22315.33 secs	(1.225 mins)	0.056	0.078	0.250
12/10	0.002/0.005	0.00014/0.00025	22391.74 secs	(1.274 mins)	0.061	0.078	0.252
12/10	0.002/0.005	0.00015/0.00025	22468.74 secs	(1.283 mins)	0.066	0.079	0.258
12/10	0.002/0.005	0.00016/0.00025	22546.92 secs	(1.303 mins)	0.070	0.081	0.257
12/10	0.002/0.005	0.00017/0.00025	22628.59 secs	(1.361 mins)	0.074	0.080	0.253
12/10	0.002/0.005	0.00018/0.00025	22708.68 secs	(1.335 mins)	0.079	0.080	0.257
12/10	0.002/0.005	0.00019/0.00025	22792.30 secs	(1.394 mins)	0.081	0.079	0.250
12/10	0.002/0.005	0.00020/0.00025	22876.39 secs	(1.402 mins)	0.084	0.080	0.252
12/10	0.002/0.005	0.00021/0.00025	22959.40 secs	(1.383 mins)	0.089	0.080	0.253
12/10	0.002/0.005	0.00022/0.00025	23041.66 secs	(1.371 mins)	0.092	0.078	0.247
12/10	0.002/0.005	0.00023/0.00025	23126.62 secs	(1.416 mins)	0.096	0.078	0.246
12/10	0.002/0.005	0.00024/0.00025	23215.70 secs	(1.485 mins)	0.099	0.081	0.253
12/10	0.002/0.005	0.00025/0.00025	23309.58 secs	(1.565 mins)	0.106	0.080	0.251

12/10	0.003/0.005	0.00005/0.00025	23369.14 secs	(59.56 secs)	0.022	0.077	0.245
12/10	0.003/0.005	0.00006/0.00025	23427.11 secs	(57.97 secs)	0.026	0.075	0.248
12/10	0.003/0.005	0.00007/0.00025	23493.63 secs	(1.109 mins)	0.031	0.079	0.253
12/10	0.003/0.005	0.00008/0.00025	23557.94 secs	(1.072 mins)	0.034	0.075	0.247
12/10	0.003/0.005	0.00009/0.00025	23623.60 secs	(1.094 mins)	0.039	0.078	0.256
12/10	0.003/0.005	0.00010/0.00025	23693.17 secs	(1.16 mins)	0.044	0.076	0.255
12/10	0.003/0.005	0.00011/0.00025	23759.97 secs	(1.113 mins)	0.048	0.076	0.252
12/10	0.003/0.005	0.00012/0.00025	23828.98 secs	(1.15 mins)	0.053	0.079	0.259
12/10	0.003/0.005	0.00013/0.00025	23901.18 secs	(1.203 mins)	0.058	0.080	0.268
12/10	0.003/0.005	0.00014/0.00025	23973.08 secs	(1.198 mins)	0.061	0.080	0.258
12/10	0.003/0.005	0.00015/0.00025	24050.20 secs	(1.285 mins)	0.065	0.077	0.254
12/10	0.003/0.005	0.00016/0.00025	24127.13 secs	(1.282 mins)	0.070	0.079	0.261
12/10	0.003/0.005	0.00017/0.00025	24208.35 secs	(1.354 mins)	0.074	0.078	0.254
12/10	0.003/0.005	0.00018/0.00025	24288.38 secs	(1.334 mins)	0.078	0.080	0.259
12/10	0.003/0.005	0.00019/0.00025	24370.59 secs	(1.37 mins)	0.082	0.081	0.258
12/10	0.003/0.005	0.00020/0.00025	24452.58 secs	(1.366 mins)	0.085	0.080	0.255
12/10	0.003/0.005	0.00021/0.00025	24535.81 secs	(1.387 mins)	0.089	0.078	0.253
12/10	0.003/0.005	0.00022/0.00025	24623.61 secs	(1.463 mins)	0.096	0.080	0.257
12/10	0.003/0.005	0.00023/0.00025	24713.73 secs	(1.502 mins)	0.096	0.079	0.254
12/10	0.003/0.005	0.00024/0.00025	24804.94 secs	(1.52 mins)	0.102	0.079	0.254
12/10	0.003/0.005	0.00025/0.00025	24897.37 secs	(1.54 mins)	0.105	0.080	0.257

12/10	0.004/0.005	0.00005/0.00025	24953.83 secs	(56.46 secs)	0.023	0.081	0.260
12/10	0.004/0.005	0.00006/0.00025	25013.01 secs	(59.17 secs)	0.027	0.081	0.274
12/10	0.004/0.005	0.00007/0.00025	25076.58 secs	(1.06 mins)	0.032	0.076	0.255
12/10	0.004/0.005	0.00008/0.00025	25136.25 secs	(59.67 secs)	0.036	0.080	0.269
12/10	0.004/0.005	0.00009/0.00025	25199.79 secs	(1.059 mins)	0.040	0.075	0.259
12/10	0.004/0.005	0.00010/0.00025	25261.51 secs	(1.029 mins)	0.045	0.080	0.262
12/10	0.004/0.005	0.00011/0.00025	25325.63 secs	(1.069 mins)	0.049	0.076	0.259
12/10	0.004/0.005	0.00012/0.00025	25397.36 secs	(1.195 mins)	0.053	0.080	0.262
12/10	0.004/0.005	0.00013/0.00025	25470.04 secs	(1.211 mins)	0.057	0.079	0.265
12/10	0.004/0.005	0.00014/0.00025	25543.38 secs	(1.222 mins)	0.062	0.079	0.267
12/10	0.004/0.005	0.00015/0.00025	25615.38 secs	(1.20 mins)	0.065	0.077	0.260
12/10	0.004/0.005	0.00016/0.00025	25693.85 secs	(1.308 mins)	0.070	0.080	0.270
12/10	0.004/0.005	0.00017/0.00025	25776.75 secs	(1.382 mins)	0.075	0.080	0.268
12/10	0.004/0.005	0.00018/0.00025	25852.30 secs	(1.259 mins)	0.078	0.079	0.267
12/10	0.004/0.005	0.00019/0.00025	25932.95 secs	(1.344 mins)	0.083	0.080	0.267
12/10	0.004/0.005	0.00020/0.00025	26019.63 secs	(1.445 mins)	0.086	0.079	0.261
12/10	0.004/0.005	0.00021/0.00025	26103.38 secs	(1.396 mins)	0.091	0.080	0.261
12/10	0.004/0.005	0.00022/0.00025	26193.41 secs	(1.501 mins)	0.095	0.082	0.271
12/10	0.004/0.005	0.00023/0.00025	26279.50 secs	(1.435 mins)	0.098	0.077	0.262
12/10	0.004/0.005	0.00024/0.00025	26373.38 secs	(1.565 mins)	0.102	0.076	0.254
12/10	0.004/0.005	0.00025/0.00025	26468.34 secs	(1.583 mins)	0.108	0.080	0.266

12/10	0.005/0.005	0.00005/0.00025	26528.04 secs	(59.70 secs)	0.023	0.078	0.270
12/10	0.005/0.005	0.00006/0.00025	26584.29 secs	(56.25 secs)	0.027	0.076	0.268
12/10	0.005/0.005	0.00007/0.00025	26644.67 secs	(1.006 mins)	0.032	0.074	0.258
12/10	0.005/0.005	0.00008/0.00025	26708.23 secs	(1.059 mins)	0.036	0.079	0.264
12/10	0.005/0.005	0.00009/0.00025	26770.72 secs	(1.041 mins)	0.041	0.078	0.274
12/10	0.005/0.005	0.00010/0.00025	26838.39 secs	(1.128 mins)	0.045	0.080	0.272
12/10	0.005/0.005	0.00011/0.00025	26907.51 secs	(1.152 mins)	0.050	0.080	0.272
12/10	0.005/0.005	0.00012/0.00025	26976.99 secs	(1.158 mins)	0.053	0.078	0.270
12/10	0.005/0.005	0.00013/0.00025	27050.46 secs	(1.224 mins)	0.058	0.078	0.267
12/10	0.005/0.005	0.00014/0.00025	27120.76 secs	(1.172 mins)	0.062	0.079	0.272
12/10	0.005/0.005	0.00015/0.00025	27196.85 secs	(1.268 mins)	0.066	0.078	0.268
12/10	0.005/0.005	0.00016/0.00025	27271.92 secs	(1.251 mins)	0.069	0.077	0.264
12/10	0.005/0.005	0.00017/0.00025	27349.78 secs	(1.298 mins)	0.075	0.080	0.273
12/10	0.005/0.005	0.00018/0.00025	27430.07 secs	(1.338 mins)	0.078	0.077	0.262
12/10	0.005/0.005	0.00019/0.00025	27512.71 secs	(1.377 mins)	0.084	0.081	0.275
12/10	0.005/0.005	0.00020/0.00025	27598.68 secs	(1.433 mins)	0.087	0.079	0.269
12/10	0.005/0.005	0.00021/0.00025	27683.18 secs	(1.408 mins)	0.091	0.078	0.268
12/10	0.005/0.005	0.00022/0.00025	27773.96 secs	(1.513 mins)	0.097	0.081	0.270
12/10	0.005/0.005	0.00023/0.00025	27864.72 secs	(1.513 mins)	0.099	0.081	0.271
12/10	0.005/0.005	0.00024/0.00025	27952.56 secs	(1.464 mins)	0.103	0.081	0.271
12/10	0.005/0.005	0.00025/0.00025	28040.66 secs	(1.468 mins)	0.108	0.080	0.269



13/10	0.000/0.005	0.00005/0.00025	28095.43 secs	(54.77 secs)	0.022	0.085	0.253
13/10	0.000/0.005	0.00006/0.00025	28154.39 secs	(58.96 secs)	0.027	0.084	0.253
13/10	0.000/0.005	0.00007/0.00025	28216.18 secs	(1.03 mins)	0.032	0.084	0.252
13/10	0.000/0.005	0.00008/0.00025	28280.38 secs	(1.07 mins)	0.036	0.083	0.255
13/10	0.000/0.005	0.00009/0.00025	28341.60 secs	(1.02 mins)	0.040	0.083	0.255
13/10	0.000/0.005	0.00010/0.00025	28408.88 secs	(1.121 mins)	0.044	0.085	0.258
13/10	0.000/0.005	0.00011/0.00025	28479.98 secs	(1.185 mins)	0.048	0.086	0.255
13/10	0.000/0.005	0.00012/0.00025	28553.89 secs	(1.232 mins)	0.052	0.083	0.254
13/10	0.000/0.005	0.00013/0.00025	28629.48 secs	(1.26 mins)	0.058	0.087	0.261
13/10	0.000/0.005	0.00014/0.00025	28698.82 secs	(1.156 mins)	0.061	0.082	0.255
13/10	0.000/0.005	0.00015/0.00025	28770.80 secs	(1.20 mins)	0.065	0.086	0.254
13/10	0.000/0.005	0.00016/0.00025	28849.03 secs	(1.304 mins)	0.070	0.087	0.264
13/10	0.000/0.005	0.00017/0.00025	28929.26 secs	(1.337 mins)	0.074	0.085	0.258
13/10	0.000/0.005	0.00018/0.00025	29010.82 secs	(1.359 mins)	0.078	0.085	0.259
13/10	0.000/0.005	0.00019/0.00025	29099.40 secs	(1.476 mins)	0.081	0.085	0.255
13/10	0.000/0.005	0.00020/0.00025	29181.60 secs	(1.37 mins)	0.086	0.085	0.255
13/10	0.000/0.005	0.00021/0.00025	29271.38 secs	(1.496 mins)	0.090	0.085	0.256
13/10	0.000/0.005	0.00022/0.00025	29358.95 secs	(1.459 mins)	0.095	0.087	0.258
13/10	0.000/0.005	0.00023/0.00025	29446.63 secs	(1.461 mins)	0.097	0.086	0.258
13/10	0.000/0.005	0.00024/0.00025	29535.82 secs	(1.487 mins)	0.103	0.087	0.255
13/10	0.000/0.005	0.00025/0.00025	29627.47 secs	(1.527 mins)	0.106	0.087	0.257

13/10	0.001/0.005	0.00005/0.00025	29682.81 secs	(55.34 secs)	0.023	0.084	0.267
13/10	0.001/0.005	0.00006/0.00025	29741.00 secs	(58.19 secs)	0.028	0.087	0.261
13/10	0.001/0.005	0.00007/0.00025	29801.49 secs	(1.008 mins)	0.032	0.086	0.265
13/10	0.001/0.005	0.00008/0.00025	29863.15 secs	(1.028 mins)	0.036	0.083	0.262
13/10	0.001/0.005	0.00009/0.00025	29927.83 secs	(1.078 mins)	0.041	0.086	0.266
13/10	0.001/0.005	0.00010/0.00025	29996.19 secs	(1.139 mins)	0.044	0.087	0.264
13/10	0.001/0.005	0.00011/0.00025	30065.03 secs	(1.147 mins)	0.049	0.086	0.270
13/10	0.001/0.005	0.00012/0.00025	30134.97 secs	(1.166 mins)	0.053	0.086	0.267
13/10	0.001/0.005	0.00013/0.00025	30205.65 secs	(1.178 mins)	0.057	0.085	0.271
13/10	0.001/0.005	0.00014/0.00025	30281.95 secs	(1.272 mins)	0.060	0.086	0.264
13/10	0.001/0.005	0.00015/0.00025	30360.33 secs	(1.306 mins)	0.066	0.083	0.262
13/10	0.001/0.005	0.00016/0.00025	30438.90 secs	(1.309 mins)	0.070	0.084	0.262
13/10	0.001/0.005	0.00017/0.00025	30518.74 secs	(1.331 mins)	0.076	0.087	0.266
13/10	0.001/0.005	0.00018/0.00025	30600.12 secs	(1.356 mins)	0.080	0.085	0.260
13/10	0.001/0.005	0.00019/0.00025	30684.68 secs	(1.409 mins)	0.084	0.085	0.268
13/10	0.001/0.005	0.00020/0.00025	30768.09 secs	(1.39 mins)	0.086	0.085	0.266
13/10	0.001/0.005	0.00021/0.00025	30856.95 secs	(1.481 mins)	0.091	0.086	0.265
13/10	0.001/0.005	0.00022/0.00025	30943.19 secs	(1.437 mins)	0.094	0.085	0.260
13/10	0.001/0.005	0.00023/0.00025	31029.31 secs	(1.435 mins)	0.097	0.087	0.264
13/10	0.001/0.005	0.00024/0.00025	31120.70 secs	(1.523 mins)	0.102	0.085	0.261
13/10	0.001/0.005	0.00025/0.00025	31209.88 secs	(1.486 mins)	0.107	0.086	0.258

13/10	0.002/0.005	0.00005/0.00025	31265.38 secs	(55.49 secs)	0.023	0.082	0.264
13/10	0.002/0.005	0.00006/0.00025	31323.49 secs	(58.11 secs)	0.027	0.086	0.266
13/10	0.002/0.005	0.00007/0.00025	31383.40 secs	(59.92 secs)	0.031	0.085	0.270
13/10	0.002/0.005	0.00008/0.00025	31446.62 secs	(1.054 mins)	0.037	0.087	0.276
13/10	0.002/0.005	0.00009/0.00025	31512.11 secs	(1.092 mins)	0.041	0.085	0.271
13/10	0.002/0.005	0.00010/0.00025	31579.85 secs	(1.129 mins)	0.045	0.086	0.272
13/10	0.002/0.005	0.00011/0.00025	31650.27 secs	(1.174 mins)	0.049	0.084	0.269
13/10	0.002/0.005	0.00012/0.00025	31723.56 secs	(1.221 mins)	0.053	0.086	0.274
13/10	0.002/0.005	0.00013/0.00025	31794.76 secs	(1.187 mins)	0.058	0.087	0.273
13/10	0.002/0.005	0.00014/0.00025	31869.52 secs	(1.246 mins)	0.061	0.085	0.266
13/10	0.002/0.005	0.00015/0.00025	31945.97 secs	(1.274 mins)	0.067	0.087	0.273
13/10	0.002/0.005	0.00016/0.00025	32020.32 secs	(1.239 mins)	0.071	0.086	0.271
13/10	0.002/0.005	0.00017/0.00025	32100.85 secs	(1.342 mins)	0.076	0.086	0.271
13/10	0.002/0.005	0.00018/0.00025	32179.14 secs	(1.305 mins)	0.077	0.084	0.266
13/10	0.002/0.005	0.00019/0.00025	32263.57 secs	(1.407 mins)	0.083	0.084	0.266
13/10	0.002/0.005	0.00020/0.00025	32346.77 secs	(1.387 mins)	0.087	0.085	0.265
13/10	0.002/0.005	0.00021/0.00025	32433.17 secs	(1.44 mins)	0.090	0.085	0.266
13/10	0.002/0.005	0.00022/0.00025	32518.94 secs	(1.429 mins)	0.096	0.087	0.270
13/10	0.002/0.005	0.00023/0.00025	32606.33 secs	(1.457 mins)	0.101	0.088	0.271
13/10	0.002/0.005	0.00024/0.00025	32694.11 secs	(1.463 mins)	0.104	0.084	0.264
13/10	0.002/0.005	0.00025/0.00025	32783.20 secs	(1.485 mins)	0.106	0.087	0.266

13/10	0.003/0.005	0.00005/0.00025	32838.80 secs	(55.60 secs)	0.023	0.084	0.272
13/10	0.003/0.005	0.00006/0.00025	32898.38 secs	(59.58 secs)	0.028	0.087	0.285
13/10	0.003/0.005	0.00007/0.00025	32957.18 secs	(58.80 secs)	0.032	0.089	0.279
13/10	0.003/0.005	0.00008/0.00025	33022.68 secs	(1.092 mins)	0.036	0.085	0.278
13/10	0.003/0.005	0.00009/0.00025	33087.17 secs	(1.075 mins)	0.041	0.087	0.275
13/10	0.003/0.005	0.00010/0.00025	33151.73 secs	(1.076 mins)	0.046	0.087	0.279
13/10	0.003/0.005	0.00011/0.00025	33218.86 secs	(1.119 mins)	0.051	0.086	0.275
13/10	0.003/0.005	0.00012/0.00025	33287.76 secs	(1.148 mins)	0.054	0.086	0.278
13/10	0.003/0.005	0.00013/0.00025	33357.18 secs	(1.157 mins)	0.059	0.087	0.281
13/10	0.003/0.005	0.00014/0.00025	33429.19 secs	(1.20 mins)	0.063	0.085	0.277
13/10	0.003/0.005	0.00015/0.00025	33502.28 secs	(1.218 mins)	0.067	0.084	0.273
13/10	0.003/0.005	0.00016/0.00025	33582.94 secs	(1.344 mins)	0.071	0.086	0.274
13/10	0.003/0.005	0.00017/0.00025	33661.94 secs	(1.317 mins)	0.075	0.085	0.270
13/10	0.003/0.005	0.00018/0.00025	33747.94 secs	(1.433 mins)	0.079	0.085	0.273
13/10	0.003/0.005	0.00019/0.00025	33833.44 secs	(1.425 mins)	0.083	0.087	0.279
13/10	0.003/0.005	0.00020/0.00025	33920.80 secs	(1.456 mins)	0.088	0.086	0.277
13/10	0.003/0.005	0.00021/0.00025	34012.25 secs	(1.524 mins)	0.092	0.085	0.275
13/10	0.003/0.005	0.00022/0.00025	34103.84 secs	(1.527 mins)	0.095	0.086	0.277
13/10	0.003/0.005	0.00023/0.00025	34195.01 secs	(1.52 mins)	0.100	0.085	0.272
13/10	0.003/0.005	0.00024/0.00025	34282.97 secs	(1.466 mins)	0.106	0.088	0.275
13/10	0.003/0.005	0.00025/0.00025	34374.29 secs	(1.522 mins)	0.107	0.085	0.270

13/10	0.004/0.005	0.00005/0.00025	34431.92 secs	(57.63 secs)	0.024	0.083	0.274
13/10	0.004/0.005	0.00006/0.00025	34492.44 secs	(1.009 mins)	0.028	0.088	0.289
13/10	0.004/0.005	0.00007/0.00025	34552.07 secs	(59.63 secs)	0.033	0.085	0.293
13/10	0.004/0.005	0.00008/0.00025	34617.55 secs	(1.091 mins)	0.038	0.085	0.280
13/10	0.004/0.005	0.00009/0.00025	34681.02 secs	(1.058 mins)	0.042	0.085	0.284
13/10	0.004/0.005	0.00010/0.00025	34747.01 secs	(1.10 mins)	0.046	0.088	0.285
13/10	0.004/0.005	0.00011/0.00025	34816.95 secs	(1.166 mins)	0.050	0.083	0.274
13/10	0.004/0.005	0.00012/0.00025	34885.54 secs	(1.143 mins)	0.054	0.083	0.277
13/10	0.004/0.005	0.00013/0.00025	34957.28 secs	(1.196 mins)	0.060	0.087	0.288
13/10	0.004/0.005	0.00014/0.00025	35030.75 secs	(1.225 mins)	0.063	0.085	0.274
13/10	0.004/0.005	0.00015/0.00025	35108.67 secs	(1.299 mins)	0.066	0.084	0.280
13/10	0.004/0.005	0.00016/0.00025	35188.86 secs	(1.336 mins)	0.071	0.085	0.279
13/10	0.004/0.005	0.00017/0.00025	35265.52 secs	(1.278 mins)	0.075	0.087	0.284
13/10	0.004/0.005	0.00018/0.00025	35343.49 secs	(1.299 mins)	0.080	0.086	0.282
13/10	0.004/0.005	0.00019/0.00025	35422.69 secs	(1.32 mins)	0.083	0.085	0.277
13/10	0.004/0.005	0.00020/0.00025	35510.16 secs	(1.458 mins)	0.090	0.087	0.282
13/10	0.004/0.005	0.00021/0.00025	35596.55 secs	(1.44 mins)	0.094	0.089	0.283
13/10	0.004/0.005	0.00022/0.00025	35687.98 secs	(1.524 mins)	0.098	0.087	0.281
13/10	0.004/0.005	0.00023/0.00025	35783.46 secs	(1.591 mins)	0.101	0.086	0.281
13/10	0.004/0.005	0.00024/0.00025	35879.23 secs	(1.596 mins)	0.105	0.086	0.277
13/10	0.004/0.005	0.00025/0.00025	35975.68 secs	(1.608 mins)	0.110	0.087	0.281

13/10	0.005/0.005	0.00005/0.00025	36036.28 secs	(1.01 mins)	0.024	0.079	0.279
13/10	0.005/0.005	0.00006/0.00025	36100.61 secs	(1.072 mins)	0.027	0.082	0.278
13/10	0.005/0.005	0.00007/0.00025	36163.46 secs	(1.048 mins)	0.032	0.080	0.276
13/10	0.005/0.005	0.00008/0.00025	36223.52 secs	(1.001 mins)	0.036	0.083	0.284
13/10	0.005/0.005	0.00009/0.00025	36290.42 secs	(1.115 mins)	0.042	0.083	0.284
13/10	0.005/0.005	0.00010/0.00025	36354.11 secs	(1.061 mins)	0.045	0.084	0.283
13/10	0.005/0.005	0.00011/0.00025	36425.80 secs	(1.195 mins)	0.051	0.087	0.288
13/10	0.005/0.005	0.00012/0.00025	36494.03 secs	(1.137 mins)	0.054	0.087	0.288
13/10	0.005/0.005	0.00013/0.00025	36565.32 secs	(1.188 mins)	0.059	0.083	0.283
13/10	0.005/0.005	0.00014/0.00025	36637.74 secs	(1.207 mins)	0.063	0.086	0.288
13/10	0.005/0.005	0.00015/0.00025	36710.49 secs	(1.213 mins)	0.068	0.085	0.286
13/10	0.005/0.005	0.00016/0.00025	36786.25 secs	(1.263 mins)	0.073	0.088	0.291
13/10	0.005/0.005	0.00017/0.00025	36865.13 secs	(1.315 mins)	0.076	0.084	0.281
13/10	0.005/0.005	0.00018/0.00025	36946.23 secs	(1.352 mins)	0.080	0.085	0.286
13/10	0.005/0.005	0.00019/0.00025	37025.73 secs	(1.325 mins)	0.084	0.085	0.283
13/10	0.005/0.005	0.00020/0.00025	37107.72 secs	(1.367 mins)	0.090	0.086	0.285
13/10	0.005/0.005	0.00021/0.00025	37190.24 secs	(1.375 mins)	0.093	0.084	0.283
13/10	0.005/0.005	0.00022/0.00025	37275.17 secs	(1.415 mins)	0.100	0.087	0.287
13/10	0.005/0.005	0.00023/0.00025	37364.68 secs	(1.492 mins)	0.103	0.087	0.287
13/10	0.005/0.005	0.00024/0.00025	37453.34 secs	(1.478 mins)	0.106	0.085	0.281
13/10	0.005/0.005	0.00025/0.00025	37545.64 secs	(1.538 mins)	0.110	0.084	0.284



> 
> proc.time()
     user    system   elapsed 
962904.48  23924.32  37587.84 
