
R version 4.3.0 (2023-04-21) -- "Already Tomorrow"
Copyright (C) 2023 The R Foundation for Statistical Computing
Platform: x86_64-pc-linux-gnu (64-bit)

R is free software and comes with ABSOLUTELY NO WARRANTY.
You are welcome to redistribute it under certain conditions.
Type 'license()' or 'licence()' for distribution details.

  Natural language support but running in an English locale

R is a collaborative project with many contributors.
Type 'contributors()' for more information and
'citation()' on how to cite R or R packages in publications.

Type 'demo()' for some demos, 'help()' for on-line help, or
'help.start()' for an HTML browser interface to help.
Type 'q()' to quit R.

> rm(list = ls())
> gc()
         used (Mb) gc trigger (Mb) max used (Mb)
Ncells 284765 15.3     664565 35.5   464468 24.9
Vcells 490458  3.8    8388608 64.0  1837328 14.1
> library(dplyr)

Attaching package: ‘dplyr’

The following objects are masked from ‘package:stats’:

    filter, lag

The following objects are masked from ‘package:base’:

    intersect, setdiff, setequal, union

> library(foreach)
> library(doParallel)
Loading required package: iterators
Loading required package: parallel
> 
> # Set up the number of cores used for parallelization.
> message(detectCores())
32
> num_cores <- 32
> registerDoParallel(num_cores)
> 
> #########################
> #### SEIR Simulation ####
> #########################
> time <- 365 # Number of days.
> inf <- 7 # Average infectious period length.
> N <- 1000 # Population size.
> 
> create_hh <- function() {
+   # Randomly sample household sizes such that total population is 1000 
+   # individuals.
+   hh_size <- sample(x = c(3, 4, 5, 6), size = 340, replace = T)
+   
+   # Keep households such that total population is < 1000.
+   hh_size <- hh_size[which(cumsum(hh_size) < N)]
+   
+   leftover <- N - sum(hh_size)
+   if (leftover < 3) {
+     hh <- 1:length(hh_size)
+     sampled <- sample(hh[hh_size < 6], leftover)
+     hh_size[sampled] <- hh_size[sampled] + 1
+   } else {
+     hh_size <- c(hh_size, leftover)
+   }
+   return(hh_size)
+ }
> 
> SEIR_mix <- function(params, inf = 7, verbose = F) {
+   hh_size <- create_hh()
+   
+   # Create frame for running the simulation.
+   # ID: ID of individual.
+   # SIZE: size of individual's household.
+   # HH: ID of individual's household.
+   # S: susceptibility status.
+   # E: exposed status.
+   # E_count: number of days since exposed.
+   # I: infectious status.
+   # I_count: number of days since infectious.
+   # R: recovered status.
+   # INC: incubation period.
+   # INF: infectious period.
+   data <- data.frame(ID = 1:N,
+                      SIZE = rep(hh_size, times = hh_size),
+                      HH = rep(1:length(hh_size), times = hh_size), 
+                      S = c(0, rep(1, N - 1)), 
+                      E = c(1, rep(0, N - 1)),
+                      E_count = c(1, rep(0, N - 1)), 
+                      I = 0,
+                      I_count = 0, 
+                      R = 0, 
+                      INC = c(rlnorm(1, meanlog = log(29.8), sdlog = 0.45), rep(0, N - 1)),
+                      INF = 0)
+   
+   # Create frame for storing results.
+   # ID: ID of individual.
+   # SIZE: size of individual's household.
+   # HH: ID of individual's household.
+   # TYPE: the kind of infection: household (H), community (C), or both (B).
+   # TIME: when the individual became infectious.
+   # S_NUM: number of susceptible people in individual's household when their 
+   #        infectious period begins.
+   # I_NUM: number of people in household that this individual infected over 
+   #        their infectious period.
+   results <- data[, 1:3] %>% mutate(TYPE = NA, TIME = NA, S_NUM = NA, I_NUM = 0)
+   results$TYPE[1] <- '0'
+   
+   for(t in 1:time) {
+     if (verbose) {
+       if (t %% 10 == 0) {
+         cat(paste0(t, ' '))
+       }
+     }
+     
+     # Anyone who has been infectious for as many days as their infectious period
+     # is now recovered.
+     recovered <- (data$INF > 0) & (data$I_count == data$INF)
+     if(sum(recovered, na.rm = T) > 0) {
+       data$R[recovered] <- 1
+       data$I[recovered] <- 0
+       data$I_count[recovered] <- 0 
+     }
+     
+     new_inf <- (data$INC > 0) & (data$E_count == data$INC)
+     num_new_inf <- sum(new_inf, na.rm = T)
+     if(num_new_inf > 0) {
+       # Change status to newly infectious and add infectious period.
+       data$I[new_inf] <- 1
+       random_inf <- rnorm(num_new_inf, mean = inf, sd = 1) %>% round()
+       data$INF[new_inf] <- random_inf
+       
+       # Remove exposure status and exposure count.
+       data$E[new_inf] <- 0
+       data$E_count[new_inf] <- 0 
+       
+       # Record time at which infectious period starts.
+       results$TIME[new_inf] <- t
+       
+       # Save the number of susceptible people in each infectious individual's 
+       # household.
+       S_data <- data %>% group_by(HH) %>% 
+         mutate(S_TOT = sum(S)) %>% 
+         select(HH, S_TOT)
+       results$S_NUM[new_inf == 1] <- S_data$S_TOT[new_inf == 1]
+     }
+     
+     # I_H is the number of infections inside each household.
+     # I_C is the number of infections outside each household.
+     I_data <- data %>% group_by(HH) %>% 
+       mutate(I_H = sum(I)) %>% 
+       ungroup() %>% 
+       mutate(I_C = sum(I) - I_H)
+     
+     beta_H <- params[1]
+     beta_C <- params[2]
+     beta_E <- params[3]
+     risk_H <- pmin(beta_H * data$S * I_data$I_H / N, 1)
+     risk_C <- pmin(beta_C * data$S * I_data$I_C / N, 1)
+     risk_E <- pmin(beta_E * data$S, 1)
+ 
+     new_inf_H <- rbinom(N, 1, risk_H)
+     new_inf_C <- rbinom(N, 1, risk_C)
+     new_inf_E <- rbinom(N, 1, risk_E)
+     new_exposed <- (new_inf_H == 1) | (new_inf_C == 1) | (new_inf_E == 1)
+     num_new_exposed <- sum(new_exposed, na.rm = T)
+     if (num_new_exposed > 0) {
+       # Change status to newly exposed and add incubation period.
+       data$E[new_exposed] <- 1
+       random_inc <- rlnorm(num_new_exposed, meanlog = log(29.8), sdlog = 0.45) %>% round()
+       data$INC[new_exposed] <- random_inc
+       
+       # Remove susceptible status.
+       data$S[new_exposed] <- 0
+       
+       # Get number of new infections in each household.
+       I_data <- I_data %>%
+         select(ID, HH, I, I_H) %>%
+         mutate(new_I_H = new_inf_H) %>%
+         group_by(HH) %>%
+         # Find households with at least 1 currently infectious individual. If 
+         # exactly 1 infectious individual in household, assign all new H 
+         # exposures to that individual. If there are multiple infectious 
+         # individuals, assign all infections to the infectious individual with 
+         # the first ID.
+         mutate(new_I_H = ifelse(I == 1 & ID == first(ID[I == 1]), 
+                                 sum(new_I_H), 0))
+       
+       results$I_NUM <- results$I_NUM + I_data$new_I_H
+       
+       # Label infections types.
+       results$TYPE[new_inf_H == 1] <- 'H'
+       results$TYPE[new_inf_C == 1] <- 'C'
+       results$TYPE[new_inf_E == 1] <- 'E'
+       results$TYPE[(new_inf_H == 1) & (new_inf_C == 1)] <- 'HC'
+       results$TYPE[(new_inf_H == 1) & (new_inf_E == 1)] <- 'HE'
+       results$TYPE[(new_inf_C == 1) & (new_inf_E == 1)] <- 'CE'
+       results$TYPE[(new_inf_H == 1) & (new_inf_C == 1) & (new_inf_E == 1)] <- 'HCE'
+     }
+     
+     # Increment exposure and infectious counters.
+     data$E_count[data$E == 1] <- data$E_count[data$E == 1] + 1
+     data$I_count[data$I == 1] <- data$I_count[data$I == 1] + 1
+   }
+   return(results)
+ }
> 
> metrics <- function(results) {
+   # Incidence is the proportion of the population that became infected.
+   idc <- mean(!is.na(results$TIME))
+   
+   # The SAR is the average SAR for each individual that was infectious.
+   sar <- mean(results$I_NUM / results$S_NUM, na.rm = T)
+   
+   # The proportion of cases caused by household infections.
+   cases <- results[!is.na(results$TIME), ]
+   prp <- mean((cases$TYPE == 'H') | (cases$TYPE == 'HC') | (cases$TYPE == 'HCE'))
+ 
+   return(c(idc, sar, prp))
+ }
> 
> beta_Hs <- seq(41, 45, 1) # 5
> beta_Cs <- seq(0.02, 0.04, 0.001) # 21
> beta_Es <- seq(0.00005, 0.00010, 0.00001) # 6
> 
> d_H <- length(beta_Hs)
> d_C <- length(beta_Cs)
> d_E <- length(beta_Es)
> 
> reps <- 200
> idcs <- array(rep(NA, d_H * d_C * d_E * reps), dim = c(d_H, d_C, d_E, reps))
> sars <- array(rep(NA, d_H * d_C * d_E * reps), dim = c(d_H, d_C, d_E, reps))
> prps <- array(rep(NA, d_H * d_C * d_E * reps), dim = c(d_H, d_C, d_E, reps))
> t_tot <- 0
> for (i in 1:d_H) {
+   for (j in 1:d_C) {
+     for (k in 1:d_E) {
+       beta_H <- beta_Hs[i]
+       beta_C <- beta_Cs[j]
+       beta_E <- beta_Es[k]
+       
+       params <- c(beta_H, beta_C, beta_E)
+       
+       cat(paste0(format(beta_H, nsmall = 0), '/42\t', 
+                  format(beta_C, nsmall = 3), '/0.055\t',
+                  format(beta_E, nsmall = 5, scientific = F), '/0.00010\t'))
+         
+       t_0 <- Sys.time()
+       vals <- foreach (l = 1:reps, .combine = 'c') %dopar% {
+         results <- SEIR_mix(params) 
+         metrics(results)
+       }
+       t_1 <- Sys.time()
+       t_tot <- t_tot + (t_1 - t_0)
+         
+       cat(paste0(format(t_tot, nsmall = 2, digits = 4), '\t(', 
+                  format(t_1 - t_0, nsmall = 2, digits = 4), ')\t'))
+       
+       vals <- matrix(vals, reps, byrow = T)
+       idcs[i, j, k, ] <- vals[, 1]
+       sars[i, j, k, ] <- vals[, 2]
+       prps[i, j, k, ] <- vals[, 3]
+         
+       cat(paste0(format(round(mean(vals[, 1]), 3), nsmall = 3), '\t', 
+                  format(round(mean(vals[, 2]), 3), nsmall = 3), '\t', 
+                  format(round(mean(vals[, 3]), 3), nsmall = 3), '\n'))
+     }
+     cat('\n')
+     saveRDS(idcs, file = 'idcs.rds')
+     saveRDS(sars, file = 'sars.rds')
+     saveRDS(prps, file = 'prps.rds')
+     
+     write.table(idcs, file = 'idcs.txt', row.names = F, col.names = F)
+     write.table(sars, file = 'sars.txt', row.names = F, col.names = F)
+     write.table(prps, file = 'prps.txt', row.names = F, col.names = F)
+   }
+   message('\n')
+ }
41/42	0.020/0.055	0.00005/0.00010	1.261 mins	(1.261 mins)	0.051	0.250	0.564
41/42	0.020/0.055	0.00006/0.00010	2.615 mins	(1.354 mins)	0.062	0.249	0.561
41/42	0.020/0.055	0.00007/0.00010	4.005 mins	(1.39 mins)	0.072	0.245	0.557
41/42	0.020/0.055	0.00008/0.00010	5.517 mins	(1.512 mins)	0.081	0.251	0.567
41/42	0.020/0.055	0.00009/0.00010	7.034 mins	(1.517 mins)	0.091	0.247	0.562
41/42	0.020/0.055	0.00010/0.00010	8.629 mins	(1.596 mins)	0.100	0.252	0.566

41/42	0.021/0.055	0.00005/0.00010	9.939 mins	(1.309 mins)	0.053	0.244	0.560
41/42	0.021/0.055	0.00006/0.00010	11.28 mins	(1.338 mins)	0.063	0.249	0.560
41/42	0.021/0.055	0.00007/0.00010	12.73 mins	(1.453 mins)	0.072	0.245	0.557
41/42	0.021/0.055	0.00008/0.00010	14.28 mins	(1.555 mins)	0.083	0.243	0.559
41/42	0.021/0.055	0.00009/0.00010	15.95 mins	(1.67 mins)	0.093	0.252	0.565
41/42	0.021/0.055	0.00010/0.00010	17.62 mins	(1.669 mins)	0.100	0.251	0.565

41/42	0.022/0.055	0.00005/0.00010	18.98 mins	(1.359 mins)	0.052	0.244	0.552
41/42	0.022/0.055	0.00006/0.00010	20.43 mins	(1.445 mins)	0.064	0.249	0.568
41/42	0.022/0.055	0.00007/0.00010	21.90 mins	(1.476 mins)	0.074	0.248	0.555
41/42	0.022/0.055	0.00008/0.00010	23.45 mins	(1.549 mins)	0.083	0.244	0.560
41/42	0.022/0.055	0.00009/0.00010	25.10 mins	(1.653 mins)	0.094	0.247	0.562
41/42	0.022/0.055	0.00010/0.00010	26.83 mins	(1.725 mins)	0.102	0.247	0.558

41/42	0.023/0.055	0.00005/0.00010	28.22 mins	(1.392 mins)	0.056	0.246	0.557
41/42	0.023/0.055	0.00006/0.00010	29.65 mins	(1.43 mins)	0.065	0.251	0.566
41/42	0.023/0.055	0.00007/0.00010	31.09 mins	(1.435 mins)	0.073	0.246	0.561
41/42	0.023/0.055	0.00008/0.00010	32.58 mins	(1.489 mins)	0.083	0.245	0.560
41/42	0.023/0.055	0.00009/0.00010	34.19 mins	(1.614 mins)	0.096	0.246	0.558
41/42	0.023/0.055	0.00010/0.00010	35.81 mins	(1.622 mins)	0.105	0.245	0.558

41/42	0.024/0.055	0.00005/0.00010	37.15 mins	(1.334 mins)	0.056	0.246	0.556
41/42	0.024/0.055	0.00006/0.00010	38.52 mins	(1.372 mins)	0.065	0.248	0.564
41/42	0.024/0.055	0.00007/0.00010	39.94 mins	(1.417 mins)	0.076	0.245	0.553
41/42	0.024/0.055	0.00008/0.00010	41.49 mins	(1.549 mins)	0.084	0.244	0.551
41/42	0.024/0.055	0.00009/0.00010	43.10 mins	(1.614 mins)	0.097	0.247	0.558
41/42	0.024/0.055	0.00010/0.00010	44.71 mins	(1.614 mins)	0.102	0.244	0.554

41/42	0.025/0.055	0.00005/0.00010	46.08 mins	(1.365 mins)	0.059	0.254	0.567
41/42	0.025/0.055	0.00006/0.00010	47.44 mins	(1.363 mins)	0.068	0.251	0.564
41/42	0.025/0.055	0.00007/0.00010	48.92 mins	(1.477 mins)	0.076	0.249	0.563
41/42	0.025/0.055	0.00008/0.00010	50.45 mins	(1.536 mins)	0.087	0.248	0.559
41/42	0.025/0.055	0.00009/0.00010	52.05 mins	(1.591 mins)	0.101	0.248	0.565
41/42	0.025/0.055	0.00010/0.00010	53.72 mins	(1.677 mins)	0.108	0.245	0.557

41/42	0.026/0.055	0.00005/0.00010	55.04 mins	(1.317 mins)	0.059	0.247	0.557
41/42	0.026/0.055	0.00006/0.00010	56.46 mins	(1.421 mins)	0.069	0.244	0.559
41/42	0.026/0.055	0.00007/0.00010	57.96 mins	(1.494 mins)	0.078	0.246	0.554
41/42	0.026/0.055	0.00008/0.00010	59.57 mins	(1.615 mins)	0.089	0.247	0.559
41/42	0.026/0.055	0.00009/0.00010	61.17 mins	(1.598 mins)	0.099	0.244	0.557
41/42	0.026/0.055	0.00010/0.00010	62.81 mins	(1.646 mins)	0.109	0.252	0.557

41/42	0.027/0.055	0.00005/0.00010	64.15 mins	(1.332 mins)	0.060	0.251	0.562
41/42	0.027/0.055	0.00006/0.00010	65.57 mins	(1.423 mins)	0.067	0.246	0.554
41/42	0.027/0.055	0.00007/0.00010	67.05 mins	(1.478 mins)	0.078	0.244	0.557
41/42	0.027/0.055	0.00008/0.00010	68.58 mins	(1.528 mins)	0.091	0.245	0.555
41/42	0.027/0.055	0.00009/0.00010	70.19 mins	(1.617 mins)	0.106	0.249	0.559
41/42	0.027/0.055	0.00010/0.00010	71.85 mins	(1.659 mins)	0.108	0.249	0.558

41/42	0.028/0.055	0.00005/0.00010	73.22 mins	(1.373 mins)	0.059	0.242	0.547
41/42	0.028/0.055	0.00006/0.00010	74.63 mins	(1.41 mins)	0.071	0.248	0.561
41/42	0.028/0.055	0.00007/0.00010	76.10 mins	(1.465 mins)	0.078	0.244	0.551
41/42	0.028/0.055	0.00008/0.00010	77.65 mins	(1.55 mins)	0.091	0.249	0.557
41/42	0.028/0.055	0.00009/0.00010	79.26 mins	(1.614 mins)	0.101	0.245	0.553
41/42	0.028/0.055	0.00010/0.00010	80.99 mins	(1.726 mins)	0.117	0.248	0.557

41/42	0.029/0.055	0.00005/0.00010	82.35 mins	(1.358 mins)	0.060	0.246	0.553
41/42	0.029/0.055	0.00006/0.00010	83.83 mins	(1.48 mins)	0.071	0.247	0.554
41/42	0.029/0.055	0.00007/0.00010	85.34 mins	(1.518 mins)	0.082	0.247	0.558
41/42	0.029/0.055	0.00008/0.00010	86.93 mins	(1.588 mins)	0.093	0.242	0.554
41/42	0.029/0.055	0.00009/0.00010	88.60 mins	(1.668 mins)	0.103	0.249	0.561
41/42	0.029/0.055	0.00010/0.00010	90.30 mins	(1.702 mins)	0.113	0.247	0.557

41/42	0.030/0.055	0.00005/0.00010	91.63 mins	(1.329 mins)	0.059	0.244	0.548
41/42	0.030/0.055	0.00006/0.00010	93.07 mins	(1.434 mins)	0.075	0.251	0.558
41/42	0.030/0.055	0.00007/0.00010	94.56 mins	(1.49 mins)	0.084	0.249	0.561
41/42	0.030/0.055	0.00008/0.00010	96.14 mins	(1.58 mins)	0.099	0.252	0.563
41/42	0.030/0.055	0.00009/0.00010	97.79 mins	(1.658 mins)	0.105	0.247	0.555
41/42	0.030/0.055	0.00010/0.00010	99.48 mins	(1.692 mins)	0.118	0.245	0.556

41/42	0.031/0.055	0.00005/0.00010	100.86 mins	(1.372 mins)	0.063	0.250	0.556
41/42	0.031/0.055	0.00006/0.00010	102.32 mins	(1.467 mins)	0.075	0.252	0.558
41/42	0.031/0.055	0.00007/0.00010	103.87 mins	(1.542 mins)	0.090	0.251	0.560
41/42	0.031/0.055	0.00008/0.00010	105.45 mins	(1.582 mins)	0.095	0.246	0.557
41/42	0.031/0.055	0.00009/0.00010	107.09 mins	(1.643 mins)	0.109	0.249	0.556
41/42	0.031/0.055	0.00010/0.00010	108.81 mins	(1.72 mins)	0.116	0.247	0.552

41/42	0.032/0.055	0.00005/0.00010	110.22 mins	(1.406 mins)	0.065	0.249	0.553
41/42	0.032/0.055	0.00006/0.00010	111.65 mins	(1.432 mins)	0.075	0.245	0.551
41/42	0.032/0.055	0.00007/0.00010	113.21 mins	(1.56 mins)	0.090	0.250	0.559
41/42	0.032/0.055	0.00008/0.00010	114.90 mins	(1.696 mins)	0.098	0.254	0.566
41/42	0.032/0.055	0.00009/0.00010	116.58 mins	(1.674 mins)	0.107	0.245	0.549
41/42	0.032/0.055	0.00010/0.00010	118.27 mins	(1.696 mins)	0.118	0.248	0.554

41/42	0.033/0.055	0.00005/0.00010	119.65 mins	(1.374 mins)	0.063	0.242	0.549
41/42	0.033/0.055	0.00006/0.00010	121.16 mins	(1.514 mins)	0.076	0.244	0.548
41/42	0.033/0.055	0.00007/0.00010	122.70 mins	(1.534 mins)	0.091	0.246	0.553
41/42	0.033/0.055	0.00008/0.00010	124.28 mins	(1.583 mins)	0.101	0.247	0.556
41/42	0.033/0.055	0.00009/0.00010	125.99 mins	(1.714 mins)	0.114	0.248	0.554
41/42	0.033/0.055	0.00010/0.00010	127.80 mins	(1.807 mins)	0.126	0.250	0.555

41/42	0.034/0.055	0.00005/0.00010	129.20 mins	(1.396 mins)	0.067	0.244	0.552
41/42	0.034/0.055	0.00006/0.00010	130.66 mins	(1.469 mins)	0.079	0.247	0.557
41/42	0.034/0.055	0.00007/0.00010	132.21 mins	(1.543 mins)	0.090	0.246	0.557
41/42	0.034/0.055	0.00008/0.00010	133.83 mins	(1.622 mins)	0.102	0.244	0.550
41/42	0.034/0.055	0.00009/0.00010	135.52 mins	(1.687 mins)	0.114	0.247	0.554
41/42	0.034/0.055	0.00010/0.00010	137.28 mins	(1.762 mins)	0.127	0.247	0.555

41/42	0.035/0.055	0.00005/0.00010	138.63 mins	(1.349 mins)	0.062	0.241	0.539
41/42	0.035/0.055	0.00006/0.00010	140.09 mins	(1.461 mins)	0.079	0.243	0.549
41/42	0.035/0.055	0.00007/0.00010	141.63 mins	(1.541 mins)	0.093	0.249	0.556
41/42	0.035/0.055	0.00008/0.00010	143.26 mins	(1.627 mins)	0.101	0.247	0.555
41/42	0.035/0.055	0.00009/0.00010	144.97 mins	(1.717 mins)	0.114	0.248	0.550
41/42	0.035/0.055	0.00010/0.00010	146.78 mins	(1.802 mins)	0.131	0.246	0.555

41/42	0.036/0.055	0.00005/0.00010	148.21 mins	(1.434 mins)	0.068	0.242	0.550
41/42	0.036/0.055	0.00006/0.00010	149.68 mins	(1.468 mins)	0.079	0.245	0.547
41/42	0.036/0.055	0.00007/0.00010	151.20 mins	(1.525 mins)	0.093	0.246	0.548
41/42	0.036/0.055	0.00008/0.00010	152.85 mins	(1.648 mins)	0.103	0.246	0.549
41/42	0.036/0.055	0.00009/0.00010	154.58 mins	(1.728 mins)	0.121	0.249	0.559
41/42	0.036/0.055	0.00010/0.00010	156.36 mins	(1.786 mins)	0.125	0.250	0.554

41/42	0.037/0.055	0.00005/0.00010	157.80 mins	(1.436 mins)	0.072	0.247	0.547
41/42	0.037/0.055	0.00006/0.00010	159.31 mins	(1.509 mins)	0.083	0.246	0.551
41/42	0.037/0.055	0.00007/0.00010	160.91 mins	(1.605 mins)	0.099	0.247	0.551
41/42	0.037/0.055	0.00008/0.00010	162.59 mins	(1.675 mins)	0.109	0.251	0.552
41/42	0.037/0.055	0.00009/0.00010	164.28 mins	(1.689 mins)	0.117	0.245	0.551
41/42	0.037/0.055	0.00010/0.00010	166.10 mins	(1.817 mins)	0.133	0.250	0.554

41/42	0.038/0.055	0.00005/0.00010	167.58 mins	(1.485 mins)	0.074	0.244	0.545
41/42	0.038/0.055	0.00006/0.00010	169.13 mins	(1.549 mins)	0.089	0.249	0.554
41/42	0.038/0.055	0.00007/0.00010	170.79 mins	(1.661 mins)	0.100	0.249	0.551
41/42	0.038/0.055	0.00008/0.00010	172.50 mins	(1.715 mins)	0.109	0.248	0.551
41/42	0.038/0.055	0.00009/0.00010	174.29 mins	(1.786 mins)	0.122	0.247	0.553
41/42	0.038/0.055	0.00010/0.00010	176.15 mins	(1.862 mins)	0.138	0.252	0.557

41/42	0.039/0.055	0.00005/0.00010	177.58 mins	(1.429 mins)	0.073	0.243	0.547
41/42	0.039/0.055	0.00006/0.00010	179.14 mins	(1.564 mins)	0.088	0.247	0.548
41/42	0.039/0.055	0.00007/0.00010	180.74 mins	(1.598 mins)	0.099	0.249	0.555
41/42	0.039/0.055	0.00008/0.00010	182.41 mins	(1.664 mins)	0.108	0.248	0.547
41/42	0.039/0.055	0.00009/0.00010	184.13 mins	(1.727 mins)	0.122	0.247	0.549
41/42	0.039/0.055	0.00010/0.00010	186.01 mins	(1.874 mins)	0.144	0.246	0.552

41/42	0.040/0.055	0.00005/0.00010	187.55 mins	(1.539 mins)	0.075	0.248	0.550
41/42	0.040/0.055	0.00006/0.00010	189.09 mins	(1.543 mins)	0.084	0.247	0.548
41/42	0.040/0.055	0.00007/0.00010	190.78 mins	(1.688 mins)	0.103	0.251	0.553
41/42	0.040/0.055	0.00008/0.00010	192.49 mins	(1.712 mins)	0.112	0.245	0.550
41/42	0.040/0.055	0.00009/0.00010	194.24 mins	(1.748 mins)	0.126	0.247	0.548
41/42	0.040/0.055	0.00010/0.00010	196.12 mins	(1.877 mins)	0.139	0.252	0.550



42/42	0.020/0.055	0.00005/0.00010	197.43 mins	(1.308 mins)	0.054	0.254	0.565
42/42	0.020/0.055	0.00006/0.00010	198.74 mins	(1.319 mins)	0.061	0.253	0.563
42/42	0.020/0.055	0.00007/0.00010	200.18 mins	(1.436 mins)	0.074	0.254	0.569
42/42	0.020/0.055	0.00008/0.00010	201.67 mins	(1.494 mins)	0.082	0.256	0.570
42/42	0.020/0.055	0.00009/0.00010	203.26 mins	(1.586 mins)	0.093	0.261	0.574
42/42	0.020/0.055	0.00010/0.00010	204.90 mins	(1.64 mins)	0.101	0.251	0.568

42/42	0.021/0.055	0.00005/0.00010	206.15 mins	(1.25 mins)	0.052	0.250	0.558
42/42	0.021/0.055	0.00006/0.00010	207.51 mins	(1.357 mins)	0.065	0.252	0.567
42/42	0.021/0.055	0.00007/0.00010	208.92 mins	(1.413 mins)	0.071	0.251	0.563
42/42	0.021/0.055	0.00008/0.00010	210.43 mins	(1.515 mins)	0.082	0.252	0.563
42/42	0.021/0.055	0.00009/0.00010	212.04 mins	(1.603 mins)	0.091	0.255	0.564
42/42	0.021/0.055	0.00010/0.00010	213.65 mins	(1.616 mins)	0.102	0.253	0.565

42/42	0.022/0.055	0.00005/0.00010	215.03 mins	(1.374 mins)	0.056	0.251	0.566
42/42	0.022/0.055	0.00006/0.00010	216.39 mins	(1.364 mins)	0.063	0.247	0.559
42/42	0.022/0.055	0.00007/0.00010	217.83 mins	(1.441 mins)	0.074	0.256	0.567
42/42	0.022/0.055	0.00008/0.00010	219.36 mins	(1.532 mins)	0.088	0.258	0.572
42/42	0.022/0.055	0.00009/0.00010	220.92 mins	(1.558 mins)	0.097	0.252	0.567
42/42	0.022/0.055	0.00010/0.00010	222.59 mins	(1.67 mins)	0.107	0.251	0.567

42/42	0.023/0.055	0.00005/0.00010	223.94 mins	(1.345 mins)	0.058	0.252	0.572
42/42	0.023/0.055	0.00006/0.00010	225.33 mins	(1.398 mins)	0.066	0.251	0.567
42/42	0.023/0.055	0.00007/0.00010	226.77 mins	(1.437 mins)	0.077	0.249	0.562
42/42	0.023/0.055	0.00008/0.00010	228.32 mins	(1.55 mins)	0.087	0.251	0.565
42/42	0.023/0.055	0.00009/0.00010	229.94 mins	(1.616 mins)	0.096	0.250	0.563
42/42	0.023/0.055	0.00010/0.00010	231.59 mins	(1.654 mins)	0.103	0.251	0.567

42/42	0.024/0.055	0.00005/0.00010	232.88 mins	(1.285 mins)	0.054	0.253	0.558
42/42	0.024/0.055	0.00006/0.00010	234.30 mins	(1.421 mins)	0.069	0.255	0.568
42/42	0.024/0.055	0.00007/0.00010	235.77 mins	(1.468 mins)	0.077	0.253	0.565
42/42	0.024/0.055	0.00008/0.00010	237.31 mins	(1.542 mins)	0.088	0.257	0.569
42/42	0.024/0.055	0.00009/0.00010	238.89 mins	(1.577 mins)	0.096	0.249	0.564
42/42	0.024/0.055	0.00010/0.00010	240.53 mins	(1.65 mins)	0.106	0.252	0.562

42/42	0.025/0.055	0.00005/0.00010	241.86 mins	(1.326 mins)	0.057	0.249	0.561
42/42	0.025/0.055	0.00006/0.00010	243.28 mins	(1.424 mins)	0.071	0.253	0.568
42/42	0.025/0.055	0.00007/0.00010	244.79 mins	(1.504 mins)	0.079	0.253	0.565
42/42	0.025/0.055	0.00008/0.00010	246.34 mins	(1.554 mins)	0.090	0.253	0.566
42/42	0.025/0.055	0.00009/0.00010	247.94 mins	(1.60 mins)	0.103	0.258	0.570
42/42	0.025/0.055	0.00010/0.00010	249.63 mins	(1.689 mins)	0.109	0.251	0.560

42/42	0.026/0.055	0.00005/0.00010	250.96 mins	(1.325 mins)	0.058	0.255	0.568
42/42	0.026/0.055	0.00006/0.00010	252.40 mins	(1.443 mins)	0.072	0.253	0.566
42/42	0.026/0.055	0.00007/0.00010	253.88 mins	(1.481 mins)	0.080	0.249	0.560
42/42	0.026/0.055	0.00008/0.00010	255.43 mins	(1.545 mins)	0.093	0.253	0.567
42/42	0.026/0.055	0.00009/0.00010	257.07 mins	(1.647 mins)	0.101	0.254	0.565
42/42	0.026/0.055	0.00010/0.00010	258.77 mins	(1.698 mins)	0.112	0.250	0.563

42/42	0.027/0.055	0.00005/0.00010	260.17 mins	(1.399 mins)	0.062	0.252	0.562
42/42	0.027/0.055	0.00006/0.00010	261.59 mins	(1.419 mins)	0.071	0.251	0.564
42/42	0.027/0.055	0.00007/0.00010	263.04 mins	(1.45 mins)	0.083	0.254	0.566
42/42	0.027/0.055	0.00008/0.00010	264.61 mins	(1.572 mins)	0.090	0.254	0.561
42/42	0.027/0.055	0.00009/0.00010	266.22 mins	(1.611 mins)	0.104	0.251	0.564
42/42	0.027/0.055	0.00010/0.00010	267.93 mins	(1.705 mins)	0.115	0.256	0.567

42/42	0.028/0.055	0.00005/0.00010	269.25 mins	(1.322 mins)	0.059	0.245	0.551
42/42	0.028/0.055	0.00006/0.00010	270.67 mins	(1.415 mins)	0.073	0.253	0.564
42/42	0.028/0.055	0.00007/0.00010	272.15 mins	(1.483 mins)	0.081	0.250	0.562
42/42	0.028/0.055	0.00008/0.00010	273.74 mins	(1.587 mins)	0.094	0.250	0.559
42/42	0.028/0.055	0.00009/0.00010	275.37 mins	(1.63 mins)	0.105	0.253	0.566
42/42	0.028/0.055	0.00010/0.00010	277.05 mins	(1.689 mins)	0.114	0.254	0.567

42/42	0.029/0.055	0.00005/0.00010	278.44 mins	(1.385 mins)	0.063	0.251	0.556
42/42	0.029/0.055	0.00006/0.00010	279.86 mins	(1.422 mins)	0.072	0.253	0.562
42/42	0.029/0.055	0.00007/0.00010	281.42 mins	(1.562 mins)	0.088	0.255	0.569
42/42	0.029/0.055	0.00008/0.00010	283.01 mins	(1.583 mins)	0.095	0.250	0.561
42/42	0.029/0.055	0.00009/0.00010	284.66 mins	(1.656 mins)	0.107	0.250	0.563
42/42	0.029/0.055	0.00010/0.00010	286.37 mins	(1.705 mins)	0.115	0.254	0.561

42/42	0.030/0.055	0.00005/0.00010	287.70 mins	(1.336 mins)	0.061	0.248	0.556
42/42	0.030/0.055	0.00006/0.00010	289.13 mins	(1.428 mins)	0.073	0.251	0.562
42/42	0.030/0.055	0.00007/0.00010	290.62 mins	(1.485 mins)	0.086	0.252	0.560
42/42	0.030/0.055	0.00008/0.00010	292.19 mins	(1.569 mins)	0.100	0.255	0.568
42/42	0.030/0.055	0.00009/0.00010	293.85 mins	(1.664 mins)	0.110	0.254	0.565
42/42	0.030/0.055	0.00010/0.00010	295.58 mins	(1.728 mins)	0.118	0.250	0.562

42/42	0.031/0.055	0.00005/0.00010	297.08 mins	(1.507 mins)	0.063	0.254	0.552
42/42	0.031/0.055	0.00006/0.00010	298.58 mins	(1.491 mins)	0.074	0.248	0.554
42/42	0.031/0.055	0.00007/0.00010	300.18 mins	(1.607 mins)	0.084	0.249	0.557
42/42	0.031/0.055	0.00008/0.00010	301.86 mins	(1.673 mins)	0.100	0.254	0.568
42/42	0.031/0.055	0.00009/0.00010	303.62 mins	(1.768 mins)	0.113	0.254	0.565
42/42	0.031/0.055	0.00010/0.00010	305.47 mins	(1.846 mins)	0.122	0.253	0.562

42/42	0.032/0.055	0.00005/0.00010	306.91 mins	(1.444 mins)	0.065	0.251	0.556
42/42	0.032/0.055	0.00006/0.00010	308.44 mins	(1.528 mins)	0.077	0.254	0.562
42/42	0.032/0.055	0.00007/0.00010	310.05 mins	(1.605 mins)	0.090	0.255	0.563
42/42	0.032/0.055	0.00008/0.00010	311.73 mins	(1.687 mins)	0.104	0.254	0.568
42/42	0.032/0.055	0.00009/0.00010	313.47 mins	(1.736 mins)	0.113	0.253	0.565
42/42	0.032/0.055	0.00010/0.00010	315.19 mins	(1.716 mins)	0.124	0.252	0.558

42/42	0.033/0.055	0.00005/0.00010	316.61 mins	(1.424 mins)	0.063	0.243	0.547
42/42	0.033/0.055	0.00006/0.00010	318.15 mins	(1.54 mins)	0.080	0.255	0.568
42/42	0.033/0.055	0.00007/0.00010	319.75 mins	(1.596 mins)	0.090	0.251	0.558
42/42	0.033/0.055	0.00008/0.00010	321.42 mins	(1.678 mins)	0.101	0.253	0.560
42/42	0.033/0.055	0.00009/0.00010	323.21 mins	(1.783 mins)	0.113	0.251	0.558
42/42	0.033/0.055	0.00010/0.00010	325.04 mins	(1.835 mins)	0.124	0.252	0.556

42/42	0.034/0.055	0.00005/0.00010	326.57 mins	(1.524 mins)	0.069	0.254	0.564
42/42	0.034/0.055	0.00006/0.00010	328.17 mins	(1.60 mins)	0.084	0.254	0.557
42/42	0.034/0.055	0.00007/0.00010	329.84 mins	(1.672 mins)	0.094	0.256	0.561
42/42	0.034/0.055	0.00008/0.00010	331.43 mins	(1.59 mins)	0.106	0.254	0.562
42/42	0.034/0.055	0.00009/0.00010	333.14 mins	(1.714 mins)	0.117	0.254	0.561
42/42	0.034/0.055	0.00010/0.00010	334.94 mins	(1.801 mins)	0.127	0.252	0.555

42/42	0.035/0.055	0.00005/0.00010	336.35 mins	(1.41 mins)	0.068	0.249	0.556
42/42	0.035/0.055	0.00006/0.00010	337.90 mins	(1.543 mins)	0.083	0.254	0.567
42/42	0.035/0.055	0.00007/0.00010	339.52 mins	(1.624 mins)	0.096	0.254	0.560
42/42	0.035/0.055	0.00008/0.00010	341.16 mins	(1.638 mins)	0.109	0.256	0.564
42/42	0.035/0.055	0.00009/0.00010	342.87 mins	(1.712 mins)	0.118	0.248	0.559
42/42	0.035/0.055	0.00010/0.00010	344.67 mins	(1.80 mins)	0.128	0.252	0.557

42/42	0.036/0.055	0.00005/0.00010	346.13 mins	(1.462 mins)	0.074	0.257	0.562
42/42	0.036/0.055	0.00006/0.00010	347.65 mins	(1.521 mins)	0.085	0.254	0.562
42/42	0.036/0.055	0.00007/0.00010	349.26 mins	(1.61 mins)	0.096	0.254	0.561
42/42	0.036/0.055	0.00008/0.00010	350.91 mins	(1.65 mins)	0.107	0.251	0.561
42/42	0.036/0.055	0.00009/0.00010	352.67 mins	(1.754 mins)	0.123	0.253	0.564
42/42	0.036/0.055	0.00010/0.00010	354.45 mins	(1.788 mins)	0.133	0.252	0.558

42/42	0.037/0.055	0.00005/0.00010	355.89 mins	(1.433 mins)	0.072	0.254	0.555
42/42	0.037/0.055	0.00006/0.00010	357.46 mins	(1.57 mins)	0.084	0.249	0.562
42/42	0.037/0.055	0.00007/0.00010	359.07 mins	(1.615 mins)	0.097	0.254	0.561
42/42	0.037/0.055	0.00008/0.00010	360.73 mins	(1.657 mins)	0.109	0.253	0.555
42/42	0.037/0.055	0.00009/0.00010	362.48 mins	(1.749 mins)	0.123	0.256	0.561
42/42	0.037/0.055	0.00010/0.00010	364.28 mins	(1.80 mins)	0.132	0.252	0.556

42/42	0.038/0.055	0.00005/0.00010	365.70 mins	(1.425 mins)	0.075	0.248	0.556
42/42	0.038/0.055	0.00006/0.00010	367.24 mins	(1.536 mins)	0.085	0.255	0.557
42/42	0.038/0.055	0.00007/0.00010	368.84 mins	(1.598 mins)	0.096	0.250	0.556
42/42	0.038/0.055	0.00008/0.00010	370.53 mins	(1.698 mins)	0.111	0.250	0.556
42/42	0.038/0.055	0.00009/0.00010	372.33 mins	(1.796 mins)	0.124	0.253	0.556
42/42	0.038/0.055	0.00010/0.00010	374.14 mins	(1.815 mins)	0.135	0.253	0.557

42/42	0.039/0.055	0.00005/0.00010	375.65 mins	(1.51 mins)	0.077	0.252	0.558
42/42	0.039/0.055	0.00006/0.00010	377.13 mins	(1.479 mins)	0.086	0.249	0.552
42/42	0.039/0.055	0.00007/0.00010	378.76 mins	(1.624 mins)	0.100	0.249	0.557
42/42	0.039/0.055	0.00008/0.00010	380.47 mins	(1.714 mins)	0.115	0.252	0.555
42/42	0.039/0.055	0.00009/0.00010	382.25 mins	(1.783 mins)	0.128	0.247	0.553
42/42	0.039/0.055	0.00010/0.00010	384.13 mins	(1.876 mins)	0.140	0.253	0.559

42/42	0.040/0.055	0.00005/0.00010	385.56 mins	(1.432 mins)	0.073	0.250	0.546
42/42	0.040/0.055	0.00006/0.00010	387.11 mins	(1.546 mins)	0.092	0.252	0.550
42/42	0.040/0.055	0.00007/0.00010	388.77 mins	(1.657 mins)	0.104	0.250	0.555
42/42	0.040/0.055	0.00008/0.00010	390.52 mins	(1.751 mins)	0.119	0.255	0.562
42/42	0.040/0.055	0.00009/0.00010	392.31 mins	(1.794 mins)	0.129	0.251	0.556
42/42	0.040/0.055	0.00010/0.00010	394.16 mins	(1.85 mins)	0.144	0.255	0.558



43/42	0.020/0.055	0.00005/0.00010	395.45 mins	(1.286 mins)	0.054	0.254	0.565
43/42	0.020/0.055	0.00006/0.00010	396.85 mins	(1.404 mins)	0.066	0.260	0.574
43/42	0.020/0.055	0.00007/0.00010	398.32 mins	(1.47 mins)	0.074	0.256	0.570
43/42	0.020/0.055	0.00008/0.00010	399.86 mins	(1.538 mins)	0.086	0.261	0.576
43/42	0.020/0.055	0.00009/0.00010	401.44 mins	(1.578 mins)	0.091	0.259	0.570
43/42	0.020/0.055	0.00010/0.00010	403.06 mins	(1.629 mins)	0.101	0.259	0.574

43/42	0.021/0.055	0.00005/0.00010	404.39 mins	(1.327 mins)	0.056	0.256	0.571
43/42	0.021/0.055	0.00006/0.00010	405.76 mins	(1.367 mins)	0.065	0.256	0.573
43/42	0.021/0.055	0.00007/0.00010	407.20 mins	(1.436 mins)	0.075	0.256	0.571
43/42	0.021/0.055	0.00008/0.00010	408.68 mins	(1.489 mins)	0.085	0.257	0.568
43/42	0.021/0.055	0.00009/0.00010	410.23 mins	(1.55 mins)	0.091	0.257	0.563
43/42	0.021/0.055	0.00010/0.00010	411.88 mins	(1.649 mins)	0.105	0.260	0.575

43/42	0.022/0.055	0.00005/0.00010	413.17 mins	(1.287 mins)	0.055	0.257	0.570
43/42	0.022/0.055	0.00006/0.00010	414.55 mins	(1.38 mins)	0.065	0.254	0.567
43/42	0.022/0.055	0.00007/0.00010	416.01 mins	(1.456 mins)	0.078	0.261	0.573
43/42	0.022/0.055	0.00008/0.00010	417.50 mins	(1.495 mins)	0.086	0.256	0.574
43/42	0.022/0.055	0.00009/0.00010	419.07 mins	(1.565 mins)	0.096	0.256	0.573
43/42	0.022/0.055	0.00010/0.00010	420.71 mins	(1.645 mins)	0.105	0.259	0.573

43/42	0.023/0.055	0.00005/0.00010	422.02 mins	(1.31 mins)	0.057	0.256	0.571
43/42	0.023/0.055	0.00006/0.00010	423.40 mins	(1.379 mins)	0.067	0.252	0.572
43/42	0.023/0.055	0.00007/0.00010	424.89 mins	(1.486 mins)	0.077	0.252	0.564
43/42	0.023/0.055	0.00008/0.00010	426.43 mins	(1.543 mins)	0.089	0.257	0.575
43/42	0.023/0.055	0.00009/0.00010	428.03 mins	(1.597 mins)	0.098	0.259	0.570
43/42	0.023/0.055	0.00010/0.00010	429.70 mins	(1.676 mins)	0.109	0.259	0.576

43/42	0.024/0.055	0.00005/0.00010	431.00 mins	(1.30 mins)	0.058	0.258	0.570
43/42	0.024/0.055	0.00006/0.00010	432.38 mins	(1.381 mins)	0.067	0.254	0.570
43/42	0.024/0.055	0.00007/0.00010	433.82 mins	(1.441 mins)	0.080	0.256	0.571
43/42	0.024/0.055	0.00008/0.00010	435.35 mins	(1.527 mins)	0.089	0.257	0.571
43/42	0.024/0.055	0.00009/0.00010	436.95 mins	(1.597 mins)	0.099	0.254	0.569
43/42	0.024/0.055	0.00010/0.00010	438.66 mins	(1.716 mins)	0.110	0.257	0.577

43/42	0.025/0.055	0.00005/0.00010	439.99 mins	(1.321 mins)	0.059	0.253	0.566
43/42	0.025/0.055	0.00006/0.00010	441.38 mins	(1.396 mins)	0.068	0.256	0.570
43/42	0.025/0.055	0.00007/0.00010	442.88 mins	(1.497 mins)	0.083	0.257	0.573
43/42	0.025/0.055	0.00008/0.00010	444.45 mins	(1.576 mins)	0.092	0.258	0.572
43/42	0.025/0.055	0.00009/0.00010	446.08 mins	(1.63 mins)	0.104	0.260	0.572
43/42	0.025/0.055	0.00010/0.00010	447.82 mins	(1.733 mins)	0.114	0.258	0.575

43/42	0.026/0.055	0.00005/0.00010	449.16 mins	(1.344 mins)	0.063	0.261	0.575
43/42	0.026/0.055	0.00006/0.00010	450.58 mins	(1.415 mins)	0.068	0.254	0.566
43/42	0.026/0.055	0.00007/0.00010	452.08 mins	(1.505 mins)	0.080	0.253	0.559
43/42	0.026/0.055	0.00008/0.00010	453.63 mins	(1.549 mins)	0.093	0.258	0.563
43/42	0.026/0.055	0.00009/0.00010	455.24 mins	(1.61 mins)	0.102	0.255	0.567
43/42	0.026/0.055	0.00010/0.00010	456.90 mins	(1.66 mins)	0.112	0.259	0.574

43/42	0.027/0.055	0.00005/0.00010	458.23 mins	(1.331 mins)	0.059	0.249	0.562
43/42	0.027/0.055	0.00006/0.00010	459.65 mins	(1.417 mins)	0.074	0.259	0.579
43/42	0.027/0.055	0.00007/0.00010	461.17 mins	(1.521 mins)	0.081	0.255	0.568
43/42	0.027/0.055	0.00008/0.00010	462.74 mins	(1.572 mins)	0.092	0.258	0.568
43/42	0.027/0.055	0.00009/0.00010	464.34 mins	(1.595 mins)	0.103	0.257	0.570
43/42	0.027/0.055	0.00010/0.00010	466.02 mins	(1.68 mins)	0.113	0.262	0.571

43/42	0.028/0.055	0.00005/0.00010	467.39 mins	(1.375 mins)	0.061	0.258	0.565
43/42	0.028/0.055	0.00006/0.00010	468.88 mins	(1.486 mins)	0.075	0.258	0.566
43/42	0.028/0.055	0.00007/0.00010	470.50 mins	(1.617 mins)	0.086	0.251	0.566
43/42	0.028/0.055	0.00008/0.00010	472.13 mins	(1.63 mins)	0.095	0.258	0.571
43/42	0.028/0.055	0.00009/0.00010	473.83 mins	(1.707 mins)	0.108	0.256	0.571
43/42	0.028/0.055	0.00010/0.00010	475.57 mins	(1.741 mins)	0.118	0.261	0.573

43/42	0.029/0.055	0.00005/0.00010	476.93 mins	(1.355 mins)	0.065	0.260	0.569
43/42	0.029/0.055	0.00006/0.00010	478.32 mins	(1.387 mins)	0.073	0.258	0.564
43/42	0.029/0.055	0.00007/0.00010	479.84 mins	(1.525 mins)	0.084	0.260	0.574
43/42	0.029/0.055	0.00008/0.00010	481.48 mins	(1.637 mins)	0.098	0.254	0.566
43/42	0.029/0.055	0.00009/0.00010	483.18 mins	(1.705 mins)	0.108	0.255	0.567
43/42	0.029/0.055	0.00010/0.00010	485.01 mins	(1.829 mins)	0.120	0.257	0.567

43/42	0.030/0.055	0.00005/0.00010	486.41 mins	(1.394 mins)	0.065	0.256	0.566
43/42	0.030/0.055	0.00006/0.00010	487.86 mins	(1.453 mins)	0.076	0.257	0.563
43/42	0.030/0.055	0.00007/0.00010	489.39 mins	(1.527 mins)	0.088	0.256	0.566
43/42	0.030/0.055	0.00008/0.00010	491.00 mins	(1.61 mins)	0.097	0.255	0.568
43/42	0.030/0.055	0.00009/0.00010	492.65 mins	(1.654 mins)	0.112	0.260	0.570
43/42	0.030/0.055	0.00010/0.00010	494.35 mins	(1.697 mins)	0.121	0.257	0.569

43/42	0.031/0.055	0.00005/0.00010	495.71 mins	(1.361 mins)	0.064	0.256	0.556
43/42	0.031/0.055	0.00006/0.00010	497.22 mins	(1.512 mins)	0.077	0.255	0.562
43/42	0.031/0.055	0.00007/0.00010	498.78 mins	(1.563 mins)	0.093	0.257	0.571
43/42	0.031/0.055	0.00008/0.00010	500.42 mins	(1.633 mins)	0.103	0.258	0.570
43/42	0.031/0.055	0.00009/0.00010	502.13 mins	(1.714 mins)	0.114	0.256	0.566
43/42	0.031/0.055	0.00010/0.00010	503.87 mins	(1.741 mins)	0.120	0.258	0.569

43/42	0.032/0.055	0.00005/0.00010	505.23 mins	(1.355 mins)	0.064	0.255	0.565
43/42	0.032/0.055	0.00006/0.00010	506.66 mins	(1.429 mins)	0.078	0.258	0.567
43/42	0.032/0.055	0.00007/0.00010	508.21 mins	(1.557 mins)	0.088	0.257	0.570
43/42	0.032/0.055	0.00008/0.00010	509.79 mins	(1.583 mins)	0.100	0.254	0.561
43/42	0.032/0.055	0.00009/0.00010	511.48 mins	(1.683 mins)	0.115	0.255	0.567
43/42	0.032/0.055	0.00010/0.00010	513.24 mins	(1.764 mins)	0.127	0.257	0.570

43/42	0.033/0.055	0.00005/0.00010	514.65 mins	(1.412 mins)	0.068	0.254	0.564
43/42	0.033/0.055	0.00006/0.00010	516.16 mins	(1.506 mins)	0.082	0.259	0.572
43/42	0.033/0.055	0.00007/0.00010	517.69 mins	(1.525 mins)	0.093	0.259	0.571
43/42	0.033/0.055	0.00008/0.00010	519.33 mins	(1.643 mins)	0.100	0.256	0.558
43/42	0.033/0.055	0.00009/0.00010	521.10 mins	(1.772 mins)	0.118	0.256	0.564
43/42	0.033/0.055	0.00010/0.00010	522.87 mins	(1.773 mins)	0.127	0.257	0.566

43/42	0.034/0.055	0.00005/0.00010	524.24 mins	(1.367 mins)	0.069	0.255	0.560
43/42	0.034/0.055	0.00006/0.00010	525.70 mins	(1.462 mins)	0.082	0.256	0.564
43/42	0.034/0.055	0.00007/0.00010	527.28 mins	(1.578 mins)	0.096	0.258	0.566
43/42	0.034/0.055	0.00008/0.00010	528.93 mins	(1.647 mins)	0.109	0.263	0.567
43/42	0.034/0.055	0.00009/0.00010	530.66 mins	(1.731 mins)	0.117	0.260	0.570
43/42	0.034/0.055	0.00010/0.00010	532.43 mins	(1.775 mins)	0.130	0.262	0.571

43/42	0.035/0.055	0.00005/0.00010	533.87 mins	(1.44 mins)	0.072	0.257	0.560
43/42	0.035/0.055	0.00006/0.00010	535.50 mins	(1.623 mins)	0.082	0.254	0.562
43/42	0.035/0.055	0.00007/0.00010	537.09 mins	(1.59 mins)	0.097	0.257	0.564
43/42	0.035/0.055	0.00008/0.00010	538.78 mins	(1.697 mins)	0.110	0.255	0.560
43/42	0.035/0.055	0.00009/0.00010	540.56 mins	(1.773 mins)	0.121	0.261	0.568
43/42	0.035/0.055	0.00010/0.00010	542.38 mins	(1.824 mins)	0.133	0.260	0.564

43/42	0.036/0.055	0.00005/0.00010	543.80 mins	(1.418 mins)	0.070	0.250	0.553
43/42	0.036/0.055	0.00006/0.00010	545.38 mins	(1.583 mins)	0.088	0.257	0.567
43/42	0.036/0.055	0.00007/0.00010	547.00 mins	(1.622 mins)	0.098	0.258	0.562
43/42	0.036/0.055	0.00008/0.00010	548.66 mins	(1.656 mins)	0.108	0.256	0.561
43/42	0.036/0.055	0.00009/0.00010	550.39 mins	(1.731 mins)	0.119	0.255	0.562
43/42	0.036/0.055	0.00010/0.00010	552.24 mins	(1.851 mins)	0.137	0.259	0.567

43/42	0.037/0.055	0.00005/0.00010	553.68 mins	(1.44 mins)	0.076	0.256	0.564
43/42	0.037/0.055	0.00006/0.00010	555.26 mins	(1.583 mins)	0.092	0.259	0.569
43/42	0.037/0.055	0.00007/0.00010	556.88 mins	(1.614 mins)	0.101	0.257	0.564
43/42	0.037/0.055	0.00008/0.00010	558.55 mins	(1.668 mins)	0.109	0.254	0.556
43/42	0.037/0.055	0.00009/0.00010	560.27 mins	(1.724 mins)	0.123	0.261	0.568
43/42	0.037/0.055	0.00010/0.00010	562.12 mins	(1.851 mins)	0.140	0.259	0.561

43/42	0.038/0.055	0.00005/0.00010	563.59 mins	(1.464 mins)	0.075	0.248	0.553
43/42	0.038/0.055	0.00006/0.00010	565.13 mins	(1.542 mins)	0.090	0.255	0.563
43/42	0.038/0.055	0.00007/0.00010	566.84 mins	(1.714 mins)	0.105	0.260	0.564
43/42	0.038/0.055	0.00008/0.00010	568.48 mins	(1.643 mins)	0.111	0.258	0.561
43/42	0.038/0.055	0.00009/0.00010	570.24 mins	(1.758 mins)	0.125	0.259	0.564
43/42	0.038/0.055	0.00010/0.00010	572.10 mins	(1.852 mins)	0.138	0.258	0.562

43/42	0.039/0.055	0.00005/0.00010	573.59 mins	(1.492 mins)	0.078	0.251	0.555
43/42	0.039/0.055	0.00006/0.00010	575.13 mins	(1.542 mins)	0.091	0.257	0.564
43/42	0.039/0.055	0.00007/0.00010	576.84 mins	(1.711 mins)	0.106	0.258	0.562
43/42	0.039/0.055	0.00008/0.00010	578.59 mins	(1.748 mins)	0.113	0.256	0.560
43/42	0.039/0.055	0.00009/0.00010	580.37 mins	(1.782 mins)	0.132	0.256	0.562
43/42	0.039/0.055	0.00010/0.00010	582.23 mins	(1.863 mins)	0.145	0.258	0.564

43/42	0.040/0.055	0.00005/0.00010	583.67 mins	(1.436 mins)	0.078	0.256	0.569
43/42	0.040/0.055	0.00006/0.00010	585.28 mins	(1.615 mins)	0.093	0.257	0.564
43/42	0.040/0.055	0.00007/0.00010	586.93 mins	(1.644 mins)	0.106	0.255	0.560
43/42	0.040/0.055	0.00008/0.00010	588.68 mins	(1.749 mins)	0.124	0.259	0.570
43/42	0.040/0.055	0.00009/0.00010	590.50 mins	(1.82 mins)	0.133	0.259	0.565
43/42	0.040/0.055	0.00010/0.00010	592.37 mins	(1.877 mins)	0.145	0.258	0.558



44/42	0.020/0.055	0.00005/0.00010	593.63 mins	(1.26 mins)	0.053	0.253	0.564
44/42	0.020/0.055	0.00006/0.00010	595.01 mins	(1.377 mins)	0.064	0.259	0.579
44/42	0.020/0.055	0.00007/0.00010	596.45 mins	(1.437 mins)	0.075	0.264	0.578
44/42	0.020/0.055	0.00008/0.00010	597.97 mins	(1.527 mins)	0.086	0.262	0.573
44/42	0.020/0.055	0.00009/0.00010	599.54 mins	(1.569 mins)	0.096	0.261	0.576
44/42	0.020/0.055	0.00010/0.00010	601.18 mins	(1.637 mins)	0.103	0.261	0.574

44/42	0.021/0.055	0.00005/0.00010	602.49 mins	(1.311 mins)	0.054	0.255	0.574
44/42	0.021/0.055	0.00006/0.00010	603.85 mins	(1.36 mins)	0.065	0.258	0.577
44/42	0.021/0.055	0.00007/0.00010	605.29 mins	(1.437 mins)	0.076	0.261	0.575
44/42	0.021/0.055	0.00008/0.00010	606.81 mins	(1.526 mins)	0.089	0.263	0.584
44/42	0.021/0.055	0.00009/0.00010	608.40 mins	(1.587 mins)	0.096	0.258	0.577
44/42	0.021/0.055	0.00010/0.00010	610.08 mins	(1.683 mins)	0.107	0.262	0.577

44/42	0.022/0.055	0.00005/0.00010	611.40 mins	(1.316 mins)	0.058	0.258	0.575
44/42	0.022/0.055	0.00006/0.00010	612.79 mins	(1.396 mins)	0.064	0.262	0.573
44/42	0.022/0.055	0.00007/0.00010	614.25 mins	(1.459 mins)	0.075	0.261	0.575
44/42	0.022/0.055	0.00008/0.00010	615.78 mins	(1.525 mins)	0.089	0.261	0.580
44/42	0.022/0.055	0.00009/0.00010	617.39 mins	(1.614 mins)	0.098	0.261	0.574
44/42	0.022/0.055	0.00010/0.00010	619.10 mins	(1.71 mins)	0.110	0.265	0.579

44/42	0.023/0.055	0.00005/0.00010	620.44 mins	(1.336 mins)	0.056	0.256	0.571
44/42	0.023/0.055	0.00006/0.00010	621.81 mins	(1.372 mins)	0.067	0.265	0.584
44/42	0.023/0.055	0.00007/0.00010	623.33 mins	(1.522 mins)	0.079	0.262	0.574
44/42	0.023/0.055	0.00008/0.00010	624.86 mins	(1.525 mins)	0.091	0.263	0.578
44/42	0.023/0.055	0.00009/0.00010	626.46 mins	(1.607 mins)	0.100	0.261	0.579
44/42	0.023/0.055	0.00010/0.00010	628.23 mins	(1.763 mins)	0.112	0.263	0.576

44/42	0.024/0.055	0.00005/0.00010	629.53 mins	(1.301 mins)	0.058	0.259	0.569
44/42	0.024/0.055	0.00006/0.00010	630.95 mins	(1.424 mins)	0.069	0.260	0.575
44/42	0.024/0.055	0.00007/0.00010	632.47 mins	(1.518 mins)	0.080	0.264	0.576
44/42	0.024/0.055	0.00008/0.00010	634.01 mins	(1.54 mins)	0.089	0.261	0.575
44/42	0.024/0.055	0.00009/0.00010	635.69 mins	(1.683 mins)	0.104	0.263	0.578
44/42	0.024/0.055	0.00010/0.00010	637.38 mins	(1.682 mins)	0.114	0.262	0.582

44/42	0.025/0.055	0.00005/0.00010	638.72 mins	(1.349 mins)	0.059	0.259	0.571
44/42	0.025/0.055	0.00006/0.00010	640.14 mins	(1.415 mins)	0.069	0.261	0.579
44/42	0.025/0.055	0.00007/0.00010	641.68 mins	(1.543 mins)	0.084	0.268	0.585
44/42	0.025/0.055	0.00008/0.00010	643.28 mins	(1.593 mins)	0.091	0.260	0.571
44/42	0.025/0.055	0.00009/0.00010	645.02 mins	(1.744 mins)	0.105	0.266	0.581
44/42	0.025/0.055	0.00010/0.00010	646.67 mins	(1.651 mins)	0.113	0.264	0.577

44/42	0.026/0.055	0.00005/0.00010	648.01 mins	(1.344 mins)	0.061	0.261	0.572
44/42	0.026/0.055	0.00006/0.00010	649.50 mins	(1.482 mins)	0.073	0.262	0.572
44/42	0.026/0.055	0.00007/0.00010	651.03 mins	(1.53 mins)	0.082	0.262	0.572
44/42	0.026/0.055	0.00008/0.00010	652.61 mins	(1.589 mins)	0.094	0.261	0.574
44/42	0.026/0.055	0.00009/0.00010	654.26 mins	(1.644 mins)	0.103	0.259	0.572
44/42	0.026/0.055	0.00010/0.00010	655.99 mins	(1.733 mins)	0.117	0.266	0.573

44/42	0.027/0.055	0.00005/0.00010	657.35 mins	(1.361 mins)	0.059	0.263	0.567
44/42	0.027/0.055	0.00006/0.00010	658.80 mins	(1.446 mins)	0.075	0.262	0.576
44/42	0.027/0.055	0.00007/0.00010	660.32 mins	(1.517 mins)	0.085	0.260	0.575
44/42	0.027/0.055	0.00008/0.00010	661.93 mins	(1.614 mins)	0.099	0.264	0.577
44/42	0.027/0.055	0.00009/0.00010	663.61 mins	(1.675 mins)	0.106	0.263	0.571
44/42	0.027/0.055	0.00010/0.00010	665.34 mins	(1.733 mins)	0.115	0.257	0.568

44/42	0.028/0.055	0.00005/0.00010	666.68 mins	(1.338 mins)	0.063	0.257	0.571
44/42	0.028/0.055	0.00006/0.00010	668.15 mins	(1.476 mins)	0.075	0.262	0.578
44/42	0.028/0.055	0.00007/0.00010	669.72 mins	(1.564 mins)	0.084	0.261	0.568
44/42	0.028/0.055	0.00008/0.00010	671.37 mins	(1.656 mins)	0.101	0.260	0.578
44/42	0.028/0.055	0.00009/0.00010	673.09 mins	(1.714 mins)	0.110	0.266	0.573
44/42	0.028/0.055	0.00010/0.00010	674.83 mins	(1.748 mins)	0.121	0.264	0.577

44/42	0.029/0.055	0.00005/0.00010	676.18 mins	(1.347 mins)	0.064	0.262	0.575
44/42	0.029/0.055	0.00006/0.00010	677.64 mins	(1.455 mins)	0.078	0.260	0.570
44/42	0.029/0.055	0.00007/0.00010	679.21 mins	(1.576 mins)	0.087	0.262	0.573
44/42	0.029/0.055	0.00008/0.00010	680.83 mins	(1.613 mins)	0.098	0.261	0.571
44/42	0.029/0.055	0.00009/0.00010	682.50 mins	(1.67 mins)	0.107	0.260	0.574
44/42	0.029/0.055	0.00010/0.00010	684.23 mins	(1.733 mins)	0.121	0.261	0.573

44/42	0.030/0.055	0.00005/0.00010	685.65 mins	(1.419 mins)	0.066	0.260	0.571
44/42	0.030/0.055	0.00006/0.00010	687.09 mins	(1.44 mins)	0.075	0.263	0.572
44/42	0.030/0.055	0.00007/0.00010	688.65 mins	(1.565 mins)	0.094	0.261	0.573
44/42	0.030/0.055	0.00008/0.00010	690.27 mins	(1.621 mins)	0.102	0.259	0.571
44/42	0.030/0.055	0.00009/0.00010	692.00 mins	(1.722 mins)	0.114	0.265	0.575
44/42	0.030/0.055	0.00010/0.00010	693.74 mins	(1.748 mins)	0.121	0.264	0.571

44/42	0.031/0.055	0.00005/0.00010	695.16 mins	(1.417 mins)	0.071	0.267	0.579
44/42	0.031/0.055	0.00006/0.00010	696.70 mins	(1.541 mins)	0.079	0.259	0.571
44/42	0.031/0.055	0.00007/0.00010	698.28 mins	(1.576 mins)	0.092	0.263	0.573
44/42	0.031/0.055	0.00008/0.00010	699.87 mins	(1.59 mins)	0.102	0.265	0.575
44/42	0.031/0.055	0.00009/0.00010	701.60 mins	(1.733 mins)	0.116	0.263	0.574
44/42	0.031/0.055	0.00010/0.00010	703.42 mins	(1.823 mins)	0.127	0.263	0.573

44/42	0.032/0.055	0.00005/0.00010	705.05 mins	(1.623 mins)	0.071	0.265	0.571
44/42	0.032/0.055	0.00006/0.00010	706.68 mins	(1.631 mins)	0.080	0.261	0.570
44/42	0.032/0.055	0.00007/0.00010	708.40 mins	(1.726 mins)	0.095	0.265	0.579
44/42	0.032/0.055	0.00008/0.00010	710.22 mins	(1.815 mins)	0.106	0.262	0.572
44/42	0.032/0.055	0.00009/0.00010	712.00 mins	(1.777 mins)	0.119	0.262	0.571
44/42	0.032/0.055	0.00010/0.00010	713.91 mins	(1.916 mins)	0.127	0.262	0.574

44/42	0.033/0.055	0.00005/0.00010	715.38 mins	(1.468 mins)	0.067	0.255	0.564
44/42	0.033/0.055	0.00006/0.00010	716.96 mins	(1.578 mins)	0.085	0.262	0.572
44/42	0.033/0.055	0.00007/0.00010	718.62 mins	(1.658 mins)	0.093	0.259	0.571
44/42	0.033/0.055	0.00008/0.00010	720.32 mins	(1.708 mins)	0.106	0.264	0.573
44/42	0.033/0.055	0.00009/0.00010	722.10 mins	(1.774 mins)	0.121	0.267	0.572
44/42	0.033/0.055	0.00010/0.00010	723.89 mins	(1.794 mins)	0.130	0.262	0.572

44/42	0.034/0.055	0.00005/0.00010	725.32 mins	(1.423 mins)	0.070	0.262	0.568
44/42	0.034/0.055	0.00006/0.00010	726.87 mins	(1.551 mins)	0.084	0.255	0.563
44/42	0.034/0.055	0.00007/0.00010	728.42 mins	(1.557 mins)	0.096	0.263	0.575
44/42	0.034/0.055	0.00008/0.00010	730.11 mins	(1.688 mins)	0.108	0.262	0.570
44/42	0.034/0.055	0.00009/0.00010	731.88 mins	(1.769 mins)	0.122	0.262	0.573
44/42	0.034/0.055	0.00010/0.00010	733.66 mins	(1.775 mins)	0.133	0.265	0.571

44/42	0.035/0.055	0.00005/0.00010	735.08 mins	(1.426 mins)	0.074	0.263	0.571
44/42	0.035/0.055	0.00006/0.00010	736.58 mins	(1.502 mins)	0.086	0.260	0.568
44/42	0.035/0.055	0.00007/0.00010	738.18 mins	(1.594 mins)	0.094	0.262	0.569
44/42	0.035/0.055	0.00008/0.00010	739.85 mins	(1.674 mins)	0.111	0.266	0.571
44/42	0.035/0.055	0.00009/0.00010	741.63 mins	(1.782 mins)	0.127	0.265	0.576
44/42	0.035/0.055	0.00010/0.00010	743.49 mins	(1.857 mins)	0.134	0.259	0.568

44/42	0.036/0.055	0.00005/0.00010	744.99 mins	(1.495 mins)	0.075	0.256	0.564
44/42	0.036/0.055	0.00006/0.00010	746.53 mins	(1.541 mins)	0.088	0.262	0.567
44/42	0.036/0.055	0.00007/0.00010	748.19 mins	(1.661 mins)	0.101	0.261	0.570
44/42	0.036/0.055	0.00008/0.00010	749.87 mins	(1.681 mins)	0.114	0.262	0.572
44/42	0.036/0.055	0.00009/0.00010	751.65 mins	(1.78 mins)	0.126	0.264	0.570
44/42	0.036/0.055	0.00010/0.00010	753.48 mins	(1.836 mins)	0.135	0.267	0.571

44/42	0.037/0.055	0.00005/0.00010	754.95 mins	(1.462 mins)	0.077	0.260	0.574
44/42	0.037/0.055	0.00006/0.00010	756.50 mins	(1.553 mins)	0.088	0.260	0.571
44/42	0.037/0.055	0.00007/0.00010	758.15 mins	(1.653 mins)	0.097	0.263	0.563
44/42	0.037/0.055	0.00008/0.00010	759.87 mins	(1.722 mins)	0.116	0.264	0.571
44/42	0.037/0.055	0.00009/0.00010	761.71 mins	(1.837 mins)	0.126	0.265	0.570
44/42	0.037/0.055	0.00010/0.00010	763.58 mins	(1.869 mins)	0.142	0.261	0.568

44/42	0.038/0.055	0.00005/0.00010	765.08 mins	(1.496 mins)	0.077	0.266	0.572
44/42	0.038/0.055	0.00006/0.00010	766.68 mins	(1.604 mins)	0.091	0.266	0.572
44/42	0.038/0.055	0.00007/0.00010	768.31 mins	(1.634 mins)	0.105	0.262	0.565
44/42	0.038/0.055	0.00008/0.00010	770.06 mins	(1.748 mins)	0.119	0.260	0.568
44/42	0.038/0.055	0.00009/0.00010	771.88 mins	(1.814 mins)	0.130	0.260	0.570
44/42	0.038/0.055	0.00010/0.00010	773.70 mins	(1.828 mins)	0.141	0.264	0.570

44/42	0.039/0.055	0.00005/0.00010	775.20 mins	(1.492 mins)	0.080	0.263	0.562
44/42	0.039/0.055	0.00006/0.00010	776.72 mins	(1.524 mins)	0.093	0.261	0.565
44/42	0.039/0.055	0.00007/0.00010	778.31 mins	(1.589 mins)	0.102	0.265	0.569
44/42	0.039/0.055	0.00008/0.00010	780.06 mins	(1.753 mins)	0.119	0.264	0.570
44/42	0.039/0.055	0.00009/0.00010	781.84 mins	(1.783 mins)	0.129	0.262	0.567
44/42	0.039/0.055	0.00010/0.00010	783.69 mins	(1.85 mins)	0.143	0.265	0.565

44/42	0.040/0.055	0.00005/0.00010	785.21 mins	(1.517 mins)	0.079	0.260	0.564
44/42	0.040/0.055	0.00006/0.00010	786.75 mins	(1.539 mins)	0.093	0.261	0.567
44/42	0.040/0.055	0.00007/0.00010	788.45 mins	(1.702 mins)	0.106	0.258	0.563
44/42	0.040/0.055	0.00008/0.00010	790.19 mins	(1.735 mins)	0.122	0.258	0.565
44/42	0.040/0.055	0.00009/0.00010	792.04 mins	(1.85 mins)	0.136	0.267	0.569
44/42	0.040/0.055	0.00010/0.00010	793.90 mins	(1.868 mins)	0.147	0.260	0.563



45/42	0.020/0.055	0.00005/0.00010	795.21 mins	(1.309 mins)	0.056	0.264	0.584
45/42	0.020/0.055	0.00006/0.00010	796.60 mins	(1.39 mins)	0.067	0.273	0.588
45/42	0.020/0.055	0.00007/0.00010	798.05 mins	(1.443 mins)	0.079	0.272	0.587
45/42	0.020/0.055	0.00008/0.00010	799.57 mins	(1.524 mins)	0.089	0.268	0.587
45/42	0.020/0.055	0.00009/0.00010	801.15 mins	(1.582 mins)	0.097	0.268	0.585
45/42	0.020/0.055	0.00010/0.00010	802.83 mins	(1.681 mins)	0.107	0.267	0.581

45/42	0.021/0.055	0.00005/0.00010	804.17 mins	(1.341 mins)	0.057	0.260	0.574
45/42	0.021/0.055	0.00006/0.00010	805.60 mins	(1.424 mins)	0.069	0.270	0.586
45/42	0.021/0.055	0.00007/0.00010	807.09 mins	(1.491 mins)	0.080	0.273	0.588
45/42	0.021/0.055	0.00008/0.00010	808.61 mins	(1.519 mins)	0.088	0.265	0.583
45/42	0.021/0.055	0.00009/0.00010	810.23 mins	(1.622 mins)	0.099	0.267	0.583
45/42	0.021/0.055	0.00010/0.00010	811.89 mins	(1.66 mins)	0.107	0.267	0.583

45/42	0.022/0.055	0.00005/0.00010	813.25 mins	(1.356 mins)	0.061	0.275	0.592
45/42	0.022/0.055	0.00006/0.00010	814.65 mins	(1.403 mins)	0.070	0.268	0.587
45/42	0.022/0.055	0.00007/0.00010	816.12 mins	(1.47 mins)	0.077	0.264	0.573
45/42	0.022/0.055	0.00008/0.00010	817.66 mins	(1.537 mins)	0.086	0.268	0.582
45/42	0.022/0.055	0.00009/0.00010	819.29 mins	(1.636 mins)	0.098	0.269	0.584
45/42	0.022/0.055	0.00010/0.00010	821.05 mins	(1.755 mins)	0.108	0.273	0.589

45/42	0.023/0.055	0.00005/0.00010	822.39 mins	(1.346 mins)	0.058	0.265	0.582
45/42	0.023/0.055	0.00006/0.00010	823.86 mins	(1.469 mins)	0.070	0.269	0.581
45/42	0.023/0.055	0.00007/0.00010	825.46 mins	(1.596 mins)	0.083	0.271	0.586
45/42	0.023/0.055	0.00008/0.00010	827.10 mins	(1.641 mins)	0.093	0.269	0.587
45/42	0.023/0.055	0.00009/0.00010	828.82 mins	(1.722 mins)	0.103	0.265	0.586
45/42	0.023/0.055	0.00010/0.00010	830.52 mins	(1.697 mins)	0.110	0.269	0.581

45/42	0.024/0.055	0.00005/0.00010	831.85 mins	(1.326 mins)	0.059	0.261	0.572
45/42	0.024/0.055	0.00006/0.00010	833.29 mins	(1.447 mins)	0.072	0.267	0.578
45/42	0.024/0.055	0.00007/0.00010	834.78 mins	(1.487 mins)	0.081	0.267	0.579
45/42	0.024/0.055	0.00008/0.00010	836.37 mins	(1.585 mins)	0.095	0.270	0.583
45/42	0.024/0.055	0.00009/0.00010	837.97 mins	(1.608 mins)	0.105	0.270	0.583
45/42	0.024/0.055	0.00010/0.00010	839.73 mins	(1.757 mins)	0.112	0.269	0.582

45/42	0.025/0.055	0.00005/0.00010	841.05 mins	(1.315 mins)	0.061	0.271	0.588
45/42	0.025/0.055	0.00006/0.00010	842.47 mins	(1.428 mins)	0.071	0.266	0.582
45/42	0.025/0.055	0.00007/0.00010	843.97 mins	(1.495 mins)	0.083	0.265	0.581
45/42	0.025/0.055	0.00008/0.00010	845.56 mins	(1.595 mins)	0.097	0.266	0.585
45/42	0.025/0.055	0.00009/0.00010	847.24 mins	(1.676 mins)	0.104	0.271	0.585
45/42	0.025/0.055	0.00010/0.00010	849.02 mins	(1.781 mins)	0.115	0.269	0.584

45/42	0.026/0.055	0.00005/0.00010	850.41 mins	(1.388 mins)	0.063	0.263	0.578
45/42	0.026/0.055	0.00006/0.00010	851.88 mins	(1.472 mins)	0.075	0.273	0.586
45/42	0.026/0.055	0.00007/0.00010	853.46 mins	(1.582 mins)	0.087	0.269	0.586
45/42	0.026/0.055	0.00008/0.00010	855.07 mins	(1.61 mins)	0.097	0.268	0.580
45/42	0.026/0.055	0.00009/0.00010	856.69 mins	(1.618 mins)	0.105	0.267	0.581
45/42	0.026/0.055	0.00010/0.00010	858.44 mins	(1.746 mins)	0.117	0.271	0.584

45/42	0.027/0.055	0.00005/0.00010	859.78 mins	(1.348 mins)	0.064	0.269	0.581
45/42	0.027/0.055	0.00006/0.00010	861.24 mins	(1.452 mins)	0.073	0.267	0.577
45/42	0.027/0.055	0.00007/0.00010	862.74 mins	(1.504 mins)	0.085	0.262	0.574
45/42	0.027/0.055	0.00008/0.00010	864.40 mins	(1.657 mins)	0.097	0.261	0.577
45/42	0.027/0.055	0.00009/0.00010	866.04 mins	(1.646 mins)	0.109	0.263	0.574
45/42	0.027/0.055	0.00010/0.00010	867.78 mins	(1.736 mins)	0.121	0.266	0.575

45/42	0.028/0.055	0.00005/0.00010	869.14 mins	(1.359 mins)	0.066	0.270	0.584
45/42	0.028/0.055	0.00006/0.00010	870.64 mins	(1.498 mins)	0.075	0.267	0.577
45/42	0.028/0.055	0.00007/0.00010	872.18 mins	(1.545 mins)	0.089	0.269	0.581
45/42	0.028/0.055	0.00008/0.00010	873.85 mins	(1.665 mins)	0.100	0.266	0.582
45/42	0.028/0.055	0.00009/0.00010	875.56 mins	(1.716 mins)	0.113	0.272	0.583
45/42	0.028/0.055	0.00010/0.00010	877.32 mins	(1.753 mins)	0.123	0.270	0.582

45/42	0.029/0.055	0.00005/0.00010	878.74 mins	(1.427 mins)	0.065	0.269	0.575
45/42	0.029/0.055	0.00006/0.00010	880.19 mins	(1.45 mins)	0.077	0.268	0.580
45/42	0.029/0.055	0.00007/0.00010	881.74 mins	(1.548 mins)	0.088	0.267	0.582
45/42	0.029/0.055	0.00008/0.00010	883.38 mins	(1.64 mins)	0.099	0.266	0.571
45/42	0.029/0.055	0.00009/0.00010	885.09 mins	(1.709 mins)	0.114	0.269	0.581
45/42	0.029/0.055	0.00010/0.00010	886.87 mins	(1.784 mins)	0.126	0.269	0.578

45/42	0.030/0.055	0.00005/0.00010	888.31 mins	(1.431 mins)	0.066	0.266	0.577
45/42	0.030/0.055	0.00006/0.00010	889.78 mins	(1.478 mins)	0.081	0.258	0.569
45/42	0.030/0.055	0.00007/0.00010	891.35 mins	(1.571 mins)	0.092	0.267	0.583
45/42	0.030/0.055	0.00008/0.00010	892.96 mins	(1.603 mins)	0.102	0.264	0.574
45/42	0.030/0.055	0.00009/0.00010	894.67 mins	(1.714 mins)	0.115	0.269	0.580
45/42	0.030/0.055	0.00010/0.00010	896.43 mins	(1.758 mins)	0.126	0.267	0.581

45/42	0.031/0.055	0.00005/0.00010	897.83 mins	(1.403 mins)	0.067	0.263	0.571
45/42	0.031/0.055	0.00006/0.00010	899.30 mins	(1.464 mins)	0.077	0.262	0.569
45/42	0.031/0.055	0.00007/0.00010	900.87 mins	(1.571 mins)	0.089	0.265	0.574
45/42	0.031/0.055	0.00008/0.00010	902.50 mins	(1.628 mins)	0.106	0.268	0.579
45/42	0.031/0.055	0.00009/0.00010	904.24 mins	(1.743 mins)	0.118	0.267	0.578
45/42	0.031/0.055	0.00010/0.00010	906.02 mins	(1.785 mins)	0.126	0.269	0.577

45/42	0.032/0.055	0.00005/0.00010	907.42 mins	(1.396 mins)	0.069	0.266	0.570
45/42	0.032/0.055	0.00006/0.00010	908.91 mins	(1.491 mins)	0.082	0.268	0.571
45/42	0.032/0.055	0.00007/0.00010	910.48 mins	(1.565 mins)	0.092	0.270	0.575
45/42	0.032/0.055	0.00008/0.00010	912.13 mins	(1.651 mins)	0.105	0.269	0.575
45/42	0.032/0.055	0.00009/0.00010	913.89 mins	(1.763 mins)	0.118	0.269	0.579
45/42	0.032/0.055	0.00010/0.00010	915.70 mins	(1.814 mins)	0.131	0.269	0.578

45/42	0.033/0.055	0.00005/0.00010	917.12 mins	(1.421 mins)	0.070	0.260	0.570
45/42	0.033/0.055	0.00006/0.00010	918.68 mins	(1.553 mins)	0.084	0.266	0.574
45/42	0.033/0.055	0.00007/0.00010	920.26 mins	(1.584 mins)	0.096	0.270	0.578
45/42	0.033/0.055	0.00008/0.00010	921.96 mins	(1.694 mins)	0.112	0.269	0.577
45/42	0.033/0.055	0.00009/0.00010	923.70 mins	(1.74 mins)	0.121	0.263	0.577
45/42	0.033/0.055	0.00010/0.00010	925.52 mins	(1.829 mins)	0.130	0.269	0.575

45/42	0.034/0.055	0.00005/0.00010	926.94 mins	(1.42 mins)	0.072	0.269	0.572
45/42	0.034/0.055	0.00006/0.00010	928.51 mins	(1.568 mins)	0.087	0.266	0.576
45/42	0.034/0.055	0.00007/0.00010	930.11 mins	(1.594 mins)	0.098	0.265	0.572
45/42	0.034/0.055	0.00008/0.00010	931.77 mins	(1.668 mins)	0.111	0.267	0.577
45/42	0.034/0.055	0.00009/0.00010	933.52 mins	(1.747 mins)	0.120	0.267	0.578
45/42	0.034/0.055	0.00010/0.00010	935.37 mins	(1.85 mins)	0.136	0.269	0.578

45/42	0.035/0.055	0.00005/0.00010	936.81 mins	(1.439 mins)	0.074	0.264	0.570
45/42	0.035/0.055	0.00006/0.00010	938.36 mins	(1.55 mins)	0.090	0.270	0.578
45/42	0.035/0.055	0.00007/0.00010	940.01 mins	(1.653 mins)	0.100	0.267	0.575
45/42	0.035/0.055	0.00008/0.00010	941.74 mins	(1.721 mins)	0.112	0.269	0.575
45/42	0.035/0.055	0.00009/0.00010	943.51 mins	(1.775 mins)	0.127	0.266	0.575
45/42	0.035/0.055	0.00010/0.00010	945.32 mins	(1.81 mins)	0.133	0.266	0.571

45/42	0.036/0.055	0.00005/0.00010	946.83 mins	(1.507 mins)	0.079	0.268	0.577
45/42	0.036/0.055	0.00006/0.00010	948.43 mins	(1.599 mins)	0.090	0.266	0.575
45/42	0.036/0.055	0.00007/0.00010	950.05 mins	(1.623 mins)	0.100	0.272	0.578
45/42	0.036/0.055	0.00008/0.00010	951.83 mins	(1.778 mins)	0.114	0.268	0.573
45/42	0.036/0.055	0.00009/0.00010	953.63 mins	(1.809 mins)	0.129	0.270	0.577
45/42	0.036/0.055	0.00010/0.00010	955.46 mins	(1.823 mins)	0.137	0.262	0.570

45/42	0.037/0.055	0.00005/0.00010	957.03 mins	(1.574 mins)	0.079	0.266	0.575
45/42	0.037/0.055	0.00006/0.00010	958.56 mins	(1.527 mins)	0.089	0.265	0.575
45/42	0.037/0.055	0.00007/0.00010	960.19 mins	(1.635 mins)	0.104	0.269	0.573
45/42	0.037/0.055	0.00008/0.00010	961.90 mins	(1.703 mins)	0.114	0.265	0.571
45/42	0.037/0.055	0.00009/0.00010	963.71 mins	(1.811 mins)	0.131	0.268	0.572
45/42	0.037/0.055	0.00010/0.00010	965.57 mins	(1.86 mins)	0.145	0.266	0.576

45/42	0.038/0.055	0.00005/0.00010	967.03 mins	(1.46 mins)	0.078	0.267	0.577
45/42	0.038/0.055	0.00006/0.00010	968.60 mins	(1.577 mins)	0.093	0.269	0.574
45/42	0.038/0.055	0.00007/0.00010	970.21 mins	(1.603 mins)	0.105	0.268	0.575
45/42	0.038/0.055	0.00008/0.00010	971.92 mins	(1.713 mins)	0.116	0.265	0.569
45/42	0.038/0.055	0.00009/0.00010	973.71 mins	(1.793 mins)	0.133	0.265	0.577
45/42	0.038/0.055	0.00010/0.00010	975.61 mins	(1.895 mins)	0.145	0.269	0.573

45/42	0.039/0.055	0.00005/0.00010	977.13 mins	(1.519 mins)	0.081	0.265	0.571
45/42	0.039/0.055	0.00006/0.00010	978.80 mins	(1.67 mins)	0.095	0.266	0.573
45/42	0.039/0.055	0.00007/0.00010	980.49 mins	(1.695 mins)	0.110	0.269	0.573
45/42	0.039/0.055	0.00008/0.00010	982.19 mins	(1.696 mins)	0.121	0.270	0.575
45/42	0.039/0.055	0.00009/0.00010	984.01 mins	(1.82 mins)	0.133	0.268	0.573
45/42	0.039/0.055	0.00010/0.00010	985.93 mins	(1.92 mins)	0.148	0.267	0.573

45/42	0.040/0.055	0.00005/0.00010	987.47 mins	(1.536 mins)	0.085	0.265	0.569
45/42	0.040/0.055	0.00006/0.00010	989.01 mins	(1.54 mins)	0.090	0.263	0.565
45/42	0.040/0.055	0.00007/0.00010	990.67 mins	(1.662 mins)	0.110	0.262	0.570
45/42	0.040/0.055	0.00008/0.00010	992.37 mins	(1.703 mins)	0.121	0.266	0.569
45/42	0.040/0.055	0.00009/0.00010	994.22 mins	(1.854 mins)	0.138	0.268	0.574
45/42	0.040/0.055	0.00010/0.00010	996.17 mins	(1.949 mins)	0.152	0.270	0.575



> 
> proc.time()
      user     system    elapsed 
1603918.51   34223.66   59971.20 
