
R version 4.3.0 (2023-04-21) -- "Already Tomorrow"
Copyright (C) 2023 The R Foundation for Statistical Computing
Platform: x86_64-pc-linux-gnu (64-bit)

R is free software and comes with ABSOLUTELY NO WARRANTY.
You are welcome to redistribute it under certain conditions.
Type 'license()' or 'licence()' for distribution details.

  Natural language support but running in an English locale

R is a collaborative project with many contributors.
Type 'contributors()' for more information and
'citation()' on how to cite R or R packages in publications.

Type 'demo()' for some demos, 'help()' for on-line help, or
'help.start()' for an HTML browser interface to help.
Type 'q()' to quit R.

> rm(list = ls())
> gc()
         used (Mb) gc trigger (Mb) max used (Mb)
Ncells 284765 15.3     664565 35.5   464468 24.9
Vcells 490458  3.8    8388608 64.0  1837328 14.1
> library(dplyr)

Attaching package: ‘dplyr’

The following objects are masked from ‘package:stats’:

    filter, lag

The following objects are masked from ‘package:base’:

    intersect, setdiff, setequal, union

> library(readr)
> library(foreach)
> library(doParallel)
Loading required package: iterators
Loading required package: parallel
> 
> # Set up the number of cores used for parallelization.
> message(detectCores())
32
> num_cores <- 32
> registerDoParallel(num_cores)
> 
> #########################
> #### SEIR Simulation ####
> #########################
> time <- 365 # Number of days.
> inf <- 7 # Average infectious period length.
> N <- 1000 # Population size.
> 
> create_hh <- function() {
+   # Randomly sample household sizes such that total population is 1000 
+   # individuals.
+   hh_size <- sample(x = c(3, 4, 5, 6), size = 340, replace = T)
+   
+   # Keep households such that total population is < 1000.
+   hh_size <- hh_size[which(cumsum(hh_size) < N)]
+   
+   leftover <- N - sum(hh_size)
+   if (leftover < 3) {
+     hh <- 1:length(hh_size)
+     sampled <- sample(hh[hh_size < 6], leftover)
+     hh_size[sampled] <- hh_size[sampled] + 1
+   } else {
+     hh_size <- c(hh_size, leftover)
+   }
+   return(hh_size)
+ }
> 
> SEIR <- function(params, inf = 7, verbose = F) {
+   hh_size <- create_hh()
+   
+   # Create frame for running the simulation.
+   # ID: ID of individual.
+   # SIZE: size of individual's household.
+   # HH: ID of individual's household.
+   # S: susceptibility status.
+   # E: exposed status.
+   # E_count: number of days since exposed.
+   # I: infectious status.
+   # I_count: number of days since infectious.
+   # R: recovered status.
+   # INC: incubation period.
+   # INF: infectious period.
+   data <- data.frame(ID = 1:N,
+                      SIZE = rep(hh_size, times = hh_size),
+                      HH = rep(1:length(hh_size), times = hh_size), 
+                      S = c(0, rep(1, N - 1)), 
+                      E = c(1, rep(0, N - 1)),
+                      E_count = c(1, rep(0, N - 1)), 
+                      I = 0,
+                      I_count = 0, 
+                      R = 0, 
+                      INC = c(round(rlnorm(1, meanlog = log(29.8), sdlog = 0.45)), rep(0, N - 1)),
+                      INF = 0)
+   
+   # Create frame for storing results.
+   # ID: ID of individual.
+   # SIZE: size of individual's household.
+   # HH: ID of individual's household.
+   # TYPE: the kind of infection: household (H), community (C), or both (B).
+   # TIME: when the individual became infectious.
+   # S_NUM: number of susceptible people in individual's household when their 
+   #        infectious period begins.
+   # I_NUM: number of people in household that this individual infected over 
+   #        their infectious period.
+   results <- data[, 1:3] %>% mutate(TYPE = NA, TIME = NA, S_NUM = NA, I_NUM = 0)
+   results$TYPE[1] <- '0'
+     
+   for(t in 1:time) {
+     if (verbose) {
+       if (t %% 10 == 0) {
+         cat(paste0(t, ' '))
+       }
+     }
+     
+     # Anyone who has been infectious for as many days as their infectious period
+     # is now recovered.
+     recovered <- (data$INF > 0) & (data$I_count == data$INF)
+     if(sum(recovered, na.rm = T) > 0) {
+       data$R[recovered] <- 1
+       data$I[recovered] <- 0
+       data$I_count[recovered] <- 0 
+     }
+     
+     # Anyone who has been incubating for as many days as their incubation period
+     # is now infectious.
+     new_inf <- (data$INC > 0) & (data$E_count == data$INC)
+     num_new_inf <- sum(new_inf, na.rm = T)
+     if(num_new_inf > 0) {
+       # Change status to newly infectious and add infectious period.
+       data$I[new_inf] <- 1
+       random_inf <- rnorm(num_new_inf, mean = inf, sd = 1) %>% round()
+       data$INF[new_inf] <- random_inf
+       
+       # Remove exposure status and exposure count.
+       data$E[new_inf] <- 0
+       data$E_count[new_inf] <- 0 
+       
+       results$TIME[new_inf] <- t
+     }
+     
+     beta_E <- params[1]
+     risk_E <- pmin(beta_E * data$S, 1)
+     
+     new_exposed <- rbinom(N, 1, risk_E)
+     num_new_exposed <- sum(new_exposed, na.rm = T)
+     if(num_new_exposed > 0) {
+       # Change status to newly exposed and add incubation period.
+       data$E[new_exposed == 1] <- 1
+       random_inc <- rlnorm(num_new_exposed, meanlog = log(29.8), sdlog = 0.45) %>% round()
+       data$INC[new_exposed == 1] <- random_inc
+       
+       # Remove susceptible status.
+       data$S[new_exposed == 1] <- 0
+         
+       # Label infection types.
+       results$TYPE[new_exposed == 1] <- 'E'
+     }
+     
+     # Increment exposure and infectious counters.
+     data$E_count[data$E == 1] <- data$E_count[data$E == 1] + 1
+     data$I_count[data$I == 1] <- data$I_count[data$I == 1] + 1
+   }
+   return(results)
+ }
> 
> metrics <- function(results) {
+   # Incidence is the proportion of the population that became infected.
+   idc <- mean(!is.na(results$TIME))
+   return(c(idc))
+ }
> 
> ##############################
> #### Metropolis Algorithm ####
> ##############################
> score <- function(fit, tgt) {
+   # The score is the L² distance of the observed values from the target.
+   return(sum((fit - tgt)^2))
+ }
> 
> # The likelihood is calculated by first averaging the incidence and SAR over n
> # simulations with the state parameters. The likelihood is the negative log
> # score of the average incidence and SAR.
> likelihood <- function(state, tgt, n = 300) {
+   # If any parameter is negative, do not transition to that state.
+   if (any(state < 0)) {
+     return(-Inf)
+   }
+   # Otherwise, find the average incidence and SAR and compute likelihood.
+   vals <- foreach (i = 1:n, .combine = c) %dopar% {
+     results <- SEIR(state)
+     metrics(results)
+   }
+   vals <- matrix(vals, n, byrow = T)
+   fit <- colMeans(vals)
+   return(-log(score(fit, tgt)))
+ }
> 
> # Proposal function
> q <- function(state, sds = c(0.000001)) {
+   # Sample from a multivariate normal distributions centered at the current 
+   # state. The SDs roughly correspond to the step-size of the chain for each 
+   # parameter.
+   return(rnorm(n = 1, mean = state, sd = sds))
+ }
> 
> # MCMC
> metropolis <- function(start, tgt, num_sim, num_iter) {
+   path <- matrix(NA, num_iter + 1, 1)
+   liks <- rep(NA, num_iter + 1)
+   
+   # Initialize current state.
+   curr <- start
+   curr_lik <- likelihood(curr, tgt, num_sim)
+   
+   # Initialize best state.
+   best <- curr
+   best_lik <- curr_lik
+   for (i in 1:num_iter) {
+     # Save the current state and its likelihood.
+     path[i, ] <- curr
+     liks[i] <- curr_lik
+       
+     cat('[', 
+         format(round(curr[1], 7), nsmall = 7, scientific = F), ']\t',
+         format(round(curr_lik, 3), nsmall = 3), '\t', sep = '')
+     
+     # Get a proposed state and calculate its likelihood.
+     prop <- q(curr)
+     prop_lik <- likelihood(prop, tgt, num_sim)
+     
+     cat('[', 
+         format(round(prop[1], 7), nsmall = 7, scientific = F), ']\t',
+         format(round(prop_lik, 3), nsmall = 3), '\t', sep = '')
+       
+     # Compute the ratio of the scores of the two states and generate a uniform 
+     # bit.
+     r <- exp(prop_lik - curr_lik)
+     p <- runif(1)
+     
+     # Print the current progress.
+     cat(format(round(r, 3), nsmall = 3), '\t', format(round(p, 3), nsmall = 3), '\n', sep = '')
+     
+     # Transition if the proposed state is better or if the coin flip succeeds.
+     if (p < r) { 
+       curr <- prop
+       curr_lik <- prop_lik
+       
+       # If the new likelihood is better than the best we've seen so far, replace 
+       # the best.
+       if (curr_lik > best_lik) {
+         best <- curr
+         best_lik <- curr_lik
+       }
+     }
+     
+     # Save the path, best state, and likelihoods so far.
+     write.table(path, file = 'path.txt', row.names = F, col.names = F)
+     write.table(liks, file = 'liks.txt', row.names = F, col.names = F)
+     write.table(best, file = 'best.txt', row.names = F, col.names = F)
+   }
+   path[num_iter + 1, ] <- curr
+   liks[num_iter + 1] <- curr_lik
+   return(list(path, liks, best))
+ }
> 
> # Solve for optimal values via MCMC.
> tgt <- c(0.10)
> start <- c(0.000312184542514929)
> results <- metropolis(start, tgt, num_sim = 1000, num_iter = 1000)
[0.0003122]	15.864	[0.0003137]	16.063	1.220	0.395
[0.0003137]	16.063	[0.0003145]	17.506	4.231	0.521
[0.0003145]	17.506	[0.0003146]	15.653	0.157	0.616
[0.0003145]	17.506	[0.0003143]	17.234	0.762	0.389
[0.0003143]	17.234	[0.0003133]	17.444	1.233	0.460
[0.0003133]	17.444	[0.0003128]	14.274	0.042	0.834
[0.0003133]	17.444	[0.0003132]	15.555	0.151	0.067
[0.0003132]	15.555	[0.0003139]	21.742	486.319	0.985
[0.0003139]	21.742	[0.0003147]	16.629	0.006	0.968
[0.0003139]	21.742	[0.0003142]	16.661	0.006	0.793
[0.0003139]	21.742	[0.0003147]	14.336	0.001	0.515
[0.0003139]	21.742	[0.0003124]	15.673	0.002	0.001
[0.0003124]	15.673	[0.0003125]	15.131	0.581	0.814
[0.0003124]	15.673	[0.0003117]	14.982	0.501	0.626
[0.0003124]	15.673	[0.0003126]	17.005	3.786	0.662
[0.0003126]	17.005	[0.0003128]	15.026	0.138	0.396
[0.0003126]	17.005	[0.0003145]	17.267	1.301	0.344
[0.0003145]	17.267	[0.0003156]	14.653	0.073	0.194
[0.0003145]	17.267	[0.0003116]	14.362	0.055	0.018
[0.0003116]	14.362	[0.0003127]	20.018	285.986	0.134
[0.0003127]	20.018	[0.0003126]	14.037	0.003	0.502
[0.0003127]	20.018	[0.0003110]	14.461	0.004	0.304
[0.0003127]	20.018	[0.0003104]	14.359	0.003	0.544
[0.0003127]	20.018	[0.0003133]	17.245	0.063	0.512
[0.0003127]	20.018	[0.0003146]	20.638	1.860	0.507
[0.0003146]	20.638	[0.0003145]	18.676	0.141	0.890
[0.0003146]	20.638	[0.0003146]	15.508	0.006	0.143
[0.0003146]	20.638	[0.0003142]	20.763	1.133	0.485
[0.0003142]	20.763	[0.0003149]	20.204	0.572	0.669
[0.0003142]	20.763	[0.0003145]	16.107	0.010	0.290
[0.0003142]	20.763	[0.0003141]	16.596	0.015	0.865
[0.0003142]	20.763	[0.0003150]	15.444	0.005	0.408
[0.0003142]	20.763	[0.0003124]	24.412	38.440	0.730
[0.0003124]	24.412	[0.0003111]	13.498	0.000	0.120
[0.0003124]	24.412	[0.0003128]	16.347	0.000	0.521
[0.0003124]	24.412	[0.0003129]	14.046	0.000	0.868
[0.0003124]	24.412	[0.0003122]	13.688	0.000	0.596
[0.0003124]	24.412	[0.0003129]	13.889	0.000	0.118
[0.0003124]	24.412	[0.0003127]	14.804	0.000	0.260
[0.0003124]	24.412	[0.0003120]	14.467	0.000	0.542
[0.0003124]	24.412	[0.0003114]	14.078	0.000	0.547
[0.0003124]	24.412	[0.0003111]	13.526	0.000	0.926
[0.0003124]	24.412	[0.0003115]	14.426	0.000	0.548
[0.0003124]	24.412	[0.0003121]	14.993	0.000	0.419
[0.0003124]	24.412	[0.0003137]	17.896	0.001	0.097
[0.0003124]	24.412	[0.0003135]	20.018	0.012	0.994
[0.0003124]	24.412	[0.0003116]	15.991	0.000	0.075
[0.0003124]	24.412	[0.0003121]	16.333	0.000	0.163
[0.0003124]	24.412	[0.0003119]	13.705	0.000	0.645
[0.0003124]	24.412	[0.0003103]	13.444	0.000	0.636
[0.0003124]	24.412	[0.0003128]	14.847	0.000	0.562
[0.0003124]	24.412	[0.0003140]	14.926	0.000	0.407
[0.0003124]	24.412	[0.0003121]	13.616	0.000	0.867
[0.0003124]	24.412	[0.0003124]	15.864	0.000	0.501
[0.0003124]	24.412	[0.0003136]	15.719	0.000	0.082
[0.0003124]	24.412	[0.0003137]	15.932	0.000	0.867
[0.0003124]	24.412	[0.0003126]	14.905	0.000	0.851
[0.0003124]	24.412	[0.0003120]	14.208	0.000	0.906
[0.0003124]	24.412	[0.0003121]	15.898	0.000	0.903
[0.0003124]	24.412	[0.0003137]	20.578	0.022	0.833
[0.0003124]	24.412	[0.0003135]	21.275	0.043	0.459
[0.0003124]	24.412	[0.0003104]	14.307	0.000	0.639
[0.0003124]	24.412	[0.0003136]	15.059	0.000	0.625
[0.0003124]	24.412	[0.0003118]	15.944	0.000	0.277
[0.0003124]	24.412	[0.0003117]	17.762	0.001	0.374
[0.0003124]	24.412	[0.0003122]	16.223	0.000	0.779
[0.0003124]	24.412	[0.0003123]	14.362	0.000	0.473
[0.0003124]	24.412	[0.0003125]	15.408	0.000	0.338
[0.0003124]	24.412	[0.0003138]	19.377	0.007	0.002
[0.0003138]	19.377	[0.0003131]	15.112	0.014	0.836
[0.0003138]	19.377	[0.0003134]	15.709	0.026	0.273
[0.0003138]	19.377	[0.0003127]	15.555	0.022	0.688
[0.0003138]	19.377	[0.0003131]	16.082	0.037	0.981
[0.0003138]	19.377	[0.0003136]	15.503	0.021	0.656
[0.0003138]	19.377	[0.0003131]	15.055	0.013	0.805
[0.0003138]	19.377	[0.0003159]	14.094	0.005	0.405
[0.0003138]	19.377	[0.0003156]	17.850	0.217	0.357
[0.0003138]	19.377	[0.0003136]	17.835	0.214	0.376
[0.0003138]	19.377	[0.0003141]	19.847	1.601	0.794
[0.0003141]	19.847	[0.0003141]	17.637	0.110	0.696
[0.0003141]	19.847	[0.0003138]	15.648	0.015	0.904
[0.0003141]	19.847	[0.0003134]	14.975	0.008	0.986
[0.0003141]	19.847	[0.0003131]	16.457	0.034	0.752
[0.0003141]	19.847	[0.0003128]	18.381	0.231	0.424
[0.0003141]	19.847	[0.0003141]	15.579	0.014	0.819
[0.0003141]	19.847	[0.0003144]	16.533	0.036	0.541
[0.0003141]	19.847	[0.0003133]	14.450	0.005	0.343
[0.0003141]	19.847	[0.0003141]	16.015	0.022	0.807
[0.0003141]	19.847	[0.0003147]	18.248	0.202	0.923
[0.0003141]	19.847	[0.0003138]	16.817	0.048	0.968
[0.0003141]	19.847	[0.0003129]	15.399	0.012	0.485
[0.0003141]	19.847	[0.0003145]	17.336	0.081	0.099
[0.0003141]	19.847	[0.0003148]	17.301	0.078	0.700
[0.0003141]	19.847	[0.0003126]	14.702	0.006	0.561
[0.0003141]	19.847	[0.0003106]	13.280	0.001	0.553
[0.0003141]	19.847	[0.0003120]	13.751	0.002	0.724
[0.0003141]	19.847	[0.0003162]	15.377	0.011	0.318
[0.0003141]	19.847	[0.0003132]	16.908	0.053	0.730
[0.0003141]	19.847	[0.0003143]	17.927	0.147	0.688
[0.0003141]	19.847	[0.0003135]	18.523	0.266	0.909
[0.0003141]	19.847	[0.0003139]	15.162	0.009	0.366
[0.0003141]	19.847	[0.0003151]	16.145	0.025	0.848
[0.0003141]	19.847	[0.0003158]	17.223	0.072	0.518
[0.0003141]	19.847	[0.0003146]	20.156	1.361	0.437
[0.0003146]	20.156	[0.0003145]	15.594	0.010	0.231
[0.0003146]	20.156	[0.0003138]	14.486	0.003	0.306
[0.0003146]	20.156	[0.0003151]	16.361	0.023	0.568
[0.0003146]	20.156	[0.0003140]	21.449	3.645	0.612
[0.0003140]	21.449	[0.0003140]	16.871	0.010	0.745
[0.0003140]	21.449	[0.0003136]	23.026	4.840	0.634
[0.0003136]	23.026	[0.0003126]	15.536	0.001	0.614
[0.0003136]	23.026	[0.0003130]	15.202	0.000	0.397
[0.0003136]	23.026	[0.0003139]	18.381	0.010	0.952
[0.0003136]	23.026	[0.0003131]	16.442	0.001	0.276
[0.0003136]	23.026	[0.0003124]	13.254	0.000	0.370
[0.0003136]	23.026	[0.0003130]	15.663	0.001	0.191
[0.0003136]	23.026	[0.0003154]	15.044	0.000	0.728
[0.0003136]	23.026	[0.0003136]	16.264	0.001	0.017
[0.0003136]	23.026	[0.0003147]	16.419	0.001	0.799
[0.0003136]	23.026	[0.0003135]	14.456	0.000	0.999
[0.0003136]	23.026	[0.0003132]	16.890	0.002	0.717
[0.0003136]	23.026	[0.0003140]	17.493	0.004	0.268
[0.0003136]	23.026	[0.0003154]	15.198	0.000	0.956
[0.0003136]	23.026	[0.0003141]	16.620	0.002	0.859
[0.0003136]	23.026	[0.0003156]	14.552	0.000	0.923
[0.0003136]	23.026	[0.0003137]	15.263	0.000	0.065
[0.0003136]	23.026	[0.0003141]	16.057	0.001	0.411
[0.0003136]	23.026	[0.0003135]	16.284	0.001	0.067
[0.0003136]	23.026	[0.0003139]	17.519	0.004	0.123
[0.0003136]	23.026	[0.0003161]	14.484	0.000	0.677
[0.0003136]	23.026	[0.0003144]	18.970	0.017	0.819
[0.0003136]	23.026	[0.0003123]	14.028	0.000	0.069
[0.0003136]	23.026	[0.0003143]	20.204	0.059	0.842
[0.0003136]	23.026	[0.0003139]	15.694	0.001	0.662
[0.0003136]	23.026	[0.0003124]	15.008	0.000	0.253
[0.0003136]	23.026	[0.0003122]	13.065	0.000	0.688
[0.0003136]	23.026	[0.0003143]	18.746	0.014	0.296
[0.0003136]	23.026	[0.0003138]	18.267	0.009	0.550
[0.0003136]	23.026	[0.0003130]	16.946	0.002	0.174
[0.0003136]	23.026	[0.0003148]	16.472	0.001	0.569
[0.0003136]	23.026	[0.0003155]	14.616	0.000	0.130
[0.0003136]	23.026	[0.0003126]	15.709	0.001	0.572
[0.0003136]	23.026	[0.0003126]	14.781	0.000	0.155
[0.0003136]	23.026	[0.0003141]	16.494	0.001	0.579
[0.0003136]	23.026	[0.0003119]	14.423	0.000	0.052
[0.0003136]	23.026	[0.0003116]	14.272	0.000	0.057
[0.0003136]	23.026	[0.0003140]	18.461	0.010	0.959
[0.0003136]	23.026	[0.0003138]	17.348	0.003	0.252
[0.0003136]	23.026	[0.0003127]	15.648	0.001	0.679
[0.0003136]	23.026	[0.0003132]	16.653	0.002	0.371
[0.0003136]	23.026	[0.0003143]	14.717	0.000	0.312
[0.0003136]	23.026	[0.0003146]	16.021	0.001	0.222
[0.0003136]	23.026	[0.0003126]	15.719	0.001	0.646
[0.0003136]	23.026	[0.0003129]	14.881	0.000	0.641
[0.0003136]	23.026	[0.0003141]	16.927	0.002	0.251
[0.0003136]	23.026	[0.0003137]	15.214	0.000	0.129
[0.0003136]	23.026	[0.0003125]	14.274	0.000	0.537
[0.0003136]	23.026	[0.0003138]	16.517	0.001	0.674
[0.0003136]	23.026	[0.0003115]	14.807	0.000	0.715
[0.0003136]	23.026	[0.0003145]	16.312	0.001	0.625
[0.0003136]	23.026	[0.0003128]	15.386	0.000	0.884
[0.0003136]	23.026	[0.0003116]	14.957	0.000	0.939
[0.0003136]	23.026	[0.0003132]	16.284	0.001	0.653
[0.0003136]	23.026	[0.0003152]	15.604	0.001	0.991
[0.0003136]	23.026	[0.0003132]	15.961	0.001	0.626
[0.0003136]	23.026	[0.0003130]	17.256	0.003	0.533
[0.0003136]	23.026	[0.0003120]	16.880	0.002	0.258
[0.0003136]	23.026	[0.0003125]	14.705	0.000	0.910
[0.0003136]	23.026	[0.0003141]	15.536	0.001	0.451
[0.0003136]	23.026	[0.0003141]	18.996	0.018	0.388
[0.0003136]	23.026	[0.0003135]	16.966	0.002	0.143
[0.0003136]	23.026	[0.0003125]	15.182	0.000	0.156
[0.0003136]	23.026	[0.0003131]	17.943	0.006	0.746
[0.0003136]	23.026	[0.0003142]	16.670	0.002	0.960
[0.0003136]	23.026	[0.0003120]	15.658	0.001	0.242
[0.0003136]	23.026	[0.0003146]	21.193	0.160	0.480
[0.0003136]	23.026	[0.0003132]	15.938	0.001	0.427
[0.0003136]	23.026	[0.0003131]	21.449	0.207	0.213
[0.0003136]	23.026	[0.0003136]	15.831	0.001	0.228
[0.0003136]	23.026	[0.0003145]	18.056	0.007	0.669
[0.0003136]	23.026	[0.0003139]	15.815	0.001	0.633
[0.0003136]	23.026	[0.0003132]	17.044	0.003	0.742
[0.0003136]	23.026	[0.0003138]	16.844	0.002	0.220
[0.0003136]	23.026	[0.0003133]	14.453	0.000	0.788
[0.0003136]	23.026	[0.0003145]	16.184	0.001	0.611
[0.0003136]	23.026	[0.0003147]	15.467	0.001	0.805
[0.0003136]	23.026	[0.0003127]	14.827	0.000	0.880
[0.0003136]	23.026	[0.0003148]	15.351	0.000	0.007
[0.0003136]	23.026	[0.0003115]	14.370	0.000	0.786
[0.0003136]	23.026	[0.0003140]	19.134	0.020	0.826
[0.0003136]	23.026	[0.0003131]	15.628	0.001	0.372
[0.0003136]	23.026	[0.0003123]	15.123	0.000	0.753
[0.0003136]	23.026	[0.0003118]	16.139	0.001	0.572
[0.0003136]	23.026	[0.0003154]	16.835	0.002	0.816
[0.0003136]	23.026	[0.0003136]	16.908	0.002	0.307
[0.0003136]	23.026	[0.0003138]	17.791	0.005	0.373
[0.0003136]	23.026	[0.0003130]	15.859	0.001	0.821
[0.0003136]	23.026	[0.0003129]	14.555	0.000	0.632
[0.0003136]	23.026	[0.0003143]	17.678	0.005	0.172
[0.0003136]	23.026	[0.0003131]	16.738	0.002	0.857
[0.0003136]	23.026	[0.0003133]	14.119	0.000	0.129
[0.0003136]	23.026	[0.0003118]	13.874	0.000	0.306
[0.0003136]	23.026	[0.0003119]	15.202	0.000	0.781
[0.0003136]	23.026	[0.0003127]	14.989	0.000	0.483
[0.0003136]	23.026	[0.0003125]	14.847	0.000	0.726
[0.0003136]	23.026	[0.0003160]	16.890	0.002	0.175
[0.0003136]	23.026	[0.0003138]	16.880	0.002	0.650
[0.0003136]	23.026	[0.0003136]	15.909	0.001	0.337
[0.0003136]	23.026	[0.0003115]	13.729	0.000	0.822
[0.0003136]	23.026	[0.0003137]	16.790	0.002	0.840
[0.0003136]	23.026	[0.0003138]	16.826	0.002	0.028
[0.0003136]	23.026	[0.0003122]	14.423	0.000	0.201
[0.0003136]	23.026	[0.0003127]	14.367	0.000	0.082
[0.0003136]	23.026	[0.0003139]	18.892	0.016	0.573
[0.0003136]	23.026	[0.0003141]	17.085	0.003	0.272
[0.0003136]	23.026	[0.0003145]	18.769	0.014	0.839
[0.0003136]	23.026	[0.0003132]	14.975	0.000	0.702
[0.0003136]	23.026	[0.0003122]	14.171	0.000	0.444
[0.0003136]	23.026	[0.0003150]	15.777	0.001	0.475
[0.0003136]	23.026	[0.0003132]	15.037	0.000	0.897
[0.0003136]	23.026	[0.0003140]	17.748	0.005	0.381
[0.0003136]	23.026	[0.0003125]	15.123	0.000	0.292
[0.0003136]	23.026	[0.0003132]	14.119	0.000	0.581
[0.0003136]	23.026	[0.0003147]	16.164	0.001	0.132
[0.0003136]	23.026	[0.0003152]	16.223	0.001	0.117
[0.0003136]	23.026	[0.0003126]	16.376	0.001	0.474
[0.0003136]	23.026	[0.0003142]	16.210	0.001	0.369
[0.0003136]	23.026	[0.0003131]	15.373	0.000	0.632
[0.0003136]	23.026	[0.0003137]	17.958	0.006	0.126
[0.0003136]	23.026	[0.0003156]	21.449	0.207	0.397
[0.0003136]	23.026	[0.0003140]	22.353	0.510	0.388
[0.0003140]	22.353	[0.0003144]	16.764	0.004	0.464
[0.0003140]	22.353	[0.0003148]	16.985	0.005	0.698
[0.0003140]	22.353	[0.0003152]	17.106	0.005	0.467
[0.0003140]	22.353	[0.0003145]	19.106	0.039	0.593
[0.0003140]	22.353	[0.0003138]	16.720	0.004	0.983
[0.0003140]	22.353	[0.0003149]	15.772	0.001	0.667
[0.0003140]	22.353	[0.0003131]	18.176	0.015	0.690
[0.0003140]	22.353	[0.0003143]	24.412	7.840	0.747
[0.0003143]	24.412	[0.0003151]	16.197	0.000	0.744
[0.0003143]	24.412	[0.0003149]	16.434	0.000	0.246
[0.0003143]	24.412	[0.0003150]	22.835	0.207	0.413
[0.0003143]	24.412	[0.0003143]	17.623	0.001	0.345
[0.0003143]	24.412	[0.0003131]	15.048	0.000	0.517
[0.0003143]	24.412	[0.0003134]	15.351	0.000	0.416
[0.0003143]	24.412	[0.0003154]	15.174	0.000	0.084
[0.0003143]	24.412	[0.0003138]	18.056	0.002	0.612
[0.0003143]	24.412	[0.0003143]	15.967	0.000	0.755
[0.0003143]	24.412	[0.0003150]	15.613	0.000	0.402
[0.0003143]	24.412	[0.0003151]	17.456	0.001	0.845
[0.0003143]	24.412	[0.0003149]	17.481	0.001	0.014
[0.0003143]	24.412	[0.0003129]	15.338	0.000	0.647
[0.0003143]	24.412	[0.0003145]	17.557	0.001	0.053
[0.0003143]	24.412	[0.0003141]	18.842	0.004	0.785
[0.0003143]	24.412	[0.0003147]	15.313	0.000	0.485
[0.0003143]	24.412	[0.0003155]	17.407	0.001	0.005
[0.0003143]	24.412	[0.0003153]	15.198	0.000	0.235
[0.0003143]	24.412	[0.0003134]	16.340	0.000	0.944
[0.0003143]	24.412	[0.0003127]	14.727	0.000	0.130
[0.0003143]	24.412	[0.0003128]	15.653	0.000	0.694
[0.0003143]	24.412	[0.0003138]	17.201	0.001	0.204
[0.0003143]	24.412	[0.0003129]	14.905	0.000	0.216
[0.0003143]	24.412	[0.0003142]	16.210	0.000	0.314
[0.0003143]	24.412	[0.0003131]	15.623	0.000	0.389
[0.0003143]	24.412	[0.0003143]	21.742	0.069	0.684
[0.0003143]	24.412	[0.0003155]	16.107	0.000	0.596
[0.0003143]	24.412	[0.0003141]	19.050	0.005	0.759
[0.0003143]	24.412	[0.0003148]	18.212	0.002	0.169
[0.0003143]	24.412	[0.0003151]	17.256	0.001	0.210
[0.0003143]	24.412	[0.0003139]	15.555	0.000	0.978
[0.0003143]	24.412	[0.0003138]	14.957	0.000	0.333
[0.0003143]	24.412	[0.0003133]	21.640	0.062	0.228
[0.0003143]	24.412	[0.0003143]	14.871	0.000	0.633
[0.0003143]	24.412	[0.0003150]	18.918	0.004	0.636
[0.0003143]	24.412	[0.0003136]	16.347	0.000	0.436
[0.0003143]	24.412	[0.0003149]	16.039	0.000	0.503
[0.0003143]	24.412	[0.0003128]	15.599	0.000	0.836
[0.0003143]	24.412	[0.0003143]	18.461	0.003	0.330
[0.0003143]	24.412	[0.0003139]	17.085	0.001	0.465
[0.0003143]	24.412	[0.0003136]	14.566	0.000	0.535
[0.0003143]	24.412	[0.0003128]	14.212	0.000	0.977
[0.0003143]	24.412	[0.0003148]	17.820	0.001	0.396
[0.0003143]	24.412	[0.0003127]	15.026	0.000	0.754
[0.0003143]	24.412	[0.0003134]	22.501	0.148	0.133
[0.0003134]	22.501	[0.0003120]	14.464	0.000	0.691
[0.0003134]	22.501	[0.0003140]	21.275	0.293	0.257
[0.0003140]	21.275	[0.0003144]	17.137	0.016	0.051
[0.0003140]	21.275	[0.0003129]	14.857	0.002	0.665
[0.0003140]	21.275	[0.0003134]	16.908	0.013	0.973
[0.0003140]	21.275	[0.0003136]	15.360	0.003	0.354
[0.0003140]	21.275	[0.0003129]	15.745	0.004	0.313
[0.0003140]	21.275	[0.0003130]	18.818	0.086	0.571
[0.0003140]	21.275	[0.0003142]	16.457	0.008	0.060
[0.0003140]	21.275	[0.0003132]	16.670	0.010	0.416
[0.0003140]	21.275	[0.0003143]	17.158	0.016	0.069
[0.0003140]	21.275	[0.0003153]	18.194	0.046	0.519
[0.0003140]	21.275	[0.0003135]	15.485	0.003	0.460
[0.0003140]	21.275	[0.0003140]	15.956	0.005	0.435
[0.0003140]	21.275	[0.0003146]	14.252	0.001	0.897
[0.0003140]	21.275	[0.0003126]	14.861	0.002	0.316
[0.0003140]	21.275	[0.0003125]	15.279	0.002	0.353
[0.0003140]	21.275	[0.0003149]	14.922	0.002	0.840
[0.0003140]	21.275	[0.0003141]	18.401	0.056	0.165
[0.0003140]	21.275	[0.0003114]	14.668	0.001	0.846
[0.0003140]	21.275	[0.0003139]	15.081	0.002	0.255
[0.0003140]	21.275	[0.0003146]	16.799	0.011	0.244
[0.0003140]	21.275	[0.0003135]	18.746	0.080	0.509
[0.0003140]	21.275	[0.0003139]	15.719	0.004	0.408
[0.0003140]	21.275	[0.0003138]	15.735	0.004	0.504
[0.0003140]	21.275	[0.0003154]	14.919	0.002	0.008
[0.0003140]	21.275	[0.0003164]	15.476	0.003	0.787
[0.0003140]	21.275	[0.0003140]	18.401	0.056	0.624
[0.0003140]	21.275	[0.0003141]	15.439	0.003	0.448
[0.0003140]	21.275	[0.0003148]	16.548	0.009	0.541
[0.0003140]	21.275	[0.0003136]	17.395	0.021	0.215
[0.0003140]	21.275	[0.0003131]	17.990	0.037	0.607
[0.0003140]	21.275	[0.0003145]	17.431	0.021	0.766
[0.0003140]	21.275	[0.0003132]	24.858	36.000	0.222
[0.0003132]	24.858	[0.0003130]	13.927	0.000	0.565
[0.0003132]	24.858	[0.0003131]	16.494	0.000	0.206
[0.0003132]	24.858	[0.0003157]	15.898	0.000	0.253
[0.0003132]	24.858	[0.0003135]	19.847	0.007	0.417
[0.0003132]	24.858	[0.0003144]	15.991	0.000	0.971
[0.0003132]	24.858	[0.0003134]	18.230	0.001	0.462
[0.0003132]	24.858	[0.0003129]	15.015	0.000	0.153
[0.0003132]	24.858	[0.0003140]	18.722	0.002	0.961
[0.0003132]	24.858	[0.0003126]	15.074	0.000	0.377
[0.0003132]	24.858	[0.0003168]	14.099	0.000	0.023
[0.0003132]	24.858	[0.0003133]	14.699	0.000	0.183
[0.0003132]	24.858	[0.0003124]	16.021	0.000	0.316
[0.0003132]	24.858	[0.0003129]	15.633	0.000	0.492
[0.0003132]	24.858	[0.0003119]	14.071	0.000	0.797
[0.0003132]	24.858	[0.0003129]	17.974	0.001	0.395
[0.0003132]	24.858	[0.0003140]	18.631	0.002	0.533
[0.0003132]	24.858	[0.0003145]	19.222	0.004	0.594
[0.0003132]	24.858	[0.0003132]	17.850	0.001	0.549
[0.0003132]	24.858	[0.0003147]	15.364	0.000	0.819
[0.0003132]	24.858	[0.0003136]	16.057	0.000	0.970
[0.0003132]	24.858	[0.0003141]	14.933	0.000	0.185
[0.0003132]	24.858	[0.0003130]	15.254	0.000	0.873
[0.0003132]	24.858	[0.0003125]	13.794	0.000	0.536
[0.0003132]	24.858	[0.0003129]	16.853	0.000	0.144
[0.0003132]	24.858	[0.0003131]	22.661	0.111	0.623
[0.0003132]	24.858	[0.0003129]	19.653	0.005	0.136
[0.0003132]	24.858	[0.0003144]	17.095	0.000	0.917
[0.0003132]	24.858	[0.0003142]	16.250	0.000	0.978
[0.0003132]	24.858	[0.0003128]	17.095	0.000	0.054
[0.0003132]	24.858	[0.0003113]	14.205	0.000	0.058
[0.0003132]	24.858	[0.0003137]	16.333	0.000	0.971
[0.0003132]	24.858	[0.0003145]	15.944	0.000	0.161
[0.0003132]	24.858	[0.0003155]	15.404	0.000	0.295
[0.0003132]	24.858	[0.0003149]	19.409	0.004	0.520
[0.0003132]	24.858	[0.0003146]	16.126	0.000	0.533
[0.0003132]	24.858	[0.0003134]	14.195	0.000	0.960
[0.0003132]	24.858	[0.0003140]	21.275	0.028	0.576
[0.0003132]	24.858	[0.0003131]	16.434	0.000	0.427
[0.0003132]	24.858	[0.0003146]	15.961	0.000	0.886
[0.0003132]	24.858	[0.0003129]	14.827	0.000	0.701
[0.0003132]	24.858	[0.0003128]	13.887	0.000	0.315
[0.0003132]	24.858	[0.0003135]	19.345	0.004	0.617
[0.0003132]	24.858	[0.0003128]	14.765	0.000	0.419
[0.0003132]	24.858	[0.0003141]	18.842	0.002	0.894
[0.0003132]	24.858	[0.0003120]	14.257	0.000	0.671
[0.0003132]	24.858	[0.0003116]	14.756	0.000	0.111
[0.0003132]	24.858	[0.0003146]	17.596	0.001	0.271
[0.0003132]	24.858	[0.0003120]	14.113	0.000	0.707
[0.0003132]	24.858	[0.0003152]	15.143	0.000	0.011
[0.0003132]	24.858	[0.0003133]	17.014	0.000	0.342
[0.0003132]	24.858	[0.0003113]	13.526	0.000	0.848
[0.0003132]	24.858	[0.0003142]	15.565	0.000	0.039
[0.0003132]	24.858	[0.0003135]	16.871	0.000	0.317
[0.0003132]	24.858	[0.0003138]	16.158	0.000	0.888
[0.0003132]	24.858	[0.0003149]	20.700	0.016	0.920
[0.0003132]	24.858	[0.0003148]	15.991	0.000	0.017
[0.0003132]	24.858	[0.0003137]	17.583	0.001	0.487
[0.0003132]	24.858	[0.0003143]	15.254	0.000	0.413
[0.0003132]	24.858	[0.0003130]	16.799	0.000	0.654
[0.0003132]	24.858	[0.0003146]	17.444	0.001	0.024
[0.0003132]	24.858	[0.0003138]	14.772	0.000	0.340
[0.0003132]	24.858	[0.0003121]	13.562	0.000	0.371
[0.0003132]	24.858	[0.0003124]	15.793	0.000	0.373
[0.0003132]	24.858	[0.0003138]	24.858	1.000	0.888
[0.0003138]	24.858	[0.0003128]	16.197	0.000	0.943
[0.0003138]	24.858	[0.0003137]	17.212	0.000	0.430
[0.0003138]	24.858	[0.0003132]	16.449	0.000	0.303
[0.0003138]	24.858	[0.0003155]	17.943	0.001	0.749
[0.0003138]	24.858	[0.0003134]	17.371	0.001	0.724
[0.0003138]	24.858	[0.0003137]	16.397	0.000	0.632
[0.0003138]	24.858	[0.0003131]	18.523	0.002	0.299
[0.0003138]	24.858	[0.0003131]	18.609	0.002	0.388
[0.0003138]	24.858	[0.0003126]	14.807	0.000	0.332
[0.0003138]	24.858	[0.0003132]	15.499	0.000	0.301
[0.0003138]	24.858	[0.0003144]	19.023	0.003	0.846
[0.0003138]	24.858	[0.0003145]	17.158	0.000	0.064
[0.0003138]	24.858	[0.0003134]	14.429	0.000	0.119
[0.0003138]	24.858	[0.0003138]	15.503	0.000	0.896
[0.0003138]	24.858	[0.0003142]	15.382	0.000	0.802
[0.0003138]	24.858	[0.0003138]	15.170	0.000	0.107
[0.0003138]	24.858	[0.0003141]	14.831	0.000	0.342
[0.0003138]	24.858	[0.0003157]	14.094	0.000	0.569
[0.0003138]	24.858	[0.0003126]	14.540	0.000	0.342
[0.0003138]	24.858	[0.0003136]	15.613	0.000	0.508
[0.0003138]	24.858	[0.0003128]	15.876	0.000	0.336
[0.0003138]	24.858	[0.0003133]	16.340	0.000	0.525
[0.0003138]	24.858	[0.0003138]	14.837	0.000	0.265
[0.0003138]	24.858	[0.0003151]	15.709	0.000	0.644
[0.0003138]	24.858	[0.0003155]	15.683	0.000	0.728
[0.0003138]	24.858	[0.0003129]	14.817	0.000	0.690
[0.0003138]	24.858	[0.0003144]	23.472	0.250	0.096
[0.0003144]	23.472	[0.0003144]	20.109	0.035	0.822
[0.0003144]	23.472	[0.0003141]	16.427	0.001	0.943
[0.0003144]	23.472	[0.0003139]	14.759	0.000	0.677
[0.0003144]	23.472	[0.0003139]	15.242	0.000	0.196
[0.0003144]	23.472	[0.0003141]	16.063	0.001	0.831
[0.0003144]	23.472	[0.0003143]	21.039	0.088	0.462
[0.0003144]	23.472	[0.0003147]	17.034	0.002	0.702
[0.0003144]	23.472	[0.0003163]	15.560	0.000	0.007
[0.0003144]	23.472	[0.0003143]	15.570	0.000	0.001
[0.0003144]	23.472	[0.0003144]	18.502	0.007	0.330
[0.0003144]	23.472	[0.0003150]	16.412	0.001	0.567
[0.0003144]	23.472	[0.0003132]	15.594	0.000	0.335
[0.0003144]	23.472	[0.0003158]	15.044	0.000	0.343
[0.0003144]	23.472	[0.0003129]	14.711	0.000	0.719
[0.0003144]	23.472	[0.0003131]	14.561	0.000	0.662
[0.0003144]	23.472	[0.0003179]	13.864	0.000	0.999
[0.0003144]	23.472	[0.0003139]	19.616	0.021	0.852
[0.0003144]	23.472	[0.0003148]	15.589	0.000	0.316
[0.0003144]	23.472	[0.0003148]	17.444	0.002	0.855
[0.0003144]	23.472	[0.0003141]	25.434	7.111	0.176
[0.0003141]	25.434	[0.0003152]	24.858	0.562	0.389
[0.0003152]	24.858	[0.0003140]	16.326	0.000	0.721
[0.0003152]	24.858	[0.0003138]	14.602	0.000	0.063
[0.0003152]	24.858	[0.0003142]	15.643	0.000	0.188
[0.0003152]	24.858	[0.0003161]	15.059	0.000	0.866
[0.0003152]	24.858	[0.0003139]	15.238	0.000	0.142
[0.0003152]	24.858	[0.0003154]	14.456	0.000	0.695
[0.0003152]	24.858	[0.0003169]	14.919	0.000	0.668
[0.0003152]	24.858	[0.0003151]	16.057	0.000	0.447
[0.0003152]	24.858	[0.0003149]	19.889	0.007	0.651
[0.0003152]	24.858	[0.0003151]	19.252	0.004	0.323
[0.0003152]	24.858	[0.0003140]	18.523	0.002	0.282
[0.0003152]	24.858	[0.0003162]	15.413	0.000	0.059
[0.0003152]	24.858	[0.0003139]	18.342	0.001	0.909
[0.0003152]	24.858	[0.0003156]	14.540	0.000	0.007
[0.0003152]	24.858	[0.0003149]	16.556	0.000	0.767
[0.0003152]	24.858	[0.0003153]	14.484	0.000	0.911
[0.0003152]	24.858	[0.0003159]	16.927	0.000	0.600
[0.0003152]	24.858	[0.0003143]	15.579	0.000	0.558
[0.0003152]	24.858	[0.0003160]	16.956	0.000	0.567
[0.0003152]	24.858	[0.0003155]	15.956	0.000	0.641
[0.0003152]	24.858	[0.0003168]	13.456	0.000	0.227
[0.0003152]	24.858	[0.0003148]	15.560	0.000	0.155
[0.0003152]	24.858	[0.0003158]	14.693	0.000	0.645
[0.0003152]	24.858	[0.0003157]	18.609	0.002	0.417
[0.0003152]	24.858	[0.0003145]	16.045	0.000	0.356
[0.0003152]	24.858	[0.0003159]	16.790	0.000	0.283
[0.0003152]	24.858	[0.0003145]	17.234	0.000	0.609
[0.0003152]	24.858	[0.0003165]	14.730	0.000	0.002
[0.0003152]	24.858	[0.0003152]	18.194	0.001	0.549
[0.0003152]	24.858	[0.0003139]	17.835	0.001	0.354
[0.0003152]	24.858	[0.0003154]	16.230	0.000	0.476
[0.0003152]	24.858	[0.0003173]	13.956	0.000	0.380
[0.0003152]	24.858	[0.0003191]	13.788	0.000	0.960
[0.0003152]	24.858	[0.0003159]	19.134	0.003	0.162
[0.0003152]	24.858	[0.0003173]	14.640	0.000	0.532
[0.0003152]	24.858	[0.0003160]	14.089	0.000	0.974
[0.0003152]	24.858	[0.0003159]	17.005	0.000	0.048
[0.0003152]	24.858	[0.0003150]	18.746	0.002	0.634
[0.0003152]	24.858	[0.0003157]	14.653	0.000	0.032
[0.0003152]	24.858	[0.0003160]	14.936	0.000	0.471
[0.0003152]	24.858	[0.0003159]	15.898	0.000	0.534
[0.0003152]	24.858	[0.0003159]	14.736	0.000	0.615
[0.0003152]	24.858	[0.0003157]	18.722	0.002	0.152
[0.0003152]	24.858	[0.0003144]	16.158	0.000	0.202
[0.0003152]	24.858	[0.0003162]	13.658	0.000	0.794
[0.0003152]	24.858	[0.0003150]	16.158	0.000	0.786
[0.0003152]	24.858	[0.0003156]	14.512	0.000	0.556
[0.0003152]	24.858	[0.0003165]	15.503	0.000	0.641
[0.0003152]	24.858	[0.0003129]	14.683	0.000	0.851
[0.0003152]	24.858	[0.0003162]	14.746	0.000	0.638
[0.0003152]	24.858	[0.0003168]	15.143	0.000	0.470
[0.0003152]	24.858	[0.0003154]	17.678	0.001	0.463
[0.0003152]	24.858	[0.0003147]	15.658	0.000	0.070
[0.0003152]	24.858	[0.0003163]	16.637	0.000	0.393
[0.0003152]	24.858	[0.0003146]	22.353	0.082	0.307
[0.0003152]	24.858	[0.0003163]	14.943	0.000	0.295
[0.0003152]	24.858	[0.0003164]	13.916	0.000	0.230
[0.0003152]	24.858	[0.0003159]	14.902	0.000	0.095
[0.0003152]	24.858	[0.0003152]	16.946	0.000	0.496
[0.0003152]	24.858	[0.0003143]	18.421	0.002	0.413
[0.0003152]	24.858	[0.0003152]	14.993	0.000	0.928
[0.0003152]	24.858	[0.0003159]	15.279	0.000	0.072
[0.0003152]	24.858	[0.0003161]	15.799	0.000	0.469
[0.0003152]	24.858	[0.0003127]	15.536	0.000	0.495
[0.0003152]	24.858	[0.0003162]	16.442	0.000	0.555
[0.0003152]	24.858	[0.0003166]	15.037	0.000	0.291
[0.0003152]	24.858	[0.0003151]	15.887	0.000	0.558
[0.0003152]	24.858	[0.0003145]	16.871	0.000	0.254
[0.0003152]	24.858	[0.0003148]	15.011	0.000	0.909
[0.0003152]	24.858	[0.0003159]	15.517	0.000	0.967
[0.0003152]	24.858	[0.0003155]	14.811	0.000	0.929
[0.0003152]	24.858	[0.0003141]	14.765	0.000	0.206
[0.0003152]	24.858	[0.0003155]	14.711	0.000	0.464
[0.0003152]	24.858	[0.0003156]	14.662	0.000	0.420
[0.0003152]	24.858	[0.0003139]	16.312	0.000	0.425
[0.0003152]	24.858	[0.0003153]	17.075	0.000	0.781
[0.0003152]	24.858	[0.0003150]	15.594	0.000	0.095
[0.0003152]	24.858	[0.0003139]	24.412	0.640	0.958
[0.0003152]	24.858	[0.0003179]	14.526	0.000	0.746
[0.0003152]	24.858	[0.0003138]	18.918	0.003	0.792
[0.0003152]	24.858	[0.0003140]	18.746	0.002	0.928
[0.0003152]	24.858	[0.0003164]	14.772	0.000	0.377
[0.0003152]	24.858	[0.0003155]	17.085	0.000	0.984
[0.0003152]	24.858	[0.0003159]	16.746	0.000	0.528
[0.0003152]	24.858	[0.0003152]	16.572	0.000	0.989
[0.0003152]	24.858	[0.0003166]	16.257	0.000	0.705
[0.0003152]	24.858	[0.0003139]	21.965	0.055	0.189
[0.0003152]	24.858	[0.0003171]	14.015	0.000	0.910
[0.0003152]	24.858	[0.0003159]	14.902	0.000	0.250
[0.0003152]	24.858	[0.0003150]	16.264	0.000	0.294
[0.0003152]	24.858	[0.0003160]	14.386	0.000	0.865
[0.0003152]	24.858	[0.0003170]	15.135	0.000	0.719
[0.0003152]	24.858	[0.0003166]	15.338	0.000	0.255
[0.0003152]	24.858	[0.0003154]	16.612	0.000	0.718
[0.0003152]	24.858	[0.0003173]	14.461	0.000	0.492
[0.0003152]	24.858	[0.0003141]	21.193	0.026	0.079
[0.0003152]	24.858	[0.0003146]	16.015	0.000	0.463
[0.0003152]	24.858	[0.0003139]	17.267	0.001	0.453
[0.0003152]	24.858	[0.0003160]	15.457	0.000	0.370
[0.0003152]	24.858	[0.0003157]	16.291	0.000	0.093
[0.0003152]	24.858	[0.0003155]	15.263	0.000	0.651
[0.0003152]	24.858	[0.0003151]	18.970	0.003	0.577
[0.0003152]	24.858	[0.0003152]	19.616	0.005	0.726
[0.0003152]	24.858	[0.0003157]	15.275	0.000	0.781
[0.0003152]	24.858	[0.0003154]	14.092	0.000	0.460
[0.0003152]	24.858	[0.0003147]	16.361	0.000	0.675
[0.0003152]	24.858	[0.0003167]	16.257	0.000	0.374
[0.0003152]	24.858	[0.0003161]	13.976	0.000	0.494
[0.0003152]	24.858	[0.0003153]	19.847	0.007	0.527
[0.0003152]	24.858	[0.0003155]	15.283	0.000	0.860
[0.0003152]	24.858	[0.0003167]	13.569	0.000	0.570
[0.0003152]	24.858	[0.0003150]	19.510	0.005	0.641
[0.0003152]	24.858	[0.0003135]	14.814	0.000	0.618
[0.0003152]	24.858	[0.0003158]	16.237	0.000	0.317
[0.0003152]	24.858	[0.0003141]	15.444	0.000	0.001
[0.0003152]	24.858	[0.0003141]	20.356	0.011	0.854
[0.0003152]	24.858	[0.0003158]	15.404	0.000	0.142
[0.0003152]	24.858	[0.0003150]	16.347	0.000	0.184
[0.0003152]	24.858	[0.0003159]	14.821	0.000	0.192
[0.0003152]	24.858	[0.0003155]	15.426	0.000	0.544
[0.0003152]	24.858	[0.0003165]	14.495	0.000	0.792
[0.0003152]	24.858	[0.0003158]	16.629	0.000	0.757
[0.0003152]	24.858	[0.0003151]	13.950	0.000	0.317
[0.0003152]	24.858	[0.0003140]	14.473	0.000	0.862
[0.0003152]	24.858	[0.0003152]	18.523	0.002	0.495
[0.0003152]	24.858	[0.0003143]	19.282	0.004	0.486
[0.0003152]	24.858	[0.0003168]	15.864	0.000	0.286
[0.0003152]	24.858	[0.0003163]	14.895	0.000	0.048
[0.0003152]	24.858	[0.0003147]	19.050	0.003	0.756
[0.0003152]	24.858	[0.0003159]	15.085	0.000	0.773
[0.0003152]	24.858	[0.0003163]	15.909	0.000	0.364
[0.0003152]	24.858	[0.0003145]	15.485	0.000	0.825
[0.0003152]	24.858	[0.0003144]	20.829	0.018	0.517
[0.0003152]	24.858	[0.0003161]	14.827	0.000	0.082
[0.0003152]	24.858	[0.0003138]	18.056	0.001	0.191
[0.0003152]	24.858	[0.0003152]	14.445	0.000	0.583
[0.0003152]	24.858	[0.0003155]	17.719	0.001	0.967
[0.0003152]	24.858	[0.0003163]	13.834	0.000	0.393
[0.0003152]	24.858	[0.0003153]	15.070	0.000	0.364
[0.0003152]	24.858	[0.0003140]	16.975	0.000	0.855
[0.0003152]	24.858	[0.0003151]	18.818	0.002	0.078
[0.0003152]	24.858	[0.0003159]	14.410	0.000	0.188
[0.0003152]	24.858	[0.0003149]	16.975	0.000	0.091
[0.0003152]	24.858	[0.0003160]	15.837	0.000	0.831
[0.0003152]	24.858	[0.0003147]	20.578	0.014	0.196
[0.0003152]	24.858	[0.0003141]	17.180	0.000	0.716
[0.0003152]	24.858	[0.0003166]	15.186	0.000	0.969
[0.0003152]	24.858	[0.0003144]	19.134	0.003	0.947
[0.0003152]	24.858	[0.0003155]	18.970	0.003	0.993
[0.0003152]	24.858	[0.0003131]	16.057	0.000	0.198
[0.0003152]	24.858	[0.0003170]	14.011	0.000	0.030
[0.0003152]	24.858	[0.0003144]	15.471	0.000	0.098
[0.0003152]	24.858	[0.0003141]	16.541	0.000	0.350
[0.0003152]	24.858	[0.0003149]	16.703	0.000	0.541
[0.0003152]	24.858	[0.0003142]	17.116	0.000	0.668
[0.0003152]	24.858	[0.0003169]	14.431	0.000	0.807
[0.0003152]	24.858	[0.0003146]	16.781	0.000	0.525
[0.0003152]	24.858	[0.0003156]	13.798	0.000	0.589
[0.0003152]	24.858	[0.0003159]	13.984	0.000	0.956
[0.0003152]	24.858	[0.0003143]	22.086	0.063	0.115
[0.0003152]	24.858	[0.0003152]	17.544	0.001	0.140
[0.0003152]	24.858	[0.0003141]	20.109	0.009	0.107
[0.0003152]	24.858	[0.0003168]	14.017	0.000	0.904
[0.0003152]	24.858	[0.0003165]	16.541	0.000	0.314
[0.0003152]	24.858	[0.0003167]	16.204	0.000	0.318
[0.0003152]	24.858	[0.0003149]	16.966	0.000	0.566
[0.0003152]	24.858	[0.0003150]	22.501	0.095	0.981
[0.0003152]	24.858	[0.0003142]	18.842	0.002	0.313
[0.0003152]	24.858	[0.0003149]	16.427	0.000	0.131
[0.0003152]	24.858	[0.0003176]	13.688	0.000	0.468
[0.0003152]	24.858	[0.0003178]	14.096	0.000	0.555
[0.0003152]	24.858	[0.0003137]	15.230	0.000	0.175
[0.0003152]	24.858	[0.0003158]	15.386	0.000	0.616
[0.0003152]	24.858	[0.0003152]	16.427	0.000	0.268
[0.0003152]	24.858	[0.0003146]	24.412	0.640	0.299
[0.0003146]	24.412	[0.0003153]	17.958	0.002	0.595
[0.0003146]	24.412	[0.0003152]	16.184	0.000	0.628
[0.0003146]	24.412	[0.0003133]	22.835	0.207	0.888
[0.0003146]	24.412	[0.0003149]	15.476	0.000	0.471
[0.0003146]	24.412	[0.0003140]	16.305	0.000	0.516
[0.0003146]	24.412	[0.0003134]	21.115	0.037	0.149
[0.0003146]	24.412	[0.0003131]	15.100	0.000	0.012
[0.0003146]	24.412	[0.0003139]	16.995	0.001	0.717
[0.0003146]	24.412	[0.0003154]	15.740	0.000	0.373
[0.0003146]	24.412	[0.0003136]	17.267	0.001	0.064
[0.0003146]	24.412	[0.0003149]	14.558	0.000	0.660
[0.0003146]	24.412	[0.0003144]	17.034	0.001	0.482
[0.0003146]	24.412	[0.0003150]	17.234	0.001	0.421
[0.0003146]	24.412	[0.0003150]	17.481	0.001	0.056
[0.0003146]	24.412	[0.0003144]	16.340	0.000	0.767
[0.0003146]	24.412	[0.0003151]	15.317	0.000	0.447
[0.0003146]	24.412	[0.0003148]	16.790	0.000	0.872
[0.0003146]	24.412	[0.0003159]	14.383	0.000	0.497
[0.0003146]	24.412	[0.0003141]	15.395	0.000	0.042
[0.0003146]	24.412	[0.0003145]	18.441	0.003	0.082
[0.0003146]	24.412	[0.0003127]	14.650	0.000	0.201
[0.0003146]	24.412	[0.0003147]	16.637	0.000	0.663
[0.0003146]	24.412	[0.0003147]	16.457	0.000	0.841
[0.0003146]	24.412	[0.0003153]	18.212	0.002	0.677
[0.0003146]	24.412	[0.0003151]	23.739	0.510	0.921
[0.0003146]	24.412	[0.0003132]	16.871	0.001	0.407
[0.0003146]	24.412	[0.0003146]	17.256	0.001	0.597
[0.0003146]	24.412	[0.0003134]	16.390	0.000	0.175
[0.0003146]	24.412	[0.0003155]	15.206	0.000	0.654
[0.0003146]	24.412	[0.0003163]	15.214	0.000	0.947
[0.0003146]	24.412	[0.0003151]	16.946	0.001	0.025
[0.0003146]	24.412	[0.0003154]	14.035	0.000	0.763
[0.0003146]	24.412	[0.0003127]	16.015	0.000	0.801
[0.0003146]	24.412	[0.0003147]	17.705	0.001	0.810
[0.0003146]	24.412	[0.0003165]	15.719	0.000	0.195
[0.0003146]	24.412	[0.0003159]	19.134	0.005	0.973
[0.0003146]	24.412	[0.0003154]	14.954	0.000	0.937
[0.0003146]	24.412	[0.0003159]	15.815	0.000	0.869
[0.0003146]	24.412	[0.0003153]	14.637	0.000	0.556
[0.0003146]	24.412	[0.0003137]	14.157	0.000	0.750
[0.0003146]	24.412	[0.0003146]	17.014	0.001	0.142
[0.0003146]	24.412	[0.0003137]	16.479	0.000	0.519
[0.0003146]	24.412	[0.0003154]	18.996	0.004	0.122
[0.0003146]	24.412	[0.0003155]	14.947	0.000	0.188
[0.0003146]	24.412	[0.0003129]	15.037	0.000	0.727
[0.0003146]	24.412	[0.0003147]	16.271	0.000	0.648
[0.0003146]	24.412	[0.0003142]	17.279	0.001	0.503
[0.0003146]	24.412	[0.0003145]	17.691	0.001	0.424
[0.0003146]	24.412	[0.0003167]	13.908	0.000	0.419
[0.0003146]	24.412	[0.0003139]	15.230	0.000	0.617
[0.0003146]	24.412	[0.0003130]	14.092	0.000	0.186
[0.0003146]	24.412	[0.0003138]	18.502	0.003	0.014
[0.0003146]	24.412	[0.0003130]	15.725	0.000	0.659
[0.0003146]	24.412	[0.0003138]	16.871	0.001	0.028
[0.0003146]	24.412	[0.0003157]	16.890	0.001	0.617
[0.0003146]	24.412	[0.0003150]	15.390	0.000	0.860
[0.0003146]	24.412	[0.0003142]	14.674	0.000	0.936
[0.0003146]	24.412	[0.0003151]	14.404	0.000	0.141
[0.0003146]	24.412	[0.0003149]	16.210	0.000	0.397
[0.0003146]	24.412	[0.0003144]	18.090	0.002	0.659
[0.0003146]	24.412	[0.0003141]	19.847	0.010	0.269
[0.0003146]	24.412	[0.0003152]	15.230	0.000	0.221
[0.0003146]	24.412	[0.0003134]	23.026	0.250	0.501
[0.0003146]	24.412	[0.0003167]	15.490	0.000	0.023
[0.0003146]	24.412	[0.0003143]	16.517	0.000	0.539
[0.0003146]	24.412	[0.0003159]	13.643	0.000	0.851
[0.0003146]	24.412	[0.0003142]	16.764	0.000	0.408
[0.0003146]	24.412	[0.0003140]	15.448	0.000	0.465
[0.0003146]	24.412	[0.0003139]	16.670	0.000	0.412
[0.0003146]	24.412	[0.0003157]	18.073	0.002	0.082
[0.0003146]	24.412	[0.0003129]	19.580	0.008	0.579
[0.0003146]	24.412	[0.0003146]	16.612	0.000	0.713
[0.0003146]	24.412	[0.0003151]	15.347	0.000	0.350
[0.0003146]	24.412	[0.0003164]	14.473	0.000	0.548
[0.0003146]	24.412	[0.0003141]	17.444	0.001	0.059
[0.0003146]	24.412	[0.0003152]	15.837	0.000	0.266
[0.0003146]	24.412	[0.0003149]	16.120	0.000	0.004
[0.0003146]	24.412	[0.0003176]	13.253	0.000	0.172
[0.0003146]	24.412	[0.0003133]	18.996	0.004	0.434
[0.0003146]	24.412	[0.0003141]	19.545	0.008	0.226
[0.0003146]	24.412	[0.0003142]	18.039	0.002	0.500
[0.0003146]	24.412	[0.0003153]	17.085	0.001	0.604
[0.0003146]	24.412	[0.0003154]	15.809	0.000	0.862
[0.0003146]	24.412	[0.0003136]	16.457	0.000	0.989
[0.0003146]	24.412	[0.0003144]	16.319	0.000	0.845
[0.0003146]	24.412	[0.0003133]	17.126	0.001	0.117
[0.0003146]	24.412	[0.0003149]	15.909	0.000	0.772
[0.0003146]	24.412	[0.0003134]	14.662	0.000	0.785
[0.0003146]	24.412	[0.0003156]	22.086	0.098	0.766
[0.0003146]	24.412	[0.0003146]	15.513	0.000	0.609
[0.0003146]	24.412	[0.0003138]	15.147	0.000	0.884
[0.0003146]	24.412	[0.0003146]	17.943	0.002	0.938
[0.0003146]	24.412	[0.0003151]	17.481	0.001	0.464
[0.0003146]	24.412	[0.0003159]	14.191	0.000	0.525
[0.0003146]	24.412	[0.0003141]	21.360	0.047	0.315
[0.0003146]	24.412	[0.0003167]	14.094	0.000	0.541
[0.0003146]	24.412	[0.0003137]	17.927	0.002	0.511
[0.0003146]	24.412	[0.0003148]	18.793	0.004	0.963
[0.0003146]	24.412	[0.0003141]	16.487	0.000	0.074
[0.0003146]	24.412	[0.0003125]	14.333	0.000	0.199
[0.0003146]	24.412	[0.0003144]	14.611	0.000	0.680
[0.0003146]	24.412	[0.0003151]	14.208	0.000	0.808
[0.0003146]	24.412	[0.0003155]	15.174	0.000	0.674
[0.0003146]	24.412	[0.0003159]	15.927	0.000	0.382
[0.0003146]	24.412	[0.0003135]	19.442	0.007	0.091
[0.0003146]	24.412	[0.0003145]	19.545	0.008	0.314
[0.0003146]	24.412	[0.0003130]	15.139	0.000	0.649
[0.0003146]	24.412	[0.0003156]	15.740	0.000	0.591
[0.0003146]	24.412	[0.0003150]	19.252	0.006	0.979
[0.0003146]	24.412	[0.0003139]	18.073	0.002	0.797
[0.0003146]	24.412	[0.0003152]	15.112	0.000	0.540
[0.0003146]	24.412	[0.0003127]	15.218	0.000	0.599
[0.0003146]	24.412	[0.0003152]	15.915	0.000	0.970
[0.0003146]	24.412	[0.0003151]	18.039	0.002	0.080
[0.0003146]	24.412	[0.0003144]	18.867	0.004	0.105
[0.0003146]	24.412	[0.0003144]	17.054	0.001	0.148
[0.0003146]	24.412	[0.0003144]	15.546	0.000	0.999
[0.0003146]	24.412	[0.0003141]	15.653	0.000	0.608
[0.0003146]	24.412	[0.0003133]	16.120	0.000	0.765
[0.0003146]	24.412	[0.0003140]	22.215	0.111	0.695
[0.0003146]	24.412	[0.0003126]	16.033	0.000	0.198
[0.0003146]	24.412	[0.0003160]	14.625	0.000	0.155
[0.0003146]	24.412	[0.0003126]	15.085	0.000	0.963
[0.0003146]	24.412	[0.0003160]	17.896	0.001	0.618
[0.0003146]	24.412	[0.0003135]	16.354	0.000	0.650
[0.0003146]	24.412	[0.0003147]	15.950	0.000	0.452
[0.0003146]	24.412	[0.0003160]	19.690	0.009	0.233
[0.0003146]	24.412	[0.0003155]	19.134	0.005	0.622
[0.0003146]	24.412	[0.0003154]	16.620	0.000	0.054
[0.0003146]	24.412	[0.0003140]	16.755	0.000	0.276
[0.0003146]	24.412	[0.0003147]	18.544	0.003	0.025
[0.0003146]	24.412	[0.0003152]	17.596	0.001	0.459
[0.0003146]	24.412	[0.0003146]	18.073	0.002	0.695
[0.0003146]	24.412	[0.0003161]	17.201	0.001	0.745
[0.0003146]	24.412	[0.0003143]	16.250	0.000	0.940
[0.0003146]	24.412	[0.0003158]	19.931	0.011	0.610
[0.0003146]	24.412	[0.0003146]	17.481	0.001	0.409
[0.0003146]	24.412	[0.0003133]	16.781	0.000	0.853
[0.0003146]	24.412	[0.0003146]	16.305	0.000	0.879
[0.0003146]	24.412	[0.0003171]	14.087	0.000	0.573
[0.0003146]	24.412	[0.0003151]	16.434	0.000	0.243
[0.0003146]	24.412	[0.0003144]	18.304	0.002	0.864
[0.0003146]	24.412	[0.0003144]	17.493	0.001	0.602
[0.0003146]	24.412	[0.0003141]	14.972	0.000	0.129
[0.0003146]	24.412	[0.0003128]	14.302	0.000	0.800
[0.0003146]	24.412	[0.0003143]	14.762	0.000	0.657
[0.0003146]	24.412	[0.0003151]	15.356	0.000	0.365
[0.0003146]	24.412	[0.0003140]	19.134	0.005	0.064
[0.0003146]	24.412	[0.0003146]	15.633	0.000	0.574
[0.0003146]	24.412	[0.0003133]	19.442	0.007	0.922
[0.0003146]	24.412	[0.0003161]	14.467	0.000	0.002
[0.0003146]	24.412	[0.0003158]	14.523	0.000	0.223
[0.0003146]	24.412	[0.0003140]	18.194	0.002	0.155
[0.0003146]	24.412	[0.0003124]	16.510	0.000	0.133
[0.0003146]	24.412	[0.0003156]	17.256	0.001	0.874
[0.0003146]	24.412	[0.0003121]	16.548	0.000	0.722
[0.0003146]	24.412	[0.0003141]	22.835	0.207	0.042
[0.0003141]	22.835	[0.0003134]	19.847	0.050	0.802
[0.0003141]	22.835	[0.0003147]	15.283	0.001	0.916
[0.0003141]	22.835	[0.0003143]	16.427	0.002	0.162
[0.0003141]	22.835	[0.0003142]	15.364	0.001	0.212
[0.0003141]	22.835	[0.0003150]	16.899	0.003	0.356
[0.0003141]	22.835	[0.0003135]	15.751	0.001	0.873
[0.0003141]	22.835	[0.0003139]	14.699	0.000	0.717
[0.0003141]	22.835	[0.0003123]	14.947	0.000	0.226
[0.0003141]	22.835	[0.0003141]	15.804	0.001	0.246
[0.0003141]	22.835	[0.0003156]	14.975	0.000	0.268
[0.0003141]	22.835	[0.0003134]	16.045	0.001	0.433
[0.0003141]	22.835	[0.0003138]	16.442	0.002	0.651
[0.0003141]	22.835	[0.0003140]	18.248	0.010	0.173
[0.0003141]	22.835	[0.0003150]	17.419	0.004	0.830
[0.0003141]	22.835	[0.0003127]	15.541	0.001	0.106
[0.0003141]	22.835	[0.0003140]	16.442	0.002	0.748
[0.0003141]	22.835	[0.0003144]	17.085	0.003	0.963
[0.0003141]	22.835	[0.0003122]	15.435	0.001	0.474
[0.0003141]	22.835	[0.0003146]	15.453	0.001	0.512
[0.0003141]	22.835	[0.0003143]	18.892	0.019	0.048
[0.0003141]	22.835	[0.0003131]	17.519	0.005	0.503
[0.0003141]	22.835	[0.0003149]	18.381	0.012	0.516
[0.0003141]	22.835	[0.0003140]	19.767	0.047	0.921
[0.0003141]	22.835	[0.0003148]	16.494	0.002	0.631
[0.0003141]	22.835	[0.0003139]	14.736	0.000	0.999
[0.0003141]	22.835	[0.0003133]	15.719	0.001	0.048
[0.0003141]	22.835	[0.0003142]	15.904	0.001	0.802
[0.0003141]	22.835	[0.0003147]	18.892	0.019	0.775
[0.0003141]	22.835	[0.0003150]	22.215	0.538	0.790
[0.0003141]	22.835	[0.0003151]	17.024	0.003	0.262
[0.0003141]	22.835	[0.0003130]	17.169	0.003	0.713
[0.0003141]	22.835	[0.0003160]	15.296	0.001	0.424
[0.0003141]	22.835	[0.0003150]	18.523	0.013	0.407
[0.0003141]	22.835	[0.0003145]	19.282	0.029	0.479
[0.0003141]	22.835	[0.0003155]	17.137	0.003	0.187
[0.0003141]	22.835	[0.0003147]	15.848	0.001	0.688
[0.0003141]	22.835	[0.0003172]	13.956	0.000	0.497
[0.0003141]	22.835	[0.0003130]	18.230	0.010	0.435
[0.0003141]	22.835	[0.0003120]	14.461	0.000	0.111
[0.0003141]	22.835	[0.0003144]	15.668	0.001	0.261
[0.0003141]	22.835	[0.0003157]	14.699	0.000	0.817
[0.0003141]	22.835	[0.0003143]	17.596	0.005	0.680
[0.0003141]	22.835	[0.0003150]	15.147	0.000	0.744
[0.0003141]	22.835	[0.0003129]	16.510	0.002	0.894
[0.0003141]	22.835	[0.0003139]	18.267	0.010	0.211
[0.0003141]	22.835	[0.0003151]	18.461	0.013	0.327
[0.0003141]	22.835	[0.0003145]	17.927	0.007	0.244
[0.0003141]	22.835	[0.0003125]	17.734	0.006	0.019
[0.0003141]	22.835	[0.0003145]	25.434	13.444	0.425
[0.0003145]	25.434	[0.0003167]	14.908	0.000	0.664
[0.0003145]	25.434	[0.0003139]	14.912	0.000	0.381
[0.0003145]	25.434	[0.0003135]	17.395	0.000	0.759
[0.0003145]	25.434	[0.0003155]	16.548	0.000	0.322
[0.0003145]	25.434	[0.0003137]	16.197	0.000	0.857
[0.0003145]	25.434	[0.0003148]	17.719	0.000	0.745
[0.0003145]	25.434	[0.0003142]	17.664	0.000	0.405
[0.0003145]	25.434	[0.0003147]	18.482	0.001	0.112
[0.0003145]	25.434	[0.0003131]	18.039	0.001	0.428
[0.0003145]	25.434	[0.0003147]	16.139	0.000	0.121
[0.0003145]	25.434	[0.0003143]	16.271	0.000	0.182
[0.0003145]	25.434	[0.0003160]	15.304	0.000	0.275
[0.0003145]	25.434	[0.0003159]	15.842	0.000	0.681
[0.0003145]	25.434	[0.0003144]	14.492	0.000	0.506
[0.0003145]	25.434	[0.0003147]	24.048	0.250	0.875
[0.0003145]	25.434	[0.0003155]	13.656	0.000	0.204
[0.0003145]	25.434	[0.0003151]	18.722	0.001	0.064
[0.0003145]	25.434	[0.0003126]	13.850	0.000	0.582
[0.0003145]	25.434	[0.0003154]	23.739	0.184	0.956
[0.0003145]	25.434	[0.0003152]	16.995	0.000	0.231
[0.0003145]	25.434	[0.0003148]	15.584	0.000	0.669
[0.0003145]	25.434	[0.0003144]	17.234	0.000	0.924
[0.0003145]	25.434	[0.0003138]	18.401	0.001	0.318
[0.0003145]	25.434	[0.0003140]	15.709	0.000	0.389
[0.0003145]	25.434	[0.0003140]	16.772	0.000	0.868
[0.0003145]	25.434	[0.0003158]	16.027	0.000	0.610
[0.0003145]	25.434	[0.0003141]	16.427	0.000	0.528
[0.0003145]	25.434	[0.0003152]	14.929	0.000	0.803
[0.0003145]	25.434	[0.0003125]	13.536	0.000	0.086
[0.0003145]	25.434	[0.0003136]	16.853	0.000	0.138
[0.0003145]	25.434	[0.0003152]	14.834	0.000	0.288
[0.0003145]	25.434	[0.0003138]	15.166	0.000	0.286
[0.0003145]	25.434	[0.0003148]	16.620	0.000	0.026
[0.0003145]	25.434	[0.0003146]	17.623	0.000	0.021
[0.0003145]	25.434	[0.0003146]	16.021	0.000	0.107
[0.0003145]	25.434	[0.0003148]	17.126	0.000	0.102
[0.0003145]	25.434	[0.0003156]	14.167	0.000	0.234
[0.0003145]	25.434	[0.0003139]	17.719	0.000	0.870
[0.0003145]	25.434	[0.0003137]	14.429	0.000	0.704
[0.0003145]	25.434	[0.0003150]	17.664	0.000	0.865
[0.0003145]	25.434	[0.0003149]	15.238	0.000	0.608
[0.0003145]	25.434	[0.0003138]	16.151	0.000	0.652
[0.0003145]	25.434	[0.0003144]	15.343	0.000	0.862
[0.0003145]	25.434	[0.0003161]	16.184	0.000	0.081
[0.0003145]	25.434	[0.0003138]	16.383	0.000	0.980
[0.0003145]	25.434	[0.0003134]	17.223	0.000	0.754
[0.0003145]	25.434	[0.0003140]	18.381	0.001	0.645
[0.0003145]	25.434	[0.0003156]	21.850	0.028	0.066
[0.0003145]	25.434	[0.0003167]	13.844	0.000	0.495
[0.0003145]	25.434	[0.0003153]	14.634	0.000	0.575
[0.0003145]	25.434	[0.0003139]	20.204	0.005	0.670
[0.0003145]	25.434	[0.0003130]	13.991	0.000	0.238
[0.0003145]	25.434	[0.0003139]	15.292	0.000	0.945
[0.0003145]	25.434	[0.0003154]	17.791	0.000	0.718
[0.0003145]	25.434	[0.0003143]	18.039	0.001	0.313
[0.0003145]	25.434	[0.0003160]	15.263	0.000	0.769
[0.0003145]	25.434	[0.0003143]	24.048	0.250	0.545
[0.0003145]	25.434	[0.0003145]	16.244	0.000	0.393
[0.0003145]	25.434	[0.0003146]	19.252	0.002	0.977
[0.0003145]	25.434	[0.0003142]	20.156	0.005	0.094
[0.0003145]	25.434	[0.0003153]	14.762	0.000	0.128
[0.0003145]	25.434	[0.0003144]	16.871	0.000	0.061
[0.0003145]	25.434	[0.0003144]	17.383	0.000	0.647
[0.0003145]	25.434	[0.0003148]	15.139	0.000	0.334
[0.0003145]	25.434	[0.0003157]	18.381	0.001	0.975
[0.0003145]	25.434	[0.0003140]	16.985	0.000	0.666
[0.0003145]	25.434	[0.0003145]	19.106	0.002	0.303
[0.0003145]	25.434	[0.0003139]	16.472	0.000	0.158
[0.0003145]	25.434	[0.0003134]	Inf	Inf	0.927
[0.0003134]	Inf	[0.0003140]	14.746	0.000	0.392
[0.0003134]	Inf	[0.0003128]	15.448	0.000	0.604
[0.0003134]	Inf	[0.0003127]	13.762	0.000	0.475
[0.0003134]	Inf	[0.0003138]	15.033	0.000	0.792
[0.0003134]	Inf	[0.0003149]	16.419	0.000	0.836
[0.0003134]	Inf	[0.0003155]	17.419	0.000	0.641
[0.0003134]	Inf	[0.0003132]	15.480	0.000	0.143
[0.0003134]	Inf	[0.0003121]	13.580	0.000	0.630
[0.0003134]	Inf	[0.0003126]	13.846	0.000	0.564
[0.0003134]	Inf	[0.0003135]	16.556	0.000	0.050
[0.0003134]	Inf	[0.0003152]	15.018	0.000	0.643
[0.0003134]	Inf	[0.0003140]	14.765	0.000	0.781
[0.0003134]	Inf	[0.0003127]	14.323	0.000	0.906
[0.0003134]	Inf	[0.0003125]	13.963	0.000	0.849
[0.0003134]	Inf	[0.0003130]	15.426	0.000	0.794
[0.0003134]	Inf	[0.0003147]	15.508	0.000	0.955
[0.0003134]	Inf	[0.0003122]	15.040	0.000	0.374
[0.0003134]	Inf	[0.0003139]	15.326	0.000	0.695
[0.0003134]	Inf	[0.0003109]	15.210	0.000	0.925
[0.0003134]	Inf	[0.0003133]	14.590	0.000	0.757
[0.0003134]	Inf	[0.0003127]	14.478	0.000	0.652
[0.0003134]	Inf	[0.0003129]	17.106	0.000	0.267
[0.0003134]	Inf	[0.0003155]	14.968	0.000	0.302
[0.0003134]	Inf	[0.0003136]	17.169	0.000	0.984
[0.0003134]	Inf	[0.0003126]	14.781	0.000	0.411
[0.0003134]	Inf	[0.0003134]	17.148	0.000	0.185
[0.0003134]	Inf	[0.0003152]	16.645	0.000	0.215
[0.0003134]	Inf	[0.0003149]	17.468	0.000	0.893
[0.0003134]	Inf	[0.0003120]	13.987	0.000	0.438
[0.0003134]	Inf	[0.0003136]	15.589	0.000	0.197
[0.0003134]	Inf	[0.0003127]	15.476	0.000	0.842
[0.0003134]	Inf	[0.0003127]	15.120	0.000	0.094
[0.0003134]	Inf	[0.0003136]	16.257	0.000	0.910
[0.0003134]	Inf	[0.0003135]	14.509	0.000	0.652
[0.0003134]	Inf	[0.0003134]	15.991	0.000	0.560
[0.0003134]	Inf	[0.0003139]	17.234	0.000	0.229
[0.0003134]	Inf	[0.0003129]	17.493	0.000	0.195
[0.0003134]	Inf	[0.0003126]	20.109	0.000	0.541
[0.0003134]	Inf	[0.0003145]	17.734	0.000	0.248
[0.0003134]	Inf	[0.0003126]	13.952	0.000	0.494
[0.0003134]	Inf	[0.0003131]	14.478	0.000	0.670
[0.0003134]	Inf	[0.0003144]	17.958	0.000	0.789
[0.0003134]	Inf	[0.0003130]	16.781	0.000	0.645
[0.0003134]	Inf	[0.0003136]	15.476	0.000	0.535
[0.0003134]	Inf	[0.0003158]	14.071	0.000	0.718
[0.0003134]	Inf	[0.0003154]	18.722	0.000	0.563
[0.0003134]	Inf	[0.0003127]	13.697	0.000	0.749
[0.0003134]	Inf	[0.0003157]	14.523	0.000	0.608
[0.0003134]	Inf	[0.0003128]	15.793	0.000	0.162
[0.0003134]	Inf	[0.0003148]	15.131	0.000	0.351
[0.0003134]	Inf	[0.0003133]	13.976	0.000	0.275
[0.0003134]	Inf	[0.0003138]	21.115	0.000	0.193
[0.0003134]	Inf	[0.0003126]	15.356	0.000	0.482
[0.0003134]	Inf	[0.0003140]	15.356	0.000	0.151
[0.0003134]	Inf	[0.0003157]	14.546	0.000	0.105
[0.0003134]	Inf	[0.0003132]	19.192	0.000	0.846
[0.0003134]	Inf	[0.0003125]	14.584	0.000	0.815
[0.0003134]	Inf	[0.0003128]	15.206	0.000	0.220
[0.0003134]	Inf	[0.0003129]	13.944	0.000	0.394
[0.0003134]	Inf	[0.0003138]	20.253	0.000	0.917
[0.0003134]	Inf	[0.0003115]	13.639	0.000	0.043
[0.0003134]	Inf	[0.0003108]	13.571	0.000	0.929
[0.0003134]	Inf	[0.0003135]	14.888	0.000	0.917
[0.0003134]	Inf	[0.0003117]	14.837	0.000	0.608
[0.0003134]	Inf	[0.0003138]	18.996	0.000	0.989
[0.0003134]	Inf	[0.0003134]	20.018	0.000	0.272
[0.0003134]	Inf	[0.0003144]	14.854	0.000	0.043
[0.0003134]	Inf	[0.0003132]	14.926	0.000	0.699
[0.0003134]	Inf	[0.0003141]	16.094	0.000	0.472
[0.0003134]	Inf	[0.0003134]	22.501	0.000	0.940
[0.0003134]	Inf	[0.0003130]	16.790	0.000	0.922
[0.0003134]	Inf	[0.0003125]	15.570	0.000	0.190
[0.0003134]	Inf	[0.0003133]	16.612	0.000	0.207
[0.0003134]	Inf	[0.0003151]	15.820	0.000	0.244
[0.0003134]	Inf	[0.0003122]	15.259	0.000	0.085
[0.0003134]	Inf	[0.0003128]	14.198	0.000	0.187
[0.0003134]	Inf	[0.0003138]	17.927	0.000	0.066
[0.0003134]	Inf	[0.0003157]	16.510	0.000	0.868
[0.0003134]	Inf	[0.0003141]	17.958	0.000	0.081
[0.0003134]	Inf	[0.0003116]	14.087	0.000	0.595
[0.0003134]	Inf	[0.0003126]	16.946	0.000	0.247
[0.0003134]	Inf	[0.0003125]	14.359	0.000	0.387
[0.0003134]	Inf	[0.0003136]	16.604	0.000	0.206
[0.0003134]	Inf	[0.0003151]	17.678	0.000	0.119
[0.0003134]	Inf	[0.0003141]	18.381	0.000	0.181
[0.0003134]	Inf	[0.0003150]	15.288	0.000	0.200
[0.0003134]	Inf	[0.0003131]	17.531	0.000	0.818
[0.0003134]	Inf	[0.0003136]	15.347	0.000	0.274
[0.0003134]	Inf	[0.0003122]	13.870	0.000	0.282
[0.0003134]	Inf	[0.0003136]	15.623	0.000	0.357
[0.0003134]	Inf	[0.0003129]	19.023	0.000	0.403
[0.0003134]	Inf	[0.0003146]	17.279	0.000	0.907
[0.0003134]	Inf	[0.0003137]	14.470	0.000	0.992
[0.0003134]	Inf	[0.0003132]	15.074	0.000	0.014
[0.0003134]	Inf	[0.0003132]	17.678	0.000	0.389
[0.0003134]	Inf	[0.0003139]	15.259	0.000	0.070
[0.0003134]	Inf	[0.0003131]	15.254	0.000	0.656
[0.0003134]	Inf	[0.0003137]	19.313	0.000	0.439
[0.0003134]	Inf	[0.0003144]	16.347	0.000	0.870
[0.0003134]	Inf	[0.0003134]	15.395	0.000	0.600
[0.0003134]	Inf	[0.0003125]	15.820	0.000	0.262
[0.0003134]	Inf	[0.0003147]	15.608	0.000	0.941
[0.0003134]	Inf	[0.0003122]	18.342	0.000	0.025
[0.0003134]	Inf	[0.0003155]	16.070	0.000	0.368
[0.0003134]	Inf	[0.0003146]	15.471	0.000	0.850
[0.0003134]	Inf	[0.0003132]	18.793	0.000	0.346
[0.0003134]	Inf	[0.0003128]	17.570	0.000	0.189
[0.0003134]	Inf	[0.0003125]	17.336	0.000	0.260
[0.0003134]	Inf	[0.0003114]	13.337	0.000	0.851
[0.0003134]	Inf	[0.0003115]	15.242	0.000	0.895
[0.0003134]	Inf	[0.0003145]	17.223	0.000	0.465
[0.0003134]	Inf	[0.0003131]	16.525	0.000	0.454
[0.0003134]	Inf	[0.0003141]	17.290	0.000	0.555
[0.0003134]	Inf	[0.0003121]	13.844	0.000	0.493
[0.0003134]	Inf	[0.0003132]	16.772	0.000	0.855
[0.0003134]	Inf	[0.0003131]	19.729	0.000	0.250
[0.0003134]	Inf	[0.0003150]	17.531	0.000	0.911
[0.0003134]	Inf	[0.0003135]	18.323	0.000	0.822
[0.0003134]	Inf	[0.0003132]	16.271	0.000	0.633
[0.0003134]	Inf	[0.0003130]	15.309	0.000	0.762
> path <- results[[1]]
> liks <- results[[2]]
> best <- results[[3]]
> write.table(path, file = 'path.txt', row.names = F, col.names = F)
> write.table(liks, file = 'liks.txt', row.names = F, col.names = F)
> write.table(best, file = 'best.txt', row.names = F, col.names = F)
> 
> 
> proc.time()
     user    system   elapsed 
174472.48  12167.68   6572.96 
